random-readers: (g=0): rw=randread, bs=(R) 32.0KiB-32.0KiB, (W) 32.0KiB-32.0KiB, (T) 32.0KiB-32.0KiB, ioengine=libaio, iodepth=4
fio-3.27-32-g77c7-dirty
Starting 1 process
random-readers: Laying out IO file (1 file / 1024MiB)
random-readers: (g=0): rw=randread, bs=(R) 32.0KiB-32.0KiB, (W) 32.0KiB-32.0KiB, (T) 32.0KiB-32.0KiB, ioengine=libaio, iodepth=4
fio-3.27-32-g77c7-dirty
Starting 1 process
random-readers: (g=0): rw=randread, bs=(R) 32.0KiB-32.0KiB, (W) 32.0KiB-32.0KiB, (T) 32.0KiB-32.0KiB, ioengine=libaio, iodepth=4
fio-3.27-32-g77c7-dirty
Starting 1 process
random-readers: (g=0): rw=randread, bs=(R) 32.0KiB-32.0KiB, (W) 32.0KiB-32.0KiB, (T) 32.0KiB-32.0KiB, ioengine=libaio, iodepth=4
fio-3.27-32-g77c7-dirty
Starting 1 process
random-readers: (g=0): rw=randread, bs=(R) 32.0KiB-32.0KiB, (W) 32.0KiB-32.0KiB, (T) 32.0KiB-32.0KiB, ioengine=libaio, iodepth=4
fio-3.27-32-g77c7-dirty
Starting 1 process
random-readers: Laying out IO file (1 file / 1024MiB)
random-readers: (g=0): rw=randread, bs=(R) 32.0KiB-32.0KiB, (W) 32.0KiB-32.0KiB, (T) 32.0KiB-32.0KiB, ioengine=libaio, iodepth=4
fio-3.27-32-g77c7-dirty
Starting 1 process
random-readers: Laying out IO file (1 file / 1024MiB)
random-readers: (g=0): rw=randread, bs=(R) 32.0KiB-32.0KiB, (W) 32.0KiB-32.0KiB, (T) 32.0KiB-32.0KiB, ioengine=libaio, iodepth=4
fio-3.27-32-g77c7-dirty
Starting 1 process
random-readers: (g=0): rw=randread, bs=(R) 32.0KiB-32.0KiB, (W) 32.0KiB-32.0KiB, (T) 32.0KiB-32.0KiB, ioengine=libaio, iodepth=4
fio-3.27-32-g77c7-dirty
Starting 1 process
random-readers: (g=0): rw=randread, bs=(R) 32.0KiB-32.0KiB, (W) 32.0KiB-32.0KiB, (T) 32.0KiB-32.0KiB, ioengine=libaio, iodepth=4
fio-3.27-32-g77c7-dirty
Starting 1 process
random-readers: (g=0): rw=randread, bs=(R) 32.0KiB-32.0KiB, (W) 32.0KiB-32.0KiB, (T) 32.0KiB-32.0KiB, ioengine=libaio, iodepth=4
fio-3.27-32-g77c7-dirty
Starting 1 process
random-readers: (g=0): rw=randread, bs=(R) 32.0KiB-32.0KiB, (W) 32.0KiB-32.0KiB, (T) 32.0KiB-32.0KiB, ioengine=libaio, iodepth=4
fio-3.27-32-g77c7-dirty
Starting 1 process
random-readers: (g=0): rw=randread, bs=(R) 32.0KiB-32.0KiB, (W) 32.0KiB-32.0KiB, (T) 32.0KiB-32.0KiB, ioengine=libaio, iodepth=4
fio-3.27-32-g77c7-dirty
Starting 1 process
random-readers: (g=0): rw=randread, bs=(R) 32.0KiB-32.0KiB, (W) 32.0KiB-32.0KiB, (T) 32.0KiB-32.0KiB, ioengine=libaio, iodepth=4
fio-3.27-32-g77c7-dirty
Starting 1 process
random-readers: (g=0): rw=randread, bs=(R) 32.0KiB-32.0KiB, (W) 32.0KiB-32.0KiB, (T) 32.0KiB-32.0KiB, ioengine=libaio, iodepth=4
fio-3.27-32-g77c7-dirty
Starting 1 process
random-readers: Laying out IO file (1 file / 1024MiB)
random-readers: (g=0): rw=randread, bs=(R) 32.0KiB-32.0KiB, (W) 32.0KiB-32.0KiB, (T) 32.0KiB-32.0KiB, ioengine=libaio, iodepth=4
fio-3.27-32-g77c7-dirty
Starting 1 process
random-readers: Laying out IO file (1 file / 1024MiB)
random-readers: (g=0): rw=randread, bs=(R) 32.0KiB-32.0KiB, (W) 32.0KiB-32.0KiB, (T) 32.0KiB-32.0KiB, ioengine=libaio, iodepth=4
fio-3.27-32-g77c7-dirty
Starting 1 process
random-readers: (g=0): rw=randread, bs=(R) 32.0KiB-32.0KiB, (W) 32.0KiB-32.0KiB, (T) 32.0KiB-32.0KiB, ioengine=libaio, iodepth=4
fio-3.27-32-g77c7-dirty
Starting 1 process
random-readers: Laying out IO file (1 file / 1024MiB)
random-readers: Laying out IO file (1 file / 1024MiB)
random-readers: (g=0): rw=randread, bs=(R) 32.0KiB-32.0KiB, (W) 32.0KiB-32.0KiB, (T) 32.0KiB-32.0KiB, ioengine=libaio, iodepth=4
fio-3.27-32-g77c7-dirty
Starting 1 process
random-readers: (g=0): rw=randread, bs=(R) 32.0KiB-32.0KiB, (W) 32.0KiB-32.0KiB, (T) 32.0KiB-32.0KiB, ioengine=libaio, iodepth=4
fio-3.27-32-g77c7-dirty
Starting 1 process
random-readers: Laying out IO file (1 file / 1024MiB)
random-readers: (g=0): rw=randread, bs=(R) 32.0KiB-32.0KiB, (W) 32.0KiB-32.0KiB, (T) 32.0KiB-32.0KiB, ioengine=libaio, iodepth=4
fio-3.27-32-g77c7-dirty
Starting 1 process
random-readers: (g=0): rw=randread, bs=(R) 32.0KiB-32.0KiB, (W) 32.0KiB-32.0KiB, (T) 32.0KiB-32.0KiB, ioengine=libaio, iodepth=4
fio-3.27-32-g77c7-dirty
Starting 1 process
random-readers: Laying out IO file (1 file / 1024MiB)
random-readers: (g=0): rw=randread, bs=(R) 32.0KiB-32.0KiB, (W) 32.0KiB-32.0KiB, (T) 32.0KiB-32.0KiB, ioengine=libaio, iodepth=4
fio-3.27-32-g77c7-dirty
Starting 1 process
random-readers: (g=0): rw=randread, bs=(R) 32.0KiB-32.0KiB, (W) 32.0KiB-32.0KiB, (T) 32.0KiB-32.0KiB, ioengine=libaio, iodepth=4
fio-3.27-32-g77c7-dirty
Starting 1 process
random-readers: (g=0): rw=randread, bs=(R) 32.0KiB-32.0KiB, (W) 32.0KiB-32.0KiB, (T) 32.0KiB-32.0KiB, ioengine=libaio, iodepth=4
fio-3.27-32-g77c7-dirty
Starting 1 process
random-readers: (g=0): rw=randread, bs=(R) 32.0KiB-32.0KiB, (W) 32.0KiB-32.0KiB, (T) 32.0KiB-32.0KiB, ioengine=libaio, iodepth=4
fio-3.27-32-g77c7-dirty
Starting 1 process
random-readers: (g=0): rw=randread, bs=(R) 32.0KiB-32.0KiB, (W) 32.0KiB-32.0KiB, (T) 32.0KiB-32.0KiB, ioengine=libaio, iodepth=4
fio-3.27-32-g77c7-dirty
Starting 1 process
random-readers: (g=0): rw=randread, bs=(R) 32.0KiB-32.0KiB, (W) 32.0KiB-32.0KiB, (T) 32.0KiB-32.0KiB, ioengine=libaio, iodepth=4
fio-3.27-32-g77c7-dirty
Starting 1 process
random-readers: (g=0): rw=randread, bs=(R) 32.0KiB-32.0KiB, (W) 32.0KiB-32.0KiB, (T) 32.0KiB-32.0KiB, ioengine=libaio, iodepth=4
fio-3.27-32-g77c7-dirty
Starting 1 process
random-readers: Laying out IO file (1 file / 1024MiB)
random-readers: Laying out IO file (1 file / 1024MiB)
random-readers: Laying out IO file (1 file / 1024MiB)
random-readers: (g=0): rw=randread, bs=(R) 32.0KiB-32.0KiB, (W) 32.0KiB-32.0KiB, (T) 32.0KiB-32.0KiB, ioengine=libaio, iodepth=4
fio-3.27-32-g77c7-dirty
Starting 1 process
random-readers: Laying out IO file (1 file / 1024MiB)
random-readers: (g=0): rw=randread, bs=(R) 32.0KiB-32.0KiB, (W) 32.0KiB-32.0KiB, (T) 32.0KiB-32.0KiB, ioengine=libaio, iodepth=4
fio-3.27-32-g77c7-dirty
Starting 1 process
random-readers: Laying out IO file (1 file / 1024MiB)
random-readers: Laying out IO file (1 file / 1024MiB)
random-readers: (g=0): rw=randread, bs=(R) 32.0KiB-32.0KiB, (W) 32.0KiB-32.0KiB, (T) 32.0KiB-32.0KiB, ioengine=libaio, iodepth=4
fio-3.27-32-g77c7-dirty
Starting 1 process
random-readers: (g=0): rw=randread, bs=(R) 32.0KiB-32.0KiB, (W) 32.0KiB-32.0KiB, (T) 32.0KiB-32.0KiB, ioengine=libaio, iodepth=4
fio-3.27-32-g77c7-dirty
Starting 1 process
random-readers: Laying out IO file (1 file / 1024MiB)

random-readers: (groupid=0, jobs=1): err= 0: pid=155327: Fri Jul 16 15:43:17 2021
  read: IOPS=243, BW=7794KiB/s (7981kB/s)(2283MiB/300001msec)
    slat (usec): min=21, max=210174, avg=4060.63, stdev=3896.40
    clat (usec): min=10, max=941590, avg=12322.69, stdev=10840.80
     lat (usec): min=123, max=941657, avg=16385.64, stdev=11584.15
    clat percentiles (msec):
     |  1.00th=[    3],  5.00th=[    3], 10.00th=[    4], 20.00th=[    7],
     | 30.00th=[    9], 40.00th=[   11], 50.00th=[   12], 60.00th=[   14],
     | 70.00th=[   16], 80.00th=[   18], 90.00th=[   21], 95.00th=[   24],
     | 99.00th=[   32], 99.50th=[   36], 99.90th=[   55], 99.95th=[   61],
     | 99.99th=[  220]
   bw (  KiB/s): min= 1985, max=15375, per=100.00%, avg=7800.56, stdev=1256.23, samples=300
   iops        : min=   70, max=  510, avg=244.38, stdev=42.20, samples=598
  lat (usec)   : 20=0.01%, 100=0.01%, 250=0.03%, 1000=0.01%
  lat (msec)   : 2=0.02%, 4=12.06%, 10=27.21%, 20=49.02%, 50=11.49%

random-readers: (groupid=0, jobs=1): err= 0: pid=174986: Fri Jul 16 15:43:17 2021
  read: IOPS=247, BW=7907KiB/s (8096kB/s)(2316MiB/300003msec)
    slat (usec): min=21, max=182987, avg=4001.63, stdev=3871.55
    clat (usec): min=24, max=944955, avg=12148.29, stdev=10774.83
     lat (usec): min=128, max=944983, avg=16152.42, stdev=11521.52
    clat percentiles (msec):
     |  1.00th=[    3],  5.00th=[    3], 10.00th=[    4], 20.00th=[    7],
     | 30.00th=[    9], 40.00th=[   10], 50.00th=[   12], 60.00th=[   13],
     | 70.00th=[   15], 80.00th=[   18], 90.00th=[   21], 95.00th=[   24],
     | 99.00th=[   31], 99.50th=[   36], 99.90th=[   61], 99.95th=[   70],
     | 99.99th=[  192]
   bw (  KiB/s): min= 1857, max=14446, per=100.00%, avg=7912.75, stdev=1264.08, samples=300
   iops        : min=  103, max=  454, avg=247.89, stdev=40.58, samples=598
  lat (usec)   : 50=0.01%, 250=0.03%, 1000=0.01%
  lat (msec)   : 2=0.03%, 4=12.26%, 10=28.07%, 20=48.65%, 50=10.77%
  lat (msec)   : 100=0.15%, 250=0.01%, 1000=0.01%
  cpu          : usr=0.53%, sys=6.17%, ctx=73130, majf=0, minf=70
  IO depths    : 1=0.1%, 2=0.1%, 4=100.0%, 8=0.0%, 16=0.0%, 32=0.0%, >=64=0.0%
     submit    : 0=0.0%, 4=100.0%, 8=0.0%, 16=0.0%, 32=0.0%, 64=0.0%, >=64=0.0%
     complete  : 0=0.0%, 4=100.0%, 8=0.0%, 16=0.0%, 32=0.0%, 64=0.0%, >=64=0.0%
     issued rwts: total=73071,0,0,0 short=0,0,0,0 dropped=0,0,0,0
     latency   : target=0, window=0, percentile=100.00%, depth=4

Run status group 0 (all jobs):
   READ: bw=7794KiB/s (7981kB/s), 7794KiB/s-7794KiB/s (7981kB/s-7981kB/s), io=2283MiB (2394MB), run=300001-300001msec
  lat (msec)   : 100=0.18%, 250=0.01%, 1000=0.01%
  cpu          : usr=0.57%, sys=6.48%, ctx=74187, majf=0, minf=70
  IO depths    : 1=0.1%, 2=0.1%, 4=100.0%, 8=0.0%, 16=0.0%, 32=0.0%, >=64=0.0%
     submit    : 0=0.0%, 4=100.0%, 8=0.0%, 16=0.0%, 32=0.0%, 64=0.0%, >=64=0.0%
     complete  : 0=0.0%, 4=100.0%, 8=0.0%, 16=0.0%, 32=0.0%, 64=0.0%, >=64=0.0%
     issued rwts: total=74125,0,0,0 short=0,0,0,0 dropped=0,0,0,0
     latency   : target=0, window=0, percentile=100.00%, depth=4

Run status group 0 (all jobs):
   READ: bw=7907KiB/s (8096kB/s), 7907KiB/s-7907KiB/s (8096kB/s-8096kB/s), io=2316MiB (2429MB), run=300003-300003msec

random-readers: (groupid=0, jobs=1): err= 0: pid=167463: Fri Jul 16 15:43:17 2021
  read: IOPS=211, BW=6772KiB/s (6935kB/s)(1984MiB/300004msec)
    slat (usec): min=23, max=68257, avg=4691.86, stdev=3812.10
    clat (usec): min=25, max=941945, avg=14181.28, stdev=9233.25
     lat (usec): min=129, max=941972, avg=18875.34, stdev=10045.50
    clat percentiles (usec):
     |  1.00th=[ 2704],  5.00th=[ 3785], 10.00th=[ 5932], 20.00th=[ 8586],
     | 30.00th=[10421], 40.00th=[11994], 50.00th=[13566], 60.00th=[15270],
     | 70.00th=[17171], 80.00th=[19268], 90.00th=[22414], 95.00th=[25297],
     | 99.00th=[32637], 99.50th=[37487], 99.90th=[55313], 99.95th=[61604],
     | 99.99th=[71828]
   bw (  KiB/s): min= 4064, max=12396, per=100.00%, avg=6775.30, stdev=822.24, samples=300
   iops        : min=   38, max=  398, avg=211.97, stdev=29.35, samples=599
  lat (usec)   : 50=0.01%, 250=0.02%
  lat (msec)   : 2=0.01%, 4=5.39%, 10=22.25%, 20=55.03%, 50=17.15%
  lat (msec)   : 100=0.14%, 1000=0.01%
  cpu          : usr=0.48%, sys=5.02%, ctx=63524, majf=0, minf=70
  IO depths    : 1=0.1%, 2=0.1%, 4=100.0%, 8=0.0%, 16=0.0%, 32=0.0%, >=64=0.0%
     submit    : 0=0.0%, 4=100.0%, 8=0.0%, 16=0.0%, 32=0.0%, 64=0.0%, >=64=0.0%
     complete  : 0=0.0%, 4=100.0%, 8=0.0%, 16=0.0%, 32=0.0%, 64=0.0%, >=64=0.0%
     issued rwts: total=63489,0,0,0 short=0,0,0,0 dropped=0,0,0,0
     latency   : target=0, window=0, percentile=100.00%, depth=4

Run status group 0 (all jobs):
   READ: bw=6772KiB/s (6935kB/s), 6772KiB/s-6772KiB/s (6935kB/s-6935kB/s), io=1984MiB (2080MB), run=300004-300004msec

random-readers: (groupid=0, jobs=1): err= 0: pid=177028: Fri Jul 16 15:43:17 2021
  read: IOPS=209, BW=6700KiB/s (6861kB/s)(1963MiB/300001msec)
    slat (usec): min=23, max=61154, avg=4741.38, stdev=3814.51
    clat (usec): min=11, max=941697, avg=14334.15, stdev=9272.63
     lat (usec): min=127, max=941723, avg=19077.97, stdev=10097.37
    clat percentiles (usec):
     |  1.00th=[ 2737],  5.00th=[ 3884], 10.00th=[ 6063], 20.00th=[ 8717],
     | 30.00th=[10552], 40.00th=[12125], 50.00th=[13698], 60.00th=[15401],
     | 70.00th=[17433], 80.00th=[19530], 90.00th=[22676], 95.00th=[25560],
     | 99.00th=[32375], 99.50th=[36439], 99.90th=[58983], 99.95th=[65274],
     | 99.99th=[77071]
   bw (  KiB/s): min= 1185, max=12416, per=100.00%, avg=6703.20, stdev=883.15, samples=300
   iops        : min=   74, max=  396, avg=209.71, stdev=28.82, samples=599
  lat (usec)   : 20=0.01%, 250=0.02%, 1000=0.01%
  lat (msec)   : 2=0.01%, 4=5.29%, 10=21.24%, 20=55.48%, 50=17.78%
  lat (msec)   : 100=0.17%, 1000=0.01%
  cpu          : usr=0.46%, sys=5.05%, ctx=62864, majf=0, minf=70
  IO depths    : 1=0.1%, 2=0.1%, 4=100.0%, 8=0.0%, 16=0.0%, 32=0.0%, >=64=0.0%
     submit    : 0=0.0%, 4=100.0%, 8=0.0%, 16=0.0%, 32=0.0%, 64=0.0%, >=64=0.0%
     complete  : 0=0.0%, 4=100.0%, 8=0.0%, 16=0.0%, 32=0.0%, 64=0.0%, >=64=0.0%
     issued rwts: total=62813,0,0,0 short=0,0,0,0 dropped=0,0,0,0
     latency   : target=0, window=0, percentile=100.00%, depth=4

Run status group 0 (all jobs):
   READ: bw=6700KiB/s (6861kB/s), 6700KiB/s-6700KiB/s (6861kB/s-6861kB/s), io=1963MiB (2058MB), run=300001-300001msec

random-readers: (groupid=0, jobs=1): err= 0: pid=145786: Fri Jul 16 15:43:17 2021
  read: IOPS=394, BW=12.3MiB/s (12.9MB/s)(3699MiB/300001msec)
    slat (usec): min=22, max=57662, avg=2489.68, stdev=3017.63
    clat (usec): min=10, max=935194, avg=7609.55, stdev=9692.85
     lat (usec): min=125, max=935221, avg=10101.89, stdev=10239.18
    clat percentiles (usec):
     |  1.00th=[ 2278],  5.00th=[ 2442], 10.00th=[ 2606], 20.00th=[ 2933],
     | 30.00th=[ 3294], 40.00th=[ 3851], 50.00th=[ 5932], 60.00th=[ 8094],
     | 70.00th=[ 9896], 80.00th=[11731], 90.00th=[14615], 95.00th=[17695],
     | 99.00th=[24511], 99.50th=[27919], 99.90th=[39584], 99.95th=[48497],
     | 99.99th=[70779]
   bw (  KiB/s): min= 3712, max=22624, per=99.97%, avg=12623.39, stdev=2544.05, samples=299
   iops        : min=   68, max=  710, avg=396.51, stdev=82.89, samples=596
  lat (usec)   : 20=0.01%, 250=0.05%, 1000=0.01%
  lat (msec)   : 2=0.04%, 4=41.35%, 10=28.81%, 20=26.95%, 50=2.74%
  lat (msec)   : 100=0.04%, 1000=0.01%
  cpu          : usr=0.99%, sys=10.39%, ctx=118398, majf=0, minf=70
  IO depths    : 1=0.1%, 2=0.1%, 4=100.0%, 8=0.0%, 16=0.0%, 32=0.0%, >=64=0.0%
     submit    : 0=0.0%, 4=100.0%, 8=0.0%, 16=0.0%, 32=0.0%, 64=0.0%, >=64=0.0%
     complete  : 0=0.0%, 4=100.0%, 8=0.0%, 16=0.0%, 32=0.0%, 64=0.0%, >=64=0.0%
     issued rwts: total=118379,0,0,0 short=0,0,0,0 dropped=0,0,0,0
     latency   : target=0, window=0, percentile=100.00%, depth=4

Run status group 0 (all jobs):
   READ: bw=12.3MiB/s (12.9MB/s), 12.3MiB/s-12.3MiB/s (12.9MB/s-12.9MB/s), io=3699MiB (3879MB), run=300001-300001msec

random-readers: (groupid=0, jobs=1): err= 0: pid=163950: Fri Jul 16 15:43:17 2021
  read: IOPS=248, BW=7939KiB/s (8129kB/s)(2326MiB/300002msec)
    slat (usec): min=22, max=84999, avg=3987.18, stdev=3835.09
    clat (usec): min=11, max=956336, avg=12098.48, stdev=10773.73
     lat (usec): min=129, max=956362, avg=16087.85, stdev=11505.28
    clat percentiles (usec):
     |  1.00th=[ 2442],  5.00th=[ 2835], 10.00th=[ 3425], 20.00th=[ 6063],
     | 30.00th=[ 8160], 40.00th=[ 9896], 50.00th=[11338], 60.00th=[12780],
     | 70.00th=[14877], 80.00th=[17171], 90.00th=[20317], 95.00th=[23462],
     | 99.00th=[31327], 99.50th=[36439], 99.90th=[57410], 99.95th=[69731],
     | 99.99th=[96994]
   bw (  KiB/s): min= 1793, max=15136, per=100.00%, avg=7942.79, stdev=1251.28, samples=300
   iops        : min=   58, max=  498, avg=248.91, stdev=42.72, samples=598
  lat (usec)   : 20=0.01%, 250=0.03%, 1000=0.01%
  lat (msec)   : 2=0.03%, 4=12.57%, 10=28.12%, 20=48.33%, 50=10.76%
  lat (msec)   : 100=0.14%, 250=0.01%, 1000=0.01%
  cpu          : usr=0.56%, sys=6.03%, ctx=74502, majf=0, minf=70
  IO depths    : 1=0.1%, 2=0.1%, 4=100.0%, 8=0.0%, 16=0.0%, 32=0.0%, >=64=0.0%
     submit    : 0=0.0%, 4=100.0%, 8=0.0%, 16=0.0%, 32=0.0%, 64=0.0%, >=64=0.0%
     complete  : 0=0.0%, 4=100.0%, 8=0.0%, 16=0.0%, 32=0.0%, 64=0.0%, >=64=0.0%
     issued rwts: total=74427,0,0,0 short=0,0,0,0 dropped=0,0,0,0
     latency   : target=0, window=0, percentile=100.00%, depth=4

Run status group 0 (all jobs):
   READ: bw=7939KiB/s (8129kB/s), 7939KiB/s-7939KiB/s (8129kB/s-8129kB/s), io=2326MiB (2439MB), run=300002-300002msec

random-readers: (groupid=0, jobs=1): err= 0: pid=143407: Fri Jul 16 15:43:17 2021
  read: IOPS=378, BW=11.8MiB/s (12.4MB/s)(3545MiB/300001msec)
    slat (usec): min=22, max=450794, avg=2591.72, stdev=3194.02
    clat (usec): min=19, max=947123, avg=7944.23, stdev=10073.59
     lat (usec): min=126, max=947149, avg=10539.65, stdev=10656.30
    clat percentiles (msec):
     |  1.00th=[    3],  5.00th=[    3], 10.00th=[    4], 20.00th=[    4],
     | 30.00th=[    4], 40.00th=[    5], 50.00th=[    7], 60.00th=[    9],
     | 70.00th=[   11], 80.00th=[   12], 90.00th=[   15], 95.00th=[   18],
     | 99.00th=[   24], 99.50th=[   27], 99.90th=[   40], 99.95th=[   48],
     | 99.99th=[  460]
   bw (  KiB/s): min= 3491, max=18898, per=100.00%, avg=12105.95, stdev=2394.92, samples=300
   iops        : min=   62, max=  626, avg=380.00, stdev=76.70, samples=597
  lat (usec)   : 20=0.01%, 250=0.05%, 1000=0.01%
  lat (msec)   : 2=0.03%, 4=37.45%, 10=31.06%, 20=28.78%, 50=2.59%
  lat (msec)   : 100=0.03%, 500=0.01%, 1000=0.01%
  cpu          : usr=1.39%, sys=12.16%, ctx=113458, majf=0, minf=70
  IO depths    : 1=0.1%, 2=0.1%, 4=100.0%, 8=0.0%, 16=0.0%, 32=0.0%, >=64=0.0%
     submit    : 0=0.0%, 4=100.0%, 8=0.0%, 16=0.0%, 32=0.0%, 64=0.0%, >=64=0.0%
     complete  : 0=0.0%, 4=100.0%, 8=0.0%, 16=0.0%, 32=0.0%, 64=0.0%, >=64=0.0%
     issued rwts: total=113429,0,0,0 short=0,0,0,0 dropped=0,0,0,0
     latency   : target=0, window=0, percentile=100.00%, depth=4

Run status group 0 (all jobs):
   READ: bw=11.8MiB/s (12.4MB/s), 11.8MiB/s-11.8MiB/s (12.4MB/s-12.4MB/s), io=3545MiB (3717MB), run=300001-300001msec

random-readers: (groupid=0, jobs=1): err= 0: pid=161536: Fri Jul 16 15:43:17 2021
  read: IOPS=464, BW=14.5MiB/s (15.2MB/s)(4356MiB/300009msec)
    slat (usec): min=20, max=72021, avg=2107.68, stdev=2690.44
    clat (usec): min=24, max=940463, avg=6462.74, stdev=9835.33
     lat (usec): min=115, max=940485, avg=8572.46, stdev=10286.50
    clat percentiles (usec):
     |  1.00th=[ 2212],  5.00th=[ 2311], 10.00th=[ 2409], 20.00th=[ 2606],
     | 30.00th=[ 2835], 40.00th=[ 3130], 50.00th=[ 3916], 60.00th=[ 6259],
     | 70.00th=[ 8455], 80.00th=[10421], 90.00th=[12387], 95.00th=[15533],
     | 99.00th=[21365], 99.50th=[25035], 99.90th=[39584], 99.95th=[51643],
     | 99.99th=[87557]
   bw (  KiB/s): min=  960, max=22454, per=100.00%, avg=14877.78, stdev=2967.71, samples=300
   iops        : min=   78, max=  712, avg=468.00, stdev=92.28, samples=595
  lat (usec)   : 50=0.01%, 100=0.01%, 250=0.07%, 1000=0.01%
  lat (msec)   : 2=0.07%, 4=50.38%, 10=27.41%, 20=20.58%, 50=1.44%
  lat (msec)   : 100=0.04%, 1000=0.01%
  cpu          : usr=1.05%, sys=11.10%, ctx=139399, majf=0, minf=70
  IO depths    : 1=0.1%, 2=0.1%, 4=100.0%, 8=0.0%, 16=0.0%, 32=0.0%, >=64=0.0%
     submit    : 0=0.0%, 4=100.0%, 8=0.0%, 16=0.0%, 32=0.0%, 64=0.0%, >=64=0.0%
     complete  : 0=0.0%, 4=100.0%, 8=0.0%, 16=0.0%, 32=0.0%, 64=0.0%, >=64=0.0%
     issued rwts: total=139398,0,0,0 short=0,0,0,0 dropped=0,0,0,0
     latency   : target=0, window=0, percentile=100.00%, depth=4

Run status group 0 (all jobs):
   READ: bw=14.5MiB/s (15.2MB/s), 14.5MiB/s-14.5MiB/s (15.2MB/s-15.2MB/s), io=4356MiB (4568MB), run=300009-300009msec

random-readers: (groupid=0, jobs=1): err= 0: pid=171573: Fri Jul 16 15:43:17 2021
  read: IOPS=206, BW=6609KiB/s (6767kB/s)(1936MiB/300001msec)
    slat (usec): min=22, max=66296, avg=4808.01, stdev=3868.79
    clat (usec): min=24, max=942181, avg=14532.19, stdev=9377.71
     lat (usec): min=128, max=942207, avg=19342.38, stdev=10218.87
    clat percentiles (usec):
     |  1.00th=[ 2802],  5.00th=[ 4015], 10.00th=[ 6259], 20.00th=[ 8848],
     | 30.00th=[10814], 40.00th=[12256], 50.00th=[13960], 60.00th=[15664],
     | 70.00th=[17433], 80.00th=[19530], 90.00th=[22676], 95.00th=[25822],
     | 99.00th=[33162], 99.50th=[37487], 99.90th=[61604], 99.95th=[69731],
     | 99.99th=[81265]
   bw (  KiB/s): min= 1792, max=12876, per=100.00%, avg=6612.62, stdev=865.59, samples=300
   iops        : min=  112, max=  426, avg=206.85, stdev=28.48, samples=599
  lat (usec)   : 50=0.01%, 250=0.02%, 1000=0.01%
  lat (msec)   : 2=0.01%, 4=4.92%, 10=20.67%, 20=55.92%, 50=18.25%
  lat (msec)   : 100=0.20%, 250=0.01%, 1000=0.01%
  cpu          : usr=0.44%, sys=4.90%, ctx=62000, majf=0, minf=70
  IO depths    : 1=0.1%, 2=0.1%, 4=100.0%, 8=0.0%, 16=0.0%, 32=0.0%, >=64=0.0%
     submit    : 0=0.0%, 4=100.0%, 8=0.0%, 16=0.0%, 32=0.0%, 64=0.0%, >=64=0.0%
     complete  : 0=0.0%, 4=100.0%, 8=0.0%, 16=0.0%, 32=0.0%, 64=0.0%, >=64=0.0%
     issued rwts: total=61956,0,0,0 short=0,0,0,0 dropped=0,0,0,0
     latency   : target=0, window=0, percentile=100.00%, depth=4

Run status group 0 (all jobs):
   READ: bw=6609KiB/s (6767kB/s), 6609KiB/s-6609KiB/s (6767kB/s-6767kB/s), io=1936MiB (2030MB), run=300001-300001msec

random-readers: (groupid=0, jobs=1): err= 0: pid=168838: Fri Jul 16 15:43:17 2021
  read: IOPS=210, BW=6732KiB/s (6893kB/s)(1972MiB/300001msec)
    slat (usec): min=21, max=65575, avg=4718.98, stdev=3860.35
    clat (usec): min=12, max=943569, avg=14267.48, stdev=9309.97
     lat (usec): min=124, max=943597, avg=18988.80, stdev=10129.26
    clat percentiles (usec):
     |  1.00th=[ 2704],  5.00th=[ 3785], 10.00th=[ 5932], 20.00th=[ 8586],
     | 30.00th=[10552], 40.00th=[11994], 50.00th=[13566], 60.00th=[15401],
     | 70.00th=[17171], 80.00th=[19268], 90.00th=[22676], 95.00th=[25560],
     | 99.00th=[32900], 99.50th=[37487], 99.90th=[56886], 99.95th=[65274],
     | 99.99th=[74974]
   bw (  KiB/s): min= 1409, max=13760, per=99.96%, avg=6729.20, stdev=851.05, samples=299
   iops        : min=   88, max=  432, avg=210.58, stdev=28.16, samples=598
  lat (usec)   : 20=0.01%, 100=0.01%, 250=0.02%, 1000=0.01%
  lat (msec)   : 2=0.02%, 4=5.36%, 10=21.82%, 20=55.16%, 50=17.44%
  lat (msec)   : 100=0.18%, 1000=0.01%
  cpu          : usr=0.50%, sys=5.11%, ctx=63135, majf=0, minf=70
  IO depths    : 1=0.1%, 2=0.1%, 4=100.0%, 8=0.0%, 16=0.0%, 32=0.0%, >=64=0.0%
     submit    : 0=0.0%, 4=100.0%, 8=0.0%, 16=0.0%, 32=0.0%, 64=0.0%, >=64=0.0%
     complete  : 0=0.0%, 4=100.0%, 8=0.0%, 16=0.0%, 32=0.0%, 64=0.0%, >=64=0.0%
     issued rwts: total=63109,0,0,0 short=0,0,0,0 dropped=0,0,0,0
     latency   : target=0, window=0, percentile=100.00%, depth=4

Run status group 0 (all jobs):
   READ: bw=6732KiB/s (6893kB/s), 6732KiB/s-6732KiB/s (6893kB/s-6893kB/s), io=1972MiB (2068MB), run=300001-300001msec

random-readers: (groupid=0, jobs=1): err= 0: pid=198607: Fri Jul 16 15:43:17 2021
  read: IOPS=294, BW=9418KiB/s (9644kB/s)(2759MiB/300001msec)
    slat (usec): min=21, max=89742, avg=3356.63, stdev=3513.08
    clat (usec): min=10, max=939269, avg=10199.73, stdev=9835.51
     lat (usec): min=120, max=939293, avg=13558.86, stdev=10516.52
    clat percentiles (usec):
     |  1.00th=[ 2376],  5.00th=[ 2638], 10.00th=[ 2900], 20.00th=[ 3785],
     | 30.00th=[ 6063], 40.00th=[ 7963], 50.00th=[ 9634], 60.00th=[11076],
     | 70.00th=[12518], 80.00th=[14877], 90.00th=[18220], 95.00th=[20841],
     | 99.00th=[27132], 99.50th=[30540], 99.90th=[52167], 99.95th=[64750],
     | 99.99th=[92799]
   bw (  KiB/s): min= 3683, max=17024, per=100.00%, avg=9422.78, stdev=1422.04, samples=299
   iops        : min=   98, max=  532, avg=295.30, stdev=46.78, samples=597
  lat (usec)   : 20=0.01%, 100=0.01%, 250=0.02%, 1000=0.01%
  lat (msec)   : 2=0.02%, 4=21.17%, 10=31.25%, 20=41.11%, 50=6.31%
  lat (msec)   : 100=0.10%, 1000=0.01%
  cpu          : usr=0.65%, sys=7.42%, ctx=88364, majf=0, minf=70
  IO depths    : 1=0.1%, 2=0.1%, 4=100.0%, 8=0.0%, 16=0.0%, 32=0.0%, >=64=0.0%
     submit    : 0=0.0%, 4=100.0%, 8=0.0%, 16=0.0%, 32=0.0%, 64=0.0%, >=64=0.0%
     complete  : 0=0.0%, 4=100.0%, 8=0.0%, 16=0.0%, 32=0.0%, 64=0.0%, >=64=0.0%
     issued rwts: total=88291,0,0,0 short=0,0,0,0 dropped=0,0,0,0
     latency   : target=0, window=0, percentile=100.00%, depth=4

Run status group 0 (all jobs):
   READ: bw=9418KiB/s (9644kB/s), 9418KiB/s-9418KiB/s (9644kB/s-9644kB/s), io=2759MiB (2893MB), run=300001-300001msec

random-readers: (groupid=0, jobs=1): err= 0: pid=163753: Fri Jul 16 15:43:17 2021
  read: IOPS=287, BW=9200KiB/s (9421kB/s)(2695MiB/300001msec)
    slat (usec): min=20, max=93356, avg=3437.66, stdev=3523.62
    clat (usec): min=24, max=952126, avg=10440.41, stdev=9983.32
     lat (usec): min=117, max=952147, avg=13880.33, stdev=10667.29
    clat percentiles (usec):
     |  1.00th=[ 2409],  5.00th=[ 2704], 10.00th=[ 2999], 20.00th=[ 3982],
     | 30.00th=[ 6325], 40.00th=[ 8225], 50.00th=[ 9896], 60.00th=[11338],
     | 70.00th=[12780], 80.00th=[15270], 90.00th=[18482], 95.00th=[21103],
     | 99.00th=[27395], 99.50th=[30540], 99.90th=[51119], 99.95th=[63701],
     | 99.99th=[94897]
   bw (  KiB/s): min= 1825, max=17632, per=100.00%, avg=9204.92, stdev=1478.44, samples=300
   iops        : min=    2, max=  572, avg=287.50, stdev=51.60, samples=600
  lat (usec)   : 50=0.01%, 100=0.01%, 250=0.02%, 1000=0.01%
  lat (msec)   : 2=0.03%, 4=20.03%, 10=30.75%, 20=42.25%, 50=6.80%
  lat (msec)   : 100=0.10%, 250=0.01%, 1000=0.01%
  cpu          : usr=0.62%, sys=7.07%, ctx=86319, majf=0, minf=70
  IO depths    : 1=0.1%, 2=0.1%, 4=100.0%, 8=0.0%, 16=0.0%, 32=0.0%, >=64=0.0%
     submit    : 0=0.0%, 4=100.0%, 8=0.0%, 16=0.0%, 32=0.0%, 64=0.0%, >=64=0.0%
     complete  : 0=0.0%, 4=100.0%, 8=0.0%, 16=0.0%, 32=0.0%, 64=0.0%, >=64=0.0%
     issued rwts: total=86253,0,0,0 short=0,0,0,0 dropped=0,0,0,0
     latency   : target=0, window=0, percentile=100.00%, depth=4

Run status group 0 (all jobs):
   READ: bw=9200KiB/s (9421kB/s), 9200KiB/s-9200KiB/s (9421kB/s-9421kB/s), io=2695MiB (2826MB), run=300001-300001msec

random-readers: (groupid=0, jobs=1): err= 0: pid=165548: Fri Jul 16 15:43:17 2021
  read: IOPS=415, BW=13.0MiB/s (13.6MB/s)(3896MiB/300003msec)
    slat (usec): min=23, max=104672, avg=2363.56, stdev=2797.23
    clat (usec): min=12, max=946914, avg=7225.42, stdev=9381.75
     lat (usec): min=127, max=946939, avg=9591.38, stdev=9876.41
    clat percentiles (usec):
     |  1.00th=[ 2343],  5.00th=[ 2507], 10.00th=[ 2671], 20.00th=[ 2900],
     | 30.00th=[ 3195], 40.00th=[ 3687], 50.00th=[ 5538], 60.00th=[ 7635],
     | 70.00th=[ 9503], 80.00th=[11207], 90.00th=[13435], 95.00th=[16712],
     | 99.00th=[22152], 99.50th=[25297], 99.90th=[38536], 99.95th=[46924],
     | 99.99th=[73925]
   bw (  KiB/s): min=  736, max=22550, per=100.00%, avg=13305.32, stdev=2424.25, samples=300
   iops        : min=   46, max=  706, avg=417.68, stdev=76.49, samples=597
  lat (usec)   : 20=0.01%, 250=0.05%, 1000=0.01%
  lat (msec)   : 2=0.04%, 4=42.92%, 10=29.92%, 20=25.14%, 50=1.87%
  lat (msec)   : 100=0.04%, 250=0.01%, 1000=0.01%
  cpu          : usr=0.93%, sys=10.43%, ctx=124710, majf=0, minf=70
  IO depths    : 1=0.1%, 2=0.1%, 4=100.0%, 8=0.0%, 16=0.0%, 32=0.0%, >=64=0.0%
     submit    : 0=0.0%, 4=100.0%, 8=0.0%, 16=0.0%, 32=0.0%, 64=0.0%, >=64=0.0%
     complete  : 0=0.0%, 4=100.0%, 8=0.0%, 16=0.0%, 32=0.0%, 64=0.0%, >=64=0.0%
     issued rwts: total=124673,0,0,0 short=0,0,0,0 dropped=0,0,0,0
     latency   : target=0, window=0, percentile=100.00%, depth=4

Run status group 0 (all jobs):
   READ: bw=13.0MiB/s (13.6MB/s), 13.0MiB/s-13.0MiB/s (13.6MB/s-13.6MB/s), io=3896MiB (4085MB), run=300003-300003msec

random-readers: (groupid=0, jobs=1): err= 0: pid=171066: Fri Jul 16 15:43:17 2021
  read: IOPS=306, BW=9811KiB/s (10.0MB/s)(2874MiB/300002msec)
    slat (usec): min=20, max=84510, avg=3221.75, stdev=3423.13
    clat (usec): min=25, max=941522, avg=9790.86, stdev=9627.89
     lat (usec): min=117, max=941544, avg=13015.03, stdev=10302.49
    clat percentiles (usec):
     |  1.00th=[ 2343],  5.00th=[ 2573], 10.00th=[ 2835], 20.00th=[ 3523],
     | 30.00th=[ 5538], 40.00th=[ 7504], 50.00th=[ 9241], 60.00th=[10683],
     | 70.00th=[12125], 80.00th=[14353], 90.00th=[17695], 95.00th=[20579],
     | 99.00th=[26608], 99.50th=[29230], 99.90th=[47449], 99.95th=[60031],
     | 99.99th=[96994]
   bw (  KiB/s): min= 3107, max=17344, per=100.00%, avg=9816.31, stdev=1615.21, samples=300
   iops        : min=   60, max=  548, avg=307.62, stdev=53.40, samples=598
  lat (usec)   : 50=0.01%, 100=0.01%, 250=0.02%, 1000=0.01%
  lat (msec)   : 2=0.02%, 4=23.31%, 10=31.86%, 20=39.04%, 50=5.65%
  lat (msec)   : 100=0.08%, 250=0.01%, 1000=0.01%
  cpu          : usr=0.71%, sys=7.50%, ctx=92054, majf=0, minf=70
  IO depths    : 1=0.1%, 2=0.1%, 4=100.0%, 8=0.0%, 16=0.0%, 32=0.0%, >=64=0.0%
     submit    : 0=0.0%, 4=100.0%, 8=0.0%, 16=0.0%, 32=0.0%, 64=0.0%, >=64=0.0%
     complete  : 0=0.0%, 4=100.0%, 8=0.0%, 16=0.0%, 32=0.0%, 64=0.0%, >=64=0.0%
     issued rwts: total=91983,0,0,0 short=0,0,0,0 dropped=0,0,0,0
     latency   : target=0, window=0, percentile=100.00%, depth=4

Run status group 0 (all jobs):
   READ: bw=9811KiB/s (10.0MB/s), 9811KiB/s-9811KiB/s (10.0MB/s-10.0MB/s), io=2874MiB (3014MB), run=300002-300002msec

random-readers: (groupid=0, jobs=1): err= 0: pid=171937: Fri Jul 16 15:43:17 2021
  read: IOPS=296, BW=9500KiB/s (9728kB/s)(2783MiB/300003msec)
    slat (usec): min=21, max=91236, avg=3329.24, stdev=3556.36
    clat (usec): min=16, max=951756, avg=10110.54, stdev=9895.16
     lat (usec): min=124, max=951781, avg=13441.94, stdev=10595.18
    clat percentiles (msec):
     |  1.00th=[    3],  5.00th=[    3], 10.00th=[    3], 20.00th=[    4],
     | 30.00th=[    6], 40.00th=[    8], 50.00th=[   10], 60.00th=[   11],
     | 70.00th=[   13], 80.00th=[   15], 90.00th=[   19], 95.00th=[   21],
     | 99.00th=[   28], 99.50th=[   31], 99.90th=[   54], 99.95th=[   67],
     | 99.99th=[  105]
   bw (  KiB/s): min=  832, max=17937, per=100.00%, avg=9507.81, stdev=1610.86, samples=300
   iops        : min=   16, max=  594, avg=297.37, stdev=53.94, samples=599
  lat (usec)   : 20=0.01%, 250=0.02%, 1000=0.01%
  lat (msec)   : 2=0.02%, 4=21.85%, 10=31.37%, 20=40.44%, 50=6.16%
  lat (msec)   : 100=0.11%, 250=0.01%, 1000=0.01%
  cpu          : usr=0.62%, sys=7.06%, ctx=89140, majf=0, minf=70
  IO depths    : 1=0.1%, 2=0.1%, 4=100.0%, 8=0.0%, 16=0.0%, 32=0.0%, >=64=0.0%
     submit    : 0=0.0%, 4=100.0%, 8=0.0%, 16=0.0%, 32=0.0%, 64=0.0%, >=64=0.0%
     complete  : 0=0.0%, 4=100.0%, 8=0.0%, 16=0.0%, 32=0.0%, 64=0.0%, >=64=0.0%
     issued rwts: total=89065,0,0,0 short=0,0,0,0 dropped=0,0,0,0
     latency   : target=0, window=0, percentile=100.00%, depth=4

Run status group 0 (all jobs):
   READ: bw=9500KiB/s (9728kB/s), 9500KiB/s-9500KiB/s (9728kB/s-9728kB/s), io=2783MiB (2918MB), run=300003-300003msec

random-readers: (groupid=0, jobs=1): err= 0: pid=159867: Fri Jul 16 15:43:18 2021
  read: IOPS=215, BW=6882KiB/s (7047kB/s)(2016MiB/300015msec)
    slat (usec): min=23, max=72814, avg=4615.61, stdev=3814.14
    clat (usec): min=19, max=967737, avg=13956.37, stdev=9262.54
     lat (usec): min=129, max=967763, avg=18574.31, stdev=10080.12
    clat percentiles (usec):
     |  1.00th=[ 2573],  5.00th=[ 3490], 10.00th=[ 5604], 20.00th=[ 8291],
     | 30.00th=[10159], 40.00th=[11731], 50.00th=[13304], 60.00th=[15139],
     | 70.00th=[16909], 80.00th=[19006], 90.00th=[22152], 95.00th=[25297],
     | 99.00th=[32375], 99.50th=[36963], 99.90th=[53216], 99.95th=[62129],
     | 99.99th=[83362]
   bw (  KiB/s): min= 3523, max=11520, per=100.00%, avg=6886.10, stdev=848.72, samples=300
   iops        : min=   36, max=  408, avg=215.41, stdev=30.93, samples=599
  lat (usec)   : 20=0.01%, 250=0.02%, 1000=0.01%
  lat (msec)   : 2=0.01%, 4=6.12%, 10=22.65%, 20=54.67%, 50=16.39%
  lat (msec)   : 100=0.14%, 1000=0.01%
  cpu          : usr=0.49%, sys=5.18%, ctx=64557, majf=0, minf=70
  IO depths    : 1=0.1%, 2=0.1%, 4=100.0%, 8=0.0%, 16=0.0%, 32=0.0%, >=64=0.0%
     submit    : 0=0.0%, 4=100.0%, 8=0.0%, 16=0.0%, 32=0.0%, 64=0.0%, >=64=0.0%
     complete  : 0=0.0%, 4=100.0%, 8=0.0%, 16=0.0%, 32=0.0%, 64=0.0%, >=64=0.0%
     issued rwts: total=64520,0,0,0 short=0,0,0,0 dropped=0,0,0,0
     latency   : target=0, window=0, percentile=100.00%, depth=4

Run status group 0 (all jobs):
   READ: bw=6882KiB/s (7047kB/s), 6882KiB/s-6882KiB/s (7047kB/s-7047kB/s), io=2016MiB (2114MB), run=300015-300015msec

random-readers: (groupid=0, jobs=1): err= 0: pid=169234: Fri Jul 16 15:43:24 2021
  read: IOPS=284, BW=9105KiB/s (9323kB/s)(2667MiB/300001msec)
    slat (usec): min=23, max=84993, avg=3473.01, stdev=3467.43
    clat (usec): min=12, max=946839, avg=10551.01, stdev=9915.83
     lat (usec): min=127, max=946866, avg=14026.42, stdev=10568.84
    clat percentiles (usec):
     |  1.00th=[ 2507],  5.00th=[ 2900], 10.00th=[ 3261], 20.00th=[ 4178],
     | 30.00th=[ 6456], 40.00th=[ 8356], 50.00th=[10028], 60.00th=[11469],
     | 70.00th=[12911], 80.00th=[15401], 90.00th=[18482], 95.00th=[21103],
     | 99.00th=[26870], 99.50th=[29230], 99.90th=[50070], 99.95th=[60031],
     | 99.99th=[95945]
   bw (  KiB/s): min= 1569, max=16864, per=100.00%, avg=9110.16, stdev=1506.78, samples=300
   iops        : min=    4, max=  530, avg=284.98, stdev=49.34, samples=599
  lat (usec)   : 20=0.01%, 250=0.02%, 1000=0.01%
  lat (msec)   : 2=0.01%, 4=18.79%, 10=31.37%, 20=42.77%, 50=6.92%
  lat (msec)   : 100=0.09%, 250=0.01%, 1000=0.01%
  cpu          : usr=0.70%, sys=7.10%, ctx=85458, majf=0, minf=70
  IO depths    : 1=0.1%, 2=0.1%, 4=100.0%, 8=0.0%, 16=0.0%, 32=0.0%, >=64=0.0%
     submit    : 0=0.0%, 4=100.0%, 8=0.0%, 16=0.0%, 32=0.0%, 64=0.0%, >=64=0.0%
     complete  : 0=0.0%, 4=100.0%, 8=0.0%, 16=0.0%, 32=0.0%, 64=0.0%, >=64=0.0%
     issued rwts: total=85356,0,0,0 short=0,0,0,0 dropped=0,0,0,0
     latency   : target=0, window=0, percentile=100.00%, depth=4

Run status group 0 (all jobs):
   READ: bw=9105KiB/s (9323kB/s), 9105KiB/s-9105KiB/s (9323kB/s-9323kB/s), io=2667MiB (2797MB), run=300001-300001msec

random-readers: (groupid=0, jobs=1): err= 0: pid=156407: Fri Jul 16 15:43:24 2021
  read: IOPS=210, BW=6727KiB/s (6889kB/s)(1971MiB/300011msec)
    slat (usec): min=23, max=63851, avg=4721.65, stdev=3785.60
    clat (usec): min=14, max=948754, avg=14276.96, stdev=9307.08
     lat (usec): min=126, max=948779, avg=19001.02, stdev=10161.69
    clat percentiles (usec):
     |  1.00th=[ 2573],  5.00th=[ 3523], 10.00th=[ 5735], 20.00th=[ 8586],
     | 30.00th=[10552], 40.00th=[12125], 50.00th=[13698], 60.00th=[15533],
     | 70.00th=[17433], 80.00th=[19530], 90.00th=[22676], 95.00th=[25560],
     | 99.00th=[32375], 99.50th=[35914], 99.90th=[53216], 99.95th=[65274],
     | 99.99th=[74974]
   bw (  KiB/s): min= 4096, max=17920, per=100.00%, avg=6731.86, stdev=1239.46, samples=300
   iops        : min=   72, max=  596, avg=210.58, stdev=41.02, samples=599
  lat (usec)   : 20=0.01%, 250=0.02%, 1000=0.01%
  lat (msec)   : 2=0.01%, 4=6.25%, 10=20.89%, 20=54.60%, 50=18.11%
  lat (msec)   : 100=0.12%, 1000=0.01%
  cpu          : usr=0.51%, sys=5.17%, ctx=63100, majf=0, minf=70
  IO depths    : 1=0.1%, 2=0.1%, 4=100.0%, 8=0.0%, 16=0.0%, 32=0.0%, >=64=0.0%
     submit    : 0=0.0%, 4=100.0%, 8=0.0%, 16=0.0%, 32=0.0%, 64=0.0%, >=64=0.0%
     complete  : 0=0.0%, 4=100.0%, 8=0.0%, 16=0.0%, 32=0.0%, 64=0.0%, >=64=0.0%
     issued rwts: total=63071,0,0,0 short=0,0,0,0 dropped=0,0,0,0
     latency   : target=0, window=0, percentile=100.00%, depth=4

Run status group 0 (all jobs):
   READ: bw=6727KiB/s (6889kB/s), 6727KiB/s-6727KiB/s (6889kB/s-6889kB/s), io=1971MiB (2067MB), run=300011-300011msec

random-readers: (groupid=0, jobs=1): err= 0: pid=154769: Fri Jul 16 15:43:24 2021
  read: IOPS=294, BW=9409KiB/s (9634kB/s)(2756MiB/300001msec)
    slat (usec): min=23, max=92436, avg=3358.84, stdev=3448.47
    clat (usec): min=11, max=944084, avg=10210.53, stdev=9782.91
     lat (usec): min=135, max=944111, avg=13571.91, stdev=10448.05
    clat percentiles (msec):
     |  1.00th=[    3],  5.00th=[    3], 10.00th=[    3], 20.00th=[    4],
     | 30.00th=[    7], 40.00th=[    9], 50.00th=[   10], 60.00th=[   12],
     | 70.00th=[   13], 80.00th=[   16], 90.00th=[   19], 95.00th=[   21],
     | 99.00th=[   27], 99.50th=[   30], 99.90th=[   51], 99.95th=[   62],
     | 99.99th=[  102]
   bw (  KiB/s): min= 2048, max=18034, per=99.82%, avg=9392.40, stdev=1535.40, samples=299
   iops        : min=  116, max=  567, avg=294.57, stdev=50.87, samples=597
  lat (usec)   : 20=0.01%, 250=0.02%, 1000=0.01%
  lat (msec)   : 2=0.01%, 4=20.97%, 10=31.36%, 20=41.28%, 50=6.24%
  lat (msec)   : 100=0.09%, 250=0.01%, 1000=0.01%
  cpu          : usr=0.72%, sys=7.69%, ctx=88280, majf=0, minf=70
  IO depths    : 1=0.1%, 2=0.1%, 4=100.0%, 8=0.0%, 16=0.0%, 32=0.0%, >=64=0.0%
     submit    : 0=0.0%, 4=100.0%, 8=0.0%, 16=0.0%, 32=0.0%, 64=0.0%, >=64=0.0%
     complete  : 0=0.0%, 4=100.0%, 8=0.0%, 16=0.0%, 32=0.0%, 64=0.0%, >=64=0.0%
     issued rwts: total=88206,0,0,0 short=0,0,0,0 dropped=0,0,0,0
     latency   : target=0, window=0, percentile=100.00%, depth=4

Run status group 0 (all jobs):
   READ: bw=9409KiB/s (9634kB/s), 9409KiB/s-9409KiB/s (9634kB/s-9634kB/s), io=2756MiB (2890MB), run=300001-300001msec

random-readers: (groupid=0, jobs=1): err= 0: pid=159476: Fri Jul 16 15:43:24 2021
  read: IOPS=411, BW=12.9MiB/s (13.5MB/s)(3858MiB/300004msec)
    slat (usec): min=21, max=82353, avg=2386.79, stdev=2784.10
    clat (usec): min=24, max=932478, avg=7296.77, stdev=9305.64
     lat (usec): min=118, max=933177, avg=9686.07, stdev=9768.70
    clat percentiles (usec):
     |  1.00th=[ 2343],  5.00th=[ 2540], 10.00th=[ 2704], 20.00th=[ 2999],
     | 30.00th=[ 3359], 40.00th=[ 3884], 50.00th=[ 5538], 60.00th=[ 7635],
     | 70.00th=[ 9503], 80.00th=[11338], 90.00th=[13566], 95.00th=[16712],
     | 99.00th=[21627], 99.50th=[24249], 99.90th=[36963], 99.95th=[49546],
     | 99.99th=[71828]
   bw (  KiB/s): min= 2914, max=20500, per=100.00%, avg=13176.08, stdev=2173.59, samples=300
   iops        : min=  122, max=  684, avg=413.61, stdev=70.48, samples=597
  lat (usec)   : 50=0.01%, 100=0.01%, 250=0.04%, 1000=0.01%
  lat (msec)   : 2=0.03%, 4=41.46%, 10=30.90%, 20=25.78%, 50=1.73%
  lat (msec)   : 100=0.04%, 1000=0.01%
  cpu          : usr=1.06%, sys=10.61%, ctx=123509, majf=0, minf=70
  IO depths    : 1=0.1%, 2=0.1%, 4=100.0%, 8=0.0%, 16=0.0%, 32=0.0%, >=64=0.0%
     submit    : 0=0.0%, 4=100.0%, 8=0.0%, 16=0.0%, 32=0.0%, 64=0.0%, >=64=0.0%
     complete  : 0=0.0%, 4=100.0%, 8=0.0%, 16=0.0%, 32=0.0%, 64=0.0%, >=64=0.0%
     issued rwts: total=123459,0,0,0 short=0,0,0,0 dropped=0,0,0,0
     latency   : target=0, window=0, percentile=100.00%, depth=4

Run status group 0 (all jobs):
   READ: bw=12.9MiB/s (13.5MB/s), 12.9MiB/s-12.9MiB/s (13.5MB/s-13.5MB/s), io=3858MiB (4046MB), run=300004-300004msec

random-readers: (groupid=0, jobs=1): err= 0: pid=162831: Fri Jul 16 15:43:24 2021
  read: IOPS=247, BW=7935KiB/s (8125kB/s)(2325MiB/300001msec)
    slat (usec): min=23, max=367477, avg=3987.63, stdev=4019.65
    clat (usec): min=25, max=952884, avg=12105.77, stdev=10978.46
     lat (usec): min=129, max=952910, avg=16095.85, stdev=11767.25
    clat percentiles (msec):
     |  1.00th=[    3],  5.00th=[    3], 10.00th=[    4], 20.00th=[    7],
     | 30.00th=[    9], 40.00th=[   10], 50.00th=[   12], 60.00th=[   13],
     | 70.00th=[   15], 80.00th=[   18], 90.00th=[   21], 95.00th=[   24],
     | 99.00th=[   31], 99.50th=[   35], 99.90th=[   59], 99.95th=[   68],
     | 99.99th=[  376]
   bw (  KiB/s): min= 3715, max=16624, per=99.80%, avg=7919.83, stdev=1301.28, samples=299
   iops        : min=   42, max=  521, avg=248.34, stdev=43.91, samples=597
  lat (usec)   : 50=0.01%, 250=0.03%, 1000=0.01%
  lat (msec)   : 2=0.03%, 4=12.70%, 10=27.74%, 20=48.53%, 50=10.80%
  lat (msec)   : 100=0.15%, 250=0.01%, 500=0.01%, 1000=0.01%
  cpu          : usr=0.59%, sys=6.28%, ctx=74436, majf=0, minf=70
  IO depths    : 1=0.1%, 2=0.1%, 4=100.0%, 8=0.0%, 16=0.0%, 32=0.0%, >=64=0.0%
     submit    : 0=0.0%, 4=100.0%, 8=0.0%, 16=0.0%, 32=0.0%, 64=0.0%, >=64=0.0%
     complete  : 0=0.0%, 4=100.0%, 8=0.0%, 16=0.0%, 32=0.0%, 64=0.0%, >=64=0.0%
     issued rwts: total=74387,0,0,0 short=0,0,0,0 dropped=0,0,0,0
     latency   : target=0, window=0, percentile=100.00%, depth=4

Run status group 0 (all jobs):
   READ: bw=7935KiB/s (8125kB/s), 7935KiB/s-7935KiB/s (8125kB/s-8125kB/s), io=2325MiB (2438MB), run=300001-300001msec

random-readers: (groupid=0, jobs=1): err= 0: pid=158234: Fri Jul 16 15:43:24 2021
  read: IOPS=293, BW=9389KiB/s (9614kB/s)(2751MiB/300001msec)
    slat (usec): min=21, max=92610, avg=3367.32, stdev=3522.67
    clat (usec): min=11, max=945940, avg=10231.05, stdev=9872.24
     lat (usec): min=120, max=945963, avg=13600.74, stdev=10553.72
    clat percentiles (usec):
     |  1.00th=[ 2343],  5.00th=[ 2606], 10.00th=[ 2900], 20.00th=[ 3720],
     | 30.00th=[ 6063], 40.00th=[ 7963], 50.00th=[ 9634], 60.00th=[11207],
     | 70.00th=[12649], 80.00th=[15008], 90.00th=[18220], 95.00th=[20841],
     | 99.00th=[26870], 99.50th=[29492], 99.90th=[55837], 99.95th=[62129],
     | 99.99th=[95945]
   bw (  KiB/s): min= 1985, max=18560, per=99.69%, avg=9360.98, stdev=1568.00, samples=299
   iops        : min=   84, max=  662, avg=293.87, stdev=53.90, samples=597
  lat (usec)   : 20=0.01%, 100=0.01%, 250=0.02%, 1000=0.01%
  lat (msec)   : 2=0.01%, 4=21.54%, 10=30.65%, 20=41.35%, 50=6.29%
  lat (msec)   : 100=0.12%, 1000=0.01%
  cpu          : usr=0.67%, sys=7.38%, ctx=88084, majf=0, minf=70
  IO depths    : 1=0.1%, 2=0.1%, 4=100.0%, 8=0.0%, 16=0.0%, 32=0.0%, >=64=0.0%
     submit    : 0=0.0%, 4=100.0%, 8=0.0%, 16=0.0%, 32=0.0%, 64=0.0%, >=64=0.0%
     complete  : 0=0.0%, 4=100.0%, 8=0.0%, 16=0.0%, 32=0.0%, 64=0.0%, >=64=0.0%
     issued rwts: total=88023,0,0,0 short=0,0,0,0 dropped=0,0,0,0
     latency   : target=0, window=0, percentile=100.00%, depth=4

Run status group 0 (all jobs):
   READ: bw=9389KiB/s (9614kB/s), 9389KiB/s-9389KiB/s (9614kB/s-9614kB/s), io=2751MiB (2884MB), run=300001-300001msec

random-readers: (groupid=0, jobs=1): err= 0: pid=168440: Fri Jul 16 15:43:24 2021
  read: IOPS=461, BW=14.4MiB/s (15.1MB/s)(4330MiB/300010msec)
    slat (usec): min=20, max=67301, avg=2120.51, stdev=2611.42
    clat (usec): min=12, max=942260, avg=6501.52, stdev=9771.94
     lat (usec): min=120, max=942285, avg=8624.12, stdev=10151.99
    clat percentiles (usec):
     |  1.00th=[ 2245],  5.00th=[ 2343], 10.00th=[ 2442], 20.00th=[ 2638],
     | 30.00th=[ 2868], 40.00th=[ 3228], 50.00th=[ 4293], 60.00th=[ 6521],
     | 70.00th=[ 8586], 80.00th=[10421], 90.00th=[12256], 95.00th=[15270],
     | 99.00th=[20317], 99.50th=[22414], 99.90th=[30016], 99.95th=[42206],
     | 99.99th=[73925]
   bw (  KiB/s): min= 3328, max=21920, per=100.00%, avg=14788.75, stdev=2450.54, samples=300
   iops        : min=   90, max=  774, avg=465.05, stdev=81.99, samples=596
  lat (usec)   : 20=0.01%, 100=0.01%, 250=0.07%, 1000=0.02%
  lat (msec)   : 2=0.07%, 4=48.40%, 10=29.19%, 20=21.13%, 50=1.08%
  lat (msec)   : 100=0.03%, 1000=0.01%
  cpu          : usr=0.96%, sys=11.15%, ctx=138563, majf=0, minf=70
  IO depths    : 1=0.1%, 2=0.1%, 4=100.0%, 8=0.0%, 16=0.0%, 32=0.0%, >=64=0.0%
     submit    : 0=0.0%, 4=100.0%, 8=0.0%, 16=0.0%, 32=0.0%, 64=0.0%, >=64=0.0%
     complete  : 0=0.0%, 4=100.0%, 8=0.0%, 16=0.0%, 32=0.0%, 64=0.0%, >=64=0.0%
     issued rwts: total=138567,0,0,0 short=0,0,0,0 dropped=0,0,0,0
     latency   : target=0, window=0, percentile=100.00%, depth=4

Run status group 0 (all jobs):
   READ: bw=14.4MiB/s (15.1MB/s), 14.4MiB/s-14.4MiB/s (15.1MB/s-15.1MB/s), io=4330MiB (4541MB), run=300010-300010msec

random-readers: (groupid=0, jobs=1): err= 0: pid=170522: Fri Jul 16 15:43:24 2021
  read: IOPS=437, BW=13.7MiB/s (14.3MB/s)(4100MiB/300001msec)
    slat (usec): min=22, max=75182, avg=2236.54, stdev=2651.73
    clat (usec): min=14, max=951893, avg=6866.42, stdev=10080.43
     lat (usec): min=125, max=951919, avg=9105.57, stdev=10479.39
    clat percentiles (usec):
     |  1.00th=[ 2409],  5.00th=[ 2540], 10.00th=[ 2638], 20.00th=[ 2802],
     | 30.00th=[ 3032], 40.00th=[ 3425], 50.00th=[ 4817], 60.00th=[ 6980],
     | 70.00th=[ 8979], 80.00th=[10814], 90.00th=[12911], 95.00th=[16057],
     | 99.00th=[20841], 99.50th=[22938], 99.90th=[29754], 99.95th=[43779],
     | 99.99th=[80217]
   bw (  KiB/s): min= 3683, max=23232, per=100.00%, avg=14035.70, stdev=2425.36, samples=299
   iops        : min=  162, max=  772, avg=440.62, stdev=75.96, samples=595
  lat (usec)   : 20=0.01%, 250=0.07%, 1000=0.01%
  lat (msec)   : 2=0.08%, 4=45.36%, 10=29.82%, 20=23.26%, 50=1.37%
  lat (msec)   : 100=0.03%, 1000=0.01%
  cpu          : usr=0.98%, sys=11.56%, ctx=131234, majf=0, minf=70
  IO depths    : 1=0.1%, 2=0.1%, 4=100.0%, 8=0.0%, 16=0.0%, 32=0.0%, >=64=0.0%
     submit    : 0=0.0%, 4=100.0%, 8=0.0%, 16=0.0%, 32=0.0%, 64=0.0%, >=64=0.0%
     complete  : 0=0.0%, 4=100.0%, 8=0.0%, 16=0.0%, 32=0.0%, 64=0.0%, >=64=0.0%
     issued rwts: total=131214,0,0,0 short=0,0,0,0 dropped=0,0,0,0
     latency   : target=0, window=0, percentile=100.00%, depth=4

Run status group 0 (all jobs):
   READ: bw=13.7MiB/s (14.3MB/s), 13.7MiB/s-13.7MiB/s (14.3MB/s-14.3MB/s), io=4100MiB (4300MB), run=300001-300001msec

random-readers: (groupid=0, jobs=1): err= 0: pid=160277: Fri Jul 16 15:43:24 2021
  read: IOPS=446, BW=14.0MiB/s (14.6MB/s)(4190MiB/300005msec)
    slat (usec): min=20, max=81205, avg=2192.34, stdev=2787.31
    clat (usec): min=11, max=960485, avg=6718.81, stdev=10083.52
     lat (usec): min=118, max=960511, avg=8913.13, stdev=10495.83
    clat percentiles (usec):
     |  1.00th=[ 2278],  5.00th=[ 2409], 10.00th=[ 2507], 20.00th=[ 2704],
     | 30.00th=[ 2900], 40.00th=[ 3228], 50.00th=[ 4359], 60.00th=[ 6718],
     | 70.00th=[ 8848], 80.00th=[10683], 90.00th=[12911], 95.00th=[16057],
     | 99.00th=[21890], 99.50th=[25035], 99.90th=[34866], 99.95th=[42730],
     | 99.99th=[83362]
   bw (  KiB/s): min= 1793, max=21077, per=100.00%, avg=14309.60, stdev=2397.35, samples=300
   iops        : min=  112, max=  700, avg=449.96, stdev=72.37, samples=596
  lat (usec)   : 20=0.01%, 100=0.01%, 250=0.06%, 1000=0.01%
  lat (msec)   : 2=0.07%, 4=48.32%, 10=27.94%, 20=21.90%, 50=1.67%
  lat (msec)   : 100=0.02%, 1000=0.01%
  cpu          : usr=0.90%, sys=10.75%, ctx=134061, majf=0, minf=70
  IO depths    : 1=0.1%, 2=0.1%, 4=100.0%, 8=0.0%, 16=0.0%, 32=0.0%, >=64=0.0%
     submit    : 0=0.0%, 4=100.0%, 8=0.0%, 16=0.0%, 32=0.0%, 64=0.0%, >=64=0.0%
     complete  : 0=0.0%, 4=100.0%, 8=0.0%, 16=0.0%, 32=0.0%, 64=0.0%, >=64=0.0%
     issued rwts: total=134076,0,0,0 short=0,0,0,0 dropped=0,0,0,0
     latency   : target=0, window=0, percentile=100.00%, depth=4

Run status group 0 (all jobs):
   READ: bw=14.0MiB/s (14.6MB/s), 14.0MiB/s-14.0MiB/s (14.6MB/s-14.6MB/s), io=4190MiB (4393MB), run=300005-300005msec

random-readers: (groupid=0, jobs=1): err= 0: pid=155504: Fri Jul 16 15:43:24 2021
  read: IOPS=285, BW=9142KiB/s (9361kB/s)(2678MiB/300001msec)
    slat (usec): min=20, max=83508, avg=3460.90, stdev=3455.52
    clat (usec): min=10, max=941839, avg=10506.68, stdev=9854.25
     lat (usec): min=120, max=941865, avg=13969.60, stdev=10510.02
    clat percentiles (usec):
     |  1.00th=[ 2573],  5.00th=[ 2900], 10.00th=[ 3228], 20.00th=[ 4113],
     | 30.00th=[ 6390], 40.00th=[ 8356], 50.00th=[10028], 60.00th=[11469],
     | 70.00th=[12780], 80.00th=[15270], 90.00th=[18482], 95.00th=[21103],
     | 99.00th=[27132], 99.50th=[29492], 99.90th=[51643], 99.95th=[58459],
     | 99.99th=[95945]
   bw (  KiB/s): min= 4512, max=16048, per=99.70%, avg=9115.53, stdev=1431.90, samples=299
   iops        : min=  130, max=  620, avg=286.23, stdev=49.12, samples=597
  lat (usec)   : 20=0.01%, 100=0.01%, 250=0.02%, 1000=0.01%
  lat (msec)   : 2=0.02%, 4=19.31%, 10=30.75%, 20=43.03%, 50=6.76%
  lat (msec)   : 100=0.09%, 250=0.01%, 1000=0.01%
  cpu          : usr=0.52%, sys=6.82%, ctx=85800, majf=0, minf=70
  IO depths    : 1=0.1%, 2=0.1%, 4=100.0%, 8=0.0%, 16=0.0%, 32=0.0%, >=64=0.0%
     submit    : 0=0.0%, 4=100.0%, 8=0.0%, 16=0.0%, 32=0.0%, 64=0.0%, >=64=0.0%
     complete  : 0=0.0%, 4=100.0%, 8=0.0%, 16=0.0%, 32=0.0%, 64=0.0%, >=64=0.0%
     issued rwts: total=85707,0,0,0 short=0,0,0,0 dropped=0,0,0,0
     latency   : target=0, window=0, percentile=100.00%, depth=4

Run status group 0 (all jobs):
   READ: bw=9142KiB/s (9361kB/s), 9142KiB/s-9142KiB/s (9361kB/s-9361kB/s), io=2678MiB (2808MB), run=300001-300001msec

random-readers: (groupid=0, jobs=1): err= 0: pid=155043: Fri Jul 16 15:43:24 2021
  read: IOPS=425, BW=13.3MiB/s (13.9MB/s)(3991MiB/300001msec)
    slat (usec): min=21, max=268781, avg=2306.12, stdev=2822.38
    clat (usec): min=10, max=953325, avg=7054.73, stdev=9247.40
     lat (usec): min=118, max=953351, avg=9363.48, stdev=9739.46
    clat percentiles (usec):
     |  1.00th=[ 2245],  5.00th=[ 2409], 10.00th=[ 2573], 20.00th=[ 2868],
     | 30.00th=[ 3228], 40.00th=[ 3720], 50.00th=[ 5211], 60.00th=[ 7308],
     | 70.00th=[ 9241], 80.00th=[11076], 90.00th=[13173], 95.00th=[16319],
     | 99.00th=[21627], 99.50th=[24249], 99.90th=[33817], 99.95th=[41681],
     | 99.99th=[73925]
   bw (  KiB/s): min= 2914, max=25017, per=99.81%, avg=13596.45, stdev=2621.99, samples=299
   iops        : min=  114, max=  822, avg=427.40, stdev=85.98, samples=596
  lat (usec)   : 20=0.01%, 100=0.01%, 250=0.04%, 1000=0.01%
  lat (msec)   : 2=0.04%, 4=43.51%, 10=30.46%, 20=24.26%, 50=1.64%
  lat (msec)   : 100=0.03%, 500=0.01%, 1000=0.01%
  cpu          : usr=1.11%, sys=11.25%, ctx=127715, majf=0, minf=70
  IO depths    : 1=0.1%, 2=0.1%, 4=100.0%, 8=0.0%, 16=0.0%, 32=0.0%, >=64=0.0%
     submit    : 0=0.0%, 4=100.0%, 8=0.0%, 16=0.0%, 32=0.0%, 64=0.0%, >=64=0.0%
     complete  : 0=0.0%, 4=100.0%, 8=0.0%, 16=0.0%, 32=0.0%, 64=0.0%, >=64=0.0%
     issued rwts: total=127703,0,0,0 short=0,0,0,0 dropped=0,0,0,0
     latency   : target=0, window=0, percentile=100.00%, depth=4

Run status group 0 (all jobs):
   READ: bw=13.3MiB/s (13.9MB/s), 13.3MiB/s-13.3MiB/s (13.9MB/s-13.9MB/s), io=3991MiB (4185MB), run=300001-300001msec

random-readers: (groupid=0, jobs=1): err= 0: pid=157801: Fri Jul 16 15:43:24 2021
  read: IOPS=242, BW=7767KiB/s (7953kB/s)(2275MiB/300001msec)
    slat (usec): min=21, max=408560, avg=4075.20, stdev=4119.72
    clat (usec): min=11, max=945605, avg=12366.92, stdev=11132.28
     lat (usec): min=127, max=946516, avg=16444.35, stdev=11926.59
    clat percentiles (msec):
     |  1.00th=[    3],  5.00th=[    3], 10.00th=[    4], 20.00th=[    7],
     | 30.00th=[    9], 40.00th=[   11], 50.00th=[   12], 60.00th=[   14],
     | 70.00th=[   16], 80.00th=[   18], 90.00th=[   21], 95.00th=[   24],
     | 99.00th=[   31], 99.50th=[   35], 99.90th=[   62], 99.95th=[   73],
     | 99.99th=[  414]
   bw (  KiB/s): min= 1953, max=13952, per=99.72%, avg=7745.12, stdev=1257.44, samples=299
   iops        : min=  118, max=  511, avg=243.16, stdev=43.49, samples=597
  lat (usec)   : 20=0.01%, 250=0.03%, 1000=0.01%
  lat (msec)   : 2=0.01%, 4=12.07%, 10=26.88%, 20=49.27%, 50=11.57%
  lat (msec)   : 100=0.16%, 250=0.01%, 500=0.01%, 1000=0.01%
  cpu          : usr=0.55%, sys=6.04%, ctx=72895, majf=0, minf=70
  IO depths    : 1=0.1%, 2=0.1%, 4=100.0%, 8=0.0%, 16=0.0%, 32=0.0%, >=64=0.0%
     submit    : 0=0.0%, 4=100.0%, 8=0.0%, 16=0.0%, 32=0.0%, 64=0.0%, >=64=0.0%
     complete  : 0=0.0%, 4=100.0%, 8=0.0%, 16=0.0%, 32=0.0%, 64=0.0%, >=64=0.0%
     issued rwts: total=72814,0,0,0 short=0,0,0,0 dropped=0,0,0,0
     latency   : target=0, window=0, percentile=100.00%, depth=4

Run status group 0 (all jobs):
   READ: bw=7767KiB/s (7953kB/s), 7767KiB/s-7767KiB/s (7953kB/s-7953kB/s), io=2275MiB (2386MB), run=300001-300001msec

random-readers: (groupid=0, jobs=1): err= 0: pid=156169: Fri Jul 16 15:43:24 2021
  read: IOPS=209, BW=6697KiB/s (6858kB/s)(1962MiB/300001msec)
    slat (usec): min=23, max=63415, avg=4745.09, stdev=3829.61
    clat (usec): min=11, max=936569, avg=14341.19, stdev=9314.06
     lat (usec): min=130, max=936595, avg=19088.44, stdev=10178.48
    clat percentiles (usec):
     |  1.00th=[ 2671],  5.00th=[ 3556], 10.00th=[ 5800], 20.00th=[ 8586],
     | 30.00th=[10552], 40.00th=[12125], 50.00th=[13698], 60.00th=[15533],
     | 70.00th=[17433], 80.00th=[19530], 90.00th=[22676], 95.00th=[25560],
     | 99.00th=[32637], 99.50th=[36439], 99.90th=[57410], 99.95th=[65274],
     | 99.99th=[74974]
   bw (  KiB/s): min= 4132, max=14862, per=99.54%, avg=6666.91, stdev=1029.72, samples=299
   iops        : min=  122, max=  550, avg=209.12, stdev=36.82, samples=598
  lat (usec)   : 20=0.01%, 250=0.02%, 1000=0.01%
  lat (msec)   : 2=0.01%, 4=6.13%, 10=20.77%, 20=54.56%, 50=18.36%
  lat (msec)   : 100=0.14%, 1000=0.01%
  cpu          : usr=0.47%, sys=4.92%, ctx=62828, majf=0, minf=70
  IO depths    : 1=0.1%, 2=0.1%, 4=100.0%, 8=0.0%, 16=0.0%, 32=0.0%, >=64=0.0%
     submit    : 0=0.0%, 4=100.0%, 8=0.0%, 16=0.0%, 32=0.0%, 64=0.0%, >=64=0.0%
     complete  : 0=0.0%, 4=100.0%, 8=0.0%, 16=0.0%, 32=0.0%, 64=0.0%, >=64=0.0%
     issued rwts: total=62783,0,0,0 short=0,0,0,0 dropped=0,0,0,0
     latency   : target=0, window=0, percentile=100.00%, depth=4

Run status group 0 (all jobs):
   READ: bw=6697KiB/s (6858kB/s), 6697KiB/s-6697KiB/s (6858kB/s-6858kB/s), io=1962MiB (2057MB), run=300001-300001msec

random-readers: (groupid=0, jobs=1): err= 0: pid=165441: Fri Jul 16 15:43:24 2021
  read: IOPS=467, BW=14.6MiB/s (15.3MB/s)(4385MiB/300002msec)
    slat (usec): min=19, max=172573, avg=2092.79, stdev=2633.57
    clat (usec): min=13, max=934676, avg=6420.92, stdev=9717.93
     lat (usec): min=115, max=934700, avg=8515.94, stdev=10108.37
    clat percentiles (msec):
     |  1.00th=[    3],  5.00th=[    3], 10.00th=[    3], 20.00th=[    3],
     | 30.00th=[    3], 40.00th=[    4], 50.00th=[    4], 60.00th=[    7],
     | 70.00th=[    9], 80.00th=[   11], 90.00th=[   13], 95.00th=[   16],
     | 99.00th=[   21], 99.50th=[   23], 99.90th=[   34], 99.95th=[   42],
     | 99.99th=[  176]
   bw (  KiB/s): min= 1665, max=22624, per=100.00%, avg=14974.08, stdev=2560.47, samples=300
   iops        : min=   24, max=  708, avg=470.13, stdev=82.02, samples=597
  lat (usec)   : 20=0.01%, 100=0.01%, 250=0.06%, 1000=0.01%
  lat (msec)   : 2=0.07%, 4=50.49%, 10=27.66%, 20=20.44%, 50=1.23%
  lat (msec)   : 100=0.02%, 250=0.01%, 1000=0.01%
  cpu          : usr=1.10%, sys=11.84%, ctx=140340, majf=0, minf=70
  IO depths    : 1=0.1%, 2=0.1%, 4=100.0%, 8=0.0%, 16=0.0%, 32=0.0%, >=64=0.0%
     submit    : 0=0.0%, 4=100.0%, 8=0.0%, 16=0.0%, 32=0.0%, 64=0.0%, >=64=0.0%
     complete  : 0=0.0%, 4=100.0%, 8=0.0%, 16=0.0%, 32=0.0%, 64=0.0%, >=64=0.0%
     issued rwts: total=140309,0,0,0 short=0,0,0,0 dropped=0,0,0,0
     latency   : target=0, window=0, percentile=100.00%, depth=4

Run status group 0 (all jobs):
   READ: bw=14.6MiB/s (15.3MB/s), 14.6MiB/s-14.6MiB/s (15.3MB/s-15.3MB/s), io=4385MiB (4598MB), run=300002-300002msec

random-readers: (groupid=0, jobs=1): err= 0: pid=170689: Fri Jul 16 15:43:24 2021
  read: IOPS=434, BW=13.6MiB/s (14.2MB/s)(4074MiB/300001msec)
    slat (usec): min=22, max=94731, avg=2261.88, stdev=2826.02
    clat (usec): min=11, max=943571, avg=6910.75, stdev=9182.16
     lat (usec): min=125, max=943599, avg=9174.73, stdev=9655.55
    clat percentiles (usec):
     |  1.00th=[ 2278],  5.00th=[ 2409], 10.00th=[ 2540], 20.00th=[ 2737],
     | 30.00th=[ 3032], 40.00th=[ 3425], 50.00th=[ 4752], 60.00th=[ 7046],
     | 70.00th=[ 9110], 80.00th=[10945], 90.00th=[13173], 95.00th=[16450],
     | 99.00th=[22414], 99.50th=[25822], 99.90th=[35390], 99.95th=[39584],
     | 99.99th=[82314]
   bw (  KiB/s): min= 1217, max=22742, per=100.00%, avg=13912.82, stdev=2349.40, samples=300
   iops        : min=   24, max=  764, avg=435.26, stdev=77.86, samples=599
  lat (usec)   : 20=0.01%, 250=0.05%, 1000=0.01%
  lat (msec)   : 2=0.04%, 4=46.36%, 10=28.41%, 20=23.22%, 50=1.89%
  lat (msec)   : 100=0.02%, 1000=0.01%
  cpu          : usr=0.91%, sys=10.40%, ctx=130392, majf=0, minf=70
  IO depths    : 1=0.1%, 2=0.1%, 4=100.0%, 8=0.0%, 16=0.0%, 32=0.0%, >=64=0.0%
     submit    : 0=0.0%, 4=100.0%, 8=0.0%, 16=0.0%, 32=0.0%, 64=0.0%, >=64=0.0%
     complete  : 0=0.0%, 4=100.0%, 8=0.0%, 16=0.0%, 32=0.0%, 64=0.0%, >=64=0.0%
     issued rwts: total=130352,0,0,0 short=0,0,0,0 dropped=0,0,0,0
     latency   : target=0, window=0, percentile=100.00%, depth=4

Run status group 0 (all jobs):
   READ: bw=13.6MiB/s (14.2MB/s), 13.6MiB/s-13.6MiB/s (14.2MB/s-14.2MB/s), io=4074MiB (4271MB), run=300001-300001msec

random-readers: (groupid=0, jobs=1): err= 0: pid=158928: Fri Jul 16 15:43:24 2021
  read: IOPS=466, BW=14.6MiB/s (15.3MB/s)(4370MiB/300001msec)
    slat (usec): min=22, max=307428, avg=2098.36, stdev=2713.40
    clat (usec): min=10, max=938499, avg=6443.25, stdev=9802.02
     lat (usec): min=130, max=938525, avg=8544.04, stdev=10205.55
    clat percentiles (msec):
     |  1.00th=[    3],  5.00th=[    3], 10.00th=[    3], 20.00th=[    3],
     | 30.00th=[    3], 40.00th=[    4], 50.00th=[    5], 60.00th=[    7],
     | 70.00th=[    9], 80.00th=[   11], 90.00th=[   13], 95.00th=[   16],
     | 99.00th=[   21], 99.50th=[   23], 99.90th=[   33], 99.95th=[   43],
     | 99.99th=[  313]
   bw (  KiB/s): min= 2370, max=22006, per=99.91%, avg=14902.13, stdev=2532.99, samples=299
   iops        : min=  130, max=  743, avg=468.96, stdev=79.86, samples=595
  lat (usec)   : 20=0.01%, 250=0.07%, 1000=0.01%
  lat (msec)   : 2=0.07%, 4=49.78%, 10=28.34%, 20=20.61%, 50=1.08%
  lat (msec)   : 100=0.02%, 500=0.01%, 1000=0.01%
  cpu          : usr=1.17%, sys=12.30%, ctx=139831, majf=0, minf=70
  IO depths    : 1=0.1%, 2=0.1%, 4=100.0%, 8=0.0%, 16=0.0%, 32=0.0%, >=64=0.0%
     submit    : 0=0.0%, 4=100.0%, 8=0.0%, 16=0.0%, 32=0.0%, 64=0.0%, >=64=0.0%
     complete  : 0=0.0%, 4=100.0%, 8=0.0%, 16=0.0%, 32=0.0%, 64=0.0%, >=64=0.0%
     issued rwts: total=139838,0,0,0 short=0,0,0,0 dropped=0,0,0,0
     latency   : target=0, window=0, percentile=100.00%, depth=4

Run status group 0 (all jobs):
   READ: bw=14.6MiB/s (15.3MB/s), 14.6MiB/s-14.6MiB/s (15.3MB/s-15.3MB/s), io=4370MiB (4582MB), run=300001-300001msec


Batch Job Summary Report (version 21.01.1) for Job "fioRandRead" (1470923) on tave

Job information (1/2)
-----------------------------------------------------------------------------------------------------
             Submit            Eligible               Start                 End    Elapsed Time limit
------------------- ------------------- ------------------- ------------------- ---------- ----------
2021-07-16T15:38:13 2021-07-16T15:38:13 2021-07-16T15:38:14 2021-07-16T15:43:27   00:05:13   00:15:00
-----------------------------------------------------------------------------------------------------

Job information (2/2)
-------------------------------------------------------------
    Username      Account    Partition   NNodes        Energy
------------ ------------ ------------ -------- -------------
    afilipci         g138       normal       32   1256.324 kJ

