random-writers: (g=0): rw=randwrite, bs=(R) 32.0KiB-32.0KiB, (W) 32.0KiB-32.0KiB, (T) 32.0KiB-32.0KiB, ioengine=libaio, iodepth=4
...
fio-3.27-32-g77c7-dirty
Starting 2 processes
random-writers: Laying out IO file (1 file / 1024MiB)

random-writers: (groupid=0, jobs=1): err= 0: pid=110830: Tue Jul 20 11:34:23 2021
  write: IOPS=2622, BW=81.9MiB/s (85.9MB/s)(24.0GiB/300134msec); 0 zone resets
    slat (usec): min=92, max=1507.0k, avg=358.05, stdev=8934.08
    clat (usec): min=18, max=1507.4k, avg=1148.47, stdev=16024.87
     lat (usec): min=151, max=1507.5k, avg=1507.64, stdev=18587.88
    clat percentiles (usec):
     |  1.00th=[   408],  5.00th=[   416], 10.00th=[   420], 20.00th=[   424],
     | 30.00th=[   429], 40.00th=[   433], 50.00th=[   437], 60.00th=[   453],
     | 70.00th=[   474], 80.00th=[   490], 90.00th=[   529], 95.00th=[   545],
     | 99.00th=[   644], 99.50th=[   832], 99.90th=[283116], 99.95th=[358613],
     | 99.99th=[557843]
   bw (  KiB/s): min=   21, max=1790601, per=45.75%, avg=71984.55, stdev=9536.43, samples=786995
   iops        : min=    2, max= 7242, avg=2723.00, stdev=3072.99, samples=578
  lat (usec)   : 20=0.01%, 50=0.01%, 250=0.01%, 500=83.88%, 750=15.50%
  lat (usec)   : 1000=0.24%
  lat (msec)   : 2=0.04%, 4=0.01%, 10=0.01%, 20=0.02%, 50=0.03%
  lat (msec)   : 100=0.05%, 250=0.11%, 500=0.10%, 750=0.01%, 1000=0.01%
  lat (msec)   : 2000=0.01%
  cpu          : usr=3.54%, sys=39.04%, ctx=1439, majf=0, minf=6198
  IO depths    : 1=0.1%, 2=0.1%, 4=100.0%, 8=0.0%, 16=0.0%, 32=0.0%, >=64=0.0%
     submit    : 0=0.0%, 4=100.0%, 8=0.0%, 16=0.0%, 32=0.0%, 64=0.0%, >=64=0.0%
     complete  : 0=0.0%, 4=100.0%, 8=0.0%, 16=0.0%, 32=0.0%, 64=0.0%, >=64=0.0%
     issued rwts: total=0,786995,0,0 short=0,0,0,0 dropped=0,0,0,0
     latency   : target=0, window=0, percentile=100.00%, depth=4
random-writers: (groupid=0, jobs=1): err= 0: pid=110831: Tue Jul 20 11:34:23 2021
  write: IOPS=2296, BW=71.8MiB/s (75.2MB/s)(21.0GiB/300024msec); 0 zone resets
    slat (usec): min=93, max=1609.3k, avg=410.41, stdev=10382.83
    clat (usec): min=18, max=1609.8k, avg=1310.98, stdev=18498.66
     lat (usec): min=153, max=1610.0k, avg=1722.59, stdev=21321.74
    clat percentiles (usec):
     |  1.00th=[   408],  5.00th=[   416], 10.00th=[   420], 20.00th=[   424],
     | 30.00th=[   433], 40.00th=[   453], 50.00th=[   469], 60.00th=[   482],
     | 70.00th=[   498], 80.00th=[   523], 90.00th=[   545], 95.00th=[   578],
     | 99.00th=[   725], 99.50th=[   971], 99.90th=[312476], 99.95th=[429917],
     | 99.99th=[650118]
   bw (  KiB/s): min=   20, max=1817415, per=44.07%, avg=69351.39, stdev=10718.15, samples=688881
   iops        : min=    2, max= 7236, avg=2400.25, stdev=2773.39, samples=574
  lat (usec)   : 20=0.01%, 50=0.01%, 250=0.01%, 500=70.45%, 750=28.65%
  lat (usec)   : 1000=0.42%
  lat (msec)   : 2=0.09%, 4=0.01%, 10=0.02%, 20=0.02%, 50=0.04%
  lat (msec)   : 100=0.05%, 250=0.12%, 500=0.11%, 750=0.02%, 1000=0.01%
  lat (msec)   : 2000=0.01%
  cpu          : usr=3.25%, sys=35.81%, ctx=1217, majf=0, minf=5433
  IO depths    : 1=0.1%, 2=0.1%, 4=100.0%, 8=0.0%, 16=0.0%, 32=0.0%, >=64=0.0%
     submit    : 0=0.0%, 4=100.0%, 8=0.0%, 16=0.0%, 32=0.0%, 64=0.0%, >=64=0.0%
     complete  : 0=0.0%, 4=100.0%, 8=0.0%, 16=0.0%, 32=0.0%, 64=0.0%, >=64=0.0%
     issued rwts: total=0,688881,0,0 short=0,0,0,0 dropped=0,0,0,0
     latency   : target=0, window=0, percentile=100.00%, depth=4

Run status group 0 (all jobs):
  WRITE: bw=154MiB/s (161MB/s), 71.8MiB/s-81.9MiB/s (75.2MB/s-85.9MB/s), io=45.0GiB (48.4GB), run=300024-300134msec


Batch Job Summary Report (version 21.01.1) for Job "fioRandWrite" (1471014) on tave

Job information (1/2)
-----------------------------------------------------------------------------------------------------
             Submit            Eligible               Start                 End    Elapsed Time limit
------------------- ------------------- ------------------- ------------------- ---------- ----------
2021-07-20T11:29:17 2021-07-20T11:29:17 2021-07-20T11:29:18 2021-07-20T11:34:27   00:05:09   00:15:00
-----------------------------------------------------------------------------------------------------

Job information (2/2)
-------------------------------------------------------------
    Username      Account    Partition   NNodes        Energy
------------ ------------ ------------ -------- -------------
    afilipci         g138       normal        1     39.739 kJ

