random-writers: (g=0): rw=randwrite, bs=(R) 32.0KiB-32.0KiB, (W) 32.0KiB-32.0KiB, (T) 32.0KiB-32.0KiB, ioengine=libaio, iodepth=4
fio-3.27-32-g77c7-dirty
Starting 1 process
random-writers: Laying out IO file (1 file / 1024MiB)

random-writers: (groupid=0, jobs=1): err= 0: pid=109388: Tue Jul 20 11:28:39 2021
  write: IOPS=2622, BW=82.0MiB/s (85.9MB/s)(24.0GiB/300224msec); 0 zone resets
    slat (usec): min=92, max=1210.0k, avg=359.03, stdev=8868.68
    clat (usec): min=18, max=1210.6k, avg=1148.02, stdev=15814.96
     lat (usec): min=148, max=1503.5k, avg=1508.17, stdev=18257.85
    clat percentiles (usec):
     |  1.00th=[   400],  5.00th=[   408], 10.00th=[   412], 20.00th=[   416],
     | 30.00th=[   416], 40.00th=[   420], 50.00th=[   429], 60.00th=[   441],
     | 70.00th=[   453], 80.00th=[   474], 90.00th=[   502], 95.00th=[   529],
     | 99.00th=[   594], 99.50th=[   750], 99.90th=[291505], 99.95th=[379585],
     | 99.99th=[549454]
   bw (  KiB/s): min=   27, max=1789623, per=88.32%, avg=74129.21, stdev=9456.20, samples=787466
   iops        : min=    4, max= 7374, avg=2692.29, stdev=3151.88, samples=585
  lat (usec)   : 20=0.01%, 50=0.01%, 250=0.01%, 500=89.47%, 750=10.03%
  lat (usec)   : 1000=0.14%
  lat (msec)   : 2=0.02%, 4=0.01%, 10=0.01%, 20=0.01%, 50=0.03%
  lat (msec)   : 100=0.04%, 250=0.09%, 500=0.11%, 750=0.01%, 1000=0.01%
  lat (msec)   : 2000=0.01%
  cpu          : usr=3.55%, sys=37.62%, ctx=1402, majf=0, minf=6203
  IO depths    : 1=0.1%, 2=0.1%, 4=100.0%, 8=0.0%, 16=0.0%, 32=0.0%, >=64=0.0%
     submit    : 0=0.0%, 4=100.0%, 8=0.0%, 16=0.0%, 32=0.0%, 64=0.0%, >=64=0.0%
     complete  : 0=0.0%, 4=100.0%, 8=0.0%, 16=0.0%, 32=0.0%, 64=0.0%, >=64=0.0%
     issued rwts: total=0,787466,0,0 short=0,0,0,0 dropped=0,0,0,0
     latency   : target=0, window=0, percentile=100.00%, depth=4

Run status group 0 (all jobs):
  WRITE: bw=82.0MiB/s (85.9MB/s), 82.0MiB/s-82.0MiB/s (85.9MB/s-85.9MB/s), io=24.0GiB (25.8GB), run=300224-300224msec


Batch Job Summary Report (version 21.01.1) for Job "fioRandWrite" (1471013) on tave

Job information (1/2)
-----------------------------------------------------------------------------------------------------
             Submit            Eligible               Start                 End    Elapsed Time limit
------------------- ------------------- ------------------- ------------------- ---------- ----------
2021-07-20T11:23:34 2021-07-20T11:23:34 2021-07-20T11:23:34 2021-07-20T11:28:42   00:05:08   00:15:00
-----------------------------------------------------------------------------------------------------

Job information (2/2)
-------------------------------------------------------------
    Username      Account    Partition   NNodes        Energy
------------ ------------ ------------ -------- -------------
    afilipci         g138       normal        1     39.291 kJ

