random-writers: (g=0): rw=randwrite, bs=(R) 32.0KiB-32.0KiB, (W) 32.0KiB-32.0KiB, (T) 32.0KiB-32.0KiB, ioengine=libaio, iodepth=4
...
fio-3.27-32-g77c7-dirty
Starting 32 processes
random-writers: Laying out IO file (1 file / 1024MiB)
random-writers: Laying out IO file (1 file / 1024MiB)
random-writers: Laying out IO file (1 file / 1024MiB)
random-writers: Laying out IO file (1 file / 1024MiB)
random-writers: Laying out IO file (1 file / 1024MiB)
random-writers: Laying out IO file (1 file / 1024MiB)
random-writers: Laying out IO file (1 file / 1024MiB)
random-writers: Laying out IO file (1 file / 1024MiB)
random-writers: Laying out IO file (1 file / 1024MiB)
random-writers: Laying out IO file (1 file / 1024MiB)
random-writers: Laying out IO file (1 file / 1024MiB)
random-writers: Laying out IO file (1 file / 1024MiB)
random-writers: Laying out IO file (1 file / 1024MiB)
random-writers: Laying out IO file (1 file / 1024MiB)
random-writers: Laying out IO file (1 file / 1024MiB)
random-writers: Laying out IO file (1 file / 1024MiB)

random-writers: (groupid=0, jobs=1): err= 0: pid=200245: Tue Jul 20 12:05:37 2021
  write: IOPS=514, BW=16.1MiB/s (16.9MB/s)(4825MiB/300160msec); 0 zone resets
    slat (usec): min=105, max=453252, avg=1895.72, stdev=14260.33
    clat (usec): min=19, max=1223.2k, avg=5839.19, stdev=26237.01
     lat (usec): min=200, max=1223.5k, avg=7736.97, stdev=29589.62
    clat percentiles (usec):
     |  1.00th=[   553],  5.00th=[   586], 10.00th=[   603], 20.00th=[   635],
     | 30.00th=[   676], 40.00th=[   725], 50.00th=[   775], 60.00th=[   832],
     | 70.00th=[   898], 80.00th=[  1012], 90.00th=[  1336], 95.00th=[ 27395],
     | 99.00th=[139461], 99.50th=[183501], 99.90th=[270533], 99.95th=[299893],
     | 99.99th=[438305]
   bw (  KiB/s): min=   26, max=1676026, per=4.04%, avg=39857.83, stdev=17128.42, samples=154384
   iops        : min=   46, max= 4316, avg=519.89, stdev=265.43, samples=594
  lat (usec)   : 20=0.01%, 50=0.01%, 250=0.01%, 500=0.05%, 750=45.44%
  lat (usec)   : 1000=33.87%
  lat (msec)   : 2=11.67%, 4=0.47%, 10=1.30%, 20=1.43%, 50=2.42%
  lat (msec)   : 100=1.79%, 250=1.40%, 500=0.15%, 2000=0.01%
  cpu          : usr=1.19%, sys=13.87%, ctx=5009, majf=0, minf=1259
  IO depths    : 1=0.1%, 2=0.1%, 4=100.0%, 8=0.0%, 16=0.0%, 32=0.0%, >=64=0.0%
     submit    : 0=0.0%, 4=100.0%, 8=0.0%, 16=0.0%, 32=0.0%, 64=0.0%, >=64=0.0%
     complete  : 0=0.0%, 4=100.0%, 8=0.0%, 16=0.0%, 32=0.0%, 64=0.0%, >=64=0.0%
     issued rwts: total=0,154384,0,0 short=0,0,0,0 dropped=0,0,0,0
     latency   : target=0, window=0, percentile=100.00%, depth=4
random-writers: (groupid=0, jobs=1): err= 0: pid=200246: Tue Jul 20 12:05:37 2021
  write: IOPS=527, BW=16.5MiB/s (17.3MB/s)(4951MiB/300160msec); 0 zone resets
    slat (usec): min=102, max=454879, avg=1846.98, stdev=14159.19
    clat (usec): min=19, max=1205.3k, avg=5689.65, stdev=26128.02
     lat (usec): min=190, max=1205.4k, avg=7538.48, stdev=29464.57
    clat percentiles (usec):
     |  1.00th=[   553],  5.00th=[   578], 10.00th=[   594], 20.00th=[   619],
     | 30.00th=[   652], 40.00th=[   685], 50.00th=[   725], 60.00th=[   775],
     | 70.00th=[   840], 80.00th=[   930], 90.00th=[  1237], 95.00th=[ 25822],
     | 99.00th=[139461], 99.50th=[183501], 99.90th=[270533], 99.95th=[299893],
     | 99.99th=[455082]
   bw (  KiB/s): min=   27, max=1684730, per=4.24%, avg=41771.61, stdev=17684.46, samples=158432
   iops        : min=    8, max= 4352, avg=531.75, stdev=261.98, samples=596
  lat (usec)   : 20=0.01%, 50=0.01%, 250=0.01%, 500=0.03%, 750=54.83%
  lat (usec)   : 1000=29.00%
  lat (msec)   : 2=7.42%, 4=0.48%, 10=1.27%, 20=1.37%, 50=2.33%
  lat (msec)   : 100=1.71%, 250=1.38%, 500=0.15%, 1000=0.01%, 2000=0.01%
  cpu          : usr=1.09%, sys=13.71%, ctx=4990, majf=0, minf=1292
  IO depths    : 1=0.1%, 2=0.1%, 4=100.0%, 8=0.0%, 16=0.0%, 32=0.0%, >=64=0.0%
     submit    : 0=0.0%, 4=100.0%, 8=0.0%, 16=0.0%, 32=0.0%, 64=0.0%, >=64=0.0%
     complete  : 0=0.0%, 4=100.0%, 8=0.0%, 16=0.0%, 32=0.0%, 64=0.0%, >=64=0.0%
     issued rwts: total=0,158432,0,0 short=0,0,0,0 dropped=0,0,0,0
     latency   : target=0, window=0, percentile=100.00%, depth=4
random-writers: (groupid=0, jobs=1): err= 0: pid=200247: Tue Jul 20 12:05:37 2021
  write: IOPS=1019, BW=31.8MiB/s (33.4MB/s)(9554MiB/300001msec); 0 zone resets
    slat (usec): min=96, max=576001, avg=931.59, stdev=8185.21
    clat (usec): min=17, max=1205.5k, avg=2948.95, stdev=17185.59
     lat (usec): min=193, max=1205.7k, avg=3882.38, stdev=18979.98
    clat percentiles (usec):
     |  1.00th=[   529],  5.00th=[   562], 10.00th=[   586], 20.00th=[   611],
     | 30.00th=[   644], 40.00th=[   668], 50.00th=[   709], 60.00th=[   742],
     | 70.00th=[   791], 80.00th=[   848], 90.00th=[   988], 95.00th=[  4015],
     | 99.00th=[ 67634], 99.50th=[106431], 99.90th=[185598], 99.95th=[233833],
     | 99.99th=[557843]
   bw (  KiB/s): min=   27, max=1836771, per=4.50%, avg=44378.07, stdev=15159.54, samples=305717
   iops        : min=   12, max= 5038, avg=1033.62, stdev=461.18, samples=591
  lat (usec)   : 20=0.01%, 50=0.01%, 250=0.01%, 500=0.29%, 750=61.21%
  lat (usec)   : 1000=28.88%
  lat (msec)   : 2=4.24%, 4=0.38%, 10=0.91%, 20=1.13%, 50=1.56%
  lat (msec)   : 100=0.84%, 250=0.51%, 500=0.03%, 750=0.01%, 1000=0.01%
  lat (msec)   : 2000=0.01%
  cpu          : usr=2.18%, sys=25.65%, ctx=6199, majf=0, minf=2443
  IO depths    : 1=0.1%, 2=0.1%, 4=100.0%, 8=0.0%, 16=0.0%, 32=0.0%, >=64=0.0%
     submit    : 0=0.0%, 4=100.0%, 8=0.0%, 16=0.0%, 32=0.0%, 64=0.0%, >=64=0.0%
     complete  : 0=0.0%, 4=100.0%, 8=0.0%, 16=0.0%, 32=0.0%, 64=0.0%, >=64=0.0%
     issued rwts: total=0,305717,0,0 short=0,0,0,0 dropped=0,0,0,0
     latency   : target=0, window=0, percentile=100.00%, depth=4
random-writers: (groupid=0, jobs=1): err= 0: pid=200248: Tue Jul 20 12:05:37 2021
  write: IOPS=1134, BW=35.5MiB/s (37.2MB/s)(10.4GiB/300002msec); 0 zone resets
    slat (usec): min=97, max=735400, avg=840.22, stdev=8695.89
    clat (usec): min=18, max=956834, avg=2648.91, stdev=16690.52
     lat (usec): min=163, max=957327, avg=3490.84, stdev=18786.15
    clat percentiles (usec):
     |  1.00th=[   482],  5.00th=[   529], 10.00th=[   553], 20.00th=[   578],
     | 30.00th=[   603], 40.00th=[   627], 50.00th=[   652], 60.00th=[   685],
     | 70.00th=[   717], 80.00th=[   775], 90.00th=[   881], 95.00th=[  1139],
     | 99.00th=[ 61080], 99.50th=[108528], 99.90th=[221250], 99.95th=[278922],
     | 99.99th=[566232]
   bw (  KiB/s): min=   34, max=1810386, per=4.89%, avg=48220.79, stdev=14673.95, samples=340493
   iops        : min=   28, max= 5206, avg=1143.39, stdev=799.29, samples=595
  lat (usec)   : 20=0.01%, 50=0.01%, 250=0.01%, 500=1.98%, 750=74.38%
  lat (usec)   : 1000=17.26%
  lat (msec)   : 2=2.26%, 4=0.30%, 10=0.68%, 20=0.73%, 50=1.20%
  lat (msec)   : 100=0.64%, 250=0.50%, 500=0.06%, 750=0.01%, 1000=0.01%
  cpu          : usr=2.32%, sys=25.71%, ctx=5275, majf=0, minf=2715
  IO depths    : 1=0.1%, 2=0.1%, 4=100.0%, 8=0.0%, 16=0.0%, 32=0.0%, >=64=0.0%
     submit    : 0=0.0%, 4=100.0%, 8=0.0%, 16=0.0%, 32=0.0%, 64=0.0%, >=64=0.0%
     complete  : 0=0.0%, 4=100.0%, 8=0.0%, 16=0.0%, 32=0.0%, 64=0.0%, >=64=0.0%
     issued rwts: total=0,340493,0,0 short=0,0,0,0 dropped=0,0,0,0
     latency   : target=0, window=0, percentile=100.00%, depth=4
random-writers: (groupid=0, jobs=1): err= 0: pid=200249: Tue Jul 20 12:05:37 2021
  write: IOPS=1104, BW=34.5MiB/s (36.2MB/s)(10.1GiB/300007msec); 0 zone resets
    slat (usec): min=95, max=541833, avg=856.78, stdev=7853.89
    clat (usec): min=17, max=1205.5k, avg=2721.04, stdev=16339.99
     lat (usec): min=199, max=1205.7k, avg=3579.71, stdev=18090.11
    clat percentiles (usec):
     |  1.00th=[   523],  5.00th=[   562], 10.00th=[   578], 20.00th=[   611],
     | 30.00th=[   644], 40.00th=[   676], 50.00th=[   717], 60.00th=[   758],
     | 70.00th=[   807], 80.00th=[   873], 90.00th=[  1037], 95.00th=[  1680],
     | 99.00th=[ 58459], 99.50th=[ 94897], 99.90th=[193987], 99.95th=[235930],
     | 99.99th=[509608]
   bw (  KiB/s): min=   27, max=1835639, per=4.47%, avg=44053.96, stdev=14669.01, samples=331497
   iops        : min=   28, max= 5148, avg=1120.35, stdev=554.73, samples=591
  lat (usec)   : 20=0.01%, 50=0.01%, 250=0.01%, 500=0.46%, 750=58.61%
  lat (usec)   : 1000=29.61%
  lat (msec)   : 2=6.39%, 4=0.38%, 10=0.82%, 20=1.02%, 50=1.47%
  lat (msec)   : 100=0.77%, 250=0.41%, 500=0.03%, 750=0.01%, 1000=0.01%
  lat (msec)   : 2000=0.01%
  cpu          : usr=2.41%, sys=27.98%, ctx=6102, majf=0, minf=2644
  IO depths    : 1=0.1%, 2=0.1%, 4=100.0%, 8=0.0%, 16=0.0%, 32=0.0%, >=64=0.0%
     submit    : 0=0.0%, 4=100.0%, 8=0.0%, 16=0.0%, 32=0.0%, 64=0.0%, >=64=0.0%
     complete  : 0=0.0%, 4=100.0%, 8=0.0%, 16=0.0%, 32=0.0%, 64=0.0%, >=64=0.0%
     issued rwts: total=0,331497,0,0 short=0,0,0,0 dropped=0,0,0,0
     latency   : target=0, window=0, percentile=100.00%, depth=4
random-writers: (groupid=0, jobs=1): err= 0: pid=200250: Tue Jul 20 12:05:37 2021
  write: IOPS=698, BW=21.8MiB/s (22.9MB/s)(6546MiB/300001msec); 0 zone resets
    slat (usec): min=101, max=486784, avg=1381.03, stdev=10710.11
    clat (usec): min=13, max=1186.7k, avg=4302.22, stdev=20941.68
     lat (usec): min=192, max=1187.0k, avg=5685.13, stdev=23359.47
    clat percentiles (usec):
     |  1.00th=[   545],  5.00th=[   578], 10.00th=[   594], 20.00th=[   627],
     | 30.00th=[   660], 40.00th=[   693], 50.00th=[   734], 60.00th=[   783],
     | 70.00th=[   840], 80.00th=[   922], 90.00th=[  1172], 95.00th=[ 19006],
     | 99.00th=[ 90702], 99.50th=[127402], 99.90th=[229639], 99.95th=[304088],
     | 99.99th=[488637]
   bw (  KiB/s): min=   27, max=2510957, per=4.24%, avg=41755.67, stdev=17770.51, samples=209473
   iops        : min=   12, max= 5064, avg=710.39, stdev=340.74, samples=589
  lat (usec)   : 20=0.01%, 50=0.01%, 250=0.01%, 500=0.11%, 750=53.55%
  lat (usec)   : 1000=31.30%
  lat (msec)   : 2=6.96%, 4=0.48%, 10=1.19%, 20=1.52%, 50=2.52%
  lat (msec)   : 100=1.52%, 250=0.75%, 500=0.07%, 2000=0.01%
  cpu          : usr=1.57%, sys=18.32%, ctx=6185, majf=0, minf=1689
  IO depths    : 1=0.1%, 2=0.1%, 4=100.0%, 8=0.0%, 16=0.0%, 32=0.0%, >=64=0.0%
     submit    : 0=0.0%, 4=100.0%, 8=0.0%, 16=0.0%, 32=0.0%, 64=0.0%, >=64=0.0%
     complete  : 0=0.0%, 4=100.0%, 8=0.0%, 16=0.0%, 32=0.0%, 64=0.0%, >=64=0.0%
     issued rwts: total=0,209473,0,0 short=0,0,0,0 dropped=0,0,0,0
     latency   : target=0, window=0, percentile=100.00%, depth=4
random-writers: (groupid=0, jobs=1): err= 0: pid=200251: Tue Jul 20 12:05:37 2021
  write: IOPS=1055, BW=33.0MiB/s (34.6MB/s)(9894MiB/300001msec); 0 zone resets
    slat (usec): min=96, max=578629, avg=900.42, stdev=7813.73
    clat (usec): min=16, max=1123.6k, avg=2848.65, stdev=16312.04
     lat (usec): min=202, max=1123.8k, avg=3750.93, stdev=18027.15
    clat percentiles (usec):
     |  1.00th=[   523],  5.00th=[   562], 10.00th=[   586], 20.00th=[   611],
     | 30.00th=[   644], 40.00th=[   676], 50.00th=[   709], 60.00th=[   750],
     | 70.00th=[   799], 80.00th=[   857], 90.00th=[  1012], 95.00th=[  3556],
     | 99.00th=[ 63177], 99.50th=[ 99091], 99.90th=[185598], 99.95th=[212861],
     | 99.99th=[557843]
   bw (  KiB/s): min=   29, max=1952800, per=4.48%, avg=44122.08, stdev=14510.89, samples=316610
   iops        : min=   18, max= 4996, avg=1072.03, stdev=464.03, samples=590
  lat (usec)   : 20=0.01%, 50=0.01%, 250=0.01%, 500=0.35%, 750=59.61%
  lat (usec)   : 1000=29.59%
  lat (msec)   : 2=5.13%, 4=0.40%, 10=0.89%, 20=1.10%, 50=1.58%
  lat (msec)   : 100=0.85%, 250=0.46%, 500=0.02%, 750=0.01%, 1000=0.01%
  lat (msec)   : 2000=0.01%
  cpu          : usr=2.25%, sys=26.47%, ctx=6265, majf=0, minf=2529
  IO depths    : 1=0.1%, 2=0.1%, 4=100.0%, 8=0.0%, 16=0.0%, 32=0.0%, >=64=0.0%
     submit    : 0=0.0%, 4=100.0%, 8=0.0%, 16=0.0%, 32=0.0%, 64=0.0%, >=64=0.0%
     complete  : 0=0.0%, 4=100.0%, 8=0.0%, 16=0.0%, 32=0.0%, 64=0.0%, >=64=0.0%
     issued rwts: total=0,316610,0,0 short=0,0,0,0 dropped=0,0,0,0
     latency   : target=0, window=0, percentile=100.00%, depth=4
random-writers: (groupid=0, jobs=1): err= 0: pid=200252: Tue Jul 20 12:05:37 2021
  write: IOPS=1250, BW=39.1MiB/s (41.0MB/s)(11.5GiB/300055msec); 0 zone resets
    slat (usec): min=102, max=350406, avg=751.86, stdev=7183.49
    clat (usec): min=18, max=1232.0k, avg=2404.70, stdev=15620.58
     lat (usec): min=184, max=1232.4k, avg=3158.30, stdev=17145.66
    clat percentiles (usec):
     |  1.00th=[   515],  5.00th=[   553], 10.00th=[   570], 20.00th=[   594],
     | 30.00th=[   619], 40.00th=[   652], 50.00th=[   685], 60.00th=[   717],
     | 70.00th=[   750], 80.00th=[   791], 90.00th=[   881], 95.00th=[  1074],
     | 99.00th=[ 62653], 99.50th=[100140], 99.90th=[168821], 99.95th=[202376],
     | 99.99th=[333448]
   bw (  KiB/s): min=   26, max=1784749, per=4.75%, avg=46794.47, stdev=13680.57, samples=375240
   iops        : min=   28, max= 5042, avg=1277.35, stdev=634.66, samples=587
  lat (usec)   : 20=0.01%, 50=0.01%, 250=0.01%, 500=0.51%, 750=69.78%
  lat (usec)   : 1000=23.73%
  lat (msec)   : 2=2.59%, 4=0.18%, 10=0.50%, 20=0.57%, 50=0.93%
  lat (msec)   : 100=0.72%, 250=0.47%, 500=0.02%, 1000=0.01%, 2000=0.01%
  cpu          : usr=2.59%, sys=30.13%, ctx=4930, majf=0, minf=2986
  IO depths    : 1=0.1%, 2=0.1%, 4=100.0%, 8=0.0%, 16=0.0%, 32=0.0%, >=64=0.0%
     submit    : 0=0.0%, 4=100.0%, 8=0.0%, 16=0.0%, 32=0.0%, 64=0.0%, >=64=0.0%
     complete  : 0=0.0%, 4=100.0%, 8=0.0%, 16=0.0%, 32=0.0%, 64=0.0%, >=64=0.0%
     issued rwts: total=0,375240,0,0 short=0,0,0,0 dropped=0,0,0,0
     latency   : target=0, window=0, percentile=100.00%, depth=4
random-writers: (groupid=0, jobs=1): err= 0: pid=200253: Tue Jul 20 12:05:37 2021
  write: IOPS=1127, BW=35.2MiB/s (36.9MB/s)(10.3GiB/300059msec); 0 zone resets
    slat (usec): min=102, max=472397, avg=839.66, stdev=8116.39
    clat (usec): min=18, max=1188.0k, avg=2667.44, stdev=16734.61
     lat (usec): min=193, max=1188.2k, avg=3508.90, stdev=18562.86
    clat percentiles (usec):
     |  1.00th=[   506],  5.00th=[   545], 10.00th=[   570], 20.00th=[   594],
     | 30.00th=[   627], 40.00th=[   652], 50.00th=[   685], 60.00th=[   725],
     | 70.00th=[   766], 80.00th=[   824], 90.00th=[   938], 95.00th=[  1156],
     | 99.00th=[ 68682], 99.50th=[112722], 99.90th=[183501], 99.95th=[214959],
     | 99.99th=[450888]
   bw (  KiB/s): min=   27, max=1788646, per=4.68%, avg=46163.20, stdev=13821.11, samples=338220
   iops        : min=   40, max= 5102, avg=1149.35, stdev=571.00, samples=588
  lat (usec)   : 20=0.01%, 50=0.01%, 250=0.01%, 500=0.69%, 750=66.12%
  lat (usec)   : 1000=25.51%
  lat (msec)   : 2=3.96%, 4=0.21%, 10=0.52%, 20=0.61%, 50=1.02%
  lat (msec)   : 100=0.71%, 250=0.60%, 500=0.02%, 1000=0.01%, 2000=0.01%
  cpu          : usr=2.38%, sys=27.48%, ctx=4718, majf=0, minf=2696
  IO depths    : 1=0.1%, 2=0.1%, 4=100.0%, 8=0.0%, 16=0.0%, 32=0.0%, >=64=0.0%
     submit    : 0=0.0%, 4=100.0%, 8=0.0%, 16=0.0%, 32=0.0%, 64=0.0%, >=64=0.0%
     complete  : 0=0.0%, 4=100.0%, 8=0.0%, 16=0.0%, 32=0.0%, 64=0.0%, >=64=0.0%
     issued rwts: total=0,338220,0,0 short=0,0,0,0 dropped=0,0,0,0
     latency   : target=0, window=0, percentile=100.00%, depth=4
random-writers: (groupid=0, jobs=1): err= 0: pid=200254: Tue Jul 20 12:05:37 2021
  write: IOPS=536, BW=16.8MiB/s (17.6MB/s)(5034MiB/300160msec); 0 zone resets
    slat (usec): min=106, max=647164, avg=1815.06, stdev=14061.90
    clat (usec): min=19, max=1263.6k, avg=5595.96, stdev=26114.09
     lat (usec): min=188, max=1263.8k, avg=7412.88, stdev=29434.86
    clat percentiles (usec):
     |  1.00th=[   562],  5.00th=[   586], 10.00th=[   603], 20.00th=[   627],
     | 30.00th=[   652], 40.00th=[   676], 50.00th=[   717], 60.00th=[   766],
     | 70.00th=[   816], 80.00th=[   898], 90.00th=[  1188], 95.00th=[ 24773],
     | 99.00th=[137364], 99.50th=[183501], 99.90th=[270533], 99.95th=[299893],
     | 99.99th=[455082]
   bw (  KiB/s): min=   25, max=1722727, per=4.27%, avg=42093.57, stdev=17792.56, samples=161085
   iops        : min=    4, max= 4304, avg=541.55, stdev=262.17, samples=595
  lat (usec)   : 20=0.01%, 50=0.01%, 250=0.01%, 500=0.01%, 750=57.42%
  lat (usec)   : 1000=28.35%
  lat (msec)   : 2=5.65%, 4=0.46%, 10=1.24%, 20=1.37%, 50=2.31%
  lat (msec)   : 100=1.69%, 250=1.35%, 500=0.15%, 750=0.01%, 2000=0.01%
  cpu          : usr=1.19%, sys=13.74%, ctx=5028, majf=0, minf=1313
  IO depths    : 1=0.1%, 2=0.1%, 4=100.0%, 8=0.0%, 16=0.0%, 32=0.0%, >=64=0.0%
     submit    : 0=0.0%, 4=100.0%, 8=0.0%, 16=0.0%, 32=0.0%, 64=0.0%, >=64=0.0%
     complete  : 0=0.0%, 4=100.0%, 8=0.0%, 16=0.0%, 32=0.0%, 64=0.0%, >=64=0.0%
     issued rwts: total=0,161085,0,0 short=0,0,0,0 dropped=0,0,0,0
     latency   : target=0, window=0, percentile=100.00%, depth=4
random-writers: (groupid=0, jobs=1): err= 0: pid=200255: Tue Jul 20 12:05:37 2021
  write: IOPS=1117, BW=34.9MiB/s (36.6MB/s)(10.2GiB/300001msec); 0 zone resets
    slat (usec): min=97, max=526074, avg=848.78, stdev=7648.61
    clat (usec): min=17, max=1228.6k, avg=2690.40, stdev=15845.05
     lat (usec): min=187, max=1228.8k, avg=3540.97, stdev=17546.66
    clat percentiles (usec):
     |  1.00th=[   490],  5.00th=[   537], 10.00th=[   562], 20.00th=[   594],
     | 30.00th=[   627], 40.00th=[   652], 50.00th=[   685], 60.00th=[   725],
     | 70.00th=[   766], 80.00th=[   824], 90.00th=[   938], 95.00th=[  1401],
     | 99.00th=[ 62129], 99.50th=[ 99091], 99.90th=[179307], 99.95th=[223347],
     | 99.99th=[434111]
   bw (  KiB/s): min=   26, max=1848166, per=4.67%, avg=46034.96, stdev=14950.60, samples=335261
   iops        : min=   44, max= 5046, avg=1131.68, stdev=670.23, samples=592
  lat (usec)   : 20=0.01%, 50=0.01%, 250=0.01%, 500=1.64%, 750=64.70%
  lat (usec)   : 1000=25.56%
  lat (msec)   : 2=3.34%, 4=0.34%, 10=0.78%, 20=0.99%, 50=1.39%
  lat (msec)   : 100=0.77%, 250=0.46%, 500=0.02%, 750=0.01%, 1000=0.01%
  lat (msec)   : 2000=0.01%
  cpu          : usr=2.39%, sys=26.93%, ctx=6053, majf=0, minf=2673
  IO depths    : 1=0.1%, 2=0.1%, 4=100.0%, 8=0.0%, 16=0.0%, 32=0.0%, >=64=0.0%
     submit    : 0=0.0%, 4=100.0%, 8=0.0%, 16=0.0%, 32=0.0%, 64=0.0%, >=64=0.0%
     complete  : 0=0.0%, 4=100.0%, 8=0.0%, 16=0.0%, 32=0.0%, 64=0.0%, >=64=0.0%
     issued rwts: total=0,335261,0,0 short=0,0,0,0 dropped=0,0,0,0
     latency   : target=0, window=0, percentile=100.00%, depth=4
random-writers: (groupid=0, jobs=1): err= 0: pid=200256: Tue Jul 20 12:05:37 2021
  write: IOPS=1082, BW=33.8MiB/s (35.5MB/s)(9.91GiB/300002msec); 0 zone resets
    slat (usec): min=96, max=482649, avg=877.82, stdev=8176.51
    clat (usec): min=18, max=1066.1k, avg=2777.37, stdev=16654.57
     lat (usec): min=188, max=1066.3k, avg=3657.00, stdev=18495.85
    clat percentiles (usec):
     |  1.00th=[   519],  5.00th=[   562], 10.00th=[   578], 20.00th=[   611],
     | 30.00th=[   644], 40.00th=[   676], 50.00th=[   717], 60.00th=[   750],
     | 70.00th=[   791], 80.00th=[   840], 90.00th=[   955], 95.00th=[  1418],
     | 99.00th=[ 63177], 99.50th=[102237], 99.90th=[206570], 99.95th=[242222],
     | 99.99th=[480248]
   bw (  KiB/s): min=   30, max=1735593, per=4.52%, avg=44518.19, stdev=14282.84, samples=324747
   iops        : min=    8, max= 5108, avg=1099.73, stdev=543.57, samples=590
  lat (usec)   : 20=0.01%, 50=0.01%, 250=0.01%, 500=0.49%, 750=59.55%
  lat (usec)   : 1000=31.39%
  lat (msec)   : 2=3.83%, 4=0.35%, 10=0.82%, 20=0.87%, 50=1.40%
  lat (msec)   : 100=0.77%, 250=0.48%, 500=0.04%, 1000=0.01%, 2000=0.01%
  cpu          : usr=2.33%, sys=26.79%, ctx=5804, majf=0, minf=2593
  IO depths    : 1=0.1%, 2=0.1%, 4=100.0%, 8=0.0%, 16=0.0%, 32=0.0%, >=64=0.0%
     submit    : 0=0.0%, 4=100.0%, 8=0.0%, 16=0.0%, 32=0.0%, 64=0.0%, >=64=0.0%
     complete  : 0=0.0%, 4=100.0%, 8=0.0%, 16=0.0%, 32=0.0%, 64=0.0%, >=64=0.0%
     issued rwts: total=0,324747,0,0 short=0,0,0,0 dropped=0,0,0,0
     latency   : target=0, window=0, percentile=100.00%, depth=4
random-writers: (groupid=0, jobs=1): err= 0: pid=200257: Tue Jul 20 12:05:37 2021
  write: IOPS=1202, BW=37.6MiB/s (39.4MB/s)(11.0GiB/300007msec); 0 zone resets
    slat (usec): min=95, max=539751, avg=789.67, stdev=7840.47
    clat (usec): min=18, max=1076.1k, avg=2499.22, stdev=15778.02
     lat (usec): min=168, max=1076.5k, avg=3290.38, stdev=17589.84
    clat percentiles (usec):
     |  1.00th=[   478],  5.00th=[   523], 10.00th=[   545], 20.00th=[   570],
     | 30.00th=[   594], 40.00th=[   611], 50.00th=[   635], 60.00th=[   652],
     | 70.00th=[   685], 80.00th=[   717], 90.00th=[   799], 95.00th=[  1045],
     | 99.00th=[ 55837], 99.50th=[ 94897], 99.90th=[206570], 99.95th=[254804],
     | 99.99th=[471860]
   bw (  KiB/s): min=   30, max=1725448, per=5.06%, avg=49901.71, stdev=14619.99, samples=360854
   iops        : min=   18, max= 5050, avg=1214.94, stdev=674.12, samples=594
  lat (usec)   : 20=0.01%, 50=0.01%, 250=0.01%, 500=2.23%, 750=82.94%
  lat (usec)   : 1000=9.52%
  lat (msec)   : 2=0.99%, 4=0.33%, 10=0.69%, 20=0.88%, 50=1.27%
  lat (msec)   : 100=0.68%, 250=0.41%, 500=0.04%, 750=0.01%, 1000=0.01%
  lat (msec)   : 2000=0.01%
  cpu          : usr=2.30%, sys=26.55%, ctx=5853, majf=0, minf=2874
  IO depths    : 1=0.1%, 2=0.1%, 4=100.0%, 8=0.0%, 16=0.0%, 32=0.0%, >=64=0.0%
     submit    : 0=0.0%, 4=100.0%, 8=0.0%, 16=0.0%, 32=0.0%, 64=0.0%, >=64=0.0%
     complete  : 0=0.0%, 4=100.0%, 8=0.0%, 16=0.0%, 32=0.0%, 64=0.0%, >=64=0.0%
     issued rwts: total=0,360854,0,0 short=0,0,0,0 dropped=0,0,0,0
     latency   : target=0, window=0, percentile=100.00%, depth=4
random-writers: (groupid=0, jobs=1): err= 0: pid=200258: Tue Jul 20 12:05:37 2021
  write: IOPS=702, BW=22.0MiB/s (23.0MB/s)(6586MiB/300001msec); 0 zone resets
    slat (usec): min=99, max=736417, avg=1373.39, stdev=10704.73
    clat (usec): min=12, max=1192.8k, avg=4276.70, stdev=20834.90
     lat (usec): min=195, max=1193.0k, avg=5651.93, stdev=23265.67
    clat percentiles (usec):
     |  1.00th=[   553],  5.00th=[   578], 10.00th=[   603], 20.00th=[   635],
     | 30.00th=[   660], 40.00th=[   693], 50.00th=[   734], 60.00th=[   783],
     | 70.00th=[   832], 80.00th=[   914], 90.00th=[  1172], 95.00th=[ 19006],
     | 99.00th=[ 89654], 99.50th=[125305], 99.90th=[229639], 99.95th=[287310],
     | 99.99th=[574620]
   bw (  KiB/s): min=   27, max=2710114, per=4.23%, avg=41733.44, stdev=17544.11, samples=210738
   iops        : min=   12, max= 4978, avg=710.99, stdev=325.19, samples=592
  lat (usec)   : 20=0.01%, 50=0.01%, 250=0.01%, 500=0.09%, 750=53.46%
  lat (usec)   : 1000=31.82%
  lat (msec)   : 2=6.64%, 4=0.45%, 10=1.19%, 20=1.50%, 50=2.50%
  lat (msec)   : 100=1.53%, 250=0.74%, 500=0.07%, 750=0.01%, 1000=0.01%
  lat (msec)   : 2000=0.01%
  cpu          : usr=1.48%, sys=18.45%, ctx=6202, majf=0, minf=1700
  IO depths    : 1=0.1%, 2=0.1%, 4=100.0%, 8=0.0%, 16=0.0%, 32=0.0%, >=64=0.0%
     submit    : 0=0.0%, 4=100.0%, 8=0.0%, 16=0.0%, 32=0.0%, 64=0.0%, >=64=0.0%
     complete  : 0=0.0%, 4=100.0%, 8=0.0%, 16=0.0%, 32=0.0%, 64=0.0%, >=64=0.0%
     issued rwts: total=0,210738,0,0 short=0,0,0,0 dropped=0,0,0,0
     latency   : target=0, window=0, percentile=100.00%, depth=4
random-writers: (groupid=0, jobs=1): err= 0: pid=200259: Tue Jul 20 12:05:37 2021
  write: IOPS=1036, BW=32.4MiB/s (34.0MB/s)(9715MiB/300001msec); 0 zone resets
    slat (usec): min=97, max=630308, avg=916.40, stdev=8091.38
    clat (usec): min=16, max=1103.9k, avg=2901.07, stdev=16867.78
     lat (usec): min=194, max=1104.1k, avg=3819.34, stdev=18653.66
    clat percentiles (usec):
     |  1.00th=[   537],  5.00th=[   570], 10.00th=[   586], 20.00th=[   619],
     | 30.00th=[   652], 40.00th=[   676], 50.00th=[   709], 60.00th=[   750],
     | 70.00th=[   791], 80.00th=[   848], 90.00th=[   988], 95.00th=[  3556],
     | 99.00th=[ 64750], 99.50th=[101188], 99.90th=[191890], 99.95th=[225444],
     | 99.99th=[557843]
   bw (  KiB/s): min=   29, max=2032754, per=4.47%, avg=44025.11, stdev=14735.44, samples=310879
   iops        : min=   24, max= 5010, avg=1054.33, stdev=473.30, samples=589
  lat (usec)   : 20=0.01%, 50=0.01%, 250=0.01%, 500=0.20%, 750=59.95%
  lat (usec)   : 1000=30.27%
  lat (msec)   : 2=4.24%, 4=0.42%, 10=0.89%, 20=1.09%, 50=1.57%
  lat (msec)   : 100=0.86%, 250=0.48%, 500=0.02%, 750=0.01%, 1000=0.01%
  lat (msec)   : 2000=0.01%
  cpu          : usr=2.32%, sys=25.99%, ctx=6160, majf=0, minf=2483
  IO depths    : 1=0.1%, 2=0.1%, 4=100.0%, 8=0.0%, 16=0.0%, 32=0.0%, >=64=0.0%
     submit    : 0=0.0%, 4=100.0%, 8=0.0%, 16=0.0%, 32=0.0%, 64=0.0%, >=64=0.0%
     complete  : 0=0.0%, 4=100.0%, 8=0.0%, 16=0.0%, 32=0.0%, 64=0.0%, >=64=0.0%
     issued rwts: total=0,310879,0,0 short=0,0,0,0 dropped=0,0,0,0
     latency   : target=0, window=0, percentile=100.00%, depth=4
random-writers: (groupid=0, jobs=1): err= 0: pid=200260: Tue Jul 20 12:05:37 2021
  write: IOPS=1250, BW=39.1MiB/s (41.0MB/s)(11.5GiB/300055msec); 0 zone resets
    slat (usec): min=101, max=424669, avg=752.83, stdev=7257.19
    clat (usec): min=18, max=1105.2k, avg=2403.85, stdev=15439.97
     lat (usec): min=182, max=1105.4k, avg=3158.37, stdev=17009.94
    clat percentiles (usec):
     |  1.00th=[   502],  5.00th=[   545], 10.00th=[   562], 20.00th=[   586],
     | 30.00th=[   611], 40.00th=[   644], 50.00th=[   668], 60.00th=[   693],
     | 70.00th=[   725], 80.00th=[   775], 90.00th=[   865], 95.00th=[  1057],
     | 99.00th=[ 62653], 99.50th=[100140], 99.90th=[168821], 99.95th=[202376],
     | 99.99th=[350225]
   bw (  KiB/s): min=   29, max=1762668, per=4.84%, avg=47705.08, stdev=13534.64, samples=375344
   iops        : min=   32, max= 5064, avg=1273.31, stdev=564.27, samples=589
  lat (usec)   : 20=0.01%, 50=0.01%, 250=0.01%, 500=0.88%, 750=74.75%
  lat (usec)   : 1000=18.54%
  lat (msec)   : 2=2.41%, 4=0.18%, 10=0.50%, 20=0.58%, 50=0.94%
  lat (msec)   : 100=0.72%, 250=0.48%, 500=0.02%, 1000=0.01%, 2000=0.01%
  cpu          : usr=2.60%, sys=29.41%, ctx=4901, majf=0, minf=2987
  IO depths    : 1=0.1%, 2=0.1%, 4=100.0%, 8=0.0%, 16=0.0%, 32=0.0%, >=64=0.0%
     submit    : 0=0.0%, 4=100.0%, 8=0.0%, 16=0.0%, 32=0.0%, 64=0.0%, >=64=0.0%
     complete  : 0=0.0%, 4=100.0%, 8=0.0%, 16=0.0%, 32=0.0%, 64=0.0%, >=64=0.0%
     issued rwts: total=0,375344,0,0 short=0,0,0,0 dropped=0,0,0,0
     latency   : target=0, window=0, percentile=100.00%, depth=4
random-writers: (groupid=0, jobs=1): err= 0: pid=200261: Tue Jul 20 12:05:37 2021
  write: IOPS=1143, BW=35.7MiB/s (37.5MB/s)(10.5GiB/300060msec); 0 zone resets
    slat (usec): min=102, max=472480, avg=824.68, stdev=7806.98
    clat (usec): min=18, max=1280.0k, avg=2630.71, stdev=16831.94
     lat (usec): min=159, max=1280.2k, avg=3457.25, stdev=18525.77
    clat percentiles (usec):
     |  1.00th=[   529],  5.00th=[   562], 10.00th=[   578], 20.00th=[   611],
     | 30.00th=[   644], 40.00th=[   676], 50.00th=[   717], 60.00th=[   758],
     | 70.00th=[   791], 80.00th=[   848], 90.00th=[   963], 95.00th=[  1188],
     | 99.00th=[ 66847], 99.50th=[109577], 99.90th=[181404], 99.95th=[208667],
     | 99.99th=[463471]
   bw (  KiB/s): min=   25, max=1779902, per=4.54%, avg=44726.10, stdev=14079.66, samples=342993
   iops        : min=   44, max= 5084, avg=1167.46, stdev=561.04, samples=587
  lat (usec)   : 20=0.01%, 50=0.01%, 250=0.01%, 500=0.27%, 750=58.69%
  lat (usec)   : 1000=32.32%
  lat (msec)   : 2=5.04%, 4=0.21%, 10=0.53%, 20=0.62%, 50=1.02%
  lat (msec)   : 100=0.70%, 250=0.58%, 500=0.01%, 1000=0.01%, 2000=0.01%
  cpu          : usr=2.46%, sys=28.93%, ctx=4845, majf=0, minf=2734
  IO depths    : 1=0.1%, 2=0.1%, 4=100.0%, 8=0.0%, 16=0.0%, 32=0.0%, >=64=0.0%
     submit    : 0=0.0%, 4=100.0%, 8=0.0%, 16=0.0%, 32=0.0%, 64=0.0%, >=64=0.0%
     complete  : 0=0.0%, 4=100.0%, 8=0.0%, 16=0.0%, 32=0.0%, 64=0.0%, >=64=0.0%
     issued rwts: total=0,342993,0,0 short=0,0,0,0 dropped=0,0,0,0
     latency   : target=0, window=0, percentile=100.00%, depth=4
random-writers: (groupid=0, jobs=1): err= 0: pid=200262: Tue Jul 20 12:05:37 2021
  write: IOPS=1049, BW=32.8MiB/s (34.4MB/s)(9843MiB/300001msec); 0 zone resets
    slat (usec): min=95, max=590825, avg=906.08, stdev=8572.68
    clat (usec): min=18, max=1159.0k, avg=2863.21, stdev=17270.05
     lat (usec): min=188, max=1159.2k, avg=3771.17, stdev=19238.10
    clat percentiles (usec):
     |  1.00th=[   510],  5.00th=[   553], 10.00th=[   578], 20.00th=[   603],
     | 30.00th=[   635], 40.00th=[   668], 50.00th=[   709], 60.00th=[   750],
     | 70.00th=[   791], 80.00th=[   857], 90.00th=[  1012], 95.00th=[  1483],
     | 99.00th=[ 64226], 99.50th=[107480], 99.90th=[217056], 99.95th=[263193],
     | 99.99th=[530580]
   bw (  KiB/s): min=   28, max=1771243, per=4.53%, avg=44613.66, stdev=14989.68, samples=314978
   iops        : min=   10, max= 5082, avg=1061.30, stdev=556.94, samples=593
  lat (usec)   : 20=0.01%, 50=0.01%, 250=0.01%, 500=0.63%, 750=60.28%
  lat (usec)   : 1000=28.52%
  lat (msec)   : 2=5.76%, 4=0.36%, 10=0.81%, 20=0.87%, 50=1.43%
  lat (msec)   : 100=0.77%, 250=0.49%, 500=0.05%, 750=0.01%, 1000=0.01%
  lat (msec)   : 2000=0.01%
  cpu          : usr=2.31%, sys=26.07%, ctx=5661, majf=0, minf=2516
  IO depths    : 1=0.1%, 2=0.1%, 4=100.0%, 8=0.0%, 16=0.0%, 32=0.0%, >=64=0.0%
     submit    : 0=0.0%, 4=100.0%, 8=0.0%, 16=0.0%, 32=0.0%, 64=0.0%, >=64=0.0%
     complete  : 0=0.0%, 4=100.0%, 8=0.0%, 16=0.0%, 32=0.0%, 64=0.0%, >=64=0.0%
     issued rwts: total=0,314978,0,0 short=0,0,0,0 dropped=0,0,0,0
     latency   : target=0, window=0, percentile=100.00%, depth=4
random-writers: (groupid=0, jobs=1): err= 0: pid=200263: Tue Jul 20 12:05:37 2021
  write: IOPS=1212, BW=37.9MiB/s (39.7MB/s)(11.1GiB/300008msec); 0 zone resets
    slat (usec): min=94, max=591845, avg=784.27, stdev=7661.62
    clat (usec): min=17, max=944244, avg=2479.80, stdev=15318.95
     lat (usec): min=175, max=944456, avg=3265.47, stdev=17077.90
    clat percentiles (usec):
     |  1.00th=[   474],  5.00th=[   519], 10.00th=[   545], 20.00th=[   570],
     | 30.00th=[   586], 40.00th=[   603], 50.00th=[   627], 60.00th=[   652],
     | 70.00th=[   676], 80.00th=[   709], 90.00th=[   775], 95.00th=[  1004],
     | 99.00th=[ 55837], 99.50th=[ 94897], 99.90th=[196084], 99.95th=[240124],
     | 99.99th=[434111]
   bw (  KiB/s): min=   34, max=1840898, per=5.11%, avg=50366.47, stdev=14374.99, samples=363677
   iops        : min=   52, max= 5330, avg=1232.83, stdev=644.32, samples=590
  lat (usec)   : 20=0.01%, 50=0.01%, 250=0.01%, 500=2.75%, 750=84.49%
  lat (usec)   : 1000=7.74%
  lat (msec)   : 2=0.64%, 4=0.32%, 10=0.71%, 20=0.89%, 50=1.32%
  lat (msec)   : 100=0.68%, 250=0.41%, 500=0.03%, 750=0.01%, 1000=0.01%
  cpu          : usr=2.10%, sys=26.57%, ctx=6005, majf=0, minf=2895
  IO depths    : 1=0.1%, 2=0.1%, 4=100.0%, 8=0.0%, 16=0.0%, 32=0.0%, >=64=0.0%
     submit    : 0=0.0%, 4=100.0%, 8=0.0%, 16=0.0%, 32=0.0%, 64=0.0%, >=64=0.0%
     complete  : 0=0.0%, 4=100.0%, 8=0.0%, 16=0.0%, 32=0.0%, 64=0.0%, >=64=0.0%
     issued rwts: total=0,363677,0,0 short=0,0,0,0 dropped=0,0,0,0
     latency   : target=0, window=0, percentile=100.00%, depth=4
random-writers: (groupid=0, jobs=1): err= 0: pid=200264: Tue Jul 20 12:05:37 2021
  write: IOPS=709, BW=22.2MiB/s (23.3MB/s)(6653MiB/300001msec); 0 zone resets
    slat (usec): min=100, max=596623, avg=1360.03, stdev=10500.08
    clat (usec): min=18, max=1117.4k, avg=4233.67, stdev=20425.96
     lat (usec): min=203, max=1117.6k, avg=5595.48, stdev=22802.02
    clat percentiles (usec):
     |  1.00th=[   545],  5.00th=[   578], 10.00th=[   594], 20.00th=[   627],
     | 30.00th=[   652], 40.00th=[   685], 50.00th=[   717], 60.00th=[   758],
     | 70.00th=[   816], 80.00th=[   889], 90.00th=[  1156], 95.00th=[ 18744],
     | 99.00th=[ 89654], 99.50th=[127402], 99.90th=[227541], 99.95th=[267387],
     | 99.99th=[534774]
   bw (  KiB/s): min=   29, max=1730095, per=4.31%, avg=42484.30, stdev=16552.96, samples=212882
   iops        : min=   44, max= 4997, avg=718.48, stdev=304.83, samples=592
  lat (usec)   : 20=0.01%, 50=0.01%, 250=0.01%, 500=0.11%, 750=57.34%
  lat (usec)   : 1000=28.86%
  lat (msec)   : 2=5.73%, 4=0.47%, 10=1.17%, 20=1.49%, 50=2.49%
  lat (msec)   : 100=1.51%, 250=0.77%, 500=0.05%, 750=0.01%, 1000=0.01%
  lat (msec)   : 2000=0.01%
  cpu          : usr=1.56%, sys=18.21%, ctx=6201, majf=0, minf=1716
  IO depths    : 1=0.1%, 2=0.1%, 4=100.0%, 8=0.0%, 16=0.0%, 32=0.0%, >=64=0.0%
     submit    : 0=0.0%, 4=100.0%, 8=0.0%, 16=0.0%, 32=0.0%, 64=0.0%, >=64=0.0%
     complete  : 0=0.0%, 4=100.0%, 8=0.0%, 16=0.0%, 32=0.0%, 64=0.0%, >=64=0.0%
     issued rwts: total=0,212882,0,0 short=0,0,0,0 dropped=0,0,0,0
     latency   : target=0, window=0, percentile=100.00%, depth=4
random-writers: (groupid=0, jobs=1): err= 0: pid=200265: Tue Jul 20 12:05:37 2021
  write: IOPS=1084, BW=33.9MiB/s (35.5MB/s)(9.93GiB/300001msec); 0 zone resets
    slat (usec): min=97, max=635697, avg=875.99, stdev=7966.52
    clat (usec): min=18, max=1091.9k, avg=2771.65, stdev=16389.95
     lat (usec): min=167, max=1092.1k, avg=3649.45, stdev=18155.39
    clat percentiles (usec):
     |  1.00th=[   529],  5.00th=[   562], 10.00th=[   578], 20.00th=[   611],
     | 30.00th=[   644], 40.00th=[   676], 50.00th=[   709], 60.00th=[   742],
     | 70.00th=[   775], 80.00th=[   832], 90.00th=[   947], 95.00th=[  2343],
     | 99.00th=[ 61080], 99.50th=[ 96994], 99.90th=[193987], 99.95th=[235930],
     | 99.99th=[417334]
   bw (  KiB/s): min=   30, max=1738355, per=4.54%, avg=44777.35, stdev=14458.90, samples=325393
   iops        : min=    2, max= 5044, avg=1103.82, stdev=500.74, samples=589
  lat (usec)   : 20=0.01%, 50=0.01%, 100=0.01%, 250=0.01%, 500=0.26%
  lat (usec)   : 750=62.88%, 1000=28.43%
  lat (msec)   : 2=3.37%, 4=0.39%, 10=0.86%, 20=1.04%, 50=1.49%
  lat (msec)   : 100=0.80%, 250=0.43%, 500=0.03%, 750=0.01%, 1000=0.01%
  lat (msec)   : 2000=0.01%
  cpu          : usr=2.29%, sys=26.65%, ctx=6136, majf=0, minf=2597
  IO depths    : 1=0.1%, 2=0.1%, 4=100.0%, 8=0.0%, 16=0.0%, 32=0.0%, >=64=0.0%
     submit    : 0=0.0%, 4=100.0%, 8=0.0%, 16=0.0%, 32=0.0%, 64=0.0%, >=64=0.0%
     complete  : 0=0.0%, 4=100.0%, 8=0.0%, 16=0.0%, 32=0.0%, 64=0.0%, >=64=0.0%
     issued rwts: total=0,325393,0,0 short=0,0,0,0 dropped=0,0,0,0
     latency   : target=0, window=0, percentile=100.00%, depth=4
random-writers: (groupid=0, jobs=1): err= 0: pid=200266: Tue Jul 20 12:05:37 2021
  write: IOPS=1217, BW=38.0MiB/s (39.9MB/s)(11.1GiB/300055msec); 0 zone resets
    slat (usec): min=101, max=360964, avg=772.31, stdev=7317.78
    clat (usec): min=18, max=1117.6k, avg=2470.54, stdev=15703.22
     lat (usec): min=203, max=1117.8k, avg=3244.63, stdev=17274.94
    clat percentiles (usec):
     |  1.00th=[   510],  5.00th=[   553], 10.00th=[   570], 20.00th=[   603],
     | 30.00th=[   627], 40.00th=[   668], 50.00th=[   701], 60.00th=[   742],
     | 70.00th=[   783], 80.00th=[   832], 90.00th=[   947], 95.00th=[  1139],
     | 99.00th=[ 63701], 99.50th=[101188], 99.90th=[170918], 99.95th=[202376],
     | 99.99th=[350225]
   bw (  KiB/s): min=   29, max=1734674, per=4.63%, avg=45609.64, stdev=13540.23, samples=365236
   iops        : min=   14, max= 5046, avg=1241.29, stdev=623.71, samples=588
  lat (usec)   : 20=0.01%, 50=0.01%, 250=0.01%, 500=0.66%, 750=61.77%
  lat (usec)   : 1000=29.42%
  lat (msec)   : 2=4.67%, 4=0.18%, 10=0.51%, 20=0.59%, 50=0.94%
  lat (msec)   : 100=0.74%, 250=0.48%, 500=0.02%, 1000=0.01%, 2000=0.01%
  cpu          : usr=2.67%, sys=30.13%, ctx=4878, majf=0, minf=2907
  IO depths    : 1=0.1%, 2=0.1%, 4=100.0%, 8=0.0%, 16=0.0%, 32=0.0%, >=64=0.0%
     submit    : 0=0.0%, 4=100.0%, 8=0.0%, 16=0.0%, 32=0.0%, 64=0.0%, >=64=0.0%
     complete  : 0=0.0%, 4=100.0%, 8=0.0%, 16=0.0%, 32=0.0%, 64=0.0%, >=64=0.0%
     issued rwts: total=0,365236,0,0 short=0,0,0,0 dropped=0,0,0,0
     latency   : target=0, window=0, percentile=100.00%, depth=4
random-writers: (groupid=0, jobs=1): err= 0: pid=200267: Tue Jul 20 12:05:37 2021
  write: IOPS=1180, BW=36.9MiB/s (38.7MB/s)(10.8GiB/300059msec); 0 zone resets
    slat (usec): min=98, max=472588, avg=800.48, stdev=7718.07
    clat (usec): min=18, max=1353.9k, avg=2546.06, stdev=16147.81
     lat (usec): min=164, max=1354.1k, avg=3348.29, stdev=17844.59
    clat percentiles (usec):
     |  1.00th=[   506],  5.00th=[   545], 10.00th=[   570], 20.00th=[   594],
     | 30.00th=[   627], 40.00th=[   652], 50.00th=[   685], 60.00th=[   717],
     | 70.00th=[   758], 80.00th=[   807], 90.00th=[   906], 95.00th=[  1123],
     | 99.00th=[ 65799], 99.50th=[107480], 99.90th=[179307], 99.95th=[206570],
     | 99.99th=[446694]
   bw (  KiB/s): min=   24, max=1791580, per=4.72%, avg=46481.96, stdev=13514.48, samples=354367
   iops        : min=   58, max= 5080, avg=1200.35, stdev=609.69, samples=590
  lat (usec)   : 20=0.01%, 50=0.01%, 100=0.01%, 250=0.01%, 500=0.81%
  lat (usec)   : 750=66.86%, 1000=25.51%
  lat (msec)   : 2=3.24%, 4=0.20%, 10=0.51%, 20=0.59%, 50=0.99%
  lat (msec)   : 100=0.68%, 250=0.57%, 500=0.02%, 750=0.01%, 1000=0.01%
  lat (msec)   : 2000=0.01%
  cpu          : usr=2.53%, sys=28.43%, ctx=4823, majf=0, minf=2823
  IO depths    : 1=0.1%, 2=0.1%, 4=100.0%, 8=0.0%, 16=0.0%, 32=0.0%, >=64=0.0%
     submit    : 0=0.0%, 4=100.0%, 8=0.0%, 16=0.0%, 32=0.0%, 64=0.0%, >=64=0.0%
     complete  : 0=0.0%, 4=100.0%, 8=0.0%, 16=0.0%, 32=0.0%, 64=0.0%, >=64=0.0%
     issued rwts: total=0,354367,0,0 short=0,0,0,0 dropped=0,0,0,0
     latency   : target=0, window=0, percentile=100.00%, depth=4
random-writers: (groupid=0, jobs=1): err= 0: pid=200268: Tue Jul 20 12:05:37 2021
  write: IOPS=541, BW=16.9MiB/s (17.7MB/s)(5081MiB/300160msec); 0 zone resets
    slat (usec): min=130, max=453297, avg=1801.24, stdev=13853.99
    clat (usec): min=18, max=1093.6k, avg=5544.42, stdev=25339.49
     lat (usec): min=201, max=1093.9k, avg=7347.56, stdev=28627.80
    clat percentiles (usec):
     |  1.00th=[   553],  5.00th=[   586], 10.00th=[   603], 20.00th=[   627],
     | 30.00th=[   660], 40.00th=[   701], 50.00th=[   742], 60.00th=[   791],
     | 70.00th=[   857], 80.00th=[   947], 90.00th=[  1237], 95.00th=[ 24249],
     | 99.00th=[135267], 99.50th=[181404], 99.90th=[267387], 99.95th=[295699],
     | 99.99th=[421528]
   bw (  KiB/s): min=   29, max=1749399, per=4.17%, avg=41116.41, stdev=17635.93, samples=162592
   iops        : min=   12, max= 4262, avg=545.69, stdev=309.26, samples=596
  lat (usec)   : 20=0.01%, 50=0.01%, 250=0.01%, 500=0.04%, 750=51.76%
  lat (usec)   : 1000=31.50%
  lat (msec)   : 2=8.17%, 4=0.44%, 10=1.25%, 20=1.36%, 50=2.27%
  lat (msec)   : 100=1.70%, 250=1.33%, 500=0.14%, 1000=0.01%, 2000=0.01%
  cpu          : usr=1.25%, sys=13.99%, ctx=5011, majf=0, minf=1324
  IO depths    : 1=0.1%, 2=0.1%, 4=100.0%, 8=0.0%, 16=0.0%, 32=0.0%, >=64=0.0%
     submit    : 0=0.0%, 4=100.0%, 8=0.0%, 16=0.0%, 32=0.0%, 64=0.0%, >=64=0.0%
     complete  : 0=0.0%, 4=100.0%, 8=0.0%, 16=0.0%, 32=0.0%, 64=0.0%, >=64=0.0%
     issued rwts: total=0,162592,0,0 short=0,0,0,0 dropped=0,0,0,0
     latency   : target=0, window=0, percentile=100.00%, depth=4
random-writers: (groupid=0, jobs=1): err= 0: pid=200269: Tue Jul 20 12:05:37 2021
  write: IOPS=1052, BW=32.9MiB/s (34.5MB/s)(9872MiB/300001msec); 0 zone resets
    slat (usec): min=98, max=353634, avg=900.60, stdev=7760.58
    clat (usec): min=13, max=1239.5k, avg=2855.21, stdev=16620.07
     lat (usec): min=196, max=1239.8k, avg=3757.65, stdev=18269.57
    clat percentiles (usec):
     |  1.00th=[   529],  5.00th=[   570], 10.00th=[   586], 20.00th=[   619],
     | 30.00th=[   652], 40.00th=[   676], 50.00th=[   717], 60.00th=[   750],
     | 70.00th=[   791], 80.00th=[   857], 90.00th=[  1012], 95.00th=[  3130],
     | 99.00th=[ 65274], 99.50th=[102237], 99.90th=[179307], 99.95th=[217056],
     | 99.99th=[325059]
   bw (  KiB/s): min=   26, max=2501374, per=4.46%, avg=43962.05, stdev=15091.35, samples=315889
   iops        : min=   12, max= 5014, avg=1075.33, stdev=533.68, samples=587
  lat (usec)   : 20=0.01%, 50=0.01%, 250=0.01%, 500=0.24%, 750=59.37%
  lat (usec)   : 1000=29.96%
  lat (msec)   : 2=5.21%, 4=0.37%, 10=0.88%, 20=1.09%, 50=1.53%
  lat (msec)   : 100=0.82%, 250=0.49%, 500=0.03%, 1000=0.01%, 2000=0.01%
  cpu          : usr=2.29%, sys=26.70%, ctx=6225, majf=0, minf=2522
  IO depths    : 1=0.1%, 2=0.1%, 4=100.0%, 8=0.0%, 16=0.0%, 32=0.0%, >=64=0.0%
     submit    : 0=0.0%, 4=100.0%, 8=0.0%, 16=0.0%, 32=0.0%, 64=0.0%, >=64=0.0%
     complete  : 0=0.0%, 4=100.0%, 8=0.0%, 16=0.0%, 32=0.0%, 64=0.0%, >=64=0.0%
     issued rwts: total=0,315889,0,0 short=0,0,0,0 dropped=0,0,0,0
     latency   : target=0, window=0, percentile=100.00%, depth=4
random-writers: (groupid=0, jobs=1): err= 0: pid=200270: Tue Jul 20 12:05:37 2021
  write: IOPS=528, BW=16.5MiB/s (17.3MB/s)(4956MiB/300160msec); 0 zone resets
    slat (usec): min=105, max=453314, avg=1844.30, stdev=14052.57
    clat (usec): min=19, max=1266.9k, avg=5683.61, stdev=26080.67
     lat (usec): min=201, max=1267.1k, avg=7529.78, stdev=29374.27
    clat percentiles (usec):
     |  1.00th=[   562],  5.00th=[   586], 10.00th=[   603], 20.00th=[   635],
     | 30.00th=[   660], 40.00th=[   701], 50.00th=[   742], 60.00th=[   799],
     | 70.00th=[   857], 80.00th=[   938], 90.00th=[  1254], 95.00th=[ 25822],
     | 99.00th=[137364], 99.50th=[183501], 99.90th=[270533], 99.95th=[299893],
     | 99.99th=[421528]
   bw (  KiB/s): min=   25, max=1720918, per=4.16%, avg=40977.89, stdev=17754.30, samples=158604
   iops        : min=   10, max= 4304, avg=533.22, stdev=269.19, samples=595
  lat (usec)   : 20=0.01%, 50=0.01%, 250=0.01%, 500=0.01%, 750=51.48%
  lat (usec)   : 1000=31.87%
  lat (msec)   : 2=7.89%, 4=0.47%, 10=1.27%, 20=1.39%, 50=2.34%
  lat (msec)   : 100=1.74%, 250=1.36%, 500=0.15%, 2000=0.01%
  cpu          : usr=1.20%, sys=13.86%, ctx=5026, majf=0, minf=1294
  IO depths    : 1=0.1%, 2=0.1%, 4=100.0%, 8=0.0%, 16=0.0%, 32=0.0%, >=64=0.0%
     submit    : 0=0.0%, 4=100.0%, 8=0.0%, 16=0.0%, 32=0.0%, 64=0.0%, >=64=0.0%
     complete  : 0=0.0%, 4=100.0%, 8=0.0%, 16=0.0%, 32=0.0%, 64=0.0%, >=64=0.0%
     issued rwts: total=0,158604,0,0 short=0,0,0,0 dropped=0,0,0,0
     latency   : target=0, window=0, percentile=100.00%, depth=4
random-writers: (groupid=0, jobs=1): err= 0: pid=200271: Tue Jul 20 12:05:37 2021
  write: IOPS=1021, BW=31.9MiB/s (33.5MB/s)(9574MiB/300001msec); 0 zone resets
    slat (usec): min=98, max=691144, avg=929.84, stdev=8171.90
    clat (usec): min=13, max=1191.9k, avg=2943.40, stdev=17115.37
     lat (usec): min=192, max=1192.2k, avg=3875.01, stdev=18899.70
    clat percentiles (usec):
     |  1.00th=[   523],  5.00th=[   562], 10.00th=[   578], 20.00th=[   611],
     | 30.00th=[   635], 40.00th=[   668], 50.00th=[   701], 60.00th=[   742],
     | 70.00th=[   783], 80.00th=[   840], 90.00th=[   988], 95.00th=[  3884],
     | 99.00th=[ 67634], 99.50th=[106431], 99.90th=[183501], 99.95th=[229639],
     | 99.99th=[476054]
   bw (  KiB/s): min=   27, max=2473056, per=4.54%, avg=44702.90, stdev=15363.73, samples=306382
   iops        : min=   10, max= 5040, avg=1039.29, stdev=469.33, samples=589
  lat (usec)   : 20=0.01%, 50=0.01%, 250=0.01%, 500=0.34%, 750=62.71%
  lat (usec)   : 1000=27.31%
  lat (msec)   : 2=4.28%, 4=0.38%, 10=0.90%, 20=1.11%, 50=1.56%
  lat (msec)   : 100=0.84%, 250=0.52%, 500=0.03%, 750=0.01%, 1000=0.01%
  lat (msec)   : 2000=0.01%
  cpu          : usr=2.23%, sys=25.44%, ctx=6206, majf=0, minf=2448
  IO depths    : 1=0.1%, 2=0.1%, 4=100.0%, 8=0.0%, 16=0.0%, 32=0.0%, >=64=0.0%
     submit    : 0=0.0%, 4=100.0%, 8=0.0%, 16=0.0%, 32=0.0%, 64=0.0%, >=64=0.0%
     complete  : 0=0.0%, 4=100.0%, 8=0.0%, 16=0.0%, 32=0.0%, 64=0.0%, >=64=0.0%
     issued rwts: total=0,306382,0,0 short=0,0,0,0 dropped=0,0,0,0
     latency   : target=0, window=0, percentile=100.00%, depth=4
random-writers: (groupid=0, jobs=1): err= 0: pid=200272: Tue Jul 20 12:05:37 2021
  write: IOPS=1043, BW=32.6MiB/s (34.2MB/s)(9785MiB/300001msec); 0 zone resets
    slat (usec): min=96, max=470543, avg=911.64, stdev=8458.83
    clat (usec): min=18, max=996732, avg=2880.39, stdev=16936.75
     lat (usec): min=202, max=996948, avg=3793.92, stdev=18877.42
    clat percentiles (usec):
     |  1.00th=[   519],  5.00th=[   562], 10.00th=[   578], 20.00th=[   611],
     | 30.00th=[   644], 40.00th=[   676], 50.00th=[   709], 60.00th=[   750],
     | 70.00th=[   791], 80.00th=[   848], 90.00th=[   996], 95.00th=[  1532],
     | 99.00th=[ 65799], 99.50th=[108528], 99.90th=[210764], 99.95th=[246416],
     | 99.99th=[438305]
   bw (  KiB/s): min=   32, max=1758883, per=4.51%, avg=44434.16, stdev=14437.72, samples=313121
   iops        : min=   36, max= 5150, avg=1058.57, stdev=532.07, samples=591
  lat (usec)   : 20=0.01%, 50=0.01%, 250=0.01%, 500=0.49%, 750=60.51%
  lat (usec)   : 1000=29.20%
  lat (msec)   : 2=4.92%, 4=0.37%, 10=0.83%, 20=0.90%, 50=1.43%
  lat (msec)   : 100=0.78%, 250=0.52%, 500=0.04%, 1000=0.01%
  cpu          : usr=2.29%, sys=25.93%, ctx=5753, majf=0, minf=2501
  IO depths    : 1=0.1%, 2=0.1%, 4=100.0%, 8=0.0%, 16=0.0%, 32=0.0%, >=64=0.0%
     submit    : 0=0.0%, 4=100.0%, 8=0.0%, 16=0.0%, 32=0.0%, 64=0.0%, >=64=0.0%
     complete  : 0=0.0%, 4=100.0%, 8=0.0%, 16=0.0%, 32=0.0%, 64=0.0%, >=64=0.0%
     issued rwts: total=0,313121,0,0 short=0,0,0,0 dropped=0,0,0,0
     latency   : target=0, window=0, percentile=100.00%, depth=4
random-writers: (groupid=0, jobs=1): err= 0: pid=200273: Tue Jul 20 12:05:37 2021
  write: IOPS=1146, BW=35.8MiB/s (37.6MB/s)(10.5GiB/300007msec); 0 zone resets
    slat (usec): min=95, max=437771, avg=826.82, stdev=7609.58
    clat (usec): min=18, max=996153, avg=2623.74, stdev=15614.00
     lat (usec): min=196, max=996395, avg=3452.43, stdev=17327.00
    clat percentiles (usec):
     |  1.00th=[   515],  5.00th=[   562], 10.00th=[   578], 20.00th=[   611],
     | 30.00th=[   644], 40.00th=[   668], 50.00th=[   701], 60.00th=[   742],
     | 70.00th=[   783], 80.00th=[   840], 90.00th=[   979], 95.00th=[  1352],
     | 99.00th=[ 57410], 99.50th=[ 94897], 99.90th=[193987], 99.95th=[242222],
     | 99.99th=[371196]
   bw (  KiB/s): min=   32, max=1777970, per=4.55%, avg=44820.02, stdev=14245.70, samples=343818
   iops        : min=   16, max= 5116, avg=1162.14, stdev=633.59, samples=590
  lat (usec)   : 20=0.01%, 50=0.01%, 250=0.01%, 500=0.56%, 750=62.45%
  lat (usec)   : 1000=27.59%
  lat (msec)   : 2=4.75%, 4=0.35%, 10=0.77%, 20=0.95%, 50=1.38%
  lat (msec)   : 100=0.73%, 250=0.41%, 500=0.04%, 1000=0.01%
  cpu          : usr=2.46%, sys=28.17%, ctx=5967, majf=0, minf=2741
  IO depths    : 1=0.1%, 2=0.1%, 4=100.0%, 8=0.0%, 16=0.0%, 32=0.0%, >=64=0.0%
     submit    : 0=0.0%, 4=100.0%, 8=0.0%, 16=0.0%, 32=0.0%, 64=0.0%, >=64=0.0%
     complete  : 0=0.0%, 4=100.0%, 8=0.0%, 16=0.0%, 32=0.0%, 64=0.0%, >=64=0.0%
     issued rwts: total=0,343818,0,0 short=0,0,0,0 dropped=0,0,0,0
     latency   : target=0, window=0, percentile=100.00%, depth=4
random-writers: (groupid=0, jobs=1): err= 0: pid=200274: Tue Jul 20 12:05:37 2021
  write: IOPS=721, BW=22.5MiB/s (23.6MB/s)(6765MiB/300001msec); 0 zone resets
    slat (usec): min=99, max=414487, avg=1338.45, stdev=10309.05
    clat (usec): min=18, max=1337.4k, avg=4163.82, stdev=20175.80
     lat (usec): min=189, max=1337.6k, avg=5504.18, stdev=22508.21
    clat percentiles (usec):
     |  1.00th=[   553],  5.00th=[   578], 10.00th=[   603], 20.00th=[   635],
     | 30.00th=[   660], 40.00th=[   693], 50.00th=[   734], 60.00th=[   783],
     | 70.00th=[   832], 80.00th=[   914], 90.00th=[  1156], 95.00th=[ 17957],
     | 99.00th=[ 88605], 99.50th=[124257], 99.90th=[225444], 99.95th=[274727],
     | 99.99th=[408945]
   bw (  KiB/s): min=   24, max=1781837, per=4.23%, avg=41712.44, stdev=16338.75, samples=216465
   iops        : min=   22, max= 5026, avg=729.36, stdev=355.71, samples=593
  lat (usec)   : 20=0.01%, 50=0.01%, 250=0.01%, 500=0.07%, 750=53.56%
  lat (usec)   : 1000=31.98%
  lat (msec)   : 2=6.58%, 4=0.45%, 10=1.16%, 20=1.47%, 50=2.43%
  lat (msec)   : 100=1.49%, 250=0.74%, 500=0.06%, 1000=0.01%, 2000=0.01%
  cpu          : usr=1.56%, sys=18.75%, ctx=6224, majf=0, minf=1744
  IO depths    : 1=0.1%, 2=0.1%, 4=100.0%, 8=0.0%, 16=0.0%, 32=0.0%, >=64=0.0%
     submit    : 0=0.0%, 4=100.0%, 8=0.0%, 16=0.0%, 32=0.0%, 64=0.0%, >=64=0.0%
     complete  : 0=0.0%, 4=100.0%, 8=0.0%, 16=0.0%, 32=0.0%, 64=0.0%, >=64=0.0%
     issued rwts: total=0,216465,0,0 short=0,0,0,0 dropped=0,0,0,0
     latency   : target=0, window=0, percentile=100.00%, depth=4
random-writers: (groupid=0, jobs=1): err= 0: pid=200275: Tue Jul 20 12:05:37 2021
  write: IOPS=1092, BW=34.1MiB/s (35.8MB/s)(10.0GiB/300201msec); 0 zone resets
    slat (usec): min=97, max=623169, avg=866.02, stdev=7692.12
    clat (usec): min=18, max=1143.1k, avg=2752.22, stdev=16382.63
     lat (usec): min=185, max=1143.4k, avg=3620.03, stdev=18036.57
    clat percentiles (usec):
     |  1.00th=[   523],  5.00th=[   562], 10.00th=[   578], 20.00th=[   611],
     | 30.00th=[   635], 40.00th=[   668], 50.00th=[   701], 60.00th=[   742],
     | 70.00th=[   791], 80.00th=[   848], 90.00th=[  1004], 95.00th=[  2024],
     | 99.00th=[ 61080], 99.50th=[ 96994], 99.90th=[189793], 99.95th=[219153],
     | 99.99th=[624952]
   bw (  KiB/s): min=   28, max=1763521, per=4.53%, avg=44666.36, stdev=14920.10, samples=327931
   iops        : min=   84, max= 4997, avg=1113.89, stdev=545.34, samples=589
  lat (usec)   : 20=0.01%, 50=0.01%, 250=0.01%, 500=0.39%, 750=61.39%
  lat (usec)   : 1000=28.21%
  lat (msec)   : 2=5.00%, 4=0.38%, 10=0.85%, 20=1.02%, 50=1.48%
  lat (msec)   : 100=0.80%, 250=0.45%, 500=0.02%, 750=0.01%, 1000=0.01%
  lat (msec)   : 2000=0.01%
  cpu          : usr=2.40%, sys=27.39%, ctx=6166, majf=0, minf=2615
  IO depths    : 1=0.1%, 2=0.1%, 4=100.0%, 8=0.0%, 16=0.0%, 32=0.0%, >=64=0.0%
     submit    : 0=0.0%, 4=100.0%, 8=0.0%, 16=0.0%, 32=0.0%, 64=0.0%, >=64=0.0%
     complete  : 0=0.0%, 4=100.0%, 8=0.0%, 16=0.0%, 32=0.0%, 64=0.0%, >=64=0.0%
     issued rwts: total=0,327931,0,0 short=0,0,0,0 dropped=0,0,0,0
     latency   : target=0, window=0, percentile=100.00%, depth=4
random-writers: (groupid=0, jobs=1): err= 0: pid=200276: Tue Jul 20 12:05:37 2021
  write: IOPS=704, BW=22.0MiB/s (23.1MB/s)(6608MiB/300001msec); 0 zone resets
    slat (usec): min=99, max=487587, avg=1368.95, stdev=10588.68
    clat (usec): min=15, max=1102.4k, avg=4262.17, stdev=20595.87
     lat (usec): min=206, max=1102.7k, avg=5633.03, stdev=23016.03
    clat percentiles (usec):
     |  1.00th=[   545],  5.00th=[   578], 10.00th=[   594], 20.00th=[   627],
     | 30.00th=[   660], 40.00th=[   693], 50.00th=[   725], 60.00th=[   775],
     | 70.00th=[   824], 80.00th=[   898], 90.00th=[  1156], 95.00th=[ 19006],
     | 99.00th=[ 89654], 99.50th=[126354], 99.90th=[227541], 99.95th=[291505],
     | 99.99th=[480248]
   bw (  KiB/s): min=   29, max=2075237, per=4.27%, avg=42120.71, stdev=16981.14, samples=211455
   iops        : min=   32, max= 4866, avg=713.51, stdev=324.77, samples=592
  lat (usec)   : 20=0.01%, 50=0.01%, 250=0.01%, 500=0.12%, 750=55.33%
  lat (usec)   : 1000=30.38%
  lat (msec)   : 2=6.15%, 4=0.47%, 10=1.18%, 20=1.51%, 50=2.53%
  lat (msec)   : 100=1.52%, 250=0.75%, 500=0.06%, 2000=0.01%
  cpu          : usr=1.60%, sys=18.19%, ctx=6212, majf=0, minf=1705
  IO depths    : 1=0.1%, 2=0.1%, 4=100.0%, 8=0.0%, 16=0.0%, 32=0.0%, >=64=0.0%
     submit    : 0=0.0%, 4=100.0%, 8=0.0%, 16=0.0%, 32=0.0%, 64=0.0%, >=64=0.0%
     complete  : 0=0.0%, 4=100.0%, 8=0.0%, 16=0.0%, 32=0.0%, 64=0.0%, >=64=0.0%
     issued rwts: total=0,211455,0,0 short=0,0,0,0 dropped=0,0,0,0
     latency   : target=0, window=0, percentile=100.00%, depth=4

Run status group 0 (all jobs):
  WRITE: bw=962MiB/s (1009MB/s), 16.1MiB/s-39.1MiB/s (16.9MB/s-41.0MB/s), io=282GiB (303GB), run=300001-300201msec


Batch Job Summary Report (version 21.01.1) for Job "fioRandWrite" (1471018) on tave

Job information (1/2)
-----------------------------------------------------------------------------------------------------
             Submit            Eligible               Start                 End    Elapsed Time limit
------------------- ------------------- ------------------- ------------------- ---------- ----------
2021-07-20T12:00:22 2021-07-20T12:00:22 2021-07-20T12:00:22 2021-07-20T12:05:45   00:05:23   00:15:00
-----------------------------------------------------------------------------------------------------

Job information (2/2)
-------------------------------------------------------------
    Username      Account    Partition   NNodes        Energy
------------ ------------ ------------ -------- -------------
    afilipci         g138       normal        1     46.485 kJ

