random-writers: (g=0): rw=randwrite, bs=(R) 32.0KiB-32.0KiB, (W) 32.0KiB-32.0KiB, (T) 32.0KiB-32.0KiB, ioengine=libaio, iodepth=4
...
fio-3.27-32-g77c7-dirty
Starting 8 processes
random-writers: Laying out IO file (1 file / 1024MiB)
random-writers: Laying out IO file (1 file / 1024MiB)
random-writers: Laying out IO file (1 file / 1024MiB)
random-writers: Laying out IO file (1 file / 1024MiB)

random-writers: (groupid=0, jobs=1): err= 0: pid=192402: Fri Jul  9 14:40:54 2021
  write: IOPS=4696, BW=147MiB/s (154MB/s)(43.0GiB/300003msec); 0 zone resets
    slat (usec): min=92, max=525945, avg=189.35, stdev=2682.21
    clat (usec): min=25, max=763737, avg=643.14, stdev=6073.11
     lat (usec): min=413, max=763918, avg=833.66, stdev=6694.83
    clat percentiles (usec):
     |  1.00th=[   404],  5.00th=[   408], 10.00th=[   408], 20.00th=[   412],
     | 30.00th=[   412], 40.00th=[   416], 50.00th=[   420], 60.00th=[   424],
     | 70.00th=[   437], 80.00th=[   465], 90.00th=[   490], 95.00th=[   537],
     | 99.00th=[   766], 99.50th=[   898], 99.90th=[ 93848], 99.95th=[135267],
     | 99.99th=[308282]
   bw (  KiB/s): min=  192, max=238080, per=12.61%, avg=150552.32, stdev=94537.88, samples=599
   iops        : min=    6, max= 7440, avg=4704.75, stdev=2954.31, samples=599
  lat (usec)   : 50=0.01%, 500=91.55%, 750=7.36%, 1000=0.78%
  lat (msec)   : 2=0.11%, 4=0.01%, 10=0.02%, 20=0.02%, 50=0.03%
  lat (msec)   : 100=0.04%, 250=0.08%, 500=0.01%, 750=0.01%, 1000=0.01%
  cpu          : usr=6.15%, sys=67.89%, ctx=1906, majf=0, minf=38
  IO depths    : 1=0.1%, 2=0.1%, 4=100.0%, 8=0.0%, 16=0.0%, 32=0.0%, >=64=0.0%
     submit    : 0=0.0%, 4=100.0%, 8=0.0%, 16=0.0%, 32=0.0%, 64=0.0%, >=64=0.0%
     complete  : 0=0.0%, 4=100.0%, 8=0.0%, 16=0.0%, 32=0.0%, 64=0.0%, >=64=0.0%
     issued rwts: total=0,1409025,0,0 short=0,0,0,0 dropped=0,0,0,0
     latency   : target=0, window=0, percentile=100.00%, depth=4
random-writers: (groupid=0, jobs=1): err= 0: pid=192403: Fri Jul  9 14:40:54 2021
  write: IOPS=4808, BW=150MiB/s (158MB/s)(44.0GiB/300001msec); 0 zone resets
    slat (usec): min=93, max=434789, avg=183.01, stdev=2414.02
    clat (usec): min=15, max=1167.3k, avg=628.22, stdev=6126.85
     lat (usec): min=259, max=1167.5k, avg=812.42, stdev=6615.04
    clat percentiles (usec):
     |  1.00th=[   404],  5.00th=[   408], 10.00th=[   412], 20.00th=[   416],
     | 30.00th=[   420], 40.00th=[   420], 50.00th=[   424], 60.00th=[   433],
     | 70.00th=[   445], 80.00th=[   474], 90.00th=[   502], 95.00th=[   537],
     | 99.00th=[   766], 99.50th=[   906], 99.90th=[ 78119], 99.95th=[126354],
     | 99.99th=[287310]
   bw (  KiB/s): min= 1472, max=235328, per=12.98%, avg=154916.43, stdev=89968.37, samples=596
   iops        : min=   46, max= 7354, avg=4841.13, stdev=2811.51, samples=596
  lat (usec)   : 20=0.01%, 500=89.98%, 750=8.93%, 1000=0.75%
  lat (msec)   : 2=0.15%, 4=0.01%, 10=0.02%, 20=0.02%, 50=0.03%
  lat (msec)   : 100=0.04%, 250=0.07%, 500=0.01%, 750=0.01%, 1000=0.01%
  lat (msec)   : 2000=0.01%
  cpu          : usr=6.39%, sys=71.12%, ctx=1999, majf=0, minf=39
  IO depths    : 1=0.1%, 2=0.1%, 4=100.0%, 8=0.0%, 16=0.0%, 32=0.0%, >=64=0.0%
     submit    : 0=0.0%, 4=100.0%, 8=0.0%, 16=0.0%, 32=0.0%, 64=0.0%, >=64=0.0%
     complete  : 0=0.0%, 4=100.0%, 8=0.0%, 16=0.0%, 32=0.0%, 64=0.0%, >=64=0.0%
     issued rwts: total=0,1442661,0,0 short=0,0,0,0 dropped=0,0,0,0
     latency   : target=0, window=0, percentile=100.00%, depth=4
random-writers: (groupid=0, jobs=1): err= 0: pid=192404: Fri Jul  9 14:40:54 2021
  write: IOPS=4674, BW=146MiB/s (153MB/s)(42.8GiB/300001msec); 0 zone resets
    slat (usec): min=93, max=508560, avg=186.72, stdev=2644.39
    clat (usec): min=11, max=1204.0k, avg=646.30, stdev=7023.79
     lat (usec): min=216, max=1204.4k, avg=834.24, stdev=7538.43
    clat percentiles (usec):
     |  1.00th=[   404],  5.00th=[   408], 10.00th=[   412], 20.00th=[   416],
     | 30.00th=[   416], 40.00th=[   420], 50.00th=[   424], 60.00th=[   433],
     | 70.00th=[   445], 80.00th=[   474], 90.00th=[   502], 95.00th=[   545],
     | 99.00th=[   799], 99.50th=[   922], 99.90th=[ 87557], 99.95th=[132645],
     | 99.99th=[325059]
   bw (  KiB/s): min=  128, max=235904, per=12.66%, avg=151106.77, stdev=92096.63, samples=593
   iops        : min=    4, max= 7372, avg=4722.08, stdev=2878.02, samples=593
  lat (usec)   : 20=0.01%, 250=0.01%, 500=89.83%, 750=8.85%, 1000=0.99%
  lat (msec)   : 2=0.15%, 4=0.01%, 10=0.01%, 20=0.01%, 50=0.03%
  lat (msec)   : 100=0.03%, 250=0.08%, 500=0.01%, 750=0.01%, 1000=0.01%
  lat (msec)   : 2000=0.01%
  cpu          : usr=6.19%, sys=70.24%, ctx=1800, majf=0, minf=38
  IO depths    : 1=0.1%, 2=0.1%, 4=100.0%, 8=0.0%, 16=0.0%, 32=0.0%, >=64=0.0%
     submit    : 0=0.0%, 4=100.0%, 8=0.0%, 16=0.0%, 32=0.0%, 64=0.0%, >=64=0.0%
     complete  : 0=0.0%, 4=100.0%, 8=0.0%, 16=0.0%, 32=0.0%, 64=0.0%, >=64=0.0%
     issued rwts: total=0,1402209,0,0 short=0,0,0,0 dropped=0,0,0,0
     latency   : target=0, window=0, percentile=100.00%, depth=4
random-writers: (groupid=0, jobs=1): err= 0: pid=192405: Fri Jul  9 14:40:54 2021
  write: IOPS=4597, BW=144MiB/s (151MB/s)(42.1GiB/300001msec); 0 zone resets
    slat (usec): min=92, max=504054, avg=190.91, stdev=2732.84
    clat (usec): min=13, max=1213.3k, avg=656.88, stdev=7038.19
     lat (usec): min=228, max=1213.6k, avg=848.98, stdev=7601.00
    clat percentiles (usec):
     |  1.00th=[   404],  5.00th=[   408], 10.00th=[   408], 20.00th=[   412],
     | 30.00th=[   416], 40.00th=[   416], 50.00th=[   420], 60.00th=[   424],
     | 70.00th=[   441], 80.00th=[   469], 90.00th=[   498], 95.00th=[   537],
     | 99.00th=[   799], 99.50th=[   938], 99.90th=[ 95945], 99.95th=[139461],
     | 99.99th=[308282]
   bw (  KiB/s): min=  960, max=237056, per=12.48%, avg=148907.89, stdev=94492.56, samples=592
   iops        : min=   30, max= 7408, avg=4653.36, stdev=2952.89, samples=592
  lat (usec)   : 20=0.01%, 250=0.01%, 500=90.54%, 750=8.19%, 1000=0.89%
  lat (msec)   : 2=0.18%, 4=0.01%, 10=0.01%, 20=0.02%, 50=0.03%
  lat (msec)   : 100=0.04%, 250=0.09%, 500=0.01%, 750=0.01%, 1000=0.01%
  lat (msec)   : 2000=0.01%
  cpu          : usr=6.20%, sys=68.14%, ctx=1959, majf=0, minf=38
  IO depths    : 1=0.1%, 2=0.1%, 4=100.0%, 8=0.0%, 16=0.0%, 32=0.0%, >=64=0.0%
     submit    : 0=0.0%, 4=100.0%, 8=0.0%, 16=0.0%, 32=0.0%, 64=0.0%, >=64=0.0%
     complete  : 0=0.0%, 4=100.0%, 8=0.0%, 16=0.0%, 32=0.0%, 64=0.0%, >=64=0.0%
     issued rwts: total=0,1379362,0,0 short=0,0,0,0 dropped=0,0,0,0
     latency   : target=0, window=0, percentile=100.00%, depth=4
random-writers: (groupid=0, jobs=1): err= 0: pid=192406: Fri Jul  9 14:40:54 2021
  write: IOPS=4654, BW=145MiB/s (153MB/s)(42.6GiB/300001msec); 0 zone resets
    slat (usec): min=93, max=402902, avg=189.48, stdev=2557.11
    clat (usec): min=10, max=1158.5k, avg=648.98, stdev=6458.50
     lat (usec): min=143, max=1158.8k, avg=839.66, stdev=6994.20
    clat percentiles (usec):
     |  1.00th=[   408],  5.00th=[   412], 10.00th=[   412], 20.00th=[   416],
     | 30.00th=[   420], 40.00th=[   420], 50.00th=[   424], 60.00th=[   433],
     | 70.00th=[   449], 80.00th=[   474], 90.00th=[   506], 95.00th=[   553],
     | 99.00th=[   824], 99.50th=[   955], 99.90th=[ 90702], 99.95th=[131597],
     | 99.99th=[274727]
   bw (  KiB/s): min= 1664, max=234240, per=12.63%, avg=150729.22, stdev=91250.95, samples=592
   iops        : min=   52, max= 7320, avg=4710.28, stdev=2851.59, samples=592
  lat (usec)   : 20=0.01%, 250=0.01%, 500=88.95%, 750=9.60%, 1000=1.04%
  lat (msec)   : 2=0.21%, 4=0.01%, 10=0.01%, 20=0.02%, 50=0.03%
  lat (msec)   : 100=0.04%, 250=0.08%, 500=0.01%, 750=0.01%, 1000=0.01%
  lat (msec)   : 2000=0.01%
  cpu          : usr=6.38%, sys=69.28%, ctx=1950, majf=0, minf=39
  IO depths    : 1=0.1%, 2=0.1%, 4=100.0%, 8=0.0%, 16=0.0%, 32=0.0%, >=64=0.0%
     submit    : 0=0.0%, 4=100.0%, 8=0.0%, 16=0.0%, 32=0.0%, 64=0.0%, >=64=0.0%
     complete  : 0=0.0%, 4=100.0%, 8=0.0%, 16=0.0%, 32=0.0%, 64=0.0%, >=64=0.0%
     issued rwts: total=0,1396355,0,0 short=0,0,0,0 dropped=0,0,0,0
     latency   : target=0, window=0, percentile=100.00%, depth=4
random-writers: (groupid=0, jobs=1): err= 0: pid=192407: Fri Jul  9 14:40:54 2021
  write: IOPS=4590, BW=143MiB/s (150MB/s)(42.0GiB/300001msec); 0 zone resets
    slat (usec): min=93, max=584915, avg=190.78, stdev=2778.62
    clat (usec): min=15, max=1200.7k, avg=657.85, stdev=7055.51
     lat (usec): min=230, max=1200.9k, avg=849.81, stdev=7626.10
    clat percentiles (usec):
     |  1.00th=[   404],  5.00th=[   408], 10.00th=[   412], 20.00th=[   412],
     | 30.00th=[   416], 40.00th=[   420], 50.00th=[   420], 60.00th=[   429],
     | 70.00th=[   445], 80.00th=[   469], 90.00th=[   498], 95.00th=[   537],
     | 99.00th=[   783], 99.50th=[   914], 99.90th=[ 93848], 99.95th=[139461],
     | 99.99th=[325059]
   bw (  KiB/s): min=  704, max=236224, per=12.47%, avg=148886.95, stdev=93839.59, samples=592
   iops        : min=   22, max= 7382, avg=4652.71, stdev=2932.49, samples=592
  lat (usec)   : 20=0.01%, 250=0.01%, 500=90.37%, 750=8.45%, 1000=0.83%
  lat (msec)   : 2=0.15%, 4=0.01%, 10=0.02%, 20=0.02%, 50=0.03%
  lat (msec)   : 100=0.03%, 250=0.08%, 500=0.01%, 750=0.01%, 1000=0.01%
  lat (msec)   : 2000=0.01%
  cpu          : usr=6.22%, sys=68.39%, ctx=1878, majf=0, minf=38
  IO depths    : 1=0.1%, 2=0.1%, 4=100.0%, 8=0.0%, 16=0.0%, 32=0.0%, >=64=0.0%
     submit    : 0=0.0%, 4=100.0%, 8=0.0%, 16=0.0%, 32=0.0%, 64=0.0%, >=64=0.0%
     complete  : 0=0.0%, 4=100.0%, 8=0.0%, 16=0.0%, 32=0.0%, 64=0.0%, >=64=0.0%
     issued rwts: total=0,1377282,0,0 short=0,0,0,0 dropped=0,0,0,0
     latency   : target=0, window=0, percentile=100.00%, depth=4
random-writers: (groupid=0, jobs=1): err= 0: pid=192408: Fri Jul  9 14:40:54 2021
  write: IOPS=4594, BW=144MiB/s (151MB/s)(42.1GiB/300001msec); 0 zone resets
    slat (usec): min=93, max=434491, avg=190.52, stdev=2648.59
    clat (usec): min=10, max=1147.7k, avg=657.46, stdev=6984.65
     lat (usec): min=145, max=1147.9k, avg=849.21, stdev=7503.21
    clat percentiles (usec):
     |  1.00th=[   404],  5.00th=[   408], 10.00th=[   408], 20.00th=[   412],
     | 30.00th=[   416], 40.00th=[   420], 50.00th=[   424], 60.00th=[   433],
     | 70.00th=[   453], 80.00th=[   474], 90.00th=[   515], 95.00th=[   553],
     | 99.00th=[   824], 99.50th=[   963], 99.90th=[ 91751], 99.95th=[141558],
     | 99.99th=[304088]
   bw (  KiB/s): min=  128, max=236480, per=12.45%, avg=148638.46, stdev=92530.99, samples=593
   iops        : min=    4, max= 7390, avg=4644.95, stdev=2891.60, samples=593
  lat (usec)   : 20=0.01%, 250=0.01%, 500=88.29%, 750=10.20%, 1000=1.09%
  lat (msec)   : 2=0.22%, 4=0.01%, 10=0.01%, 20=0.02%, 50=0.03%
  lat (msec)   : 100=0.04%, 250=0.08%, 500=0.01%, 750=0.01%, 1000=0.01%
  lat (msec)   : 2000=0.01%
  cpu          : usr=6.28%, sys=69.13%, ctx=1867, majf=0, minf=39
  IO depths    : 1=0.1%, 2=0.1%, 4=100.0%, 8=0.0%, 16=0.0%, 32=0.0%, >=64=0.0%
     submit    : 0=0.0%, 4=100.0%, 8=0.0%, 16=0.0%, 32=0.0%, 64=0.0%, >=64=0.0%
     complete  : 0=0.0%, 4=100.0%, 8=0.0%, 16=0.0%, 32=0.0%, 64=0.0%, >=64=0.0%
     issued rwts: total=0,1378211,0,0 short=0,0,0,0 dropped=0,0,0,0
     latency   : target=0, window=0, percentile=100.00%, depth=4
random-writers: (groupid=0, jobs=1): err= 0: pid=192409: Fri Jul  9 14:40:54 2021
  write: IOPS=4681, BW=146MiB/s (153MB/s)(42.9GiB/300001msec); 0 zone resets
    slat (usec): min=93, max=530851, avg=188.71, stdev=2691.97
    clat (usec): min=11, max=1081.3k, avg=645.19, stdev=6552.88
     lat (usec): min=152, max=1081.6k, avg=835.11, stdev=7131.59
    clat percentiles (usec):
     |  1.00th=[   404],  5.00th=[   408], 10.00th=[   412], 20.00th=[   412],
     | 30.00th=[   416], 40.00th=[   420], 50.00th=[   420], 60.00th=[   429],
     | 70.00th=[   445], 80.00th=[   469], 90.00th=[   506], 95.00th=[   553],
     | 99.00th=[   857], 99.50th=[   996], 99.90th=[ 88605], 99.95th=[137364],
     | 99.99th=[312476]
   bw (  KiB/s): min=  384, max=234624, per=12.68%, avg=151363.47, stdev=92105.76, samples=593
   iops        : min=   12, max= 7332, avg=4730.11, stdev=2878.31, samples=593
  lat (usec)   : 20=0.01%, 250=0.01%, 500=89.41%, 750=8.89%, 1000=1.22%
  lat (msec)   : 2=0.30%, 4=0.01%, 10=0.01%, 20=0.02%, 50=0.03%
  lat (msec)   : 100=0.04%, 250=0.07%, 500=0.01%, 750=0.01%, 1000=0.01%
  lat (msec)   : 2000=0.01%
  cpu          : usr=6.49%, sys=69.05%, ctx=1816, majf=0, minf=39
  IO depths    : 1=0.1%, 2=0.1%, 4=100.0%, 8=0.0%, 16=0.0%, 32=0.0%, >=64=0.0%
     submit    : 0=0.0%, 4=100.0%, 8=0.0%, 16=0.0%, 32=0.0%, 64=0.0%, >=64=0.0%
     complete  : 0=0.0%, 4=100.0%, 8=0.0%, 16=0.0%, 32=0.0%, 64=0.0%, >=64=0.0%
     issued rwts: total=0,1404604,0,0 short=0,0,0,0 dropped=0,0,0,0
     latency   : target=0, window=0, percentile=100.00%, depth=4

Run status group 0 (all jobs):
  WRITE: bw=1166MiB/s (1222MB/s), 143MiB/s-150MiB/s (150MB/s-158MB/s), io=341GiB (367GB), run=300001-300003msec


Batch Job Summary Report (version 21.01.1) for Job "fioTest" (1470538) on tave

Job information (1/2)
-----------------------------------------------------------------------------------------------------
             Submit            Eligible               Start                 End    Elapsed Time limit
------------------- ------------------- ------------------- ------------------- ---------- ----------
2021-07-09T14:35:49 2021-07-09T14:35:49 2021-07-09T14:35:50 2021-07-09T14:41:00   00:05:10   00:06:00
-----------------------------------------------------------------------------------------------------

Job information (2/2)
-------------------------------------------------------------
    Username      Account    Partition   NNodes        Energy
------------ ------------ ------------ -------- -------------
    afilipci         g138       normal        1     43.809 kJ

