random-readers: (g=0): rw=randread, bs=(R) 32.0KiB-32.0KiB, (W) 32.0KiB-32.0KiB, (T) 32.0KiB-32.0KiB, ioengine=libaio, iodepth=4
...
fio-3.27-32-g77c7-dirty
Starting 8 processes
random-readers: Laying out IO file (1 file / 1024MiB)
random-readers: (g=0): rw=randread, bs=(R) 32.0KiB-32.0KiB, (W) 32.0KiB-32.0KiB, (T) 32.0KiB-32.0KiB, ioengine=libaio, iodepth=4
...
fio-3.27-32-g77c7-dirty
Starting 8 processes
random-readers: (g=0): rw=randread, bs=(R) 32.0KiB-32.0KiB, (W) 32.0KiB-32.0KiB, (T) 32.0KiB-32.0KiB, ioengine=libaio, iodepth=4
...
fio-3.27-32-g77c7-dirty
Starting 8 processes
random-readers: Laying out IO file (1 file / 1024MiB)
random-readers: (g=0): rw=randread, bs=(R) 32.0KiB-32.0KiB, (W) 32.0KiB-32.0KiB, (T) 32.0KiB-32.0KiB, ioengine=libaio, iodepth=4
...
fio-3.27-32-g77c7-dirty
Starting 8 processes
random-readers: Laying out IO file (1 file / 1024MiB)
random-readers: Laying out IO file (1 file / 1024MiB)
random-readers: Laying out IO file (1 file / 1024MiB)
random-readers: Laying out IO file (1 file / 1024MiB)
random-readers: Laying out IO file (1 file / 1024MiB)
random-readers: Laying out IO file (1 file / 1024MiB)

random-readers: (groupid=0, jobs=1): err= 0: pid=164399: Fri Jul 16 12:38:58 2021
  read: IOPS=362, BW=11.3MiB/s (11.9MB/s)(3394MiB/300003msec)
    slat (usec): min=23, max=436804, avg=2713.18, stdev=3281.81
    clat (usec): min=17, max=1004.8k, avg=8292.96, stdev=10717.57
     lat (usec): min=129, max=1004.9k, avg=11008.78, stdev=11352.14
    clat percentiles (msec):
     |  1.00th=[    3],  5.00th=[    3], 10.00th=[    3], 20.00th=[    3],
     | 30.00th=[    4], 40.00th=[    6], 50.00th=[    8], 60.00th=[   10],
     | 70.00th=[   11], 80.00th=[   13], 90.00th=[   16], 95.00th=[   19],
     | 99.00th=[   24], 99.50th=[   27], 99.90th=[   41], 99.95th=[   52],
     | 99.99th=[  447]
   bw (  KiB/s): min= 1792, max=29949, per=12.83%, avg=11592.57, stdev=4419.70, samples=300
   iops        : min=   36, max=  955, avg=363.90, stdev=137.79, samples=597
  lat (usec)   : 20=0.01%, 250=0.05%, 1000=0.01%
  lat (msec)   : 2=0.05%, 4=35.22%, 10=30.28%, 20=31.35%, 50=2.98%
  lat (msec)   : 100=0.04%, 500=0.01%, 1000=0.01%, 2000=0.01%
  cpu          : usr=0.88%, sys=9.57%, ctx=108654, majf=0, minf=70
  IO depths    : 1=0.1%, 2=0.1%, 4=100.0%, 8=0.0%, 16=0.0%, 32=0.0%, >=64=0.0%
     submit    : 0=0.0%, 4=100.0%, 8=0.0%, 16=0.0%, 32=0.0%, 64=0.0%, >=64=0.0%
     complete  : 0=0.0%, 4=100.0%, 8=0.0%, 16=0.0%, 32=0.0%, 64=0.0%, >=64=0.0%
     issued rwts: total=108618,0,0,0 short=0,0,0,0 dropped=0,0,0,0
     latency   : target=0, window=0, percentile=100.00%, depth=4
random-readers: (groupid=0, jobs=1): err= 0: pid=164400: Fri Jul 16 12:38:58 2021
  read: IOPS=343, BW=10.7MiB/s (11.2MB/s)(3216MiB/300012msec)
    slat (usec): min=22, max=59126, avg=2863.82, stdev=3131.87
    clat (usec): min=23, max=1045.6k, avg=8752.61, stdev=10955.66
     lat (usec): min=129, max=1045.7k, avg=11619.16, stdev=11546.26
    clat percentiles (usec):
     |  1.00th=[ 2507],  5.00th=[ 2671], 10.00th=[ 2802], 20.00th=[ 3097],
     | 30.00th=[ 3621], 40.00th=[ 5866], 50.00th=[ 7832], 60.00th=[ 9503],

random-readers: (groupid=0, jobs=1): err= 0: pid=126695: Fri Jul 16 12:38:58 2021
  read: IOPS=363, BW=11.4MiB/s (11.9MB/s)(3412MiB/300001msec)
    slat (usec): min=20, max=82278, avg=2699.70, stdev=3014.23
    clat (usec): min=13, max=968374, avg=8249.19, stdev=10217.43
     lat (usec): min=119, max=968399, avg=10951.39, stdev=10806.19
    clat percentiles (usec):
     |  1.00th=[ 2442],  5.00th=[ 2606], 10.00th=[ 2704], 20.00th=[ 2966],
     | 30.00th=[ 3359], 40.00th=[ 5080], 50.00th=[ 7177], 60.00th=[ 8979],
     | 70.00th=[10683], 80.00th=[12256], 90.00th=[15926], 95.00th=[18482],
     | 99.00th=[23725], 99.50th=[26084], 99.90th=[40633], 99.95th=[55313],
     | 99.99th=[84411]
   bw (  KiB/s): min=  768, max=31167, per=12.92%, avg=11657.92, stdev=4683.86, samples=299
   iops        : min=    4, max= 1006, avg=365.35, stdev=147.40, samples=597
  lat (usec)   : 20=0.01%, 100=0.01%, 250=0.05%, 1000=0.01%
  lat (msec)   : 2=0.05%, 4=35.63%, 10=29.88%, 20=31.31%, 50=2.99%
     | 70.00th=[11207], 80.00th=[13042], 90.00th=[16450], 95.00th=[19006],
     | 99.00th=[25035], 99.50th=[27919], 99.90th=[44303], 99.95th=[53216],
     | 99.99th=[69731]
   bw (  KiB/s): min=  576, max=27771, per=12.16%, avg=10983.03, stdev=3901.90, samples=300
   iops        : min=    8, max=  908, avg=344.18, stdev=122.80, samples=598
  lat (usec)   : 50=0.01%, 250=0.09%, 1000=0.02%
  lat (msec)   : 2=0.10%, 4=31.83%, 10=30.54%, 20=33.63%, 50=3.72%
  lat (msec)   : 100=0.06%, 1000=0.01%, 2000=0.01%
  cpu          : usr=0.91%, sys=9.42%, ctx=102829, majf=0, minf=71
  IO depths    : 1=0.1%, 2=0.1%, 4=100.0%, 8=0.0%, 16=0.0%, 32=0.0%, >=64=0.0%
     submit    : 0=0.0%, 4=100.0%, 8=0.0%, 16=0.0%, 32=0.0%, 64=0.0%, >=64=0.0%
     complete  : 0=0.0%, 4=100.0%, 8=0.0%, 16=0.0%, 32=0.0%, 64=0.0%, >=64=0.0%
     issued rwts: total=102907,0,0,0 short=0,0,0,0 dropped=0,0,0,0
     latency   : target=0, window=0, percentile=100.00%, depth=4
  lat (msec)   : 100=0.06%, 1000=0.01%
  cpu          : usr=0.87%, sys=9.77%, ctx=109209, majf=0, minf=70
  IO depths    : 1=0.1%, 2=0.1%, 4=100.0%, 8=0.0%, 16=0.0%, 32=0.0%, >=64=0.0%
     submit    : 0=0.0%, 4=100.0%, 8=0.0%, 16=0.0%, 32=0.0%, 64=0.0%, >=64=0.0%
     complete  : 0=0.0%, 4=100.0%, 8=0.0%, 16=0.0%, 32=0.0%, 64=0.0%, >=64=0.0%
     issued rwts: total=109197,0,0,0 short=0,0,0,0 dropped=0,0,0,0
     latency   : target=0, window=0, percentile=100.00%, depth=4
random-readers: (groupid=0, jobs=1): err= 0: pid=126696: Fri Jul 16 12:38:58 2021
  read: IOPS=353, BW=11.0MiB/s (11.6MB/s)(3310MiB/300006msec)
    slat (usec): min=23, max=61179, avg=2782.72, stdev=3064.58
    clat (usec): min=23, max=1108.6k, avg=8502.35, stdev=10913.96
     lat (usec): min=133, max=1109.6k, avg=11287.40, stdev=11456.69
    clat percentiles (usec):
     |  1.00th=[ 2507],  5.00th=[ 2671], 10.00th=[ 2802], 20.00th=[ 3032],
     | 30.00th=[ 3458], 40.00th=[ 5604], 50.00th=[ 7570], 60.00th=[ 9372],
random-readers: (groupid=0, jobs=1): err= 0: pid=164401: Fri Jul 16 12:38:58 2021
  read: IOPS=354, BW=11.1MiB/s (11.6MB/s)(3319MiB/300005msec)
    slat (usec): min=21, max=71400, avg=2774.65, stdev=3033.57
    clat (usec): min=14, max=1052.1k, avg=8479.70, stdev=10796.69
     lat (usec): min=121, max=1055.4k, avg=11256.92, stdev=11357.50
    clat percentiles (usec):
     |  1.00th=[ 2474],  5.00th=[ 2638], 10.00th=[ 2769], 20.00th=[ 3032],
     | 30.00th=[ 3523], 40.00th=[ 5538], 50.00th=[ 7570], 60.00th=[ 9372],
     | 70.00th=[10945], 80.00th=[12518], 90.00th=[16057], 95.00th=[18482],
     | 99.00th=[23725], 99.50th=[26084], 99.90th=[41681], 99.95th=[52167],
     | 99.99th=[78119]
   bw (  KiB/s): min=  480, max=29152, per=12.55%, avg=11336.20, stdev=3967.10, samples=300
   iops        : min=   30, max=  920, avg=355.84, stdev=124.10, samples=597
  lat (usec)   : 20=0.01%, 100=0.01%, 250=0.06%, 1000=0.01%
  lat (msec)   : 2=0.08%, 4=33.17%, 10=30.89%, 20=32.65%, 50=3.08%
     | 70.00th=[10814], 80.00th=[12649], 90.00th=[16057], 95.00th=[18744],
     | 99.00th=[24249], 99.50th=[26870], 99.90th=[41681], 99.95th=[49546],
     | 99.99th=[66323]
   bw (  KiB/s): min=  896, max=28604, per=12.53%, avg=11305.53, stdev=3921.00, samples=300
   iops        : min=   56, max=  917, avg=354.89, stdev=123.44, samples=597
  lat (usec)   : 50=0.01%, 250=0.09%, 1000=0.01%
  lat (msec)   : 2=0.09%, 4=32.87%, 10=31.22%, 20=32.44%, 50=3.23%
  lat (msec)   : 100=0.04%, 1000=0.01%, 2000=0.01%
  cpu          : usr=0.80%, sys=9.18%, ctx=105838, majf=0, minf=71
  IO depths    : 1=0.1%, 2=0.1%, 4=100.0%, 8=0.0%, 16=0.0%, 32=0.0%, >=64=0.0%
     submit    : 0=0.0%, 4=100.0%, 8=0.0%, 16=0.0%, 32=0.0%, 64=0.0%, >=64=0.0%
     complete  : 0=0.0%, 4=100.0%, 8=0.0%, 16=0.0%, 32=0.0%, 64=0.0%, >=64=0.0%
     issued rwts: total=105931,0,0,0 short=0,0,0,0 dropped=0,0,0,0
     latency   : target=0, window=0, percentile=100.00%, depth=4
  lat (msec)   : 100=0.06%, 1000=0.01%, 2000=0.01%
  cpu          : usr=0.87%, sys=9.40%, ctx=106209, majf=0, minf=70
random-readers: (groupid=0, jobs=1): err= 0: pid=126697: Fri Jul 16 12:38:58 2021
  read: IOPS=342, BW=10.7MiB/s (11.2MB/s)(3212MiB/300006msec)
    slat (usec): min=22, max=435984, avg=2867.77, stdev=3349.88
    clat (usec): min=14, max=989362, avg=8764.19, stdev=10854.14
     lat (usec): min=127, max=990263, avg=11634.74, stdev=11514.22
    clat percentiles (msec):
     |  1.00th=[    3],  5.00th=[    3], 10.00th=[    3], 20.00th=[    4],
     | 30.00th=[    4], 40.00th=[    6], 50.00th=[    8], 60.00th=[   10],
     | 70.00th=[   12], 80.00th=[   14], 90.00th=[   17], 95.00th=[   19],
     | 99.00th=[   25], 99.50th=[   27], 99.90th=[   47], 99.95th=[   57],
     | 99.99th=[  447]
   bw (  KiB/s): min= 4384, max=29149, per=12.15%, avg=10968.85, stdev=4031.74, samples=300
   iops        : min=   94, max=  953, avg=344.32, stdev=126.72, samples=597
  lat (usec)   : 20=0.01%, 250=0.06%, 1000=0.01%
  lat (msec)   : 2=0.08%, 4=31.88%, 10=30.35%, 20=34.21%, 50=3.32%
  IO depths    : 1=0.1%, 2=0.1%, 4=100.0%, 8=0.0%, 16=0.0%, 32=0.0%, >=64=0.0%
     submit    : 0=0.0%, 4=100.0%, 8=0.0%, 16=0.0%, 32=0.0%, 64=0.0%, >=64=0.0%
     complete  : 0=0.0%, 4=100.0%, 8=0.0%, 16=0.0%, 32=0.0%, 64=0.0%, >=64=0.0%
     issued rwts: total=106216,0,0,0 short=0,0,0,0 dropped=0,0,0,0
     latency   : target=0, window=0, percentile=100.00%, depth=4
random-readers: (groupid=0, jobs=1): err= 0: pid=164402: Fri Jul 16 12:38:58 2021
  read: IOPS=357, BW=11.2MiB/s (11.7MB/s)(3347MiB/300001msec)
    slat (usec): min=23, max=65032, avg=2751.01, stdev=3076.34
    clat (usec): min=22, max=1030.3k, avg=8408.48, stdev=10722.84
     lat (usec): min=128, max=1030.4k, avg=11162.09, stdev=11306.10
    clat percentiles (usec):
     |  1.00th=[ 2474],  5.00th=[ 2638], 10.00th=[ 2737], 20.00th=[ 2966],
     | 30.00th=[ 3359], 40.00th=[ 5342], 50.00th=[ 7373], 60.00th=[ 9241],
     | 70.00th=[10814], 80.00th=[12518], 90.00th=[16057], 95.00th=[18744],
  lat (msec)   : 100=0.07%, 500=0.01%, 1000=0.01%
  cpu          : usr=0.80%, sys=9.83%, ctx=102735, majf=0, minf=70
     | 99.00th=[24249], 99.50th=[27132], 99.90th=[43779], 99.95th=[54264],
     | 99.99th=[81265]
   bw (  KiB/s): min= 3427, max=29760, per=12.66%, avg=11437.64, stdev=4262.67, samples=299
   iops        : min=   34, max=  936, avg=358.97, stdev=135.13, samples=596
  lat (usec)   : 50=0.01%, 250=0.08%, 1000=0.03%
  lat (msec)   : 2=0.08%, 4=34.05%, 10=30.58%, 20=31.97%, 50=3.12%
  lat (msec)   : 100=0.06%, 250=0.01%, 1000=0.01%, 2000=0.01%
  cpu          : usr=0.82%, sys=9.64%, ctx=107080, majf=0, minf=70
  IO depths    : 1=0.1%, 2=0.1%, 4=100.0%, 8=0.0%, 16=0.0%, 32=0.0%, >=64=0.0%
     submit    : 0=0.0%, 4=100.0%, 8=0.0%, 16=0.0%, 32=0.0%, 64=0.0%, >=64=0.0%
     complete  : 0=0.0%, 4=100.0%, 8=0.0%, 16=0.0%, 32=0.0%, 64=0.0%, >=64=0.0%
     issued rwts: total=107115,0,0,0 short=0,0,0,0 dropped=0,0,0,0
     latency   : target=0, window=0, percentile=100.00%, depth=4
random-readers: (groupid=0, jobs=1): err= 0: pid=164403: Fri Jul 16 12:38:58 2021
  IO depths    : 1=0.1%, 2=0.1%, 4=100.0%, 8=0.0%, 16=0.0%, 32=0.0%, >=64=0.0%
     submit    : 0=0.0%, 4=100.0%, 8=0.0%, 16=0.0%, 32=0.0%, 64=0.0%, >=64=0.0%
     complete  : 0=0.0%, 4=100.0%, 8=0.0%, 16=0.0%, 32=0.0%, 64=0.0%, >=64=0.0%
     issued rwts: total=102776,0,0,0 short=0,0,0,0 dropped=0,0,0,0
     latency   : target=0, window=0, percentile=100.00%, depth=4
random-readers: (groupid=0, jobs=1): err= 0: pid=126698: Fri Jul 16 12:38:58 2021
  read: IOPS=345, BW=10.8MiB/s (11.3MB/s)(3235MiB/300006msec)
    slat (usec): min=23, max=59890, avg=2847.85, stdev=3085.59
    clat (usec): min=13, max=1078.5k, avg=8700.76, stdev=11039.23
     lat (usec): min=132, max=1078.6k, avg=11551.05, stdev=11613.70
    clat percentiles (usec):
     |  1.00th=[ 2540],  5.00th=[ 2704], 10.00th=[ 2835], 20.00th=[ 3097],
     | 30.00th=[ 3556], 40.00th=[ 5800], 50.00th=[ 7767], 60.00th=[ 9503],
     | 70.00th=[11076], 80.00th=[12911], 90.00th=[16450], 95.00th=[19006],
  read: IOPS=350, BW=11.0MiB/s (11.5MB/s)(3287MiB/300013msec)
    slat (usec): min=24, max=114084, avg=2801.97, stdev=3093.90
    clat (usec): min=21, max=1068.3k, avg=8562.02, stdev=10890.24
     lat (usec): min=136, max=1069.3k, avg=11366.59, stdev=11462.98
    clat percentiles (msec):
     |  1.00th=[    3],  5.00th=[    3], 10.00th=[    3], 20.00th=[    4],
     | 30.00th=[    4], 40.00th=[    6], 50.00th=[    8], 60.00th=[   10],
     | 70.00th=[   11], 80.00th=[   13], 90.00th=[   17], 95.00th=[   19],
     | 99.00th=[   25], 99.50th=[   28], 99.90th=[   43], 99.95th=[   51],
     | 99.99th=[  116]
   bw (  KiB/s): min= 1024, max=27931, per=12.43%, avg=11227.49, stdev=3943.40, samples=300
   iops        : min=   58, max=  909, avg=352.43, stdev=125.42, samples=597
  lat (usec)   : 50=0.01%, 250=0.09%, 1000=0.03%
  lat (msec)   : 2=0.15%, 4=32.69%, 10=30.68%, 20=33.02%, 50=3.27%
  lat (msec)   : 100=0.05%, 250=0.01%, 1000=0.01%, 2000=0.01%
     | 99.00th=[24773], 99.50th=[27395], 99.90th=[40633], 99.95th=[50594],
     | 99.99th=[76022]
   bw (  KiB/s): min= 1953, max=29725, per=12.24%, avg=11047.78, stdev=4199.26, samples=300
   iops        : min=  122, max=  941, avg=346.80, stdev=131.18, samples=597
  lat (usec)   : 20=0.01%, 250=0.09%, 1000=0.01%
  lat (msec)   : 2=0.08%, 4=32.50%, 10=30.01%, 20=33.64%, 50=3.63%
  lat (msec)   : 100=0.04%, 1000=0.01%, 2000=0.01%
  cpu          : usr=0.83%, sys=9.13%, ctx=103444, majf=0, minf=70
  IO depths    : 1=0.1%, 2=0.1%, 4=100.0%, 8=0.0%, 16=0.0%, 32=0.0%, >=64=0.0%
     submit    : 0=0.0%, 4=100.0%, 8=0.0%, 16=0.0%, 32=0.0%, 64=0.0%, >=64=0.0%
     complete  : 0=0.0%, 4=100.0%, 8=0.0%, 16=0.0%, 32=0.0%, 64=0.0%, >=64=0.0%
     issued rwts: total=103516,0,0,0 short=0,0,0,0 dropped=0,0,0,0
     latency   : target=0, window=0, percentile=100.00%, depth=4
random-readers: (groupid=0, jobs=1): err= 0: pid=126699: Fri Jul 16 12:38:58 2021
  read: IOPS=354, BW=11.1MiB/s (11.6MB/s)(3322MiB/300003msec)
  cpu          : usr=0.87%, sys=9.27%, ctx=105082, majf=0, minf=71
  IO depths    : 1=0.1%, 2=0.1%, 4=100.0%, 8=0.0%, 16=0.0%, 32=0.0%, >=64=0.0%
     submit    : 0=0.0%, 4=100.0%, 8=0.0%, 16=0.0%, 32=0.0%, 64=0.0%, >=64=0.0%
     complete  : 0=0.0%, 4=100.0%, 8=0.0%, 16=0.0%, 32=0.0%, 64=0.0%, >=64=0.0%
     issued rwts: total=105197,0,0,0 short=0,0,0,0 dropped=0,0,0,0
     latency   : target=0, window=0, percentile=100.00%, depth=4
random-readers: (groupid=0, jobs=1): err= 0: pid=164404: Fri Jul 16 12:38:58 2021
  read: IOPS=352, BW=11.0MiB/s (11.5MB/s)(3301MiB/300003msec)
    slat (usec): min=22, max=59391, avg=2786.91, stdev=3024.24
    clat (usec): min=17, max=1120.8k, avg=8527.21, stdev=11258.90
     lat (usec): min=126, max=1122.1k, avg=11316.87, stdev=11798.70
    clat percentiles (usec):
     |  1.00th=[ 2507],  5.00th=[ 2671], 10.00th=[ 2802], 20.00th=[ 3064],
     | 30.00th=[ 3458], 40.00th=[ 5538], 50.00th=[ 7635], 60.00th=[ 9372],
    slat (usec): min=22, max=81252, avg=2773.34, stdev=3068.72
    clat (usec): min=23, max=1065.1k, avg=8472.38, stdev=10790.33
     lat (usec): min=135, max=1066.2k, avg=11248.04, stdev=11366.28
    clat percentiles (usec):
     |  1.00th=[ 2474],  5.00th=[ 2638], 10.00th=[ 2769], 20.00th=[ 2999],
     | 30.00th=[ 3425], 40.00th=[ 5473], 50.00th=[ 7504], 60.00th=[ 9241],
     | 70.00th=[10945], 80.00th=[12649], 90.00th=[16057], 95.00th=[18744],
     | 99.00th=[24511], 99.50th=[26870], 99.90th=[42730], 99.95th=[50070],
     | 99.99th=[84411]
   bw (  KiB/s): min=  256, max=28764, per=12.57%, avg=11345.80, stdev=4242.53, samples=300
   iops        : min=   16, max=  940, avg=356.15, stdev=132.37, samples=597
  lat (usec)   : 50=0.01%, 250=0.09%, 1000=0.03%
  lat (msec)   : 2=0.11%, 4=33.29%, 10=30.79%, 20=32.40%, 50=3.23%
  lat (msec)   : 100=0.04%, 1000=0.01%, 2000=0.01%
  cpu          : usr=0.77%, sys=9.12%, ctx=106186, majf=0, minf=71
     | 70.00th=[10945], 80.00th=[12649], 90.00th=[16188], 95.00th=[18744],
     | 99.00th=[23725], 99.50th=[26084], 99.90th=[38011], 99.95th=[54789],
     | 99.99th=[71828]
  IO depths    : 1=0.1%, 2=0.1%, 4=100.0%, 8=0.0%, 16=0.0%, 32=0.0%, >=64=0.0%
     submit    : 0=0.0%, 4=100.0%, 8=0.0%, 16=0.0%, 32=0.0%, 64=0.0%, >=64=0.0%
     complete  : 0=0.0%, 4=100.0%, 8=0.0%, 16=0.0%, 32=0.0%, 64=0.0%, >=64=0.0%
     issued rwts: total=106307,0,0,0 short=0,0,0,0 dropped=0,0,0,0
     latency   : target=0, window=0, percentile=100.00%, depth=4
random-readers: (groupid=0, jobs=1): err= 0: pid=126700: Fri Jul 16 12:38:58 2021
  read: IOPS=351, BW=11.0MiB/s (11.5MB/s)(3294MiB/300006msec)
    slat (usec): min=22, max=58681, avg=2796.56, stdev=3017.10
    clat (usec): min=13, max=1048.1k, avg=8545.38, stdev=10750.68
     lat (usec): min=132, max=1051.1k, avg=11344.35, stdev=11312.65
    clat percentiles (usec):
     |  1.00th=[ 2540],  5.00th=[ 2704], 10.00th=[ 2835], 20.00th=[ 3064],
     | 30.00th=[ 3490], 40.00th=[ 5604], 50.00th=[ 7635], 60.00th=[ 9372],
     | 70.00th=[10945], 80.00th=[12649], 90.00th=[16188], 95.00th=[18744],
   bw (  KiB/s): min= 2082, max=28672, per=12.48%, avg=11274.36, stdev=4156.73, samples=300
   iops        : min=   20, max=  912, avg=353.91, stdev=129.70, samples=597
  lat (usec)   : 20=0.01%, 250=0.05%, 500=0.01%, 1000=0.01%
  lat (msec)   : 2=0.07%, 4=33.29%, 10=30.53%, 20=32.87%, 50=3.12%
  lat (msec)   : 100=0.05%, 2000=0.01%
  cpu          : usr=0.89%, sys=9.99%, ctx=105656, majf=0, minf=70
  IO depths    : 1=0.1%, 2=0.1%, 4=100.0%, 8=0.0%, 16=0.0%, 32=0.0%, >=64=0.0%
     submit    : 0=0.0%, 4=100.0%, 8=0.0%, 16=0.0%, 32=0.0%, 64=0.0%, >=64=0.0%
     complete  : 0=0.0%, 4=100.0%, 8=0.0%, 16=0.0%, 32=0.0%, 64=0.0%, >=64=0.0%
     issued rwts: total=105637,0,0,0 short=0,0,0,0 dropped=0,0,0,0
     latency   : target=0, window=0, percentile=100.00%, depth=4
random-readers: (groupid=0, jobs=1): err= 0: pid=164405: Fri Jul 16 12:38:58 2021
  read: IOPS=352, BW=11.0MiB/s (11.5MB/s)(3300MiB/300003msec)
    slat (usec): min=23, max=66402, avg=2789.46, stdev=3043.03
     | 99.00th=[23987], 99.50th=[26346], 99.90th=[38536], 99.95th=[49546],
     | 99.99th=[65274]
   bw (  KiB/s): min=  512, max=27200, per=12.46%, avg=11249.20, stdev=3859.63, samples=300
    clat (usec): min=21, max=1071.3k, avg=8530.04, stdev=10979.52
     lat (usec): min=129, max=1072.2k, avg=11322.16, stdev=11543.85
    clat percentiles (usec):
     |  1.00th=[ 2474],  5.00th=[ 2638], 10.00th=[ 2769], 20.00th=[ 3032],
     | 30.00th=[ 3523], 40.00th=[ 5538], 50.00th=[ 7635], 60.00th=[ 9372],
     | 70.00th=[10945], 80.00th=[12649], 90.00th=[16188], 95.00th=[18744],
     | 99.00th=[23987], 99.50th=[26346], 99.90th=[41157], 99.95th=[53216],
     | 99.99th=[69731]
   bw (  KiB/s): min= 1697, max=30078, per=12.52%, avg=11308.34, stdev=4241.99, samples=299
   iops        : min=  106, max=  954, avg=354.39, stdev=133.15, samples=596
  lat (usec)   : 50=0.01%, 250=0.05%, 1000=0.01%
  lat (msec)   : 2=0.06%, 4=33.19%, 10=30.36%, 20=33.09%, 50=3.16%
  lat (msec)   : 100=0.06%, 1000=0.01%, 2000=0.01%
  cpu          : usr=0.87%, sys=9.64%, ctx=105595, majf=0, minf=71
  IO depths    : 1=0.1%, 2=0.1%, 4=100.0%, 8=0.0%, 16=0.0%, 32=0.0%, >=64=0.0%
   iops        : min=   32, max=  874, avg=353.13, stdev=120.89, samples=597
  lat (usec)   : 20=0.01%, 250=0.06%, 1000=0.01%
  lat (msec)   : 2=0.06%, 4=33.05%, 10=30.61%, 20=33.00%, 50=3.16%
  lat (msec)   : 100=0.04%, 1000=0.01%, 2000=0.01%
  cpu          : usr=0.90%, sys=9.27%, ctx=105398, majf=0, minf=70
  IO depths    : 1=0.1%, 2=0.1%, 4=100.0%, 8=0.0%, 16=0.0%, 32=0.0%, >=64=0.0%
     submit    : 0=0.0%, 4=100.0%, 8=0.0%, 16=0.0%, 32=0.0%, 64=0.0%, >=64=0.0%
     complete  : 0=0.0%, 4=100.0%, 8=0.0%, 16=0.0%, 32=0.0%, 64=0.0%, >=64=0.0%
     issued rwts: total=105403,0,0,0 short=0,0,0,0 dropped=0,0,0,0
     latency   : target=0, window=0, percentile=100.00%, depth=4
random-readers: (groupid=0, jobs=1): err= 0: pid=126701: Fri Jul 16 12:38:58 2021
  read: IOPS=357, BW=11.2MiB/s (11.7MB/s)(3348MiB/300001msec)
    slat (usec): min=22, max=79630, avg=2750.15, stdev=2980.58
    clat (usec): min=12, max=1083.7k, avg=8406.40, stdev=10883.02
     lat (usec): min=126, max=1084.5k, avg=11158.98, stdev=11417.26
     submit    : 0=0.0%, 4=100.0%, 8=0.0%, 16=0.0%, 32=0.0%, 64=0.0%, >=64=0.0%
     complete  : 0=0.0%, 4=100.0%, 8=0.0%, 16=0.0%, 32=0.0%, 64=0.0%, >=64=0.0%
     issued rwts: total=105602,0,0,0 short=0,0,0,0 dropped=0,0,0,0
     latency   : target=0, window=0, percentile=100.00%, depth=4
random-readers: (groupid=0, jobs=1): err= 0: pid=164406: Fri Jul 16 12:38:58 2021
  read: IOPS=352, BW=11.0MiB/s (11.5MB/s)(3302MiB/300002msec)
    slat (usec): min=22, max=66290, avg=2787.12, stdev=3054.11
    clat (usec): min=15, max=1105.6k, avg=8525.37, stdev=11095.26
     lat (usec): min=124, max=1106.6k, avg=11315.20, stdev=11655.62
    clat percentiles (usec):
     |  1.00th=[ 2507],  5.00th=[ 2671], 10.00th=[ 2802], 20.00th=[ 3064],
     | 30.00th=[ 3523], 40.00th=[ 5473], 50.00th=[ 7504], 60.00th=[ 9372],
     | 70.00th=[10945], 80.00th=[12649], 90.00th=[16188], 95.00th=[18744],
     | 99.00th=[24511], 99.50th=[27132], 99.90th=[41157], 99.95th=[53216],
     | 99.99th=[72877]
    clat percentiles (usec):
     |  1.00th=[ 2507],  5.00th=[ 2704], 10.00th=[ 2802], 20.00th=[ 3064],
     | 30.00th=[ 3458], 40.00th=[ 5473], 50.00th=[ 7439], 60.00th=[ 9241],
     | 70.00th=[10814], 80.00th=[12387], 90.00th=[15926], 95.00th=[18482],
     | 99.00th=[23725], 99.50th=[26084], 99.90th=[38536], 99.95th=[47449],
     | 99.99th=[81265]
   bw (  KiB/s): min= 1121, max=27867, per=12.68%, avg=11441.54, stdev=4029.55, samples=299
   iops        : min=   70, max=  896, avg=359.04, stdev=125.73, samples=596
  lat (usec)   : 20=0.01%, 250=0.05%, 1000=0.01%
  lat (msec)   : 2=0.06%, 4=33.46%, 10=31.28%, 20=32.13%, 50=2.96%
  lat (msec)   : 100=0.04%, 1000=0.01%, 2000=0.01%
  cpu          : usr=0.88%, sys=9.38%, ctx=107150, majf=0, minf=70
  IO depths    : 1=0.1%, 2=0.1%, 4=100.0%, 8=0.0%, 16=0.0%, 32=0.0%, >=64=0.0%
     submit    : 0=0.0%, 4=100.0%, 8=0.0%, 16=0.0%, 32=0.0%, 64=0.0%, >=64=0.0%
     complete  : 0=0.0%, 4=100.0%, 8=0.0%, 16=0.0%, 32=0.0%, 64=0.0%, >=64=0.0%
   bw (  KiB/s): min= 3491, max=31295, per=12.48%, avg=11276.64, stdev=4444.43, samples=300
   iops        : min=   30, max=  987, avg=353.97, stdev=141.15, samples=597
  lat (usec)   : 20=0.01%, 100=0.01%, 250=0.08%, 1000=0.01%
  lat (msec)   : 2=0.06%, 4=33.65%, 10=30.32%, 20=32.46%, 50=3.37%
  lat (msec)   : 100=0.05%, 1000=0.01%, 2000=0.01%
  cpu          : usr=0.86%, sys=9.83%, ctx=105634, majf=0, minf=71
  IO depths    : 1=0.1%, 2=0.1%, 4=100.0%, 8=0.0%, 16=0.0%, 32=0.0%, >=64=0.0%
     submit    : 0=0.0%, 4=100.0%, 8=0.0%, 16=0.0%, 32=0.0%, 64=0.0%, >=64=0.0%
     complete  : 0=0.0%, 4=100.0%, 8=0.0%, 16=0.0%, 32=0.0%, 64=0.0%, >=64=0.0%
     issued rwts: total=105658,0,0,0 short=0,0,0,0 dropped=0,0,0,0
     latency   : target=0, window=0, percentile=100.00%, depth=4

Run status group 0 (all jobs):
   READ: bw=88.2MiB/s (92.5MB/s), 10.7MiB/s-11.3MiB/s (11.2MB/s-11.9MB/s), io=25.8GiB (27.8GB), run=300001-300013msec
     issued rwts: total=107148,0,0,0 short=0,0,0,0 dropped=0,0,0,0
     latency   : target=0, window=0, percentile=100.00%, depth=4
random-readers: (groupid=0, jobs=1): err= 0: pid=126702: Fri Jul 16 12:38:58 2021
  read: IOPS=352, BW=11.0MiB/s (11.6MB/s)(3306MiB/300003msec)
    slat (usec): min=23, max=60262, avg=2786.89, stdev=3047.98
    clat (usec): min=14, max=1052.1k, avg=8514.16, stdev=10912.03
     lat (usec): min=127, max=1052.2k, avg=11303.31, stdev=11490.20
    clat percentiles (usec):
     |  1.00th=[ 2474],  5.00th=[ 2638], 10.00th=[ 2737], 20.00th=[ 2999],
     | 30.00th=[ 3458], 40.00th=[ 5473], 50.00th=[ 7570], 60.00th=[ 9372],
     | 70.00th=[10945], 80.00th=[12649], 90.00th=[16319], 95.00th=[18744],
     | 99.00th=[24511], 99.50th=[27132], 99.90th=[39060], 99.95th=[46400],
     | 99.99th=[67634]
   bw (  KiB/s): min=  320, max=31103, per=12.51%, avg=11290.30, stdev=4583.39, samples=300
   iops        : min=   20, max=  990, avg=354.41, stdev=142.72, samples=597
  lat (usec)   : 20=0.01%, 250=0.08%, 1000=0.01%
  lat (msec)   : 2=0.07%, 4=33.82%, 10=29.97%, 20=32.57%, 50=3.46%
  lat (msec)   : 100=0.03%, 2000=0.01%
  cpu          : usr=0.83%, sys=8.99%, ctx=105743, majf=0, minf=71
  IO depths    : 1=0.1%, 2=0.1%, 4=100.0%, 8=0.0%, 16=0.0%, 32=0.0%, >=64=0.0%
     submit    : 0=0.0%, 4=100.0%, 8=0.0%, 16=0.0%, 32=0.0%, 64=0.0%, >=64=0.0%
     complete  : 0=0.0%, 4=100.0%, 8=0.0%, 16=0.0%, 32=0.0%, 64=0.0%, >=64=0.0%
     issued rwts: total=105788,0,0,0 short=0,0,0,0 dropped=0,0,0,0
     latency   : target=0, window=0, percentile=100.00%, depth=4

Run status group 0 (all jobs):
   READ: bw=88.1MiB/s (92.4MB/s), 10.7MiB/s-11.4MiB/s (11.2MB/s-11.9MB/s), io=25.8GiB (27.7GB), run=300001-300006msec

random-readers: (groupid=0, jobs=1): err= 0: pid=113744: Fri Jul 16 12:39:25 2021
  read: IOPS=358, BW=11.2MiB/s (11.8MB/s)(3364MiB/300001msec)
    slat (usec): min=22, max=445186, avg=2736.57, stdev=3294.64
    clat (usec): min=13, max=1058.1k, avg=8367.68, stdev=10976.31
     lat (usec): min=128, max=1058.1k, avg=11106.83, stdev=11598.21
    clat percentiles (msec):
     |  1.00th=[    3],  5.00th=[    3], 10.00th=[    3], 20.00th=[    4],
     | 30.00th=[    4], 40.00th=[    6], 50.00th=[    8], 60.00th=[   10],
     | 70.00th=[   11], 80.00th=[   13], 90.00th=[   16], 95.00th=[   19],
     | 99.00th=[   24], 99.50th=[   27], 99.90th=[   43], 99.95th=[   52],
     | 99.99th=[  447]
   bw (  KiB/s): min=  448, max=30942, per=12.62%, avg=11433.45, stdev=4208.49, samples=299
   iops        : min=   28, max=  972, avg=359.84, stdev=138.03, samples=596
  lat (usec)   : 20=0.01%, 250=0.05%, 1000=0.01%
  lat (msec)   : 2=0.05%, 4=34.65%, 10=30.42%, 20=31.79%, 50=2.96%
  lat (msec)   : 100=0.05%, 500=0.01%, 1000=0.01%, 2000=0.01%
  cpu          : usr=0.91%, sys=9.65%, ctx=107667, majf=0, minf=70
  IO depths    : 1=0.1%, 2=0.1%, 4=100.0%, 8=0.0%, 16=0.0%, 32=0.0%, >=64=0.0%
     submit    : 0=0.0%, 4=100.0%, 8=0.0%, 16=0.0%, 32=0.0%, 64=0.0%, >=64=0.0%
     complete  : 0=0.0%, 4=100.0%, 8=0.0%, 16=0.0%, 32=0.0%, 64=0.0%, >=64=0.0%
     issued rwts: total=107650,0,0,0 short=0,0,0,0 dropped=0,0,0,0
     latency   : target=0, window=0, percentile=100.00%, depth=4
random-readers: (groupid=0, jobs=1): err= 0: pid=113745: Fri Jul 16 12:39:25 2021
  read: IOPS=355, BW=11.1MiB/s (11.6MB/s)(3331MiB/300002msec)
    slat (usec): min=23, max=57605, avg=2764.57, stdev=3083.53
    clat (usec): min=13, max=1059.3k, avg=8449.06, stdev=10974.43
     lat (usec): min=127, max=1060.1k, avg=11216.08, stdev=11543.97
    clat percentiles (usec):
     |  1.00th=[ 2409],  5.00th=[ 2573], 10.00th=[ 2704], 20.00th=[ 2999],
     | 30.00th=[ 3458], 40.00th=[ 5407], 50.00th=[ 7439], 60.00th=[ 9241],
     | 70.00th=[10814], 80.00th=[12649], 90.00th=[16057], 95.00th=[18744],
     | 99.00th=[24511], 99.50th=[27395], 99.90th=[45876], 99.95th=[54264],
     | 99.99th=[69731]
   bw (  KiB/s): min= 3584, max=30176, per=12.56%, avg=11377.57, stdev=4397.27, samples=300
   iops        : min=   14, max=  968, avg=357.15, stdev=139.98, samples=597
  lat (usec)   : 20=0.01%, 250=0.09%, 1000=0.01%
  lat (msec)   : 2=0.10%, 4=33.72%, 10=30.75%, 20=32.04%, 50=3.21%
  lat (msec)   : 100=0.07%, 1000=0.01%, 2000=0.01%
  cpu          : usr=0.79%, sys=9.33%, ctx=106546, majf=0, minf=71
  IO depths    : 1=0.1%, 2=0.1%, 4=100.0%, 8=0.0%, 16=0.0%, 32=0.0%, >=64=0.0%
     submit    : 0=0.0%, 4=100.0%, 8=0.0%, 16=0.0%, 32=0.0%, 64=0.0%, >=64=0.0%
     complete  : 0=0.0%, 4=100.0%, 8=0.0%, 16=0.0%, 32=0.0%, 64=0.0%, >=64=0.0%
     issued rwts: total=106605,0,0,0 short=0,0,0,0 dropped=0,0,0,0
     latency   : target=0, window=0, percentile=100.00%, depth=4
random-readers: (groupid=0, jobs=1): err= 0: pid=113750: Fri Jul 16 12:39:25 2021
  read: IOPS=351, BW=11.0MiB/s (11.5MB/s)(3293MiB/300001msec)
    slat (usec): min=24, max=64602, avg=2795.61, stdev=3081.30
    clat (usec): min=12, max=1158.9k, avg=8548.77, stdev=11528.59
     lat (usec): min=134, max=1159.7k, avg=11346.78, stdev=12076.13
    clat percentiles (usec):
     |  1.00th=[ 2474],  5.00th=[ 2638], 10.00th=[ 2769], 20.00th=[ 3032],
     | 30.00th=[ 3490], 40.00th=[ 5538], 50.00th=[ 7570], 60.00th=[ 9372],
     | 70.00th=[10945], 80.00th=[12649], 90.00th=[16188], 95.00th=[18744],
     | 99.00th=[24249], 99.50th=[26608], 99.90th=[46400], 99.95th=[57934],
     | 99.99th=[76022]
   bw (  KiB/s): min= 2882, max=29085, per=12.35%, avg=11187.71, stdev=4146.70, samples=299
   iops        : min=  146, max=  926, avg=352.73, stdev=131.85, samples=595
  lat (usec)   : 20=0.01%, 250=0.06%, 1000=0.01%
  lat (msec)   : 2=0.08%, 4=33.06%, 10=30.69%, 20=32.72%, 50=3.30%
  lat (msec)   : 100=0.07%, 1000=0.01%, 2000=0.01%
  cpu          : usr=0.80%, sys=9.33%, ctx=105360, majf=0, minf=70
  IO depths    : 1=0.1%, 2=0.1%, 4=100.0%, 8=0.0%, 16=0.0%, 32=0.0%, >=64=0.0%
     submit    : 0=0.0%, 4=100.0%, 8=0.0%, 16=0.0%, 32=0.0%, 64=0.0%, >=64=0.0%
     complete  : 0=0.0%, 4=100.0%, 8=0.0%, 16=0.0%, 32=0.0%, 64=0.0%, >=64=0.0%
     issued rwts: total=105365,0,0,0 short=0,0,0,0 dropped=0,0,0,0
     latency   : target=0, window=0, percentile=100.00%, depth=4
random-readers: (groupid=0, jobs=1): err= 0: pid=113751: Fri Jul 16 12:39:25 2021
  read: IOPS=352, BW=11.0MiB/s (11.5MB/s)(3304MiB/300001msec)
    slat (usec): min=22, max=58973, avg=2785.97, stdev=3089.88
    clat (usec): min=13, max=1192.4k, avg=8518.61, stdev=11444.65
     lat (usec): min=124, max=1193.4k, avg=11306.95, stdev=11998.44
    clat percentiles (usec):
     |  1.00th=[ 2474],  5.00th=[ 2638], 10.00th=[ 2769], 20.00th=[ 3032],
     | 30.00th=[ 3490], 40.00th=[ 5473], 50.00th=[ 7504], 60.00th=[ 9241],
     | 70.00th=[10945], 80.00th=[12649], 90.00th=[16188], 95.00th=[18744],
     | 99.00th=[24511], 99.50th=[27132], 99.90th=[45876], 99.95th=[54789],
     | 99.99th=[73925]
   bw (  KiB/s): min= 3136, max=30110, per=12.46%, avg=11284.57, stdev=4247.75, samples=300
   iops        : min=   30, max=  947, avg=354.23, stdev=135.55, samples=597
  lat (usec)   : 20=0.01%, 250=0.08%, 500=0.01%, 1000=0.01%
  lat (msec)   : 2=0.09%, 4=33.32%, 10=30.71%, 20=32.41%, 50=3.29%
  lat (msec)   : 100=0.07%, 1000=0.01%, 2000=0.01%
  cpu          : usr=0.82%, sys=9.31%, ctx=105694, majf=0, minf=70
  IO depths    : 1=0.1%, 2=0.1%, 4=100.0%, 8=0.0%, 16=0.0%, 32=0.0%, >=64=0.0%
     submit    : 0=0.0%, 4=100.0%, 8=0.0%, 16=0.0%, 32=0.0%, 64=0.0%, >=64=0.0%
     complete  : 0=0.0%, 4=100.0%, 8=0.0%, 16=0.0%, 32=0.0%, 64=0.0%, >=64=0.0%
     issued rwts: total=105734,0,0,0 short=0,0,0,0 dropped=0,0,0,0
     latency   : target=0, window=0, percentile=100.00%, depth=4
random-readers: (groupid=0, jobs=1): err= 0: pid=113753: Fri Jul 16 12:39:25 2021
  read: IOPS=353, BW=11.0MiB/s (11.6MB/s)(3311MiB/300001msec)
    slat (usec): min=22, max=65598, avg=2778.77, stdev=3064.96
    clat (usec): min=13, max=1170.7k, avg=8502.28, stdev=11765.16
     lat (usec): min=124, max=1171.9k, avg=11283.63, stdev=12310.13
    clat percentiles (usec):
     |  1.00th=[ 2474],  5.00th=[ 2671], 10.00th=[ 2769], 20.00th=[ 2999],
     | 30.00th=[ 3392], 40.00th=[ 5473], 50.00th=[ 7504], 60.00th=[ 9372],
     | 70.00th=[10945], 80.00th=[12649], 90.00th=[16188], 95.00th=[18744],
     | 99.00th=[24249], 99.50th=[26870], 99.90th=[45351], 99.95th=[57410],
     | 99.99th=[76022]
   bw (  KiB/s): min= 2434, max=30622, per=12.48%, avg=11306.50, stdev=4398.95, samples=300
   iops        : min=   36, max=  982, avg=355.51, stdev=141.45, samples=596
  lat (usec)   : 20=0.01%, 250=0.09%, 1000=0.03%
  lat (msec)   : 2=0.14%, 4=33.75%, 10=30.17%, 20=32.50%, 50=3.25%
  lat (msec)   : 100=0.07%, 2000=0.01%
  cpu          : usr=0.82%, sys=9.38%, ctx=105833, majf=0, minf=71
  IO depths    : 1=0.1%, 2=0.1%, 4=100.0%, 8=0.0%, 16=0.0%, 32=0.0%, >=64=0.0%
     submit    : 0=0.0%, 4=100.0%, 8=0.0%, 16=0.0%, 32=0.0%, 64=0.0%, >=64=0.0%
     complete  : 0=0.0%, 4=100.0%, 8=0.0%, 16=0.0%, 32=0.0%, 64=0.0%, >=64=0.0%
     issued rwts: total=105940,0,0,0 short=0,0,0,0 dropped=0,0,0,0
     latency   : target=0, window=0, percentile=100.00%, depth=4
random-readers: (groupid=0, jobs=1): err= 0: pid=113756: Fri Jul 16 12:39:25 2021
  read: IOPS=354, BW=11.1MiB/s (11.6MB/s)(3323MiB/300001msec)
    slat (usec): min=23, max=59808, avg=2770.35, stdev=3062.70
    clat (usec): min=12, max=1148.4k, avg=8471.04, stdev=11460.96
     lat (usec): min=130, max=1149.6k, avg=11243.76, stdev=12012.05
    clat percentiles (usec):
     |  1.00th=[ 2474],  5.00th=[ 2638], 10.00th=[ 2769], 20.00th=[ 2966],
     | 30.00th=[ 3359], 40.00th=[ 5407], 50.00th=[ 7439], 60.00th=[ 9241],
     | 70.00th=[10945], 80.00th=[12649], 90.00th=[16188], 95.00th=[18744],
     | 99.00th=[24511], 99.50th=[26870], 99.90th=[42730], 99.95th=[50594],
     | 99.99th=[73925]
   bw (  KiB/s): min= 2466, max=30078, per=12.57%, avg=11386.11, stdev=4291.91, samples=299
   iops        : min=  154, max=  952, avg=356.82, stdev=135.66, samples=596
  lat (usec)   : 20=0.01%, 250=0.06%, 1000=0.01%
  lat (msec)   : 2=0.05%, 4=33.71%, 10=30.40%, 20=32.52%, 50=3.21%
  lat (msec)   : 100=0.05%, 2000=0.01%
  cpu          : usr=0.77%, sys=9.19%, ctx=106350, majf=0, minf=71
  IO depths    : 1=0.1%, 2=0.1%, 4=100.0%, 8=0.0%, 16=0.0%, 32=0.0%, >=64=0.0%
     submit    : 0=0.0%, 4=100.0%, 8=0.0%, 16=0.0%, 32=0.0%, 64=0.0%, >=64=0.0%
     complete  : 0=0.0%, 4=100.0%, 8=0.0%, 16=0.0%, 32=0.0%, 64=0.0%, >=64=0.0%
     issued rwts: total=106330,0,0,0 short=0,0,0,0 dropped=0,0,0,0
     latency   : target=0, window=0, percentile=100.00%, depth=4
random-readers: (groupid=0, jobs=1): err= 0: pid=113757: Fri Jul 16 12:39:25 2021
  read: IOPS=352, BW=11.0MiB/s (11.5MB/s)(3300MiB/300001msec)
    slat (usec): min=21, max=76626, avg=2787.76, stdev=3087.74
    clat (usec): min=12, max=1149.5k, avg=8529.25, stdev=11748.52
     lat (usec): min=121, max=1150.6k, avg=11319.52, stdev=12301.52
    clat percentiles (usec):
     |  1.00th=[ 2474],  5.00th=[ 2638], 10.00th=[ 2769], 20.00th=[ 3032],
     | 30.00th=[ 3458], 40.00th=[ 5538], 50.00th=[ 7504], 60.00th=[ 9241],
     | 70.00th=[10945], 80.00th=[12649], 90.00th=[16188], 95.00th=[18744],
     | 99.00th=[24249], 99.50th=[27132], 99.90th=[43779], 99.95th=[56361],
     | 99.99th=[98042]
   bw (  KiB/s): min= 1857, max=30526, per=12.38%, avg=11212.43, stdev=4198.43, samples=299
   iops        : min=    2, max=  974, avg=352.96, stdev=134.69, samples=596
  lat (usec)   : 20=0.01%, 100=0.01%, 250=0.05%, 500=0.01%, 1000=0.01%
  lat (msec)   : 2=0.06%, 4=33.31%, 10=30.80%, 20=32.36%, 50=3.33%
  lat (msec)   : 100=0.06%, 250=0.01%, 2000=0.01%
  cpu          : usr=0.86%, sys=9.36%, ctx=105623, majf=0, minf=70
  IO depths    : 1=0.1%, 2=0.1%, 4=100.0%, 8=0.0%, 16=0.0%, 32=0.0%, >=64=0.0%
     submit    : 0=0.0%, 4=100.0%, 8=0.0%, 16=0.0%, 32=0.0%, 64=0.0%, >=64=0.0%
     complete  : 0=0.0%, 4=100.0%, 8=0.0%, 16=0.0%, 32=0.0%, 64=0.0%, >=64=0.0%
     issued rwts: total=105605,0,0,0 short=0,0,0,0 dropped=0,0,0,0
     latency   : target=0, window=0, percentile=100.00%, depth=4
random-readers: (groupid=0, jobs=1): err= 0: pid=113758: Fri Jul 16 12:39:25 2021
  read: IOPS=353, BW=11.1MiB/s (11.6MB/s)(3316MiB/300001msec)
    slat (usec): min=23, max=65341, avg=2773.30, stdev=3047.81
    clat (usec): min=15, max=1157.0k, avg=8488.57, stdev=11836.12
     lat (usec): min=128, max=1160.2k, avg=11264.31, stdev=12360.28
    clat percentiles (usec):
     |  1.00th=[ 2474],  5.00th=[ 2671], 10.00th=[ 2769], 20.00th=[ 2999],
     | 30.00th=[ 3458], 40.00th=[ 5538], 50.00th=[ 7504], 60.00th=[ 9241],
     | 70.00th=[10814], 80.00th=[12518], 90.00th=[16188], 95.00th=[18482],
     | 99.00th=[23987], 99.50th=[26346], 99.90th=[45351], 99.95th=[54789],
     | 99.99th=[76022]
   bw (  KiB/s): min= 3171, max=30238, per=12.48%, avg=11308.63, stdev=4182.64, samples=298
   iops        : min=   26, max=  948, avg=355.30, stdev=134.26, samples=595
  lat (usec)   : 20=0.01%, 250=0.08%, 1000=0.01%
  lat (msec)   : 2=0.08%, 4=33.17%, 10=31.12%, 20=32.37%, 50=3.10%
  lat (msec)   : 100=0.07%, 2000=0.01%
  cpu          : usr=0.86%, sys=9.47%, ctx=106097, majf=0, minf=71
  IO depths    : 1=0.1%, 2=0.1%, 4=100.0%, 8=0.0%, 16=0.0%, 32=0.0%, >=64=0.0%
     submit    : 0=0.0%, 4=100.0%, 8=0.0%, 16=0.0%, 32=0.0%, 64=0.0%, >=64=0.0%
     complete  : 0=0.0%, 4=100.0%, 8=0.0%, 16=0.0%, 32=0.0%, 64=0.0%, >=64=0.0%
     issued rwts: total=106115,0,0,0 short=0,0,0,0 dropped=0,0,0,0
     latency   : target=0, window=0, percentile=100.00%, depth=4

Run status group 0 (all jobs):
   READ: bw=88.5MiB/s (92.8MB/s), 11.0MiB/s-11.2MiB/s (11.5MB/s-11.8MB/s), io=25.9GiB (27.8GB), run=300001-300002msec

random-readers: (groupid=0, jobs=1): err= 0: pid=115237: Fri Jul 16 12:39:25 2021
  read: IOPS=353, BW=11.0MiB/s (11.6MB/s)(3312MiB/300001msec)
    slat (usec): min=23, max=68998, avg=2779.80, stdev=3048.72
    clat (usec): min=12, max=1118.8k, avg=8499.75, stdev=11353.12
     lat (usec): min=133, max=1118.8k, avg=11281.91, stdev=11903.56
    clat percentiles (usec):
     |  1.00th=[ 2474],  5.00th=[ 2638], 10.00th=[ 2769], 20.00th=[ 2966],
     | 30.00th=[ 3392], 40.00th=[ 5473], 50.00th=[ 7504], 60.00th=[ 9372],
     | 70.00th=[10945], 80.00th=[12649], 90.00th=[16188], 95.00th=[18744],
     | 99.00th=[24511], 99.50th=[27132], 99.90th=[38011], 99.95th=[47449],
     | 99.99th=[73925]
   bw (  KiB/s): min=  256, max=31231, per=12.47%, avg=11253.31, stdev=4282.09, samples=299
   iops        : min=   16, max=  991, avg=354.17, stdev=138.43, samples=596
  lat (usec)   : 20=0.01%, 250=0.06%, 1000=0.01%
  lat (msec)   : 2=0.06%, 4=33.58%, 10=30.39%, 20=32.50%, 50=3.38%
  lat (msec)   : 100=0.03%, 2000=0.01%
  cpu          : usr=0.77%, sys=9.22%, ctx=105992, majf=0, minf=70
  IO depths    : 1=0.1%, 2=0.1%, 4=100.0%, 8=0.0%, 16=0.0%, 32=0.0%, >=64=0.0%
     submit    : 0=0.0%, 4=100.0%, 8=0.0%, 16=0.0%, 32=0.0%, 64=0.0%, >=64=0.0%
     complete  : 0=0.0%, 4=100.0%, 8=0.0%, 16=0.0%, 32=0.0%, 64=0.0%, >=64=0.0%
     issued rwts: total=105970,0,0,0 short=0,0,0,0 dropped=0,0,0,0
     latency   : target=0, window=0, percentile=100.00%, depth=4
random-readers: (groupid=0, jobs=1): err= 0: pid=115238: Fri Jul 16 12:39:25 2021
  read: IOPS=349, BW=10.9MiB/s (11.4MB/s)(3274MiB/300001msec)
    slat (usec): min=22, max=65308, avg=2809.22, stdev=3034.43
    clat (usec): min=12, max=1143.2k, avg=8599.76, stdev=10850.67
     lat (usec): min=125, max=1143.2k, avg=11412.27, stdev=11418.88
    clat percentiles (usec):
     |  1.00th=[ 2540],  5.00th=[ 2737], 10.00th=[ 2933], 20.00th=[ 3195],
     | 30.00th=[ 3556], 40.00th=[ 5604], 50.00th=[ 7635], 60.00th=[ 9372],
     | 70.00th=[11076], 80.00th=[12649], 90.00th=[16319], 95.00th=[18744],
     | 99.00th=[24511], 99.50th=[26870], 99.90th=[41157], 99.95th=[53216],
     | 99.99th=[78119]
   bw (  KiB/s): min= 1153, max=29917, per=12.34%, avg=11128.66, stdev=4149.71, samples=299
   iops        : min=   28, max=  983, avg=350.25, stdev=134.09, samples=596
  lat (usec)   : 20=0.01%, 250=0.09%, 1000=0.01%
  lat (msec)   : 2=0.07%, 4=33.18%, 10=30.27%, 20=32.93%, 50=3.40%
  lat (msec)   : 100=0.05%, 1000=0.01%, 2000=0.01%
  cpu          : usr=1.09%, sys=10.66%, ctx=104654, majf=0, minf=72
  IO depths    : 1=0.1%, 2=0.1%, 4=100.0%, 8=0.0%, 16=0.0%, 32=0.0%, >=64=0.0%
     submit    : 0=0.0%, 4=100.0%, 8=0.0%, 16=0.0%, 32=0.0%, 64=0.0%, >=64=0.0%
     complete  : 0=0.0%, 4=100.0%, 8=0.0%, 16=0.0%, 32=0.0%, 64=0.0%, >=64=0.0%
     issued rwts: total=104758,0,0,0 short=0,0,0,0 dropped=0,0,0,0
     latency   : target=0, window=0, percentile=100.00%, depth=4
random-readers: (groupid=0, jobs=1): err= 0: pid=115241: Fri Jul 16 12:39:25 2021
  read: IOPS=358, BW=11.2MiB/s (11.7MB/s)(3357MiB/300001msec)
    slat (usec): min=20, max=66210, avg=2740.77, stdev=3020.48
    clat (usec): min=14, max=1160.0k, avg=8383.81, stdev=11363.00
     lat (usec): min=122, max=1161.0k, avg=11127.12, stdev=11916.15
    clat percentiles (usec):
     |  1.00th=[ 2474],  5.00th=[ 2638], 10.00th=[ 2737], 20.00th=[ 2966],
     | 30.00th=[ 3359], 40.00th=[ 5276], 50.00th=[ 7373], 60.00th=[ 9241],
     | 70.00th=[10814], 80.00th=[12518], 90.00th=[16057], 95.00th=[18482],
     | 99.00th=[23725], 99.50th=[26084], 99.90th=[43254], 99.95th=[56361],
     | 99.99th=[82314]
   bw (  KiB/s): min= 1024, max=30814, per=12.64%, avg=11407.12, stdev=4475.73, samples=299
   iops        : min=   18, max=  980, avg=359.10, stdev=142.53, samples=596
  lat (usec)   : 20=0.01%, 100=0.01%, 250=0.06%, 500=0.01%, 1000=0.02%
  lat (msec)   : 2=0.07%, 4=34.33%, 10=30.30%, 20=32.13%, 50=3.01%
  lat (msec)   : 100=0.07%, 2000=0.01%
  cpu          : usr=0.83%, sys=9.50%, ctx=107413, majf=0, minf=70
  IO depths    : 1=0.1%, 2=0.1%, 4=100.0%, 8=0.0%, 16=0.0%, 32=0.0%, >=64=0.0%
     submit    : 0=0.0%, 4=100.0%, 8=0.0%, 16=0.0%, 32=0.0%, 64=0.0%, >=64=0.0%
     complete  : 0=0.0%, 4=100.0%, 8=0.0%, 16=0.0%, 32=0.0%, 64=0.0%, >=64=0.0%
     issued rwts: total=107437,0,0,0 short=0,0,0,0 dropped=0,0,0,0
     latency   : target=0, window=0, percentile=100.00%, depth=4
random-readers: (groupid=0, jobs=1): err= 0: pid=115242: Fri Jul 16 12:39:25 2021
  read: IOPS=356, BW=11.1MiB/s (11.7MB/s)(3340MiB/300001msec)
    slat (usec): min=22, max=62087, avg=2755.66, stdev=3029.67
    clat (usec): min=13, max=1153.6k, avg=8428.50, stdev=11360.24
     lat (usec): min=125, max=1153.6k, avg=11186.58, stdev=11900.60
    clat percentiles (usec):
     |  1.00th=[ 2507],  5.00th=[ 2671], 10.00th=[ 2769], 20.00th=[ 2999],
     | 30.00th=[ 3392], 40.00th=[ 5407], 50.00th=[ 7439], 60.00th=[ 9241],
     | 70.00th=[10814], 80.00th=[12518], 90.00th=[16057], 95.00th=[18482],
     | 99.00th=[23725], 99.50th=[26084], 99.90th=[45351], 99.95th=[54264],
     | 99.99th=[71828]
   bw (  KiB/s): min= 1696, max=31071, per=12.58%, avg=11349.28, stdev=4308.97, samples=299
   iops        : min=   94, max=  989, avg=357.82, stdev=140.47, samples=595
  lat (usec)   : 20=0.01%, 250=0.09%, 1000=0.02%
  lat (msec)   : 2=0.09%, 4=33.97%, 10=30.54%, 20=32.12%, 50=3.10%
  lat (msec)   : 100=0.06%, 2000=0.01%
  cpu          : usr=0.82%, sys=9.43%, ctx=106810, majf=0, minf=70
  IO depths    : 1=0.1%, 2=0.1%, 4=100.0%, 8=0.0%, 16=0.0%, 32=0.0%, >=64=0.0%
     submit    : 0=0.0%, 4=100.0%, 8=0.0%, 16=0.0%, 32=0.0%, 64=0.0%, >=64=0.0%
     complete  : 0=0.0%, 4=100.0%, 8=0.0%, 16=0.0%, 32=0.0%, 64=0.0%, >=64=0.0%
     issued rwts: total=106867,0,0,0 short=0,0,0,0 dropped=0,0,0,0
     latency   : target=0, window=0, percentile=100.00%, depth=4
random-readers: (groupid=0, jobs=1): err= 0: pid=115243: Fri Jul 16 12:39:25 2021
  read: IOPS=348, BW=10.9MiB/s (11.4MB/s)(3270MiB/300001msec)
    slat (usec): min=22, max=59581, avg=2812.88, stdev=3074.57
    clat (usec): min=13, max=1152.5k, avg=8608.92, stdev=11553.96
     lat (usec): min=123, max=1153.6k, avg=11424.58, stdev=12099.27
    clat percentiles (usec):
     |  1.00th=[ 2474],  5.00th=[ 2638], 10.00th=[ 2802], 20.00th=[ 3064],
     | 30.00th=[ 3523], 40.00th=[ 5669], 50.00th=[ 7701], 60.00th=[ 9503],
     | 70.00th=[11076], 80.00th=[12780], 90.00th=[16319], 95.00th=[18744],
     | 99.00th=[24511], 99.50th=[26870], 99.90th=[41681], 99.95th=[54789],
     | 99.99th=[73925]
   bw (  KiB/s): min= 2466, max=29053, per=12.38%, avg=11166.99, stdev=4252.82, samples=300
   iops        : min=   38, max=  930, avg=350.54, stdev=134.25, samples=597
  lat (usec)   : 20=0.01%, 100=0.01%, 250=0.09%, 1000=0.02%
  lat (msec)   : 2=0.15%, 4=32.76%, 10=30.31%, 20=33.35%, 50=3.27%
  lat (msec)   : 100=0.05%, 2000=0.01%
  cpu          : usr=0.92%, sys=9.81%, ctx=104514, majf=0, minf=71
  IO depths    : 1=0.1%, 2=0.1%, 4=100.0%, 8=0.0%, 16=0.0%, 32=0.0%, >=64=0.0%
     submit    : 0=0.0%, 4=100.0%, 8=0.0%, 16=0.0%, 32=0.0%, 64=0.0%, >=64=0.0%
     complete  : 0=0.0%, 4=100.0%, 8=0.0%, 16=0.0%, 32=0.0%, 64=0.0%, >=64=0.0%
     issued rwts: total=104632,0,0,0 short=0,0,0,0 dropped=0,0,0,0
     latency   : target=0, window=0, percentile=100.00%, depth=4
random-readers: (groupid=0, jobs=1): err= 0: pid=115244: Fri Jul 16 12:39:25 2021
  read: IOPS=350, BW=10.9MiB/s (11.5MB/s)(3283MiB/300001msec)
    slat (usec): min=22, max=448746, avg=2802.73, stdev=3340.95
    clat (usec): min=11, max=1165.9k, avg=8575.17, stdev=11855.61
     lat (usec): min=127, max=1170.0k, avg=11380.53, stdev=12473.84
    clat percentiles (msec):
     |  1.00th=[    3],  5.00th=[    3], 10.00th=[    3], 20.00th=[    4],
     | 30.00th=[    4], 40.00th=[    6], 50.00th=[    8], 60.00th=[   10],
     | 70.00th=[   11], 80.00th=[   13], 90.00th=[   17], 95.00th=[   19],
     | 99.00th=[   24], 99.50th=[   27], 99.90th=[   46], 99.95th=[   55],
     | 99.99th=[  456]
   bw (  KiB/s): min=  576, max=30718, per=12.37%, avg=11156.36, stdev=4171.34, samples=299
   iops        : min=   36, max=  988, avg=351.72, stdev=135.41, samples=595
  lat (usec)   : 20=0.01%, 250=0.06%, 1000=0.01%
  lat (msec)   : 2=0.07%, 4=33.04%, 10=30.49%, 20=33.02%, 50=3.24%
  lat (msec)   : 100=0.07%, 500=0.01%, 2000=0.01%
  cpu          : usr=0.85%, sys=9.50%, ctx=105038, majf=0, minf=70
  IO depths    : 1=0.1%, 2=0.1%, 4=100.0%, 8=0.0%, 16=0.0%, 32=0.0%, >=64=0.0%
     submit    : 0=0.0%, 4=100.0%, 8=0.0%, 16=0.0%, 32=0.0%, 64=0.0%, >=64=0.0%
     complete  : 0=0.0%, 4=100.0%, 8=0.0%, 16=0.0%, 32=0.0%, 64=0.0%, >=64=0.0%
     issued rwts: total=105041,0,0,0 short=0,0,0,0 dropped=0,0,0,0
     latency   : target=0, window=0, percentile=100.00%, depth=4
random-readers: (groupid=0, jobs=1): err= 0: pid=115245: Fri Jul 16 12:39:25 2021
  read: IOPS=353, BW=11.0MiB/s (11.6MB/s)(3314MiB/300001msec)
    slat (usec): min=22, max=66697, avg=2777.58, stdev=3078.28
    clat (usec): min=12, max=1125.3k, avg=8493.71, stdev=11321.77
     lat (usec): min=125, max=1125.3k, avg=11273.80, stdev=11886.35
    clat percentiles (usec):
     |  1.00th=[ 2474],  5.00th=[ 2638], 10.00th=[ 2737], 20.00th=[ 2966],
     | 30.00th=[ 3392], 40.00th=[ 5473], 50.00th=[ 7570], 60.00th=[ 9241],
     | 70.00th=[10945], 80.00th=[12649], 90.00th=[16188], 95.00th=[18744],
     | 99.00th=[24511], 99.50th=[27395], 99.90th=[42730], 99.95th=[49546],
     | 99.99th=[74974]
   bw (  KiB/s): min= 2176, max=30208, per=12.48%, avg=11260.92, stdev=4202.42, samples=299
   iops        : min=  118, max=  980, avg=354.43, stdev=135.21, samples=596
  lat (usec)   : 20=0.01%, 250=0.05%, 1000=0.02%
  lat (msec)   : 2=0.08%, 4=33.37%, 10=30.85%, 20=32.18%, 50=3.40%
  lat (msec)   : 100=0.04%, 1000=0.01%, 2000=0.01%
  cpu          : usr=0.78%, sys=9.24%, ctx=106063, majf=0, minf=70
  IO depths    : 1=0.1%, 2=0.1%, 4=100.0%, 8=0.0%, 16=0.0%, 32=0.0%, >=64=0.0%
     submit    : 0=0.0%, 4=100.0%, 8=0.0%, 16=0.0%, 32=0.0%, 64=0.0%, >=64=0.0%
     complete  : 0=0.0%, 4=100.0%, 8=0.0%, 16=0.0%, 32=0.0%, 64=0.0%, >=64=0.0%
     issued rwts: total=106045,0,0,0 short=0,0,0,0 dropped=0,0,0,0
     latency   : target=0, window=0, percentile=100.00%, depth=4
random-readers: (groupid=0, jobs=1): err= 0: pid=115246: Fri Jul 16 12:39:25 2021
  read: IOPS=349, BW=10.9MiB/s (11.5MB/s)(3281MiB/300001msec)
    slat (usec): min=22, max=62306, avg=2805.51, stdev=3038.33
    clat (usec): min=12, max=1135.5k, avg=8580.27, stdev=11443.94
     lat (usec): min=131, max=1136.6k, avg=11388.32, stdev=11999.38
    clat percentiles (usec):
     |  1.00th=[ 2474],  5.00th=[ 2638], 10.00th=[ 2769], 20.00th=[ 2999],
     | 30.00th=[ 3458], 40.00th=[ 5669], 50.00th=[ 7635], 60.00th=[ 9372],
     | 70.00th=[10945], 80.00th=[12911], 90.00th=[16319], 95.00th=[18744],
     | 99.00th=[23987], 99.50th=[26346], 99.90th=[42730], 99.95th=[52167],
     | 99.99th=[79168]
   bw (  KiB/s): min= 2850, max=30688, per=12.35%, avg=11144.01, stdev=4324.57, samples=299
   iops        : min=  114, max=  982, avg=350.79, stdev=139.19, samples=596
  lat (usec)   : 20=0.01%, 250=0.07%, 500=0.01%, 1000=0.01%
  lat (msec)   : 2=0.08%, 4=32.68%, 10=30.64%, 20=33.08%, 50=3.38%
  lat (msec)   : 100=0.05%, 1000=0.01%, 2000=0.01%
  cpu          : usr=0.84%, sys=9.22%, ctx=104968, majf=0, minf=71
  IO depths    : 1=0.1%, 2=0.1%, 4=100.0%, 8=0.0%, 16=0.0%, 32=0.0%, >=64=0.0%
     submit    : 0=0.0%, 4=100.0%, 8=0.0%, 16=0.0%, 32=0.0%, 64=0.0%, >=64=0.0%
     complete  : 0=0.0%, 4=100.0%, 8=0.0%, 16=0.0%, 32=0.0%, 64=0.0%, >=64=0.0%
     issued rwts: total=104977,0,0,0 short=0,0,0,0 dropped=0,0,0,0
     latency   : target=0, window=0, percentile=100.00%, depth=4

Run status group 0 (all jobs):
   READ: bw=88.1MiB/s (92.4MB/s), 10.9MiB/s-11.2MiB/s (11.4MB/s-11.7MB/s), io=25.8GiB (27.7GB), run=300001-300001msec


Batch Job Summary Report (version 21.01.1) for Job "fioRandRead" (1470906) on tave

Job information (1/2)
-----------------------------------------------------------------------------------------------------
             Submit            Eligible               Start                 End    Elapsed Time limit
------------------- ------------------- ------------------- ------------------- ---------- ----------
2021-07-16T12:33:54 2021-07-16T12:33:54 2021-07-16T12:33:55 2021-07-16T12:39:27   00:05:32   00:15:00
-----------------------------------------------------------------------------------------------------

Job information (2/2)
-------------------------------------------------------------
    Username      Account    Partition   NNodes        Energy
------------ ------------ ------------ -------- -------------
    afilipci         g138       normal        4    174.040 kJ

