random-readers: (g=0): rw=randread, bs=(R) 32.0KiB-32.0KiB, (W) 32.0KiB-32.0KiB, (T) 32.0KiB-32.0KiB, ioengine=libaio, iodepth=4
...
fio-3.27-32-g77c7-dirty
Starting 4 processes
random-readers: (g=0): rw=randread, bs=(R) 32.0KiB-32.0KiB, (W) 32.0KiB-32.0KiB, (T) 32.0KiB-32.0KiB, ioengine=libaio, iodepth=4
...
fio-3.27-32-g77c7-dirty
Starting 4 processes
random-readers: Laying out IO file (1 file / 1024MiB)
random-readers: (g=0): rw=randread, bs=(R) 32.0KiB-32.0KiB, (W) 32.0KiB-32.0KiB, (T) 32.0KiB-32.0KiB, ioengine=libaio, iodepth=4
...
fio-3.27-32-g77c7-dirty
Starting 4 processes
random-readers: (g=0): rw=randread, bs=(R) 32.0KiB-32.0KiB, (W) 32.0KiB-32.0KiB, (T) 32.0KiB-32.0KiB, ioengine=libaio, iodepth=4
...
fio-3.27-32-g77c7-dirty
Starting 4 processes
random-readers: Laying out IO file (1 file / 1024MiB)
random-readers: Laying out IO file (1 file / 1024MiB)
random-readers: Laying out IO file (1 file / 1024MiB)

random-readers: (groupid=0, jobs=1): err= 0: pid=161818: Fri Jul 16 12:29:16 2021
  read: IOPS=481, BW=15.1MiB/s (15.8MB/s)(4518MiB/300001msec)
    slat (usec): min=23, max=311203, avg=2028.44, stdev=2636.00
    clat (usec): min=19, max=981965, avg=6231.24, stdev=9887.29
     lat (usec): min=131, max=981991, avg=8261.95, stdev=10253.50
    clat percentiles (msec):
     |  1.00th=[    3],  5.00th=[    3], 10.00th=[    3], 20.00th=[    3],
     | 30.00th=[    3], 40.00th=[    4], 50.00th=[    4], 60.00th=[    7],
     | 70.00th=[    9], 80.00th=[   11], 90.00th=[   12], 95.00th=[   15],
     | 99.00th=[   20], 99.50th=[   22], 99.90th=[   30], 99.95th=[   37],
     | 99.99th=[  313]
   bw (  KiB/s): min= 2242, max=28988, per=25.15%, avg=15431.09, stdev=2912.28, samples=300
   iops        : min=   74, max=  914, avg=485.27, stdev=91.72, samples=596
  lat (usec)   : 20=0.01%, 250=0.07%, 1000=0.01%
  lat (msec)   : 2=0.07%, 4=50.61%, 10=29.17%, 20=19.25%, 50=0.81%
  lat (msec)   : 100=0.01%, 500=0.01%, 1000=0.01%
  cpu          : usr=1.15%, sys=12.04%, ctx=144582, majf=0, minf=70
  IO depths    : 1=0.1%, 2=0.1%, 4=100.0%, 8=0.0%, 16=0.0%, 32=0.0%, >=64=0.0%
     submit    : 0=0.0%, 4=100.0%, 8=0.0%, 16=0.0%, 32=0.0%, 64=0.0%, >=64=0.0%
     complete  : 0=0.0%, 4=100.0%, 8=0.0%, 16=0.0%, 32=0.0%, 64=0.0%, >=64=0.0%
     issued rwts: total=144588,0,0,0 short=0,0,0,0 dropped=0,0,0,0
     latency   : target=0, window=0, percentile=100.00%, depth=4
random-readers: (groupid=0, jobs=1): err= 0: pid=161819: Fri Jul 16 12:29:16 2021
  read: IOPS=465, BW=14.6MiB/s (15.3MB/s)(4366MiB/300001msec)
    slat (usec): min=21, max=60465, avg=2100.52, stdev=2583.96
    clat (usec): min=23, max=997480, avg=6447.60, stdev=10087.38
     lat (usec): min=125, max=998442, avg=8550.31, stdev=10439.30
    clat percentiles (usec):
     |  1.00th=[ 2311],  5.00th=[ 2409], 10.00th=[ 2507], 20.00th=[ 2638],
     | 30.00th=[ 2802], 40.00th=[ 3064], 50.00th=[ 4424], 60.00th=[ 6521],
     | 70.00th=[ 8455], 80.00th=[10290], 90.00th=[12125], 95.00th=[15270],
     | 99.00th=[19792], 99.50th=[22152], 99.90th=[30540], 99.95th=[42206],
     | 99.99th=[67634]
   bw (  KiB/s): min= 2528, max=24928, per=24.29%, avg=14905.60, stdev=2612.00, samples=299
   iops        : min=   22, max=  814, avg=467.97, stdev=87.94, samples=596
  lat (usec)   : 50=0.01%, 250=0.09%, 1000=0.02%
  lat (msec)   : 2=0.11%, 4=47.81%, 10=30.63%, 20=20.38%, 50=0.94%
  lat (msec)   : 100=0.02%, 1000=0.01%
  cpu          : usr=1.01%, sys=11.33%, ctx=139619, majf=0, minf=71
  IO depths    : 1=0.1%, 2=0.1%, 4=100.0%, 8=0.0%, 16=0.0%, 32=0.0%, >=64=0.0%
     submit    : 0=0.0%, 4=100.0%, 8=0.0%, 16=0.0%, 32=0.0%, 64=0.0%, >=64=0.0%
     complete  : 0=0.0%, 4=100.0%, 8=0.0%, 16=0.0%, 32=0.0%, 64=0.0%, >=64=0.0%
     issued rwts: total=139717,0,0,0 short=0,0,0,0 dropped=0,0,0,0
     latency   : target=0, window=0, percentile=100.00%, depth=4
random-readers: (groupid=0, jobs=1): err= 0: pid=161820: Fri Jul 16 12:29:16 2021
  read: IOPS=473, BW=14.8MiB/s (15.5MB/s)(4435MiB/300006msec)
    slat (usec): min=23, max=57998, avg=2067.66, stdev=2561.80
    clat (usec): min=12, max=994126, avg=6347.81, stdev=10032.45
     lat (usec): min=134, max=995299, avg=8417.61, stdev=10396.65
    clat percentiles (usec):
     |  1.00th=[ 2311],  5.00th=[ 2409], 10.00th=[ 2507], 20.00th=[ 2638],
     | 30.00th=[ 2802], 40.00th=[ 3064], 50.00th=[ 4146], 60.00th=[ 6325],
     | 70.00th=[ 8291], 80.00th=[10159], 90.00th=[11994], 95.00th=[15008],
     | 99.00th=[19792], 99.50th=[22152], 99.90th=[34341], 99.95th=[45876],
     | 99.99th=[67634]
   bw (  KiB/s): min= 3904, max=26368, per=24.69%, avg=15146.12, stdev=2765.06, samples=300
   iops        : min=   34, max=  876, avg=476.33, stdev=89.06, samples=596
  lat (usec)   : 20=0.01%, 250=0.06%, 1000=0.03%
  lat (msec)   : 2=0.07%, 4=49.20%, 10=29.84%, 20=19.86%, 50=0.92%
  lat (msec)   : 100=0.03%, 1000=0.01%
  cpu          : usr=0.98%, sys=11.57%, ctx=141919, majf=0, minf=70
  IO depths    : 1=0.1%, 2=0.1%, 4=100.0%, 8=0.0%, 16=0.0%, 32=0.0%, >=64=0.0%
     submit    : 0=0.0%, 4=100.0%, 8=0.0%, 16=0.0%, 32=0.0%, 64=0.0%, >=64=0.0%
     complete  : 0=0.0%, 4=100.0%, 8=0.0%, 16=0.0%, 32=0.0%, 64=0.0%, >=64=0.0%
     issued rwts: total=141917,0,0,0 short=0,0,0,0 dropped=0,0,0,0
     latency   : target=0, window=0, percentile=100.00%, depth=4
random-readers: (groupid=0, jobs=1): err= 0: pid=161821: Fri Jul 16 12:29:16 2021
  read: IOPS=496, BW=15.5MiB/s (16.3MB/s)(4656MiB/300001msec)
    slat (usec): min=19, max=60380, avg=1968.74, stdev=2495.75
    clat (usec): min=14, max=983918, avg=6047.34, stdev=9695.00
     lat (usec): min=113, max=984820, avg=8018.28, stdev=10037.05
    clat percentiles (usec):
     |  1.00th=[ 2343],  5.00th=[ 2442], 10.00th=[ 2540], 20.00th=[ 2638],
     | 30.00th=[ 2769], 40.00th=[ 2966], 50.00th=[ 3458], 60.00th=[ 5604],
     | 70.00th=[ 7701], 80.00th=[ 9765], 90.00th=[11600], 95.00th=[14484],
     | 99.00th=[19530], 99.50th=[22414], 99.90th=[32113], 99.95th=[36963],
     | 99.99th=[68682]
   bw (  KiB/s): min=  544, max=28700, per=25.91%, avg=15899.82, stdev=2887.28, samples=299
   iops        : min=    4, max=  906, avg=499.28, stdev=94.21, samples=596
  lat (usec)   : 20=0.01%, 100=0.01%, 250=0.06%, 1000=0.03%
  lat (msec)   : 2=0.08%, 4=52.83%, 10=28.36%, 20=17.75%, 50=0.85%
  lat (msec)   : 100=0.02%, 1000=0.01%
  cpu          : usr=1.03%, sys=12.10%, ctx=148946, majf=0, minf=70
  IO depths    : 1=0.1%, 2=0.1%, 4=100.0%, 8=0.0%, 16=0.0%, 32=0.0%, >=64=0.0%
     submit    : 0=0.0%, 4=100.0%, 8=0.0%, 16=0.0%, 32=0.0%, 64=0.0%, >=64=0.0%
     complete  : 0=0.0%, 4=100.0%, 8=0.0%, 16=0.0%, 32=0.0%, 64=0.0%, >=64=0.0%
     issued rwts: total=148985,0,0,0 short=0,0,0,0 dropped=0,0,0,0
     latency   : target=0, window=0, percentile=100.00%, depth=4

Run status group 0 (all jobs):
   READ: bw=59.9MiB/s (62.8MB/s), 14.6MiB/s-15.5MiB/s (15.3MB/s-16.3MB/s), io=17.6GiB (18.8GB), run=300001-300006msec

random-readers: (groupid=0, jobs=1): err= 0: pid=124134: Fri Jul 16 12:29:16 2021
  read: IOPS=478, BW=15.0MiB/s (15.7MB/s)(4488MiB/300001msec)
    slat (usec): min=22, max=236162, avg=2041.83, stdev=2590.94
    clat (usec): min=24, max=988240, avg=6273.11, stdev=9919.66
     lat (usec): min=126, max=988268, avg=8317.23, stdev=10274.01
    clat percentiles (msec):
     |  1.00th=[    3],  5.00th=[    3], 10.00th=[    3], 20.00th=[    3],
     | 30.00th=[    3], 40.00th=[    4], 50.00th=[    4], 60.00th=[    7],
     | 70.00th=[    9], 80.00th=[   11], 90.00th=[   12], 95.00th=[   15],
     | 99.00th=[   20], 99.50th=[   22], 99.90th=[   33], 99.95th=[   42],
     | 99.99th=[  239]
   bw (  KiB/s): min= 4484, max=29280, per=26.59%, avg=15326.94, stdev=2876.09, samples=300
   iops        : min=   66, max=  942, avg=481.99, stdev=92.11, samples=596
  lat (usec)   : 50=0.01%, 250=0.07%, 1000=0.01%
  lat (msec)   : 2=0.07%, 4=50.37%, 10=29.45%, 20=19.15%, 50=0.86%
  lat (msec)   : 100=0.02%, 250=0.01%, 1000=0.01%
  cpu          : usr=1.06%, sys=12.18%, ctx=143613, majf=0, minf=70
  IO depths    : 1=0.1%, 2=0.1%, 4=100.0%, 8=0.0%, 16=0.0%, 32=0.0%, >=64=0.0%
     submit    : 0=0.0%, 4=100.0%, 8=0.0%, 16=0.0%, 32=0.0%, 64=0.0%, >=64=0.0%
     complete  : 0=0.0%, 4=100.0%, 8=0.0%, 16=0.0%, 32=0.0%, 64=0.0%, >=64=0.0%
     issued rwts: total=143613,0,0,0 short=0,0,0,0 dropped=0,0,0,0
     latency   : target=0, window=0, percentile=100.00%, depth=4
random-readers: (groupid=0, jobs=1): err= 0: pid=124135: Fri Jul 16 12:29:16 2021
  read: IOPS=460, BW=14.4MiB/s (15.1MB/s)(4317MiB/300016msec)
    slat (usec): min=21, max=60958, avg=2122.64, stdev=2598.23
    clat (usec): min=19, max=994100, avg=6522.11, stdev=10125.65
     lat (usec): min=124, max=994127, avg=8647.23, stdev=10474.54
    clat percentiles (usec):
     |  1.00th=[ 2311],  5.00th=[ 2474], 10.00th=[ 2540], 20.00th=[ 2704],
     | 30.00th=[ 2868], 40.00th=[ 3130], 50.00th=[ 4555], 60.00th=[ 6652],
     | 70.00th=[ 8586], 80.00th=[10290], 90.00th=[12125], 95.00th=[15270],
     | 99.00th=[20055], 99.50th=[22414], 99.90th=[31851], 99.95th=[42730],
     | 99.99th=[67634]
   bw (  KiB/s): min= 1889, max=28092, per=25.57%, avg=14742.55, stdev=2758.24, samples=300
   iops        : min=  118, max=  882, avg=463.61, stdev=85.44, samples=596
  lat (usec)   : 20=0.01%, 100=0.01%, 250=0.09%, 1000=0.02%
  lat (msec)   : 2=0.10%, 4=47.55%, 10=30.40%, 20=20.79%, 50=1.01%
  lat (msec)   : 100=0.03%, 1000=0.01%
  cpu          : usr=1.09%, sys=12.04%, ctx=138058, majf=0, minf=71
  IO depths    : 1=0.1%, 2=0.1%, 4=100.0%, 8=0.0%, 16=0.0%, 32=0.0%, >=64=0.0%
     submit    : 0=0.0%, 4=100.0%, 8=0.0%, 16=0.0%, 32=0.0%, 64=0.0%, >=64=0.0%
     complete  : 0=0.0%, 4=100.0%, 8=0.0%, 16=0.0%, 32=0.0%, 64=0.0%, >=64=0.0%
     issued rwts: total=138138,0,0,0 short=0,0,0,0 dropped=0,0,0,0
     latency   : target=0, window=0, percentile=100.00%, depth=4
random-readers: (groupid=0, jobs=1): err= 0: pid=124136: Fri Jul 16 12:29:16 2021
  read: IOPS=449, BW=14.1MiB/s (14.7MB/s)(4216MiB/300007msec)
    slat (usec): min=21, max=71954, avg=2173.26, stdev=2635.22
    clat (usec): min=16, max=996661, avg=6677.62, stdev=10277.33
     lat (usec): min=120, max=996688, avg=8853.39, stdev=10643.57
    clat percentiles (usec):
     |  1.00th=[ 2343],  5.00th=[ 2507], 10.00th=[ 2606], 20.00th=[ 2769],
     | 30.00th=[ 2999], 40.00th=[ 3294], 50.00th=[ 4752], 60.00th=[ 6783],
     | 70.00th=[ 8717], 80.00th=[10552], 90.00th=[12387], 95.00th=[15533],
     | 99.00th=[20317], 99.50th=[22676], 99.90th=[33817], 99.95th=[48497],
     | 99.99th=[82314]
   bw (  KiB/s): min= 1857, max=27611, per=24.98%, avg=14398.89, stdev=2911.53, samples=300
   iops        : min=  116, max=  886, avg=452.80, stdev=88.53, samples=596
  lat (usec)   : 20=0.01%, 100=0.01%, 250=0.06%, 1000=0.01%
  lat (msec)   : 2=0.07%, 4=46.55%, 10=30.42%, 20=21.78%, 50=1.05%
  lat (msec)   : 100=0.04%, 1000=0.01%
  cpu          : usr=1.14%, sys=12.03%, ctx=134925, majf=0, minf=70
  IO depths    : 1=0.1%, 2=0.1%, 4=100.0%, 8=0.0%, 16=0.0%, 32=0.0%, >=64=0.0%
     submit    : 0=0.0%, 4=100.0%, 8=0.0%, 16=0.0%, 32=0.0%, 64=0.0%, >=64=0.0%
     complete  : 0=0.0%, 4=100.0%, 8=0.0%, 16=0.0%, 32=0.0%, 64=0.0%, >=64=0.0%
     issued rwts: total=134918,0,0,0 short=0,0,0,0 dropped=0,0,0,0
     latency   : target=0, window=0, percentile=100.00%, depth=4
random-readers: (groupid=0, jobs=1): err= 0: pid=124137: Fri Jul 16 12:29:16 2021
  read: IOPS=412, BW=12.9MiB/s (13.5MB/s)(3868MiB/300001msec)
    slat (usec): min=22, max=62224, avg=2371.79, stdev=2701.17
    clat (usec): min=21, max=963633, avg=7281.86, stdev=9369.14
     lat (usec): min=126, max=964646, avg=9657.39, stdev=9783.01
    clat percentiles (usec):
     |  1.00th=[ 2507],  5.00th=[ 2835], 10.00th=[ 2999], 20.00th=[ 3228],
     | 30.00th=[ 3425], 40.00th=[ 3720], 50.00th=[ 5669], 60.00th=[ 7635],
     | 70.00th=[ 9372], 80.00th=[11076], 90.00th=[13304], 95.00th=[16450],
     | 99.00th=[21365], 99.50th=[24249], 99.90th=[33424], 99.95th=[40633],
     | 99.99th=[58983]
   bw (  KiB/s): min= 3811, max=28416, per=22.91%, avg=13208.34, stdev=2460.21, samples=300
   iops        : min=   68, max=  918, avg=414.63, stdev=78.81, samples=597
  lat (usec)   : 50=0.01%, 250=0.07%, 1000=0.01%
  lat (msec)   : 2=0.07%, 4=42.48%, 10=30.71%, 20=25.06%, 50=1.57%
  lat (msec)   : 100=0.02%, 1000=0.01%
  cpu          : usr=1.50%, sys=13.46%, ctx=123688, majf=0, minf=71
  IO depths    : 1=0.1%, 2=0.1%, 4=100.0%, 8=0.0%, 16=0.0%, 32=0.0%, >=64=0.0%
     submit    : 0=0.0%, 4=100.0%, 8=0.0%, 16=0.0%, 32=0.0%, 64=0.0%, >=64=0.0%
     complete  : 0=0.0%, 4=100.0%, 8=0.0%, 16=0.0%, 32=0.0%, 64=0.0%, >=64=0.0%
     issued rwts: total=123764,0,0,0 short=0,0,0,0 dropped=0,0,0,0
     latency   : target=0, window=0, percentile=100.00%, depth=4

Run status group 0 (all jobs):
   READ: bw=56.3MiB/s (59.0MB/s), 12.9MiB/s-15.0MiB/s (13.5MB/s-15.7MB/s), io=16.5GiB (17.7GB), run=300001-300016msec

random-readers: (groupid=0, jobs=1): err= 0: pid=112684: Fri Jul 16 12:29:29 2021
  read: IOPS=474, BW=14.8MiB/s (15.5MB/s)(4448MiB/300001msec)
    slat (usec): min=20, max=56665, avg=2060.49, stdev=2579.96
    clat (usec): min=16, max=975322, avg=6329.07, stdev=9900.89
     lat (usec): min=116, max=975346, avg=8391.75, stdev=10273.25
    clat percentiles (usec):
     |  1.00th=[ 2343],  5.00th=[ 2474], 10.00th=[ 2540], 20.00th=[ 2671],
     | 30.00th=[ 2835], 40.00th=[ 3064], 50.00th=[ 3818], 60.00th=[ 6128],
     | 70.00th=[ 8160], 80.00th=[10159], 90.00th=[11994], 95.00th=[15139],
     | 99.00th=[20317], 99.50th=[23462], 99.90th=[34341], 99.95th=[40633],
     | 99.99th=[60556]
   bw (  KiB/s): min= 4452, max=29213, per=15.89%, avg=15192.65, stdev=3256.41, samples=300
   iops        : min=   16, max= 1020, avg=477.00, stdev=108.08, samples=597
  lat (usec)   : 20=0.01%, 100=0.01%, 250=0.06%, 1000=0.02%
  lat (msec)   : 2=0.06%, 4=50.54%, 10=28.75%, 20=19.43%, 50=1.11%
  lat (msec)   : 100=0.02%, 1000=0.01%
  cpu          : usr=1.10%, sys=11.92%, ctx=142352, majf=0, minf=70
  IO depths    : 1=0.1%, 2=0.1%, 4=100.0%, 8=0.0%, 16=0.0%, 32=0.0%, >=64=0.0%
     submit    : 0=0.0%, 4=100.0%, 8=0.0%, 16=0.0%, 32=0.0%, 64=0.0%, >=64=0.0%
     complete  : 0=0.0%, 4=100.0%, 8=0.0%, 16=0.0%, 32=0.0%, 64=0.0%, >=64=0.0%
     issued rwts: total=142350,0,0,0 short=0,0,0,0 dropped=0,0,0,0
     latency   : target=0, window=0, percentile=100.00%, depth=4
random-readers: (groupid=0, jobs=1): err= 0: pid=112685: Fri Jul 16 12:29:29 2021
  read: IOPS=1035, BW=32.4MiB/s (33.9MB/s)(9706MiB/300001msec)
    slat (usec): min=21, max=23859, avg=919.83, stdev=493.48
    clat (usec): min=15, max=1005.4k, avg=2903.93, stdev=9128.82
     lat (usec): min=120, max=1006.3k, avg=3825.62, stdev=9159.23
    clat percentiles (usec):
     |  1.00th=[ 2278],  5.00th=[ 2376], 10.00th=[ 2442], 20.00th=[ 2507],
     | 30.00th=[ 2573], 40.00th=[ 2638], 50.00th=[ 2704], 60.00th=[ 2737],
     | 70.00th=[ 2835], 80.00th=[ 2933], 90.00th=[ 3064], 95.00th=[ 3195],
     | 99.00th=[ 7439], 99.50th=[10814], 99.90th=[18482], 99.95th=[21365],
     | 99.99th=[30016]
   bw (  KiB/s): min= 2306, max=37440, per=34.67%, avg=33148.36, stdev=6473.25, samples=300
   iops        : min=  130, max= 1196, avg=1051.60, stdev=173.83, samples=591
  lat (usec)   : 20=0.01%, 100=0.01%, 250=0.09%, 1000=0.03%
  lat (msec)   : 2=0.13%, 4=98.23%, 10=0.91%, 20=0.55%, 50=0.06%
  lat (msec)   : 1000=0.01%, 2000=0.01%
  cpu          : usr=1.98%, sys=24.34%, ctx=310424, majf=0, minf=71
  IO depths    : 1=0.1%, 2=0.1%, 4=100.0%, 8=0.0%, 16=0.0%, 32=0.0%, >=64=0.0%
     submit    : 0=0.0%, 4=100.0%, 8=0.0%, 16=0.0%, 32=0.0%, 64=0.0%, >=64=0.0%
     complete  : 0=0.0%, 4=100.0%, 8=0.0%, 16=0.0%, 32=0.0%, 64=0.0%, >=64=0.0%
     issued rwts: total=310587,0,0,0 short=0,0,0,0 dropped=0,0,0,0
     latency   : target=0, window=0, percentile=100.00%, depth=4
random-readers: (groupid=0, jobs=1): err= 0: pid=112686: Fri Jul 16 12:29:29 2021
  read: IOPS=1023, BW=32.0MiB/s (33.5MB/s)(9594MiB/300001msec)
    slat (usec): min=21, max=37458, avg=930.26, stdev=560.65
    clat (usec): min=23, max=1036.0k, avg=2937.86, stdev=9253.73
     lat (usec): min=123, max=1036.8k, avg=3870.06, stdev=9291.43
    clat percentiles (usec):
     |  1.00th=[ 2278],  5.00th=[ 2376], 10.00th=[ 2442], 20.00th=[ 2507],
     | 30.00th=[ 2573], 40.00th=[ 2638], 50.00th=[ 2704], 60.00th=[ 2769],
     | 70.00th=[ 2835], 80.00th=[ 2933], 90.00th=[ 3097], 95.00th=[ 3294],
     | 99.00th=[ 7832], 99.50th=[11076], 99.90th=[19530], 99.95th=[23725],
     | 99.99th=[43254]
   bw (  KiB/s): min= 2594, max=36964, per=34.26%, avg=32760.96, stdev=6536.10, samples=299
   iops        : min=  128, max= 1174, avg=1039.40, stdev=173.85, samples=590
  lat (usec)   : 50=0.01%, 100=0.01%, 250=0.04%, 750=0.01%, 1000=0.02%
  lat (msec)   : 2=0.07%, 4=97.86%, 10=1.33%, 20=0.58%, 50=0.08%
  lat (msec)   : 1000=0.01%, 2000=0.01%
  cpu          : usr=2.10%, sys=24.42%, ctx=307148, majf=0, minf=70
  IO depths    : 1=0.1%, 2=0.1%, 4=100.0%, 8=0.0%, 16=0.0%, 32=0.0%, >=64=0.0%
     submit    : 0=0.0%, 4=100.0%, 8=0.0%, 16=0.0%, 32=0.0%, 64=0.0%, >=64=0.0%
     complete  : 0=0.0%, 4=100.0%, 8=0.0%, 16=0.0%, 32=0.0%, 64=0.0%, >=64=0.0%
     issued rwts: total=307005,0,0,0 short=0,0,0,0 dropped=0,0,0,0
     latency   : target=0, window=0, percentile=100.00%, depth=4
random-readers: (groupid=0, jobs=1): err= 0: pid=112687: Fri Jul 16 12:29:29 2021
  read: IOPS=454, BW=14.2MiB/s (14.9MB/s)(4264MiB/300001msec)
    slat (usec): min=23, max=59554, avg=2150.09, stdev=2625.41
    clat (usec): min=12, max=1005.3k, avg=6602.59, stdev=10315.58
     lat (usec): min=127, max=1005.9k, avg=8754.83, stdev=10682.22
    clat percentiles (usec):
     |  1.00th=[ 2376],  5.00th=[ 2507], 10.00th=[ 2606], 20.00th=[ 2737],
     | 30.00th=[ 2868], 40.00th=[ 3130], 50.00th=[ 4621], 60.00th=[ 6718],
     | 70.00th=[ 8586], 80.00th=[10421], 90.00th=[12387], 95.00th=[15533],
     | 99.00th=[20579], 99.50th=[22938], 99.90th=[33424], 99.95th=[47449],
     | 99.99th=[67634]
   bw (  KiB/s): min=  320, max=27131, per=15.18%, avg=14514.57, stdev=3033.43, samples=299
   iops        : min=   20, max=  956, avg=457.29, stdev=96.20, samples=595
  lat (usec)   : 20=0.01%, 250=0.08%, 1000=0.02%
  lat (msec)   : 2=0.09%, 4=47.04%, 10=30.45%, 20=21.12%, 50=1.15%
  lat (msec)   : 100=0.03%, 1000=0.01%, 2000=0.01%
  cpu          : usr=1.03%, sys=11.25%, ctx=136405, majf=0, minf=70
  IO depths    : 1=0.1%, 2=0.1%, 4=100.0%, 8=0.0%, 16=0.0%, 32=0.0%, >=64=0.0%
     submit    : 0=0.0%, 4=100.0%, 8=0.0%, 16=0.0%, 32=0.0%, 64=0.0%, >=64=0.0%
     complete  : 0=0.0%, 4=100.0%, 8=0.0%, 16=0.0%, 32=0.0%, 64=0.0%, >=64=0.0%
     issued rwts: total=136448,0,0,0 short=0,0,0,0 dropped=0,0,0,0
     latency   : target=0, window=0, percentile=100.00%, depth=4

Run status group 0 (all jobs):
   READ: bw=93.4MiB/s (97.9MB/s), 14.2MiB/s-32.4MiB/s (14.9MB/s-33.9MB/s), io=27.4GiB (29.4GB), run=300001-300001msec

random-readers: (groupid=0, jobs=1): err= 0: pid=111230: Fri Jul 16 12:29:29 2021
  read: IOPS=468, BW=14.6MiB/s (15.4MB/s)(4393MiB/300004msec)
    slat (usec): min=22, max=58400, avg=2084.97, stdev=2563.26
    clat (usec): min=23, max=1069.2k, avg=6409.59, stdev=10430.70
     lat (usec): min=127, max=1069.2k, avg=8496.90, stdev=10778.27
    clat percentiles (usec):
     |  1.00th=[ 2376],  5.00th=[ 2507], 10.00th=[ 2573], 20.00th=[ 2704],
     | 30.00th=[ 2835], 40.00th=[ 3064], 50.00th=[ 4113], 60.00th=[ 6259],
     | 70.00th=[ 8356], 80.00th=[10290], 90.00th=[11994], 95.00th=[15270],
     | 99.00th=[20055], 99.50th=[22676], 99.90th=[30802], 99.95th=[40109],
     | 99.99th=[66847]
   bw (  KiB/s): min= 4164, max=29181, per=15.74%, avg=15002.02, stdev=3138.98, samples=300
   iops        : min=   86, max=  935, avg=471.79, stdev=99.68, samples=596
  lat (usec)   : 50=0.01%, 250=0.07%, 1000=0.01%
  lat (msec)   : 2=0.07%, 4=49.35%, 10=29.29%, 20=20.15%, 50=1.05%
  lat (msec)   : 100=0.01%, 1000=0.01%, 2000=0.01%
  cpu          : usr=1.19%, sys=11.92%, ctx=140581, majf=0, minf=71
  IO depths    : 1=0.1%, 2=0.1%, 4=100.0%, 8=0.0%, 16=0.0%, 32=0.0%, >=64=0.0%
     submit    : 0=0.0%, 4=100.0%, 8=0.0%, 16=0.0%, 32=0.0%, 64=0.0%, >=64=0.0%
     complete  : 0=0.0%, 4=100.0%, 8=0.0%, 16=0.0%, 32=0.0%, 64=0.0%, >=64=0.0%
     issued rwts: total=140565,0,0,0 short=0,0,0,0 dropped=0,0,0,0
     latency   : target=0, window=0, percentile=100.00%, depth=4
random-readers: (groupid=0, jobs=1): err= 0: pid=111231: Fri Jul 16 12:29:29 2021
  read: IOPS=1018, BW=31.8MiB/s (33.4MB/s)(9550MiB/300003msec)
    slat (usec): min=20, max=32388, avg=932.42, stdev=611.65
    clat (usec): min=23, max=1096.7k, avg=2951.41, stdev=9837.09
     lat (usec): min=117, max=1097.7k, avg=3885.95, stdev=9876.34
    clat percentiles (usec):
     |  1.00th=[ 2245],  5.00th=[ 2343], 10.00th=[ 2409], 20.00th=[ 2474],
     | 30.00th=[ 2540], 40.00th=[ 2606], 50.00th=[ 2671], 60.00th=[ 2737],
     | 70.00th=[ 2868], 80.00th=[ 2966], 90.00th=[ 3163], 95.00th=[ 3359],
     | 99.00th=[ 7898], 99.50th=[11207], 99.90th=[20841], 99.95th=[25560],
     | 99.99th=[44827]
   bw (  KiB/s): min= 1889, max=37061, per=34.34%, avg=32726.25, stdev=6399.87, samples=299
   iops        : min=  118, max= 1204, avg=1036.50, stdev=180.27, samples=590
  lat (usec)   : 50=0.01%, 100=0.01%, 250=0.09%, 1000=0.04%
  lat (msec)   : 2=0.11%, 4=97.14%, 10=1.93%, 20=0.58%, 50=0.10%
  lat (msec)   : 2000=0.01%
  cpu          : usr=2.21%, sys=25.01%, ctx=305464, majf=0, minf=72
  IO depths    : 1=0.1%, 2=0.1%, 4=100.0%, 8=0.0%, 16=0.0%, 32=0.0%, >=64=0.0%
     submit    : 0=0.0%, 4=100.0%, 8=0.0%, 16=0.0%, 32=0.0%, 64=0.0%, >=64=0.0%
     complete  : 0=0.0%, 4=100.0%, 8=0.0%, 16=0.0%, 32=0.0%, 64=0.0%, >=64=0.0%
     issued rwts: total=305601,0,0,0 short=0,0,0,0 dropped=0,0,0,0
     latency   : target=0, window=0, percentile=100.00%, depth=4
random-readers: (groupid=0, jobs=1): err= 0: pid=111232: Fri Jul 16 12:29:29 2021
  read: IOPS=1021, BW=31.9MiB/s (33.5MB/s)(9577MiB/300002msec)
    slat (usec): min=22, max=41976, avg=929.90, stdev=567.40
    clat (usec): min=14, max=1080.9k, avg=2943.00, stdev=9747.31
     lat (usec): min=125, max=1081.9k, avg=3875.00, stdev=9783.47
    clat percentiles (usec):
     |  1.00th=[ 2278],  5.00th=[ 2376], 10.00th=[ 2409], 20.00th=[ 2474],
     | 30.00th=[ 2540], 40.00th=[ 2606], 50.00th=[ 2704], 60.00th=[ 2769],
     | 70.00th=[ 2868], 80.00th=[ 2966], 90.00th=[ 3130], 95.00th=[ 3294],
     | 99.00th=[ 7898], 99.50th=[11076], 99.90th=[19530], 99.95th=[23200],
     | 99.99th=[43779]
   bw (  KiB/s): min= 3040, max=37120, per=34.32%, avg=32710.04, stdev=6596.48, samples=300
   iops        : min=    4, max= 1182, avg=1039.45, stdev=180.88, samples=590
  lat (usec)   : 20=0.01%, 250=0.04%, 500=0.01%, 750=0.01%, 1000=0.01%
  lat (msec)   : 2=0.07%, 4=97.84%, 10=1.37%, 20=0.58%, 50=0.08%
  lat (msec)   : 1000=0.01%, 2000=0.01%
  cpu          : usr=2.21%, sys=25.16%, ctx=306613, majf=0, minf=70
  IO depths    : 1=0.1%, 2=0.1%, 4=100.0%, 8=0.0%, 16=0.0%, 32=0.0%, >=64=0.0%
     submit    : 0=0.0%, 4=100.0%, 8=0.0%, 16=0.0%, 32=0.0%, 64=0.0%, >=64=0.0%
     complete  : 0=0.0%, 4=100.0%, 8=0.0%, 16=0.0%, 32=0.0%, 64=0.0%, >=64=0.0%
     issued rwts: total=306472,0,0,0 short=0,0,0,0 dropped=0,0,0,0
     latency   : target=0, window=0, percentile=100.00%, depth=4
random-readers: (groupid=0, jobs=1): err= 0: pid=111233: Fri Jul 16 12:29:29 2021
  read: IOPS=469, BW=14.7MiB/s (15.4MB/s)(4402MiB/300001msec)
    slat (usec): min=21, max=59793, avg=2082.89, stdev=2574.34
    clat (usec): min=13, max=1063.7k, avg=6395.78, stdev=10370.10
     lat (usec): min=118, max=1064.6k, avg=8480.72, stdev=10724.06
    clat percentiles (usec):
     |  1.00th=[ 2376],  5.00th=[ 2507], 10.00th=[ 2573], 20.00th=[ 2671],
     | 30.00th=[ 2802], 40.00th=[ 2999], 50.00th=[ 4146], 60.00th=[ 6325],
     | 70.00th=[ 8356], 80.00th=[10159], 90.00th=[11994], 95.00th=[15139],
     | 99.00th=[19792], 99.50th=[22152], 99.90th=[31065], 99.95th=[45351],
     | 99.99th=[67634]
   bw (  KiB/s): min= 1121, max=29856, per=15.73%, avg=14990.58, stdev=3412.27, samples=299
   iops        : min=   70, max=  972, avg=472.16, stdev=107.11, samples=595
  lat (usec)   : 20=0.01%, 100=0.01%, 250=0.07%, 1000=0.03%
  lat (msec)   : 2=0.10%, 4=49.12%, 10=29.54%, 20=20.18%, 50=0.92%
  lat (msec)   : 100=0.04%, 1000=0.01%, 2000=0.01%
  cpu          : usr=0.96%, sys=11.30%, ctx=140816, majf=0, minf=70
  IO depths    : 1=0.1%, 2=0.1%, 4=100.0%, 8=0.0%, 16=0.0%, 32=0.0%, >=64=0.0%
     submit    : 0=0.0%, 4=100.0%, 8=0.0%, 16=0.0%, 32=0.0%, 64=0.0%, >=64=0.0%
     complete  : 0=0.0%, 4=100.0%, 8=0.0%, 16=0.0%, 32=0.0%, 64=0.0%, >=64=0.0%
     issued rwts: total=140850,0,0,0 short=0,0,0,0 dropped=0,0,0,0
     latency   : target=0, window=0, percentile=100.00%, depth=4

Run status group 0 (all jobs):
   READ: bw=93.1MiB/s (97.6MB/s), 14.6MiB/s-31.9MiB/s (15.4MB/s-33.5MB/s), io=27.3GiB (29.3GB), run=300001-300004msec


Batch Job Summary Report (version 21.01.1) for Job "fioRandRead" (1470905) on tave

Job information (1/2)
-----------------------------------------------------------------------------------------------------
             Submit            Eligible               Start                 End    Elapsed Time limit
------------------- ------------------- ------------------- ------------------- ---------- ----------
2021-07-16T12:24:12 2021-07-16T12:24:12 2021-07-16T12:24:12 2021-07-16T12:29:31   00:05:19   00:15:00
-----------------------------------------------------------------------------------------------------

Job information (2/2)
-------------------------------------------------------------
    Username      Account    Partition   NNodes        Energy
------------ ------------ ------------ -------- -------------
    afilipci         g138       normal        4    165.618 kJ

