random-readers: (g=0): rw=randread, bs=(R) 32.0KiB-32.0KiB, (W) 32.0KiB-32.0KiB, (T) 32.0KiB-32.0KiB, ioengine=libaio, iodepth=4
...
fio-3.27-32-g77c7-dirty
Starting 2 processes
random-readers: (g=0): rw=randread, bs=(R) 32.0KiB-32.0KiB, (W) 32.0KiB-32.0KiB, (T) 32.0KiB-32.0KiB, ioengine=libaio, iodepth=4
...
fio-3.27-32-g77c7-dirty
Starting 2 processes
random-readers: Laying out IO file (1 file / 1024MiB)
random-readers: (g=0): rw=randread, bs=(R) 32.0KiB-32.0KiB, (W) 32.0KiB-32.0KiB, (T) 32.0KiB-32.0KiB, ioengine=libaio, iodepth=4
...
fio-3.27-32-g77c7-dirty
Starting 2 processes
random-readers: (g=0): rw=randread, bs=(R) 32.0KiB-32.0KiB, (W) 32.0KiB-32.0KiB, (T) 32.0KiB-32.0KiB, ioengine=libaio, iodepth=4
...
fio-3.27-32-g77c7-dirty
Starting 2 processes
random-readers: Laying out IO file (1 file / 1024MiB)

random-readers: (groupid=0, jobs=1): err= 0: pid=159966: Fri Jul 16 12:22:33 2021
  read: IOPS=443, BW=13.8MiB/s (14.5MB/s)(4155MiB/300001msec)
    slat (usec): min=21, max=59302, avg=2210.41, stdev=2639.30
    clat (usec): min=14, max=961174, avg=6775.55, stdev=10090.26
     lat (usec): min=121, max=961199, avg=8987.93, stdev=10455.30
    clat percentiles (usec):
     |  1.00th=[ 2376],  5.00th=[ 2573], 10.00th=[ 2671], 20.00th=[ 2868],
     | 30.00th=[ 3097], 40.00th=[ 3458], 50.00th=[ 4752], 60.00th=[ 6849],
     | 70.00th=[ 8848], 80.00th=[10683], 90.00th=[12518], 95.00th=[15664],
     | 99.00th=[20579], 99.50th=[23200], 99.90th=[33817], 99.95th=[44827],
     | 99.99th=[66847]
   bw (  KiB/s): min= 2048, max=21813, per=51.37%, avg=14195.01, stdev=2090.87, samples=299
   iops        : min=   12, max=  698, avg=445.51, stdev=70.16, samples=596
  lat (usec)   : 20=0.01%, 100=0.01%, 250=0.06%, 1000=0.01%
  lat (msec)   : 2=0.07%, 4=46.16%, 10=30.06%, 20=22.39%, 50=1.21%
  lat (msec)   : 100=0.02%, 1000=0.01%
  cpu          : usr=1.01%, sys=10.47%, ctx=132926, majf=0, minf=71
  IO depths    : 1=0.1%, 2=0.1%, 4=100.0%, 8=0.0%, 16=0.0%, 32=0.0%, >=64=0.0%
     submit    : 0=0.0%, 4=100.0%, 8=0.0%, 16=0.0%, 32=0.0%, 64=0.0%, >=64=0.0%
     complete  : 0=0.0%, 4=100.0%, 8=0.0%, 16=0.0%, 32=0.0%, 64=0.0%, >=64=0.0%
     issued rwts: total=132946,0,0,0 short=0,0,0,0 dropped=0,0,0,0
     latency   : target=0, window=0, percentile=100.00%, depth=4
random-readers: (groupid=0, jobs=1): err= 0: pid=159967: Fri Jul 16 12:22:33 2021
  read: IOPS=420, BW=13.1MiB/s (13.8MB/s)(3941MiB/300001msec)
    slat (usec): min=20, max=67746, avg=2338.37, stdev=2853.72
    clat (usec): min=15, max=961121, avg=7142.82, stdev=9468.64
     lat (usec): min=117, max=961151, avg=9483.23, stdev=9950.16
    clat percentiles (usec):
     |  1.00th=[ 2376],  5.00th=[ 2573], 10.00th=[ 2704], 20.00th=[ 2900],
     | 30.00th=[ 3163], 40.00th=[ 3654], 50.00th=[ 5407], 60.00th=[ 7439],
     | 70.00th=[ 9241], 80.00th=[10945], 90.00th=[13304], 95.00th=[16450],
     | 99.00th=[22414], 99.50th=[26608], 99.90th=[44303], 99.95th=[54789],
     | 99.99th=[69731]
   bw (  KiB/s): min= 2720, max=21813, per=48.68%, avg=13451.96, stdev=2273.27, samples=299
   iops        : min=   34, max=  808, avg=421.64, stdev=75.95, samples=597
  lat (usec)   : 20=0.01%, 100=0.01%, 250=0.07%, 1000=0.02%
  lat (msec)   : 2=0.09%, 4=42.95%, 10=31.11%, 20=23.91%, 50=1.78%
  lat (msec)   : 100=0.06%, 1000=0.01%
  cpu          : usr=0.92%, sys=10.00%, ctx=126029, majf=0, minf=71
  IO depths    : 1=0.1%, 2=0.1%, 4=100.0%, 8=0.0%, 16=0.0%, 32=0.0%, >=64=0.0%
     submit    : 0=0.0%, 4=100.0%, 8=0.0%, 16=0.0%, 32=0.0%, 64=0.0%, >=64=0.0%
     complete  : 0=0.0%, 4=100.0%, 8=0.0%, 16=0.0%, 32=0.0%, 64=0.0%, >=64=0.0%
     issued rwts: total=126103,0,0,0 short=0,0,0,0 dropped=0,0,0,0
     latency   : target=0, window=0, percentile=100.00%, depth=4

Run status group 0 (all jobs):
   READ: bw=27.0MiB/s (28.3MB/s), 13.1MiB/s-13.8MiB/s (13.8MB/s-14.5MB/s), io=8095MiB (8489MB), run=300001-300001msec

random-readers: (groupid=0, jobs=1): err= 0: pid=122307: Fri Jul 16 12:22:33 2021
  read: IOPS=451, BW=14.1MiB/s (14.8MB/s)(4232MiB/300002msec)
    slat (usec): min=24, max=61029, avg=2160.39, stdev=2595.65
    clat (usec): min=19, max=1092.2k, avg=6654.13, stdev=11018.81
     lat (usec): min=135, max=1092.2k, avg=8817.33, stdev=11333.19
    clat percentiles (usec):
     |  1.00th=[ 2442],  5.00th=[ 2573], 10.00th=[ 2704], 20.00th=[ 2868],
     | 30.00th=[ 3032], 40.00th=[ 3294], 50.00th=[ 4555], 60.00th=[ 6652],
     | 70.00th=[ 8717], 80.00th=[10552], 90.00th=[12256], 95.00th=[15401],
     | 99.00th=[20317], 99.50th=[22676], 99.90th=[31327], 99.95th=[42206],
     | 99.99th=[68682]
   bw (  KiB/s): min= 1089, max=22358, per=51.54%, avg=14455.37, stdev=2182.00, samples=300
   iops        : min=   68, max=  752, avg=454.50, stdev=65.84, samples=596
  lat (usec)   : 20=0.01%, 250=0.07%, 1000=0.01%
  lat (msec)   : 2=0.07%, 4=47.37%, 10=29.79%, 20=21.58%, 50=1.08%
  lat (msec)   : 100=0.02%, 2000=0.01%
  cpu          : usr=1.15%, sys=12.71%, ctx=135467, majf=0, minf=70
  IO depths    : 1=0.1%, 2=0.1%, 4=100.0%, 8=0.0%, 16=0.0%, 32=0.0%, >=64=0.0%
     submit    : 0=0.0%, 4=100.0%, 8=0.0%, 16=0.0%, 32=0.0%, 64=0.0%, >=64=0.0%
     complete  : 0=0.0%, 4=100.0%, 8=0.0%, 16=0.0%, 32=0.0%, 64=0.0%, >=64=0.0%
     issued rwts: total=135416,0,0,0 short=0,0,0,0 dropped=0,0,0,0
     latency   : target=0, window=0, percentile=100.00%, depth=4
random-readers: (groupid=0, jobs=1): err= 0: pid=122308: Fri Jul 16 12:22:33 2021
  read: IOPS=425, BW=13.3MiB/s (13.9MB/s)(3985MiB/300008msec)
    slat (usec): min=23, max=59019, avg=2309.68, stdev=2766.25
    clat (usec): min=18, max=954146, avg=7063.92, stdev=9293.38
     lat (usec): min=135, max=954234, avg=9376.07, stdev=9737.87
    clat percentiles (usec):
     |  1.00th=[ 2343],  5.00th=[ 2540], 10.00th=[ 2671], 20.00th=[ 2933],
     | 30.00th=[ 3228], 40.00th=[ 3654], 50.00th=[ 5276], 60.00th=[ 7308],
     | 70.00th=[ 9110], 80.00th=[10945], 90.00th=[13042], 95.00th=[16319],
     | 99.00th=[21890], 99.50th=[25297], 99.90th=[39584], 99.95th=[48497],
     | 99.99th=[65799]
   bw (  KiB/s): min= 1153, max=23415, per=48.54%, avg=13614.13, stdev=2154.02, samples=300
   iops        : min=   72, max=  740, avg=427.29, stdev=67.03, samples=597
  lat (usec)   : 20=0.01%, 250=0.07%, 1000=0.01%
  lat (msec)   : 2=0.09%, 4=43.56%, 10=30.93%, 20=23.65%, 50=1.63%
  lat (msec)   : 100=0.04%, 1000=0.01%
  cpu          : usr=0.94%, sys=10.94%, ctx=127492, majf=0, minf=71
  IO depths    : 1=0.1%, 2=0.1%, 4=100.0%, 8=0.0%, 16=0.0%, 32=0.0%, >=64=0.0%
     submit    : 0=0.0%, 4=100.0%, 8=0.0%, 16=0.0%, 32=0.0%, 64=0.0%, >=64=0.0%
     complete  : 0=0.0%, 4=100.0%, 8=0.0%, 16=0.0%, 32=0.0%, 64=0.0%, >=64=0.0%
     issued rwts: total=127533,0,0,0 short=0,0,0,0 dropped=0,0,0,0
     latency   : target=0, window=0, percentile=100.00%, depth=4

Run status group 0 (all jobs):
   READ: bw=27.4MiB/s (28.7MB/s), 13.3MiB/s-14.1MiB/s (13.9MB/s-14.8MB/s), io=8217MiB (8616MB), run=300002-300008msec

random-readers: (groupid=0, jobs=1): err= 0: pid=109032: Fri Jul 16 12:22:39 2021
  read: IOPS=457, BW=14.3MiB/s (15.0MB/s)(4286MiB/300005msec)
    slat (usec): min=22, max=59388, avg=2137.95, stdev=2569.17
    clat (usec): min=13, max=1028.9k, avg=6569.25, stdev=10112.27
     lat (usec): min=124, max=1028.9k, avg=8709.68, stdev=10461.78
    clat percentiles (usec):
     |  1.00th=[ 2343],  5.00th=[ 2474], 10.00th=[ 2573], 20.00th=[ 2769],
     | 30.00th=[ 3032], 40.00th=[ 3392], 50.00th=[ 4424], 60.00th=[ 6521],
     | 70.00th=[ 8586], 80.00th=[10421], 90.00th=[12256], 95.00th=[15270],
     | 99.00th=[20055], 99.50th=[22414], 99.90th=[30802], 99.95th=[39584],
     | 99.99th=[69731]
   bw (  KiB/s): min=  960, max=23831, per=30.88%, avg=14641.75, stdev=2711.27, samples=300
   iops        : min=   24, max=  797, avg=459.56, stdev=85.94, samples=597
  lat (usec)   : 20=0.01%, 250=0.07%, 1000=0.01%
  lat (msec)   : 2=0.07%, 4=47.95%, 10=29.78%, 20=21.07%, 50=1.03%
  lat (msec)   : 100=0.02%, 1000=0.01%, 2000=0.01%
  cpu          : usr=1.07%, sys=12.08%, ctx=137133, majf=0, minf=70
  IO depths    : 1=0.1%, 2=0.1%, 4=100.0%, 8=0.0%, 16=0.0%, 32=0.0%, >=64=0.0%
     submit    : 0=0.0%, 4=100.0%, 8=0.0%, 16=0.0%, 32=0.0%, 64=0.0%, >=64=0.0%
     complete  : 0=0.0%, 4=100.0%, 8=0.0%, 16=0.0%, 32=0.0%, 64=0.0%, >=64=0.0%
     issued rwts: total=137153,0,0,0 short=0,0,0,0 dropped=0,0,0,0
     latency   : target=0, window=0, percentile=100.00%, depth=4
random-readers: (groupid=0, jobs=1): err= 0: pid=109033: Fri Jul 16 12:22:39 2021
  read: IOPS=1024, BW=32.0MiB/s (33.6MB/s)(9605MiB/300001msec)
    slat (usec): min=21, max=41607, avg=929.90, stdev=531.60
    clat (usec): min=11, max=1040.5k, avg=2934.24, stdev=9098.36
     lat (usec): min=121, max=1042.1k, avg=3866.18, stdev=9135.69
    clat percentiles (usec):
     |  1.00th=[ 2245],  5.00th=[ 2311], 10.00th=[ 2376], 20.00th=[ 2474],
     | 30.00th=[ 2540], 40.00th=[ 2606], 50.00th=[ 2704], 60.00th=[ 2769],
     | 70.00th=[ 2868], 80.00th=[ 2999], 90.00th=[ 3163], 95.00th=[ 3359],
     | 99.00th=[ 8094], 99.50th=[11338], 99.90th=[19792], 99.95th=[22414],
     | 99.99th=[31851]
   bw (  KiB/s): min= 3008, max=39207, per=69.19%, avg=32805.65, stdev=6654.58, samples=299
   iops        : min=   94, max= 1230, avg=1039.05, stdev=184.72, samples=591
  lat (usec)   : 20=0.01%, 100=0.01%, 250=0.09%, 1000=0.03%
  lat (msec)   : 2=0.13%, 4=98.01%, 10=1.02%, 20=0.63%, 50=0.09%
  lat (msec)   : 1000=0.01%, 2000=0.01%
  cpu          : usr=2.05%, sys=23.86%, ctx=307182, majf=0, minf=71
  IO depths    : 1=0.1%, 2=0.1%, 4=100.0%, 8=0.0%, 16=0.0%, 32=0.0%, >=64=0.0%
     submit    : 0=0.0%, 4=100.0%, 8=0.0%, 16=0.0%, 32=0.0%, 64=0.0%, >=64=0.0%
     complete  : 0=0.0%, 4=100.0%, 8=0.0%, 16=0.0%, 32=0.0%, 64=0.0%, >=64=0.0%
     issued rwts: total=307368,0,0,0 short=0,0,0,0 dropped=0,0,0,0
     latency   : target=0, window=0, percentile=100.00%, depth=4

Run status group 0 (all jobs):
   READ: bw=46.3MiB/s (48.6MB/s), 14.3MiB/s-32.0MiB/s (15.0MB/s-33.6MB/s), io=13.6GiB (14.6GB), run=300001-300005msec

random-readers: (groupid=0, jobs=1): err= 0: pid=110483: Fri Jul 16 12:22:40 2021
  read: IOPS=481, BW=15.0MiB/s (15.8MB/s)(4513MiB/300001msec)
    slat (usec): min=21, max=62079, avg=2031.44, stdev=2609.97
    clat (usec): min=13, max=986912, avg=6239.07, stdev=9846.35
     lat (usec): min=121, max=986938, avg=8272.72, stdev=10206.39
    clat percentiles (usec):
     |  1.00th=[ 2311],  5.00th=[ 2442], 10.00th=[ 2507], 20.00th=[ 2638],
     | 30.00th=[ 2802], 40.00th=[ 3032], 50.00th=[ 3752], 60.00th=[ 5932],
     | 70.00th=[ 7963], 80.00th=[ 9896], 90.00th=[11863], 95.00th=[14746],
     | 99.00th=[20317], 99.50th=[23725], 99.90th=[37487], 99.95th=[47449],
     | 99.99th=[67634]
   bw (  KiB/s): min= 3776, max=24192, per=32.79%, avg=15380.64, stdev=2355.35, samples=299
   iops        : min=   64, max=  784, avg=484.16, stdev=78.36, samples=595
  lat (usec)   : 20=0.01%, 100=0.01%, 250=0.06%, 1000=0.01%
  lat (msec)   : 2=0.06%, 4=51.03%, 10=29.14%, 20=18.56%, 50=1.09%
  lat (msec)   : 100=0.03%, 1000=0.01%
  cpu          : usr=0.98%, sys=11.82%, ctx=144412, majf=0, minf=70
  IO depths    : 1=0.1%, 2=0.1%, 4=100.0%, 8=0.0%, 16=0.0%, 32=0.0%, >=64=0.0%
     submit    : 0=0.0%, 4=100.0%, 8=0.0%, 16=0.0%, 32=0.0%, 64=0.0%, >=64=0.0%
     complete  : 0=0.0%, 4=100.0%, 8=0.0%, 16=0.0%, 32=0.0%, 64=0.0%, >=64=0.0%
     issued rwts: total=144403,0,0,0 short=0,0,0,0 dropped=0,0,0,0
     latency   : target=0, window=0, percentile=100.00%, depth=4
random-readers: (groupid=0, jobs=1): err= 0: pid=110484: Fri Jul 16 12:22:40 2021
  read: IOPS=984, BW=30.8MiB/s (32.3MB/s)(9229MiB/300001msec)
    slat (usec): min=21, max=34537, avg=966.98, stdev=552.41
    clat (usec): min=11, max=986591, avg=3054.27, stdev=9057.96
     lat (usec): min=121, max=987470, avg=4023.65, stdev=9102.06
    clat percentiles (usec):
     |  1.00th=[ 2212],  5.00th=[ 2311], 10.00th=[ 2376], 20.00th=[ 2507],
     | 30.00th=[ 2606], 40.00th=[ 2737], 50.00th=[ 2835], 60.00th=[ 2933],
     | 70.00th=[ 3032], 80.00th=[ 3130], 90.00th=[ 3359], 95.00th=[ 3589],
     | 99.00th=[ 8717], 99.50th=[11994], 99.90th=[20317], 99.95th=[23200],
     | 99.99th=[36963]
   bw (  KiB/s): min= 3075, max=40424, per=67.33%, avg=31580.74, stdev=6623.96, samples=299
   iops        : min=   10, max= 1272, avg=998.49, stdev=190.89, samples=591
  lat (usec)   : 20=0.01%, 100=0.01%, 250=0.09%, 1000=0.02%
  lat (msec)   : 2=0.12%, 4=97.47%, 10=1.49%, 20=0.70%, 50=0.10%
  lat (msec)   : 1000=0.01%
  cpu          : usr=2.49%, sys=25.53%, ctx=295191, majf=0, minf=71
  IO depths    : 1=0.1%, 2=0.1%, 4=100.0%, 8=0.0%, 16=0.0%, 32=0.0%, >=64=0.0%
     submit    : 0=0.0%, 4=100.0%, 8=0.0%, 16=0.0%, 32=0.0%, 64=0.0%, >=64=0.0%
     complete  : 0=0.0%, 4=100.0%, 8=0.0%, 16=0.0%, 32=0.0%, 64=0.0%, >=64=0.0%
     issued rwts: total=295343,0,0,0 short=0,0,0,0 dropped=0,0,0,0
     latency   : target=0, window=0, percentile=100.00%, depth=4

Run status group 0 (all jobs):
   READ: bw=45.8MiB/s (48.0MB/s), 15.0MiB/s-30.8MiB/s (15.8MB/s-32.3MB/s), io=13.4GiB (14.4GB), run=300001-300001msec


Batch Job Summary Report (version 21.01.1) for Job "fioRandRead" (1470904) on tave

Job information (1/2)
-----------------------------------------------------------------------------------------------------
             Submit            Eligible               Start                 End    Elapsed Time limit
------------------- ------------------- ------------------- ------------------- ---------- ----------
2021-07-16T12:17:29 2021-07-16T12:17:29 2021-07-16T12:17:29 2021-07-16T12:22:41   00:05:12   00:15:00
-----------------------------------------------------------------------------------------------------

Job information (2/2)
-------------------------------------------------------------
    Username      Account    Partition   NNodes        Energy
------------ ------------ ------------ -------- -------------
    afilipci         g138       normal        4    161.051 kJ

