random-readers: (g=0): rw=randread, bs=(R) 32.0KiB-32.0KiB, (W) 32.0KiB-32.0KiB, (T) 32.0KiB-32.0KiB, ioengine=libaio, iodepth=4
...
fio-3.27-32-g77c7-dirty
Starting 16 processes
random-readers: (g=0): rw=randread, bs=(R) 32.0KiB-32.0KiB, (W) 32.0KiB-32.0KiB, (T) 32.0KiB-32.0KiB, ioengine=libaio, iodepth=4
...
fio-3.27-32-g77c7-dirty
Starting 16 processes
random-readers: (g=0): rw=randread, bs=(R) 32.0KiB-32.0KiB, (W) 32.0KiB-32.0KiB, (T) 32.0KiB-32.0KiB, ioengine=libaio, iodepth=4
...
fio-3.27-32-g77c7-dirty
Starting 16 processes
random-readers: Laying out IO file (1 file / 1024MiB)
random-readers: (g=0): rw=randread, bs=(R) 32.0KiB-32.0KiB, (W) 32.0KiB-32.0KiB, (T) 32.0KiB-32.0KiB, ioengine=libaio, iodepth=4
...
fio-3.27-32-g77c7-dirty
Starting 16 processes
random-readers: Laying out IO file (1 file / 1024MiB)
random-readers: Laying out IO file (1 file / 1024MiB)
random-readers: Laying out IO file (1 file / 1024MiB)
random-readers: Laying out IO file (1 file / 1024MiB)
random-readers: Laying out IO file (1 file / 1024MiB)
random-readers: Laying out IO file (1 file / 1024MiB)
random-readers: Laying out IO file (1 file / 1024MiB)
random-readers: Laying out IO file (1 file / 1024MiB)
random-readers: Laying out IO file (1 file / 1024MiB)
random-readers: Laying out IO file (1 file / 1024MiB)
random-readers: Laying out IO file (1 file / 1024MiB)
random-readers: Laying out IO file (1 file / 1024MiB)
random-readers: Laying out IO file (1 file / 1024MiB)
random-readers: Laying out IO file (1 file / 1024MiB)
random-readers: Laying out IO file (1 file / 1024MiB)

random-readers: (groupid=0, jobs=1): err= 0: pid=166692: Fri Jul 16 12:47:35 2021
  read: IOPS=227, BW=7280KiB/s (7454kB/s)(2133MiB/300006msec)
    slat (usec): min=24, max=65589, avg=4336.68, stdev=3743.06
    clat (usec): min=18, max=1301.2k, avg=13194.52, stdev=13165.18
     lat (usec): min=135, max=1301.2k, avg=17534.12, stdev=13780.38
    clat percentiles (usec):
     |  1.00th=[ 2737],  5.00th=[ 3163], 10.00th=[ 4621], 20.00th=[ 7373],
     | 30.00th=[ 9372], 40.00th=[10945], 50.00th=[12387], 60.00th=[14222],
     | 70.00th=[16057], 80.00th=[18220], 90.00th=[21365], 95.00th=[24249],
     | 99.00th=[31589], 99.50th=[35914], 99.90th=[61080], 99.95th=[66323],
     | 99.99th=[80217]
   bw (  KiB/s): min= 2146, max=12864, per=6.25%, avg=7284.19, stdev=1454.31, samples=300
   iops        : min=   34, max=  436, avg=228.62, stdev=46.43, samples=597
  lat (usec)   : 20=0.01%, 250=0.03%
  lat (msec)   : 2=0.01%, 4=8.46%, 10=25.34%, 20=52.60%, 50=13.39%
  lat (msec)   : 100=0.17%, 2000=0.01%
  cpu          : usr=0.64%, sys=6.56%, ctx=68311, majf=0, minf=70
  IO depths    : 1=0.1%, 2=0.1%, 4=100.0%, 8=0.0%, 16=0.0%, 32=0.0%, >=64=0.0%
     submit    : 0=0.0%, 4=100.0%, 8=0.0%, 16=0.0%, 32=0.0%, 64=0.0%, >=64=0.0%
     complete  : 0=0.0%, 4=100.0%, 8=0.0%, 16=0.0%, 32=0.0%, 64=0.0%, >=64=0.0%
     issued rwts: total=68248,0,0,0 short=0,0,0,0 dropped=0,0,0,0
     latency   : target=0, window=0, percentile=100.00%, depth=4
random-readers: (groupid=0, jobs=1): err= 0: pid=166693: Fri Jul 16 12:47:35 2021
  read: IOPS=229, BW=7346KiB/s (7522kB/s)(2152MiB/300007msec)
    slat (usec): min=24, max=62946, avg=4298.17, stdev=3688.80
    clat (usec): min=16, max=1280.9k, avg=13075.34, stdev=12904.66
     lat (usec): min=134, max=1284.5k, avg=17376.36, stdev=13518.32
    clat percentiles (msec):
     |  1.00th=[    3],  5.00th=[    4], 10.00th=[    5], 20.00th=[    8],
     | 30.00th=[   10], 40.00th=[   11], 50.00th=[   13], 60.00th=[   15],
     | 70.00th=[   16], 80.00th=[   19], 90.00th=[   22], 95.00th=[   24],
     | 99.00th=[   31], 99.50th=[   35], 99.90th=[   57], 99.95th=[   65],
     | 99.99th=[  110]
   bw (  KiB/s): min= 1376, max=14094, per=6.31%, avg=7350.80, stdev=1394.06, samples=300
   iops        : min=   86, max=  442, avg=230.71, stdev=44.27, samples=597
  lat (usec)   : 20=0.01%, 250=0.11%, 1000=0.01%
  lat (msec)   : 2=0.08%, 4=8.35%, 10=25.71%, 20=52.58%, 50=13.01%
  lat (msec)   : 100=0.15%, 250=0.01%, 2000=0.01%
  cpu          : usr=0.62%, sys=6.52%, ctx=68782, majf=0, minf=71
  IO depths    : 1=0.1%, 2=0.1%, 4=100.0%, 8=0.0%, 16=0.0%, 32=0.0%, >=64=0.0%
     submit    : 0=0.0%, 4=100.0%, 8=0.0%, 16=0.0%, 32=0.0%, 64=0.0%, >=64=0.0%
     complete  : 0=0.0%, 4=100.0%, 8=0.0%, 16=0.0%, 32=0.0%, 64=0.0%, >=64=0.0%
     issued rwts: total=68872,0,0,0 short=0,0,0,0 dropped=0,0,0,0
     latency   : target=0, window=0, percentile=100.00%, depth=4
random-readers: (groupid=0, jobs=1): err= 0: pid=166694: Fri Jul 16 12:47:35 2021
  read: IOPS=224, BW=7197KiB/s (7370kB/s)(2109MiB/300003msec)
    slat (usec): min=24, max=85983, avg=4392.64, stdev=3711.16
    clat (usec): min=15, max=1064.5k, avg=13346.23, stdev=11745.70
     lat (usec): min=132, max=1073.2k, avg=17741.65, stdev=12456.24
    clat percentiles (usec):
     |  1.00th=[ 2737],  5.00th=[ 3228], 10.00th=[ 4883], 20.00th=[ 7635],
     | 30.00th=[ 9503], 40.00th=[11207], 50.00th=[12649], 60.00th=[14484],
     | 70.00th=[16319], 80.00th=[18482], 90.00th=[21365], 95.00th=[24249],
     | 99.00th=[30540], 99.50th=[35914], 99.90th=[60031], 99.95th=[66847],
     | 99.99th=[93848]
   bw (  KiB/s): min=  768, max=12524, per=6.18%, avg=7201.32, stdev=1380.30, samples=300
   iops        : min=   48, max=  402, avg=225.65, stdev=43.37, samples=598
  lat (usec)   : 20=0.01%, 250=0.03%, 500=0.01%, 1000=0.01%
  lat (msec)   : 2=0.06%, 4=7.53%, 10=24.99%, 20=53.51%, 50=13.66%
  lat (msec)   : 100=0.19%, 2000=0.01%
  cpu          : usr=0.56%, sys=6.39%, ctx=67464, majf=0, minf=70
  IO depths    : 1=0.1%, 2=0.1%, 4=100.0%, 8=0.0%, 16=0.0%, 32=0.0%, >=64=0.0%
     submit    : 0=0.0%, 4=100.0%, 8=0.0%, 16=0.0%, 32=0.0%, 64=0.0%, >=64=0.0%
     complete  : 0=0.0%, 4=100.0%, 8=0.0%, 16=0.0%, 32=0.0%, 64=0.0%, >=64=0.0%
     issued rwts: total=67472,0,0,0 short=0,0,0,0 dropped=0,0,0,0
     latency   : target=0, window=0, percentile=100.00%, depth=4
random-readers: (groupid=0, jobs=1): err= 0: pid=166695: Fri Jul 16 12:47:35 2021
  read: IOPS=227, BW=7285KiB/s (7460kB/s)(2134MiB/300008msec)
    slat (usec): min=23, max=58924, avg=4335.05, stdev=3655.28
    clat (usec): min=23, max=1213.5k, avg=13184.28, stdev=12722.08
     lat (usec): min=132, max=1213.6k, avg=17522.21, stdev=13339.44
    clat percentiles (usec):
     |  1.00th=[ 2704],  5.00th=[ 3163], 10.00th=[ 4686], 20.00th=[ 7439],
     | 30.00th=[ 9372], 40.00th=[11076], 50.00th=[12518], 60.00th=[14222],
     | 70.00th=[16188], 80.00th=[18220], 90.00th=[21103], 95.00th=[23987],
     | 99.00th=[30016], 99.50th=[34341], 99.90th=[60556], 99.95th=[66323],
     | 99.99th=[77071]
   bw (  KiB/s): min= 2208, max=13069, per=6.25%, avg=7289.53, stdev=1387.91, samples=300
   iops        : min=   32, max=  476, avg=228.79, stdev=45.77, samples=597
  lat (usec)   : 50=0.01%, 250=0.11%, 1000=0.01%
  lat (msec)   : 2=0.05%, 4=8.09%, 10=25.19%, 20=53.05%, 50=13.33%
  lat (msec)   : 100=0.18%, 2000=0.01%
  cpu          : usr=0.61%, sys=6.52%, ctx=68273, majf=0, minf=70
  IO depths    : 1=0.1%, 2=0.1%, 4=100.0%, 8=0.0%, 16=0.0%, 32=0.0%, >=64=0.0%
     submit    : 0=0.0%, 4=100.0%, 8=0.0%, 16=0.0%, 32=0.0%, 64=0.0%, >=64=0.0%
     complete  : 0=0.0%, 4=100.0%, 8=0.0%, 16=0.0%, 32=0.0%, 64=0.0%, >=64=0.0%
     issued rwts: total=68298,0,0,0 short=0,0,0,0 dropped=0,0,0,0
     latency   : target=0, window=0, percentile=100.00%, depth=4
random-readers: (groupid=0, jobs=1): err= 0: pid=166696: Fri Jul 16 12:47:35 2021
  read: IOPS=225, BW=7228KiB/s (7402kB/s)(2118MiB/300005msec)
    slat (usec): min=23, max=72909, avg=4372.30, stdev=3717.07
    clat (usec): min=16, max=1106.2k, avg=13287.26, stdev=12048.30
     lat (usec): min=139, max=1107.4k, avg=17662.46, stdev=12718.40
    clat percentiles (usec):
     |  1.00th=[ 2737],  5.00th=[ 3228], 10.00th=[ 4817], 20.00th=[ 7570],
     | 30.00th=[ 9503], 40.00th=[11076], 50.00th=[12518], 60.00th=[14353],
     | 70.00th=[16188], 80.00th=[18220], 90.00th=[21365], 95.00th=[23987],
     | 99.00th=[30278], 99.50th=[35390], 99.90th=[61604], 99.95th=[68682],
     | 99.99th=[96994]
   bw (  KiB/s): min=  736, max=12076, per=6.20%, avg=7232.96, stdev=1376.07, samples=300
   iops        : min=   46, max=  482, avg=226.64, stdev=44.54, samples=598
  lat (usec)   : 20=0.01%, 250=0.12%, 1000=0.01%
  lat (msec)   : 2=0.12%, 4=7.58%, 10=24.82%, 20=53.70%, 50=13.44%
  lat (msec)   : 100=0.22%, 2000=0.01%
  cpu          : usr=0.55%, sys=6.39%, ctx=67667, majf=0, minf=71
  IO depths    : 1=0.1%, 2=0.1%, 4=100.0%, 8=0.0%, 16=0.0%, 32=0.0%, >=64=0.0%
     submit    : 0=0.0%, 4=100.0%, 8=0.0%, 16=0.0%, 32=0.0%, 64=0.0%, >=64=0.0%
     complete  : 0=0.0%, 4=100.0%, 8=0.0%, 16=0.0%, 32=0.0%, 64=0.0%, >=64=0.0%
     issued rwts: total=67768,0,0,0 short=0,0,0,0 dropped=0,0,0,0
     latency   : target=0, window=0, percentile=100.00%, depth=4
random-readers: (groupid=0, jobs=1): err= 0: pid=166697: Fri Jul 16 12:47:35 2021
  read: IOPS=228, BW=7298KiB/s (7474kB/s)(2138MiB/300005msec)
    slat (usec): min=23, max=69754, avg=4329.03, stdev=3724.60
    clat (usec): min=15, max=1167.8k, avg=13159.81, stdev=12310.40
     lat (usec): min=130, max=1173.8k, avg=17491.72, stdev=12959.77
    clat percentiles (usec):
     |  1.00th=[ 2704],  5.00th=[ 3130], 10.00th=[ 4752], 20.00th=[ 7439],
     | 30.00th=[ 9372], 40.00th=[10945], 50.00th=[12387], 60.00th=[14091],
     | 70.00th=[16057], 80.00th=[18220], 90.00th=[21103], 95.00th=[23987],
     | 99.00th=[30802], 99.50th=[36439], 99.90th=[61080], 99.95th=[67634],
     | 99.99th=[94897]
   bw (  KiB/s): min=  256, max=13485, per=6.26%, avg=7302.98, stdev=1384.23, samples=300
   iops        : min=   16, max=  470, avg=228.83, stdev=44.71, samples=598
  lat (usec)   : 20=0.01%, 250=0.08%, 1000=0.01%
  lat (msec)   : 2=0.07%, 4=7.95%, 10=25.31%, 20=53.34%, 50=13.06%
  lat (msec)   : 100=0.18%, 2000=0.01%
  cpu          : usr=0.60%, sys=6.44%, ctx=68400, majf=0, minf=70
  IO depths    : 1=0.1%, 2=0.1%, 4=100.0%, 8=0.0%, 16=0.0%, 32=0.0%, >=64=0.0%
     submit    : 0=0.0%, 4=100.0%, 8=0.0%, 16=0.0%, 32=0.0%, 64=0.0%, >=64=0.0%
     complete  : 0=0.0%, 4=100.0%, 8=0.0%, 16=0.0%, 32=0.0%, 64=0.0%, >=64=0.0%
     issued rwts: total=68424,0,0,0 short=0,0,0,0 dropped=0,0,0,0
     latency   : target=0, window=0, percentile=100.00%, depth=4
random-readers: (groupid=0, jobs=1): err= 0: pid=166698: Fri Jul 16 12:47:35 2021
  read: IOPS=227, BW=7284KiB/s (7459kB/s)(2134MiB/300008msec)
    slat (usec): min=25, max=77069, avg=4334.63, stdev=3616.75
    clat (usec): min=16, max=1214.2k, avg=13186.51, stdev=12753.81
     lat (usec): min=138, max=1214.2k, avg=17524.12, stdev=13351.34
    clat percentiles (usec):
     |  1.00th=[ 2737],  5.00th=[ 3261], 10.00th=[ 4817], 20.00th=[ 7504],
     | 30.00th=[ 9503], 40.00th=[11076], 50.00th=[12518], 60.00th=[14222],
     | 70.00th=[16057], 80.00th=[18220], 90.00th=[21103], 95.00th=[23725],
     | 99.00th=[29754], 99.50th=[33817], 99.90th=[54264], 99.95th=[65799],
     | 99.99th=[85459]
   bw (  KiB/s): min=  256, max=11563, per=6.25%, avg=7288.33, stdev=1369.14, samples=300
   iops        : min=   16, max=  418, avg=228.37, stdev=44.21, samples=598
  lat (usec)   : 20=0.01%, 250=0.06%, 500=0.01%
  lat (msec)   : 2=0.06%, 4=7.64%, 10=25.18%, 20=53.87%, 50=13.04%
  lat (msec)   : 100=0.14%, 2000=0.01%
  cpu          : usr=0.61%, sys=6.65%, ctx=68290, majf=0, minf=70
  IO depths    : 1=0.1%, 2=0.1%, 4=100.0%, 8=0.0%, 16=0.0%, 32=0.0%, >=64=0.0%
     submit    : 0=0.0%, 4=100.0%, 8=0.0%, 16=0.0%, 32=0.0%, 64=0.0%, >=64=0.0%
     complete  : 0=0.0%, 4=100.0%, 8=0.0%, 16=0.0%, 32=0.0%, 64=0.0%, >=64=0.0%
     issued rwts: total=68287,0,0,0 short=0,0,0,0 dropped=0,0,0,0
     latency   : target=0, window=0, percentile=100.00%, depth=4
random-readers: (groupid=0, jobs=1): err= 0: pid=166699: Fri Jul 16 12:47:35 2021
  read: IOPS=229, BW=7329KiB/s (7505kB/s)(2147MiB/300006msec)
    slat (usec): min=23, max=67824, avg=4309.68, stdev=3653.66
    clat (usec): min=22, max=1234.4k, avg=13104.04, stdev=12381.93
     lat (usec): min=131, max=1234.4k, avg=17416.54, stdev=12998.52
    clat percentiles (usec):
     |  1.00th=[ 2737],  5.00th=[ 3163], 10.00th=[ 4555], 20.00th=[ 7373],
     | 30.00th=[ 9372], 40.00th=[10945], 50.00th=[12387], 60.00th=[14222],
     | 70.00th=[16057], 80.00th=[18220], 90.00th=[21103], 95.00th=[23725],
     | 99.00th=[30016], 99.50th=[34866], 99.90th=[57410], 99.95th=[66323],
     | 99.99th=[91751]
   bw (  KiB/s): min= 2402, max=12300, per=6.31%, avg=7358.59, stdev=1425.66, samples=299
   iops        : min=   48, max=  402, avg=230.19, stdev=46.61, samples=597
  lat (usec)   : 50=0.01%, 250=0.05%
  lat (msec)   : 2=0.03%, 4=8.38%, 10=25.21%, 20=53.31%, 50=12.84%
  lat (msec)   : 100=0.17%, 2000=0.01%
  cpu          : usr=0.57%, sys=6.58%, ctx=68751, majf=0, minf=71
  IO depths    : 1=0.1%, 2=0.1%, 4=100.0%, 8=0.0%, 16=0.0%, 32=0.0%, >=64=0.0%
     submit    : 0=0.0%, 4=100.0%, 8=0.0%, 16=0.0%, 32=0.0%, 64=0.0%, >=64=0.0%
     complete  : 0=0.0%, 4=100.0%, 8=0.0%, 16=0.0%, 32=0.0%, 64=0.0%, >=64=0.0%
     issued rwts: total=68715,0,0,0 short=0,0,0,0 dropped=0,0,0,0
     latency   : target=0, window=0, percentile=100.00%, depth=4
random-readers: (groupid=0, jobs=1): err= 0: pid=166700: Fri Jul 16 12:47:35 2021
  read: IOPS=228, BW=7310KiB/s (7486kB/s)(2142MiB/300004msec)
    slat (usec): min=23, max=66396, avg=4320.91, stdev=3661.85
    clat (usec): min=11, max=1227.6k, avg=13138.97, stdev=12572.98
     lat (usec): min=142, max=1227.9k, avg=17462.65, stdev=13180.83
    clat percentiles (usec):
     |  1.00th=[ 2737],  5.00th=[ 3294], 10.00th=[ 4752], 20.00th=[ 7439],
     | 30.00th=[ 9372], 40.00th=[10945], 50.00th=[12387], 60.00th=[14091],
     | 70.00th=[16057], 80.00th=[18220], 90.00th=[21103], 95.00th=[23725],
     | 99.00th=[30016], 99.50th=[34866], 99.90th=[60556], 99.95th=[66847],
     | 99.99th=[93848]
   bw (  KiB/s): min= 1985, max=13120, per=6.28%, avg=7314.59, stdev=1402.49, samples=300
   iops        : min=   52, max=  436, avg=229.58, stdev=44.85, samples=597
  lat (usec)   : 20=0.01%, 250=0.02%, 1000=0.01%
  lat (msec)   : 2=0.04%, 4=7.98%, 10=25.52%, 20=53.44%, 50=12.81%
  lat (msec)   : 100=0.18%, 2000=0.01%
  cpu          : usr=0.61%, sys=6.58%, ctx=68585, majf=0, minf=70
  IO depths    : 1=0.1%, 2=0.1%, 4=100.0%, 8=0.0%, 16=0.0%, 32=0.0%, >=64=0.0%
     submit    : 0=0.0%, 4=100.0%, 8=0.0%, 16=0.0%, 32=0.0%, 64=0.0%, >=64=0.0%
     complete  : 0=0.0%, 4=100.0%, 8=0.0%, 16=0.0%, 32=0.0%, 64=0.0%, >=64=0.0%
     issued rwts: total=68533,0,0,0 short=0,0,0,0 dropped=0,0,0,0
     latency   : target=0, window=0, percentile=100.00%, depth=4
random-readers: (groupid=0, jobs=1): err= 0: pid=166701: Fri Jul 16 12:47:35 2021
  read: IOPS=228, BW=7315KiB/s (7490kB/s)(2143MiB/300005msec)
    slat (usec): min=22, max=71409, avg=4317.65, stdev=3709.72
    clat (usec): min=23, max=1269.1k, avg=13131.09, stdev=12873.13
     lat (usec): min=128, max=1270.0k, avg=17451.54, stdev=13493.41
    clat percentiles (msec):
     |  1.00th=[    3],  5.00th=[    4], 10.00th=[    5], 20.00th=[    8],
     | 30.00th=[   10], 40.00th=[   11], 50.00th=[   13], 60.00th=[   15],
     | 70.00th=[   17], 80.00th=[   19], 90.00th=[   22], 95.00th=[   24],
     | 99.00th=[   31], 99.50th=[   37], 99.90th=[   59], 99.95th=[   69],
     | 99.99th=[  108]
   bw (  KiB/s): min=  800, max=11563, per=6.28%, avg=7319.09, stdev=1381.66, samples=300
   iops        : min=   50, max=  384, avg=229.33, stdev=44.51, samples=598
  lat (usec)   : 50=0.01%, 250=0.07%, 500=0.02%, 1000=0.01%
  lat (msec)   : 2=0.08%, 4=7.84%, 10=25.87%, 20=53.07%, 50=12.86%
  lat (msec)   : 100=0.19%, 250=0.01%, 2000=0.01%
  cpu          : usr=0.58%, sys=6.48%, ctx=68523, majf=0, minf=71
  IO depths    : 1=0.1%, 2=0.1%, 4=100.0%, 8=0.0%, 16=0.0%, 32=0.0%, >=64=0.0%
     submit    : 0=0.0%, 4=100.0%, 8=0.0%, 16=0.0%, 32=0.0%, 64=0.0%, >=64=0.0%
     complete  : 0=0.0%, 4=100.0%, 8=0.0%, 16=0.0%, 32=0.0%, 64=0.0%, >=64=0.0%
     issued rwts: total=68575,0,0,0 short=0,0,0,0 dropped=0,0,0,0
     latency   : target=0, window=0, percentile=100.00%, depth=4
random-readers: (groupid=0, jobs=1): err= 0: pid=166702: Fri Jul 16 12:47:35 2021
  read: IOPS=229, BW=7333KiB/s (7509kB/s)(2148MiB/300003msec)
    slat (usec): min=25, max=80523, avg=4308.21, stdev=3578.64
    clat (usec): min=17, max=1189.4k, avg=13099.32, stdev=12304.52
     lat (usec): min=139, max=1196.8k, avg=17410.38, stdev=12902.76
    clat percentiles (usec):
     |  1.00th=[ 2704],  5.00th=[ 3163], 10.00th=[ 4621], 20.00th=[ 7439],
     | 30.00th=[ 9372], 40.00th=[10945], 50.00th=[12518], 60.00th=[14222],
     | 70.00th=[16057], 80.00th=[18220], 90.00th=[21103], 95.00th=[23725],
     | 99.00th=[28967], 99.50th=[32375], 99.90th=[53216], 99.95th=[62129],
     | 99.99th=[91751]
   bw (  KiB/s): min=   32, max=12460, per=6.32%, avg=7361.72, stdev=1377.93, samples=299
   iops        : min=    2, max=  400, avg=230.28, stdev=43.99, samples=597
  lat (usec)   : 20=0.01%, 250=0.03%, 1000=0.01%
  lat (msec)   : 2=0.04%, 4=8.20%, 10=25.26%, 20=53.28%, 50=13.05%
  lat (msec)   : 100=0.12%, 2000=0.01%
  cpu          : usr=0.59%, sys=6.45%, ctx=68797, majf=0, minf=70
  IO depths    : 1=0.1%, 2=0.1%, 4=100.0%, 8=0.0%, 16=0.0%, 32=0.0%, >=64=0.0%
     submit    : 0=0.0%, 4=100.0%, 8=0.0%, 16=0.0%, 32=0.0%, 64=0.0%, >=64=0.0%
     complete  : 0=0.0%, 4=100.0%, 8=0.0%, 16=0.0%, 32=0.0%, 64=0.0%, >=64=0.0%
     issued rwts: total=68744,0,0,0 short=0,0,0,0 dropped=0,0,0,0
     latency   : target=0, window=0, percentile=100.00%, depth=4
random-readers: (groupid=0, jobs=1): err= 0: pid=166704: Fri Jul 16 12:47:35 2021
  read: IOPS=227, BW=7269KiB/s (7443kB/s)(2130MiB/300001msec)
    slat (usec): min=25, max=79656, avg=4343.83, stdev=3706.79
    clat (usec): min=18, max=1240.3k, avg=13213.88, stdev=13030.41
     lat (usec): min=152, max=1241.9k, avg=17560.58, stdev=13630.77
    clat percentiles (usec):
     |  1.00th=[ 2737],  5.00th=[ 3163], 10.00th=[ 4686], 20.00th=[ 7439],
     | 30.00th=[ 9372], 40.00th=[11076], 50.00th=[12518], 60.00th=[14222],
     | 70.00th=[16188], 80.00th=[18220], 90.00th=[21103], 95.00th=[23987],
     | 99.00th=[30278], 99.50th=[35914], 99.90th=[60556], 99.95th=[67634],
     | 99.99th=[88605]
   bw (  KiB/s): min= 1505, max=11915, per=6.24%, avg=7275.32, stdev=1371.96, samples=299
   iops        : min=   28, max=  440, avg=227.95, stdev=45.93, samples=597
  lat (usec)   : 20=0.01%, 250=0.02%, 1000=0.01%
  lat (msec)   : 2=0.07%, 4=8.09%, 10=25.04%, 20=53.47%, 50=13.10%
  lat (msec)   : 100=0.20%, 2000=0.01%
  cpu          : usr=0.59%, sys=6.51%, ctx=68168, majf=0, minf=70
  IO depths    : 1=0.1%, 2=0.1%, 4=100.0%, 8=0.0%, 16=0.0%, 32=0.0%, >=64=0.0%
     submit    : 0=0.0%, 4=100.0%, 8=0.0%, 16=0.0%, 32=0.0%, 64=0.0%, >=64=0.0%
     complete  : 0=0.0%, 4=100.0%, 8=0.0%, 16=0.0%, 32=0.0%, 64=0.0%, >=64=0.0%
     issued rwts: total=68144,0,0,0 short=0,0,0,0 dropped=0,0,0,0
     latency   : target=0, window=0, percentile=100.00%, depth=4
random-readers: (groupid=0, jobs=1): err= 0: pid=166705: Fri Jul 16 12:47:35 2021
  read: IOPS=224, BW=7187KiB/s (7360kB/s)(2106MiB/300006msec)
    slat (usec): min=24, max=130141, avg=4397.77, stdev=3731.22
    clat (usec): min=16, max=1080.1k, avg=13363.78, stdev=11928.87
     lat (usec): min=132, max=1081.5k, avg=17764.39, stdev=12604.60
    clat percentiles (msec):
     |  1.00th=[    3],  5.00th=[    4], 10.00th=[    5], 20.00th=[    8],
     | 30.00th=[   10], 40.00th=[   12], 50.00th=[   13], 60.00th=[   15],
     | 70.00th=[   17], 80.00th=[   19], 90.00th=[   22], 95.00th=[   24],
     | 99.00th=[   31], 99.50th=[   36], 99.90th=[   60], 99.95th=[   67],
     | 99.99th=[  146]
   bw (  KiB/s): min= 1729, max=12480, per=6.17%, avg=7191.62, stdev=1357.10, samples=300
   iops        : min=  108, max=  422, avg=225.72, stdev=43.68, samples=597
  lat (usec)   : 20=0.01%, 250=0.02%, 1000=0.01%
  lat (msec)   : 2=0.02%, 4=7.80%, 10=24.54%, 20=53.57%, 50=13.84%
  lat (msec)   : 100=0.20%, 250=0.01%, 2000=0.01%
  cpu          : usr=0.60%, sys=6.37%, ctx=67442, majf=0, minf=71
  IO depths    : 1=0.1%, 2=0.1%, 4=100.0%, 8=0.0%, 16=0.0%, 32=0.0%, >=64=0.0%
     submit    : 0=0.0%, 4=100.0%, 8=0.0%, 16=0.0%, 32=0.0%, 64=0.0%, >=64=0.0%
     complete  : 0=0.0%, 4=100.0%, 8=0.0%, 16=0.0%, 32=0.0%, 64=0.0%, >=64=0.0%
     issued rwts: total=67381,0,0,0 short=0,0,0,0 dropped=0,0,0,0
     latency   : target=0, window=0, percentile=100.00%, depth=4
random-readers: (groupid=0, jobs=1): err= 0: pid=166706: Fri Jul 16 12:47:35 2021
  read: IOPS=227, BW=7268KiB/s (7442kB/s)(2129MiB/300004msec)
    slat (usec): min=22, max=71292, avg=4347.66, stdev=3727.78
    clat (usec): min=22, max=1198.2k, avg=13215.29, stdev=12867.02
     lat (usec): min=135, max=1198.2k, avg=17565.30, stdev=13493.48
    clat percentiles (usec):
     |  1.00th=[ 2606],  5.00th=[ 3097], 10.00th=[ 4621], 20.00th=[ 7504],
     | 30.00th=[ 9503], 40.00th=[11076], 50.00th=[12518], 60.00th=[14353],
     | 70.00th=[16188], 80.00th=[18220], 90.00th=[21365], 95.00th=[23987],
     | 99.00th=[30278], 99.50th=[35390], 99.90th=[61604], 99.95th=[67634],
     | 99.99th=[89654]
   bw (  KiB/s): min= 1537, max=12108, per=6.24%, avg=7272.26, stdev=1427.69, samples=300
   iops        : min=   28, max=  466, avg=227.87, stdev=47.30, samples=598
  lat (usec)   : 50=0.01%, 250=0.04%, 1000=0.01%
  lat (msec)   : 2=0.07%, 4=8.27%, 10=24.86%, 20=53.27%, 50=13.25%
  lat (msec)   : 100=0.23%, 2000=0.01%
  cpu          : usr=0.49%, sys=6.10%, ctx=68146, majf=0, minf=70
  IO depths    : 1=0.1%, 2=0.1%, 4=100.0%, 8=0.0%, 16=0.0%, 32=0.0%, >=64=0.0%
     submit    : 0=0.0%, 4=100.0%, 8=0.0%, 16=0.0%, 32=0.0%, 64=0.0%, >=64=0.0%
     complete  : 0=0.0%, 4=100.0%, 8=0.0%, 16=0.0%, 32=0.0%, 64=0.0%, >=64=0.0%
     issued rwts: total=68136,0,0,0 short=0,0,0,0 dropped=0,0,0,0
     latency   : target=0, window=0, percentile=100.00%, depth=4
random-readers: (groupid=0, jobs=1): err= 0: pid=166707: Fri Jul 16 12:47:35 2021
  read: IOPS=226, BW=7251KiB/s (7425kB/s)(2124MiB/300001msec)
    slat (usec): min=25, max=72203, avg=4358.36, stdev=3659.46
    clat (usec): min=13, max=1224.5k, avg=13246.10, stdev=12469.43
     lat (usec): min=138, max=1225.5k, avg=17607.01, stdev=13089.20
    clat percentiles (usec):
     |  1.00th=[ 2638],  5.00th=[ 3228], 10.00th=[ 4817], 20.00th=[ 7504],
     | 30.00th=[ 9503], 40.00th=[11076], 50.00th=[12518], 60.00th=[14353],
     | 70.00th=[16188], 80.00th=[18220], 90.00th=[21103], 95.00th=[23987],
     | 99.00th=[29754], 99.50th=[33817], 99.90th=[61080], 99.95th=[69731],
     | 99.99th=[82314]
   bw (  KiB/s): min=  928, max=12556, per=6.23%, avg=7258.96, stdev=1413.65, samples=299
   iops        : min=   58, max=  438, avg=227.38, stdev=45.11, samples=597
  lat (usec)   : 20=0.01%, 250=0.07%, 1000=0.01%
  lat (msec)   : 2=0.04%, 4=7.90%, 10=24.64%, 20=53.77%, 50=13.37%
  lat (msec)   : 100=0.19%, 2000=0.01%
  cpu          : usr=0.54%, sys=6.28%, ctx=67982, majf=0, minf=70
  IO depths    : 1=0.1%, 2=0.1%, 4=100.0%, 8=0.0%, 16=0.0%, 32=0.0%, >=64=0.0%
     submit    : 0=0.0%, 4=100.0%, 8=0.0%, 16=0.0%, 32=0.0%, 64=0.0%, >=64=0.0%
     complete  : 0=0.0%, 4=100.0%, 8=0.0%, 16=0.0%, 32=0.0%, 64=0.0%, >=64=0.0%
     issued rwts: total=67976,0,0,0 short=0,0,0,0 dropped=0,0,0,0
     latency   : target=0, window=0, percentile=100.00%, depth=4
random-readers: (groupid=0, jobs=1): err= 0: pid=166708: Fri Jul 16 12:47:35 2021
  read: IOPS=230, BW=7379KiB/s (7556kB/s)(2162MiB/300003msec)
    slat (usec): min=23, max=171946, avg=4284.70, stdev=3759.37
    clat (usec): min=14, max=1089.5k, avg=13016.26, stdev=11827.58
     lat (usec): min=126, max=1090.5k, avg=17303.66, stdev=12534.95
    clat percentiles (msec):
     |  1.00th=[    3],  5.00th=[    4], 10.00th=[    5], 20.00th=[    8],
     | 30.00th=[   10], 40.00th=[   11], 50.00th=[   13], 60.00th=[   14],
     | 70.00th=[   16], 80.00th=[   18], 90.00th=[   22], 95.00th=[   24],
     | 99.00th=[   31], 99.50th=[   36], 99.90th=[   60], 99.95th=[   66],
     | 99.99th=[  188]
   bw (  KiB/s): min= 1377, max=12780, per=6.33%, avg=7383.66, stdev=1479.54, samples=300
   iops        : min=   86, max=  468, avg=231.36, stdev=47.76, samples=598
  lat (usec)   : 20=0.01%, 250=0.04%, 1000=0.03%
  lat (msec)   : 2=0.08%, 4=8.52%, 10=25.91%, 20=52.46%, 50=12.71%
  lat (msec)   : 100=0.22%, 250=0.01%, 2000=0.01%
  cpu          : usr=0.61%, sys=6.26%, ctx=69138, majf=0, minf=71
  IO depths    : 1=0.1%, 2=0.1%, 4=100.0%, 8=0.0%, 16=0.0%, 32=0.0%, >=64=0.0%
     submit    : 0=0.0%, 4=100.0%, 8=0.0%, 16=0.0%, 32=0.0%, 64=0.0%, >=64=0.0%
     complete  : 0=0.0%, 4=100.0%, 8=0.0%, 16=0.0%, 32=0.0%, 64=0.0%, >=64=0.0%
     issued rwts: total=69180,0,0,0 short=0,0,0,0 dropped=0,0,0,0
     latency   : target=0, window=0, percentile=100.00%, depth=4

Run status group 0 (all jobs):
   READ: bw=114MiB/s (119MB/s), 7187KiB/s-7379KiB/s (7360kB/s-7556kB/s), io=33.3GiB (35.8GB), run=300001-300008msec

random-readers: (groupid=0, jobs=1): err= 0: pid=128970: Fri Jul 16 12:47:35 2021
  read: IOPS=226, BW=7252KiB/s (7426kB/s)(2125MiB/300001msec)
    slat (usec): min=25, max=68693, avg=4356.95, stdev=3745.73
    clat (usec): min=14, max=1165.9k, avg=13245.02, stdev=12568.79
     lat (usec): min=142, max=1165.9k, avg=17604.63, stdev=13194.06
    clat percentiles (usec):
     |  1.00th=[ 2737],  5.00th=[ 3195], 10.00th=[ 4621], 20.00th=[ 7439],
     | 30.00th=[ 9503], 40.00th=[11076], 50.00th=[12518], 60.00th=[14222],
     | 70.00th=[16188], 80.00th=[18220], 90.00th=[21365], 95.00th=[24249],
     | 99.00th=[31327], 99.50th=[35914], 99.90th=[60031], 99.95th=[66323],
     | 99.99th=[84411]
   bw (  KiB/s): min= 3235, max=12544, per=6.26%, avg=7260.60, stdev=1393.96, samples=299
   iops        : min=   24, max=  406, avg=227.42, stdev=44.88, samples=597
  lat (usec)   : 20=0.01%, 250=0.03%, 1000=0.01%
  lat (msec)   : 2=0.01%, 4=8.44%, 10=24.80%, 20=53.05%, 50=13.50%
  lat (msec)   : 100=0.16%, 2000=0.01%
  cpu          : usr=0.54%, sys=6.27%, ctx=68041, majf=0, minf=70
  IO depths    : 1=0.1%, 2=0.1%, 4=100.0%, 8=0.0%, 16=0.0%, 32=0.0%, >=64=0.0%
     submit    : 0=0.0%, 4=100.0%, 8=0.0%, 16=0.0%, 32=0.0%, 64=0.0%, >=64=0.0%
     complete  : 0=0.0%, 4=100.0%, 8=0.0%, 16=0.0%, 32=0.0%, 64=0.0%, >=64=0.0%
     issued rwts: total=67986,0,0,0 short=0,0,0,0 dropped=0,0,0,0
     latency   : target=0, window=0, percentile=100.00%, depth=4
random-readers: (groupid=0, jobs=1): err= 0: pid=128971: Fri Jul 16 12:47:35 2021
  read: IOPS=227, BW=7282KiB/s (7457kB/s)(2133MiB/300007msec)
    slat (usec): min=22, max=70208, avg=4336.93, stdev=3786.29
    clat (usec): min=22, max=1257.2k, avg=13190.90, stdev=12935.58
     lat (usec): min=129, max=1257.3k, avg=17530.80, stdev=13563.00
    clat percentiles (usec):
     |  1.00th=[ 2737],  5.00th=[ 3130], 10.00th=[ 4490], 20.00th=[ 7242],
     | 30.00th=[ 9241], 40.00th=[10945], 50.00th=[12387], 60.00th=[14222],
     | 70.00th=[16188], 80.00th=[18220], 90.00th=[21365], 95.00th=[24511],
     | 99.00th=[32113], 99.50th=[36439], 99.90th=[57934], 99.95th=[63177],
     | 99.99th=[89654]
   bw (  KiB/s): min=  928, max=14158, per=6.28%, avg=7286.35, stdev=1506.31, samples=300
   iops        : min=   24, max=  442, avg=228.31, stdev=47.96, samples=598
  lat (usec)   : 50=0.01%, 250=0.11%, 1000=0.01%
  lat (msec)   : 2=0.09%, 4=8.56%, 10=25.34%, 20=51.95%, 50=13.76%
  lat (msec)   : 100=0.16%, 2000=0.01%
  cpu          : usr=0.58%, sys=6.41%, ctx=68182, majf=0, minf=71
  IO depths    : 1=0.1%, 2=0.1%, 4=100.0%, 8=0.0%, 16=0.0%, 32=0.0%, >=64=0.0%
     submit    : 0=0.0%, 4=100.0%, 8=0.0%, 16=0.0%, 32=0.0%, 64=0.0%, >=64=0.0%
     complete  : 0=0.0%, 4=100.0%, 8=0.0%, 16=0.0%, 32=0.0%, 64=0.0%, >=64=0.0%
     issued rwts: total=68268,0,0,0 short=0,0,0,0 dropped=0,0,0,0
     latency   : target=0, window=0, percentile=100.00%, depth=4
random-readers: (groupid=0, jobs=1): err= 0: pid=128972: Fri Jul 16 12:47:35 2021
  read: IOPS=224, BW=7184KiB/s (7357kB/s)(2105MiB/300005msec)
    slat (usec): min=24, max=75931, avg=4399.45, stdev=3670.78
    clat (usec): min=18, max=1062.1k, avg=13369.93, stdev=11835.23
     lat (usec): min=136, max=1063.4k, avg=17772.35, stdev=12506.07
    clat percentiles (usec):
     |  1.00th=[ 2802],  5.00th=[ 3359], 10.00th=[ 4948], 20.00th=[ 7701],
     | 30.00th=[ 9634], 40.00th=[11207], 50.00th=[12649], 60.00th=[14484],
     | 70.00th=[16319], 80.00th=[18482], 90.00th=[21365], 95.00th=[23987],
     | 99.00th=[30540], 99.50th=[35390], 99.90th=[61080], 99.95th=[67634],
     | 99.99th=[91751]
   bw (  KiB/s): min=  480, max=13645, per=6.20%, avg=7188.78, stdev=1395.25, samples=300
   iops        : min=   30, max=  516, avg=225.25, stdev=43.95, samples=598
  lat (usec)   : 20=0.01%, 250=0.05%, 1000=0.01%
  lat (msec)   : 2=0.08%, 4=7.38%, 10=24.53%, 20=54.01%, 50=13.77%
  lat (msec)   : 100=0.16%, 2000=0.01%
  cpu          : usr=0.60%, sys=6.35%, ctx=67338, majf=0, minf=70
  IO depths    : 1=0.1%, 2=0.1%, 4=100.0%, 8=0.0%, 16=0.0%, 32=0.0%, >=64=0.0%
     submit    : 0=0.0%, 4=100.0%, 8=0.0%, 16=0.0%, 32=0.0%, 64=0.0%, >=64=0.0%
     complete  : 0=0.0%, 4=100.0%, 8=0.0%, 16=0.0%, 32=0.0%, 64=0.0%, >=64=0.0%
     issued rwts: total=67354,0,0,0 short=0,0,0,0 dropped=0,0,0,0
     latency   : target=0, window=0, percentile=100.00%, depth=4
random-readers: (groupid=0, jobs=1): err= 0: pid=128975: Fri Jul 16 12:47:35 2021
  read: IOPS=227, BW=7283KiB/s (7458kB/s)(2134MiB/300004msec)
    slat (usec): min=21, max=72422, avg=4337.56, stdev=3654.21
    clat (usec): min=18, max=1161.1k, avg=13188.08, stdev=12487.32
     lat (usec): min=127, max=1161.1k, avg=17528.51, stdev=13091.13
    clat percentiles (usec):
     |  1.00th=[ 2737],  5.00th=[ 3195], 10.00th=[ 4752], 20.00th=[ 7504],
     | 30.00th=[ 9503], 40.00th=[11076], 50.00th=[12518], 60.00th=[14353],
     | 70.00th=[16188], 80.00th=[18220], 90.00th=[21103], 95.00th=[23725],
     | 99.00th=[29492], 99.50th=[34341], 99.90th=[60031], 99.95th=[65274],
     | 99.99th=[87557]
   bw (  KiB/s): min=  960, max=12800, per=6.28%, avg=7287.32, stdev=1394.78, samples=300
   iops        : min=   60, max=  446, avg=228.34, stdev=44.50, samples=598
  lat (usec)   : 20=0.01%, 250=0.11%, 1000=0.01%
  lat (msec)   : 2=0.04%, 4=7.95%, 10=24.83%, 20=53.85%, 50=13.01%
  lat (msec)   : 100=0.18%, 2000=0.01%
  cpu          : usr=0.55%, sys=6.43%, ctx=68254, majf=0, minf=70
  IO depths    : 1=0.1%, 2=0.1%, 4=100.0%, 8=0.0%, 16=0.0%, 32=0.0%, >=64=0.0%
     submit    : 0=0.0%, 4=100.0%, 8=0.0%, 16=0.0%, 32=0.0%, 64=0.0%, >=64=0.0%
     complete  : 0=0.0%, 4=100.0%, 8=0.0%, 16=0.0%, 32=0.0%, 64=0.0%, >=64=0.0%
     issued rwts: total=68277,0,0,0 short=0,0,0,0 dropped=0,0,0,0
     latency   : target=0, window=0, percentile=100.00%, depth=4
random-readers: (groupid=0, jobs=1): err= 0: pid=128976: Fri Jul 16 12:47:35 2021
  read: IOPS=224, BW=7171KiB/s (7343kB/s)(2101MiB/300007msec)
    slat (usec): min=24, max=68914, avg=4407.36, stdev=3712.07
    clat (usec): min=14, max=1073.1k, avg=13393.01, stdev=11954.06
     lat (usec): min=131, max=1074.3k, avg=17803.32, stdev=12611.26
    clat percentiles (usec):
     |  1.00th=[ 2737],  5.00th=[ 3392], 10.00th=[ 5080], 20.00th=[ 7767],
     | 30.00th=[ 9765], 40.00th=[11207], 50.00th=[12780], 60.00th=[14484],
     | 70.00th=[16188], 80.00th=[18220], 90.00th=[21365], 95.00th=[23987],
     | 99.00th=[30278], 99.50th=[35914], 99.90th=[63701], 99.95th=[69731],
     | 99.99th=[85459]
   bw (  KiB/s): min= 2562, max=14400, per=6.19%, avg=7175.73, stdev=1254.48, samples=300
   iops        : min=   88, max=  524, avg=225.22, stdev=42.29, samples=597
  lat (usec)   : 20=0.01%, 250=0.12%, 1000=0.01%
  lat (msec)   : 2=0.15%, 4=7.01%, 10=24.31%, 20=54.66%, 50=13.52%
  lat (msec)   : 100=0.22%, 2000=0.01%
  cpu          : usr=0.61%, sys=6.33%, ctx=67121, majf=0, minf=71
  IO depths    : 1=0.1%, 2=0.1%, 4=100.0%, 8=0.0%, 16=0.0%, 32=0.0%, >=64=0.0%
     submit    : 0=0.0%, 4=100.0%, 8=0.0%, 16=0.0%, 32=0.0%, 64=0.0%, >=64=0.0%
     complete  : 0=0.0%, 4=100.0%, 8=0.0%, 16=0.0%, 32=0.0%, 64=0.0%, >=64=0.0%
     issued rwts: total=67232,0,0,0 short=0,0,0,0 dropped=0,0,0,0
     latency   : target=0, window=0, percentile=100.00%, depth=4
random-readers: (groupid=0, jobs=1): err= 0: pid=128977: Fri Jul 16 12:47:35 2021
  read: IOPS=226, BW=7237KiB/s (7410kB/s)(2120MiB/300001msec)
    slat (usec): min=23, max=78041, avg=4365.37, stdev=3699.36
    clat (usec): min=14, max=1219.2k, avg=13271.83, stdev=12500.01
     lat (usec): min=131, max=1226.7k, avg=17640.15, stdev=13135.88
    clat percentiles (usec):
     |  1.00th=[ 2769],  5.00th=[ 3261], 10.00th=[ 4883], 20.00th=[ 7570],
     | 30.00th=[ 9634], 40.00th=[11076], 50.00th=[12518], 60.00th=[14353],
     | 70.00th=[16188], 80.00th=[18220], 90.00th=[21103], 95.00th=[23987],
     | 99.00th=[30016], 99.50th=[35390], 99.90th=[58983], 99.95th=[68682],
     | 99.99th=[88605]
   bw (  KiB/s): min=  480, max=13101, per=6.27%, avg=7268.54, stdev=1319.14, samples=298
   iops        : min=   30, max=  428, avg=227.33, stdev=42.12, samples=596
  lat (usec)   : 20=0.01%, 250=0.08%, 1000=0.01%
  lat (msec)   : 2=0.05%, 4=7.63%, 10=24.83%, 20=53.99%, 50=13.19%
  lat (msec)   : 100=0.21%, 2000=0.01%
  cpu          : usr=0.57%, sys=6.40%, ctx=67845, majf=0, minf=70
  IO depths    : 1=0.1%, 2=0.1%, 4=100.0%, 8=0.0%, 16=0.0%, 32=0.0%, >=64=0.0%
     submit    : 0=0.0%, 4=100.0%, 8=0.0%, 16=0.0%, 32=0.0%, 64=0.0%, >=64=0.0%
     complete  : 0=0.0%, 4=100.0%, 8=0.0%, 16=0.0%, 32=0.0%, 64=0.0%, >=64=0.0%
     issued rwts: total=67845,0,0,0 short=0,0,0,0 dropped=0,0,0,0
     latency   : target=0, window=0, percentile=100.00%, depth=4
random-readers: (groupid=0, jobs=1): err= 0: pid=128978: Fri Jul 16 12:47:35 2021
  read: IOPS=226, BW=7239KiB/s (7413kB/s)(2121MiB/300005msec)
    slat (usec): min=22, max=78568, avg=4363.80, stdev=3583.75
    clat (usec): min=22, max=1161.6k, avg=13267.81, stdev=12342.63
     lat (usec): min=126, max=1161.7k, avg=17634.52, stdev=12949.35
    clat percentiles (usec):
     |  1.00th=[ 2769],  5.00th=[ 3294], 10.00th=[ 4948], 20.00th=[ 7635],
     | 30.00th=[ 9634], 40.00th=[11207], 50.00th=[12518], 60.00th=[14353],
     | 70.00th=[16188], 80.00th=[18220], 90.00th=[21103], 95.00th=[23987],
     | 99.00th=[29230], 99.50th=[32637], 99.90th=[53216], 99.95th=[62129],
     | 99.99th=[92799]
   bw (  KiB/s): min=  192, max=12620, per=6.24%, avg=7243.75, stdev=1390.05, samples=300
   iops        : min=   12, max=  464, avg=226.97, stdev=43.67, samples=598
  lat (usec)   : 50=0.01%, 250=0.07%, 1000=0.01%
  lat (msec)   : 2=0.06%, 4=7.45%, 10=24.88%, 20=53.97%, 50=13.45%
  lat (msec)   : 100=0.11%, 2000=0.01%
  cpu          : usr=0.65%, sys=6.34%, ctx=67865, majf=0, minf=70
  IO depths    : 1=0.1%, 2=0.1%, 4=100.0%, 8=0.0%, 16=0.0%, 32=0.0%, >=64=0.0%
     submit    : 0=0.0%, 4=100.0%, 8=0.0%, 16=0.0%, 32=0.0%, 64=0.0%, >=64=0.0%
     complete  : 0=0.0%, 4=100.0%, 8=0.0%, 16=0.0%, 32=0.0%, 64=0.0%, >=64=0.0%
     issued rwts: total=67869,0,0,0 short=0,0,0,0 dropped=0,0,0,0
     latency   : target=0, window=0, percentile=100.00%, depth=4
random-readers: (groupid=0, jobs=1): err= 0: pid=128979: Fri Jul 16 12:47:35 2021
  read: IOPS=227, BW=7279KiB/s (7454kB/s)(2133MiB/300009msec)
    slat (usec): min=23, max=69726, avg=4338.92, stdev=3632.20
    clat (usec): min=20, max=1164.9k, avg=13195.27, stdev=12431.56
     lat (usec): min=135, max=1165.0k, avg=17537.14, stdev=13027.32
    clat percentiles (usec):
     |  1.00th=[ 2769],  5.00th=[ 3228], 10.00th=[ 4817], 20.00th=[ 7504],
     | 30.00th=[ 9503], 40.00th=[11076], 50.00th=[12518], 60.00th=[14222],
     | 70.00th=[16188], 80.00th=[18220], 90.00th=[21103], 95.00th=[23987],
     | 99.00th=[30016], 99.50th=[34866], 99.90th=[56361], 99.95th=[61604],
     | 99.99th=[86508]
   bw (  KiB/s): min=  800, max=12524, per=6.28%, avg=7283.56, stdev=1385.51, samples=300
   iops        : min=    8, max=  428, avg=228.22, stdev=44.35, samples=598
  lat (usec)   : 50=0.01%, 250=0.05%, 1000=0.01%
  lat (msec)   : 2=0.04%, 4=7.96%, 10=25.09%, 20=53.67%, 50=13.01%
  lat (msec)   : 100=0.16%, 2000=0.01%
  cpu          : usr=0.59%, sys=6.57%, ctx=68258, majf=0, minf=71
  IO depths    : 1=0.1%, 2=0.1%, 4=100.0%, 8=0.0%, 16=0.0%, 32=0.0%, >=64=0.0%
     submit    : 0=0.0%, 4=100.0%, 8=0.0%, 16=0.0%, 32=0.0%, 64=0.0%, >=64=0.0%
     complete  : 0=0.0%, 4=100.0%, 8=0.0%, 16=0.0%, 32=0.0%, 64=0.0%, >=64=0.0%
     issued rwts: total=68242,0,0,0 short=0,0,0,0 dropped=0,0,0,0
     latency   : target=0, window=0, percentile=100.00%, depth=4
random-readers: (groupid=0, jobs=1): err= 0: pid=128980: Fri Jul 16 12:47:35 2021
  read: IOPS=227, BW=7288KiB/s (7463kB/s)(2135MiB/300001msec)
    slat (usec): min=25, max=64739, avg=4333.72, stdev=3637.50
    clat (usec): min=13, max=1156.5k, avg=13179.23, stdev=12511.57
     lat (usec): min=152, max=1158.2k, avg=17515.82, stdev=13118.14
    clat percentiles (usec):
     |  1.00th=[ 2737],  5.00th=[ 3228], 10.00th=[ 4883], 20.00th=[ 7570],
     | 30.00th=[ 9503], 40.00th=[11076], 50.00th=[12387], 60.00th=[14222],
     | 70.00th=[16057], 80.00th=[18220], 90.00th=[21103], 95.00th=[23725],
     | 99.00th=[29754], 99.50th=[34866], 99.90th=[58459], 99.95th=[64750],
     | 99.99th=[79168]
   bw (  KiB/s): min=   64, max=14446, per=6.31%, avg=7319.53, stdev=1407.57, samples=298
   iops        : min=    4, max=  456, avg=228.97, stdev=44.80, samples=596
  lat (usec)   : 20=0.01%, 250=0.02%, 1000=0.01%
  lat (msec)   : 2=0.06%, 4=7.72%, 10=25.22%, 20=53.86%, 50=12.92%
  lat (msec)   : 100=0.19%, 2000=0.01%
  cpu          : usr=0.59%, sys=6.46%, ctx=68367, majf=0, minf=70
  IO depths    : 1=0.1%, 2=0.1%, 4=100.0%, 8=0.0%, 16=0.0%, 32=0.0%, >=64=0.0%
     submit    : 0=0.0%, 4=100.0%, 8=0.0%, 16=0.0%, 32=0.0%, 64=0.0%, >=64=0.0%
     complete  : 0=0.0%, 4=100.0%, 8=0.0%, 16=0.0%, 32=0.0%, 64=0.0%, >=64=0.0%
     issued rwts: total=68327,0,0,0 short=0,0,0,0 dropped=0,0,0,0
     latency   : target=0, window=0, percentile=100.00%, depth=4
random-readers: (groupid=0, jobs=1): err= 0: pid=128981: Fri Jul 16 12:47:35 2021
  read: IOPS=226, BW=7257KiB/s (7431kB/s)(2126MiB/300005msec)
    slat (usec): min=24, max=64867, avg=4350.30, stdev=3698.02
    clat (usec): min=18, max=1290.3k, avg=13235.30, stdev=13215.54
     lat (usec): min=131, max=1294.4k, avg=17588.54, stdev=13805.29
    clat percentiles (usec):
     |  1.00th=[ 2769],  5.00th=[ 3261], 10.00th=[ 4883], 20.00th=[ 7504],
     | 30.00th=[ 9503], 40.00th=[11076], 50.00th=[12518], 60.00th=[14222],
     | 70.00th=[16057], 80.00th=[18220], 90.00th=[21103], 95.00th=[23987],
     | 99.00th=[30278], 99.50th=[35390], 99.90th=[61080], 99.95th=[66847],
     | 99.99th=[83362]
   bw (  KiB/s): min= 2178, max=13165, per=6.28%, avg=7285.77, stdev=1334.04, samples=299
   iops        : min=  126, max=  450, avg=228.29, stdev=43.91, samples=596
  lat (usec)   : 20=0.01%, 250=0.09%, 1000=0.01%
  lat (msec)   : 2=0.08%, 4=7.60%, 10=25.31%, 20=53.68%, 50=12.99%
  lat (msec)   : 100=0.22%, 2000=0.01%
  cpu          : usr=0.62%, sys=6.44%, ctx=67986, majf=0, minf=71
  IO depths    : 1=0.1%, 2=0.1%, 4=100.0%, 8=0.0%, 16=0.0%, 32=0.0%, >=64=0.0%
     submit    : 0=0.0%, 4=100.0%, 8=0.0%, 16=0.0%, 32=0.0%, 64=0.0%, >=64=0.0%
     complete  : 0=0.0%, 4=100.0%, 8=0.0%, 16=0.0%, 32=0.0%, 64=0.0%, >=64=0.0%
     issued rwts: total=68035,0,0,0 short=0,0,0,0 dropped=0,0,0,0
     latency   : target=0, window=0, percentile=100.00%, depth=4
random-readers: (groupid=0, jobs=1): err= 0: pid=128982: Fri Jul 16 12:47:35 2021
  read: IOPS=227, BW=7281KiB/s (7456kB/s)(2133MiB/300003msec)
    slat (usec): min=24, max=63375, avg=4337.80, stdev=3549.03
    clat (usec): min=24, max=1211.4k, avg=13192.47, stdev=12729.37
     lat (usec): min=134, max=1211.4k, avg=17533.24, stdev=13317.57
    clat percentiles (usec):
     |  1.00th=[ 2769],  5.00th=[ 3261], 10.00th=[ 4752], 20.00th=[ 7504],
     | 30.00th=[ 9503], 40.00th=[11076], 50.00th=[12518], 60.00th=[14353],
     | 70.00th=[16188], 80.00th=[18220], 90.00th=[21103], 95.00th=[23725],
     | 99.00th=[29230], 99.50th=[32637], 99.90th=[52167], 99.95th=[60031],
     | 99.99th=[74974]
   bw (  KiB/s): min= 1153, max=11616, per=6.28%, avg=7285.23, stdev=1379.78, samples=300
   iops        : min=   72, max=  400, avg=228.27, stdev=43.98, samples=598
  lat (usec)   : 50=0.01%, 250=0.03%, 500=0.01%, 1000=0.01%
  lat (msec)   : 2=0.02%, 4=7.96%, 10=24.93%, 20=53.49%, 50=13.42%
  lat (msec)   : 100=0.12%, 2000=0.01%
  cpu          : usr=0.60%, sys=6.45%, ctx=68292, majf=0, minf=70
  IO depths    : 1=0.1%, 2=0.1%, 4=100.0%, 8=0.0%, 16=0.0%, 32=0.0%, >=64=0.0%
     submit    : 0=0.0%, 4=100.0%, 8=0.0%, 16=0.0%, 32=0.0%, 64=0.0%, >=64=0.0%
     complete  : 0=0.0%, 4=100.0%, 8=0.0%, 16=0.0%, 32=0.0%, 64=0.0%, >=64=0.0%
     issued rwts: total=68258,0,0,0 short=0,0,0,0 dropped=0,0,0,0
     latency   : target=0, window=0, percentile=100.00%, depth=4
random-readers: (groupid=0, jobs=1): err= 0: pid=128983: Fri Jul 16 12:47:35 2021
  read: IOPS=223, BW=7157KiB/s (7329kB/s)(2097MiB/300009msec)
    slat (usec): min=22, max=67330, avg=4415.57, stdev=3686.78
    clat (usec): min=22, max=1086.8k, avg=13420.58, stdev=11906.79
     lat (usec): min=122, max=1088.0k, avg=17839.17, stdev=12561.65
    clat percentiles (usec):
     |  1.00th=[ 2769],  5.00th=[ 3359], 10.00th=[ 5014], 20.00th=[ 7767],
     | 30.00th=[ 9634], 40.00th=[11207], 50.00th=[12649], 60.00th=[14484],
     | 70.00th=[16319], 80.00th=[18482], 90.00th=[21365], 95.00th=[24249],
     | 99.00th=[30802], 99.50th=[36439], 99.90th=[60031], 99.95th=[66323],
     | 99.99th=[79168]
   bw (  KiB/s): min=   96, max=13312, per=6.17%, avg=7161.55, stdev=1356.75, samples=300
   iops        : min=    6, max=  456, avg=224.40, stdev=42.48, samples=598
  lat (usec)   : 50=0.01%, 100=0.01%, 250=0.01%, 1000=0.01%
  lat (msec)   : 2=0.07%, 4=7.45%, 10=24.43%, 20=53.91%, 50=13.91%
  lat (msec)   : 100=0.20%, 2000=0.01%
  cpu          : usr=0.63%, sys=6.49%, ctx=67116, majf=0, minf=70
  IO depths    : 1=0.1%, 2=0.1%, 4=100.0%, 8=0.0%, 16=0.0%, 32=0.0%, >=64=0.0%
     submit    : 0=0.0%, 4=100.0%, 8=0.0%, 16=0.0%, 32=0.0%, 64=0.0%, >=64=0.0%
     complete  : 0=0.0%, 4=100.0%, 8=0.0%, 16=0.0%, 32=0.0%, 64=0.0%, >=64=0.0%
     issued rwts: total=67099,0,0,0 short=0,0,0,0 dropped=0,0,0,0
     latency   : target=0, window=0, percentile=100.00%, depth=4
random-readers: (groupid=0, jobs=1): err= 0: pid=128984: Fri Jul 16 12:47:35 2021
  read: IOPS=226, BW=7258KiB/s (7432kB/s)(2126MiB/300008msec)
    slat (usec): min=24, max=66467, avg=4352.68, stdev=3669.70
    clat (usec): min=16, max=1147.1k, avg=13233.80, stdev=12350.52
     lat (usec): min=135, max=1148.0k, avg=17589.41, stdev=12982.72
    clat percentiles (usec):
     |  1.00th=[ 2737],  5.00th=[ 3261], 10.00th=[ 4752], 20.00th=[ 7504],
     | 30.00th=[ 9503], 40.00th=[11076], 50.00th=[12518], 60.00th=[14222],
     | 70.00th=[16188], 80.00th=[18220], 90.00th=[21365], 95.00th=[23987],
     | 99.00th=[30278], 99.50th=[34866], 99.90th=[58459], 99.95th=[65799],
     | 99.99th=[85459]
   bw (  KiB/s): min=   96, max=13741, per=6.26%, avg=7262.39, stdev=1482.98, samples=300
   iops        : min=    6, max=  464, avg=227.56, stdev=46.88, samples=598
  lat (usec)   : 20=0.01%, 250=0.02%
  lat (msec)   : 2=0.02%, 4=8.02%, 10=24.80%, 20=53.60%, 50=13.34%
  lat (msec)   : 100=0.20%, 2000=0.01%
  cpu          : usr=0.56%, sys=6.50%, ctx=68116, majf=0, minf=71
  IO depths    : 1=0.1%, 2=0.1%, 4=100.0%, 8=0.0%, 16=0.0%, 32=0.0%, >=64=0.0%
     submit    : 0=0.0%, 4=100.0%, 8=0.0%, 16=0.0%, 32=0.0%, 64=0.0%, >=64=0.0%
     complete  : 0=0.0%, 4=100.0%, 8=0.0%, 16=0.0%, 32=0.0%, 64=0.0%, >=64=0.0%
     issued rwts: total=68044,0,0,0 short=0,0,0,0 dropped=0,0,0,0
     latency   : target=0, window=0, percentile=100.00%, depth=4
random-readers: (groupid=0, jobs=1): err= 0: pid=128985: Fri Jul 16 12:47:35 2021
  read: IOPS=227, BW=7293KiB/s (7468kB/s)(2137MiB/300003msec)
    slat (usec): min=22, max=70295, avg=4335.39, stdev=3667.12
    clat (usec): min=22, max=1094.5k, avg=13169.81, stdev=11859.33
     lat (usec): min=141, max=1094.6k, avg=17507.86, stdev=12519.32
    clat percentiles (usec):
     |  1.00th=[ 2704],  5.00th=[ 3228], 10.00th=[ 4752], 20.00th=[ 7504],
     | 30.00th=[ 9503], 40.00th=[11076], 50.00th=[12518], 60.00th=[14222],
     | 70.00th=[16057], 80.00th=[18220], 90.00th=[21103], 95.00th=[23725],
     | 99.00th=[30016], 99.50th=[35390], 99.90th=[61080], 99.95th=[67634],
     | 99.99th=[84411]
   bw (  KiB/s): min= 1088, max=12140, per=6.29%, avg=7297.48, stdev=1355.97, samples=300
   iops        : min=   68, max=  440, avg=229.04, stdev=43.49, samples=597
  lat (usec)   : 50=0.01%, 250=0.04%
  lat (msec)   : 2=0.05%, 4=7.88%, 10=25.13%, 20=53.84%, 50=12.84%
  lat (msec)   : 100=0.20%, 2000=0.01%
  cpu          : usr=0.59%, sys=6.13%, ctx=68374, majf=0, minf=71
  IO depths    : 1=0.1%, 2=0.1%, 4=100.0%, 8=0.0%, 16=0.0%, 32=0.0%, >=64=0.0%
     submit    : 0=0.0%, 4=100.0%, 8=0.0%, 16=0.0%, 32=0.0%, 64=0.0%, >=64=0.0%
     complete  : 0=0.0%, 4=100.0%, 8=0.0%, 16=0.0%, 32=0.0%, 64=0.0%, >=64=0.0%
     issued rwts: total=68372,0,0,0 short=0,0,0,0 dropped=0,0,0,0
     latency   : target=0, window=0, percentile=100.00%, depth=4
random-readers: (groupid=0, jobs=1): err= 0: pid=128986: Fri Jul 16 12:47:35 2021
  read: IOPS=228, BW=7304KiB/s (7480kB/s)(2140MiB/300004msec)
    slat (usec): min=22, max=72187, avg=4327.75, stdev=3630.21
    clat (usec): min=14, max=1149.0k, avg=13149.24, stdev=11967.70
     lat (usec): min=129, max=1150.4k, avg=17479.67, stdev=12592.34
    clat percentiles (usec):
     |  1.00th=[ 2737],  5.00th=[ 3228], 10.00th=[ 4817], 20.00th=[ 7504],
     | 30.00th=[ 9503], 40.00th=[11076], 50.00th=[12518], 60.00th=[14222],
     | 70.00th=[16057], 80.00th=[18220], 90.00th=[21103], 95.00th=[23725],
     | 99.00th=[29492], 99.50th=[33817], 99.90th=[60031], 99.95th=[65799],
     | 99.99th=[91751]
   bw (  KiB/s): min= 1344, max=12300, per=6.30%, avg=7308.77, stdev=1403.34, samples=300
   iops        : min=   58, max=  418, avg=229.01, stdev=45.24, samples=598
  lat (usec)   : 20=0.01%, 250=0.07%, 500=0.01%
  lat (msec)   : 2=0.02%, 4=7.88%, 10=25.00%, 20=53.85%, 50=12.99%
  lat (msec)   : 100=0.17%, 2000=0.01%
  cpu          : usr=0.54%, sys=6.20%, ctx=68470, majf=0, minf=70
  IO depths    : 1=0.1%, 2=0.1%, 4=100.0%, 8=0.0%, 16=0.0%, 32=0.0%, >=64=0.0%
     submit    : 0=0.0%, 4=100.0%, 8=0.0%, 16=0.0%, 32=0.0%, 64=0.0%, >=64=0.0%
     complete  : 0=0.0%, 4=100.0%, 8=0.0%, 16=0.0%, 32=0.0%, 64=0.0%, >=64=0.0%
     issued rwts: total=68478,0,0,0 short=0,0,0,0 dropped=0,0,0,0
     latency   : target=0, window=0, percentile=100.00%, depth=4
random-readers: (groupid=0, jobs=1): err= 0: pid=128987: Fri Jul 16 12:47:35 2021
  read: IOPS=226, BW=7233KiB/s (7407kB/s)(2119MiB/300003msec)
    slat (usec): min=23, max=108008, avg=4370.92, stdev=3766.71
    clat (usec): min=12, max=1163.5k, avg=13278.39, stdev=12219.54
     lat (usec): min=129, max=1166.9k, avg=17651.88, stdev=12895.27
    clat percentiles (msec):
     |  1.00th=[    3],  5.00th=[    4], 10.00th=[    5], 20.00th=[    8],
     | 30.00th=[   10], 40.00th=[   12], 50.00th=[   13], 60.00th=[   15],
     | 70.00th=[   17], 80.00th=[   19], 90.00th=[   22], 95.00th=[   24],
     | 99.00th=[   31], 99.50th=[   36], 99.90th=[   65], 99.95th=[   69],
     | 99.99th=[  122]
   bw (  KiB/s): min= 2144, max=13133, per=6.24%, avg=7237.79, stdev=1411.40, samples=300
   iops        : min=   78, max=  446, avg=226.79, stdev=45.29, samples=598
  lat (usec)   : 20=0.01%, 250=0.04%, 1000=0.01%
  lat (msec)   : 2=0.11%, 4=7.76%, 10=24.86%, 20=53.58%, 50=13.37%
  lat (msec)   : 100=0.25%, 250=0.01%, 2000=0.01%
  cpu          : usr=0.55%, sys=6.00%, ctx=67770, majf=0, minf=71
  IO depths    : 1=0.1%, 2=0.1%, 4=100.0%, 8=0.0%, 16=0.0%, 32=0.0%, >=64=0.0%
     submit    : 0=0.0%, 4=100.0%, 8=0.0%, 16=0.0%, 32=0.0%, 64=0.0%, >=64=0.0%
     complete  : 0=0.0%, 4=100.0%, 8=0.0%, 16=0.0%, 32=0.0%, 64=0.0%, >=64=0.0%
     issued rwts: total=67813,0,0,0 short=0,0,0,0 dropped=0,0,0,0
     latency   : target=0, window=0, percentile=100.00%, depth=4

Run status group 0 (all jobs):
   READ: bw=113MiB/s (119MB/s), 7157KiB/s-7304KiB/s (7329kB/s-7480kB/s), io=33.2GiB (35.6GB), run=300001-300009msec


Batch Job Summary Report (version 21.01.1) for Job "fioRandRead" (1470907) on tave

Job information (1/2)
-----------------------------------------------------------------------------------------------------
             Submit            Eligible               Start                 End    Elapsed Time limit
------------------- ------------------- ------------------- ------------------- ---------- ----------
2021-07-16T12:42:31 2021-07-16T12:42:31 2021-07-16T12:42:31 2021-07-16T12:48:11   00:05:40   00:15:00
-----------------------------------------------------------------------------------------------------

Job information (2/2)
-------------------------------------------------------------
    Username      Account    Partition   NNodes        Energy
------------ ------------ ------------ -------- -------------
    afilipci         g138       normal        4    180.602 kJ

