random-readers: (g=0): rw=randread, bs=(R) 32.0KiB-32.0KiB, (W) 32.0KiB-32.0KiB, (T) 32.0KiB-32.0KiB, ioengine=libaio, iodepth=4
...
fio-3.27-32-g77c7-dirty
Starting 32 processes
random-readers: (g=0): rw=randread, bs=(R) 32.0KiB-32.0KiB, (W) 32.0KiB-32.0KiB, (T) 32.0KiB-32.0KiB, ioengine=libaio, iodepth=4
...
fio-3.27-32-g77c7-dirty
Starting 32 processes
random-readers: (g=0): rw=randread, bs=(R) 32.0KiB-32.0KiB, (W) 32.0KiB-32.0KiB, (T) 32.0KiB-32.0KiB, ioengine=libaio, iodepth=4
...
fio-3.27-32-g77c7-dirty
Starting 32 processes
random-readers: Laying out IO file (1 file / 1024MiB)
random-readers: (g=0): rw=randread, bs=(R) 32.0KiB-32.0KiB, (W) 32.0KiB-32.0KiB, (T) 32.0KiB-32.0KiB, ioengine=libaio, iodepth=4
...
fio-3.27-32-g77c7-dirty
Starting 32 processes
random-readers: Laying out IO file (1 file / 1024MiB)
random-readers: Laying out IO file (1 file / 1024MiB)
random-readers: Laying out IO file (1 file / 1024MiB)
random-readers: Laying out IO file (1 file / 1024MiB)
random-readers: Laying out IO file (1 file / 1024MiB)
random-readers: Laying out IO file (1 file / 1024MiB)
random-readers: Laying out IO file (1 file / 1024MiB)
random-readers: Laying out IO file (1 file / 1024MiB)
random-readers: Laying out IO file (1 file / 1024MiB)
random-readers: Laying out IO file (1 file / 1024MiB)
random-readers: Laying out IO file (1 file / 1024MiB)
random-readers: Laying out IO file (1 file / 1024MiB)
random-readers: Laying out IO file (1 file / 1024MiB)
random-readers: Laying out IO file (1 file / 1024MiB)
random-readers: Laying out IO file (1 file / 1024MiB)
random-readers: Laying out IO file (1 file / 1024MiB)
random-readers: Laying out IO file (1 file / 1024MiB)
random-readers: Laying out IO file (1 file / 1024MiB)
random-readers: Laying out IO file (1 file / 1024MiB)
random-readers: Laying out IO file (1 file / 1024MiB)
random-readers: Laying out IO file (1 file / 1024MiB)
random-readers: Laying out IO file (1 file / 1024MiB)
random-readers: Laying out IO file (1 file / 1024MiB)
random-readers: Laying out IO file (1 file / 1024MiB)
random-readers: Laying out IO file (1 file / 1024MiB)
random-readers: Laying out IO file (1 file / 1024MiB)
random-readers: Laying out IO file (1 file / 1024MiB)
random-readers: Laying out IO file (1 file / 1024MiB)
random-readers: Laying out IO file (1 file / 1024MiB)
random-readers: Laying out IO file (1 file / 1024MiB)
random-readers: Laying out IO file (1 file / 1024MiB)

random-readers: (groupid=0, jobs=1): err= 0: pid=169278: Fri Jul 16 12:55:49 2021
  read: IOPS=178, BW=5725KiB/s (5862kB/s)(1677MiB/300007msec)
    slat (usec): min=24, max=76866, avg=5540.91, stdev=4175.75
    clat (usec): min=16, max=1354.7k, avg=16776.19, stdev=12439.63
     lat (usec): min=134, max=1354.8k, avg=22319.98, stdev=13193.79
    clat percentiles (msec):
     |  1.00th=[    4],  5.00th=[    7], 10.00th=[    9], 20.00th=[   11],
     | 30.00th=[   13], 40.00th=[   15], 50.00th=[   17], 60.00th=[   18],
     | 70.00th=[   20], 80.00th=[   22], 90.00th=[   26], 95.00th=[   29],
     | 99.00th=[   41], 99.50th=[   51], 99.90th=[   70], 99.95th=[   77],
     | 99.99th=[  112]
   bw (  KiB/s): min=  864, max= 8808, per=3.15%, avg=5728.28, stdev=744.11, samples=300
   iops        : min=   98, max=  308, avg=179.61, stdev=24.11, samples=597
  lat (usec)   : 20=0.01%, 250=0.03%
  lat (msec)   : 2=0.01%, 4=1.56%, 10=14.13%, 20=57.07%, 50=26.71%
  lat (msec)   : 100=0.49%, 250=0.01%, 2000=0.01%
  cpu          : usr=0.49%, sys=5.00%, ctx=53727, majf=0, minf=71
  IO depths    : 1=0.1%, 2=0.1%, 4=100.0%, 8=0.0%, 16=0.0%, 32=0.0%, >=64=0.0%
     submit    : 0=0.0%, 4=100.0%, 8=0.0%, 16=0.0%, 32=0.0%, 64=0.0%, >=64=0.0%
     complete  : 0=0.0%, 4=100.0%, 8=0.0%, 16=0.0%, 32=0.0%, 64=0.0%, >=64=0.0%
     issued rwts: total=53671,0,0,0 short=0,0,0,0 dropped=0,0,0,0
     latency   : target=0, window=0, percentile=100.00%, depth=4
random-readers: (groupid=0, jobs=1): err= 0: pid=169279: Fri Jul 16 12:55:49 2021
  read: IOPS=177, BW=5671KiB/s (5807kB/s)(1661MiB/300009msec)
    slat (usec): min=24, max=68635, avg=5576.08, stdev=4184.00
    clat (usec): min=16, max=2334.3k, avg=16936.09, stdev=18847.27
     lat (usec): min=136, max=2340.4k, avg=22515.11, stdev=19348.60
    clat percentiles (usec):
     |  1.00th=[ 3392],  5.00th=[ 6390], 10.00th=[ 8455], 20.00th=[11076],
     | 30.00th=[12780], 40.00th=[14484], 50.00th=[16188], 60.00th=[17957],

random-readers: (groupid=0, jobs=1): err= 0: pid=131450: Fri Jul 16 12:55:49 2021
  read: IOPS=177, BW=5688KiB/s (5825kB/s)(1666MiB/300002msec)
    slat (usec): min=25, max=73529, avg=5560.75, stdev=4095.69
    clat (usec): min=32, max=2177.3k, avg=16884.65, stdev=17714.89
     lat (usec): min=137, max=2177.4k, avg=22448.41, stdev=18207.63
    clat percentiles (usec):
     |  1.00th=[ 3425],  5.00th=[ 6521], 10.00th=[ 8586], 20.00th=[10945],
     | 30.00th=[12911], 40.00th=[14615], 50.00th=[16188], 60.00th=[17957],
     | 70.00th=[19530], 80.00th=[21627], 90.00th=[25035], 95.00th=[28181],
     | 99.00th=[38011], 99.50th=[46400], 99.90th=[68682], 99.95th=[73925],
     | 99.99th=[86508]
   bw (  KiB/s): min= 1569, max= 8992, per=3.13%, avg=5710.92, stdev=710.95, samples=299
   iops        : min=   64, max=  306, avg=178.63, stdev=23.19, samples=597
  lat (usec)   : 50=0.01%, 250=0.03%
  lat (msec)   : 2=0.01%, 4=1.62%, 10=13.61%, 20=56.72%, 50=27.62%
  lat (msec)   : 100=0.39%, >=2000=0.01%
     | 70.00th=[19530], 80.00th=[21890], 90.00th=[25297], 95.00th=[28705],
     | 99.00th=[39060], 99.50th=[49021], 99.90th=[72877], 99.95th=[76022],
     | 99.99th=[88605]
   bw (  KiB/s): min= 1953, max=11083, per=3.13%, avg=5692.97, stdev=783.21, samples=299
   iops        : min=   10, max=  366, avg=178.22, stdev=27.04, samples=596
  lat (usec)   : 20=0.01%, 250=0.07%, 1000=0.01%
  lat (msec)   : 2=0.07%, 4=1.52%, 10=13.75%, 20=56.42%, 50=27.68%
  lat (msec)   : 100=0.47%, 250=0.01%, >=2000=0.01%
  cpu          : usr=0.48%, sys=5.29%, ctx=53149, majf=0, minf=71
  IO depths    : 1=0.1%, 2=0.1%, 4=100.0%, 8=0.0%, 16=0.0%, 32=0.0%, >=64=0.0%
     submit    : 0=0.0%, 4=100.0%, 8=0.0%, 16=0.0%, 32=0.0%, 64=0.0%, >=64=0.0%
     complete  : 0=0.0%, 4=100.0%, 8=0.0%, 16=0.0%, 32=0.0%, 64=0.0%, >=64=0.0%
     issued rwts: total=53163,0,0,0 short=0,0,0,0 dropped=0,0,0,0
     latency   : target=0, window=0, percentile=100.00%, depth=4
  cpu          : usr=0.52%, sys=5.31%, ctx=53392, majf=0, minf=70
  IO depths    : 1=0.1%, 2=0.1%, 4=100.0%, 8=0.0%, 16=0.0%, 32=0.0%, >=64=0.0%
     submit    : 0=0.0%, 4=100.0%, 8=0.0%, 16=0.0%, 32=0.0%, 64=0.0%, >=64=0.0%
     complete  : 0=0.0%, 4=100.0%, 8=0.0%, 16=0.0%, 32=0.0%, 64=0.0%, >=64=0.0%
     issued rwts: total=53326,0,0,0 short=0,0,0,0 dropped=0,0,0,0
     latency   : target=0, window=0, percentile=100.00%, depth=4
random-readers: (groupid=0, jobs=1): err= 0: pid=131451: Fri Jul 16 12:55:49 2021
  read: IOPS=179, BW=5748KiB/s (5886kB/s)(1684MiB/300005msec)
    slat (usec): min=22, max=70341, avg=5522.92, stdev=4164.85
    clat (usec): min=17, max=1102.1k, avg=16707.67, stdev=10955.83
     lat (usec): min=126, max=1103.7k, avg=22233.46, stdev=11809.27
    clat percentiles (usec):
     |  1.00th=[ 3294],  5.00th=[ 6390], 10.00th=[ 8356], 20.00th=[10945],
     | 30.00th=[12780], 40.00th=[14484], 50.00th=[16057], 60.00th=[17695],
random-readers: (groupid=0, jobs=1): err= 0: pid=169280: Fri Jul 16 12:55:49 2021
  read: IOPS=177, BW=5671KiB/s (5807kB/s)(1662MiB/300001msec)
    slat (usec): min=25, max=74311, avg=5577.49, stdev=4094.08
    clat (usec): min=13, max=2235.9k, avg=16934.18, stdev=18147.93
     lat (usec): min=145, max=2237.1k, avg=22514.39, stdev=18633.85
    clat percentiles (usec):
     |  1.00th=[ 3621],  5.00th=[ 6652], 10.00th=[ 8586], 20.00th=[11076],
     | 30.00th=[12911], 40.00th=[14615], 50.00th=[16188], 60.00th=[17957],
     | 70.00th=[19792], 80.00th=[21890], 90.00th=[25035], 95.00th=[28181],
     | 99.00th=[38536], 99.50th=[46924], 99.90th=[69731], 99.95th=[76022],
     | 99.99th=[90702]
   bw (  KiB/s): min= 2018, max= 8960, per=3.13%, avg=5693.53, stdev=662.51, samples=298
   iops        : min=   14, max=  318, avg=178.20, stdev=23.12, samples=596
  lat (usec)   : 20=0.01%, 250=0.02%, 1000=0.01%
  lat (msec)   : 2=0.02%, 4=1.28%, 10=13.57%, 20=56.91%, 50=27.78%
  lat (msec)   : 100=0.40%, >=2000=0.01%
     | 70.00th=[19530], 80.00th=[21627], 90.00th=[25035], 95.00th=[28181],
     | 99.00th=[39060], 99.50th=[49546], 99.90th=[71828], 99.95th=[76022],
     | 99.99th=[90702]
   bw (  KiB/s): min= 2370, max=10506, per=3.15%, avg=5752.31, stdev=767.66, samples=300
   iops        : min=  126, max=  348, avg=180.23, stdev=25.51, samples=598
  lat (usec)   : 20=0.01%, 250=0.07%
  lat (msec)   : 2=0.07%, 4=1.70%, 10=14.05%, 20=56.82%, 50=26.80%
  lat (msec)   : 100=0.49%, 250=0.01%, 2000=0.01%
  cpu          : usr=0.51%, sys=4.88%, ctx=53848, majf=0, minf=71
  IO depths    : 1=0.1%, 2=0.1%, 4=100.0%, 8=0.0%, 16=0.0%, 32=0.0%, >=64=0.0%
     submit    : 0=0.0%, 4=100.0%, 8=0.0%, 16=0.0%, 32=0.0%, 64=0.0%, >=64=0.0%
     complete  : 0=0.0%, 4=100.0%, 8=0.0%, 16=0.0%, 32=0.0%, 64=0.0%, >=64=0.0%
     issued rwts: total=53892,0,0,0 short=0,0,0,0 dropped=0,0,0,0
     latency   : target=0, window=0, percentile=100.00%, depth=4
random-readers: (groupid=0, jobs=1): err= 0: pid=131452: Fri Jul 16 12:55:49 2021
  cpu          : usr=0.46%, sys=5.23%, ctx=53217, majf=0, minf=71
  IO depths    : 1=0.1%, 2=0.1%, 4=100.0%, 8=0.0%, 16=0.0%, 32=0.0%, >=64=0.0%
  read: IOPS=177, BW=5670KiB/s (5806kB/s)(1661MiB/300001msec)
    slat (usec): min=24, max=70179, avg=5596.43, stdev=4120.70
    clat (usec): min=22, max=1280.8k, avg=16937.54, stdev=11919.64
     lat (usec): min=137, max=1281.9k, avg=22536.75, stdev=12672.09
    clat percentiles (usec):
     |  1.00th=[ 3589],  5.00th=[ 6718], 10.00th=[ 8717], 20.00th=[11207],
     | 30.00th=[13042], 40.00th=[14746], 50.00th=[16319], 60.00th=[17957],
     | 70.00th=[19530], 80.00th=[21890], 90.00th=[25035], 95.00th=[28181],
     | 99.00th=[39060], 99.50th=[49546], 99.90th=[69731], 99.95th=[73925],
     | 99.99th=[82314]
   bw (  KiB/s): min= 2370, max=10346, per=3.11%, avg=5673.70, stdev=722.29, samples=299
   iops        : min=  114, max=  364, avg=177.78, stdev=23.17, samples=597
  lat (usec)   : 50=0.01%, 250=0.02%, 1000=0.01%
  lat (msec)   : 2=0.02%, 4=1.32%, 10=13.40%, 20=57.08%, 50=27.67%
  lat (msec)   : 100=0.48%, 2000=0.01%
  cpu          : usr=0.46%, sys=4.89%, ctx=53194, majf=0, minf=70
     submit    : 0=0.0%, 4=100.0%, 8=0.0%, 16=0.0%, 32=0.0%, 64=0.0%, >=64=0.0%
     complete  : 0=0.0%, 4=100.0%, 8=0.0%, 16=0.0%, 32=0.0%, 64=0.0%, >=64=0.0%
     issued rwts: total=53168,0,0,0 short=0,0,0,0 dropped=0,0,0,0
     latency   : target=0, window=0, percentile=100.00%, depth=4
random-readers: (groupid=0, jobs=1): err= 0: pid=169281: Fri Jul 16 12:55:49 2021
  read: IOPS=177, BW=5685KiB/s (5821kB/s)(1665MiB/300001msec)
    slat (usec): min=23, max=82870, avg=5568.62, stdev=4154.47
    clat (usec): min=12, max=1973.6k, avg=16893.48, stdev=16373.56
     lat (usec): min=133, max=1973.6k, avg=22464.99, stdev=16928.69
    clat percentiles (msec):
     |  1.00th=[    4],  5.00th=[    7], 10.00th=[    9], 20.00th=[   12],
     | 30.00th=[   13], 40.00th=[   15], 50.00th=[   17], 60.00th=[   18],
     | 70.00th=[   20], 80.00th=[   22], 90.00th=[   25], 95.00th=[   28],
     | 99.00th=[   40], 99.50th=[   52], 99.90th=[   70], 99.95th=[   81],
     | 99.99th=[  108]
  IO depths    : 1=0.1%, 2=0.1%, 4=100.0%, 8=0.0%, 16=0.0%, 32=0.0%, >=64=0.0%
   bw (  KiB/s): min=   64, max=10794, per=3.13%, avg=5687.99, stdev=801.05, samples=299
   iops        : min=   52, max=  328, avg=178.61, stdev=23.98, samples=596
  lat (usec)   : 20=0.01%, 250=0.08%, 1000=0.01%
  lat (msec)   : 2=0.02%, 4=1.34%, 10=13.63%, 20=57.07%, 50=27.31%
  lat (msec)   : 100=0.53%, 250=0.01%, 2000=0.01%
  cpu          : usr=0.48%, sys=5.18%, ctx=53297, majf=0, minf=71
  IO depths    : 1=0.1%, 2=0.1%, 4=100.0%, 8=0.0%, 16=0.0%, 32=0.0%, >=64=0.0%
     submit    : 0=0.0%, 4=100.0%, 8=0.0%, 16=0.0%, 32=0.0%, 64=0.0%, >=64=0.0%
     complete  : 0=0.0%, 4=100.0%, 8=0.0%, 16=0.0%, 32=0.0%, 64=0.0%, >=64=0.0%
     issued rwts: total=53295,0,0,0 short=0,0,0,0 dropped=0,0,0,0
     latency   : target=0, window=0, percentile=100.00%, depth=4
random-readers: (groupid=0, jobs=1): err= 0: pid=169282: Fri Jul 16 12:55:49 2021
  read: IOPS=176, BW=5656KiB/s (5792kB/s)(1657MiB/300008msec)
    slat (usec): min=23, max=89085, avg=5594.70, stdev=4181.18
     submit    : 0=0.0%, 4=100.0%, 8=0.0%, 16=0.0%, 32=0.0%, 64=0.0%, >=64=0.0%
     complete  : 0=0.0%, 4=100.0%, 8=0.0%, 16=0.0%, 32=0.0%, 64=0.0%, >=64=0.0%
     issued rwts: total=53157,0,0,0 short=0,0,0,0 dropped=0,0,0,0
     latency   : target=0, window=0, percentile=100.00%, depth=4
random-readers: (groupid=0, jobs=1): err= 0: pid=131453: Fri Jul 16 12:55:49 2021
  read: IOPS=177, BW=5687KiB/s (5823kB/s)(1666MiB/300003msec)
    slat (usec): min=24, max=72575, avg=5565.72, stdev=4184.10
    clat (usec): min=23, max=2034.3k, avg=16886.62, stdev=16822.23
     lat (usec): min=137, max=2034.3k, avg=22455.10, stdev=17359.51
    clat percentiles (usec):
     |  1.00th=[ 3425],  5.00th=[ 6521], 10.00th=[ 8586], 20.00th=[11076],
     | 30.00th=[12911], 40.00th=[14615], 50.00th=[16188], 60.00th=[17695],
     | 70.00th=[19530], 80.00th=[21627], 90.00th=[24773], 95.00th=[27919],
     | 99.00th=[40633], 99.50th=[52167], 99.90th=[69731], 99.95th=[76022],
     | 99.99th=[94897]
    clat (usec): min=17, max=2075.0k, avg=16978.29, stdev=17148.81
     lat (usec): min=135, max=2077.3k, avg=22576.02, stdev=17700.19
    clat percentiles (msec):
     |  1.00th=[    4],  5.00th=[    7], 10.00th=[    9], 20.00th=[   12],
     | 30.00th=[   14], 40.00th=[   15], 50.00th=[   17], 60.00th=[   18],
     | 70.00th=[   20], 80.00th=[   22], 90.00th=[   26], 95.00th=[   28],
     | 99.00th=[   40], 99.50th=[   53], 99.90th=[   73], 99.95th=[   80],
     | 99.99th=[  109]
   bw (  KiB/s): min= 1377, max= 9577, per=3.12%, avg=5678.52, stdev=710.46, samples=299
   iops        : min=    8, max=  470, avg=177.70, stdev=26.58, samples=596
  lat (usec)   : 20=0.01%, 250=0.10%, 1000=0.01%
  lat (msec)   : 2=0.07%, 4=1.32%, 10=13.12%, 20=57.38%, 50=27.45%
  lat (msec)   : 100=0.54%, 250=0.01%, >=2000=0.01%
  cpu          : usr=0.43%, sys=5.25%, ctx=52955, majf=0, minf=71
  IO depths    : 1=0.1%, 2=0.1%, 4=100.0%, 8=0.0%, 16=0.0%, 32=0.0%, >=64=0.0%
   bw (  KiB/s): min= 1793, max= 9225, per=3.13%, avg=5709.85, stdev=690.45, samples=299
   iops        : min=  112, max=  386, avg=178.60, stdev=23.92, samples=597
  lat (usec)   : 50=0.01%, 250=0.08%, 1000=0.01%
  lat (msec)   : 2=0.03%, 4=1.41%, 10=13.46%, 20=57.43%, 50=27.01%
  lat (msec)   : 100=0.57%, 250=0.01%, >=2000=0.01%
  cpu          : usr=0.46%, sys=5.16%, ctx=53326, majf=0, minf=71
  IO depths    : 1=0.1%, 2=0.1%, 4=100.0%, 8=0.0%, 16=0.0%, 32=0.0%, >=64=0.0%
     submit    : 0=0.0%, 4=100.0%, 8=0.0%, 16=0.0%, 32=0.0%, 64=0.0%, >=64=0.0%
     complete  : 0=0.0%, 4=100.0%, 8=0.0%, 16=0.0%, 32=0.0%, 64=0.0%, >=64=0.0%
     issued rwts: total=53316,0,0,0 short=0,0,0,0 dropped=0,0,0,0
     latency   : target=0, window=0, percentile=100.00%, depth=4
random-readers: (groupid=0, jobs=1): err= 0: pid=131455: Fri Jul 16 12:55:49 2021
  read: IOPS=176, BW=5656KiB/s (5792kB/s)(1657MiB/300002msec)
    slat (usec): min=22, max=79993, avg=5593.33, stdev=4239.90
     submit    : 0=0.0%, 4=100.0%, 8=0.0%, 16=0.0%, 32=0.0%, 64=0.0%, >=64=0.0%
     complete  : 0=0.0%, 4=100.0%, 8=0.0%, 16=0.0%, 32=0.0%, 64=0.0%, >=64=0.0%
     issued rwts: total=53028,0,0,0 short=0,0,0,0 dropped=0,0,0,0
     latency   : target=0, window=0, percentile=100.00%, depth=4
random-readers: (groupid=0, jobs=1): err= 0: pid=169283: Fri Jul 16 12:55:49 2021
  read: IOPS=178, BW=5698KiB/s (5835kB/s)(1669MiB/300002msec)
    slat (usec): min=24, max=86169, avg=5549.41, stdev=4126.08
    clat (usec): min=16, max=2263.4k, avg=16853.33, stdev=18329.58
     lat (usec): min=137, max=2267.3k, avg=22405.76, stdev=18818.02
    clat percentiles (usec):
     |  1.00th=[ 3556],  5.00th=[ 6652], 10.00th=[ 8586], 20.00th=[11076],
     | 30.00th=[12911], 40.00th=[14615], 50.00th=[16188], 60.00th=[17695],
     | 70.00th=[19530], 80.00th=[21627], 90.00th=[24773], 95.00th=[27919],
     | 99.00th=[38011], 99.50th=[49546], 99.90th=[71828], 99.95th=[78119],
     | 99.99th=[99091]
    clat (usec): min=21, max=2180.1k, avg=16979.44, stdev=17871.27
     lat (usec): min=131, max=2181.8k, avg=22575.63, stdev=18416.04
    clat percentiles (usec):
     |  1.00th=[ 3425],  5.00th=[ 6587], 10.00th=[ 8717], 20.00th=[11076],
     | 30.00th=[12911], 40.00th=[14615], 50.00th=[16319], 60.00th=[17957],
     | 70.00th=[19530], 80.00th=[21627], 90.00th=[25035], 95.00th=[28181],
     | 99.00th=[40633], 99.50th=[52691], 99.90th=[74974], 99.95th=[80217],
     | 99.99th=[84411]
   bw (  KiB/s): min= 2178, max=11531, per=3.11%, avg=5678.56, stdev=759.37, samples=299
   iops        : min=   68, max=  414, avg=177.62, stdev=25.14, samples=597
  lat (usec)   : 50=0.01%, 250=0.10%, 1000=0.01%
  lat (msec)   : 2=0.07%, 4=1.37%, 10=13.26%, 20=57.42%, 50=27.18%
  lat (msec)   : 100=0.58%, >=2000=0.01%
  cpu          : usr=0.51%, sys=5.19%, ctx=52970, majf=0, minf=71
  IO depths    : 1=0.1%, 2=0.1%, 4=100.0%, 8=0.0%, 16=0.0%, 32=0.0%, >=64=0.0%
   bw (  KiB/s): min= 2210, max= 9897, per=3.14%, avg=5720.63, stdev=682.35, samples=299
   iops        : min=   36, max=  344, avg=179.06, stdev=23.61, samples=596
     submit    : 0=0.0%, 4=100.0%, 8=0.0%, 16=0.0%, 32=0.0%, 64=0.0%, >=64=0.0%
     complete  : 0=0.0%, 4=100.0%, 8=0.0%, 16=0.0%, 32=0.0%, 64=0.0%, >=64=0.0%
     issued rwts: total=53024,0,0,0 short=0,0,0,0 dropped=0,0,0,0
     latency   : target=0, window=0, percentile=100.00%, depth=4
random-readers: (groupid=0, jobs=1): err= 0: pid=131456: Fri Jul 16 12:55:49 2021
  read: IOPS=179, BW=5744KiB/s (5882kB/s)(1683MiB/300006msec)
    slat (usec): min=23, max=91449, avg=5523.92, stdev=4085.60
    clat (usec): min=16, max=1259.4k, avg=16718.22, stdev=11722.20
     lat (usec): min=133, max=1263.2k, avg=22244.96, stdev=12473.40
    clat percentiles (usec):
     |  1.00th=[ 3490],  5.00th=[ 6587], 10.00th=[ 8586], 20.00th=[11076],
     | 30.00th=[12780], 40.00th=[14484], 50.00th=[16057], 60.00th=[17695],
     | 70.00th=[19530], 80.00th=[21627], 90.00th=[24773], 95.00th=[27919],
     | 99.00th=[37487], 99.50th=[47973], 99.90th=[69731], 99.95th=[76022],
     | 99.99th=[94897]
  lat (usec)   : 20=0.01%, 250=0.05%
  lat (msec)   : 2=0.04%, 4=1.39%, 10=13.33%, 20=57.95%, 50=26.75%
  lat (msec)   : 100=0.48%, 250=0.01%, >=2000=0.01%
  cpu          : usr=0.47%, sys=5.42%, ctx=53444, majf=0, minf=71
  IO depths    : 1=0.1%, 2=0.1%, 4=100.0%, 8=0.0%, 16=0.0%, 32=0.0%, >=64=0.0%
     submit    : 0=0.0%, 4=100.0%, 8=0.0%, 16=0.0%, 32=0.0%, 64=0.0%, >=64=0.0%
     complete  : 0=0.0%, 4=100.0%, 8=0.0%, 16=0.0%, 32=0.0%, 64=0.0%, >=64=0.0%
     issued rwts: total=53421,0,0,0 short=0,0,0,0 dropped=0,0,0,0
     latency   : target=0, window=0, percentile=100.00%, depth=4
random-readers: (groupid=0, jobs=1): err= 0: pid=169284: Fri Jul 16 12:55:49 2021
  read: IOPS=180, BW=5779KiB/s (5918kB/s)(1693MiB/300003msec)
    slat (usec): min=22, max=77915, avg=5494.37, stdev=3987.72
    clat (usec): min=16, max=1027.2k, avg=16617.59, stdev=10276.31
     lat (usec): min=125, max=1027.2k, avg=22114.98, stdev=11082.53
    clat percentiles (usec):
   bw (  KiB/s): min= 4452, max=10112, per=3.16%, avg=5767.46, stdev=672.56, samples=299
   iops        : min=  124, max=  326, avg=180.10, stdev=23.17, samples=598
     |  1.00th=[ 3523],  5.00th=[ 6456], 10.00th=[ 8455], 20.00th=[10945],
     | 30.00th=[12780], 40.00th=[14484], 50.00th=[16057], 60.00th=[17695],
     | 70.00th=[19530], 80.00th=[21627], 90.00th=[24773], 95.00th=[27657],
     | 99.00th=[36439], 99.50th=[44827], 99.90th=[68682], 99.95th=[74974],
     | 99.99th=[85459]
   bw (  KiB/s): min= 1217, max= 8352, per=3.18%, avg=5782.46, stdev=701.93, samples=300
   iops        : min=  114, max=  330, avg=180.97, stdev=23.33, samples=598
  lat (usec)   : 20=0.01%, 250=0.05%
  lat (msec)   : 2=0.01%, 4=1.38%, 10=14.10%, 20=57.50%, 50=26.62%
  lat (msec)   : 100=0.34%, 2000=0.01%
  cpu          : usr=0.50%, sys=4.95%, ctx=54201, majf=0, minf=70
  IO depths    : 1=0.1%, 2=0.1%, 4=100.0%, 8=0.0%, 16=0.0%, 32=0.0%, >=64=0.0%
     submit    : 0=0.0%, 4=100.0%, 8=0.0%, 16=0.0%, 32=0.0%, 64=0.0%, >=64=0.0%
     complete  : 0=0.0%, 4=100.0%, 8=0.0%, 16=0.0%, 32=0.0%, 64=0.0%, >=64=0.0%
     issued rwts: total=54179,0,0,0 short=0,0,0,0 dropped=0,0,0,0
  lat (usec)   : 20=0.01%, 250=0.05%
  lat (msec)   : 2=0.04%, 4=1.46%, 10=13.68%, 20=57.78%, 50=26.54%
  lat (msec)   : 100=0.44%, 2000=0.01%
  cpu          : usr=0.48%, sys=4.98%, ctx=53864, majf=0, minf=70
  IO depths    : 1=0.1%, 2=0.1%, 4=100.0%, 8=0.0%, 16=0.0%, 32=0.0%, >=64=0.0%
     submit    : 0=0.0%, 4=100.0%, 8=0.0%, 16=0.0%, 32=0.0%, 64=0.0%, >=64=0.0%
     complete  : 0=0.0%, 4=100.0%, 8=0.0%, 16=0.0%, 32=0.0%, 64=0.0%, >=64=0.0%
     issued rwts: total=53854,0,0,0 short=0,0,0,0 dropped=0,0,0,0
     latency   : target=0, window=0, percentile=100.00%, depth=4
random-readers: (groupid=0, jobs=1): err= 0: pid=131457: Fri Jul 16 12:55:49 2021
  read: IOPS=178, BW=5713KiB/s (5850kB/s)(1674MiB/300004msec)
    slat (usec): min=25, max=92481, avg=5543.64, stdev=3990.24
    clat (usec): min=14, max=1785.6k, avg=16809.75, stdev=14951.69
     lat (usec): min=149, max=1785.7k, avg=22356.33, stdev=15485.84
    clat percentiles (msec):
     latency   : target=0, window=0, percentile=100.00%, depth=4
random-readers: (groupid=0, jobs=1): err= 0: pid=169285: Fri Jul 16 12:55:49 2021
  read: IOPS=176, BW=5663KiB/s (5799kB/s)(1660MiB/300223msec)
    slat (usec): min=23, max=425569, avg=5582.46, stdev=4513.88
    clat (usec): min=22, max=2415.1k, avg=16958.71, stdev=19656.30
     lat (usec): min=128, max=2415.1k, avg=22544.00, stdev=20186.89
    clat percentiles (msec):
     |  1.00th=[    4],  5.00th=[    7], 10.00th=[    9], 20.00th=[   12],
     | 30.00th=[   13], 40.00th=[   15], 50.00th=[   17], 60.00th=[   18],
     | 70.00th=[   20], 80.00th=[   22], 90.00th=[   26], 95.00th=[   28],
     | 99.00th=[   39], 99.50th=[   50], 99.90th=[   73], 99.95th=[   79],
     | 99.99th=[  426]
   bw (  KiB/s): min= 3491, max= 8736, per=3.14%, avg=5708.27, stdev=690.08, samples=298
   iops        : min=   50, max=  372, avg=178.27, stdev=24.94, samples=596
  lat (usec)   : 50=0.01%, 250=0.05%, 500=0.01%
     |  1.00th=[    4],  5.00th=[    7], 10.00th=[    9], 20.00th=[   12],
     | 30.00th=[   14], 40.00th=[   15], 50.00th=[   17], 60.00th=[   18],
     | 70.00th=[   20], 80.00th=[   22], 90.00th=[   25], 95.00th=[   28],
     | 99.00th=[   37], 99.50th=[   46], 99.90th=[   67], 99.95th=[   74],
     | 99.99th=[  103]
   bw (  KiB/s): min= 3683, max= 8840, per=3.14%, avg=5736.08, stdev=657.79, samples=299
   iops        : min=   80, max=  406, avg=179.42, stdev=24.69, samples=597
  lat (usec)   : 20=0.01%, 250=0.05%
  lat (msec)   : 2=0.01%, 4=1.49%, 10=13.30%, 20=57.18%, 50=27.61%
  lat (msec)   : 100=0.35%, 250=0.01%, 2000=0.01%
  cpu          : usr=0.48%, sys=5.21%, ctx=53589, majf=0, minf=71
  IO depths    : 1=0.1%, 2=0.1%, 4=100.0%, 8=0.0%, 16=0.0%, 32=0.0%, >=64=0.0%
     submit    : 0=0.0%, 4=100.0%, 8=0.0%, 16=0.0%, 32=0.0%, 64=0.0%, >=64=0.0%
     complete  : 0=0.0%, 4=100.0%, 8=0.0%, 16=0.0%, 32=0.0%, 64=0.0%, >=64=0.0%
     issued rwts: total=53561,0,0,0 short=0,0,0,0 dropped=0,0,0,0
  lat (msec)   : 2=0.01%, 4=1.36%, 10=13.76%, 20=56.78%, 50=27.56%
  lat (msec)   : 100=0.46%, 500=0.01%, >=2000=0.01%
  cpu          : usr=0.48%, sys=5.22%, ctx=53174, majf=0, minf=71
  IO depths    : 1=0.1%, 2=0.1%, 4=100.0%, 8=0.0%, 16=0.0%, 32=0.0%, >=64=0.0%
     submit    : 0=0.0%, 4=100.0%, 8=0.0%, 16=0.0%, 32=0.0%, 64=0.0%, >=64=0.0%
     complete  : 0=0.0%, 4=100.0%, 8=0.0%, 16=0.0%, 32=0.0%, 64=0.0%, >=64=0.0%
     issued rwts: total=53127,0,0,0 short=0,0,0,0 dropped=0,0,0,0
     latency   : target=0, window=0, percentile=100.00%, depth=4
random-readers: (groupid=0, jobs=1): err= 0: pid=169286: Fri Jul 16 12:55:49 2021
  read: IOPS=178, BW=5699KiB/s (5836kB/s)(1670MiB/300005msec)
    slat (usec): min=26, max=221605, avg=5547.07, stdev=4225.74
    clat (usec): min=16, max=2374.7k, avg=16851.30, stdev=19141.99
     lat (msec): min=2, max=2374, avg=22.40, stdev=19.62
    clat percentiles (msec):
     |  1.00th=[    4],  5.00th=[    7], 10.00th=[    9], 20.00th=[   12],
     latency   : target=0, window=0, percentile=100.00%, depth=4
random-readers: (groupid=0, jobs=1): err= 0: pid=131458: Fri Jul 16 12:55:49 2021
  read: IOPS=179, BW=5756KiB/s (5894kB/s)(1687MiB/300201msec)
    slat (usec): min=25, max=425292, avg=5516.00, stdev=4380.15
    clat (usec): min=22, max=1080.9k, avg=16684.35, stdev=11054.73
     lat (usec): min=140, max=1080.9k, avg=22203.19, stdev=11953.30
    clat percentiles (msec):
     |  1.00th=[    4],  5.00th=[    7], 10.00th=[    9], 20.00th=[   11],
     | 30.00th=[   13], 40.00th=[   15], 50.00th=[   17], 60.00th=[   18],
     | 70.00th=[   20], 80.00th=[   22], 90.00th=[   25], 95.00th=[   28],
     | 99.00th=[   37], 99.50th=[   45], 99.90th=[   70], 99.95th=[   78],
     | 99.99th=[  426]
   bw (  KiB/s): min= 1632, max= 8552, per=3.16%, avg=5763.55, stdev=734.19, samples=300
   iops        : min=   86, max=  330, avg=180.28, stdev=24.95, samples=599
  lat (usec)   : 50=0.01%, 250=0.05%
     | 30.00th=[   13], 40.00th=[   15], 50.00th=[   17], 60.00th=[   18],
     | 70.00th=[   20], 80.00th=[   22], 90.00th=[   26], 95.00th=[   28],
  lat (msec)   : 2=0.01%, 4=1.50%, 10=14.08%, 20=57.14%, 50=26.86%
  lat (msec)   : 100=0.34%, 250=0.01%, 500=0.01%, 2000=0.01%
  cpu          : usr=0.49%, sys=4.89%, ctx=54009, majf=0, minf=71
  IO depths    : 1=0.1%, 2=0.1%, 4=100.0%, 8=0.0%, 16=0.0%, 32=0.0%, >=64=0.0%
     submit    : 0=0.0%, 4=100.0%, 8=0.0%, 16=0.0%, 32=0.0%, 64=0.0%, >=64=0.0%
     complete  : 0=0.0%, 4=100.0%, 8=0.0%, 16=0.0%, 32=0.0%, 64=0.0%, >=64=0.0%
     issued rwts: total=53998,0,0,0 short=0,0,0,0 dropped=0,0,0,0
     latency   : target=0, window=0, percentile=100.00%, depth=4
random-readers: (groupid=0, jobs=1): err= 0: pid=131459: Fri Jul 16 12:55:49 2021
  read: IOPS=177, BW=5689KiB/s (5825kB/s)(1667MiB/300004msec)
    slat (usec): min=25, max=431391, avg=5579.40, stdev=4597.09
    clat (usec): min=16, max=1214.6k, avg=16881.89, stdev=12038.10
     lat (msec): min=2, max=1214, avg=22.46, stdev=12.95
    clat percentiles (msec):
     |  1.00th=[    4],  5.00th=[    7], 10.00th=[    9], 20.00th=[   12],
     | 99.00th=[   39], 99.50th=[   50], 99.90th=[   72], 99.95th=[   79],
     | 99.99th=[  232]
   bw (  KiB/s): min= 1921, max= 9865, per=3.14%, avg=5721.37, stdev=760.28, samples=299
   iops        : min=    8, max=  318, avg=179.06, stdev=25.34, samples=596
  lat (usec)   : 20=0.01%
  lat (msec)   : 2=0.01%, 4=1.45%, 10=13.86%, 20=57.22%, 50=26.98%
  lat (msec)   : 100=0.48%, 250=0.01%, >=2000=0.01%
  cpu          : usr=0.48%, sys=5.31%, ctx=53500, majf=0, minf=71
  IO depths    : 1=0.1%, 2=0.1%, 4=100.0%, 8=0.0%, 16=0.0%, 32=0.0%, >=64=0.0%
     submit    : 0=0.0%, 4=100.0%, 8=0.0%, 16=0.0%, 32=0.0%, 64=0.0%, >=64=0.0%
     complete  : 0=0.0%, 4=100.0%, 8=0.0%, 16=0.0%, 32=0.0%, 64=0.0%, >=64=0.0%
     issued rwts: total=53428,0,0,0 short=0,0,0,0 dropped=0,0,0,0
     latency   : target=0, window=0, percentile=100.00%, depth=4
random-readers: (groupid=0, jobs=1): err= 0: pid=169287: Fri Jul 16 12:55:49 2021
  read: IOPS=178, BW=5698KiB/s (5835kB/s)(1670MiB/300037msec)
     | 30.00th=[   13], 40.00th=[   15], 50.00th=[   17], 60.00th=[   18],
     | 70.00th=[   20], 80.00th=[   22], 90.00th=[   26], 95.00th=[   29],
    slat (usec): min=22, max=74409, avg=5562.40, stdev=4192.02
    clat (usec): min=19, max=1577.7k, avg=16853.18, stdev=13823.20
     lat (usec): min=130, max=1578.8k, avg=22418.49, stdev=14495.86
    clat percentiles (msec):
     |  1.00th=[    4],  5.00th=[    7], 10.00th=[    9], 20.00th=[   11],
     | 30.00th=[   13], 40.00th=[   15], 50.00th=[   17], 60.00th=[   18],
     | 70.00th=[   20], 80.00th=[   22], 90.00th=[   26], 95.00th=[   29],
     | 99.00th=[   40], 99.50th=[   49], 99.90th=[   69], 99.95th=[   75],
     | 99.99th=[  109]
   bw (  KiB/s): min= 3523, max= 8232, per=3.14%, avg=5721.62, stdev=688.97, samples=299
   iops        : min=   28, max=  360, avg=178.79, stdev=25.61, samples=597
  lat (usec)   : 20=0.01%, 250=0.06%
  lat (msec)   : 2=0.04%, 4=1.50%, 10=14.04%, 20=56.54%, 50=27.35%
  lat (msec)   : 100=0.46%, 250=0.01%, 2000=0.01%
  cpu          : usr=0.46%, sys=5.04%, ctx=53451, majf=0, minf=71
  IO depths    : 1=0.1%, 2=0.1%, 4=100.0%, 8=0.0%, 16=0.0%, 32=0.0%, >=64=0.0%
     | 99.00th=[   41], 99.50th=[   53], 99.90th=[   75], 99.95th=[   82],
     | 99.99th=[  435]
   bw (  KiB/s): min= 1889, max= 9865, per=3.12%, avg=5692.42, stdev=719.71, samples=300
   iops        : min=   92, max=  348, avg=178.35, stdev=25.22, samples=598
  lat (usec)   : 20=0.01%
  lat (msec)   : 2=0.01%, 4=1.45%, 10=13.65%, 20=57.26%, 50=27.06%
  lat (msec)   : 100=0.56%, 500=0.01%, 2000=0.01%
  cpu          : usr=0.45%, sys=4.92%, ctx=53403, majf=0, minf=70
  IO depths    : 1=0.1%, 2=0.1%, 4=100.0%, 8=0.0%, 16=0.0%, 32=0.0%, >=64=0.0%
     submit    : 0=0.0%, 4=100.0%, 8=0.0%, 16=0.0%, 32=0.0%, 64=0.0%, >=64=0.0%
     complete  : 0=0.0%, 4=100.0%, 8=0.0%, 16=0.0%, 32=0.0%, 64=0.0%, >=64=0.0%
     issued rwts: total=53331,0,0,0 short=0,0,0,0 dropped=0,0,0,0
     latency   : target=0, window=0, percentile=100.00%, depth=4
random-readers: (groupid=0, jobs=1): err= 0: pid=131460: Fri Jul 16 12:55:49 2021
  read: IOPS=177, BW=5688KiB/s (5824kB/s)(1666MiB/300002msec)
     submit    : 0=0.0%, 4=100.0%, 8=0.0%, 16=0.0%, 32=0.0%, 64=0.0%, >=64=0.0%
     complete  : 0=0.0%, 4=100.0%, 8=0.0%, 16=0.0%, 32=0.0%, 64=0.0%, >=64=0.0%
     issued rwts: total=53430,0,0,0 short=0,0,0,0 dropped=0,0,0,0
     latency   : target=0, window=0, percentile=100.00%, depth=4
random-readers: (groupid=0, jobs=1): err= 0: pid=169288: Fri Jul 16 12:55:49 2021
  read: IOPS=179, BW=5746KiB/s (5884kB/s)(1683MiB/300005msec)
    slat (usec): min=28, max=72254, avg=5521.92, stdev=4075.90
    clat (usec): min=16, max=1307.4k, avg=16714.53, stdev=11969.05
     lat (usec): min=235, max=1307.5k, avg=22239.32, stdev=12676.74
    clat percentiles (usec):
     |  1.00th=[ 3556],  5.00th=[ 6456], 10.00th=[ 8455], 20.00th=[10945],
     | 30.00th=[12780], 40.00th=[14484], 50.00th=[16188], 60.00th=[17695],
     | 70.00th=[19530], 80.00th=[21627], 90.00th=[24773], 95.00th=[27657],
     | 99.00th=[38011], 99.50th=[46924], 99.90th=[67634], 99.95th=[73925],
     | 99.99th=[89654]
    slat (usec): min=24, max=75416, avg=5560.83, stdev=4234.92
    clat (usec): min=25, max=2228.8k, avg=16886.33, stdev=18171.83
     lat (usec): min=136, max=2230.1k, avg=22450.06, stdev=18694.13
    clat percentiles (usec):
     |  1.00th=[ 3425],  5.00th=[ 6456], 10.00th=[ 8455], 20.00th=[10945],
     | 30.00th=[12780], 40.00th=[14484], 50.00th=[16057], 60.00th=[17695],
     | 70.00th=[19530], 80.00th=[21627], 90.00th=[25035], 95.00th=[28443],
     | 99.00th=[40109], 99.50th=[51119], 99.90th=[70779], 99.95th=[77071],
     | 99.99th=[87557]
   bw (  KiB/s): min= 1825, max= 9801, per=3.13%, avg=5710.35, stdev=756.87, samples=299
   iops        : min=   46, max=  326, avg=178.62, stdev=25.08, samples=597
  lat (usec)   : 50=0.01%, 250=0.06%, 1000=0.01%
  lat (msec)   : 2=0.04%, 4=1.54%, 10=14.03%, 20=56.78%, 50=27.02%
  lat (msec)   : 100=0.52%, 250=0.01%, >=2000=0.01%
  cpu          : usr=0.46%, sys=5.29%, ctx=53342, majf=0, minf=71
   bw (  KiB/s): min= 1088, max= 9161, per=3.16%, avg=5749.20, stdev=733.20, samples=300
   iops        : min=  116, max=  290, avg=180.23, stdev=24.20, samples=597
  lat (usec)   : 20=0.01%, 250=0.02%, 500=0.01%
  lat (msec)   : 2=0.01%, 4=1.45%, 10=14.07%, 20=57.05%, 50=26.96%
  lat (msec)   : 100=0.43%, 2000=0.01%
  cpu          : usr=0.46%, sys=4.95%, ctx=53910, majf=0, minf=70
  IO depths    : 1=0.1%, 2=0.1%, 4=100.0%, 8=0.0%, 16=0.0%, 32=0.0%, >=64=0.0%
     submit    : 0=0.0%, 4=100.0%, 8=0.0%, 16=0.0%, 32=0.0%, 64=0.0%, >=64=0.0%
     complete  : 0=0.0%, 4=100.0%, 8=0.0%, 16=0.0%, 32=0.0%, 64=0.0%, >=64=0.0%
     issued rwts: total=53867,0,0,0 short=0,0,0,0 dropped=0,0,0,0
     latency   : target=0, window=0, percentile=100.00%, depth=4
random-readers: (groupid=0, jobs=1): err= 0: pid=169289: Fri Jul 16 12:55:49 2021
  read: IOPS=177, BW=5684KiB/s (5820kB/s)(1665MiB/300006msec)
    slat (usec): min=25, max=102232, avg=5561.19, stdev=4176.95
  IO depths    : 1=0.1%, 2=0.1%, 4=100.0%, 8=0.0%, 16=0.0%, 32=0.0%, >=64=0.0%
     submit    : 0=0.0%, 4=100.0%, 8=0.0%, 16=0.0%, 32=0.0%, 64=0.0%, >=64=0.0%
     complete  : 0=0.0%, 4=100.0%, 8=0.0%, 16=0.0%, 32=0.0%, 64=0.0%, >=64=0.0%
     issued rwts: total=53321,0,0,0 short=0,0,0,0 dropped=0,0,0,0
     latency   : target=0, window=0, percentile=100.00%, depth=4
random-readers: (groupid=0, jobs=1): err= 0: pid=131461: Fri Jul 16 12:55:49 2021
  read: IOPS=176, BW=5662KiB/s (5798kB/s)(1659MiB/300004msec)
    slat (usec): min=23, max=77213, avg=5608.03, stdev=4114.53
    clat (usec): min=16, max=1037.8k, avg=16962.58, stdev=10547.51
     lat (usec): min=128, max=1037.9k, avg=22573.59, stdev=11385.18
    clat percentiles (usec):
     |  1.00th=[ 3556],  5.00th=[ 6652], 10.00th=[ 8717], 20.00th=[11207],
     | 30.00th=[13042], 40.00th=[14746], 50.00th=[16319], 60.00th=[17957],
     | 70.00th=[19792], 80.00th=[21890], 90.00th=[25035], 95.00th=[28181],
    clat (usec): min=22, max=2429.7k, avg=16895.67, stdev=19514.11
     lat (usec): min=163, max=2430.7k, avg=22459.66, stdev=19967.03
     | 99.00th=[39060], 99.50th=[49021], 99.90th=[67634], 99.95th=[74974],
     | 99.99th=[90702]
   bw (  KiB/s): min= 2144, max= 9609, per=3.11%, avg=5665.72, stdev=668.81, samples=300
   iops        : min=   68, max=  322, avg=177.22, stdev=23.56, samples=599
  lat (usec)   : 20=0.01%, 250=0.02%
  lat (msec)   : 2=0.01%, 4=1.44%, 10=13.10%, 20=56.72%, 50=28.23%
  lat (msec)   : 100=0.46%, 2000=0.01%
  cpu          : usr=0.50%, sys=4.91%, ctx=53110, majf=0, minf=70
  IO depths    : 1=0.1%, 2=0.1%, 4=100.0%, 8=0.0%, 16=0.0%, 32=0.0%, >=64=0.0%
     submit    : 0=0.0%, 4=100.0%, 8=0.0%, 16=0.0%, 32=0.0%, 64=0.0%, >=64=0.0%
     complete  : 0=0.0%, 4=100.0%, 8=0.0%, 16=0.0%, 32=0.0%, 64=0.0%, >=64=0.0%
     issued rwts: total=53081,0,0,0 short=0,0,0,0 dropped=0,0,0,0
     latency   : target=0, window=0, percentile=100.00%, depth=4
random-readers: (groupid=0, jobs=1): err= 0: pid=131462: Fri Jul 16 12:55:49 2021
  read: IOPS=177, BW=5682KiB/s (5818kB/s)(1665MiB/300002msec)
    clat percentiles (msec):
     |  1.00th=[    4],  5.00th=[    7], 10.00th=[    9], 20.00th=[   12],
     | 30.00th=[   13], 40.00th=[   15], 50.00th=[   17], 60.00th=[   18],
     | 70.00th=[   20], 80.00th=[   22], 90.00th=[   25], 95.00th=[   28],
     | 99.00th=[   40], 99.50th=[   53], 99.90th=[   70], 99.95th=[   75],
     | 99.99th=[  111]
   bw (  KiB/s): min= 3139, max=10208, per=3.15%, avg=5725.43, stdev=648.10, samples=298
   iops        : min=   92, max=  342, avg=178.86, stdev=22.29, samples=595
  lat (usec)   : 50=0.01%, 250=0.01%
  lat (msec)   : 2=0.02%, 4=1.31%, 10=13.63%, 20=57.54%, 50=26.92%
  lat (msec)   : 100=0.55%, 250=0.01%, >=2000=0.01%
  cpu          : usr=0.50%, sys=5.27%, ctx=53328, majf=0, minf=72
  IO depths    : 1=0.1%, 2=0.1%, 4=100.0%, 8=0.0%, 16=0.0%, 32=0.0%, >=64=0.0%
     submit    : 0=0.0%, 4=100.0%, 8=0.0%, 16=0.0%, 32=0.0%, 64=0.0%, >=64=0.0%
     complete  : 0=0.0%, 4=100.0%, 8=0.0%, 16=0.0%, 32=0.0%, 64=0.0%, >=64=0.0%
    slat (usec): min=24, max=79344, avg=5572.81, stdev=4140.42
    clat (usec): min=15, max=1863.9k, avg=16901.21, stdev=15656.09
     lat (usec): min=177, max=1864.8k, avg=22476.97, stdev=16230.26
     issued rwts: total=53287,0,0,0 short=0,0,0,0 dropped=0,0,0,0
     latency   : target=0, window=0, percentile=100.00%, depth=4
random-readers: (groupid=0, jobs=1): err= 0: pid=169290: Fri Jul 16 12:55:49 2021
  read: IOPS=176, BW=5643KiB/s (5778kB/s)(1653MiB/300010msec)
    slat (usec): min=25, max=81327, avg=5602.07, stdev=4295.21
    clat (usec): min=15, max=2432.0k, avg=17019.24, stdev=19681.79
     lat (usec): min=144, max=2433.1k, avg=22624.15, stdev=20181.50
    clat percentiles (usec):
     |  1.00th=[ 3654],  5.00th=[ 6652], 10.00th=[ 8586], 20.00th=[11076],
     | 30.00th=[12911], 40.00th=[14615], 50.00th=[16188], 60.00th=[17695],
     | 70.00th=[19530], 80.00th=[21627], 90.00th=[25035], 95.00th=[28181],
     | 99.00th=[41681], 99.50th=[56886], 99.90th=[74974], 99.95th=[79168],
     | 99.99th=[95945]
   bw (  KiB/s): min= 3523, max= 8488, per=3.12%, avg=5683.96, stdev=681.06, samples=298
   iops        : min=  110, max=  262, avg=177.59, stdev=23.70, samples=595
    clat percentiles (usec):
     |  1.00th=[ 3458],  5.00th=[ 6587], 10.00th=[ 8586], 20.00th=[11076],
     | 30.00th=[12911], 40.00th=[14615], 50.00th=[16188], 60.00th=[17957],
     | 70.00th=[19530], 80.00th=[21627], 90.00th=[25035], 95.00th=[27919],
     | 99.00th=[38536], 99.50th=[50070], 99.90th=[71828], 99.95th=[78119],
     | 99.99th=[91751]
   bw (  KiB/s): min=  128, max= 9385, per=3.12%, avg=5685.75, stdev=754.12, samples=299
   iops        : min=    8, max=  298, avg=178.13, stdev=23.83, samples=597
  lat (usec)   : 20=0.01%, 250=0.01%
  lat (msec)   : 2=0.03%, 4=1.48%, 10=13.32%, 20=57.27%, 50=27.38%
  lat (msec)   : 100=0.50%, 2000=0.01%
  cpu          : usr=0.48%, sys=5.14%, ctx=53305, majf=0, minf=70
  IO depths    : 1=0.1%, 2=0.1%, 4=100.0%, 8=0.0%, 16=0.0%, 32=0.0%, >=64=0.0%
     submit    : 0=0.0%, 4=100.0%, 8=0.0%, 16=0.0%, 32=0.0%, 64=0.0%, >=64=0.0%
     complete  : 0=0.0%, 4=100.0%, 8=0.0%, 16=0.0%, 32=0.0%, 64=0.0%, >=64=0.0%
  lat (usec)   : 20=0.01%, 250=0.02%
  lat (msec)   : 2=0.01%, 4=1.31%, 10=13.63%, 20=57.11%, 50=27.24%
  lat (msec)   : 100=0.68%, 250=0.01%, >=2000=0.01%
  cpu          : usr=0.46%, sys=5.24%, ctx=52971, majf=0, minf=71
  IO depths    : 1=0.1%, 2=0.1%, 4=100.0%, 8=0.0%, 16=0.0%, 32=0.0%, >=64=0.0%
     submit    : 0=0.0%, 4=100.0%, 8=0.0%, 16=0.0%, 32=0.0%, 64=0.0%, >=64=0.0%
     complete  : 0=0.0%, 4=100.0%, 8=0.0%, 16=0.0%, 32=0.0%, 64=0.0%, >=64=0.0%
     issued rwts: total=52901,0,0,0 short=0,0,0,0 dropped=0,0,0,0
     latency   : target=0, window=0, percentile=100.00%, depth=4
random-readers: (groupid=0, jobs=1): err= 0: pid=169291: Fri Jul 16 12:55:49 2021
  read: IOPS=178, BW=5727KiB/s (5864kB/s)(1678MiB/300004msec)
    slat (usec): min=23, max=68614, avg=5535.17, stdev=4150.71
    clat (usec): min=23, max=1599.1k, avg=16769.63, stdev=13878.63
     lat (usec): min=133, max=1604.8k, avg=22307.61, stdev=14556.82
    clat percentiles (usec):
     issued rwts: total=53270,0,0,0 short=0,0,0,0 dropped=0,0,0,0
     latency   : target=0, window=0, percentile=100.00%, depth=4
random-readers: (groupid=0, jobs=1): err= 0: pid=131463: Fri Jul 16 12:55:49 2021
  read: IOPS=178, BW=5703KiB/s (5840kB/s)(1671MiB/300027msec)
    slat (usec): min=24, max=71935, avg=5553.61, stdev=4164.10
    clat (usec): min=23, max=1845.4k, avg=16839.72, stdev=15519.57
     lat (usec): min=139, max=1846.7k, avg=22396.09, stdev=16101.70
    clat percentiles (usec):
     |  1.00th=[ 3556],  5.00th=[ 6587], 10.00th=[ 8586], 20.00th=[11076],
     | 30.00th=[12911], 40.00th=[14615], 50.00th=[16188], 60.00th=[17695],
     | 70.00th=[19530], 80.00th=[21627], 90.00th=[24773], 95.00th=[27919],
     | 99.00th=[39060], 99.50th=[51643], 99.90th=[71828], 99.95th=[77071],
     | 99.99th=[90702]
   bw (  KiB/s): min= 3331, max= 9984, per=3.14%, avg=5726.09, stdev=687.45, samples=299
   iops        : min=   40, max=  328, avg=178.81, stdev=25.45, samples=598
     |  1.00th=[ 3523],  5.00th=[ 6521], 10.00th=[ 8586], 20.00th=[11076],
     | 30.00th=[12780], 40.00th=[14484], 50.00th=[16057], 60.00th=[17695],
     | 70.00th=[19530], 80.00th=[21627], 90.00th=[24773], 95.00th=[27919],
     | 99.00th=[38536], 99.50th=[51643], 99.90th=[71828], 99.95th=[76022],
     | 99.99th=[86508]
   bw (  KiB/s): min= 3779, max= 8488, per=3.16%, avg=5749.22, stdev=645.18, samples=299
   iops        : min=   30, max=  290, avg=179.65, stdev=24.31, samples=597
  lat (usec)   : 50=0.01%, 250=0.03%
  lat (msec)   : 2=0.01%, 4=1.43%, 10=13.75%, 20=57.66%, 50=26.60%
  lat (msec)   : 100=0.52%, 2000=0.01%
  cpu          : usr=0.47%, sys=5.03%, ctx=53737, majf=0, minf=70
  IO depths    : 1=0.1%, 2=0.1%, 4=100.0%, 8=0.0%, 16=0.0%, 32=0.0%, >=64=0.0%
     submit    : 0=0.0%, 4=100.0%, 8=0.0%, 16=0.0%, 32=0.0%, 64=0.0%, >=64=0.0%
     complete  : 0=0.0%, 4=100.0%, 8=0.0%, 16=0.0%, 32=0.0%, 64=0.0%, >=64=0.0%
     issued rwts: total=53688,0,0,0 short=0,0,0,0 dropped=0,0,0,0
  lat (usec)   : 50=0.01%, 250=0.01%
  lat (msec)   : 2=0.01%, 4=1.46%, 10=13.78%, 20=57.16%, 50=27.02%
  lat (msec)   : 100=0.54%, 250=0.01%, 2000=0.01%
  cpu          : usr=0.44%, sys=5.15%, ctx=53533, majf=0, minf=71
  IO depths    : 1=0.1%, 2=0.1%, 4=100.0%, 8=0.0%, 16=0.0%, 32=0.0%, >=64=0.0%
     submit    : 0=0.0%, 4=100.0%, 8=0.0%, 16=0.0%, 32=0.0%, 64=0.0%, >=64=0.0%
     complete  : 0=0.0%, 4=100.0%, 8=0.0%, 16=0.0%, 32=0.0%, 64=0.0%, >=64=0.0%
     issued rwts: total=53468,0,0,0 short=0,0,0,0 dropped=0,0,0,0
     latency   : target=0, window=0, percentile=100.00%, depth=4
random-readers: (groupid=0, jobs=1): err= 0: pid=131464: Fri Jul 16 12:55:49 2021
  read: IOPS=180, BW=5780KiB/s (5918kB/s)(1693MiB/300004msec)
    slat (usec): min=23, max=74409, avg=5493.09, stdev=4057.42
    clat (usec): min=17, max=1071.6k, avg=16616.28, stdev=10607.63
     lat (usec): min=137, max=1074.9k, avg=22112.26, stdev=11443.11
    clat percentiles (usec):
     latency   : target=0, window=0, percentile=100.00%, depth=4
random-readers: (groupid=0, jobs=1): err= 0: pid=169292: Fri Jul 16 12:55:49 2021
     |  1.00th=[ 3425],  5.00th=[ 6390], 10.00th=[ 8455], 20.00th=[10945],
     | 30.00th=[12780], 40.00th=[14353], 50.00th=[16057], 60.00th=[17695],
     | 70.00th=[19268], 80.00th=[21365], 90.00th=[24511], 95.00th=[27657],
     | 99.00th=[38536], 99.50th=[47449], 99.90th=[67634], 99.95th=[72877],
     | 99.99th=[87557]
   bw (  KiB/s): min= 2272, max= 9033, per=3.17%, avg=5783.57, stdev=699.27, samples=300
   iops        : min=  120, max=  328, avg=181.21, stdev=23.95, samples=598
  lat (usec)   : 20=0.01%, 250=0.03%, 1000=0.01%
  lat (msec)   : 2=0.01%, 4=1.59%, 10=13.89%, 20=57.79%, 50=26.25%
  lat (msec)   : 100=0.44%, 2000=0.01%
  cpu          : usr=0.47%, sys=5.03%, ctx=54215, majf=0, minf=70
  IO depths    : 1=0.1%, 2=0.1%, 4=100.0%, 8=0.0%, 16=0.0%, 32=0.0%, >=64=0.0%
     submit    : 0=0.0%, 4=100.0%, 8=0.0%, 16=0.0%, 32=0.0%, 64=0.0%, >=64=0.0%
     complete  : 0=0.0%, 4=100.0%, 8=0.0%, 16=0.0%, 32=0.0%, 64=0.0%, >=64=0.0%
     issued rwts: total=54185,0,0,0 short=0,0,0,0 dropped=0,0,0,0
  read: IOPS=177, BW=5691KiB/s (5827kB/s)(1667MiB/300006msec)
    slat (usec): min=23, max=74231, avg=5555.74, stdev=4055.93
    clat (usec): min=26, max=2335.0k, avg=16875.38, stdev=18787.06
     lat (usec): min=130, max=2336.0k, avg=22433.93, stdev=19246.93
    clat percentiles (usec):
     |  1.00th=[ 3523],  5.00th=[ 6587], 10.00th=[ 8586], 20.00th=[11076],
     | 30.00th=[12911], 40.00th=[14615], 50.00th=[16188], 60.00th=[17695],
     | 70.00th=[19530], 80.00th=[21627], 90.00th=[24773], 95.00th=[27919],
     | 99.00th=[37487], 99.50th=[47449], 99.90th=[69731], 99.95th=[76022],
     | 99.99th=[93848]
   bw (  KiB/s): min= 1473, max= 8680, per=3.14%, avg=5713.35, stdev=699.08, samples=299
   iops        : min=  120, max=  320, avg=179.13, stdev=23.15, samples=595
  lat (usec)   : 50=0.01%, 250=0.07%
  lat (msec)   : 2=0.04%, 4=1.36%, 10=13.40%, 20=57.56%, 50=27.16%
  lat (msec)   : 100=0.42%, >=2000=0.01%
  cpu          : usr=0.49%, sys=5.28%, ctx=53360, majf=0, minf=71
     latency   : target=0, window=0, percentile=100.00%, depth=4
random-readers: (groupid=0, jobs=1): err= 0: pid=131465: Fri Jul 16 12:55:49 2021
  IO depths    : 1=0.1%, 2=0.1%, 4=100.0%, 8=0.0%, 16=0.0%, 32=0.0%, >=64=0.0%
     submit    : 0=0.0%, 4=100.0%, 8=0.0%, 16=0.0%, 32=0.0%, 64=0.0%, >=64=0.0%
     complete  : 0=0.0%, 4=100.0%, 8=0.0%, 16=0.0%, 32=0.0%, 64=0.0%, >=64=0.0%
     issued rwts: total=53353,0,0,0 short=0,0,0,0 dropped=0,0,0,0
     latency   : target=0, window=0, percentile=100.00%, depth=4
random-readers: (groupid=0, jobs=1): err= 0: pid=169293: Fri Jul 16 12:55:49 2021
  read: IOPS=179, BW=5738KiB/s (5876kB/s)(1682MiB/300231msec)
    slat (usec): min=24, max=399235, avg=5533.77, stdev=4380.31
    clat (usec): min=22, max=1058.5k, avg=16735.46, stdev=10916.82
     lat (usec): min=136, max=1066.4k, avg=22272.06, stdev=11839.95
    clat percentiles (msec):
     |  1.00th=[    4],  5.00th=[    7], 10.00th=[    9], 20.00th=[   12],
     | 30.00th=[   13], 40.00th=[   15], 50.00th=[   17], 60.00th=[   18],
     | 70.00th=[   20], 80.00th=[   22], 90.00th=[   25], 95.00th=[   28],
  read: IOPS=177, BW=5666KiB/s (5802kB/s)(1660MiB/300008msec)
    slat (usec): min=27, max=89066, avg=5600.28, stdev=4089.66
    clat (usec): min=15, max=1239.5k, avg=16949.81, stdev=11680.12
     lat (usec): min=256, max=1240.8k, avg=22553.06, stdev=12462.86
    clat percentiles (msec):
     |  1.00th=[    4],  5.00th=[    7], 10.00th=[    9], 20.00th=[   12],
     | 30.00th=[   14], 40.00th=[   15], 50.00th=[   17], 60.00th=[   18],
     | 70.00th=[   20], 80.00th=[   22], 90.00th=[   26], 95.00th=[   28],
     | 99.00th=[   40], 99.50th=[   50], 99.90th=[   70], 99.95th=[   77],
     | 99.99th=[  109]
   bw (  KiB/s): min= 1633, max= 9417, per=3.11%, avg=5669.80, stdev=679.96, samples=300
   iops        : min=  102, max=  370, avg=177.64, stdev=23.71, samples=598
  lat (usec)   : 20=0.01%, 250=0.04%, 500=0.03%
  lat (msec)   : 2=0.03%, 4=1.29%, 10=13.10%, 20=57.08%, 50=27.95%
  lat (msec)   : 100=0.46%, 250=0.01%, 2000=0.01%
  cpu          : usr=0.50%, sys=5.01%, ctx=53106, majf=0, minf=70
     | 99.00th=[   37], 99.50th=[   46], 99.90th=[   69], 99.95th=[   75],
     | 99.99th=[  401]
   bw (  KiB/s): min= 2690, max=10154, per=3.16%, avg=5746.06, stdev=731.28, samples=300
   iops        : min=   56, max=  346, avg=179.75, stdev=25.60, samples=599
  lat (usec)   : 50=0.01%, 250=0.02%, 1000=0.01%
  lat (msec)   : 2=0.04%, 4=1.53%, 10=13.69%, 20=57.48%, 50=26.86%
  lat (msec)   : 100=0.37%, 500=0.01%, 2000=0.01%
  cpu          : usr=0.48%, sys=4.82%, ctx=53840, majf=0, minf=71
  IO depths    : 1=0.1%, 2=0.1%, 4=100.0%, 8=0.0%, 16=0.0%, 32=0.0%, >=64=0.0%
     submit    : 0=0.0%, 4=100.0%, 8=0.0%, 16=0.0%, 32=0.0%, 64=0.0%, >=64=0.0%
     complete  : 0=0.0%, 4=100.0%, 8=0.0%, 16=0.0%, 32=0.0%, 64=0.0%, >=64=0.0%
     issued rwts: total=53838,0,0,0 short=0,0,0,0 dropped=0,0,0,0
     latency   : target=0, window=0, percentile=100.00%, depth=4
random-readers: (groupid=0, jobs=1): err= 0: pid=169294: Fri Jul 16 12:55:49 2021
  read: IOPS=177, BW=5692KiB/s (5829kB/s)(1668MiB/300009msec)
  IO depths    : 1=0.1%, 2=0.1%, 4=100.0%, 8=0.0%, 16=0.0%, 32=0.0%, >=64=0.0%
     submit    : 0=0.0%, 4=100.0%, 8=0.0%, 16=0.0%, 32=0.0%, 64=0.0%, >=64=0.0%
     complete  : 0=0.0%, 4=100.0%, 8=0.0%, 16=0.0%, 32=0.0%, 64=0.0%, >=64=0.0%
     issued rwts: total=53119,0,0,0 short=0,0,0,0 dropped=0,0,0,0
     latency   : target=0, window=0, percentile=100.00%, depth=4
random-readers: (groupid=0, jobs=1): err= 0: pid=131466: Fri Jul 16 12:55:49 2021
  read: IOPS=180, BW=5791KiB/s (5930kB/s)(1698MiB/300211msec)
    slat (usec): min=24, max=297922, avg=5484.20, stdev=4174.08
    clat (usec): min=22, max=981118, avg=16583.00, stdev=10269.18
     lat (usec): min=138, max=987188, avg=22070.07, stdev=11180.42
    clat percentiles (msec):
     |  1.00th=[    4],  5.00th=[    7], 10.00th=[    9], 20.00th=[   11],
     | 30.00th=[   13], 40.00th=[   15], 50.00th=[   17], 60.00th=[   18],
     | 70.00th=[   20], 80.00th=[   22], 90.00th=[   25], 95.00th=[   28],
    slat (usec): min=24, max=86435, avg=5552.22, stdev=4124.49
    clat (usec): min=22, max=2450.2k, avg=16871.75, stdev=19627.62
     lat (usec): min=138, max=2453.3k, avg=22426.88, stdev=20101.23
    clat percentiles (usec):
     |  1.00th=[ 3490],  5.00th=[ 6652], 10.00th=[ 8586], 20.00th=[11076],
     | 30.00th=[12911], 40.00th=[14615], 50.00th=[16188], 60.00th=[17695],
     | 70.00th=[19530], 80.00th=[21627], 90.00th=[24773], 95.00th=[27657],
     | 99.00th=[38011], 99.50th=[51119], 99.90th=[71828], 99.95th=[82314],
     | 99.99th=[95945]
   bw (  KiB/s): min= 4612, max= 8936, per=3.15%, avg=5733.71, stdev=662.13, samples=298
   iops        : min=    4, max=  346, avg=178.88, stdev=25.41, samples=596
  lat (usec)   : 50=0.01%, 250=0.01%
  lat (msec)   : 2=0.02%, 4=1.44%, 10=13.51%, 20=57.54%, 50=26.94%
  lat (msec)   : 100=0.52%, >=2000=0.01%
  cpu          : usr=0.46%, sys=5.42%, ctx=53430, majf=0, minf=71
  IO depths    : 1=0.1%, 2=0.1%, 4=100.0%, 8=0.0%, 16=0.0%, 32=0.0%, >=64=0.0%
     | 99.00th=[   37], 99.50th=[   46], 99.90th=[   66], 99.95th=[   72],
     | 99.99th=[  300]
   bw (  KiB/s): min= 1505, max=10506, per=3.18%, avg=5799.07, stdev=788.51, samples=300
   iops        : min=   94, max=  350, avg=181.39, stdev=25.76, samples=599
  lat (usec)   : 50=0.01%, 250=0.02%, 1000=0.01%
  lat (msec)   : 2=0.05%, 4=1.59%, 10=14.30%, 20=57.19%, 50=26.47%
  lat (msec)   : 100=0.37%, 500=0.01%, 1000=0.01%
  cpu          : usr=0.51%, sys=4.91%, ctx=54318, majf=0, minf=71
  IO depths    : 1=0.1%, 2=0.1%, 4=100.0%, 8=0.0%, 16=0.0%, 32=0.0%, >=64=0.0%
     submit    : 0=0.0%, 4=100.0%, 8=0.0%, 16=0.0%, 32=0.0%, 64=0.0%, >=64=0.0%
     complete  : 0=0.0%, 4=100.0%, 8=0.0%, 16=0.0%, 32=0.0%, 64=0.0%, >=64=0.0%
     issued rwts: total=54330,0,0,0 short=0,0,0,0 dropped=0,0,0,0
     latency   : target=0, window=0, percentile=100.00%, depth=4
random-readers: (groupid=0, jobs=1): err= 0: pid=131467: Fri Jul 16 12:55:49 2021
  read: IOPS=178, BW=5727KiB/s (5865kB/s)(1678MiB/300001msec)
     submit    : 0=0.0%, 4=100.0%, 8=0.0%, 16=0.0%, 32=0.0%, 64=0.0%, >=64=0.0%
    slat (usec): min=23, max=316866, avg=5525.26, stdev=4267.81
    clat (usec): min=14, max=2069.0k, avg=16768.11, stdev=17088.04
     lat (usec): min=142, max=2073.8k, avg=22296.30, stdev=17659.09
    clat percentiles (msec):
     |  1.00th=[    4],  5.00th=[    7], 10.00th=[    9], 20.00th=[   11],
     | 30.00th=[   13], 40.00th=[   15], 50.00th=[   17], 60.00th=[   18],
     | 70.00th=[   20], 80.00th=[   22], 90.00th=[   25], 95.00th=[   28],
     | 99.00th=[   39], 99.50th=[   50], 99.90th=[   68], 99.95th=[   75],
     | 99.99th=[  326]
   bw (  KiB/s): min=   96, max= 9280, per=3.15%, avg=5749.98, stdev=765.07, samples=298
   iops        : min=    6, max=  306, avg=179.87, stdev=24.98, samples=596
  lat (usec)   : 20=0.01%, 250=0.01%
  lat (msec)   : 2=0.01%, 4=1.48%, 10=13.85%, 20=57.70%, 50=26.46%
  lat (msec)   : 100=0.48%, 500=0.01%, >=2000=0.01%
  cpu          : usr=0.44%, sys=5.24%, ctx=53746, majf=0, minf=71
  IO depths    : 1=0.1%, 2=0.1%, 4=100.0%, 8=0.0%, 16=0.0%, 32=0.0%, >=64=0.0%
     complete  : 0=0.0%, 4=100.0%, 8=0.0%, 16=0.0%, 32=0.0%, 64=0.0%, >=64=0.0%
     issued rwts: total=53364,0,0,0 short=0,0,0,0 dropped=0,0,0,0
     latency   : target=0, window=0, percentile=100.00%, depth=4
random-readers: (groupid=0, jobs=1): err= 0: pid=169295: Fri Jul 16 12:55:49 2021
  read: IOPS=176, BW=5655KiB/s (5791kB/s)(1657MiB/300001msec)
    slat (usec): min=27, max=81401, avg=5592.24, stdev=4311.74
    clat (usec): min=23, max=2270.3k, avg=16983.80, stdev=18558.42
     lat (usec): min=197, max=2278.9k, avg=22579.00, stdev=19108.87
    clat percentiles (msec):
     |  1.00th=[    4],  5.00th=[    7], 10.00th=[    9], 20.00th=[   12],
     | 30.00th=[   13], 40.00th=[   15], 50.00th=[   17], 60.00th=[   18],
     | 70.00th=[   20], 80.00th=[   22], 90.00th=[   26], 95.00th=[   29],
     | 99.00th=[   41], 99.50th=[   55], 99.90th=[   75], 99.95th=[   82],
     | 99.99th=[  115]
   bw (  KiB/s): min= 2370, max=10432, per=3.12%, avg=5676.03, stdev=750.06, samples=298
     submit    : 0=0.0%, 4=100.0%, 8=0.0%, 16=0.0%, 32=0.0%, 64=0.0%, >=64=0.0%
   iops        : min=   36, max=  368, avg=177.64, stdev=25.91, samples=596
  lat (usec)   : 50=0.01%, 250=0.02%, 500=0.01%
  lat (msec)   : 2=0.02%, 4=1.45%, 10=13.75%, 20=56.66%, 50=27.47%
  lat (msec)   : 100=0.61%, 250=0.01%, >=2000=0.01%
  cpu          : usr=0.45%, sys=5.34%, ctx=53048, majf=0, minf=71
  IO depths    : 1=0.1%, 2=0.1%, 4=100.0%, 8=0.0%, 16=0.0%, 32=0.0%, >=64=0.0%
     submit    : 0=0.0%, 4=100.0%, 8=0.0%, 16=0.0%, 32=0.0%, 64=0.0%, >=64=0.0%
     complete  : 0=0.0%, 4=100.0%, 8=0.0%, 16=0.0%, 32=0.0%, 64=0.0%, >=64=0.0%
     issued rwts: total=53014,0,0,0 short=0,0,0,0 dropped=0,0,0,0
     latency   : target=0, window=0, percentile=100.00%, depth=4
random-readers: (groupid=0, jobs=1): err= 0: pid=169296: Fri Jul 16 12:55:49 2021
  read: IOPS=176, BW=5655KiB/s (5791kB/s)(1657MiB/300001msec)
    slat (usec): min=23, max=83148, avg=5607.50, stdev=4165.68
    clat (usec): min=13, max=1449.5k, avg=16983.24, stdev=13018.74
     lat (usec): min=132, max=1449.6k, avg=22593.71, stdev=13717.65
     complete  : 0=0.0%, 4=100.0%, 8=0.0%, 16=0.0%, 32=0.0%, 64=0.0%, >=64=0.0%
     issued rwts: total=53693,0,0,0 short=0,0,0,0 dropped=0,0,0,0
     latency   : target=0, window=0, percentile=100.00%, depth=4
random-readers: (groupid=0, jobs=1): err= 0: pid=131468: Fri Jul 16 12:55:49 2021
  read: IOPS=177, BW=5693KiB/s (5829kB/s)(1668MiB/300007msec)
    slat (usec): min=24, max=81960, avg=5562.21, stdev=4183.92
    clat (usec): min=22, max=1863.9k, avg=16871.06, stdev=15669.40
     lat (usec): min=142, max=1865.1k, avg=22436.28, stdev=16272.51
    clat percentiles (usec):
     |  1.00th=[ 3458],  5.00th=[ 6521], 10.00th=[ 8586], 20.00th=[11076],
     | 30.00th=[12911], 40.00th=[14484], 50.00th=[16188], 60.00th=[17695],
     | 70.00th=[19530], 80.00th=[21627], 90.00th=[25035], 95.00th=[28181],
     | 99.00th=[39584], 99.50th=[49021], 99.90th=[70779], 99.95th=[77071],
     | 99.99th=[95945]
   bw (  KiB/s): min= 2690, max= 9088, per=3.13%, avg=5715.60, stdev=708.05, samples=299
    clat percentiles (usec):
     |  1.00th=[ 3458],  5.00th=[ 6587], 10.00th=[ 8717], 20.00th=[11207],
     | 30.00th=[13042], 40.00th=[14746], 50.00th=[16319], 60.00th=[17957],
     | 70.00th=[19792], 80.00th=[21890], 90.00th=[25035], 95.00th=[28181],
     | 99.00th=[39584], 99.50th=[51643], 99.90th=[70779], 99.95th=[77071],
     | 99.99th=[92799]
   bw (  KiB/s): min= 4256, max= 8872, per=3.12%, avg=5676.55, stdev=656.61, samples=298
   iops        : min=    6, max=  366, avg=177.07, stdev=24.79, samples=598
  lat (usec)   : 20=0.01%, 250=0.06%, 1000=0.01%
  lat (msec)   : 2=0.04%, 4=1.45%, 10=13.05%, 20=57.05%, 50=27.81%
  lat (msec)   : 100=0.53%, 250=0.01%, 2000=0.01%
  cpu          : usr=0.45%, sys=5.14%, ctx=53016, majf=0, minf=70
  IO depths    : 1=0.1%, 2=0.1%, 4=100.0%, 8=0.0%, 16=0.0%, 32=0.0%, >=64=0.0%
     submit    : 0=0.0%, 4=100.0%, 8=0.0%, 16=0.0%, 32=0.0%, 64=0.0%, >=64=0.0%
     complete  : 0=0.0%, 4=100.0%, 8=0.0%, 16=0.0%, 32=0.0%, 64=0.0%, >=64=0.0%
   iops        : min=   16, max=  360, avg=178.48, stdev=26.04, samples=598
  lat (usec)   : 50=0.01%, 250=0.03%
  lat (msec)   : 2=0.01%, 4=1.60%, 10=13.49%, 20=57.32%, 50=27.08%
  lat (msec)   : 100=0.46%, 250=0.01%, 2000=0.01%
  cpu          : usr=0.48%, sys=5.27%, ctx=53413, majf=0, minf=71
  IO depths    : 1=0.1%, 2=0.1%, 4=100.0%, 8=0.0%, 16=0.0%, 32=0.0%, >=64=0.0%
     submit    : 0=0.0%, 4=100.0%, 8=0.0%, 16=0.0%, 32=0.0%, 64=0.0%, >=64=0.0%
     complete  : 0=0.0%, 4=100.0%, 8=0.0%, 16=0.0%, 32=0.0%, 64=0.0%, >=64=0.0%
     issued rwts: total=53370,0,0,0 short=0,0,0,0 dropped=0,0,0,0
     latency   : target=0, window=0, percentile=100.00%, depth=4
random-readers: (groupid=0, jobs=1): err= 0: pid=131469: Fri Jul 16 12:55:49 2021
  read: IOPS=177, BW=5670KiB/s (5806kB/s)(1661MiB/300006msec)
    slat (usec): min=26, max=82264, avg=5586.31, stdev=4111.88
    clat (usec): min=15, max=1819.8k, avg=16937.42, stdev=15285.95
     lat (usec): min=182, max=1819.9k, avg=22526.55, stdev=15860.71
     issued rwts: total=53014,0,0,0 short=0,0,0,0 dropped=0,0,0,0
     latency   : target=0, window=0, percentile=100.00%, depth=4
random-readers: (groupid=0, jobs=1): err= 0: pid=169297: Fri Jul 16 12:55:49 2021
  read: IOPS=177, BW=5692KiB/s (5828kB/s)(1668MiB/300002msec)
    slat (usec): min=22, max=93042, avg=5556.89, stdev=4241.98
    clat (usec): min=23, max=2229.4k, avg=16872.55, stdev=18156.56
     lat (usec): min=129, max=2231.9k, avg=22432.27, stdev=18664.79
    clat percentiles (msec):
     |  1.00th=[    4],  5.00th=[    7], 10.00th=[    9], 20.00th=[   12],
     | 30.00th=[   13], 40.00th=[   15], 50.00th=[   17], 60.00th=[   18],
     | 70.00th=[   20], 80.00th=[   22], 90.00th=[   25], 95.00th=[   28],
     | 99.00th=[   40], 99.50th=[   54], 99.90th=[   75], 99.95th=[   82],
     | 99.99th=[  103]
   bw (  KiB/s): min= 1024, max= 8968, per=3.14%, avg=5714.24, stdev=712.85, samples=299
   iops        : min=   94, max=  292, avg=179.15, stdev=22.98, samples=595
    clat percentiles (usec):
     |  1.00th=[ 3621],  5.00th=[ 6718], 10.00th=[ 8717], 20.00th=[11207],
     | 30.00th=[13042], 40.00th=[14746], 50.00th=[16319], 60.00th=[17957],
     | 70.00th=[19792], 80.00th=[21890], 90.00th=[25035], 95.00th=[27919],
     | 99.00th=[38011], 99.50th=[48497], 99.90th=[72877], 99.95th=[79168],
     | 99.99th=[94897]
   bw (  KiB/s): min=  192, max= 9097, per=3.11%, avg=5674.04, stdev=744.41, samples=300
   iops        : min=   12, max=  298, avg=177.78, stdev=23.69, samples=598
  lat (usec)   : 20=0.01%, 250=0.06%, 500=0.01%
  lat (msec)   : 2=0.03%, 4=1.34%, 10=13.35%, 20=56.95%, 50=27.80%
  lat (msec)   : 100=0.46%, 250=0.01%, 2000=0.01%
  cpu          : usr=0.44%, sys=5.16%, ctx=53181, majf=0, minf=70
  IO depths    : 1=0.1%, 2=0.1%, 4=100.0%, 8=0.0%, 16=0.0%, 32=0.0%, >=64=0.0%
     submit    : 0=0.0%, 4=100.0%, 8=0.0%, 16=0.0%, 32=0.0%, 64=0.0%, >=64=0.0%
     complete  : 0=0.0%, 4=100.0%, 8=0.0%, 16=0.0%, 32=0.0%, 64=0.0%, >=64=0.0%
  lat (usec)   : 50=0.01%, 250=0.04%
     issued rwts: total=53159,0,0,0 short=0,0,0,0 dropped=0,0,0,0
     latency   : target=0, window=0, percentile=100.00%, depth=4
random-readers: (groupid=0, jobs=1): err= 0: pid=131470: Fri Jul 16 12:55:49 2021
  read: IOPS=178, BW=5710KiB/s (5847kB/s)(1673MiB/300005msec)
    slat (usec): min=24, max=74713, avg=5546.04, stdev=4118.71
    clat (usec): min=15, max=1847.4k, avg=16819.46, stdev=15479.42
     lat (usec): min=143, max=1849.2k, avg=22368.38, stdev=16055.30
    clat percentiles (usec):
     |  1.00th=[ 3458],  5.00th=[ 6456], 10.00th=[ 8586], 20.00th=[11076],
     | 30.00th=[12911], 40.00th=[14615], 50.00th=[16188], 60.00th=[17695],
     | 70.00th=[19530], 80.00th=[21627], 90.00th=[24773], 95.00th=[27919],
     | 99.00th=[38011], 99.50th=[47973], 99.90th=[72877], 99.95th=[77071],
     | 99.99th=[89654]
   bw (  KiB/s): min= 2818, max= 8128, per=3.14%, avg=5732.74, stdev=652.85, samples=299
   iops        : min=   30, max=  326, avg=179.02, stdev=24.29, samples=598
  lat (msec)   : 2=0.01%, 4=1.37%, 10=13.42%, 20=57.97%, 50=26.58%
  lat (msec)   : 100=0.59%, 250=0.01%, >=2000=0.01%
  cpu          : usr=0.46%, sys=5.26%, ctx=53401, majf=0, minf=71
  IO depths    : 1=0.1%, 2=0.1%, 4=100.0%, 8=0.0%, 16=0.0%, 32=0.0%, >=64=0.0%
     submit    : 0=0.0%, 4=100.0%, 8=0.0%, 16=0.0%, 32=0.0%, 64=0.0%, >=64=0.0%
     complete  : 0=0.0%, 4=100.0%, 8=0.0%, 16=0.0%, 32=0.0%, 64=0.0%, >=64=0.0%
     issued rwts: total=53361,0,0,0 short=0,0,0,0 dropped=0,0,0,0
     latency   : target=0, window=0, percentile=100.00%, depth=4
random-readers: (groupid=0, jobs=1): err= 0: pid=169298: Fri Jul 16 12:55:49 2021
  read: IOPS=176, BW=5660KiB/s (5796kB/s)(1658MiB/300004msec)
    slat (usec): min=33, max=75557, avg=5598.88, stdev=4176.50
    clat (usec): min=22, max=1686.4k, avg=16965.85, stdev=14524.42
     lat (usec): min=206, max=1686.4k, avg=22567.56, stdev=15169.17
    clat percentiles (msec):
     |  1.00th=[    4],  5.00th=[    7], 10.00th=[    9], 20.00th=[   12],
  lat (usec)   : 20=0.01%, 250=0.04%, 1000=0.01%
  lat (msec)   : 2=0.02%, 4=1.50%, 10=13.55%, 20=57.59%, 50=26.81%
     | 30.00th=[   14], 40.00th=[   15], 50.00th=[   17], 60.00th=[   18],
     | 70.00th=[   20], 80.00th=[   22], 90.00th=[   26], 95.00th=[   28],
     | 99.00th=[   40], 99.50th=[   52], 99.90th=[   73], 99.95th=[   79],
     | 99.99th=[  101]
   bw (  KiB/s): min=   64, max= 9833, per=3.11%, avg=5663.65, stdev=735.99, samples=300
   iops        : min=   46, max=  330, avg=177.55, stdev=23.96, samples=597
  lat (usec)   : 50=0.01%, 250=0.02%, 500=0.01%
  lat (msec)   : 2=0.01%, 4=1.38%, 10=13.15%, 20=57.39%, 50=27.51%
  lat (msec)   : 100=0.53%, 250=0.01%, 2000=0.01%
  cpu          : usr=0.47%, sys=4.99%, ctx=53112, majf=0, minf=71
  IO depths    : 1=0.1%, 2=0.1%, 4=100.0%, 8=0.0%, 16=0.0%, 32=0.0%, >=64=0.0%
     submit    : 0=0.0%, 4=100.0%, 8=0.0%, 16=0.0%, 32=0.0%, 64=0.0%, >=64=0.0%
     complete  : 0=0.0%, 4=100.0%, 8=0.0%, 16=0.0%, 32=0.0%, 64=0.0%, >=64=0.0%
     issued rwts: total=53066,0,0,0 short=0,0,0,0 dropped=0,0,0,0
     latency   : target=0, window=0, percentile=100.00%, depth=4
  lat (msec)   : 100=0.47%, 2000=0.01%
  cpu          : usr=0.49%, sys=5.17%, ctx=53564, majf=0, minf=70
  IO depths    : 1=0.1%, 2=0.1%, 4=100.0%, 8=0.0%, 16=0.0%, 32=0.0%, >=64=0.0%
     submit    : 0=0.0%, 4=100.0%, 8=0.0%, 16=0.0%, 32=0.0%, 64=0.0%, >=64=0.0%
     complete  : 0=0.0%, 4=100.0%, 8=0.0%, 16=0.0%, 32=0.0%, 64=0.0%, >=64=0.0%
     issued rwts: total=53530,0,0,0 short=0,0,0,0 dropped=0,0,0,0
     latency   : target=0, window=0, percentile=100.00%, depth=4
random-readers: (groupid=0, jobs=1): err= 0: pid=131471: Fri Jul 16 12:55:49 2021
  read: IOPS=178, BW=5699KiB/s (5835kB/s)(1670MiB/300008msec)
    slat (usec): min=24, max=82707, avg=5559.65, stdev=4157.86
    clat (usec): min=24, max=1722.0k, avg=16852.32, stdev=14704.13
     lat (usec): min=140, max=1722.3k, avg=22414.89, stdev=15326.35
    clat percentiles (usec):
     |  1.00th=[ 3589],  5.00th=[ 6587], 10.00th=[ 8586], 20.00th=[11076],
     | 30.00th=[12911], 40.00th=[14615], 50.00th=[16188], 60.00th=[17695],
random-readers: (groupid=0, jobs=1): err= 0: pid=169299: Fri Jul 16 12:55:49 2021
  read: IOPS=179, BW=5742KiB/s (5880kB/s)(1682MiB/300001msec)
    slat (usec): min=23, max=78921, avg=5526.27, stdev=4076.10
    clat (usec): min=15, max=1260.9k, avg=16724.36, stdev=11718.41
     lat (usec): min=135, max=1261.7k, avg=22253.42, stdev=12466.00
    clat percentiles (usec):
     |  1.00th=[ 3458],  5.00th=[ 6521], 10.00th=[ 8586], 20.00th=[10945],
     | 30.00th=[12780], 40.00th=[14484], 50.00th=[16057], 60.00th=[17695],
     | 70.00th=[19530], 80.00th=[21627], 90.00th=[24773], 95.00th=[27919],
     | 99.00th=[37487], 99.50th=[48497], 99.90th=[69731], 99.95th=[76022],
     | 99.99th=[90702]
   bw (  KiB/s): min= 2146, max=10378, per=3.16%, avg=5748.20, stdev=717.57, samples=299
   iops        : min=   58, max=  332, avg=179.82, stdev=24.04, samples=598
  lat (usec)   : 20=0.01%, 250=0.04%, 1000=0.01%
  lat (msec)   : 2=0.02%, 4=1.39%, 10=13.97%, 20=57.31%, 50=26.79%
  lat (msec)   : 100=0.45%, 2000=0.01%
     | 70.00th=[19530], 80.00th=[21627], 90.00th=[24773], 95.00th=[27919],
     | 99.00th=[39584], 99.50th=[51119], 99.90th=[71828], 99.95th=[77071],
     | 99.99th=[91751]
   bw (  KiB/s): min= 4320, max= 8512, per=3.14%, avg=5721.62, stdev=670.58, samples=299
   iops        : min=  118, max=  280, avg=178.97, stdev=23.62, samples=597
  lat (usec)   : 50=0.01%, 250=0.03%
  lat (msec)   : 2=0.01%, 4=1.35%, 10=13.82%, 20=57.31%, 50=26.95%
  lat (msec)   : 100=0.53%, 2000=0.01%
  cpu          : usr=0.45%, sys=5.14%, ctx=53472, majf=0, minf=71
  IO depths    : 1=0.1%, 2=0.1%, 4=100.0%, 8=0.0%, 16=0.0%, 32=0.0%, >=64=0.0%
     submit    : 0=0.0%, 4=100.0%, 8=0.0%, 16=0.0%, 32=0.0%, 64=0.0%, >=64=0.0%
     complete  : 0=0.0%, 4=100.0%, 8=0.0%, 16=0.0%, 32=0.0%, 64=0.0%, >=64=0.0%
     issued rwts: total=53426,0,0,0 short=0,0,0,0 dropped=0,0,0,0
     latency   : target=0, window=0, percentile=100.00%, depth=4
random-readers: (groupid=0, jobs=1): err= 0: pid=131472: Fri Jul 16 12:55:49 2021
  cpu          : usr=0.48%, sys=4.97%, ctx=53847, majf=0, minf=71
  IO depths    : 1=0.1%, 2=0.1%, 4=100.0%, 8=0.0%, 16=0.0%, 32=0.0%, >=64=0.0%
     submit    : 0=0.0%, 4=100.0%, 8=0.0%, 16=0.0%, 32=0.0%, 64=0.0%, >=64=0.0%
     complete  : 0=0.0%, 4=100.0%, 8=0.0%, 16=0.0%, 32=0.0%, 64=0.0%, >=64=0.0%
     issued rwts: total=53834,0,0,0 short=0,0,0,0 dropped=0,0,0,0
     latency   : target=0, window=0, percentile=100.00%, depth=4
random-readers: (groupid=0, jobs=1): err= 0: pid=169300: Fri Jul 16 12:55:49 2021
  read: IOPS=177, BW=5695KiB/s (5832kB/s)(1669MiB/300002msec)
    slat (usec): min=25, max=75300, avg=5549.82, stdev=3996.60
    clat (usec): min=22, max=2423.7k, avg=16861.87, stdev=19344.89
     lat (usec): min=155, max=2429.0k, avg=22414.49, stdev=19792.96
    clat percentiles (usec):
     |  1.00th=[ 3654],  5.00th=[ 6587], 10.00th=[ 8717], 20.00th=[11207],
     | 30.00th=[12911], 40.00th=[14615], 50.00th=[16188], 60.00th=[17957],
  read: IOPS=178, BW=5707KiB/s (5844kB/s)(1672MiB/300001msec)
    slat (usec): min=24, max=68791, avg=5543.51, stdev=4091.55
    clat (usec): min=14, max=2142.4k, avg=16827.34, stdev=17430.06
     lat (usec): min=133, max=2143.4k, avg=22373.77, stdev=17942.19
    clat percentiles (usec):
     |  1.00th=[ 3589],  5.00th=[ 6652], 10.00th=[ 8586], 20.00th=[11076],
     | 30.00th=[12780], 40.00th=[14484], 50.00th=[16057], 60.00th=[17695],
     | 70.00th=[19530], 80.00th=[21627], 90.00th=[24773], 95.00th=[27919],
     | 99.00th=[38536], 99.50th=[49021], 99.90th=[68682], 99.95th=[72877],
     | 99.99th=[88605]
   bw (  KiB/s): min= 2050, max= 8552, per=3.14%, avg=5729.98, stdev=674.16, samples=298
   iops        : min=    6, max=  364, avg=179.23, stdev=24.81, samples=596
  lat (usec)   : 20=0.01%, 250=0.04%, 500=0.01%
  lat (msec)   : 2=0.04%, 4=1.27%, 10=13.91%, 20=57.17%, 50=27.09%
  lat (msec)   : 100=0.47%, 250=0.01%, >=2000=0.01%
  cpu          : usr=0.50%, sys=5.27%, ctx=53535, majf=0, minf=71
     | 70.00th=[19530], 80.00th=[21627], 90.00th=[24773], 95.00th=[27657],
  IO depths    : 1=0.1%, 2=0.1%, 4=100.0%, 8=0.0%, 16=0.0%, 32=0.0%, >=64=0.0%
     submit    : 0=0.0%, 4=100.0%, 8=0.0%, 16=0.0%, 32=0.0%, 64=0.0%, >=64=0.0%
     complete  : 0=0.0%, 4=100.0%, 8=0.0%, 16=0.0%, 32=0.0%, 64=0.0%, >=64=0.0%
     issued rwts: total=53504,0,0,0 short=0,0,0,0 dropped=0,0,0,0
     latency   : target=0, window=0, percentile=100.00%, depth=4
random-readers: (groupid=0, jobs=1): err= 0: pid=131473: Fri Jul 16 12:55:49 2021
  read: IOPS=177, BW=5682KiB/s (5819kB/s)(1665MiB/300001msec)
    slat (usec): min=23, max=72992, avg=5577.35, stdev=3985.90
    clat (usec): min=12, max=1592.7k, avg=16901.18, stdev=13644.87
     lat (usec): min=129, max=1593.7k, avg=22481.52, stdev=14253.39
    clat percentiles (usec):
     |  1.00th=[ 3752],  5.00th=[ 6783], 10.00th=[ 8848], 20.00th=[11207],
     | 30.00th=[13042], 40.00th=[14746], 50.00th=[16319], 60.00th=[17957],
     | 70.00th=[19530], 80.00th=[21627], 90.00th=[25035], 95.00th=[27919],
     | 99.00th=[36439], 99.50th=[44827], 99.90th=[67634], 99.95th=[71828],
     | 99.99th=[85459]
   bw (  KiB/s): min= 4512, max= 8200, per=3.15%, avg=5737.18, stdev=592.61, samples=298
   iops        : min=   50, max=  332, avg=179.24, stdev=23.02, samples=595
  lat (usec)   : 50=0.01%, 250=0.01%
  lat (msec)   : 2=0.01%, 4=1.28%, 10=13.59%, 20=57.29%, 50=27.43%
  lat (msec)   : 100=0.38%, >=2000=0.01%
  cpu          : usr=0.44%, sys=5.37%, ctx=53456, majf=0, minf=72
  IO depths    : 1=0.1%, 2=0.1%, 4=100.0%, 8=0.0%, 16=0.0%, 32=0.0%, >=64=0.0%
     submit    : 0=0.0%, 4=100.0%, 8=0.0%, 16=0.0%, 32=0.0%, 64=0.0%, >=64=0.0%
     complete  : 0=0.0%, 4=100.0%, 8=0.0%, 16=0.0%, 32=0.0%, 64=0.0%, >=64=0.0%
     issued rwts: total=53392,0,0,0 short=0,0,0,0 dropped=0,0,0,0
     latency   : target=0, window=0, percentile=100.00%, depth=4
random-readers: (groupid=0, jobs=1): err= 0: pid=169301: Fri Jul 16 12:55:49 2021
  read: IOPS=179, BW=5738KiB/s (5875kB/s)(1681MiB/300002msec)
     | 99.00th=[36963], 99.50th=[43779], 99.90th=[67634], 99.95th=[73925],
     | 99.99th=[86508]
    slat (usec): min=24, max=71940, avg=5532.14, stdev=4035.22
    clat (usec): min=14, max=1166.5k, avg=16737.86, stdev=11137.10
     lat (usec): min=140, max=1168.3k, avg=22272.99, stdev=11916.42
    clat percentiles (usec):
     |  1.00th=[ 3490],  5.00th=[ 6521], 10.00th=[ 8586], 20.00th=[11076],
     | 30.00th=[12911], 40.00th=[14484], 50.00th=[16188], 60.00th=[17695],
     | 70.00th=[19530], 80.00th=[21627], 90.00th=[24773], 95.00th=[27919],
     | 99.00th=[36963], 99.50th=[44827], 99.90th=[68682], 99.95th=[73925],
     | 99.99th=[87557]
   bw (  KiB/s): min= 1985, max=10826, per=3.16%, avg=5740.97, stdev=730.02, samples=300
   iops        : min=  116, max=  348, avg=179.99, stdev=24.22, samples=597
  lat (usec)   : 20=0.01%, 250=0.09%
  lat (msec)   : 2=0.04%, 4=1.42%, 10=13.62%, 20=57.30%, 50=27.15%
  lat (msec)   : 100=0.37%, 2000=0.01%
  cpu          : usr=0.50%, sys=4.93%, ctx=53749, majf=0, minf=71
  IO depths    : 1=0.1%, 2=0.1%, 4=100.0%, 8=0.0%, 16=0.0%, 32=0.0%, >=64=0.0%
   bw (  KiB/s): min= 3491, max= 8360, per=3.13%, avg=5707.51, stdev=610.49, samples=298
   iops        : min=   78, max=  324, avg=178.19, stdev=21.99, samples=597
  lat (usec)   : 20=0.01%, 250=0.01%
  lat (msec)   : 2=0.01%, 4=1.22%, 10=13.09%, 20=57.51%, 50=27.82%
  lat (msec)   : 100=0.33%, 2000=0.01%
  cpu          : usr=0.50%, sys=5.20%, ctx=53333, majf=0, minf=70
  IO depths    : 1=0.1%, 2=0.1%, 4=100.0%, 8=0.0%, 16=0.0%, 32=0.0%, >=64=0.0%
     submit    : 0=0.0%, 4=100.0%, 8=0.0%, 16=0.0%, 32=0.0%, 64=0.0%, >=64=0.0%
     complete  : 0=0.0%, 4=100.0%, 8=0.0%, 16=0.0%, 32=0.0%, 64=0.0%, >=64=0.0%
     issued rwts: total=53273,0,0,0 short=0,0,0,0 dropped=0,0,0,0
     latency   : target=0, window=0, percentile=100.00%, depth=4
random-readers: (groupid=0, jobs=1): err= 0: pid=131474: Fri Jul 16 12:55:49 2021
  read: IOPS=178, BW=5708KiB/s (5845kB/s)(1673MiB/300197msec)
    slat (usec): min=23, max=441908, avg=5547.21, stdev=4518.97
    clat (usec): min=23, max=1856.3k, avg=16824.43, stdev=15852.70
     submit    : 0=0.0%, 4=100.0%, 8=0.0%, 16=0.0%, 32=0.0%, 64=0.0%, >=64=0.0%
     complete  : 0=0.0%, 4=100.0%, 8=0.0%, 16=0.0%, 32=0.0%, 64=0.0%, >=64=0.0%
     issued rwts: total=53790,0,0,0 short=0,0,0,0 dropped=0,0,0,0
     latency   : target=0, window=0, percentile=100.00%, depth=4
random-readers: (groupid=0, jobs=1): err= 0: pid=169302: Fri Jul 16 12:55:49 2021
  read: IOPS=178, BW=5697KiB/s (5833kB/s)(1669MiB/300010msec)
    slat (usec): min=24, max=250249, avg=5551.39, stdev=4269.91
    clat (usec): min=23, max=2285.2k, avg=16858.33, stdev=18561.63
     lat (usec): min=133, max=2291.6k, avg=22412.48, stdev=19100.47
    clat percentiles (msec):
     |  1.00th=[    4],  5.00th=[    7], 10.00th=[    9], 20.00th=[   12],
     | 30.00th=[   13], 40.00th=[   15], 50.00th=[   17], 60.00th=[   18],
     | 70.00th=[   20], 80.00th=[   22], 90.00th=[   25], 95.00th=[   28],
     | 99.00th=[   39], 99.50th=[   51], 99.90th=[   74], 99.95th=[   80],
     | 99.99th=[  259]
     lat (usec): min=138, max=1858.0k, avg=22374.60, stdev=16511.57
    clat percentiles (msec):
     |  1.00th=[    4],  5.00th=[    7], 10.00th=[    9], 20.00th=[   12],
     | 30.00th=[   13], 40.00th=[   15], 50.00th=[   17], 60.00th=[   18],
     | 70.00th=[   20], 80.00th=[   22], 90.00th=[   25], 95.00th=[   28],
     | 99.00th=[   39], 99.50th=[   50], 99.90th=[   71], 99.95th=[   80],
     | 99.99th=[  443]
   bw (  KiB/s): min= 2562, max=10048, per=3.14%, avg=5734.79, stdev=671.79, samples=299
   iops        : min=   16, max=  334, avg=179.08, stdev=24.14, samples=598
  lat (usec)   : 50=0.01%, 250=0.09%, 1000=0.01%
  lat (msec)   : 2=0.03%, 4=1.52%, 10=13.49%, 20=57.64%, 50=26.73%
  lat (msec)   : 100=0.47%, 250=0.01%, 500=0.01%, 2000=0.01%
  cpu          : usr=0.50%, sys=5.20%, ctx=53529, majf=0, minf=71
  IO depths    : 1=0.1%, 2=0.1%, 4=100.0%, 8=0.0%, 16=0.0%, 32=0.0%, >=64=0.0%
     submit    : 0=0.0%, 4=100.0%, 8=0.0%, 16=0.0%, 32=0.0%, 64=0.0%, >=64=0.0%
   bw (  KiB/s): min= 2274, max= 9641, per=3.14%, avg=5719.15, stdev=723.66, samples=299
   iops        : min=   36, max=  404, avg=179.03, stdev=26.18, samples=596
  lat (usec)   : 50=0.01%, 250=0.10%, 1000=0.01%
  lat (msec)   : 2=0.04%, 4=1.43%, 10=13.78%, 20=57.23%, 50=26.92%
  lat (msec)   : 100=0.49%, 250=0.01%, 500=0.01%, >=2000=0.01%
  cpu          : usr=0.46%, sys=5.29%, ctx=53362, majf=0, minf=72
  IO depths    : 1=0.1%, 2=0.1%, 4=100.0%, 8=0.0%, 16=0.0%, 32=0.0%, >=64=0.0%
     submit    : 0=0.0%, 4=100.0%, 8=0.0%, 16=0.0%, 32=0.0%, 64=0.0%, >=64=0.0%
     complete  : 0=0.0%, 4=100.0%, 8=0.0%, 16=0.0%, 32=0.0%, 64=0.0%, >=64=0.0%
     issued rwts: total=53407,0,0,0 short=0,0,0,0 dropped=0,0,0,0
     latency   : target=0, window=0, percentile=100.00%, depth=4
random-readers: (groupid=0, jobs=1): err= 0: pid=169303: Fri Jul 16 12:55:49 2021
  read: IOPS=177, BW=5690KiB/s (5826kB/s)(1667MiB/300004msec)
    slat (usec): min=25, max=73128, avg=5561.13, stdev=4067.26
     complete  : 0=0.0%, 4=100.0%, 8=0.0%, 16=0.0%, 32=0.0%, 64=0.0%, >=64=0.0%
     issued rwts: total=53549,0,0,0 short=0,0,0,0 dropped=0,0,0,0
     latency   : target=0, window=0, percentile=100.00%, depth=4
random-readers: (groupid=0, jobs=1): err= 0: pid=131475: Fri Jul 16 12:55:49 2021
  read: IOPS=179, BW=5740KiB/s (5877kB/s)(1682MiB/300004msec)
    slat (usec): min=23, max=116029, avg=5530.29, stdev=4103.43
    clat (usec): min=23, max=1112.7k, avg=16732.82, stdev=10908.10
     lat (usec): min=132, max=1117.2k, avg=22266.08, stdev=11752.64
    clat percentiles (msec):
     |  1.00th=[    4],  5.00th=[    7], 10.00th=[    9], 20.00th=[   12],
     | 30.00th=[   13], 40.00th=[   15], 50.00th=[   17], 60.00th=[   18],
     | 70.00th=[   20], 80.00th=[   22], 90.00th=[   25], 95.00th=[   28],
     | 99.00th=[   39], 99.50th=[   48], 99.90th=[   69], 99.95th=[   74],
     | 99.99th=[  125]
   bw (  KiB/s): min= 1633, max= 8872, per=3.15%, avg=5743.33, stdev=721.62, samples=300
    clat (usec): min=22, max=2091.8k, avg=16878.67, stdev=17140.71
   iops        : min=   18, max=  392, avg=179.65, stdev=25.93, samples=599
  lat (usec)   : 50=0.01%, 250=0.09%
  lat (msec)   : 2=0.05%, 4=1.44%, 10=13.70%, 20=57.25%, 50=27.01%
  lat (msec)   : 100=0.44%, 250=0.01%, 2000=0.01%
  cpu          : usr=0.48%, sys=5.08%, ctx=53745, majf=0, minf=70
  IO depths    : 1=0.1%, 2=0.1%, 4=100.0%, 8=0.0%, 16=0.0%, 32=0.0%, >=64=0.0%
     submit    : 0=0.0%, 4=100.0%, 8=0.0%, 16=0.0%, 32=0.0%, 64=0.0%, >=64=0.0%
     complete  : 0=0.0%, 4=100.0%, 8=0.0%, 16=0.0%, 32=0.0%, 64=0.0%, >=64=0.0%
     issued rwts: total=53809,0,0,0 short=0,0,0,0 dropped=0,0,0,0
     latency   : target=0, window=0, percentile=100.00%, depth=4
random-readers: (groupid=0, jobs=1): err= 0: pid=131476: Fri Jul 16 12:55:49 2021
  read: IOPS=177, BW=5691KiB/s (5828kB/s)(1667MiB/300003msec)
    slat (usec): min=23, max=78803, avg=5562.65, stdev=4120.41
    clat (usec): min=14, max=1955.9k, avg=16873.13, stdev=16216.53
     lat (usec): min=129, max=1957.0k, avg=22438.69, stdev=16784.81
     lat (usec): min=137, max=2098.8k, avg=22442.83, stdev=17679.15
    clat percentiles (msec):
     |  1.00th=[    4],  5.00th=[    7], 10.00th=[    9], 20.00th=[   12],
     | 30.00th=[   13], 40.00th=[   15], 50.00th=[   17], 60.00th=[   18],
     | 70.00th=[   20], 80.00th=[   22], 90.00th=[   26], 95.00th=[   28],
     | 99.00th=[   37], 99.50th=[   47], 99.90th=[   72], 99.95th=[   77],
     | 99.99th=[  104]
   bw (  KiB/s): min= 1441, max= 8992, per=3.14%, avg=5712.06, stdev=644.65, samples=299
   iops        : min=  116, max=  338, avg=179.09, stdev=22.34, samples=595
  lat (usec)   : 50=0.01%, 250=0.03%
  lat (msec)   : 2=0.02%, 4=1.42%, 10=13.48%, 20=57.19%, 50=27.44%
  lat (msec)   : 100=0.42%, 250=0.01%, >=2000=0.01%
  cpu          : usr=0.50%, sys=5.29%, ctx=53370, majf=0, minf=71
  IO depths    : 1=0.1%, 2=0.1%, 4=100.0%, 8=0.0%, 16=0.0%, 32=0.0%, >=64=0.0%
     submit    : 0=0.0%, 4=100.0%, 8=0.0%, 16=0.0%, 32=0.0%, 64=0.0%, >=64=0.0%
    clat percentiles (msec):
     complete  : 0=0.0%, 4=100.0%, 8=0.0%, 16=0.0%, 32=0.0%, 64=0.0%, >=64=0.0%
     issued rwts: total=53341,0,0,0 short=0,0,0,0 dropped=0,0,0,0
     latency   : target=0, window=0, percentile=100.00%, depth=4
random-readers: (groupid=0, jobs=1): err= 0: pid=169304: Fri Jul 16 12:55:49 2021
  read: IOPS=177, BW=5691KiB/s (5827kB/s)(1667MiB/300005msec)
    slat (usec): min=24, max=77905, avg=5553.91, stdev=3979.15
    clat (usec): min=14, max=2452.7k, avg=16875.48, stdev=19530.80
     lat (usec): min=139, max=2452.8k, avg=22432.17, stdev=19941.91
    clat percentiles (usec):
     |  1.00th=[ 3523],  5.00th=[ 6652], 10.00th=[ 8586], 20.00th=[11076],
     | 30.00th=[12911], 40.00th=[14615], 50.00th=[16319], 60.00th=[17957],
     | 70.00th=[19530], 80.00th=[21627], 90.00th=[24773], 95.00th=[27657],
     | 99.00th=[36439], 99.50th=[44303], 99.90th=[69731], 99.95th=[76022],
     | 99.99th=[86508]
   bw (  KiB/s): min=  256, max= 8232, per=3.14%, avg=5713.14, stdev=692.03, samples=299
     |  1.00th=[    4],  5.00th=[    7], 10.00th=[    9], 20.00th=[   12],
     | 30.00th=[   13], 40.00th=[   15], 50.00th=[   17], 60.00th=[   18],
     | 70.00th=[   20], 80.00th=[   22], 90.00th=[   25], 95.00th=[   28],
     | 99.00th=[   39], 99.50th=[   50], 99.90th=[   72], 99.95th=[   81],
     | 99.99th=[  107]
   bw (  KiB/s): min=  928, max= 9161, per=3.13%, avg=5714.22, stdev=729.03, samples=299
   iops        : min=   58, max=  336, avg=178.74, stdev=24.16, samples=597
  lat (usec)   : 20=0.01%, 250=0.03%
  lat (msec)   : 2=0.02%, 4=1.44%, 10=13.45%, 20=57.39%, 50=27.19%
  lat (msec)   : 100=0.46%, 250=0.01%, 2000=0.01%
  cpu          : usr=0.43%, sys=5.20%, ctx=53402, majf=0, minf=71
  IO depths    : 1=0.1%, 2=0.1%, 4=100.0%, 8=0.0%, 16=0.0%, 32=0.0%, >=64=0.0%
     submit    : 0=0.0%, 4=100.0%, 8=0.0%, 16=0.0%, 32=0.0%, 64=0.0%, >=64=0.0%
     complete  : 0=0.0%, 4=100.0%, 8=0.0%, 16=0.0%, 32=0.0%, 64=0.0%, >=64=0.0%
     issued rwts: total=53357,0,0,0 short=0,0,0,0 dropped=0,0,0,0
   iops        : min=   48, max=  302, avg=179.10, stdev=23.05, samples=595
  lat (usec)   : 20=0.01%, 250=0.04%
  lat (msec)   : 2=0.03%, 4=1.38%, 10=13.51%, 20=56.79%, 50=27.89%
  lat (msec)   : 100=0.36%, >=2000=0.01%
  cpu          : usr=0.47%, sys=5.31%, ctx=53397, majf=0, minf=71
  IO depths    : 1=0.1%, 2=0.1%, 4=100.0%, 8=0.0%, 16=0.0%, 32=0.0%, >=64=0.0%
     submit    : 0=0.0%, 4=100.0%, 8=0.0%, 16=0.0%, 32=0.0%, 64=0.0%, >=64=0.0%
     complete  : 0=0.0%, 4=100.0%, 8=0.0%, 16=0.0%, 32=0.0%, 64=0.0%, >=64=0.0%
     issued rwts: total=53351,0,0,0 short=0,0,0,0 dropped=0,0,0,0
     latency   : target=0, window=0, percentile=100.00%, depth=4
random-readers: (groupid=0, jobs=1): err= 0: pid=169305: Fri Jul 16 12:55:49 2021
  read: IOPS=176, BW=5658KiB/s (5794kB/s)(1659MiB/300265msec)
    slat (usec): min=24, max=390564, avg=5588.63, stdev=4374.65
    clat (usec): min=23, max=2260.7k, avg=16972.01, stdev=18501.82
     lat (usec): min=144, max=2260.7k, avg=22563.48, stdev=19013.51
     latency   : target=0, window=0, percentile=100.00%, depth=4
random-readers: (groupid=0, jobs=1): err= 0: pid=131477: Fri Jul 16 12:55:49 2021
  read: IOPS=178, BW=5709KiB/s (5846kB/s)(1673MiB/300007msec)
    slat (usec): min=22, max=75045, avg=5541.76, stdev=4047.14
    clat (usec): min=18, max=2145.3k, avg=16823.28, stdev=17411.91
     lat (usec): min=130, max=2145.3k, avg=22367.93, stdev=17892.07
    clat percentiles (usec):
     |  1.00th=[ 3458],  5.00th=[ 6521], 10.00th=[ 8586], 20.00th=[11076],
     | 30.00th=[12911], 40.00th=[14615], 50.00th=[16188], 60.00th=[17695],
     | 70.00th=[19530], 80.00th=[21627], 90.00th=[24773], 95.00th=[27919],
     | 99.00th=[36963], 99.50th=[45351], 99.90th=[68682], 99.95th=[74974],
     | 99.99th=[88605]
   bw (  KiB/s): min=   96, max= 9737, per=3.14%, avg=5731.66, stdev=727.79, samples=299
   iops        : min=    6, max=  330, avg=179.28, stdev=23.74, samples=597
  lat (usec)   : 20=0.01%, 250=0.04%, 1000=0.01%
    clat percentiles (msec):
     |  1.00th=[    4],  5.00th=[    7], 10.00th=[    9], 20.00th=[   12],
     | 30.00th=[   14], 40.00th=[   15], 50.00th=[   17], 60.00th=[   18],
     | 70.00th=[   20], 80.00th=[   22], 90.00th=[   26], 95.00th=[   28],
     | 99.00th=[   38], 99.50th=[   47], 99.90th=[   69], 99.95th=[   77],
     | 99.99th=[  393]
   bw (  KiB/s): min= 2338, max=10112, per=3.13%, avg=5685.59, stdev=682.39, samples=299
   iops        : min=   40, max=  330, avg=177.86, stdev=24.07, samples=597
  lat (usec)   : 50=0.01%, 250=0.02%
  lat (msec)   : 2=0.01%, 4=1.49%, 10=12.92%, 20=57.45%, 50=27.70%
  lat (msec)   : 100=0.39%, 500=0.01%, >=2000=0.01%
  cpu          : usr=0.44%, sys=5.34%, ctx=53149, majf=0, minf=71
  IO depths    : 1=0.1%, 2=0.1%, 4=100.0%, 8=0.0%, 16=0.0%, 32=0.0%, >=64=0.0%
     submit    : 0=0.0%, 4=100.0%, 8=0.0%, 16=0.0%, 32=0.0%, 64=0.0%, >=64=0.0%
     complete  : 0=0.0%, 4=100.0%, 8=0.0%, 16=0.0%, 32=0.0%, 64=0.0%, >=64=0.0%
  lat (msec)   : 2=0.02%, 4=1.50%, 10=13.55%, 20=57.30%, 50=27.17%
  lat (msec)   : 100=0.39%, >=2000=0.01%
  cpu          : usr=0.49%, sys=5.24%, ctx=53564, majf=0, minf=71
  IO depths    : 1=0.1%, 2=0.1%, 4=100.0%, 8=0.0%, 16=0.0%, 32=0.0%, >=64=0.0%
     submit    : 0=0.0%, 4=100.0%, 8=0.0%, 16=0.0%, 32=0.0%, 64=0.0%, >=64=0.0%
     complete  : 0=0.0%, 4=100.0%, 8=0.0%, 16=0.0%, 32=0.0%, 64=0.0%, >=64=0.0%
     issued rwts: total=53520,0,0,0 short=0,0,0,0 dropped=0,0,0,0
     latency   : target=0, window=0, percentile=100.00%, depth=4
random-readers: (groupid=0, jobs=1): err= 0: pid=131478: Fri Jul 16 12:55:49 2021
  read: IOPS=177, BW=5681KiB/s (5817kB/s)(1666MiB/300220msec)
    slat (usec): min=24, max=343706, avg=5569.96, stdev=4288.12
    clat (usec): min=22, max=2074.9k, avg=16905.16, stdev=17059.82
     lat (usec): min=159, max=2074.9k, avg=22478.02, stdev=17605.03
    clat percentiles (msec):
     |  1.00th=[    4],  5.00th=[    7], 10.00th=[    9], 20.00th=[   12],
     issued rwts: total=53094,0,0,0 short=0,0,0,0 dropped=0,0,0,0
     latency   : target=0, window=0, percentile=100.00%, depth=4
     | 30.00th=[   13], 40.00th=[   15], 50.00th=[   17], 60.00th=[   18],
     | 70.00th=[   20], 80.00th=[   22], 90.00th=[   26], 95.00th=[   28],
     | 99.00th=[   39], 99.50th=[   47], 99.90th=[   68], 99.95th=[   74],
     | 99.99th=[  342]
   bw (  KiB/s): min= 1953, max= 9065, per=3.13%, avg=5708.00, stdev=671.46, samples=299
   iops        : min=   74, max=  312, avg=178.54, stdev=23.36, samples=597
  lat (usec)   : 50=0.01%, 250=0.02%
  lat (msec)   : 2=0.01%, 4=1.48%, 10=13.24%, 20=57.25%, 50=27.60%
  lat (msec)   : 100=0.39%, 500=0.01%, >=2000=0.01%
  cpu          : usr=0.50%, sys=5.27%, ctx=53349, majf=0, minf=71
  IO depths    : 1=0.1%, 2=0.1%, 4=100.0%, 8=0.0%, 16=0.0%, 32=0.0%, >=64=0.0%
     submit    : 0=0.0%, 4=100.0%, 8=0.0%, 16=0.0%, 32=0.0%, 64=0.0%, >=64=0.0%
     complete  : 0=0.0%, 4=100.0%, 8=0.0%, 16=0.0%, 32=0.0%, 64=0.0%, >=64=0.0%
     issued rwts: total=53299,0,0,0 short=0,0,0,0 dropped=0,0,0,0
     latency   : target=0, window=0, percentile=100.00%, depth=4
random-readers: (groupid=0, jobs=1): err= 0: pid=169306: Fri Jul 16 12:55:49 2021
  read: IOPS=176, BW=5645KiB/s (5781kB/s)(1654MiB/300009msec)
    slat (usec): min=22, max=341097, avg=5603.25, stdev=4396.81
    clat (usec): min=16, max=2223.8k, avg=17011.35, stdev=18347.29
     lat (usec): min=127, max=2228.6k, avg=22617.49, stdev=18932.36
    clat percentiles (msec):
     |  1.00th=[    4],  5.00th=[    7], 10.00th=[    9], 20.00th=[   12],
     | 30.00th=[   14], 40.00th=[   15], 50.00th=[   17], 60.00th=[   18],
     | 70.00th=[   20], 80.00th=[   22], 90.00th=[   26], 95.00th=[   28],
     | 99.00th=[   40], 99.50th=[   53], 99.90th=[   72], 99.95th=[   77],
     | 99.99th=[  351]
   bw (  KiB/s): min= 2050, max= 9097, per=3.12%, avg=5667.61, stdev=725.97, samples=299
   iops        : min=   26, max=  348, avg=177.39, stdev=25.45, samples=596
  lat (usec)   : 20=0.01%, 250=0.04%, 1000=0.01%
  lat (msec)   : 2=0.02%, 4=1.42%, 10=13.47%, 20=56.58%, 50=27.90%
random-readers: (groupid=0, jobs=1): err= 0: pid=131480: Fri Jul 16 12:55:49 2021
  lat (msec)   : 100=0.55%, 500=0.01%, >=2000=0.01%
  cpu          : usr=0.48%, sys=5.18%, ctx=52970, majf=0, minf=73
  IO depths    : 1=0.1%, 2=0.1%, 4=100.0%, 8=0.0%, 16=0.0%, 32=0.0%, >=64=0.0%
     submit    : 0=0.0%, 4=100.0%, 8=0.0%, 16=0.0%, 32=0.0%, 64=0.0%, >=64=0.0%
     complete  : 0=0.0%, 4=100.0%, 8=0.0%, 16=0.0%, 32=0.0%, 64=0.0%, >=64=0.0%
     issued rwts: total=52926,0,0,0 short=0,0,0,0 dropped=0,0,0,0
     latency   : target=0, window=0, percentile=100.00%, depth=4
random-readers: (groupid=0, jobs=1): err= 0: pid=169307: Fri Jul 16 12:55:49 2021
  read: IOPS=176, BW=5656KiB/s (5791kB/s)(1657MiB/300001msec)
    slat (usec): min=29, max=72491, avg=5597.65, stdev=4159.17
    clat (usec): min=14, max=1974.4k, avg=16980.83, stdev=16419.28
     lat (usec): min=233, max=1980.2k, avg=22581.31, stdev=16985.20
    clat percentiles (usec):
     |  1.00th=[ 3458],  5.00th=[ 6718], 10.00th=[ 8586], 20.00th=[11207],
     | 30.00th=[13042], 40.00th=[14746], 50.00th=[16319], 60.00th=[17957],
  read: IOPS=178, BW=5707KiB/s (5844kB/s)(1672MiB/300010msec)
    slat (usec): min=24, max=307284, avg=5543.76, stdev=4292.58
    clat (usec): min=18, max=2140.9k, avg=16827.93, stdev=17579.73
     lat (usec): min=134, max=2141.9k, avg=22374.47, stdev=18117.78
    clat percentiles (msec):
     |  1.00th=[    4],  5.00th=[    7], 10.00th=[    9], 20.00th=[   12],
     | 30.00th=[   13], 40.00th=[   15], 50.00th=[   17], 60.00th=[   18],
     | 70.00th=[   20], 80.00th=[   22], 90.00th=[   25], 95.00th=[   28],
     | 99.00th=[   38], 99.50th=[   50], 99.90th=[   73], 99.95th=[   80],
     | 99.99th=[  313]
   bw (  KiB/s): min= 2754, max= 9385, per=3.14%, avg=5730.07, stdev=713.31, samples=299
   iops        : min=   54, max=  308, avg=179.23, stdev=23.96, samples=597
  lat (usec)   : 20=0.01%, 250=0.04%
  lat (msec)   : 2=0.02%, 4=1.40%, 10=13.77%, 20=57.43%, 50=26.86%
  lat (msec)   : 100=0.48%, 500=0.01%, >=2000=0.01%
  cpu          : usr=0.50%, sys=5.23%, ctx=53556, majf=0, minf=71
     | 70.00th=[19530], 80.00th=[21890], 90.00th=[25035], 95.00th=[28181],
     | 99.00th=[38011], 99.50th=[50594], 99.90th=[70779], 99.95th=[76022],
     | 99.99th=[88605]
   bw (  KiB/s): min= 1153, max=10474, per=3.12%, avg=5675.39, stdev=720.96, samples=298
   iops        : min=  114, max=  368, avg=177.66, stdev=23.66, samples=596
  lat (usec)   : 20=0.01%, 250=0.01%, 500=0.01%
  lat (msec)   : 2=0.02%, 4=1.41%, 10=13.43%, 20=56.88%, 50=27.72%
  lat (msec)   : 100=0.50%, 250=0.01%, 2000=0.01%
  cpu          : usr=0.46%, sys=5.14%, ctx=53080, majf=0, minf=71
  IO depths    : 1=0.1%, 2=0.1%, 4=100.0%, 8=0.0%, 16=0.0%, 32=0.0%, >=64=0.0%
     submit    : 0=0.0%, 4=100.0%, 8=0.0%, 16=0.0%, 32=0.0%, 64=0.0%, >=64=0.0%
     complete  : 0=0.0%, 4=100.0%, 8=0.0%, 16=0.0%, 32=0.0%, 64=0.0%, >=64=0.0%
     issued rwts: total=53022,0,0,0 short=0,0,0,0 dropped=0,0,0,0
     latency   : target=0, window=0, percentile=100.00%, depth=4
random-readers: (groupid=0, jobs=1): err= 0: pid=169308: Fri Jul 16 12:55:49 2021
  IO depths    : 1=0.1%, 2=0.1%, 4=100.0%, 8=0.0%, 16=0.0%, 32=0.0%, >=64=0.0%
     submit    : 0=0.0%, 4=100.0%, 8=0.0%, 16=0.0%, 32=0.0%, 64=0.0%, >=64=0.0%
     complete  : 0=0.0%, 4=100.0%, 8=0.0%, 16=0.0%, 32=0.0%, 64=0.0%, >=64=0.0%
     issued rwts: total=53505,0,0,0 short=0,0,0,0 dropped=0,0,0,0
     latency   : target=0, window=0, percentile=100.00%, depth=4
random-readers: (groupid=0, jobs=1): err= 0: pid=131481: Fri Jul 16 12:55:49 2021
  read: IOPS=178, BW=5716KiB/s (5853kB/s)(1675MiB/300001msec)
    slat (usec): min=24, max=66503, avg=5534.32, stdev=4076.03
    clat (usec): min=82, max=2168.4k, avg=16800.82, stdev=17634.61
     lat (usec): min=155, max=2175.1k, avg=22337.97, stdev=18155.36
    clat percentiles (usec):
     |  1.00th=[ 3523],  5.00th=[ 6587], 10.00th=[ 8586], 20.00th=[11076],
     | 30.00th=[12911], 40.00th=[14484], 50.00th=[16057], 60.00th=[17695],
     | 70.00th=[19530], 80.00th=[21627], 90.00th=[24773], 95.00th=[27919],
  read: IOPS=176, BW=5657KiB/s (5792kB/s)(1657MiB/300003msec)
    slat (usec): min=26, max=81117, avg=5587.63, stdev=4133.40
    clat (usec): min=14, max=2452.3k, avg=16977.34, stdev=19692.73
     lat (usec): min=201, max=2460.3k, avg=22567.86, stdev=20178.80
    clat percentiles (usec):
     |  1.00th=[ 3621],  5.00th=[ 6587], 10.00th=[ 8717], 20.00th=[11207],
     | 30.00th=[13042], 40.00th=[14746], 50.00th=[16319], 60.00th=[17957],
     | 70.00th=[19792], 80.00th=[21627], 90.00th=[25035], 95.00th=[27919],
     | 99.00th=[39060], 99.50th=[49546], 99.90th=[70779], 99.95th=[78119],
     | 99.99th=[91751]
   bw (  KiB/s): min= 3875, max= 8256, per=3.13%, avg=5697.90, stdev=674.66, samples=298
   iops        : min=   66, max=  336, avg=178.05, stdev=24.85, samples=595
  lat (usec)   : 20=0.01%, 250=0.07%
  lat (msec)   : 2=0.03%, 4=1.30%, 10=13.36%, 20=57.01%, 50=27.73%
  lat (msec)   : 100=0.49%, >=2000=0.01%
  cpu          : usr=0.48%, sys=5.27%, ctx=53044, majf=0, minf=72
     | 99.00th=[38536], 99.50th=[50070], 99.90th=[69731], 99.95th=[73925],
     | 99.99th=[83362]
   bw (  KiB/s): min=  960, max=10314, per=3.15%, avg=5743.29, stdev=741.61, samples=298
   iops        : min=   60, max=  324, avg=179.58, stdev=24.33, samples=596
  lat (usec)   : 100=0.01%, 250=0.01%
  lat (msec)   : 2=0.03%, 4=1.41%, 10=13.90%, 20=57.27%, 50=26.89%
  lat (msec)   : 100=0.49%, >=2000=0.01%
  cpu          : usr=0.50%, sys=5.22%, ctx=53639, majf=0, minf=70
  IO depths    : 1=0.1%, 2=0.1%, 4=100.0%, 8=0.0%, 16=0.0%, 32=0.0%, >=64=0.0%
     submit    : 0=0.0%, 4=100.0%, 8=0.0%, 16=0.0%, 32=0.0%, 64=0.0%, >=64=0.0%
     complete  : 0=0.0%, 4=100.0%, 8=0.0%, 16=0.0%, 32=0.0%, 64=0.0%, >=64=0.0%
     issued rwts: total=53589,0,0,0 short=0,0,0,0 dropped=0,0,0,0
     latency   : target=0, window=0, percentile=100.00%, depth=4
random-readers: (groupid=0, jobs=1): err= 0: pid=131482: Fri Jul 16 12:55:49 2021
  read: IOPS=177, BW=5678KiB/s (5815kB/s)(1664MiB/300001msec)
  IO depths    : 1=0.1%, 2=0.1%, 4=100.0%, 8=0.0%, 16=0.0%, 32=0.0%, >=64=0.0%
    slat (usec): min=22, max=77343, avg=5569.83, stdev=4176.85
    clat (usec): min=13, max=2173.9k, avg=16912.05, stdev=17785.34
     lat (usec): min=126, max=2178.2k, avg=22484.88, stdev=18316.65
    clat percentiles (usec):
     |  1.00th=[ 3589],  5.00th=[ 6587], 10.00th=[ 8586], 20.00th=[11076],
     | 30.00th=[12911], 40.00th=[14615], 50.00th=[16188], 60.00th=[17957],
     | 70.00th=[19530], 80.00th=[21627], 90.00th=[25035], 95.00th=[27919],
     | 99.00th=[39584], 99.50th=[50070], 99.90th=[71828], 99.95th=[78119],
     | 99.99th=[94897]
   bw (  KiB/s): min= 2466, max= 9705, per=3.13%, avg=5702.26, stdev=706.71, samples=298
   iops        : min=   56, max=  372, avg=178.36, stdev=24.37, samples=596
  lat (usec)   : 20=0.01%, 250=0.07%
  lat (msec)   : 2=0.02%, 4=1.37%, 10=13.60%, 20=57.07%, 50=27.35%
  lat (msec)   : 100=0.51%, 250=0.01%, >=2000=0.01%
  cpu          : usr=0.46%, sys=5.47%, ctx=53254, majf=0, minf=72
  IO depths    : 1=0.1%, 2=0.1%, 4=100.0%, 8=0.0%, 16=0.0%, 32=0.0%, >=64=0.0%
     submit    : 0=0.0%, 4=100.0%, 8=0.0%, 16=0.0%, 32=0.0%, 64=0.0%, >=64=0.0%
     complete  : 0=0.0%, 4=100.0%, 8=0.0%, 16=0.0%, 32=0.0%, 64=0.0%, >=64=0.0%
     issued rwts: total=53031,0,0,0 short=0,0,0,0 dropped=0,0,0,0
     latency   : target=0, window=0, percentile=100.00%, depth=4
random-readers: (groupid=0, jobs=1): err= 0: pid=169309: Fri Jul 16 12:55:49 2021
  read: IOPS=177, BW=5665KiB/s (5801kB/s)(1660MiB/300001msec)
    slat (usec): min=22, max=71127, avg=5580.11, stdev=4156.08
    clat (usec): min=15, max=2410.5k, avg=16953.71, stdev=19422.28
     lat (usec): min=130, max=2415.6k, avg=22536.68, stdev=19901.35
    clat percentiles (msec):
     |  1.00th=[    4],  5.00th=[    7], 10.00th=[    9], 20.00th=[   12],
     | 30.00th=[   13], 40.00th=[   15], 50.00th=[   17], 60.00th=[   18],
     | 70.00th=[   20], 80.00th=[   22], 90.00th=[   26], 95.00th=[   29],
     | 99.00th=[   40], 99.50th=[   51], 99.90th=[   70], 99.95th=[   77],
     | 99.99th=[  103]
     submit    : 0=0.0%, 4=100.0%, 8=0.0%, 16=0.0%, 32=0.0%, 64=0.0%, >=64=0.0%
   bw (  KiB/s): min= 3235, max=10080, per=3.14%, avg=5706.52, stdev=663.54, samples=297
   iops        : min=  104, max=  290, avg=178.30, stdev=22.30, samples=595
  lat (usec)   : 20=0.01%, 250=0.09%
  lat (msec)   : 2=0.01%, 4=1.30%, 10=13.67%, 20=56.94%, 50=27.48%
  lat (msec)   : 100=0.49%, 250=0.01%, >=2000=0.01%
  cpu          : usr=0.50%, sys=5.28%, ctx=53130, majf=0, minf=71
  IO depths    : 1=0.1%, 2=0.1%, 4=100.0%, 8=0.0%, 16=0.0%, 32=0.0%, >=64=0.0%
     submit    : 0=0.0%, 4=100.0%, 8=0.0%, 16=0.0%, 32=0.0%, 64=0.0%, >=64=0.0%
     complete  : 0=0.0%, 4=100.0%, 8=0.0%, 16=0.0%, 32=0.0%, 64=0.0%, >=64=0.0%
     issued rwts: total=53107,0,0,0 short=0,0,0,0 dropped=0,0,0,0
     latency   : target=0, window=0, percentile=100.00%, depth=4

Run status group 0 (all jobs):
   READ: bw=178MiB/s (186MB/s), 5643KiB/s-5779KiB/s (5778kB/s-5918kB/s), io=52.1GiB (55.9GB), run=300001-300265msec
     complete  : 0=0.0%, 4=100.0%, 8=0.0%, 16=0.0%, 32=0.0%, 64=0.0%, >=64=0.0%
     issued rwts: total=53236,0,0,0 short=0,0,0,0 dropped=0,0,0,0
     latency   : target=0, window=0, percentile=100.00%, depth=4
random-readers: (groupid=0, jobs=1): err= 0: pid=131484: Fri Jul 16 12:55:49 2021
  read: IOPS=177, BW=5677KiB/s (5814kB/s)(1663MiB/300004msec)
    slat (usec): min=23, max=75754, avg=5580.23, stdev=4163.62
    clat (usec): min=16, max=1737.6k, avg=16915.90, stdev=14860.85
     lat (usec): min=130, max=1747.0k, avg=22498.92, stdev=15499.25
    clat percentiles (usec):
     |  1.00th=[ 3589],  5.00th=[ 6587], 10.00th=[ 8586], 20.00th=[11076],
     | 30.00th=[12911], 40.00th=[14615], 50.00th=[16188], 60.00th=[17957],
     | 70.00th=[19530], 80.00th=[21627], 90.00th=[25035], 95.00th=[28181],
     | 99.00th=[38536], 99.50th=[52691], 99.90th=[70779], 99.95th=[77071],
     | 99.99th=[87557]
   bw (  KiB/s): min= 4292, max= 8840, per=3.12%, avg=5700.23, stdev=679.23, samples=299
   iops        : min=  112, max=  302, avg=178.30, stdev=23.89, samples=597
  lat (usec)   : 20=0.01%, 250=0.09%
  lat (msec)   : 2=0.01%, 4=1.37%, 10=13.56%, 20=57.16%, 50=27.23%
  lat (msec)   : 100=0.56%, 2000=0.01%
  cpu          : usr=0.41%, sys=5.15%, ctx=53251, majf=0, minf=71
  IO depths    : 1=0.1%, 2=0.1%, 4=100.0%, 8=0.0%, 16=0.0%, 32=0.0%, >=64=0.0%
     submit    : 0=0.0%, 4=100.0%, 8=0.0%, 16=0.0%, 32=0.0%, 64=0.0%, >=64=0.0%
     complete  : 0=0.0%, 4=100.0%, 8=0.0%, 16=0.0%, 32=0.0%, 64=0.0%, >=64=0.0%
     issued rwts: total=53227,0,0,0 short=0,0,0,0 dropped=0,0,0,0
     latency   : target=0, window=0, percentile=100.00%, depth=4

Run status group 0 (all jobs):
   READ: bw=178MiB/s (187MB/s), 5656KiB/s-5791KiB/s (5792kB/s-5930kB/s), io=52.2GiB (56.1GB), run=300001-300220msec


Batch Job Summary Report (version 21.01.1) for Job "fioRandRead" (1470908) on tave

Job information (1/2)
-----------------------------------------------------------------------------------------------------
             Submit            Eligible               Start                 End    Elapsed Time limit
------------------- ------------------- ------------------- ------------------- ---------- ----------
2021-07-16T12:50:45 2021-07-16T12:50:45 2021-07-16T12:50:45 2021-07-16T12:56:26   00:05:41   00:15:00
-----------------------------------------------------------------------------------------------------

Job information (2/2)
-------------------------------------------------------------
    Username      Account    Partition   NNodes        Energy
------------ ------------ ------------ -------- -------------
    afilipci         g138       normal        4    183.763 kJ

