random-writers: (g=0): rw=randwrite, bs=(R) 32.0KiB-32.0KiB, (W) 32.0KiB-32.0KiB, (T) 32.0KiB-32.0KiB, ioengine=libaio, iodepth=4
...
fio-3.27-32-g77c7-dirty
Starting 4 processes
random-writers: (g=0): rw=randwrite, bs=(R) 32.0KiB-32.0KiB, (W) 32.0KiB-32.0KiB, (T) 32.0KiB-32.0KiB, ioengine=libaio, iodepth=4
...
fio-3.27-32-g77c7-dirty
Starting 4 processes
random-writers: (g=0): rw=randwrite, bs=(R) 32.0KiB-32.0KiB, (W) 32.0KiB-32.0KiB, (T) 32.0KiB-32.0KiB, ioengine=libaio, iodepth=4
...
fio-3.27-32-g77c7-dirty
Starting 4 processes
random-writers: (g=0): rw=randwrite, bs=(R) 32.0KiB-32.0KiB, (W) 32.0KiB-32.0KiB, (T) 32.0KiB-32.0KiB, ioengine=libaio, iodepth=4
...
fio-3.27-32-g77c7-dirty
Starting 4 processes

random-writers: (groupid=0, jobs=1): err= 0: pid=159821: Tue Jul 20 14:11:33 2021
  write: IOPS=1575, BW=49.2MiB/s (51.6MB/s)(14.4GiB/300203msec); 0 zone resets
    slat (usec): min=94, max=2326.2k, avg=602.13, stdev=13336.29
    clat (usec): min=18, max=2326.7k, avg=1909.30, stdev=23884.63
     lat (usec): min=160, max=2326.8k, avg=2512.63, stdev=27384.25
    clat percentiles (usec):
     |  1.00th=[   429],  5.00th=[   445], 10.00th=[   469], 20.00th=[   490],
     | 30.00th=[   510], 40.00th=[   529], 50.00th=[   537], 60.00th=[   553],
     | 70.00th=[   570], 80.00th=[   586], 90.00th=[   619], 95.00th=[   660],
     | 99.00th=[  1004], 99.50th=[ 51643], 99.90th=[387974], 99.95th=[509608],
     | 99.99th=[725615]
   bw (  KiB/s): min=   14, max=1756997, per=28.33%, avg=60670.48, stdev=11017.10, samples=472834
   iops        : min=    6, max= 6170, avg=1673.73, stdev=1750.60, samples=565
  lat (usec)   : 20=0.01%, 50=0.01%, 250=0.01%, 500=24.76%, 750=73.14%
  lat (usec)   : 1000=1.10%
  lat (msec)   : 2=0.26%, 4=0.02%, 10=0.04%, 20=0.06%, 50=0.12%
  lat (msec)   : 100=0.10%, 250=0.19%, 500=0.15%, 750=0.04%, 1000=0.01%
  lat (msec)   : 2000=0.01%, >=2000=0.01%
  cpu          : usr=2.39%, sys=29.02%, ctx=1430, majf=0, minf=3743
  IO depths    : 1=0.1%, 2=0.1%, 4=100.0%, 8=0.0%, 16=0.0%, 32=0.0%, >=64=0.0%
     submit    : 0=0.0%, 4=100.0%, 8=0.0%, 16=0.0%, 32=0.0%, 64=0.0%, >=64=0.0%
     complete  : 0=0.0%, 4=100.0%, 8=0.0%, 16=0.0%, 32=0.0%, 64=0.0%, >=64=0.0%
     issued rwts: total=0,472834,0,0 short=0,0,0,0 dropped=0,0,0,0
     latency   : target=0, window=0, percentile=100.00%, depth=4
random-writers: (groupid=0, jobs=1): err= 0: pid=159822: Tue Jul 20 14:11:33 2021
  write: IOPS=1997, BW=62.4MiB/s (65.5MB/s)(18.3GiB/300001msec); 0 zone resets
    slat (usec): min=92, max=1715.4k, avg=476.05, stdev=12983.00
    clat (usec): min=11, max=1850.8k, avg=1506.03, stdev=23228.14
     lat (usec): min=150, max=1851.0k, avg=1983.22, stdev=26951.97
    clat percentiles (usec):
     |  1.00th=[   408],  5.00th=[   416], 10.00th=[   420], 20.00th=[   424],
     | 30.00th=[   433], 40.00th=[   449], 50.00th=[   461], 60.00th=[   474],
     | 70.00th=[   490], 80.00th=[   519], 90.00th=[   545], 95.00th=[   578],
     | 99.00th=[   693], 99.50th=[   914], 99.90th=[421528], 99.95th=[541066],
     | 99.99th=[868221]
   bw (  KiB/s): min=   17, max=2817540, per=32.68%, avg=69992.72, stdev=11178.72, samples=599326
   iops        : min=    2, max= 7278, avg=2156.17, stdev=2872.30, samples=554
  lat (usec)   : 20=0.01%, 250=0.01%, 500=74.37%, 750=24.84%, 1000=0.36%
  lat (msec)   : 2=0.07%, 4=0.01%, 10=0.02%, 20=0.01%, 50=0.03%
  lat (msec)   : 100=0.03%, 250=0.07%, 500=0.11%, 750=0.05%, 1000=0.01%
  lat (msec)   : 2000=0.01%
  cpu          : usr=3.00%, sys=30.60%, ctx=1080, majf=0, minf=4734
  IO depths    : 1=0.1%, 2=0.1%, 4=100.0%, 8=0.0%, 16=0.0%, 32=0.0%, >=64=0.0%
     submit    : 0=0.0%, 4=100.0%, 8=0.0%, 16=0.0%, 32=0.0%, 64=0.0%, >=64=0.0%
     complete  : 0=0.0%, 4=100.0%, 8=0.0%, 16=0.0%, 32=0.0%, 64=0.0%, >=64=0.0%
     issued rwts: total=0,599326,0,0 short=0,0,0,0 dropped=0,0,0,0
     latency   : target=0, window=0, percentile=100.00%, depth=4
random-writers: (groupid=0, jobs=1): err= 0: pid=159823: Tue Jul 20 14:11:33 2021
  write: IOPS=1417, BW=44.3MiB/s (46.5MB/s)(13.0GiB/300492msec); 0 zone resets
    slat (usec): min=96, max=1632.5k, avg=669.94, stdev=13634.26
    clat (usec): min=18, max=1636.3k, avg=2120.94, stdev=24788.01
     lat (usec): min=185, max=1766.3k, avg=2792.18, stdev=28435.39
    clat percentiles (usec):
     |  1.00th=[   433],  5.00th=[   465], 10.00th=[   482], 20.00th=[   510],
     | 30.00th=[   529], 40.00th=[   537], 50.00th=[   553], 60.00th=[   570],
     | 70.00th=[   594], 80.00th=[   611], 90.00th=[   652], 95.00th=[   701],
     | 99.00th=[  1205], 99.50th=[ 88605], 99.90th=[383779], 99.95th=[522191],
     | 99.99th=[910164]
   bw (  KiB/s): min=   20, max=1812389, per=27.28%, avg=58436.15, stdev=11430.73, samples=425985
   iops        : min=    2, max= 5906, avg=1521.36, stdev=1464.27, samples=560
  lat (usec)   : 20=0.01%, 50=0.01%, 250=0.01%, 500=16.60%, 750=80.08%
  lat (usec)   : 1000=1.96%
  lat (msec)   : 2=0.46%, 4=0.03%, 10=0.05%, 20=0.07%, 50=0.14%
  lat (msec)   : 100=0.13%, 250=0.24%, 500=0.17%, 750=0.04%, 1000=0.01%
  lat (msec)   : 2000=0.01%
  cpu          : usr=2.32%, sys=27.26%, ctx=1547, majf=0, minf=3378
  IO depths    : 1=0.1%, 2=0.1%, 4=100.0%, 8=0.0%, 16=0.0%, 32=0.0%, >=64=0.0%
     submit    : 0=0.0%, 4=100.0%, 8=0.0%, 16=0.0%, 32=0.0%, 64=0.0%, >=64=0.0%
     complete  : 0=0.0%, 4=100.0%, 8=0.0%, 16=0.0%, 32=0.0%, 64=0.0%, >=64=0.0%
     issued rwts: total=0,425985,0,0 short=0,0,0,0 dropped=0,0,0,0
     latency   : target=0, window=0, percentile=100.00%, depth=4
random-writers: (groupid=0, jobs=1): err= 0: pid=159824: Tue Jul 20 14:11:33 2021
  write: IOPS=1708, BW=53.4MiB/s (56.0MB/s)(15.7GiB/300546msec); 0 zone resets
    slat (usec): min=93, max=2689.2k, avg=557.38, stdev=14219.77
    clat (usec): min=18, max=2974.5k, avg=1760.78, stdev=25508.03
     lat (usec): min=159, max=2974.6k, avg=2319.36, stdev=29449.99
    clat percentiles (usec):
     |  1.00th=[   416],  5.00th=[   424], 10.00th=[   429], 20.00th=[   449],
     | 30.00th=[   469], 40.00th=[   482], 50.00th=[   498], 60.00th=[   519],
     | 70.00th=[   537], 80.00th=[   553], 90.00th=[   586], 95.00th=[   627],
     | 99.00th=[   898], 99.50th=[ 17695], 99.90th=[392168], 99.95th=[557843],
     | 99.99th=[809501]
   bw (  KiB/s): min=   11, max=1780869, per=30.48%, avg=65276.70, stdev=11364.88, samples=513378
   iops        : min=    2, max= 6994, avg=1860.05, stdev=2135.68, samples=552
  lat (usec)   : 20=0.01%, 50=0.01%, 250=0.01%, 500=50.70%, 750=47.55%
  lat (usec)   : 1000=0.99%
  lat (msec)   : 2=0.18%, 4=0.01%, 10=0.03%, 20=0.04%, 50=0.08%
  lat (msec)   : 100=0.08%, 250=0.14%, 500=0.12%, 750=0.04%, 1000=0.01%
  lat (msec)   : 2000=0.01%, >=2000=0.01%
  cpu          : usr=2.62%, sys=28.62%, ctx=1322, majf=0, minf=4060
  IO depths    : 1=0.1%, 2=0.1%, 4=100.0%, 8=0.0%, 16=0.0%, 32=0.0%, >=64=0.0%
     submit    : 0=0.0%, 4=100.0%, 8=0.0%, 16=0.0%, 32=0.0%, 64=0.0%, >=64=0.0%
     complete  : 0=0.0%, 4=100.0%, 8=0.0%, 16=0.0%, 32=0.0%, 64=0.0%, >=64=0.0%
     issued rwts: total=0,513378,0,0 short=0,0,0,0 dropped=0,0,0,0
     latency   : target=0, window=0, percentile=100.00%, depth=4

Run status group 0 (all jobs):
  WRITE: bw=209MiB/s (219MB/s), 44.3MiB/s-62.4MiB/s (46.5MB/s-65.5MB/s), io=61.4GiB (65.9GB), run=300001-300546msec

random-writers: (groupid=0, jobs=1): err= 0: pid=235537: Tue Jul 20 14:11:33 2021
  write: IOPS=1697, BW=53.0MiB/s (55.6MB/s)(15.5GiB/300001msec); 0 zone resets
    slat (usec): min=94, max=2015.0k, avg=555.31, stdev=12255.55
    clat (usec): min=18, max=2015.7k, avg=1772.47, stdev=22314.26
     lat (usec): min=153, max=2015.9k, avg=2329.01, stdev=25552.37
    clat percentiles (usec):
     |  1.00th=[   433],  5.00th=[   461], 10.00th=[   482], 20.00th=[   506],
     | 30.00th=[   529], 40.00th=[   537], 50.00th=[   553], 60.00th=[   570],
     | 70.00th=[   586], 80.00th=[   611], 90.00th=[   644], 95.00th=[   685],
     | 99.00th=[  1029], 99.50th=[ 33817], 99.90th=[346031], 99.95th=[459277],
     | 99.99th=[826278]
   bw (  KiB/s): min=   16, max=1746695, per=28.67%, avg=58917.69, stdev=10700.64, samples=509135
   iops        : min=    2, max= 6098, avg=1784.09, stdev=1716.77, samples=570
  lat (usec)   : 20=0.01%, 50=0.01%, 250=0.01%, 500=17.36%, 750=79.85%
  lat (usec)   : 1000=1.72%
  lat (msec)   : 2=0.39%, 4=0.03%, 10=0.04%, 20=0.06%, 50=0.10%
  lat (msec)   : 100=0.10%, 250=0.18%, 500=0.14%, 750=0.03%, 1000=0.01%
  lat (msec)   : 2000=0.01%, >=2000=0.01%
  cpu          : usr=2.70%, sys=32.20%, ctx=1388, majf=0, minf=4026
  IO depths    : 1=0.1%, 2=0.1%, 4=100.0%, 8=0.0%, 16=0.0%, 32=0.0%, >=64=0.0%
     submit    : 0=0.0%, 4=100.0%, 8=0.0%, 16=0.0%, 32=0.0%, 64=0.0%, >=64=0.0%
     complete  : 0=0.0%, 4=100.0%, 8=0.0%, 16=0.0%, 32=0.0%, 64=0.0%, >=64=0.0%
     issued rwts: total=0,509135,0,0 short=0,0,0,0 dropped=0,0,0,0
     latency   : target=0, window=0, percentile=100.00%, depth=4
random-writers: (groupid=0, jobs=1): err= 0: pid=235538: Tue Jul 20 14:11:33 2021
  write: IOPS=1422, BW=44.5MiB/s (46.6MB/s)(13.0GiB/300164msec); 0 zone resets
    slat (usec): min=94, max=1276.7k, avg=673.73, stdev=11698.05
    clat (usec): min=18, max=1277.3k, avg=2113.55, stdev=20792.33
     lat (usec): min=164, max=1277.5k, avg=2788.53, stdev=23874.08
    clat percentiles (usec):
     |  1.00th=[   420],  5.00th=[   437], 10.00th=[   453], 20.00th=[   474],
     | 30.00th=[   490], 40.00th=[   506], 50.00th=[   529], 60.00th=[   545],
     | 70.00th=[   562], 80.00th=[   586], 90.00th=[   635], 95.00th=[   717],
     | 99.00th=[ 19792], 99.50th=[114820], 99.90th=[337642], 99.95th=[446694],
     | 99.99th=[608175]
   bw (  KiB/s): min=   25, max=1778935, per=29.96%, avg=61570.67, stdev=13189.74, samples=427007
   iops        : min=   10, max= 6104, avg=1457.11, stdev=1557.50, samples=586
  lat (usec)   : 20=0.01%, 50=0.01%, 250=0.01%, 500=36.60%, 750=59.42%
  lat (usec)   : 1000=2.27%
  lat (msec)   : 2=0.42%, 4=0.05%, 10=0.09%, 20=0.15%, 50=0.23%
  lat (msec)   : 100=0.22%, 250=0.37%, 500=0.15%, 750=0.03%, 1000=0.01%
  lat (msec)   : 2000=0.01%
  cpu          : usr=2.27%, sys=25.25%, ctx=2015, majf=0, minf=3386
  IO depths    : 1=0.1%, 2=0.1%, 4=100.0%, 8=0.0%, 16=0.0%, 32=0.0%, >=64=0.0%
     submit    : 0=0.0%, 4=100.0%, 8=0.0%, 16=0.0%, 32=0.0%, 64=0.0%, >=64=0.0%
     complete  : 0=0.0%, 4=100.0%, 8=0.0%, 16=0.0%, 32=0.0%, 64=0.0%, >=64=0.0%
     issued rwts: total=0,427007,0,0 short=0,0,0,0 dropped=0,0,0,0
     latency   : target=0, window=0, percentile=100.00%, depth=4
random-writers: (groupid=0, jobs=1): err= 0: pid=235539: Tue Jul 20 14:11:33 2021
  write: IOPS=1966, BW=61.4MiB/s (64.4MB/s)(18.0GiB/300499msec); 0 zone resets
    slat (usec): min=92, max=2252.7k, avg=483.73, stdev=12986.54
    clat (usec): min=18, max=2253.1k, avg=1530.21, stdev=22947.94
     lat (usec): min=144, max=2253.2k, avg=2015.11, stdev=26507.19
    clat percentiles (usec):
     |  1.00th=[   408],  5.00th=[   416], 10.00th=[   420], 20.00th=[   429],
     | 30.00th=[   441], 40.00th=[   453], 50.00th=[   465], 60.00th=[   482],
     | 70.00th=[   498], 80.00th=[   529], 90.00th=[   553], 95.00th=[   578],
     | 99.00th=[   685], 99.50th=[   898], 99.90th=[408945], 99.95th=[530580],
     | 99.99th=[826278]
   bw (  KiB/s): min=   14, max=1777970, per=33.64%, avg=69124.71, stdev=10617.98, samples=590827
   iops        : min=    2, max= 7224, avg=2125.26, stdev=2695.60, samples=556
  lat (usec)   : 20=0.01%, 50=0.01%, 250=0.01%, 500=70.17%, 750=29.09%
  lat (usec)   : 1000=0.30%
  lat (msec)   : 2=0.04%, 4=0.01%, 10=0.02%, 20=0.01%, 50=0.05%
  lat (msec)   : 100=0.04%, 250=0.09%, 500=0.12%, 750=0.04%, 1000=0.01%
  lat (msec)   : 2000=0.01%, >=2000=0.01%
  cpu          : usr=2.74%, sys=30.71%, ctx=1168, majf=0, minf=4666
  IO depths    : 1=0.1%, 2=0.1%, 4=100.0%, 8=0.0%, 16=0.0%, 32=0.0%, >=64=0.0%
     submit    : 0=0.0%, 4=100.0%, 8=0.0%, 16=0.0%, 32=0.0%, 64=0.0%, >=64=0.0%
     complete  : 0=0.0%, 4=100.0%, 8=0.0%, 16=0.0%, 32=0.0%, 64=0.0%, >=64=0.0%
     issued rwts: total=0,590827,0,0 short=0,0,0,0 dropped=0,0,0,0
     latency   : target=0, window=0, percentile=100.00%, depth=4
random-writers: (groupid=0, jobs=1): err= 0: pid=235540: Tue Jul 20 14:11:33 2021
  write: IOPS=1342, BW=41.9MiB/s (44.0MB/s)(12.3GiB/300017msec); 0 zone resets
    slat (usec): min=93, max=1509.0k, avg=716.19, stdev=12368.27
    clat (usec): min=18, max=1509.4k, avg=2239.63, stdev=21993.05
     lat (usec): min=165, max=1509.6k, avg=2957.09, stdev=25258.88
    clat percentiles (usec):
     |  1.00th=[   424],  5.00th=[   437], 10.00th=[   453], 20.00th=[   474],
     | 30.00th=[   490], 40.00th=[   510], 50.00th=[   529], 60.00th=[   545],
     | 70.00th=[   562], 80.00th=[   586], 90.00th=[   635], 95.00th=[   709],
     | 99.00th=[ 26346], 99.50th=[122160], 99.90th=[362808], 99.95th=[450888],
     | 99.99th=[675283]
   bw (  KiB/s): min=   21, max=1765517, per=29.89%, avg=61419.05, stdev=12873.17, samples=402717
   iops        : min=    2, max= 6360, avg=1373.15, stdev=1477.51, samples=586
  lat (usec)   : 20=0.01%, 50=0.01%, 250=0.01%, 500=35.51%, 750=60.66%
  lat (usec)   : 1000=2.03%
  lat (msec)   : 2=0.37%, 4=0.06%, 10=0.12%, 20=0.15%, 50=0.27%
  lat (msec)   : 100=0.24%, 250=0.37%, 500=0.17%, 750=0.02%, 1000=0.01%
  lat (msec)   : 2000=0.01%
  cpu          : usr=2.13%, sys=23.78%, ctx=2086, majf=0, minf=3196
  IO depths    : 1=0.1%, 2=0.1%, 4=100.0%, 8=0.0%, 16=0.0%, 32=0.0%, >=64=0.0%
     submit    : 0=0.0%, 4=100.0%, 8=0.0%, 16=0.0%, 32=0.0%, 64=0.0%, >=64=0.0%
     complete  : 0=0.0%, 4=100.0%, 8=0.0%, 16=0.0%, 32=0.0%, 64=0.0%, >=64=0.0%
     issued rwts: total=0,402717,0,0 short=0,0,0,0 dropped=0,0,0,0
     latency   : target=0, window=0, percentile=100.00%, depth=4

Run status group 0 (all jobs):
  WRITE: bw=201MiB/s (210MB/s), 41.9MiB/s-61.4MiB/s (44.0MB/s-64.4MB/s), io=58.9GiB (63.2GB), run=300001-300499msec

random-writers: (groupid=0, jobs=1): err= 0: pid=146957: Tue Jul 20 14:11:33 2021
  write: IOPS=2399, BW=75.0MiB/s (78.6MB/s)(22.0GiB/300424msec); 0 zone resets
    slat (usec): min=93, max=2371.1k, avg=393.12, stdev=10532.38
    clat (usec): min=18, max=2371.7k, avg=1254.59, stdev=18856.57
     lat (usec): min=151, max=2371.9k, avg=1648.83, stdev=21834.30
    clat percentiles (usec):
     |  1.00th=[   412],  5.00th=[   416], 10.00th=[   420], 20.00th=[   424],
     | 30.00th=[   429], 40.00th=[   433], 50.00th=[   445], 60.00th=[   457],
     | 70.00th=[   474], 80.00th=[   494], 90.00th=[   537], 95.00th=[   562],
     | 99.00th=[   734], 99.50th=[   914], 99.90th=[325059], 99.95th=[434111],
     | 99.99th=[683672]
   bw (  KiB/s): min=   13, max=1782807, per=24.23%, avg=71605.93, stdev=10029.85, samples=720903
   iops        : min=    2, max= 7160, avg=2529.47, stdev=3028.52, samples=570
  lat (usec)   : 20=0.01%, 50=0.01%, 250=0.01%, 500=82.54%, 750=16.53%
  lat (usec)   : 1000=0.53%
  lat (msec)   : 2=0.09%, 4=0.01%, 10=0.01%, 20=0.01%, 50=0.03%
  lat (msec)   : 100=0.03%, 250=0.07%, 500=0.11%, 750=0.03%, 1000=0.01%
  lat (msec)   : 2000=0.01%, >=2000=0.01%
  cpu          : usr=3.33%, sys=35.94%, ctx=1227, majf=0, minf=5682
  IO depths    : 1=0.1%, 2=0.1%, 4=100.0%, 8=0.0%, 16=0.0%, 32=0.0%, >=64=0.0%
     submit    : 0=0.0%, 4=100.0%, 8=0.0%, 16=0.0%, 32=0.0%, 64=0.0%, >=64=0.0%
     complete  : 0=0.0%, 4=100.0%, 8=0.0%, 16=0.0%, 32=0.0%, 64=0.0%, >=64=0.0%
     issued rwts: total=0,720903,0,0 short=0,0,0,0 dropped=0,0,0,0
     latency   : target=0, window=0, percentile=100.00%, depth=4
random-writers: (groupid=0, jobs=1): err= 0: pid=146958: Tue Jul 20 14:11:33 2021
  write: IOPS=2402, BW=75.1MiB/s (78.7MB/s)(22.0GiB/300228msec); 0 zone resets
    slat (usec): min=92, max=2120.6k, avg=391.53, stdev=10722.66
    clat (usec): min=18, max=2121.0k, avg=1253.06, stdev=19311.93
     lat (usec): min=159, max=2121.1k, avg=1645.76, stdev=22366.40
    clat percentiles (usec):
     |  1.00th=[   412],  5.00th=[   416], 10.00th=[   420], 20.00th=[   424],
     | 30.00th=[   429], 40.00th=[   437], 50.00th=[   453], 60.00th=[   465],
     | 70.00th=[   482], 80.00th=[   502], 90.00th=[   537], 95.00th=[   570],
     | 99.00th=[   783], 99.50th=[   963], 99.90th=[316670], 99.95th=[450888],
     | 99.99th=[767558]
   bw (  KiB/s): min=   15, max=1757939, per=23.95%, avg=70780.00, stdev=10338.76, samples=721317
   iops        : min=    2, max= 7204, avg=2589.99, stdev=3011.95, samples=557
  lat (usec)   : 20=0.01%, 50=0.01%, 250=0.01%, 500=78.98%, 750=19.85%
  lat (usec)   : 1000=0.71%
  lat (msec)   : 2=0.13%, 4=0.01%, 10=0.01%, 20=0.02%, 50=0.04%
  lat (msec)   : 100=0.03%, 250=0.07%, 500=0.09%, 750=0.03%, 1000=0.01%
  lat (msec)   : 2000=0.01%, >=2000=0.01%
  cpu          : usr=3.51%, sys=36.57%, ctx=1210, majf=0, minf=5687
  IO depths    : 1=0.1%, 2=0.1%, 4=100.0%, 8=0.0%, 16=0.0%, 32=0.0%, >=64=0.0%
     submit    : 0=0.0%, 4=100.0%, 8=0.0%, 16=0.0%, 32=0.0%, 64=0.0%, >=64=0.0%
     complete  : 0=0.0%, 4=100.0%, 8=0.0%, 16=0.0%, 32=0.0%, 64=0.0%, >=64=0.0%
     issued rwts: total=0,721317,0,0 short=0,0,0,0 dropped=0,0,0,0
     latency   : target=0, window=0, percentile=100.00%, depth=4
random-writers: (groupid=0, jobs=1): err= 0: pid=146959: Tue Jul 20 14:11:33 2021
  write: IOPS=2346, BW=73.3MiB/s (76.9MB/s)(21.5GiB/300001msec); 0 zone resets
    slat (usec): min=92, max=1128.1k, avg=402.23, stdev=10649.89
    clat (usec): min=11, max=1407.8k, avg=1282.57, stdev=19066.17
     lat (usec): min=144, max=1408.0k, avg=1685.96, stdev=22025.26
    clat percentiles (usec):
     |  1.00th=[   408],  5.00th=[   416], 10.00th=[   420], 20.00th=[   424],
     | 30.00th=[   429], 40.00th=[   433], 50.00th=[   445], 60.00th=[   457],
     | 70.00th=[   474], 80.00th=[   490], 90.00th=[   529], 95.00th=[   553],
     | 99.00th=[   652], 99.50th=[   840], 99.90th=[337642], 99.95th=[471860],
     | 99.99th=[734004]
   bw (  KiB/s): min=   23, max=2938834, per=24.32%, avg=71853.54, stdev=10292.75, samples=704089
   iops        : min=    2, max= 7256, avg=2471.50, stdev=3030.29, samples=568
  lat (usec)   : 20=0.01%, 50=0.01%, 250=0.01%, 500=83.02%, 750=16.35%
  lat (usec)   : 1000=0.26%
  lat (msec)   : 2=0.05%, 4=0.01%, 10=0.02%, 20=0.01%, 50=0.03%
  lat (msec)   : 100=0.03%, 250=0.07%, 500=0.10%, 750=0.04%, 1000=0.01%
  lat (msec)   : 2000=0.01%
  cpu          : usr=3.19%, sys=35.14%, ctx=1188, majf=0, minf=5551
  IO depths    : 1=0.1%, 2=0.1%, 4=100.0%, 8=0.0%, 16=0.0%, 32=0.0%, >=64=0.0%
     submit    : 0=0.0%, 4=100.0%, 8=0.0%, 16=0.0%, 32=0.0%, 64=0.0%, >=64=0.0%
     complete  : 0=0.0%, 4=100.0%, 8=0.0%, 16=0.0%, 32=0.0%, 64=0.0%, >=64=0.0%
     issued rwts: total=0,704089,0,0 short=0,0,0,0 dropped=0,0,0,0
     latency   : target=0, window=0, percentile=100.00%, depth=4
random-writers: (groupid=0, jobs=1): err= 0: pid=146960: Tue Jul 20 14:11:33 2021
  write: IOPS=2092, BW=65.4MiB/s (68.6MB/s)(19.2GiB/300001msec); 0 zone resets
    slat (usec): min=93, max=2359.5k, avg=451.03, stdev=11001.05
    clat (usec): min=10, max=2360.1k, avg=1437.89, stdev=19784.39
     lat (usec): min=146, max=2360.4k, avg=1890.14, stdev=22845.82
    clat percentiles (usec):
     |  1.00th=[   416],  5.00th=[   420], 10.00th=[   424], 20.00th=[   433],
     | 30.00th=[   445], 40.00th=[   465], 50.00th=[   482], 60.00th=[   494],
     | 70.00th=[   519], 80.00th=[   537], 90.00th=[   578], 95.00th=[   619],
     | 99.00th=[   881], 99.50th=[  1270], 99.90th=[325059], 99.95th=[450888],
     | 99.99th=[708838]
   bw (  KiB/s): min=   13, max=2984335, per=22.78%, avg=67322.42, stdev=11755.61, samples=627897
   iops        : min=    2, max= 7004, avg=2204.01, stdev=2366.46, samples=568
  lat (usec)   : 20=0.01%, 50=0.01%, 250=0.01%, 500=63.36%, 750=34.91%
  lat (usec)   : 1000=1.02%
  lat (msec)   : 2=0.23%, 4=0.02%, 10=0.02%, 20=0.03%, 50=0.06%
  lat (msec)   : 100=0.07%, 250=0.14%, 500=0.10%, 750=0.03%, 1000=0.01%
  lat (msec)   : 2000=0.01%, >=2000=0.01%
  cpu          : usr=3.05%, sys=33.91%, ctx=1339, majf=0, minf=4956
  IO depths    : 1=0.1%, 2=0.1%, 4=100.0%, 8=0.0%, 16=0.0%, 32=0.0%, >=64=0.0%
     submit    : 0=0.0%, 4=100.0%, 8=0.0%, 16=0.0%, 32=0.0%, 64=0.0%, >=64=0.0%
     complete  : 0=0.0%, 4=100.0%, 8=0.0%, 16=0.0%, 32=0.0%, 64=0.0%, >=64=0.0%
     issued rwts: total=0,627897,0,0 short=0,0,0,0 dropped=0,0,0,0
     latency   : target=0, window=0, percentile=100.00%, depth=4

Run status group 0 (all jobs):
  WRITE: bw=289MiB/s (303MB/s), 65.4MiB/s-75.1MiB/s (68.6MB/s-78.7MB/s), io=84.7GiB (90.9GB), run=300001-300424msec

random-writers: (groupid=0, jobs=1): err= 0: pid=149181: Tue Jul 20 14:11:33 2021
  write: IOPS=2839, BW=88.7MiB/s (93.1MB/s)(26.0GiB/300264msec); 0 zone resets
    slat (usec): min=93, max=1407.7k, avg=327.02, stdev=7994.31
    clat (usec): min=19, max=1741.7k, avg=1060.86, stdev=14623.78
     lat (usec): min=159, max=1741.8k, avg=1389.01, stdev=16827.42
    clat percentiles (usec):
     |  1.00th=[   416],  5.00th=[   420], 10.00th=[   424], 20.00th=[   429],
     | 30.00th=[   433], 40.00th=[   437], 50.00th=[   457], 60.00th=[   469],
     | 70.00th=[   486], 80.00th=[   506], 90.00th=[   545], 95.00th=[   578],
     | 99.00th=[   783], 99.50th=[   963], 99.90th=[248513], 99.95th=[337642],
     | 99.99th=[583009]
   bw (  KiB/s): min=   18, max=1721008, per=22.34%, avg=70254.00, stdev=9836.74, samples=852705
   iops        : min=    2, max= 6998, avg=2910.22, stdev=3028.20, samples=586
  lat (usec)   : 20=0.01%, 50=0.01%, 250=0.01%, 500=77.70%, 750=21.14%
  lat (usec)   : 1000=0.70%
  lat (msec)   : 2=0.16%, 4=0.01%, 10=0.01%, 20=0.02%, 50=0.03%
  lat (msec)   : 100=0.03%, 250=0.09%, 500=0.08%, 750=0.01%, 1000=0.01%
  lat (msec)   : 2000=0.01%
  cpu          : usr=4.03%, sys=43.77%, ctx=1312, majf=0, minf=6711
  IO depths    : 1=0.1%, 2=0.1%, 4=100.0%, 8=0.0%, 16=0.0%, 32=0.0%, >=64=0.0%
     submit    : 0=0.0%, 4=100.0%, 8=0.0%, 16=0.0%, 32=0.0%, 64=0.0%, >=64=0.0%
     complete  : 0=0.0%, 4=100.0%, 8=0.0%, 16=0.0%, 32=0.0%, 64=0.0%, >=64=0.0%
     issued rwts: total=0,852705,0,0 short=0,0,0,0 dropped=0,0,0,0
     latency   : target=0, window=0, percentile=100.00%, depth=4
random-writers: (groupid=0, jobs=1): err= 0: pid=149182: Tue Jul 20 14:11:33 2021
  write: IOPS=2512, BW=78.5MiB/s (82.3MB/s)(23.0GiB/300011msec); 0 zone resets
    slat (usec): min=92, max=823618, avg=373.84, stdev=8954.86
    clat (usec): min=18, max=1160.3k, avg=1198.52, stdev=16257.94
     lat (usec): min=152, max=1430.9k, avg=1573.51, stdev=18821.85
    clat percentiles (usec):
     |  1.00th=[   408],  5.00th=[   416], 10.00th=[   420], 20.00th=[   424],
     | 30.00th=[   429], 40.00th=[   433], 50.00th=[   441], 60.00th=[   461],
     | 70.00th=[   478], 80.00th=[   498], 90.00th=[   537], 95.00th=[   562],
     | 99.00th=[   668], 99.50th=[   865], 99.90th=[312476], 99.95th=[400557],
     | 99.99th=[608175]
   bw (  KiB/s): min=   28, max=1781837, per=22.74%, avg=71517.95, stdev=9992.57, samples=753665
   iops        : min=    2, max= 7196, avg=2572.20, stdev=3029.58, samples=586
  lat (usec)   : 20=0.01%, 50=0.01%, 250=0.01%, 500=80.99%, 750=18.29%
  lat (usec)   : 1000=0.32%
  lat (msec)   : 2=0.06%, 4=0.01%, 10=0.01%, 20=0.02%, 50=0.04%
  lat (msec)   : 100=0.04%, 250=0.08%, 500=0.12%, 750=0.02%, 1000=0.01%
  lat (msec)   : 2000=0.01%
  cpu          : usr=3.55%, sys=37.78%, ctx=1414, majf=0, minf=5940
  IO depths    : 1=0.1%, 2=0.1%, 4=100.0%, 8=0.0%, 16=0.0%, 32=0.0%, >=64=0.0%
     submit    : 0=0.0%, 4=100.0%, 8=0.0%, 16=0.0%, 32=0.0%, 64=0.0%, >=64=0.0%
     complete  : 0=0.0%, 4=100.0%, 8=0.0%, 16=0.0%, 32=0.0%, 64=0.0%, >=64=0.0%
     issued rwts: total=0,753665,0,0 short=0,0,0,0 dropped=0,0,0,0
     latency   : target=0, window=0, percentile=100.00%, depth=4
random-writers: (groupid=0, jobs=1): err= 0: pid=149183: Tue Jul 20 14:11:33 2021
  write: IOPS=1857, BW=58.1MiB/s (60.9MB/s)(17.0GiB/300046msec); 0 zone resets
    slat (usec): min=92, max=2276.8k, avg=514.07, stdev=14401.82
    clat (usec): min=18, max=2277.2k, avg=1619.28, stdev=25540.65
     lat (usec): min=157, max=2277.4k, avg=2134.53, stdev=29675.87
    clat percentiles (usec):
     |  1.00th=[   408],  5.00th=[   412], 10.00th=[   416], 20.00th=[   420],
     | 30.00th=[   424], 40.00th=[   441], 50.00th=[   453], 60.00th=[   465],
     | 70.00th=[   482], 80.00th=[   510], 90.00th=[   545], 95.00th=[   586],
     | 99.00th=[   791], 99.50th=[   971], 99.90th=[455082], 99.95th=[608175],
     | 99.99th=[893387]
   bw (  KiB/s): min=   14, max=1801429, per=22.46%, avg=70650.17, stdev=11100.60, samples=557413
   iops        : min=    2, max= 7304, avg=2041.77, stdev=2867.15, samples=546
  lat (usec)   : 20=0.01%, 50=0.01%, 250=0.01%, 500=77.34%, 750=21.44%
  lat (usec)   : 1000=0.75%
  lat (msec)   : 2=0.12%, 4=0.01%, 10=0.01%, 20=0.01%, 50=0.02%
  lat (msec)   : 100=0.03%, 250=0.07%, 500=0.11%, 750=0.06%, 1000=0.02%
  lat (msec)   : 2000=0.01%, >=2000=0.01%
  cpu          : usr=2.73%, sys=28.22%, ctx=1007, majf=0, minf=4405
  IO depths    : 1=0.1%, 2=0.1%, 4=100.0%, 8=0.0%, 16=0.0%, 32=0.0%, >=64=0.0%
     submit    : 0=0.0%, 4=100.0%, 8=0.0%, 16=0.0%, 32=0.0%, 64=0.0%, >=64=0.0%
     complete  : 0=0.0%, 4=100.0%, 8=0.0%, 16=0.0%, 32=0.0%, 64=0.0%, >=64=0.0%
     issued rwts: total=0,557413,0,0 short=0,0,0,0 dropped=0,0,0,0
     latency   : target=0, window=0, percentile=100.00%, depth=4
random-writers: (groupid=0, jobs=1): err= 0: pid=149184: Tue Jul 20 14:11:33 2021
  write: IOPS=2622, BW=82.0MiB/s (85.9MB/s)(24.0GiB/300254msec); 0 zone resets
    slat (usec): min=93, max=1777.7k, avg=357.05, stdev=9509.51
    clat (usec): min=18, max=2210.7k, avg=1148.09, stdev=17349.67
     lat (usec): min=156, max=2210.9k, avg=1506.28, stdev=20012.48
    clat percentiles (usec):
     |  1.00th=[   412],  5.00th=[   416], 10.00th=[   420], 20.00th=[   424],
     | 30.00th=[   429], 40.00th=[   433], 50.00th=[   445], 60.00th=[   457],
     | 70.00th=[   474], 80.00th=[   490], 90.00th=[   529], 95.00th=[   553],
     | 99.00th=[   668], 99.50th=[   832], 99.90th=[283116], 99.95th=[421528],
     | 99.99th=[683672]
   bw (  KiB/s): min=   14, max=1778935, per=22.81%, avg=71749.68, stdev=9497.48, samples=787557
   iops        : min=    2, max= 7136, avg=2729.79, stdev=3083.09, samples=577
  lat (usec)   : 20=0.01%, 50=0.01%, 250=0.01%, 500=83.56%, 750=15.76%
  lat (usec)   : 1000=0.34%
  lat (msec)   : 2=0.04%, 4=0.01%, 10=0.02%, 20=0.02%, 50=0.03%
  lat (msec)   : 100=0.03%, 250=0.08%, 500=0.08%, 750=0.03%, 1000=0.01%
  lat (msec)   : 2000=0.01%, >=2000=0.01%
  cpu          : usr=3.60%, sys=39.39%, ctx=1264, majf=0, minf=6203
  IO depths    : 1=0.1%, 2=0.1%, 4=100.0%, 8=0.0%, 16=0.0%, 32=0.0%, >=64=0.0%
     submit    : 0=0.0%, 4=100.0%, 8=0.0%, 16=0.0%, 32=0.0%, 64=0.0%, >=64=0.0%
     complete  : 0=0.0%, 4=100.0%, 8=0.0%, 16=0.0%, 32=0.0%, 64=0.0%, >=64=0.0%
     issued rwts: total=0,787557,0,0 short=0,0,0,0 dropped=0,0,0,0
     latency   : target=0, window=0, percentile=100.00%, depth=4

Run status group 0 (all jobs):
  WRITE: bw=307MiB/s (322MB/s), 58.1MiB/s-88.7MiB/s (60.9MB/s-93.1MB/s), io=90.1GiB (96.7GB), run=300011-300264msec


Batch Job Summary Report (version 21.01.1) for Job "fioRandWrite" (1471045) on tave

Job information (1/2)
-----------------------------------------------------------------------------------------------------
             Submit            Eligible               Start                 End    Elapsed Time limit
------------------- ------------------- ------------------- ------------------- ---------- ----------
2021-07-20T14:06:27 2021-07-20T14:06:27 2021-07-20T14:06:28 2021-07-20T14:11:41   00:05:13   00:15:00
-----------------------------------------------------------------------------------------------------

Job information (2/2)
-------------------------------------------------------------
    Username      Account    Partition   NNodes        Energy
------------ ------------ ------------ -------- -------------
    afilipci         g138       normal        4    164.031 kJ

