random-writers: (g=0): rw=randwrite, bs=(R) 32.0KiB-32.0KiB, (W) 32.0KiB-32.0KiB, (T) 32.0KiB-32.0KiB, ioengine=libaio, iodepth=4
...
fio-3.27-32-g77c7-dirty
Starting 2 processes
random-writers: (g=0): rw=randwrite, bs=(R) 32.0KiB-32.0KiB, (W) 32.0KiB-32.0KiB, (T) 32.0KiB-32.0KiB, ioengine=libaio, iodepth=4
...
fio-3.27-32-g77c7-dirty
Starting 2 processes
random-writers: (g=0): rw=randwrite, bs=(R) 32.0KiB-32.0KiB, (W) 32.0KiB-32.0KiB, (T) 32.0KiB-32.0KiB, ioengine=libaio, iodepth=4
...
fio-3.27-32-g77c7-dirty
Starting 2 processes
random-writers: (g=0): rw=randwrite, bs=(R) 32.0KiB-32.0KiB, (W) 32.0KiB-32.0KiB, (T) 32.0KiB-32.0KiB, ioengine=libaio, iodepth=4
...
fio-3.27-32-g77c7-dirty
Starting 2 processes

random-writers: (groupid=0, jobs=1): err= 0: pid=205145: Fri Jul  9 16:41:05 2021
  write: IOPS=4457, BW=139MiB/s (146MB/s)(40.8GiB/300001msec); 0 zone resets
    slat (usec): min=92, max=401434, avg=201.46, stdev=2945.95
    clat (usec): min=10, max=507953, avg=677.48, stdev=6286.14
     lat (usec): min=136, max=508084, avg=880.07, stdev=7009.84
    clat percentiles (usec):
     |  1.00th=[   404],  5.00th=[   408], 10.00th=[   412], 20.00th=[   416],
     | 30.00th=[   416], 40.00th=[   420], 50.00th=[   424], 60.00th=[   445],
     | 70.00th=[   461], 80.00th=[   478], 90.00th=[   510], 95.00th=[   537],
     | 99.00th=[   676], 99.50th=[   832], 99.90th=[110625], 99.95th=[143655],
     | 99.99th=[337642]
   bw (  KiB/s): min= 1152, max=235200, per=50.04%, avg=142645.32, stdev=94530.39, samples=599
   iops        : min=   36, max= 7350, avg=4457.67, stdev=2954.07, samples=599
  lat (usec)   : 20=0.01%, 250=0.01%, 500=88.33%, 750=10.97%, 1000=0.40%
  lat (msec)   : 2=0.07%, 4=0.01%, 10=0.01%, 20=0.02%, 50=0.03%
  lat (msec)   : 100=0.04%, 250=0.10%, 500=0.01%, 750=0.01%
  cpu          : usr=6.01%, sys=65.22%, ctx=1527, majf=0, minf=38
  IO depths    : 1=0.1%, 2=0.1%, 4=100.0%, 8=0.0%, 16=0.0%, 32=0.0%, >=64=0.0%
     submit    : 0=0.0%, 4=100.0%, 8=0.0%, 16=0.0%, 32=0.0%, 64=0.0%, >=64=0.0%
     complete  : 0=0.0%, 4=100.0%, 8=0.0%, 16=0.0%, 32=0.0%, 64=0.0%, >=64=0.0%
     issued rwts: total=0,1337119,0,0 short=0,0,0,0 dropped=0,0,0,0
     latency   : target=0, window=0, percentile=100.00%, depth=4
random-writers: (groupid=0, jobs=1): err= 0: pid=205146: Fri Jul  9 16:41:05 2021
  write: IOPS=4450, BW=139MiB/s (146MB/s)(40.7GiB/300001msec); 0 zone resets
    slat (usec): min=92, max=391883, avg=202.73, stdev=3029.31
    clat (usec): min=10, max=753188, avg=678.46, stdev=6345.58
     lat (usec): min=135, max=753374, avg=882.32, stdev=7105.11
    clat percentiles (usec):
     |  1.00th=[   404],  5.00th=[   408], 10.00th=[   408], 20.00th=[   412],
     | 30.00th=[   412], 40.00th=[   416], 50.00th=[   420], 60.00th=[   429],
     | 70.00th=[   449], 80.00th=[   465], 90.00th=[   490], 95.00th=[   529],
     | 99.00th=[   676], 99.50th=[   832], 99.90th=[116917], 99.95th=[145753],
     | 99.99th=[308282]
   bw (  KiB/s): min=  128, max=236544, per=50.05%, avg=142660.39, stdev=97823.82, samples=598
   iops        : min=    4, max= 7392, avg=4458.13, stdev=3056.99, samples=598
  lat (usec)   : 20=0.01%, 250=0.01%, 500=91.50%, 750=7.78%, 1000=0.41%
  lat (msec)   : 2=0.07%, 4=0.01%, 10=0.01%, 20=0.02%, 50=0.03%
  lat (msec)   : 100=0.04%, 250=0.11%, 500=0.01%, 750=0.01%, 1000=0.01%
  cpu          : usr=5.83%, sys=63.67%, ctx=1568, majf=0, minf=39
  IO depths    : 1=0.1%, 2=0.1%, 4=100.0%, 8=0.0%, 16=0.0%, 32=0.0%, >=64=0.0%
     submit    : 0=0.0%, 4=100.0%, 8=0.0%, 16=0.0%, 32=0.0%, 64=0.0%, >=64=0.0%
     complete  : 0=0.0%, 4=100.0%, 8=0.0%, 16=0.0%, 32=0.0%, 64=0.0%, >=64=0.0%
     issued rwts: total=0,1335096,0,0 short=0,0,0,0 dropped=0,0,0,0
     latency   : target=0, window=0, percentile=100.00%, depth=4

Run status group 0 (all jobs):
  WRITE: bw=278MiB/s (292MB/s), 139MiB/s-139MiB/s (146MB/s-146MB/s), io=81.5GiB (87.6GB), run=300001-300001msec

random-writers: (groupid=0, jobs=1): err= 0: pid=224263: Fri Jul  9 16:41:05 2021
  write: IOPS=3412, BW=107MiB/s (112MB/s)(31.2GiB/300001msec); 0 zone resets
    slat (usec): min=92, max=746432, avg=271.88, stdev=5726.32
    clat (usec): min=10, max=746864, avg=883.30, stdev=10501.02
     lat (usec): min=143, max=747014, avg=1156.27, stdev=12103.16
    clat percentiles (usec):
     |  1.00th=[   404],  5.00th=[   408], 10.00th=[   412], 20.00th=[   412],
     | 30.00th=[   416], 40.00th=[   420], 50.00th=[   424], 60.00th=[   437],
     | 70.00th=[   449], 80.00th=[   465], 90.00th=[   490], 95.00th=[   529],
     | 99.00th=[   594], 99.50th=[   725], 99.90th=[214959], 99.95th=[258999],
     | 99.99th=[362808]
   bw (  KiB/s): min=   64, max=234496, per=43.91%, avg=109720.64, stdev=103696.26, samples=596
   iops        : min=    2, max= 7328, avg=3428.77, stdev=3240.51, samples=596
  lat (usec)   : 20=0.01%, 250=0.01%, 500=92.10%, 750=7.44%, 1000=0.16%
  lat (msec)   : 2=0.02%, 4=0.01%, 10=0.02%, 20=0.02%, 50=0.03%
  lat (msec)   : 100=0.03%, 250=0.12%, 500=0.05%, 750=0.01%
  cpu          : usr=4.49%, sys=48.55%, ctx=1388, majf=0, minf=38
  IO depths    : 1=0.1%, 2=0.1%, 4=100.0%, 8=0.0%, 16=0.0%, 32=0.0%, >=64=0.0%
     submit    : 0=0.0%, 4=100.0%, 8=0.0%, 16=0.0%, 32=0.0%, 64=0.0%, >=64=0.0%
     complete  : 0=0.0%, 4=100.0%, 8=0.0%, 16=0.0%, 32=0.0%, 64=0.0%, >=64=0.0%
     issued rwts: total=0,1023887,0,0 short=0,0,0,0 dropped=0,0,0,0
     latency   : target=0, window=0, percentile=100.00%, depth=4
random-writers: (groupid=0, jobs=1): err= 0: pid=224264: Fri Jul  9 16:41:05 2021
  write: IOPS=4395, BW=137MiB/s (144MB/s)(40.2GiB/300001msec); 0 zone resets
    slat (usec): min=92, max=576297, avg=205.84, stdev=3179.07
    clat (usec): min=10, max=576958, avg=686.81, stdev=6433.01
     lat (usec): min=137, max=577177, avg=893.74, stdev=7224.47
    clat percentiles (usec):
     |  1.00th=[   404],  5.00th=[   408], 10.00th=[   412], 20.00th=[   412],
     | 30.00th=[   416], 40.00th=[   416], 50.00th=[   420], 60.00th=[   429],
     | 70.00th=[   449], 80.00th=[   461], 90.00th=[   486], 95.00th=[   523],
     | 99.00th=[   611], 99.50th=[   742], 99.90th=[122160], 99.95th=[154141],
     | 99.99th=[308282]
   bw (  KiB/s): min=  640, max=234496, per=56.29%, avg=140663.07, stdev=97538.13, samples=599
   iops        : min=   20, max= 7328, avg=4395.72, stdev=3048.06, samples=599
  lat (usec)   : 20=0.01%, 250=0.01%, 500=92.66%, 750=6.86%, 1000=0.20%
  lat (msec)   : 2=0.03%, 4=0.01%, 10=0.02%, 20=0.02%, 50=0.03%
  lat (msec)   : 100=0.04%, 250=0.11%, 500=0.01%, 750=0.01%
  cpu          : usr=5.70%, sys=62.78%, ctx=1672, majf=0, minf=39
  IO depths    : 1=0.1%, 2=0.1%, 4=100.0%, 8=0.0%, 16=0.0%, 32=0.0%, >=64=0.0%
     submit    : 0=0.0%, 4=100.0%, 8=0.0%, 16=0.0%, 32=0.0%, 64=0.0%, >=64=0.0%
     complete  : 0=0.0%, 4=100.0%, 8=0.0%, 16=0.0%, 32=0.0%, 64=0.0%, >=64=0.0%
     issued rwts: total=0,1318647,0,0 short=0,0,0,0 dropped=0,0,0,0
     latency   : target=0, window=0, percentile=100.00%, depth=4

Run status group 0 (all jobs):
  WRITE: bw=244MiB/s (256MB/s), 107MiB/s-137MiB/s (112MB/s-144MB/s), io=71.5GiB (76.8GB), run=300001-300001msec

random-writers: (groupid=0, jobs=1): err= 0: pid=205171: Fri Jul  9 16:41:05 2021
  write: IOPS=3407, BW=106MiB/s (112MB/s)(31.2GiB/300001msec); 0 zone resets
    slat (usec): min=92, max=892466, avg=272.26, stdev=5809.53
    clat (usec): min=10, max=892994, avg=884.66, stdev=10617.14
     lat (usec): min=141, max=893142, avg=1158.04, stdev=12224.82
    clat percentiles (usec):
     |  1.00th=[   404],  5.00th=[   408], 10.00th=[   412], 20.00th=[   416],
     | 30.00th=[   416], 40.00th=[   420], 50.00th=[   424], 60.00th=[   441],
     | 70.00th=[   453], 80.00th=[   469], 90.00th=[   498], 95.00th=[   537],
     | 99.00th=[   676], 99.50th=[   832], 99.90th=[204473], 99.95th=[254804],
     | 99.99th=[371196]
   bw (  KiB/s): min=  128, max=231936, per=50.49%, avg=109738.59, stdev=102543.69, samples=595
   iops        : min=    4, max= 7248, avg=3429.33, stdev=3204.49, samples=595
  lat (usec)   : 20=0.01%, 250=0.01%, 500=90.34%, 750=9.00%, 1000=0.33%
  lat (msec)   : 2=0.05%, 4=0.02%, 10=0.02%, 20=0.01%, 50=0.03%
  lat (msec)   : 100=0.03%, 250=0.12%, 500=0.05%, 750=0.01%, 1000=0.01%
  cpu          : usr=4.54%, sys=48.98%, ctx=1328, majf=0, minf=38
  IO depths    : 1=0.1%, 2=0.1%, 4=100.0%, 8=0.0%, 16=0.0%, 32=0.0%, >=64=0.0%
     submit    : 0=0.0%, 4=100.0%, 8=0.0%, 16=0.0%, 32=0.0%, 64=0.0%, >=64=0.0%
     complete  : 0=0.0%, 4=100.0%, 8=0.0%, 16=0.0%, 32=0.0%, 64=0.0%, >=64=0.0%
     issued rwts: total=0,1022350,0,0 short=0,0,0,0 dropped=0,0,0,0
     latency   : target=0, window=0, percentile=100.00%, depth=4
random-writers: (groupid=0, jobs=1): err= 0: pid=205172: Fri Jul  9 16:41:05 2021
  write: IOPS=3385, BW=106MiB/s (111MB/s)(31.0GiB/300055msec); 0 zone resets
    slat (usec): min=92, max=977789, avg=274.34, stdev=6307.25
    clat (usec): min=26, max=1012.3k, avg=890.45, stdev=11454.30
     lat (usec): min=412, max=1012.5k, avg=1165.88, stdev=13211.90
    clat percentiles (usec):
     |  1.00th=[   404],  5.00th=[   408], 10.00th=[   408], 20.00th=[   412],
     | 30.00th=[   416], 40.00th=[   424], 50.00th=[   437], 60.00th=[   445],
     | 70.00th=[   449], 80.00th=[   465], 90.00th=[   494], 95.00th=[   529],
     | 99.00th=[   619], 99.50th=[   758], 99.90th=[206570], 99.95th=[287310],
     | 99.99th=[446694]
   bw (  KiB/s): min=  192, max=233792, per=50.34%, avg=109420.07, stdev=102716.69, samples=594
   iops        : min=    6, max= 7306, avg=3419.37, stdev=3209.89, samples=594
  lat (usec)   : 50=0.01%, 500=91.38%, 750=8.11%, 1000=0.23%
  lat (msec)   : 2=0.02%, 4=0.02%, 10=0.01%, 20=0.01%, 50=0.03%
  lat (msec)   : 100=0.04%, 250=0.08%, 500=0.07%, 750=0.01%, 1000=0.01%
  lat (msec)   : 2000=0.01%
  cpu          : usr=4.43%, sys=48.64%, ctx=1175, majf=0, minf=39
  IO depths    : 1=0.1%, 2=0.1%, 4=100.0%, 8=0.0%, 16=0.0%, 32=0.0%, >=64=0.0%
     submit    : 0=0.0%, 4=100.0%, 8=0.0%, 16=0.0%, 32=0.0%, 64=0.0%, >=64=0.0%
     complete  : 0=0.0%, 4=100.0%, 8=0.0%, 16=0.0%, 32=0.0%, 64=0.0%, >=64=0.0%
     issued rwts: total=0,1015809,0,0 short=0,0,0,0 dropped=0,0,0,0
     latency   : target=0, window=0, percentile=100.00%, depth=4

Run status group 0 (all jobs):
  WRITE: bw=212MiB/s (223MB/s), 106MiB/s-106MiB/s (111MB/s-112MB/s), io=62.2GiB (66.8GB), run=300001-300055msec

random-writers: (groupid=0, jobs=1): err= 0: pid=202869: Fri Jul  9 16:41:06 2021
  write: IOPS=3382, BW=106MiB/s (111MB/s)(31.0GiB/300309msec); 0 zone resets
    slat (usec): min=92, max=728618, avg=274.47, stdev=5837.58
    clat (usec): min=26, max=836249, avg=891.15, stdev=10697.41
     lat (usec): min=410, max=836510, avg=1166.73, stdev=12317.56
    clat percentiles (usec):
     |  1.00th=[   400],  5.00th=[   404], 10.00th=[   408], 20.00th=[   412],
     | 30.00th=[   412], 40.00th=[   416], 50.00th=[   433], 60.00th=[   441],
     | 70.00th=[   453], 80.00th=[   465], 90.00th=[   494], 95.00th=[   529],
     | 99.00th=[   652], 99.50th=[   807], 99.90th=[208667], 99.95th=[278922],
     | 99.99th=[396362]
   bw (  KiB/s): min=   64, max=235456, per=43.28%, avg=108545.50, stdev=103272.64, samples=599
   iops        : min=    2, max= 7358, avg=3392.04, stdev=3227.27, samples=599
  lat (usec)   : 50=0.01%, 500=91.17%, 750=8.20%, 1000=0.29%
  lat (msec)   : 2=0.05%, 4=0.02%, 10=0.02%, 20=0.02%, 50=0.03%
  lat (msec)   : 100=0.04%, 250=0.10%, 500=0.06%, 750=0.01%, 1000=0.01%
  cpu          : usr=4.41%, sys=48.40%, ctx=1276, majf=0, minf=38
  IO depths    : 1=0.1%, 2=0.1%, 4=100.0%, 8=0.0%, 16=0.0%, 32=0.0%, >=64=0.0%
     submit    : 0=0.0%, 4=100.0%, 8=0.0%, 16=0.0%, 32=0.0%, 64=0.0%, >=64=0.0%
     complete  : 0=0.0%, 4=100.0%, 8=0.0%, 16=0.0%, 32=0.0%, 64=0.0%, >=64=0.0%
     issued rwts: total=0,1015922,0,0 short=0,0,0,0 dropped=0,0,0,0
     latency   : target=0, window=0, percentile=100.00%, depth=4
random-writers: (groupid=0, jobs=1): err= 0: pid=202870: Fri Jul  9 16:41:06 2021
  write: IOPS=4458, BW=139MiB/s (146MB/s)(40.8GiB/300001msec); 0 zone resets
    slat (usec): min=93, max=491005, avg=202.39, stdev=2959.19
    clat (usec): min=10, max=794839, avg=677.30, stdev=6203.45
     lat (usec): min=138, max=794979, avg=880.82, stdev=6941.10
    clat percentiles (usec):
     |  1.00th=[   404],  5.00th=[   408], 10.00th=[   412], 20.00th=[   416],
     | 30.00th=[   416], 40.00th=[   420], 50.00th=[   424], 60.00th=[   437],
     | 70.00th=[   453], 80.00th=[   469], 90.00th=[   494], 95.00th=[   529],
     | 99.00th=[   652], 99.50th=[   816], 99.90th=[111674], 99.95th=[143655],
     | 99.99th=[283116]
   bw (  KiB/s): min= 1664, max=233216, per=57.00%, avg=142930.19, stdev=96043.78, samples=598
   iops        : min=   52, max= 7288, avg=4466.57, stdev=3001.37, samples=598
  lat (usec)   : 20=0.01%, 250=0.01%, 500=91.21%, 750=8.14%, 1000=0.34%
  lat (msec)   : 2=0.07%, 4=0.01%, 10=0.02%, 20=0.02%, 50=0.04%
  lat (msec)   : 100=0.04%, 250=0.11%, 500=0.01%, 750=0.01%, 1000=0.01%
  cpu          : usr=5.98%, sys=64.13%, ctx=1633, majf=0, minf=39
  IO depths    : 1=0.1%, 2=0.1%, 4=100.0%, 8=0.0%, 16=0.0%, 32=0.0%, >=64=0.0%
     submit    : 0=0.0%, 4=100.0%, 8=0.0%, 16=0.0%, 32=0.0%, 64=0.0%, >=64=0.0%
     complete  : 0=0.0%, 4=100.0%, 8=0.0%, 16=0.0%, 32=0.0%, 64=0.0%, >=64=0.0%
     issued rwts: total=0,1337472,0,0 short=0,0,0,0 dropped=0,0,0,0
     latency   : target=0, window=0, percentile=100.00%, depth=4

Run status group 0 (all jobs):
  WRITE: bw=245MiB/s (257MB/s), 106MiB/s-139MiB/s (111MB/s-146MB/s), io=71.8GiB (77.1GB), run=300001-300309msec


Batch Job Summary Report (version 21.01.1) for Job "fioTest" (1470551) on tave

Job information (1/2)
-----------------------------------------------------------------------------------------------------
             Submit            Eligible               Start                 End    Elapsed Time limit
------------------- ------------------- ------------------- ------------------- ---------- ----------
2021-07-09T16:36:01 2021-07-09T16:36:01 2021-07-09T16:36:02 2021-07-09T16:41:11   00:05:09   00:06:00
-----------------------------------------------------------------------------------------------------

Job information (2/2)
-------------------------------------------------------------
    Username      Account    Partition   NNodes        Energy
------------ ------------ ------------ -------- -------------
    afilipci         g138       normal        4    160.974 kJ

