random-readers: (g=0): rw=randread, bs=(R) 32.0KiB-32.0KiB, (W) 32.0KiB-32.0KiB, (T) 32.0KiB-32.0KiB, ioengine=libaio, iodepth=4
...
fio-3.27-32-g77c7-dirty
Starting 32 processes
random-readers: Laying out IO file (1 file / 1024MiB)
random-readers: Laying out IO file (1 file / 1024MiB)
random-readers: Laying out IO file (1 file / 1024MiB)
random-readers: Laying out IO file (1 file / 1024MiB)
random-readers: Laying out IO file (1 file / 1024MiB)
random-readers: Laying out IO file (1 file / 1024MiB)
random-readers: Laying out IO file (1 file / 1024MiB)
random-readers: Laying out IO file (1 file / 1024MiB)
random-readers: Laying out IO file (1 file / 1024MiB)
random-readers: Laying out IO file (1 file / 1024MiB)
random-readers: Laying out IO file (1 file / 1024MiB)
random-readers: Laying out IO file (1 file / 1024MiB)
random-readers: Laying out IO file (1 file / 1024MiB)
random-readers: Laying out IO file (1 file / 1024MiB)
random-readers: Laying out IO file (1 file / 1024MiB)
random-readers: Laying out IO file (1 file / 1024MiB)

random-readers: (groupid=0, jobs=1): err= 0: pid=144385: Fri Jul 16 11:25:09 2021
  read: IOPS=289, BW=9254KiB/s (9476kB/s)(2711MiB/300001msec)
    slat (usec): min=23, max=65299, avg=3408.84, stdev=3147.00
    clat (usec): min=14, max=1174.4k, avg=10381.55, stdev=10932.39
     lat (usec): min=130, max=1174.4k, avg=13793.15, stdev=11393.51
    clat percentiles (usec):
     |  1.00th=[ 3163],  5.00th=[ 3621], 10.00th=[ 4047], 20.00th=[ 5014],
     | 30.00th=[ 6390], 40.00th=[ 8094], 50.00th=[ 9765], 60.00th=[11207],
     | 70.00th=[12518], 80.00th=[14484], 90.00th=[17695], 95.00th=[20055],
     | 99.00th=[25822], 99.50th=[28705], 99.90th=[43779], 99.95th=[54264],
     | 99.99th=[80217]
   bw (  KiB/s): min= 2272, max=16032, per=3.20%, avg=9258.20, stdev=1183.36, samples=299
   iops        : min=   76, max=  520, avg=290.58, stdev=37.58, samples=596
  lat (usec)   : 20=0.01%, 250=0.02%
  lat (msec)   : 2=0.01%, 4=9.44%, 10=42.16%, 20=43.16%, 50=5.14%
  lat (msec)   : 100=0.06%, 2000=0.01%
  cpu          : usr=0.67%, sys=8.04%, ctx=86830, majf=0, minf=70
  IO depths    : 1=0.1%, 2=0.1%, 4=100.0%, 8=0.0%, 16=0.0%, 32=0.0%, >=64=0.0%
     submit    : 0=0.0%, 4=100.0%, 8=0.0%, 16=0.0%, 32=0.0%, 64=0.0%, >=64=0.0%
     complete  : 0=0.0%, 4=100.0%, 8=0.0%, 16=0.0%, 32=0.0%, 64=0.0%, >=64=0.0%
     issued rwts: total=86753,0,0,0 short=0,0,0,0 dropped=0,0,0,0
     latency   : target=0, window=0, percentile=100.00%, depth=4
random-readers: (groupid=0, jobs=1): err= 0: pid=144386: Fri Jul 16 11:25:09 2021
  read: IOPS=283, BW=9061KiB/s (9278kB/s)(2655MiB/300005msec)
    slat (usec): min=23, max=360666, avg=3478.86, stdev=3345.03
    clat (usec): min=15, max=1234.4k, avg=10602.36, stdev=11709.23
     lat (usec): min=131, max=1234.4k, avg=14084.21, stdev=12204.14
    clat percentiles (msec):
     |  1.00th=[    4],  5.00th=[    4], 10.00th=[    5], 20.00th=[    6],
     | 30.00th=[    7], 40.00th=[    9], 50.00th=[   11], 60.00th=[   12],
     | 70.00th=[   13], 80.00th=[   15], 90.00th=[   18], 95.00th=[   21],
     | 99.00th=[   27], 99.50th=[   29], 99.90th=[   38], 99.95th=[   46],
     | 99.99th=[  363]
   bw (  KiB/s): min= 2882, max=14606, per=3.13%, avg=9066.91, stdev=1201.14, samples=300
   iops        : min=   90, max=  519, avg=285.04, stdev=39.91, samples=596
  lat (usec)   : 20=0.01%, 250=0.09%, 500=0.01%
  lat (msec)   : 2=0.08%, 4=8.53%, 10=41.33%, 20=44.19%, 50=5.73%
  lat (msec)   : 100=0.03%, 500=0.01%, 2000=0.01%
  cpu          : usr=0.81%, sys=8.38%, ctx=84870, majf=0, minf=71
  IO depths    : 1=0.1%, 2=0.1%, 4=100.0%, 8=0.0%, 16=0.0%, 32=0.0%, >=64=0.0%
     submit    : 0=0.0%, 4=100.0%, 8=0.0%, 16=0.0%, 32=0.0%, 64=0.0%, >=64=0.0%
     complete  : 0=0.0%, 4=100.0%, 8=0.0%, 16=0.0%, 32=0.0%, 64=0.0%, >=64=0.0%
     issued rwts: total=84945,0,0,0 short=0,0,0,0 dropped=0,0,0,0
     latency   : target=0, window=0, percentile=100.00%, depth=4
random-readers: (groupid=0, jobs=1): err= 0: pid=144387: Fri Jul 16 11:25:09 2021
  read: IOPS=281, BW=9023KiB/s (9239kB/s)(2643MiB/300004msec)
    slat (usec): min=23, max=67955, avg=3495.34, stdev=3263.20
    clat (usec): min=22, max=1224.6k, avg=10646.18, stdev=11600.88
     lat (usec): min=129, max=1225.9k, avg=14144.25, stdev=12110.68
    clat percentiles (usec):
     |  1.00th=[ 3163],  5.00th=[ 3654], 10.00th=[ 4113], 20.00th=[ 5080],
     | 30.00th=[ 6652], 40.00th=[ 8356], 50.00th=[10028], 60.00th=[11469],
     | 70.00th=[12780], 80.00th=[14746], 90.00th=[17957], 95.00th=[20579],
     | 99.00th=[26870], 99.50th=[30802], 99.90th=[51119], 99.95th=[60031],
     | 99.99th=[78119]
   bw (  KiB/s): min=  672, max=16368, per=3.12%, avg=9028.90, stdev=1270.76, samples=300
   iops        : min=   42, max=  581, avg=282.89, stdev=40.27, samples=598
  lat (usec)   : 50=0.01%, 250=0.04%
  lat (msec)   : 2=0.06%, 4=8.59%, 10=41.47%, 20=43.99%, 50=5.74%
  lat (msec)   : 100=0.10%, 2000=0.01%
  cpu          : usr=0.75%, sys=7.91%, ctx=84595, majf=0, minf=70
  IO depths    : 1=0.1%, 2=0.1%, 4=100.0%, 8=0.0%, 16=0.0%, 32=0.0%, >=64=0.0%
     submit    : 0=0.0%, 4=100.0%, 8=0.0%, 16=0.0%, 32=0.0%, 64=0.0%, >=64=0.0%
     complete  : 0=0.0%, 4=100.0%, 8=0.0%, 16=0.0%, 32=0.0%, 64=0.0%, >=64=0.0%
     issued rwts: total=84589,0,0,0 short=0,0,0,0 dropped=0,0,0,0
     latency   : target=0, window=0, percentile=100.00%, depth=4
random-readers: (groupid=0, jobs=1): err= 0: pid=144388: Fri Jul 16 11:25:09 2021
  read: IOPS=281, BW=9002KiB/s (9218kB/s)(2637MiB/300001msec)
    slat (usec): min=23, max=63407, avg=3502.58, stdev=3144.24
    clat (usec): min=13, max=1392.8k, avg=10670.86, stdev=12000.46
     lat (usec): min=137, max=1392.9k, avg=14176.10, stdev=12427.80
    clat percentiles (usec):
     |  1.00th=[ 3163],  5.00th=[ 3687], 10.00th=[ 4146], 20.00th=[ 5145],
     | 30.00th=[ 6783], 40.00th=[ 8586], 50.00th=[10028], 60.00th=[11469],
     | 70.00th=[12911], 80.00th=[14877], 90.00th=[17957], 95.00th=[20317],
     | 99.00th=[25560], 99.50th=[27657], 99.90th=[46400], 99.95th=[56886],
     | 99.99th=[67634]
   bw (  KiB/s): min= 4128, max=14670, per=3.12%, avg=9038.67, stdev=1060.31, samples=298
   iops        : min=   32, max=  515, avg=282.71, stdev=37.33, samples=596
  lat (usec)   : 20=0.01%, 250=0.09%, 500=0.01%
  lat (msec)   : 2=0.04%, 4=8.34%, 10=40.99%, 20=44.96%, 50=5.51%
  lat (msec)   : 100=0.07%, 2000=0.01%
  cpu          : usr=0.68%, sys=7.81%, ctx=84371, majf=0, minf=70
  IO depths    : 1=0.1%, 2=0.1%, 4=100.0%, 8=0.0%, 16=0.0%, 32=0.0%, >=64=0.0%
     submit    : 0=0.0%, 4=100.0%, 8=0.0%, 16=0.0%, 32=0.0%, 64=0.0%, >=64=0.0%
     complete  : 0=0.0%, 4=100.0%, 8=0.0%, 16=0.0%, 32=0.0%, 64=0.0%, >=64=0.0%
     issued rwts: total=84397,0,0,0 short=0,0,0,0 dropped=0,0,0,0
     latency   : target=0, window=0, percentile=100.00%, depth=4
random-readers: (groupid=0, jobs=1): err= 0: pid=144389: Fri Jul 16 11:25:09 2021
  read: IOPS=281, BW=9023KiB/s (9240kB/s)(2644MiB/300001msec)
    slat (usec): min=25, max=72633, avg=3495.48, stdev=3105.37
    clat (usec): min=17, max=1261.3k, avg=10645.63, stdev=11562.50
     lat (usec): min=145, max=1263.3k, avg=14143.80, stdev=12002.79
    clat percentiles (usec):
     |  1.00th=[ 3163],  5.00th=[ 3687], 10.00th=[ 4146], 20.00th=[ 5145],
     | 30.00th=[ 6783], 40.00th=[ 8455], 50.00th=[10159], 60.00th=[11469],
     | 70.00th=[12911], 80.00th=[14877], 90.00th=[17957], 95.00th=[20317],
     | 99.00th=[25560], 99.50th=[27919], 99.90th=[41157], 99.95th=[49546],
     | 99.99th=[77071]
   bw (  KiB/s): min= 2976, max=15087, per=3.13%, avg=9057.92, stdev=1115.30, samples=298
   iops        : min=  110, max=  586, avg=283.87, stdev=38.42, samples=595
  lat (usec)   : 20=0.01%, 250=0.08%, 500=0.01%, 1000=0.01%
  lat (msec)   : 2=0.08%, 4=7.96%, 10=41.13%, 20=45.25%, 50=5.44%
  lat (msec)   : 100=0.04%, 2000=0.01%
  cpu          : usr=0.67%, sys=7.82%, ctx=84510, majf=0, minf=71
  IO depths    : 1=0.1%, 2=0.1%, 4=100.0%, 8=0.0%, 16=0.0%, 32=0.0%, >=64=0.0%
     submit    : 0=0.0%, 4=100.0%, 8=0.0%, 16=0.0%, 32=0.0%, 64=0.0%, >=64=0.0%
     complete  : 0=0.0%, 4=100.0%, 8=0.0%, 16=0.0%, 32=0.0%, 64=0.0%, >=64=0.0%
     issued rwts: total=84593,0,0,0 short=0,0,0,0 dropped=0,0,0,0
     latency   : target=0, window=0, percentile=100.00%, depth=4
random-readers: (groupid=0, jobs=1): err= 0: pid=144390: Fri Jul 16 11:25:09 2021
  read: IOPS=276, BW=8842KiB/s (9054kB/s)(2590MiB/300001msec)
    slat (usec): min=25, max=64606, avg=3565.27, stdev=3286.55
    clat (usec): min=14, max=1347.2k, avg=10864.36, stdev=12381.29
     lat (usec): min=143, max=1348.2k, avg=14432.43, stdev=12835.39
    clat percentiles (usec):
     |  1.00th=[ 3195],  5.00th=[ 3720], 10.00th=[ 4146], 20.00th=[ 5211],
     | 30.00th=[ 6849], 40.00th=[ 8586], 50.00th=[10290], 60.00th=[11600],
     | 70.00th=[13042], 80.00th=[15139], 90.00th=[18482], 95.00th=[20841],
     | 99.00th=[27132], 99.50th=[30278], 99.90th=[48497], 99.95th=[55837],
     | 99.99th=[80217]
   bw (  KiB/s): min= 4384, max=14926, per=3.08%, avg=8908.82, stdev=1113.15, samples=297
   iops        : min=  120, max=  516, avg=278.18, stdev=38.34, samples=595
  lat (usec)   : 20=0.01%, 250=0.06%, 500=0.01%
  lat (msec)   : 2=0.05%, 4=8.06%, 10=40.28%, 20=45.10%, 50=6.35%
  lat (msec)   : 100=0.08%, 2000=0.01%
  cpu          : usr=0.70%, sys=7.84%, ctx=82891, majf=0, minf=70
  IO depths    : 1=0.1%, 2=0.1%, 4=100.0%, 8=0.0%, 16=0.0%, 32=0.0%, >=64=0.0%
     submit    : 0=0.0%, 4=100.0%, 8=0.0%, 16=0.0%, 32=0.0%, 64=0.0%, >=64=0.0%
     complete  : 0=0.0%, 4=100.0%, 8=0.0%, 16=0.0%, 32=0.0%, 64=0.0%, >=64=0.0%
     issued rwts: total=82893,0,0,0 short=0,0,0,0 dropped=0,0,0,0
     latency   : target=0, window=0, percentile=100.00%, depth=4
random-readers: (groupid=0, jobs=1): err= 0: pid=144391: Fri Jul 16 11:25:09 2021
  read: IOPS=282, BW=9044KiB/s (9261kB/s)(2650MiB/300004msec)
    slat (usec): min=23, max=58439, avg=3487.64, stdev=3103.01
    clat (usec): min=19, max=1211.9k, avg=10621.02, stdev=11287.76
     lat (usec): min=134, max=1211.9k, avg=14111.40, stdev=11734.56
    clat percentiles (usec):
     |  1.00th=[ 3163],  5.00th=[ 3687], 10.00th=[ 4113], 20.00th=[ 5145],
     | 30.00th=[ 6718], 40.00th=[ 8455], 50.00th=[10028], 60.00th=[11469],
     | 70.00th=[12911], 80.00th=[14877], 90.00th=[17957], 95.00th=[20317],
     | 99.00th=[25560], 99.50th=[27657], 99.90th=[38536], 99.95th=[52167],
     | 99.99th=[68682]
   bw (  KiB/s): min= 2594, max=14702, per=3.13%, avg=9050.58, stdev=1186.65, samples=300
   iops        : min=   26, max=  466, avg=283.57, stdev=39.69, samples=598
  lat (usec)   : 20=0.01%, 250=0.06%
  lat (msec)   : 2=0.04%, 4=8.50%, 10=40.95%, 20=44.92%, 50=5.47%
  lat (msec)   : 100=0.05%, 2000=0.01%
  cpu          : usr=0.69%, sys=7.85%, ctx=84805, majf=0, minf=70
  IO depths    : 1=0.1%, 2=0.1%, 4=100.0%, 8=0.0%, 16=0.0%, 32=0.0%, >=64=0.0%
     submit    : 0=0.0%, 4=100.0%, 8=0.0%, 16=0.0%, 32=0.0%, 64=0.0%, >=64=0.0%
     complete  : 0=0.0%, 4=100.0%, 8=0.0%, 16=0.0%, 32=0.0%, 64=0.0%, >=64=0.0%
     issued rwts: total=84792,0,0,0 short=0,0,0,0 dropped=0,0,0,0
     latency   : target=0, window=0, percentile=100.00%, depth=4
random-readers: (groupid=0, jobs=1): err= 0: pid=144392: Fri Jul 16 11:25:09 2021
  read: IOPS=279, BW=8949KiB/s (9163kB/s)(2622MiB/300001msec)
    slat (usec): min=23, max=62963, avg=3525.27, stdev=3187.84
    clat (usec): min=16, max=1179.0k, avg=10734.78, stdev=11281.01
     lat (usec): min=130, max=1179.1k, avg=14262.77, stdev=11738.12
    clat percentiles (usec):
     |  1.00th=[ 3228],  5.00th=[ 3720], 10.00th=[ 4178], 20.00th=[ 5211],
     | 30.00th=[ 6783], 40.00th=[ 8586], 50.00th=[10159], 60.00th=[11600],
     | 70.00th=[12911], 80.00th=[14877], 90.00th=[17957], 95.00th=[20579],
     | 99.00th=[26346], 99.50th=[28967], 99.90th=[44303], 99.95th=[57410],
     | 99.99th=[71828]
   bw (  KiB/s): min= 2464, max=15023, per=3.10%, avg=8985.78, stdev=1134.16, samples=298
   iops        : min=   90, max=  482, avg=281.07, stdev=37.44, samples=596
  lat (usec)   : 20=0.01%, 250=0.04%
  lat (msec)   : 2=0.03%, 4=8.04%, 10=40.86%, 20=45.18%, 50=5.79%
  lat (msec)   : 100=0.06%, 2000=0.01%
  cpu          : usr=0.70%, sys=7.87%, ctx=83934, majf=0, minf=71
  IO depths    : 1=0.1%, 2=0.1%, 4=100.0%, 8=0.0%, 16=0.0%, 32=0.0%, >=64=0.0%
     submit    : 0=0.0%, 4=100.0%, 8=0.0%, 16=0.0%, 32=0.0%, 64=0.0%, >=64=0.0%
     complete  : 0=0.0%, 4=100.0%, 8=0.0%, 16=0.0%, 32=0.0%, 64=0.0%, >=64=0.0%
     issued rwts: total=83893,0,0,0 short=0,0,0,0 dropped=0,0,0,0
     latency   : target=0, window=0, percentile=100.00%, depth=4
random-readers: (groupid=0, jobs=1): err= 0: pid=144393: Fri Jul 16 11:25:09 2021
  read: IOPS=277, BW=8887KiB/s (9100kB/s)(2604MiB/300001msec)
    slat (usec): min=25, max=437101, avg=3547.30, stdev=3536.18
    clat (usec): min=22, max=1271.2k, avg=10809.18, stdev=12219.58
     lat (usec): min=282, max=1271.3k, avg=14359.32, stdev=12748.96
    clat percentiles (msec):
     |  1.00th=[    4],  5.00th=[    4], 10.00th=[    5], 20.00th=[    6],
     | 30.00th=[    7], 40.00th=[    9], 50.00th=[   11], 60.00th=[   12],
     | 70.00th=[   13], 80.00th=[   16], 90.00th=[   19], 95.00th=[   21],
     | 99.00th=[   27], 99.50th=[   30], 99.90th=[   44], 99.95th=[   56],
     | 99.99th=[  439]
   bw (  KiB/s): min= 1472, max=15919, per=3.08%, avg=8922.87, stdev=1232.28, samples=298
   iops        : min=   88, max=  523, avg=279.09, stdev=41.54, samples=596
  lat (usec)   : 50=0.01%, 250=0.01%, 500=0.01%
  lat (msec)   : 2=0.02%, 4=7.78%, 10=40.92%, 20=45.12%, 50=6.08%
  lat (msec)   : 100=0.05%, 500=0.01%, 2000=0.01%
  cpu          : usr=0.73%, sys=7.96%, ctx=83377, majf=0, minf=70
  IO depths    : 1=0.1%, 2=0.1%, 4=100.0%, 8=0.0%, 16=0.0%, 32=0.0%, >=64=0.0%
     submit    : 0=0.0%, 4=100.0%, 8=0.0%, 16=0.0%, 32=0.0%, 64=0.0%, >=64=0.0%
     complete  : 0=0.0%, 4=100.0%, 8=0.0%, 16=0.0%, 32=0.0%, 64=0.0%, >=64=0.0%
     issued rwts: total=83317,0,0,0 short=0,0,0,0 dropped=0,0,0,0
     latency   : target=0, window=0, percentile=100.00%, depth=4
random-readers: (groupid=0, jobs=1): err= 0: pid=144394: Fri Jul 16 11:25:09 2021
  read: IOPS=288, BW=9244KiB/s (9465kB/s)(2708MiB/300005msec)
    slat (usec): min=22, max=58953, avg=3412.88, stdev=3109.77
    clat (usec): min=14, max=1185.7k, avg=10392.45, stdev=10912.43
     lat (usec): min=129, max=1188.0k, avg=13808.04, stdev=11373.27
    clat percentiles (usec):
     |  1.00th=[ 3097],  5.00th=[ 3589], 10.00th=[ 3982], 20.00th=[ 4948],
     | 30.00th=[ 6390], 40.00th=[ 8225], 50.00th=[ 9765], 60.00th=[11207],
     | 70.00th=[12649], 80.00th=[14484], 90.00th=[17695], 95.00th=[20055],
     | 99.00th=[25560], 99.50th=[28181], 99.90th=[39584], 99.95th=[51119],
     | 99.99th=[65274]
   bw (  KiB/s): min= 2242, max=15311, per=3.20%, avg=9280.93, stdev=1142.54, samples=299
   iops        : min=   84, max=  501, avg=290.31, stdev=39.19, samples=597
  lat (usec)   : 20=0.01%, 250=0.07%, 1000=0.01%
  lat (msec)   : 2=0.06%, 4=9.90%, 10=41.44%, 20=43.31%, 50=5.17%
  lat (msec)   : 100=0.05%, 2000=0.01%
  cpu          : usr=0.75%, sys=7.95%, ctx=86606, majf=0, minf=71
  IO depths    : 1=0.1%, 2=0.1%, 4=100.0%, 8=0.0%, 16=0.0%, 32=0.0%, >=64=0.0%
     submit    : 0=0.0%, 4=100.0%, 8=0.0%, 16=0.0%, 32=0.0%, 64=0.0%, >=64=0.0%
     complete  : 0=0.0%, 4=100.0%, 8=0.0%, 16=0.0%, 32=0.0%, 64=0.0%, >=64=0.0%
     issued rwts: total=86660,0,0,0 short=0,0,0,0 dropped=0,0,0,0
     latency   : target=0, window=0, percentile=100.00%, depth=4
random-readers: (groupid=0, jobs=1): err= 0: pid=144395: Fri Jul 16 11:25:09 2021
  read: IOPS=278, BW=8904KiB/s (9118kB/s)(2609MiB/300005msec)
    slat (usec): min=24, max=70668, avg=3541.87, stdev=3290.52
    clat (usec): min=13, max=1259.7k, avg=10787.87, stdev=11773.83
     lat (usec): min=136, max=1262.6k, avg=14332.44, stdev=12249.91
    clat percentiles (usec):
     |  1.00th=[ 3163],  5.00th=[ 3654], 10.00th=[ 4113], 20.00th=[ 5145],
     | 30.00th=[ 6783], 40.00th=[ 8586], 50.00th=[10159], 60.00th=[11600],
     | 70.00th=[12911], 80.00th=[15008], 90.00th=[18220], 95.00th=[20579],
     | 99.00th=[26870], 99.50th=[30802], 99.90th=[51119], 99.95th=[59507],
     | 99.99th=[79168]
   bw (  KiB/s): min= 2722, max=14894, per=3.08%, avg=8910.67, stdev=1221.41, samples=300
   iops        : min=   14, max=  522, avg=279.65, stdev=41.60, samples=597
  lat (usec)   : 20=0.01%, 250=0.03%
  lat (msec)   : 2=0.01%, 4=8.81%, 10=40.06%, 20=44.95%, 50=6.02%
  lat (msec)   : 100=0.10%, 2000=0.01%
  cpu          : usr=0.71%, sys=7.76%, ctx=83538, majf=0, minf=70
  IO depths    : 1=0.1%, 2=0.1%, 4=100.0%, 8=0.0%, 16=0.0%, 32=0.0%, >=64=0.0%
     submit    : 0=0.0%, 4=100.0%, 8=0.0%, 16=0.0%, 32=0.0%, 64=0.0%, >=64=0.0%
     complete  : 0=0.0%, 4=100.0%, 8=0.0%, 16=0.0%, 32=0.0%, 64=0.0%, >=64=0.0%
     issued rwts: total=83481,0,0,0 short=0,0,0,0 dropped=0,0,0,0
     latency   : target=0, window=0, percentile=100.00%, depth=4
random-readers: (groupid=0, jobs=1): err= 0: pid=144396: Fri Jul 16 11:25:09 2021
  read: IOPS=279, BW=8959KiB/s (9174kB/s)(2625MiB/300002msec)
    slat (usec): min=25, max=67019, avg=3519.65, stdev=3112.23
    clat (usec): min=20, max=1273.8k, avg=10722.38, stdev=11798.40
     lat (usec): min=150, max=1276.1k, avg=14244.76, stdev=12216.40
    clat percentiles (usec):
     |  1.00th=[ 3163],  5.00th=[ 3687], 10.00th=[ 4146], 20.00th=[ 5211],
     | 30.00th=[ 6915], 40.00th=[ 8586], 50.00th=[10159], 60.00th=[11600],
     | 70.00th=[12911], 80.00th=[15008], 90.00th=[17957], 95.00th=[20317],
     | 99.00th=[25560], 99.50th=[27395], 99.90th=[39060], 99.95th=[50070],
     | 99.99th=[70779]
   bw (  KiB/s): min= 2050, max=15791, per=3.10%, avg=8964.92, stdev=1111.45, samples=300
   iops        : min=   78, max=  547, avg=281.36, stdev=36.57, samples=597
  lat (usec)   : 50=0.01%, 250=0.01%
  lat (msec)   : 2=0.03%, 4=8.25%, 10=40.56%, 20=45.42%, 50=5.67%
  lat (msec)   : 100=0.04%, 2000=0.01%
  cpu          : usr=0.77%, sys=7.83%, ctx=84028, majf=0, minf=70
  IO depths    : 1=0.1%, 2=0.1%, 4=100.0%, 8=0.0%, 16=0.0%, 32=0.0%, >=64=0.0%
     submit    : 0=0.0%, 4=100.0%, 8=0.0%, 16=0.0%, 32=0.0%, 64=0.0%, >=64=0.0%
     complete  : 0=0.0%, 4=100.0%, 8=0.0%, 16=0.0%, 32=0.0%, 64=0.0%, >=64=0.0%
     issued rwts: total=83989,0,0,0 short=0,0,0,0 dropped=0,0,0,0
     latency   : target=0, window=0, percentile=100.00%, depth=4
random-readers: (groupid=0, jobs=1): err= 0: pid=144397: Fri Jul 16 11:25:09 2021
  read: IOPS=277, BW=8879KiB/s (9092kB/s)(2601MiB/300003msec)
    slat (usec): min=23, max=61222, avg=3551.49, stdev=3158.89
    clat (usec): min=18, max=1339.6k, avg=10818.44, stdev=12084.99
     lat (usec): min=148, max=1345.1k, avg=14372.53, stdev=12527.14
    clat percentiles (usec):
     |  1.00th=[ 3228],  5.00th=[ 3752], 10.00th=[ 4228], 20.00th=[ 5276],
     | 30.00th=[ 6915], 40.00th=[ 8717], 50.00th=[10290], 60.00th=[11600],
     | 70.00th=[13042], 80.00th=[15008], 90.00th=[18220], 95.00th=[20579],
     | 99.00th=[25822], 99.50th=[28443], 99.90th=[47449], 99.95th=[56886],
     | 99.99th=[77071]
   bw (  KiB/s): min= 2242, max=15360, per=3.08%, avg=8914.65, stdev=1170.76, samples=299
   iops        : min=   78, max=  502, avg=278.85, stdev=39.74, samples=597
  lat (usec)   : 20=0.01%, 250=0.01%
  lat (msec)   : 2=0.01%, 4=7.65%, 10=40.65%, 20=45.79%, 50=5.81%
  lat (msec)   : 100=0.08%, 2000=0.01%
  cpu          : usr=0.62%, sys=7.74%, ctx=83338, majf=0, minf=71
  IO depths    : 1=0.1%, 2=0.1%, 4=100.0%, 8=0.0%, 16=0.0%, 32=0.0%, >=64=0.0%
     submit    : 0=0.0%, 4=100.0%, 8=0.0%, 16=0.0%, 32=0.0%, 64=0.0%, >=64=0.0%
     complete  : 0=0.0%, 4=100.0%, 8=0.0%, 16=0.0%, 32=0.0%, 64=0.0%, >=64=0.0%
     issued rwts: total=83240,0,0,0 short=0,0,0,0 dropped=0,0,0,0
     latency   : target=0, window=0, percentile=100.00%, depth=4
random-readers: (groupid=0, jobs=1): err= 0: pid=144398: Fri Jul 16 11:25:09 2021
  read: IOPS=279, BW=8954KiB/s (9169kB/s)(2623MiB/300001msec)
    slat (usec): min=24, max=56710, avg=3522.75, stdev=3207.44
    clat (usec): min=25, max=1250.6k, avg=10728.08, stdev=11523.11
     lat (usec): min=133, max=1251.9k, avg=14253.58, stdev=11988.91
    clat percentiles (usec):
     |  1.00th=[ 3163],  5.00th=[ 3687], 10.00th=[ 4146], 20.00th=[ 5145],
     | 30.00th=[ 6783], 40.00th=[ 8586], 50.00th=[10028], 60.00th=[11469],
     | 70.00th=[12911], 80.00th=[14877], 90.00th=[18220], 95.00th=[20579],
     | 99.00th=[26608], 99.50th=[30016], 99.90th=[44303], 99.95th=[51643],
     | 99.99th=[64750]
   bw (  KiB/s): min= 1121, max=16736, per=3.09%, avg=8959.64, stdev=1312.41, samples=299
   iops        : min=   70, max=  558, avg=281.19, stdev=41.24, samples=596
  lat (usec)   : 50=0.01%, 250=0.03%
  lat (msec)   : 2=0.03%, 4=8.37%, 10=41.05%, 20=44.51%, 50=5.94%
  lat (msec)   : 100=0.05%, 2000=0.01%
  cpu          : usr=0.69%, sys=7.84%, ctx=83954, majf=0, minf=70
  IO depths    : 1=0.1%, 2=0.1%, 4=100.0%, 8=0.0%, 16=0.0%, 32=0.0%, >=64=0.0%
     submit    : 0=0.0%, 4=100.0%, 8=0.0%, 16=0.0%, 32=0.0%, 64=0.0%, >=64=0.0%
     complete  : 0=0.0%, 4=100.0%, 8=0.0%, 16=0.0%, 32=0.0%, 64=0.0%, >=64=0.0%
     issued rwts: total=83946,0,0,0 short=0,0,0,0 dropped=0,0,0,0
     latency   : target=0, window=0, percentile=100.00%, depth=4
random-readers: (groupid=0, jobs=1): err= 0: pid=144399: Fri Jul 16 11:25:09 2021
  read: IOPS=281, BW=8993KiB/s (9209kB/s)(2635MiB/300005msec)
    slat (usec): min=23, max=61416, avg=3507.16, stdev=3116.69
    clat (usec): min=17, max=1231.5k, avg=10680.96, stdev=11477.29
     lat (usec): min=129, max=1233.0k, avg=14190.76, stdev=11908.97
    clat percentiles (usec):
     |  1.00th=[ 3163],  5.00th=[ 3687], 10.00th=[ 4146], 20.00th=[ 5211],
     | 30.00th=[ 6849], 40.00th=[ 8586], 50.00th=[10159], 60.00th=[11600],
     | 70.00th=[12911], 80.00th=[14877], 90.00th=[17957], 95.00th=[20317],
     | 99.00th=[25560], 99.50th=[27919], 99.90th=[42730], 99.95th=[49546],
     | 99.99th=[69731]
   bw (  KiB/s): min= 1792, max=14862, per=3.12%, avg=9029.82, stdev=1142.32, samples=299
   iops        : min=   84, max=  474, avg=282.45, stdev=38.72, samples=597
  lat (usec)   : 20=0.01%, 250=0.06%
  lat (msec)   : 2=0.03%, 4=8.37%, 10=40.61%, 20=45.36%, 50=5.53%
  lat (msec)   : 100=0.04%, 2000=0.01%
  cpu          : usr=0.66%, sys=7.81%, ctx=84340, majf=0, minf=71
  IO depths    : 1=0.1%, 2=0.1%, 4=100.0%, 8=0.0%, 16=0.0%, 32=0.0%, >=64=0.0%
     submit    : 0=0.0%, 4=100.0%, 8=0.0%, 16=0.0%, 32=0.0%, 64=0.0%, >=64=0.0%
     complete  : 0=0.0%, 4=100.0%, 8=0.0%, 16=0.0%, 32=0.0%, 64=0.0%, >=64=0.0%
     issued rwts: total=84315,0,0,0 short=0,0,0,0 dropped=0,0,0,0
     latency   : target=0, window=0, percentile=100.00%, depth=4
random-readers: (groupid=0, jobs=1): err= 0: pid=144400: Fri Jul 16 11:25:09 2021
  read: IOPS=278, BW=8927KiB/s (9141kB/s)(2615MiB/300004msec)
    slat (usec): min=25, max=106215, avg=3533.92, stdev=3191.78
    clat (usec): min=16, max=1292.0k, avg=10760.59, stdev=11235.10
     lat (usec): min=140, max=1292.9k, avg=14297.34, stdev=11732.12
    clat percentiles (msec):
     |  1.00th=[    4],  5.00th=[    4], 10.00th=[    5], 20.00th=[    6],
     | 30.00th=[    7], 40.00th=[    9], 50.00th=[   11], 60.00th=[   12],
     | 70.00th=[   14], 80.00th=[   16], 90.00th=[   19], 95.00th=[   21],
     | 99.00th=[   27], 99.50th=[   29], 99.90th=[   45], 99.95th=[   56],
     | 99.99th=[  109]
   bw (  KiB/s): min= 1761, max=16400, per=3.09%, avg=8933.27, stdev=1418.61, samples=300
   iops        : min=  110, max=  526, avg=280.37, stdev=44.57, samples=597
  lat (usec)   : 20=0.01%, 250=0.04%
  lat (msec)   : 2=0.09%, 4=8.35%, 10=40.43%, 20=45.13%, 50=5.89%
  lat (msec)   : 100=0.06%, 250=0.01%, 2000=0.01%
  cpu          : usr=0.74%, sys=7.92%, ctx=83665, majf=0, minf=71
  IO depths    : 1=0.1%, 2=0.1%, 4=100.0%, 8=0.0%, 16=0.0%, 32=0.0%, >=64=0.0%
     submit    : 0=0.0%, 4=100.0%, 8=0.0%, 16=0.0%, 32=0.0%, 64=0.0%, >=64=0.0%
     complete  : 0=0.0%, 4=100.0%, 8=0.0%, 16=0.0%, 32=0.0%, 64=0.0%, >=64=0.0%
     issued rwts: total=83693,0,0,0 short=0,0,0,0 dropped=0,0,0,0
     latency   : target=0, window=0, percentile=100.00%, depth=4
random-readers: (groupid=0, jobs=1): err= 0: pid=144401: Fri Jul 16 11:25:09 2021
  read: IOPS=277, BW=8889KiB/s (9103kB/s)(2604MiB/300006msec)
    slat (usec): min=25, max=58529, avg=3547.47, stdev=3207.70
    clat (usec): min=14, max=1253.3k, avg=10806.39, stdev=11881.66
     lat (usec): min=150, max=1253.3k, avg=14356.60, stdev=12332.95
    clat percentiles (usec):
     |  1.00th=[ 3195],  5.00th=[ 3720], 10.00th=[ 4178], 20.00th=[ 5211],
     | 30.00th=[ 6849], 40.00th=[ 8717], 50.00th=[10290], 60.00th=[11600],
     | 70.00th=[13042], 80.00th=[15008], 90.00th=[18220], 95.00th=[20579],
     | 99.00th=[26084], 99.50th=[29230], 99.90th=[44303], 99.95th=[55313],
     | 99.99th=[70779]
   bw (  KiB/s): min= 2466, max=14798, per=3.07%, avg=8895.46, stdev=1157.75, samples=300
   iops        : min=   12, max=  470, avg=279.18, stdev=39.12, samples=597
  lat (usec)   : 20=0.01%, 250=0.01%, 500=0.01%
  lat (msec)   : 2=0.04%, 4=8.02%, 10=40.19%, 20=45.72%, 50=5.94%
  lat (msec)   : 100=0.06%, 2000=0.01%
  cpu          : usr=0.71%, sys=7.80%, ctx=83375, majf=0, minf=70
  IO depths    : 1=0.1%, 2=0.1%, 4=100.0%, 8=0.0%, 16=0.0%, 32=0.0%, >=64=0.0%
     submit    : 0=0.0%, 4=100.0%, 8=0.0%, 16=0.0%, 32=0.0%, 64=0.0%, >=64=0.0%
     complete  : 0=0.0%, 4=100.0%, 8=0.0%, 16=0.0%, 32=0.0%, 64=0.0%, >=64=0.0%
     issued rwts: total=83339,0,0,0 short=0,0,0,0 dropped=0,0,0,0
     latency   : target=0, window=0, percentile=100.00%, depth=4
random-readers: (groupid=0, jobs=1): err= 0: pid=144402: Fri Jul 16 11:25:09 2021
  read: IOPS=291, BW=9317KiB/s (9540kB/s)(2730MiB/300004msec)
    slat (usec): min=22, max=55537, avg=3388.35, stdev=3120.46
    clat (usec): min=17, max=1146.6k, avg=10311.12, stdev=10418.17
     lat (usec): min=128, max=1148.0k, avg=13702.06, stdev=10910.07
    clat percentiles (usec):
     |  1.00th=[ 3097],  5.00th=[ 3589], 10.00th=[ 4015], 20.00th=[ 4948],
     | 30.00th=[ 6325], 40.00th=[ 8029], 50.00th=[ 9634], 60.00th=[11076],
     | 70.00th=[12518], 80.00th=[14353], 90.00th=[17695], 95.00th=[20055],
     | 99.00th=[25822], 99.50th=[28181], 99.90th=[43254], 99.95th=[53216],
     | 99.99th=[67634]
   bw (  KiB/s): min=  288, max=16320, per=3.22%, avg=9323.20, stdev=1207.55, samples=300
   iops        : min=   18, max=  515, avg=292.12, stdev=38.04, samples=598
  lat (usec)   : 20=0.01%, 250=0.02%
  lat (msec)   : 2=0.02%, 4=9.94%, 10=42.15%, 20=42.78%, 50=5.02%
  lat (msec)   : 100=0.06%, 2000=0.01%
  cpu          : usr=0.71%, sys=7.78%, ctx=87426, majf=0, minf=72
  IO depths    : 1=0.1%, 2=0.1%, 4=100.0%, 8=0.0%, 16=0.0%, 32=0.0%, >=64=0.0%
     submit    : 0=0.0%, 4=100.0%, 8=0.0%, 16=0.0%, 32=0.0%, 64=0.0%, >=64=0.0%
     complete  : 0=0.0%, 4=100.0%, 8=0.0%, 16=0.0%, 32=0.0%, 64=0.0%, >=64=0.0%
     issued rwts: total=87346,0,0,0 short=0,0,0,0 dropped=0,0,0,0
     latency   : target=0, window=0, percentile=100.00%, depth=4
random-readers: (groupid=0, jobs=1): err= 0: pid=144403: Fri Jul 16 11:25:09 2021
  read: IOPS=284, BW=9112KiB/s (9331kB/s)(2670MiB/300002msec)
    slat (usec): min=22, max=60216, avg=3462.80, stdev=3188.40
    clat (usec): min=15, max=1161.9k, avg=10542.05, stdev=10978.34
     lat (usec): min=133, max=1170.7k, avg=14007.47, stdev=11454.08
    clat percentiles (usec):
     |  1.00th=[ 3130],  5.00th=[ 3654], 10.00th=[ 4113], 20.00th=[ 5080],
     | 30.00th=[ 6521], 40.00th=[ 8291], 50.00th=[ 9896], 60.00th=[11338],
     | 70.00th=[12780], 80.00th=[14746], 90.00th=[17957], 95.00th=[20317],
     | 99.00th=[26346], 99.50th=[29230], 99.90th=[46400], 99.95th=[53740],
     | 99.99th=[67634]
   bw (  KiB/s): min=  576, max=15872, per=3.15%, avg=9120.48, stdev=1216.39, samples=299
   iops        : min=   36, max=  500, avg=285.70, stdev=38.91, samples=597
  lat (usec)   : 20=0.01%, 250=0.07%
  lat (msec)   : 2=0.05%, 4=8.65%, 10=41.95%, 20=43.81%, 50=5.40%
  lat (msec)   : 100=0.06%, 2000=0.01%
  cpu          : usr=0.69%, sys=7.79%, ctx=85411, majf=0, minf=70
  IO depths    : 1=0.1%, 2=0.1%, 4=100.0%, 8=0.0%, 16=0.0%, 32=0.0%, >=64=0.0%
     submit    : 0=0.0%, 4=100.0%, 8=0.0%, 16=0.0%, 32=0.0%, 64=0.0%, >=64=0.0%
     complete  : 0=0.0%, 4=100.0%, 8=0.0%, 16=0.0%, 32=0.0%, 64=0.0%, >=64=0.0%
     issued rwts: total=85430,0,0,0 short=0,0,0,0 dropped=0,0,0,0
     latency   : target=0, window=0, percentile=100.00%, depth=4
random-readers: (groupid=0, jobs=1): err= 0: pid=144404: Fri Jul 16 11:25:09 2021
  read: IOPS=287, BW=9201KiB/s (9422kB/s)(2696MiB/300009msec)
    slat (usec): min=25, max=60816, avg=3429.45, stdev=3096.02
    clat (usec): min=13, max=1154.2k, avg=10440.71, stdev=10917.11
     lat (usec): min=141, max=1155.8k, avg=13872.75, stdev=11376.46
    clat percentiles (usec):
     |  1.00th=[ 3163],  5.00th=[ 3654], 10.00th=[ 4080], 20.00th=[ 5080],
     | 30.00th=[ 6456], 40.00th=[ 8225], 50.00th=[ 9765], 60.00th=[11338],
     | 70.00th=[12649], 80.00th=[14615], 90.00th=[17695], 95.00th=[20055],
     | 99.00th=[25297], 99.50th=[27395], 99.90th=[42206], 99.95th=[54264],
     | 99.99th=[69731]
   bw (  KiB/s): min= 3779, max=15776, per=3.19%, avg=9238.36, stdev=1130.31, samples=299
   iops        : min=   34, max=  494, avg=288.97, stdev=37.65, samples=597
  lat (usec)   : 20=0.01%, 250=0.03%
  lat (msec)   : 2=0.02%, 4=8.99%, 10=42.14%, 20=43.61%, 50=5.14%
  lat (msec)   : 100=0.06%, 2000=0.01%
  cpu          : usr=0.67%, sys=7.85%, ctx=86328, majf=0, minf=70
  IO depths    : 1=0.1%, 2=0.1%, 4=100.0%, 8=0.0%, 16=0.0%, 32=0.0%, >=64=0.0%
     submit    : 0=0.0%, 4=100.0%, 8=0.0%, 16=0.0%, 32=0.0%, 64=0.0%, >=64=0.0%
     complete  : 0=0.0%, 4=100.0%, 8=0.0%, 16=0.0%, 32=0.0%, 64=0.0%, >=64=0.0%
     issued rwts: total=86263,0,0,0 short=0,0,0,0 dropped=0,0,0,0
     latency   : target=0, window=0, percentile=100.00%, depth=4
random-readers: (groupid=0, jobs=1): err= 0: pid=144405: Fri Jul 16 11:25:09 2021
  read: IOPS=284, BW=9102KiB/s (9321kB/s)(2667MiB/300008msec)
    slat (usec): min=23, max=68199, avg=3466.32, stdev=3117.27
    clat (usec): min=13, max=1202.8k, avg=10553.94, stdev=11076.79
     lat (usec): min=128, max=1202.8k, avg=14022.98, stdev=11512.56
    clat percentiles (usec):
     |  1.00th=[ 3195],  5.00th=[ 3752], 10.00th=[ 4228], 20.00th=[ 5211],
     | 30.00th=[ 6652], 40.00th=[ 8455], 50.00th=[10028], 60.00th=[11338],
     | 70.00th=[12780], 80.00th=[14615], 90.00th=[17695], 95.00th=[20055],
     | 99.00th=[25297], 99.50th=[27395], 99.90th=[46924], 99.95th=[57934],
     | 99.99th=[70779]
   bw (  KiB/s): min= 3555, max=16032, per=3.15%, avg=9108.77, stdev=1173.09, samples=300
   iops        : min=    6, max=  527, avg=285.40, stdev=38.95, samples=598
  lat (usec)   : 20=0.01%, 250=0.10%
  lat (msec)   : 2=0.05%, 4=7.55%, 10=42.47%, 20=44.62%, 50=5.12%
  lat (msec)   : 100=0.08%, 2000=0.01%
  cpu          : usr=0.73%, sys=7.77%, ctx=85276, majf=0, minf=72
  IO depths    : 1=0.1%, 2=0.1%, 4=100.0%, 8=0.0%, 16=0.0%, 32=0.0%, >=64=0.0%
     submit    : 0=0.0%, 4=100.0%, 8=0.0%, 16=0.0%, 32=0.0%, 64=0.0%, >=64=0.0%
     complete  : 0=0.0%, 4=100.0%, 8=0.0%, 16=0.0%, 32=0.0%, 64=0.0%, >=64=0.0%
     issued rwts: total=85337,0,0,0 short=0,0,0,0 dropped=0,0,0,0
     latency   : target=0, window=0, percentile=100.00%, depth=4
random-readers: (groupid=0, jobs=1): err= 0: pid=144406: Fri Jul 16 11:25:09 2021
  read: IOPS=286, BW=9158KiB/s (9378kB/s)(2683MiB/300004msec)
    slat (usec): min=22, max=68991, avg=3444.28, stdev=3208.02
    clat (usec): min=15, max=1184.8k, avg=10489.50, stdev=11251.90
     lat (usec): min=136, max=1184.8k, avg=13936.47, stdev=11718.17
    clat percentiles (usec):
     |  1.00th=[ 3163],  5.00th=[ 3654], 10.00th=[ 4113], 20.00th=[ 5080],
     | 30.00th=[ 6390], 40.00th=[ 8225], 50.00th=[ 9765], 60.00th=[11338],
     | 70.00th=[12649], 80.00th=[14615], 90.00th=[17695], 95.00th=[20317],
     | 99.00th=[26346], 99.50th=[29492], 99.90th=[47449], 99.95th=[55837],
     | 99.99th=[74974]
   bw (  KiB/s): min= 1249, max=16352, per=3.16%, avg=9164.59, stdev=1273.62, samples=300
   iops        : min=   78, max=  542, avg=287.63, stdev=40.61, samples=597
  lat (usec)   : 20=0.01%, 250=0.08%, 500=0.01%
  lat (msec)   : 2=0.02%, 4=8.75%, 10=42.35%, 20=43.40%, 50=5.33%
  lat (msec)   : 100=0.07%, 2000=0.01%
  cpu          : usr=0.74%, sys=7.87%, ctx=85841, majf=0, minf=71
  IO depths    : 1=0.1%, 2=0.1%, 4=100.0%, 8=0.0%, 16=0.0%, 32=0.0%, >=64=0.0%
     submit    : 0=0.0%, 4=100.0%, 8=0.0%, 16=0.0%, 32=0.0%, 64=0.0%, >=64=0.0%
     complete  : 0=0.0%, 4=100.0%, 8=0.0%, 16=0.0%, 32=0.0%, 64=0.0%, >=64=0.0%
     issued rwts: total=85860,0,0,0 short=0,0,0,0 dropped=0,0,0,0
     latency   : target=0, window=0, percentile=100.00%, depth=4
random-readers: (groupid=0, jobs=1): err= 0: pid=144407: Fri Jul 16 11:25:09 2021
  read: IOPS=286, BW=9167KiB/s (9388kB/s)(2686MiB/300003msec)
    slat (usec): min=25, max=61331, avg=3442.06, stdev=3117.82
    clat (usec): min=17, max=1142.3k, avg=10479.12, stdev=10868.05
     lat (usec): min=169, max=1150.8k, avg=13923.82, stdev=11364.02
    clat percentiles (usec):
     |  1.00th=[ 3228],  5.00th=[ 3720], 10.00th=[ 4146], 20.00th=[ 5145],
     | 30.00th=[ 6521], 40.00th=[ 8291], 50.00th=[ 9896], 60.00th=[11338],
     | 70.00th=[12649], 80.00th=[14484], 90.00th=[17695], 95.00th=[20055],
     | 99.00th=[25297], 99.50th=[27657], 99.90th=[48497], 99.95th=[58983],
     | 99.99th=[72877]
   bw (  KiB/s): min= 2050, max=17216, per=3.18%, avg=9204.43, stdev=1140.93, samples=299
   iops        : min=   78, max=  543, avg=287.92, stdev=38.64, samples=597
  lat (usec)   : 20=0.01%, 250=0.01%
  lat (msec)   : 2=0.01%, 4=8.15%, 10=42.65%, 20=44.03%, 50=5.06%
  lat (msec)   : 100=0.08%, 2000=0.01%
  cpu          : usr=0.70%, sys=7.90%, ctx=86038, majf=0, minf=70
  IO depths    : 1=0.1%, 2=0.1%, 4=100.0%, 8=0.0%, 16=0.0%, 32=0.0%, >=64=0.0%
     submit    : 0=0.0%, 4=100.0%, 8=0.0%, 16=0.0%, 32=0.0%, 64=0.0%, >=64=0.0%
     complete  : 0=0.0%, 4=100.0%, 8=0.0%, 16=0.0%, 32=0.0%, 64=0.0%, >=64=0.0%
     issued rwts: total=85946,0,0,0 short=0,0,0,0 dropped=0,0,0,0
     latency   : target=0, window=0, percentile=100.00%, depth=4
random-readers: (groupid=0, jobs=1): err= 0: pid=144408: Fri Jul 16 11:25:09 2021
  read: IOPS=284, BW=9107KiB/s (9325kB/s)(2668MiB/300007msec)
    slat (usec): min=22, max=67194, avg=3462.94, stdev=3162.50
    clat (usec): min=15, max=1176.0k, avg=10549.21, stdev=11158.19
     lat (usec): min=128, max=1177.2k, avg=14015.02, stdev=11610.98
    clat percentiles (usec):
     |  1.00th=[ 3195],  5.00th=[ 3720], 10.00th=[ 4178], 20.00th=[ 5145],
     | 30.00th=[ 6587], 40.00th=[ 8291], 50.00th=[ 9896], 60.00th=[11338],
     | 70.00th=[12780], 80.00th=[14615], 90.00th=[17695], 95.00th=[20317],
     | 99.00th=[25822], 99.50th=[28443], 99.90th=[49546], 99.95th=[57410],
     | 99.99th=[70779]
   bw (  KiB/s): min= 7040, max=14976, per=3.17%, avg=9174.26, stdev=1094.64, samples=298
   iops        : min=  204, max=  486, avg=286.49, stdev=37.78, samples=596
  lat (usec)   : 20=0.01%, 250=0.09%
  lat (msec)   : 2=0.06%, 4=7.87%, 10=42.44%, 20=44.09%, 50=5.35%
  lat (msec)   : 100=0.09%, 2000=0.01%
  cpu          : usr=0.76%, sys=8.15%, ctx=85310, majf=0, minf=71
  IO depths    : 1=0.1%, 2=0.1%, 4=100.0%, 8=0.0%, 16=0.0%, 32=0.0%, >=64=0.0%
     submit    : 0=0.0%, 4=100.0%, 8=0.0%, 16=0.0%, 32=0.0%, 64=0.0%, >=64=0.0%
     complete  : 0=0.0%, 4=100.0%, 8=0.0%, 16=0.0%, 32=0.0%, 64=0.0%, >=64=0.0%
     issued rwts: total=85378,0,0,0 short=0,0,0,0 dropped=0,0,0,0
     latency   : target=0, window=0, percentile=100.00%, depth=4
random-readers: (groupid=0, jobs=1): err= 0: pid=144409: Fri Jul 16 11:25:09 2021
  read: IOPS=288, BW=9227KiB/s (9448kB/s)(2703MiB/300010msec)
    slat (usec): min=22, max=153857, avg=3418.00, stdev=3139.72
    clat (usec): min=17, max=1212.1k, avg=10411.64, stdev=11222.63
     lat (usec): min=127, max=1216.8k, avg=13832.36, stdev=11699.13
    clat percentiles (msec):
     |  1.00th=[    4],  5.00th=[    4], 10.00th=[    5], 20.00th=[    6],
     | 30.00th=[    7], 40.00th=[    9], 50.00th=[   10], 60.00th=[   12],
     | 70.00th=[   13], 80.00th=[   15], 90.00th=[   18], 95.00th=[   21],
     | 99.00th=[   26], 99.50th=[   28], 99.90th=[   44], 99.95th=[   53],
     | 99.99th=[  157]
   bw (  KiB/s): min= 2624, max=16320, per=3.20%, avg=9264.30, stdev=1166.68, samples=299
   iops        : min=  164, max=  516, avg=290.28, stdev=39.00, samples=596
  lat (usec)   : 20=0.01%, 250=0.11%
  lat (msec)   : 2=0.06%, 4=8.64%, 10=42.51%, 20=43.68%, 50=4.94%
  lat (msec)   : 100=0.05%, 250=0.01%, 2000=0.01%
  cpu          : usr=0.73%, sys=8.00%, ctx=86435, majf=0, minf=70
  IO depths    : 1=0.1%, 2=0.1%, 4=100.0%, 8=0.0%, 16=0.0%, 32=0.0%, >=64=0.0%
     submit    : 0=0.0%, 4=100.0%, 8=0.0%, 16=0.0%, 32=0.0%, 64=0.0%, >=64=0.0%
     complete  : 0=0.0%, 4=100.0%, 8=0.0%, 16=0.0%, 32=0.0%, 64=0.0%, >=64=0.0%
     issued rwts: total=86505,0,0,0 short=0,0,0,0 dropped=0,0,0,0
     latency   : target=0, window=0, percentile=100.00%, depth=4
random-readers: (groupid=0, jobs=1): err= 0: pid=144410: Fri Jul 16 11:25:09 2021
  read: IOPS=282, BW=9056KiB/s (9273kB/s)(2653MiB/300004msec)
    slat (usec): min=24, max=59642, avg=3484.76, stdev=3214.28
    clat (usec): min=14, max=1156.6k, avg=10608.07, stdev=10859.22
     lat (usec): min=133, max=1157.9k, avg=14095.51, stdev=11341.43
    clat percentiles (usec):
     |  1.00th=[ 3195],  5.00th=[ 3687], 10.00th=[ 4113], 20.00th=[ 5145],
     | 30.00th=[ 6587], 40.00th=[ 8356], 50.00th=[ 9896], 60.00th=[11469],
     | 70.00th=[12780], 80.00th=[14746], 90.00th=[17957], 95.00th=[20579],
     | 99.00th=[26346], 99.50th=[29754], 99.90th=[46400], 99.95th=[54789],
     | 99.99th=[68682]
   bw (  KiB/s): min=  160, max=16320, per=3.13%, avg=9062.22, stdev=1166.46, samples=300
   iops        : min=   10, max=  523, avg=283.94, stdev=37.96, samples=598
  lat (usec)   : 20=0.01%, 250=0.03%
  lat (msec)   : 2=0.02%, 4=8.48%, 10=41.73%, 20=43.99%, 50=5.67%
  lat (msec)   : 100=0.08%, 2000=0.01%
  cpu          : usr=0.70%, sys=7.83%, ctx=84933, majf=0, minf=71
  IO depths    : 1=0.1%, 2=0.1%, 4=100.0%, 8=0.0%, 16=0.0%, 32=0.0%, >=64=0.0%
     submit    : 0=0.0%, 4=100.0%, 8=0.0%, 16=0.0%, 32=0.0%, 64=0.0%, >=64=0.0%
     complete  : 0=0.0%, 4=100.0%, 8=0.0%, 16=0.0%, 32=0.0%, 64=0.0%, >=64=0.0%
     issued rwts: total=84901,0,0,0 short=0,0,0,0 dropped=0,0,0,0
     latency   : target=0, window=0, percentile=100.00%, depth=4
random-readers: (groupid=0, jobs=1): err= 0: pid=144411: Fri Jul 16 11:25:09 2021
  read: IOPS=289, BW=9271KiB/s (9493kB/s)(2716MiB/300009msec)
    slat (usec): min=22, max=60682, avg=3403.85, stdev=3067.20
    clat (usec): min=14, max=1108.5k, avg=10361.99, stdev=10555.24
     lat (usec): min=127, max=1109.9k, avg=13768.44, stdev=11009.30
    clat percentiles (usec):
     |  1.00th=[ 3163],  5.00th=[ 3654], 10.00th=[ 4080], 20.00th=[ 5014],
     | 30.00th=[ 6456], 40.00th=[ 8160], 50.00th=[ 9765], 60.00th=[11207],
     | 70.00th=[12518], 80.00th=[14484], 90.00th=[17695], 95.00th=[20055],
     | 99.00th=[25035], 99.50th=[27132], 99.90th=[41157], 99.95th=[51119],
     | 99.99th=[73925]
   bw (  KiB/s): min= 1632, max=16096, per=3.20%, avg=9277.50, stdev=1134.53, samples=300
   iops        : min=  102, max=  505, avg=291.17, stdev=36.78, samples=597
  lat (usec)   : 20=0.01%, 250=0.06%
  lat (msec)   : 2=0.02%, 4=8.93%, 10=42.33%, 20=43.67%, 50=4.93%
  lat (msec)   : 100=0.05%, 2000=0.01%
  cpu          : usr=0.74%, sys=7.83%, ctx=86936, majf=0, minf=71
  IO depths    : 1=0.1%, 2=0.1%, 4=100.0%, 8=0.0%, 16=0.0%, 32=0.0%, >=64=0.0%
     submit    : 0=0.0%, 4=100.0%, 8=0.0%, 16=0.0%, 32=0.0%, 64=0.0%, >=64=0.0%
     complete  : 0=0.0%, 4=100.0%, 8=0.0%, 16=0.0%, 32=0.0%, 64=0.0%, >=64=0.0%
     issued rwts: total=86918,0,0,0 short=0,0,0,0 dropped=0,0,0,0
     latency   : target=0, window=0, percentile=100.00%, depth=4
random-readers: (groupid=0, jobs=1): err= 0: pid=144412: Fri Jul 16 11:25:09 2021
  read: IOPS=283, BW=9069KiB/s (9287kB/s)(2657MiB/300006msec)
    slat (usec): min=23, max=106351, avg=3478.32, stdev=3177.51
    clat (usec): min=15, max=1184.5k, avg=10592.26, stdev=11154.71
     lat (usec): min=138, max=1184.6k, avg=14073.29, stdev=11610.96
    clat percentiles (msec):
     |  1.00th=[    4],  5.00th=[    4], 10.00th=[    5], 20.00th=[    6],
     | 30.00th=[    7], 40.00th=[    9], 50.00th=[   11], 60.00th=[   12],
     | 70.00th=[   13], 80.00th=[   15], 90.00th=[   18], 95.00th=[   21],
     | 99.00th=[   26], 99.50th=[   29], 99.90th=[   47], 99.95th=[   56],
     | 99.99th=[  110]
   bw (  KiB/s): min= 1057, max=15680, per=3.13%, avg=9075.65, stdev=1193.23, samples=300
   iops        : min=   18, max=  503, avg=284.36, stdev=38.28, samples=598
  lat (usec)   : 20=0.01%, 250=0.05%
  lat (msec)   : 2=0.02%, 4=7.98%, 10=42.03%, 20=44.40%, 50=5.44%
  lat (msec)   : 100=0.07%, 250=0.01%, 2000=0.01%
  cpu          : usr=0.69%, sys=7.92%, ctx=85064, majf=0, minf=71
  IO depths    : 1=0.1%, 2=0.1%, 4=100.0%, 8=0.0%, 16=0.0%, 32=0.0%, >=64=0.0%
     submit    : 0=0.0%, 4=100.0%, 8=0.0%, 16=0.0%, 32=0.0%, 64=0.0%, >=64=0.0%
     complete  : 0=0.0%, 4=100.0%, 8=0.0%, 16=0.0%, 32=0.0%, 64=0.0%, >=64=0.0%
     issued rwts: total=85027,0,0,0 short=0,0,0,0 dropped=0,0,0,0
     latency   : target=0, window=0, percentile=100.00%, depth=4
random-readers: (groupid=0, jobs=1): err= 0: pid=144413: Fri Jul 16 11:25:09 2021
  read: IOPS=282, BW=9025KiB/s (9242kB/s)(2644MiB/300001msec)
    slat (usec): min=22, max=58934, avg=3494.65, stdev=3148.21
    clat (usec): min=14, max=1255.1k, avg=10644.10, stdev=11368.45
     lat (usec): min=135, max=1255.1k, avg=14141.51, stdev=11817.99
    clat percentiles (usec):
     |  1.00th=[ 3195],  5.00th=[ 3720], 10.00th=[ 4178], 20.00th=[ 5211],
     | 30.00th=[ 6652], 40.00th=[ 8455], 50.00th=[10028], 60.00th=[11469],
     | 70.00th=[12780], 80.00th=[14746], 90.00th=[17957], 95.00th=[20579],
     | 99.00th=[26084], 99.50th=[28443], 99.90th=[41681], 99.95th=[49546],
     | 99.99th=[67634]
   bw (  KiB/s): min= 1121, max=16032, per=3.12%, avg=9031.66, stdev=1200.18, samples=299
   iops        : min=   70, max=  517, avg=282.97, stdev=38.18, samples=597
  lat (usec)   : 20=0.01%, 250=0.07%
  lat (msec)   : 2=0.03%, 4=7.76%, 10=41.98%, 20=44.43%, 50=5.68%
  lat (msec)   : 100=0.04%, 2000=0.01%
  cpu          : usr=0.74%, sys=7.89%, ctx=84630, majf=0, minf=71
  IO depths    : 1=0.1%, 2=0.1%, 4=100.0%, 8=0.0%, 16=0.0%, 32=0.0%, >=64=0.0%
     submit    : 0=0.0%, 4=100.0%, 8=0.0%, 16=0.0%, 32=0.0%, 64=0.0%, >=64=0.0%
     complete  : 0=0.0%, 4=100.0%, 8=0.0%, 16=0.0%, 32=0.0%, 64=0.0%, >=64=0.0%
     issued rwts: total=84612,0,0,0 short=0,0,0,0 dropped=0,0,0,0
     latency   : target=0, window=0, percentile=100.00%, depth=4
random-readers: (groupid=0, jobs=1): err= 0: pid=144414: Fri Jul 16 11:25:09 2021
  read: IOPS=281, BW=9001KiB/s (9217kB/s)(2637MiB/300003msec)
    slat (usec): min=25, max=68187, avg=3504.23, stdev=3152.91
    clat (usec): min=14, max=1249.9k, avg=10672.49, stdev=11664.55
     lat (usec): min=156, max=1253.7k, avg=14179.28, stdev=12136.71
    clat percentiles (usec):
     |  1.00th=[ 3195],  5.00th=[ 3720], 10.00th=[ 4178], 20.00th=[ 5211],
     | 30.00th=[ 6718], 40.00th=[ 8455], 50.00th=[10028], 60.00th=[11469],
     | 70.00th=[12780], 80.00th=[14877], 90.00th=[17957], 95.00th=[20317],
     | 99.00th=[25560], 99.50th=[27657], 99.90th=[46924], 99.95th=[59507],
     | 99.99th=[70779]
   bw (  KiB/s): min=  800, max=15488, per=3.12%, avg=9037.31, stdev=1121.10, samples=299
   iops        : min=   50, max=  484, avg=282.69, stdev=37.73, samples=597
  lat (usec)   : 20=0.01%, 250=0.01%
  lat (msec)   : 2=0.03%, 4=8.08%, 10=41.43%, 20=44.80%, 50=5.57%
  lat (msec)   : 100=0.08%, 2000=0.01%
  cpu          : usr=0.68%, sys=7.77%, ctx=84455, majf=0, minf=71
  IO depths    : 1=0.1%, 2=0.1%, 4=100.0%, 8=0.0%, 16=0.0%, 32=0.0%, >=64=0.0%
     submit    : 0=0.0%, 4=100.0%, 8=0.0%, 16=0.0%, 32=0.0%, 64=0.0%, >=64=0.0%
     complete  : 0=0.0%, 4=100.0%, 8=0.0%, 16=0.0%, 32=0.0%, 64=0.0%, >=64=0.0%
     issued rwts: total=84386,0,0,0 short=0,0,0,0 dropped=0,0,0,0
     latency   : target=0, window=0, percentile=100.00%, depth=4
random-readers: (groupid=0, jobs=1): err= 0: pid=144415: Fri Jul 16 11:25:09 2021
  read: IOPS=282, BW=9034KiB/s (9251kB/s)(2647MiB/300001msec)
    slat (usec): min=23, max=66070, avg=3491.37, stdev=3115.38
    clat (usec): min=15, max=1295.5k, avg=10633.67, stdev=11457.56
     lat (usec): min=131, max=1297.6k, avg=14127.65, stdev=11890.75
    clat percentiles (usec):
     |  1.00th=[ 3228],  5.00th=[ 3752], 10.00th=[ 4228], 20.00th=[ 5211],
     | 30.00th=[ 6718], 40.00th=[ 8455], 50.00th=[10159], 60.00th=[11469],
     | 70.00th=[12780], 80.00th=[14746], 90.00th=[17957], 95.00th=[20317],
     | 99.00th=[25560], 99.50th=[27657], 99.90th=[42206], 99.95th=[53216],
     | 99.99th=[68682]
   bw (  KiB/s): min=  224, max=15520, per=3.12%, avg=9040.53, stdev=1228.07, samples=300
   iops        : min=   14, max=  519, avg=283.26, stdev=39.50, samples=598
  lat (usec)   : 20=0.01%, 250=0.06%
  lat (msec)   : 2=0.04%, 4=7.54%, 10=41.81%, 20=45.17%, 50=5.32%
  lat (msec)   : 100=0.06%, 2000=0.01%
  cpu          : usr=0.72%, sys=7.80%, ctx=84706, majf=0, minf=70
  IO depths    : 1=0.1%, 2=0.1%, 4=100.0%, 8=0.0%, 16=0.0%, 32=0.0%, >=64=0.0%
     submit    : 0=0.0%, 4=100.0%, 8=0.0%, 16=0.0%, 32=0.0%, 64=0.0%, >=64=0.0%
     complete  : 0=0.0%, 4=100.0%, 8=0.0%, 16=0.0%, 32=0.0%, 64=0.0%, >=64=0.0%
     issued rwts: total=84694,0,0,0 short=0,0,0,0 dropped=0,0,0,0
     latency   : target=0, window=0, percentile=100.00%, depth=4
random-readers: (groupid=0, jobs=1): err= 0: pid=144416: Fri Jul 16 11:25:09 2021
  read: IOPS=277, BW=8877KiB/s (9090kB/s)(2601MiB/300002msec)
    slat (usec): min=22, max=68225, avg=3551.40, stdev=3283.22
    clat (usec): min=17, max=1280.5k, avg=10822.11, stdev=11856.83
     lat (usec): min=135, max=1280.6k, avg=14376.44, stdev=12323.61
    clat percentiles (usec):
     |  1.00th=[ 3195],  5.00th=[ 3752], 10.00th=[ 4228], 20.00th=[ 5276],
     | 30.00th=[ 6783], 40.00th=[ 8586], 50.00th=[10159], 60.00th=[11600],
     | 70.00th=[12911], 80.00th=[15008], 90.00th=[18220], 95.00th=[20579],
     | 99.00th=[27132], 99.50th=[31065], 99.90th=[49021], 99.95th=[62653],
     | 99.99th=[79168]
   bw (  KiB/s): min= 1729, max=16592, per=3.07%, avg=8883.06, stdev=1219.99, samples=300
   iops        : min=   44, max=  607, avg=278.33, stdev=41.68, samples=598
  lat (usec)   : 20=0.01%, 250=0.08%
  lat (msec)   : 2=0.05%, 4=7.42%, 10=41.17%, 20=45.24%, 50=5.94%
  lat (msec)   : 100=0.09%, 2000=0.01%
  cpu          : usr=0.76%, sys=8.07%, ctx=83196, majf=0, minf=71
  IO depths    : 1=0.1%, 2=0.1%, 4=100.0%, 8=0.0%, 16=0.0%, 32=0.0%, >=64=0.0%
     submit    : 0=0.0%, 4=100.0%, 8=0.0%, 16=0.0%, 32=0.0%, 64=0.0%, >=64=0.0%
     complete  : 0=0.0%, 4=100.0%, 8=0.0%, 16=0.0%, 32=0.0%, 64=0.0%, >=64=0.0%
     issued rwts: total=83223,0,0,0 short=0,0,0,0 dropped=0,0,0,0
     latency   : target=0, window=0, percentile=100.00%, depth=4

Run status group 0 (all jobs):
   READ: bw=283MiB/s (297MB/s), 8842KiB/s-9317KiB/s (9054kB/s-9540kB/s), io=82.8GiB (89.0GB), run=300001-300010msec


Batch Job Summary Report (version 21.01.1) for Job "fioRandwrite" (1470895) on tave

Job information (1/2)
-----------------------------------------------------------------------------------------------------
             Submit            Eligible               Start                 End    Elapsed Time limit
------------------- ------------------- ------------------- ------------------- ---------- ----------
2021-07-16T11:18:18 2021-07-16T11:18:18 2021-07-16T11:18:19 2021-07-16T11:25:14   00:06:55   00:15:00
-----------------------------------------------------------------------------------------------------

Job information (2/2)
-------------------------------------------------------------
    Username      Account    Partition   NNodes        Energy
------------ ------------ ------------ -------- -------------
    afilipci         g138       normal        1     57.045 kJ

