random-readers: (g=0): rw=randread, bs=(R) 32.0KiB-32.0KiB, (W) 32.0KiB-32.0KiB, (T) 32.0KiB-32.0KiB, ioengine=libaio, iodepth=4
...
fio-3.27-32-g77c7-dirty
Starting 64 processes


Batch Job Summary Report (version 21.01.1) for Job "fioRandRead" (1471329) on tave

Job information (1/2)
-----------------------------------------------------------------------------------------------------
             Submit            Eligible               Start                 End    Elapsed Time limit
------------------- ------------------- ------------------- ------------------- ---------- ----------
2021-07-22T11:45:10 2021-07-22T11:45:10 2021-07-22T11:45:10 2021-07-22T11:45:57   00:00:47   00:30:00
-----------------------------------------------------------------------------------------------------

Job information (2/2)
-------------------------------------------------------------
    Username      Account    Partition   NNodes        Energy
------------ ------------ ------------ -------- -------------
    afilipci         g138       normal        1      6.638 kJ


random-readers: (groupid=0, jobs=1): err= 0: pid=137270: Thu Jul 22 11:51:03 2021
  read: IOPS=170, BW=5465KiB/s (5596kB/s)(1601MiB/300003msec)
    slat (usec): min=23, max=70575, avg=5813.34, stdev=4782.70
    clat (usec): min=17, max=913237, avg=17573.78, stdev=10775.79
     lat (usec): min=137, max=913271, avg=23390.12, stdev=11845.37
    clat percentiles (usec):
     |  1.00th=[ 3621],  5.00th=[ 4752], 10.00th=[ 7177], 20.00th=[10421],
     | 30.00th=[12649], 40.00th=[14746], 50.00th=[16712], 60.00th=[19006],
     | 70.00th=[21365], 80.00th=[23987], 90.00th=[28181], 95.00th=[31851],
     | 99.00th=[41157], 99.50th=[45351], 99.90th=[63701], 99.95th=[72877],
     | 99.99th=[83362]
   bw (  KiB/s): min= 1280, max=10196, per=1.89%, avg=5477.67, stdev=771.61, samples=598
   iops        : min=   40, max=  318, avg=171.10, stdev=24.09, samples=598
  lat (usec)   : 20=0.01%, 250=0.03%
  lat (msec)   : 2=0.01%, 4=2.32%, 10=15.86%, 20=46.50%, 50=35.01%
  lat (msec)   : 100=0.27%, 1000=0.01%
  cpu          : usr=0.48%, sys=4.83%, ctx=51276, majf=0, minf=70
  IO depths    : 1=0.1%, 2=0.1%, 4=100.0%, 8=0.0%, 16=0.0%, 32=0.0%, >=64=0.0%
     submit    : 0=0.0%, 4=100.0%, 8=0.0%, 16=0.0%, 32=0.0%, 64=0.0%, >=64=0.0%
     complete  : 0=0.0%, 4=100.0%, 8=0.0%, 16=0.0%, 32=0.0%, 64=0.0%, >=64=0.0%
     issued rwts: total=51232,0,0,0 short=0,0,0,0 dropped=0,0,0,0
     latency   : target=0, window=0, percentile=100.00%, depth=4
random-readers: (groupid=0, jobs=1): err= 0: pid=137271: Thu Jul 22 11:51:03 2021
  read: IOPS=130, BW=4173KiB/s (4273kB/s)(1223MiB/300008msec)
    slat (usec): min=24, max=78470, avg=7613.77, stdev=4580.24
    clat (usec): min=22, max=1129.5k, avg=23010.23, stdev=12575.12
     lat (usec): min=140, max=1131.2k, avg=30627.29, stdev=13461.52
    clat percentiles (msec):
     |  1.00th=[    5],  5.00th=[   11], 10.00th=[   13], 20.00th=[   17],
     | 30.00th=[   19], 40.00th=[   21], 50.00th=[   23], 60.00th=[   25],
     | 70.00th=[   27], 80.00th=[   30], 90.00th=[   33], 95.00th=[   36],
     | 99.00th=[   43], 99.50th=[   47], 99.90th=[   68], 99.95th=[   73],
     | 99.99th=[  122]
   bw (  KiB/s): min=  128, max= 8593, per=1.45%, avg=4183.44, stdev=563.07, samples=598
   iops        : min=    4, max=  268, avg=130.67, stdev=17.58, samples=598
  lat (usec)   : 50=0.01%, 250=0.09%
  lat (msec)   : 2=0.06%, 4=0.39%, 10=4.16%, 20=31.08%, 50=63.88%
  lat (msec)   : 100=0.31%, 250=0.01%, 2000=0.01%
  cpu          : usr=0.37%, sys=3.94%, ctx=39079, majf=0, minf=71
  IO depths    : 1=0.1%, 2=0.1%, 4=100.0%, 8=0.0%, 16=0.0%, 32=0.0%, >=64=0.0%
     submit    : 0=0.0%, 4=100.0%, 8=0.0%, 16=0.0%, 32=0.0%, 64=0.0%, >=64=0.0%
     complete  : 0=0.0%, 4=100.0%, 8=0.0%, 16=0.0%, 32=0.0%, 64=0.0%, >=64=0.0%
     issued rwts: total=39126,0,0,0 short=0,0,0,0 dropped=0,0,0,0
     latency   : target=0, window=0, percentile=100.00%, depth=4
random-readers: (groupid=0, jobs=1): err= 0: pid=137272: Thu Jul 22 11:51:03 2021
  read: IOPS=129, BW=4141KiB/s (4240kB/s)(1213MiB/300013msec)
    slat (usec): min=24, max=84330, avg=7671.44, stdev=4535.35
    clat (usec): min=17, max=1214.9k, avg=23190.89, stdev=13190.17
     lat (usec): min=137, max=1222.5k, avg=30865.56, stdev=14016.19
    clat percentiles (msec):
     |  1.00th=[    6],  5.00th=[   11], 10.00th=[   14], 20.00th=[   17],
     | 30.00th=[   20], 40.00th=[   22], 50.00th=[   23], 60.00th=[   25],
     | 70.00th=[   27], 80.00th=[   30], 90.00th=[   33], 95.00th=[   36],
     | 99.00th=[   44], 99.50th=[   49], 99.90th=[   70], 99.95th=[   78],
     | 99.99th=[  110]
   bw (  KiB/s): min= 1216, max= 8320, per=1.43%, avg=4150.35, stdev=519.36, samples=598
   iops        : min=   38, max=  260, avg=129.64, stdev=16.22, samples=598
  lat (usec)   : 20=0.01%, 250=0.03%
  lat (msec)   : 2=0.02%, 4=0.29%, 10=3.91%, 20=30.69%, 50=64.65%
  lat (msec)   : 100=0.41%, 250=0.01%, 2000=0.01%
  cpu          : usr=0.38%, sys=3.88%, ctx=38854, majf=0, minf=70
  IO depths    : 1=0.1%, 2=0.1%, 4=100.0%, 8=0.0%, 16=0.0%, 32=0.0%, >=64=0.0%
     submit    : 0=0.0%, 4=100.0%, 8=0.0%, 16=0.0%, 32=0.0%, 64=0.0%, >=64=0.0%
     complete  : 0=0.0%, 4=100.0%, 8=0.0%, 16=0.0%, 32=0.0%, 64=0.0%, >=64=0.0%
     issued rwts: total=38822,0,0,0 short=0,0,0,0 dropped=0,0,0,0
     latency   : target=0, window=0, percentile=100.00%, depth=4
random-readers: (groupid=0, jobs=1): err= 0: pid=137273: Thu Jul 22 11:51:03 2021
  read: IOPS=117, BW=3760KiB/s (3850kB/s)(1102MiB/300010msec)
    slat (usec): min=24, max=85724, avg=8454.56, stdev=4823.59
    clat (usec): min=21, max=1064.4k, avg=25537.37, stdev=12900.74
     lat (usec): min=135, max=1064.4k, avg=33995.20, stdev=13952.97
    clat percentiles (msec):
     |  1.00th=[    6],  5.00th=[   12], 10.00th=[   15], 20.00th=[   19],
     | 30.00th=[   22], 40.00th=[   24], 50.00th=[   26], 60.00th=[   28],
     | 70.00th=[   30], 80.00th=[   33], 90.00th=[   36], 95.00th=[   40],
     | 99.00th=[   49], 99.50th=[   56], 99.90th=[   74], 99.95th=[   84],
     | 99.99th=[  113]
   bw (  KiB/s): min= 2180, max= 9216, per=1.30%, avg=3769.29, stdev=606.37, samples=598
   iops        : min=   68, max=  288, avg=117.74, stdev=18.93, samples=598
  lat (usec)   : 50=0.01%, 250=0.11%
  lat (msec)   : 2=0.05%, 4=0.31%, 10=2.53%, 20=22.67%, 50=73.53%
  lat (msec)   : 100=0.77%, 250=0.01%, 2000=0.01%
  cpu          : usr=0.34%, sys=3.55%, ctx=35230, majf=0, minf=70
  IO depths    : 1=0.1%, 2=0.1%, 4=100.0%, 8=0.0%, 16=0.0%, 32=0.0%, >=64=0.0%
     submit    : 0=0.0%, 4=100.0%, 8=0.0%, 16=0.0%, 32=0.0%, 64=0.0%, >=64=0.0%
     complete  : 0=0.0%, 4=100.0%, 8=0.0%, 16=0.0%, 32=0.0%, 64=0.0%, >=64=0.0%
     issued rwts: total=35253,0,0,0 short=0,0,0,0 dropped=0,0,0,0
     latency   : target=0, window=0, percentile=100.00%, depth=4
random-readers: (groupid=0, jobs=1): err= 0: pid=137274: Thu Jul 22 11:51:03 2021
  read: IOPS=131, BW=4206KiB/s (4307kB/s)(1232MiB/300014msec)
    slat (usec): min=24, max=70674, avg=7553.80, stdev=4614.32
    clat (usec): min=16, max=1128.6k, avg=22828.66, stdev=12602.50
     lat (usec): min=136, max=1130.4k, avg=30385.65, stdev=13526.70
    clat percentiles (usec):
     |  1.00th=[ 4555],  5.00th=[10028], 10.00th=[12649], 20.00th=[15926],
     | 30.00th=[18482], 40.00th=[20579], 50.00th=[22414], 60.00th=[24511],
     | 70.00th=[26608], 80.00th=[29230], 90.00th=[32637], 95.00th=[35914],
     | 99.00th=[43254], 99.50th=[48497], 99.90th=[70779], 99.95th=[79168],
     | 99.99th=[89654]
   bw (  KiB/s): min= 2048, max= 8400, per=1.46%, avg=4217.37, stdev=558.94, samples=598
   iops        : min=   64, max=  262, avg=131.73, stdev=17.45, samples=598
  lat (usec)   : 20=0.01%, 250=0.14%
  lat (msec)   : 2=0.05%, 4=0.47%, 10=4.34%, 20=31.79%, 50=62.78%
  lat (msec)   : 100=0.42%, 2000=0.01%
  cpu          : usr=0.40%, sys=3.90%, ctx=39338, majf=0, minf=71
  IO depths    : 1=0.1%, 2=0.1%, 4=100.0%, 8=0.0%, 16=0.0%, 32=0.0%, >=64=0.0%
     submit    : 0=0.0%, 4=100.0%, 8=0.0%, 16=0.0%, 32=0.0%, 64=0.0%, >=64=0.0%
     complete  : 0=0.0%, 4=100.0%, 8=0.0%, 16=0.0%, 32=0.0%, 64=0.0%, >=64=0.0%
     issued rwts: total=39437,0,0,0 short=0,0,0,0 dropped=0,0,0,0
     latency   : target=0, window=0, percentile=100.00%, depth=4
random-readers: (groupid=0, jobs=1): err= 0: pid=137275: Thu Jul 22 11:51:03 2021
  read: IOPS=130, BW=4160KiB/s (4260kB/s)(1219MiB/300004msec)
    slat (usec): min=23, max=348735, avg=7642.34, stdev=5069.04
    clat (usec): min=17, max=947250, avg=23082.31, stdev=12082.96
     lat (usec): min=139, max=948611, avg=30727.97, stdev=13205.94
    clat percentiles (msec):
     |  1.00th=[    5],  5.00th=[   10], 10.00th=[   13], 20.00th=[   17],
     | 30.00th=[   19], 40.00th=[   21], 50.00th=[   23], 60.00th=[   25],
     | 70.00th=[   28], 80.00th=[   30], 90.00th=[   34], 95.00th=[   37],
     | 99.00th=[   45], 99.50th=[   50], 99.90th=[   71], 99.95th=[   78],
     | 99.99th=[  368]
   bw (  KiB/s): min= 1344, max= 9344, per=1.44%, avg=4169.51, stdev=597.68, samples=598
   iops        : min=   42, max=  292, avg=130.24, stdev=18.67, samples=598
  lat (usec)   : 20=0.01%, 250=0.06%
  lat (msec)   : 2=0.05%, 4=0.51%, 10=4.70%, 20=31.03%, 50=63.15%
  lat (msec)   : 100=0.47%, 500=0.01%, 1000=0.01%
  cpu          : usr=0.37%, sys=3.83%, ctx=38989, majf=0, minf=70
  IO depths    : 1=0.1%, 2=0.1%, 4=100.0%, 8=0.0%, 16=0.0%, 32=0.0%, >=64=0.0%
     submit    : 0=0.0%, 4=100.0%, 8=0.0%, 16=0.0%, 32=0.0%, 64=0.0%, >=64=0.0%
     complete  : 0=0.0%, 4=100.0%, 8=0.0%, 16=0.0%, 32=0.0%, 64=0.0%, >=64=0.0%
     issued rwts: total=39002,0,0,0 short=0,0,0,0 dropped=0,0,0,0
     latency   : target=0, window=0, percentile=100.00%, depth=4
random-readers: (groupid=0, jobs=1): err= 0: pid=137276: Thu Jul 22 11:51:03 2021
  read: IOPS=127, BW=4067KiB/s (4165kB/s)(1192MiB/300009msec)
    slat (usec): min=24, max=72826, avg=7812.13, stdev=4746.04
    clat (usec): min=22, max=1153.3k, avg=23610.41, stdev=13012.50
     lat (usec): min=137, max=1153.3k, avg=31425.74, stdev=13913.84
    clat percentiles (usec):
     |  1.00th=[ 4686],  5.00th=[10421], 10.00th=[13304], 20.00th=[16712],
     | 30.00th=[19268], 40.00th=[21365], 50.00th=[23200], 60.00th=[25297],
     | 70.00th=[27395], 80.00th=[30016], 90.00th=[33424], 95.00th=[36439],
     | 99.00th=[46400], 99.50th=[52691], 99.90th=[72877], 99.95th=[77071],
     | 99.99th=[95945]
   bw (  KiB/s): min=  576, max=10068, per=1.41%, avg=4077.23, stdev=600.75, samples=598
   iops        : min=   18, max=  314, avg=127.35, stdev=18.75, samples=598
  lat (usec)   : 50=0.01%, 250=0.07%
  lat (msec)   : 2=0.01%, 4=0.46%, 10=3.87%, 20=29.14%, 50=65.81%
  lat (msec)   : 100=0.65%, 2000=0.01%
  cpu          : usr=0.37%, sys=3.83%, ctx=38148, majf=0, minf=70
  IO depths    : 1=0.1%, 2=0.1%, 4=100.0%, 8=0.0%, 16=0.0%, 32=0.0%, >=64=0.0%
     submit    : 0=0.0%, 4=100.0%, 8=0.0%, 16=0.0%, 32=0.0%, 64=0.0%, >=64=0.0%
     complete  : 0=0.0%, 4=100.0%, 8=0.0%, 16=0.0%, 32=0.0%, 64=0.0%, >=64=0.0%
     issued rwts: total=38132,0,0,0 short=0,0,0,0 dropped=0,0,0,0
     latency   : target=0, window=0, percentile=100.00%, depth=4
random-readers: (groupid=0, jobs=1): err= 0: pid=137277: Thu Jul 22 11:51:03 2021
  read: IOPS=130, BW=4179KiB/s (4279kB/s)(1224MiB/300003msec)
    slat (usec): min=24, max=63507, avg=7605.85, stdev=4532.87
    clat (usec): min=23, max=1047.1k, avg=22978.30, stdev=11936.93
     lat (usec): min=132, max=1047.1k, avg=30587.29, stdev=12830.49
    clat percentiles (usec):
     |  1.00th=[ 4686],  5.00th=[10028], 10.00th=[12780], 20.00th=[16188],
     | 30.00th=[18744], 40.00th=[20841], 50.00th=[22938], 60.00th=[24773],
     | 70.00th=[26870], 80.00th=[29230], 90.00th=[32637], 95.00th=[35390],
     | 99.00th=[42730], 99.50th=[46400], 99.90th=[65274], 99.95th=[72877],
     | 99.99th=[84411]
   bw (  KiB/s): min= 1154, max= 8192, per=1.45%, avg=4189.33, stdev=520.23, samples=598
   iops        : min=   36, max=  256, avg=130.86, stdev=16.24, samples=598
  lat (usec)   : 50=0.01%, 250=0.07%
  lat (msec)   : 2=0.01%, 4=0.42%, 10=4.45%, 20=30.63%, 50=64.10%
  lat (msec)   : 100=0.31%, 2000=0.01%
  cpu          : usr=0.37%, sys=3.84%, ctx=39189, majf=0, minf=71
  IO depths    : 1=0.1%, 2=0.1%, 4=100.0%, 8=0.0%, 16=0.0%, 32=0.0%, >=64=0.0%
     submit    : 0=0.0%, 4=100.0%, 8=0.0%, 16=0.0%, 32=0.0%, 64=0.0%, >=64=0.0%
     complete  : 0=0.0%, 4=100.0%, 8=0.0%, 16=0.0%, 32=0.0%, 64=0.0%, >=64=0.0%
     issued rwts: total=39179,0,0,0 short=0,0,0,0 dropped=0,0,0,0
     latency   : target=0, window=0, percentile=100.00%, depth=4
random-readers: (groupid=0, jobs=1): err= 0: pid=137278: Thu Jul 22 11:51:03 2021
  read: IOPS=129, BW=4148KiB/s (4248kB/s)(1215MiB/300005msec)
    slat (usec): min=32, max=447401, avg=7655.79, stdev=5090.63
    clat (usec): min=16, max=1277.0k, avg=23150.08, stdev=14145.49
     lat (msec): min=3, max=1277, avg=30.81, stdev=15.09
    clat percentiles (msec):
     |  1.00th=[    6],  5.00th=[   11], 10.00th=[   14], 20.00th=[   17],
     | 30.00th=[   19], 40.00th=[   21], 50.00th=[   23], 60.00th=[   25],
     | 70.00th=[   27], 80.00th=[   30], 90.00th=[   33], 95.00th=[   36],
     | 99.00th=[   44], 99.50th=[   50], 99.90th=[   75], 99.95th=[   86],
     | 99.99th=[  464]
   bw (  KiB/s): min=  576, max= 8721, per=1.44%, avg=4164.82, stdev=526.21, samples=597
   iops        : min=   18, max=  272, avg=130.09, stdev=16.42, samples=597
  lat (usec)   : 20=0.01%
  lat (msec)   : 2=0.01%, 4=0.32%, 10=3.97%, 20=31.08%, 50=64.15%
  lat (msec)   : 100=0.46%, 250=0.01%, 500=0.01%, 2000=0.01%
  cpu          : usr=0.36%, sys=3.98%, ctx=38954, majf=0, minf=70
  IO depths    : 1=0.1%, 2=0.1%, 4=100.0%, 8=0.0%, 16=0.0%, 32=0.0%, >=64=0.0%
     submit    : 0=0.0%, 4=100.0%, 8=0.0%, 16=0.0%, 32=0.0%, 64=0.0%, >=64=0.0%
     complete  : 0=0.0%, 4=100.0%, 8=0.0%, 16=0.0%, 32=0.0%, 64=0.0%, >=64=0.0%
     issued rwts: total=38889,0,0,0 short=0,0,0,0 dropped=0,0,0,0
     latency   : target=0, window=0, percentile=100.00%, depth=4
random-readers: (groupid=0, jobs=1): err= 0: pid=137279: Thu Jul 22 11:51:03 2021
  read: IOPS=126, BW=4063KiB/s (4160kB/s)(1190MiB/300010msec)
    slat (usec): min=24, max=69956, avg=7822.29, stdev=4729.21
    clat (usec): min=22, max=1096.9k, avg=23635.13, stdev=12688.09
     lat (usec): min=136, max=1098.4k, avg=31460.60, stdev=13634.68
    clat percentiles (usec):
     |  1.00th=[ 4621],  5.00th=[10159], 10.00th=[13042], 20.00th=[16581],
     | 30.00th=[19006], 40.00th=[21365], 50.00th=[23462], 60.00th=[25560],
     | 70.00th=[27657], 80.00th=[30278], 90.00th=[33817], 95.00th=[36963],
     | 99.00th=[44827], 99.50th=[49546], 99.90th=[66323], 99.95th=[76022],
     | 99.99th=[96994]
   bw (  KiB/s): min= 1282, max= 7872, per=1.41%, avg=4073.06, stdev=544.91, samples=598
   iops        : min=   40, max=  246, avg=127.22, stdev=17.01, samples=598
  lat (usec)   : 50=0.01%, 250=0.08%
  lat (msec)   : 2=0.05%, 4=0.44%, 10=4.18%, 20=29.01%, 50=65.75%
  lat (msec)   : 100=0.48%, 2000=0.01%
  cpu          : usr=0.40%, sys=3.75%, ctx=38075, majf=0, minf=71
  IO depths    : 1=0.1%, 2=0.1%, 4=100.0%, 8=0.0%, 16=0.0%, 32=0.0%, >=64=0.0%
     submit    : 0=0.0%, 4=100.0%, 8=0.0%, 16=0.0%, 32=0.0%, 64=0.0%, >=64=0.0%
     complete  : 0=0.0%, 4=100.0%, 8=0.0%, 16=0.0%, 32=0.0%, 64=0.0%, >=64=0.0%
     issued rwts: total=38091,0,0,0 short=0,0,0,0 dropped=0,0,0,0
     latency   : target=0, window=0, percentile=100.00%, depth=4
random-readers: (groupid=0, jobs=1): err= 0: pid=137280: Thu Jul 22 11:51:03 2021
  read: IOPS=129, BW=4157KiB/s (4257kB/s)(1218MiB/300002msec)
    slat (usec): min=25, max=410772, avg=7647.20, stdev=5297.00
    clat (usec): min=23, max=1034.2k, avg=23102.32, stdev=12835.70
     lat (usec): min=137, max=1034.2k, avg=30752.64, stdev=13974.79
    clat percentiles (msec):
     |  1.00th=[    5],  5.00th=[   10], 10.00th=[   13], 20.00th=[   16],
     | 30.00th=[   19], 40.00th=[   21], 50.00th=[   23], 60.00th=[   25],
     | 70.00th=[   28], 80.00th=[   30], 90.00th=[   34], 95.00th=[   37],
     | 99.00th=[   46], 99.50th=[   52], 99.90th=[   71], 99.95th=[   82],
     | 99.99th=[  426]
   bw (  KiB/s): min= 1024, max= 8832, per=1.44%, avg=4173.82, stdev=604.47, samples=597
   iops        : min=   32, max=  276, avg=130.37, stdev=18.87, samples=597
  lat (usec)   : 50=0.01%, 250=0.03%
  lat (msec)   : 2=0.01%, 4=0.44%, 10=5.05%, 20=31.57%, 50=62.31%
  lat (msec)   : 100=0.57%, 500=0.01%, 2000=0.01%
  cpu          : usr=0.38%, sys=3.80%, ctx=38991, majf=0, minf=70
  IO depths    : 1=0.1%, 2=0.1%, 4=100.0%, 8=0.0%, 16=0.0%, 32=0.0%, >=64=0.0%
     submit    : 0=0.0%, 4=100.0%, 8=0.0%, 16=0.0%, 32=0.0%, 64=0.0%, >=64=0.0%
     complete  : 0=0.0%, 4=100.0%, 8=0.0%, 16=0.0%, 32=0.0%, 64=0.0%, >=64=0.0%
     issued rwts: total=38970,0,0,0 short=0,0,0,0 dropped=0,0,0,0
     latency   : target=0, window=0, percentile=100.00%, depth=4
random-readers: (groupid=0, jobs=1): err= 0: pid=137281: Thu Jul 22 11:51:03 2021
  read: IOPS=118, BW=3785KiB/s (3876kB/s)(1109MiB/300006msec)
    slat (usec): min=27, max=76780, avg=8393.66, stdev=4934.46
    clat (usec): min=19, max=1238.8k, avg=25370.83, stdev=14194.46
     lat (usec): min=198, max=1240.7k, avg=33767.95, stdev=15142.34
    clat percentiles (msec):
     |  1.00th=[    6],  5.00th=[   12], 10.00th=[   15], 20.00th=[   19],
     | 30.00th=[   21], 40.00th=[   23], 50.00th=[   26], 60.00th=[   28],
     | 70.00th=[   30], 80.00th=[   32], 90.00th=[   36], 95.00th=[   40],
     | 99.00th=[   50], 99.50th=[   57], 99.90th=[   81], 99.95th=[   88],
     | 99.99th=[  102]
   bw (  KiB/s): min= 2821, max= 8960, per=1.31%, avg=3800.27, stdev=597.90, samples=597
   iops        : min=   88, max=  280, avg=118.70, stdev=18.67, samples=597
  lat (usec)   : 20=0.01%, 250=0.02%
  lat (msec)   : 2=0.03%, 4=0.29%, 10=2.82%, 20=23.62%, 50=72.33%
  lat (msec)   : 100=0.89%, 250=0.01%, 2000=0.01%
  cpu          : usr=0.37%, sys=3.66%, ctx=35505, majf=0, minf=70
  IO depths    : 1=0.1%, 2=0.1%, 4=100.0%, 8=0.0%, 16=0.0%, 32=0.0%, >=64=0.0%
     submit    : 0=0.0%, 4=100.0%, 8=0.0%, 16=0.0%, 32=0.0%, 64=0.0%, >=64=0.0%
     complete  : 0=0.0%, 4=100.0%, 8=0.0%, 16=0.0%, 32=0.0%, 64=0.0%, >=64=0.0%
     issued rwts: total=35483,0,0,0 short=0,0,0,0 dropped=0,0,0,0
     latency   : target=0, window=0, percentile=100.00%, depth=4
random-readers: (groupid=0, jobs=1): err= 0: pid=137282: Thu Jul 22 11:51:03 2021
  read: IOPS=129, BW=4150KiB/s (4250kB/s)(1216MiB/300007msec)
    slat (usec): min=27, max=372704, avg=7661.29, stdev=5065.27
    clat (usec): min=22, max=936763, avg=23138.04, stdev=11996.27
     lat (usec): min=147, max=938784, avg=30802.54, stdev=13126.00
    clat percentiles (msec):
     |  1.00th=[    5],  5.00th=[   10], 10.00th=[   13], 20.00th=[   17],
     | 30.00th=[   19], 40.00th=[   21], 50.00th=[   23], 60.00th=[   25],
     | 70.00th=[   28], 80.00th=[   30], 90.00th=[   34], 95.00th=[   37],
     | 99.00th=[   45], 99.50th=[   50], 99.90th=[   66], 99.95th=[   72],
     | 99.99th=[  397]
   bw (  KiB/s): min=  832, max= 7872, per=1.44%, avg=4160.20, stdev=572.91, samples=598
   iops        : min=   26, max=  246, avg=129.95, stdev=17.89, samples=598
  lat (usec)   : 50=0.01%, 250=0.02%
  lat (msec)   : 2=0.01%, 4=0.47%, 10=4.65%, 20=30.80%, 50=63.59%
  lat (msec)   : 100=0.45%, 500=0.01%, 1000=0.01%
  cpu          : usr=0.39%, sys=3.75%, ctx=38956, majf=0, minf=71
  IO depths    : 1=0.1%, 2=0.1%, 4=100.0%, 8=0.0%, 16=0.0%, 32=0.0%, >=64=0.0%
     submit    : 0=0.0%, 4=100.0%, 8=0.0%, 16=0.0%, 32=0.0%, 64=0.0%, >=64=0.0%
     complete  : 0=0.0%, 4=100.0%, 8=0.0%, 16=0.0%, 32=0.0%, 64=0.0%, >=64=0.0%
     issued rwts: total=38909,0,0,0 short=0,0,0,0 dropped=0,0,0,0
     latency   : target=0, window=0, percentile=100.00%, depth=4
random-readers: (groupid=0, jobs=1): err= 0: pid=137283: Thu Jul 22 11:51:03 2021
  read: IOPS=131, BW=4205KiB/s (4306kB/s)(1232MiB/300006msec)
    slat (usec): min=24, max=72518, avg=7557.15, stdev=4587.17
    clat (usec): min=15, max=1109.8k, avg=22836.06, stdev=12458.52
     lat (usec): min=131, max=1114.3k, avg=30396.35, stdev=13369.27
    clat percentiles (usec):
     |  1.00th=[ 5080],  5.00th=[10159], 10.00th=[12780], 20.00th=[16057],
     | 30.00th=[18482], 40.00th=[20579], 50.00th=[22676], 60.00th=[24511],
     | 70.00th=[26608], 80.00th=[28967], 90.00th=[32375], 95.00th=[35390],
     | 99.00th=[43254], 99.50th=[49021], 99.90th=[71828], 99.95th=[78119],
     | 99.99th=[89654]
   bw (  KiB/s): min=  128, max= 7951, per=1.46%, avg=4214.93, stdev=575.43, samples=598
   iops        : min=    4, max=  248, avg=131.66, stdev=17.96, samples=598
  lat (usec)   : 20=0.01%, 250=0.04%
  lat (msec)   : 2=0.01%, 4=0.32%, 10=4.52%, 20=31.84%, 50=62.80%
  lat (msec)   : 100=0.46%, 2000=0.01%
  cpu          : usr=0.39%, sys=3.86%, ctx=39460, majf=0, minf=70
  IO depths    : 1=0.1%, 2=0.1%, 4=100.0%, 8=0.0%, 16=0.0%, 32=0.0%, >=64=0.0%
     submit    : 0=0.0%, 4=100.0%, 8=0.0%, 16=0.0%, 32=0.0%, 64=0.0%, >=64=0.0%
     complete  : 0=0.0%, 4=100.0%, 8=0.0%, 16=0.0%, 32=0.0%, 64=0.0%, >=64=0.0%
     issued rwts: total=39423,0,0,0 short=0,0,0,0 dropped=0,0,0,0
     latency   : target=0, window=0, percentile=100.00%, depth=4
random-readers: (groupid=0, jobs=1): err= 0: pid=137284: Thu Jul 22 11:51:03 2021
  read: IOPS=130, BW=4165KiB/s (4265kB/s)(1220MiB/300004msec)
    slat (usec): min=24, max=60052, avg=7626.85, stdev=4625.74
    clat (usec): min=22, max=1183.0k, avg=23052.69, stdev=13002.43
     lat (usec): min=135, max=1184.1k, avg=30682.62, stdev=13859.26
    clat percentiles (usec):
     |  1.00th=[ 4817],  5.00th=[10159], 10.00th=[12780], 20.00th=[16188],
     | 30.00th=[18744], 40.00th=[20841], 50.00th=[22938], 60.00th=[24773],
     | 70.00th=[26870], 80.00th=[29492], 90.00th=[32900], 95.00th=[35914],
     | 99.00th=[43779], 99.50th=[49021], 99.90th=[66847], 99.95th=[71828],
     | 99.99th=[86508]
   bw (  KiB/s): min= 2688, max=10112, per=1.45%, avg=4181.76, stdev=559.22, samples=597
   iops        : min=   84, max=  316, avg=130.62, stdev=17.46, samples=597
  lat (usec)   : 50=0.01%, 250=0.10%
  lat (msec)   : 2=0.03%, 4=0.38%, 10=4.32%, 20=31.22%, 50=63.50%
  lat (msec)   : 100=0.45%, 2000=0.01%
  cpu          : usr=0.43%, sys=3.81%, ctx=39028, majf=0, minf=70
  IO depths    : 1=0.1%, 2=0.1%, 4=100.0%, 8=0.0%, 16=0.0%, 32=0.0%, >=64=0.0%
     submit    : 0=0.0%, 4=100.0%, 8=0.0%, 16=0.0%, 32=0.0%, 64=0.0%, >=64=0.0%
     complete  : 0=0.0%, 4=100.0%, 8=0.0%, 16=0.0%, 32=0.0%, 64=0.0%, >=64=0.0%
     issued rwts: total=39051,0,0,0 short=0,0,0,0 dropped=0,0,0,0
     latency   : target=0, window=0, percentile=100.00%, depth=4
random-readers: (groupid=0, jobs=1): err= 0: pid=137285: Thu Jul 22 11:51:03 2021
  read: IOPS=130, BW=4176KiB/s (4277kB/s)(1224MiB/300004msec)
    slat (usec): min=24, max=177636, avg=7605.98, stdev=4652.30
    clat (usec): min=18, max=1192.5k, avg=22992.45, stdev=13150.48
     lat (usec): min=135, max=1205.3k, avg=30601.81, stdev=14062.05
    clat percentiles (msec):
     |  1.00th=[    5],  5.00th=[   11], 10.00th=[   13], 20.00th=[   17],
     | 30.00th=[   19], 40.00th=[   21], 50.00th=[   23], 60.00th=[   25],
     | 70.00th=[   27], 80.00th=[   30], 90.00th=[   33], 95.00th=[   36],
     | 99.00th=[   44], 99.50th=[   50], 99.90th=[   74], 99.95th=[   80],
     | 99.99th=[  203]
   bw (  KiB/s): min= 2821, max= 9984, per=1.45%, avg=4193.47, stdev=562.41, samples=597
   iops        : min=   88, max=  312, avg=130.98, stdev=17.56, samples=597
  lat (usec)   : 20=0.01%, 250=0.02%
  lat (msec)   : 2=0.05%, 4=0.38%, 10=4.16%, 20=31.29%, 50=63.61%
  lat (msec)   : 100=0.46%, 250=0.01%, 2000=0.01%
  cpu          : usr=0.35%, sys=3.93%, ctx=39143, majf=0, minf=71
  IO depths    : 1=0.1%, 2=0.1%, 4=100.0%, 8=0.0%, 16=0.0%, 32=0.0%, >=64=0.0%
     submit    : 0=0.0%, 4=100.0%, 8=0.0%, 16=0.0%, 32=0.0%, 64=0.0%, >=64=0.0%
     complete  : 0=0.0%, 4=100.0%, 8=0.0%, 16=0.0%, 32=0.0%, 64=0.0%, >=64=0.0%
     issued rwts: total=39155,0,0,0 short=0,0,0,0 dropped=0,0,0,0
     latency   : target=0, window=0, percentile=100.00%, depth=4
random-readers: (groupid=0, jobs=1): err= 0: pid=137286: Thu Jul 22 11:51:03 2021
  read: IOPS=130, BW=4173KiB/s (4273kB/s)(1223MiB/300004msec)
    slat (usec): min=25, max=198245, avg=7619.34, stdev=4969.68
    clat (usec): min=21, max=935424, avg=23011.03, stdev=11832.72
     lat (usec): min=149, max=937115, avg=30633.54, stdev=12920.85
    clat percentiles (msec):
     |  1.00th=[    5],  5.00th=[   10], 10.00th=[   13], 20.00th=[   16],
     | 30.00th=[   19], 40.00th=[   21], 50.00th=[   23], 60.00th=[   25],
     | 70.00th=[   27], 80.00th=[   30], 90.00th=[   34], 95.00th=[   37],
     | 99.00th=[   46], 99.50th=[   53], 99.90th=[   70], 99.95th=[   79],
     | 99.99th=[  211]
   bw (  KiB/s): min= 2752, max= 7951, per=1.45%, avg=4183.66, stdev=558.22, samples=598
   iops        : min=   86, max=  248, avg=130.68, stdev=17.43, samples=598
  lat (usec)   : 50=0.01%, 250=0.02%
  lat (msec)   : 2=0.01%, 4=0.42%, 10=5.25%, 20=31.62%, 50=62.07%
  lat (msec)   : 100=0.59%, 250=0.01%, 1000=0.01%
  cpu          : usr=0.40%, sys=3.78%, ctx=39149, majf=0, minf=70
  IO depths    : 1=0.1%, 2=0.1%, 4=100.0%, 8=0.0%, 16=0.0%, 32=0.0%, >=64=0.0%
     submit    : 0=0.0%, 4=100.0%, 8=0.0%, 16=0.0%, 32=0.0%, 64=0.0%, >=64=0.0%
     complete  : 0=0.0%, 4=100.0%, 8=0.0%, 16=0.0%, 32=0.0%, 64=0.0%, >=64=0.0%
     issued rwts: total=39124,0,0,0 short=0,0,0,0 dropped=0,0,0,0
     latency   : target=0, window=0, percentile=100.00%, depth=4
random-readers: (groupid=0, jobs=1): err= 0: pid=137287: Thu Jul 22 11:51:03 2021
  read: IOPS=127, BW=4081KiB/s (4179kB/s)(1196MiB/300002msec)
    slat (usec): min=26, max=330511, avg=7795.06, stdev=5056.21
    clat (usec): min=15, max=810878, avg=23530.26, stdev=11280.96
     lat (usec): min=149, max=812364, avg=31328.50, stdev=12485.75
    clat percentiles (msec):
     |  1.00th=[    5],  5.00th=[   11], 10.00th=[   14], 20.00th=[   17],
     | 30.00th=[   20], 40.00th=[   22], 50.00th=[   24], 60.00th=[   26],
     | 70.00th=[   28], 80.00th=[   31], 90.00th=[   34], 95.00th=[   37],
     | 99.00th=[   45], 99.50th=[   51], 99.90th=[   71], 99.95th=[   79],
     | 99.99th=[  351]
   bw (  KiB/s): min=  448, max= 9152, per=1.41%, avg=4084.10, stdev=607.71, samples=599
   iops        : min=   14, max=  286, avg=127.57, stdev=18.98, samples=599
  lat (usec)   : 20=0.01%, 250=0.04%
  lat (msec)   : 2=0.03%, 4=0.58%, 10=4.20%, 20=29.18%, 50=65.43%
  lat (msec)   : 100=0.51%, 500=0.01%, 1000=0.01%
  cpu          : usr=0.35%, sys=3.70%, ctx=38266, majf=0, minf=71
  IO depths    : 1=0.1%, 2=0.1%, 4=100.0%, 8=0.0%, 16=0.0%, 32=0.0%, >=64=0.0%
     submit    : 0=0.0%, 4=100.0%, 8=0.0%, 16=0.0%, 32=0.0%, 64=0.0%, >=64=0.0%
     complete  : 0=0.0%, 4=100.0%, 8=0.0%, 16=0.0%, 32=0.0%, 64=0.0%, >=64=0.0%
     issued rwts: total=38259,0,0,0 short=0,0,0,0 dropped=0,0,0,0
     latency   : target=0, window=0, percentile=100.00%, depth=4
random-readers: (groupid=0, jobs=1): err= 0: pid=137288: Thu Jul 22 11:51:03 2021
  read: IOPS=118, BW=3805KiB/s (3896kB/s)(1115MiB/300005msec)
    slat (usec): min=24, max=75427, avg=8352.14, stdev=4886.72
    clat (usec): min=15, max=1165.8k, avg=25236.33, stdev=13594.31
     lat (usec): min=141, max=1165.8k, avg=33591.71, stdev=14575.79
    clat percentiles (msec):
     |  1.00th=[    6],  5.00th=[   12], 10.00th=[   15], 20.00th=[   19],
     | 30.00th=[   21], 40.00th=[   23], 50.00th=[   25], 60.00th=[   27],
     | 70.00th=[   29], 80.00th=[   32], 90.00th=[   36], 95.00th=[   40],
     | 99.00th=[   49], 99.50th=[   54], 99.90th=[   79], 99.95th=[   87],
     | 99.99th=[  105]
   bw (  KiB/s): min= 1603, max= 8320, per=1.32%, avg=3813.51, stdev=578.61, samples=598
   iops        : min=   50, max=  260, avg=119.12, stdev=18.06, samples=598
  lat (usec)   : 20=0.01%, 250=0.10%
  lat (msec)   : 2=0.05%, 4=0.21%, 10=2.92%, 20=23.87%, 50=72.05%
  lat (msec)   : 100=0.80%, 250=0.01%, 2000=0.01%
  cpu          : usr=0.39%, sys=3.57%, ctx=35661, majf=0, minf=70
  IO depths    : 1=0.1%, 2=0.1%, 4=100.0%, 8=0.0%, 16=0.0%, 32=0.0%, >=64=0.0%
     submit    : 0=0.0%, 4=100.0%, 8=0.0%, 16=0.0%, 32=0.0%, 64=0.0%, >=64=0.0%
     complete  : 0=0.0%, 4=100.0%, 8=0.0%, 16=0.0%, 32=0.0%, 64=0.0%, >=64=0.0%
     issued rwts: total=35671,0,0,0 short=0,0,0,0 dropped=0,0,0,0
     latency   : target=0, window=0, percentile=100.00%, depth=4
random-readers: (groupid=0, jobs=1): err= 0: pid=137289: Thu Jul 22 11:51:03 2021
  read: IOPS=129, BW=4153KiB/s (4253kB/s)(1217MiB/300003msec)
    slat (usec): min=23, max=73209, avg=7646.56, stdev=4761.88
    clat (usec): min=17, max=1286.0k, avg=23119.46, stdev=13858.85
     lat (usec): min=131, max=1287.9k, avg=30769.13, stdev=14715.33
    clat percentiles (msec):
     |  1.00th=[    5],  5.00th=[   11], 10.00th=[   13], 20.00th=[   17],
     | 30.00th=[   19], 40.00th=[   21], 50.00th=[   23], 60.00th=[   25],
     | 70.00th=[   27], 80.00th=[   30], 90.00th=[   34], 95.00th=[   37],
     | 99.00th=[   45], 99.50th=[   50], 99.90th=[   70], 99.95th=[   79],
     | 99.99th=[  117]
   bw (  KiB/s): min= 3008, max= 7168, per=1.44%, avg=4169.86, stdev=541.68, samples=597
   iops        : min=   94, max=  224, avg=130.25, stdev=16.91, samples=597
  lat (usec)   : 20=0.01%, 250=0.06%, 1000=0.01%
  lat (msec)   : 2=0.02%, 4=0.39%, 10=4.54%, 20=31.31%, 50=63.20%
  lat (msec)   : 100=0.46%, 250=0.01%, 2000=0.01%
  cpu          : usr=0.38%, sys=3.94%, ctx=38963, majf=0, minf=71
  IO depths    : 1=0.1%, 2=0.1%, 4=100.0%, 8=0.0%, 16=0.0%, 32=0.0%, >=64=0.0%
     submit    : 0=0.0%, 4=100.0%, 8=0.0%, 16=0.0%, 32=0.0%, 64=0.0%, >=64=0.0%
     complete  : 0=0.0%, 4=100.0%, 8=0.0%, 16=0.0%, 32=0.0%, 64=0.0%, >=64=0.0%
     issued rwts: total=38937,0,0,0 short=0,0,0,0 dropped=0,0,0,0
     latency   : target=0, window=0, percentile=100.00%, depth=4
random-readers: (groupid=0, jobs=1): err= 0: pid=137290: Thu Jul 22 11:51:03 2021
  read: IOPS=129, BW=4152KiB/s (4252kB/s)(1217MiB/300002msec)
    slat (usec): min=27, max=63080, avg=7649.85, stdev=4692.91
    clat (usec): min=16, max=1218.7k, avg=23126.25, stdev=13361.79
     lat (usec): min=151, max=1218.8k, avg=30779.31, stdev=14228.53
    clat percentiles (usec):
     |  1.00th=[ 4948],  5.00th=[10028], 10.00th=[12780], 20.00th=[16188],
     | 30.00th=[18744], 40.00th=[20841], 50.00th=[22676], 60.00th=[24773],
     | 70.00th=[26870], 80.00th=[29492], 90.00th=[33162], 95.00th=[36439],
     | 99.00th=[45351], 99.50th=[50070], 99.90th=[68682], 99.95th=[76022],
     | 99.99th=[92799]
   bw (  KiB/s): min= 3136, max= 7680, per=1.44%, avg=4169.18, stdev=526.25, samples=597
   iops        : min=   98, max=  240, avg=130.23, stdev=16.43, samples=597
  lat (usec)   : 20=0.01%, 250=0.04%
  lat (msec)   : 2=0.01%, 4=0.34%, 10=4.52%, 20=31.19%, 50=63.38%
  lat (msec)   : 100=0.50%, 2000=0.01%
  cpu          : usr=0.34%, sys=3.94%, ctx=38963, majf=0, minf=71
  IO depths    : 1=0.1%, 2=0.1%, 4=100.0%, 8=0.0%, 16=0.0%, 32=0.0%, >=64=0.0%
     submit    : 0=0.0%, 4=100.0%, 8=0.0%, 16=0.0%, 32=0.0%, 64=0.0%, >=64=0.0%
     complete  : 0=0.0%, 4=100.0%, 8=0.0%, 16=0.0%, 32=0.0%, 64=0.0%, >=64=0.0%
     issued rwts: total=38928,0,0,0 short=0,0,0,0 dropped=0,0,0,0
     latency   : target=0, window=0, percentile=100.00%, depth=4
random-readers: (groupid=0, jobs=1): err= 0: pid=137291: Thu Jul 22 11:51:03 2021
  read: IOPS=130, BW=4164KiB/s (4263kB/s)(1220MiB/300005msec)
    slat (usec): min=25, max=71044, avg=7628.45, stdev=4769.53
    clat (usec): min=16, max=1276.4k, avg=23064.28, stdev=13836.91
     lat (usec): min=149, max=1277.8k, avg=30695.87, stdev=14700.04
    clat percentiles (msec):
     |  1.00th=[    5],  5.00th=[   11], 10.00th=[   13], 20.00th=[   17],
     | 30.00th=[   19], 40.00th=[   21], 50.00th=[   23], 60.00th=[   25],
     | 70.00th=[   27], 80.00th=[   30], 90.00th=[   33], 95.00th=[   37],
     | 99.00th=[   46], 99.50th=[   53], 99.90th=[   72], 99.95th=[   79],
     | 99.99th=[  105]
   bw (  KiB/s): min= 1920, max= 8320, per=1.44%, avg=4180.24, stdev=559.98, samples=597
   iops        : min=   60, max=  260, avg=130.57, stdev=17.49, samples=597
  lat (usec)   : 20=0.01%, 250=0.06%, 500=0.01%
  lat (msec)   : 2=0.03%, 4=0.37%, 10=4.52%, 20=31.55%, 50=62.83%
  lat (msec)   : 100=0.61%, 250=0.01%, 2000=0.01%
  cpu          : usr=0.36%, sys=3.88%, ctx=39039, majf=0, minf=70
  IO depths    : 1=0.1%, 2=0.1%, 4=100.0%, 8=0.0%, 16=0.0%, 32=0.0%, >=64=0.0%
     submit    : 0=0.0%, 4=100.0%, 8=0.0%, 16=0.0%, 32=0.0%, 64=0.0%, >=64=0.0%
     complete  : 0=0.0%, 4=100.0%, 8=0.0%, 16=0.0%, 32=0.0%, 64=0.0%, >=64=0.0%
     issued rwts: total=39034,0,0,0 short=0,0,0,0 dropped=0,0,0,0
     latency   : target=0, window=0, percentile=100.00%, depth=4
random-readers: (groupid=0, jobs=1): err= 0: pid=137292: Thu Jul 22 11:51:03 2021
  read: IOPS=128, BW=4119KiB/s (4218kB/s)(1207MiB/300005msec)
    slat (usec): min=24, max=63568, avg=7717.41, stdev=4573.46
    clat (usec): min=18, max=1037.2k, avg=23314.08, stdev=12017.32
     lat (usec): min=142, max=1045.0k, avg=31034.65, stdev=12968.90
    clat percentiles (msec):
     |  1.00th=[    5],  5.00th=[   11], 10.00th=[   14], 20.00th=[   17],
     | 30.00th=[   20], 40.00th=[   22], 50.00th=[   24], 60.00th=[   26],
     | 70.00th=[   28], 80.00th=[   30], 90.00th=[   34], 95.00th=[   36],
     | 99.00th=[   44], 99.50th=[   48], 99.90th=[   67], 99.95th=[   75],
     | 99.99th=[  126]
   bw (  KiB/s): min= 1728, max= 8256, per=1.43%, avg=4127.41, stdev=502.49, samples=598
   iops        : min=   54, max=  258, avg=128.92, stdev=15.70, samples=598
  lat (usec)   : 20=0.01%, 250=0.02%
  lat (msec)   : 2=0.02%, 4=0.42%, 10=3.90%, 20=30.14%, 50=65.09%
  lat (msec)   : 100=0.39%, 250=0.01%, 2000=0.01%
  cpu          : usr=0.38%, sys=3.78%, ctx=38654, majf=0, minf=70
  IO depths    : 1=0.1%, 2=0.1%, 4=100.0%, 8=0.0%, 16=0.0%, 32=0.0%, >=64=0.0%
     submit    : 0=0.0%, 4=100.0%, 8=0.0%, 16=0.0%, 32=0.0%, 64=0.0%, >=64=0.0%
     complete  : 0=0.0%, 4=100.0%, 8=0.0%, 16=0.0%, 32=0.0%, 64=0.0%, >=64=0.0%
     issued rwts: total=38615,0,0,0 short=0,0,0,0 dropped=0,0,0,0
     latency   : target=0, window=0, percentile=100.00%, depth=4
random-readers: (groupid=0, jobs=1): err= 0: pid=137293: Thu Jul 22 11:51:03 2021
  read: IOPS=132, BW=4246KiB/s (4348kB/s)(1244MiB/300002msec)
    slat (usec): min=22, max=76454, avg=7486.61, stdev=4580.85
    clat (usec): min=18, max=994999, avg=22617.09, stdev=11679.76
     lat (usec): min=125, max=996116, avg=30106.84, stdev=12659.58
    clat percentiles (usec):
     |  1.00th=[ 4293],  5.00th=[ 9634], 10.00th=[12387], 20.00th=[15795],
     | 30.00th=[18220], 40.00th=[20579], 50.00th=[22414], 60.00th=[24511],
     | 70.00th=[26608], 80.00th=[28967], 90.00th=[32637], 95.00th=[35390],
     | 99.00th=[42206], 99.50th=[45351], 99.90th=[67634], 99.95th=[80217],
     | 99.99th=[94897]
   bw (  KiB/s): min=  640, max= 9298, per=1.47%, avg=4255.20, stdev=618.17, samples=598
   iops        : min=   20, max=  290, avg=132.91, stdev=19.30, samples=598
  lat (usec)   : 20=0.01%, 250=0.12%
  lat (msec)   : 2=0.05%, 4=0.58%, 10=4.74%, 20=32.05%, 50=62.21%
  lat (msec)   : 100=0.25%, 1000=0.01%
  cpu          : usr=0.41%, sys=3.83%, ctx=39762, majf=0, minf=71
  IO depths    : 1=0.1%, 2=0.1%, 4=100.0%, 8=0.0%, 16=0.0%, 32=0.0%, >=64=0.0%
     submit    : 0=0.0%, 4=100.0%, 8=0.0%, 16=0.0%, 32=0.0%, 64=0.0%, >=64=0.0%
     complete  : 0=0.0%, 4=100.0%, 8=0.0%, 16=0.0%, 32=0.0%, 64=0.0%, >=64=0.0%
     issued rwts: total=39806,0,0,0 short=0,0,0,0 dropped=0,0,0,0
     latency   : target=0, window=0, percentile=100.00%, depth=4
random-readers: (groupid=0, jobs=1): err= 0: pid=137294: Thu Jul 22 11:51:03 2021
  read: IOPS=129, BW=4140KiB/s (4239kB/s)(1213MiB/300008msec)
    slat (usec): min=23, max=347880, avg=7679.45, stdev=5202.96
    clat (usec): min=24, max=1008.7k, avg=23197.32, stdev=12496.95
     lat (usec): min=129, max=1010.1k, avg=30879.97, stdev=13636.00
    clat percentiles (msec):
     |  1.00th=[    5],  5.00th=[   10], 10.00th=[   13], 20.00th=[   16],
     | 30.00th=[   19], 40.00th=[   21], 50.00th=[   23], 60.00th=[   25],
     | 70.00th=[   28], 80.00th=[   30], 90.00th=[   34], 95.00th=[   38],
     | 99.00th=[   47], 99.50th=[   51], 99.90th=[   69], 99.95th=[   81],
     | 99.99th=[  359]
   bw (  KiB/s): min=  384, max=10432, per=1.43%, avg=4150.24, stdev=621.71, samples=598
   iops        : min=   12, max=  326, avg=129.64, stdev=19.41, samples=598
  lat (usec)   : 50=0.01%, 250=0.11%, 500=0.02%
  lat (msec)   : 2=0.08%, 4=0.44%, 10=4.75%, 20=31.12%, 50=62.92%
  lat (msec)   : 100=0.54%, 500=0.01%, 1000=0.01%, 2000=0.01%
  cpu          : usr=0.41%, sys=3.74%, ctx=38739, majf=0, minf=70
  IO depths    : 1=0.1%, 2=0.1%, 4=100.0%, 8=0.0%, 16=0.0%, 32=0.0%, >=64=0.0%
     submit    : 0=0.0%, 4=100.0%, 8=0.0%, 16=0.0%, 32=0.0%, 64=0.0%, >=64=0.0%
     complete  : 0=0.0%, 4=100.0%, 8=0.0%, 16=0.0%, 32=0.0%, 64=0.0%, >=64=0.0%
     issued rwts: total=38810,0,0,0 short=0,0,0,0 dropped=0,0,0,0
     latency   : target=0, window=0, percentile=100.00%, depth=4
random-readers: (groupid=0, jobs=1): err= 0: pid=137295: Thu Jul 22 11:51:03 2021
  read: IOPS=129, BW=4144KiB/s (4244kB/s)(1214MiB/300001msec)
    slat (usec): min=26, max=71764, avg=7663.30, stdev=4755.97
    clat (usec): min=18, max=1324.6k, avg=23172.81, stdev=14055.76
     lat (usec): min=153, max=1326.6k, avg=30839.39, stdev=14908.47
    clat percentiles (usec):
     |  1.00th=[ 4948],  5.00th=[10028], 10.00th=[12649], 20.00th=[16057],
     | 30.00th=[18744], 40.00th=[20841], 50.00th=[22676], 60.00th=[24773],
     | 70.00th=[27132], 80.00th=[29754], 90.00th=[33162], 95.00th=[36439],
     | 99.00th=[45351], 99.50th=[50070], 99.90th=[73925], 99.95th=[80217],
     | 99.99th=[89654]
   bw (  KiB/s): min=  833, max= 8448, per=1.44%, avg=4153.54, stdev=571.34, samples=598
   iops        : min=   26, max=  264, avg=129.74, stdev=17.84, samples=598
  lat (usec)   : 20=0.01%, 250=0.04%
  lat (msec)   : 2=0.02%, 4=0.34%, 10=4.53%, 20=31.28%, 50=63.29%
  lat (msec)   : 100=0.49%, 2000=0.01%
  cpu          : usr=0.40%, sys=3.93%, ctx=38872, majf=0, minf=71
  IO depths    : 1=0.1%, 2=0.1%, 4=100.0%, 8=0.0%, 16=0.0%, 32=0.0%, >=64=0.0%
     submit    : 0=0.0%, 4=100.0%, 8=0.0%, 16=0.0%, 32=0.0%, 64=0.0%, >=64=0.0%
     complete  : 0=0.0%, 4=100.0%, 8=0.0%, 16=0.0%, 32=0.0%, 64=0.0%, >=64=0.0%
     issued rwts: total=38851,0,0,0 short=0,0,0,0 dropped=0,0,0,0
     latency   : target=0, window=0, percentile=100.00%, depth=4
random-readers: (groupid=0, jobs=1): err= 0: pid=137296: Thu Jul 22 11:51:03 2021
  read: IOPS=132, BW=4230KiB/s (4332kB/s)(1239MiB/300007msec)
    slat (usec): min=22, max=66329, avg=7514.89, stdev=4592.17
    clat (usec): min=15, max=983273, avg=22701.28, stdev=11629.54
     lat (usec): min=130, max=983301, avg=30219.38, stdev=12570.71
    clat percentiles (usec):
     |  1.00th=[ 4424],  5.00th=[ 9634], 10.00th=[12387], 20.00th=[15795],
     | 30.00th=[18482], 40.00th=[20579], 50.00th=[22414], 60.00th=[24511],
     | 70.00th=[26608], 80.00th=[29230], 90.00th=[32637], 95.00th=[35390],
     | 99.00th=[42206], 99.50th=[46400], 99.90th=[69731], 99.95th=[73925],
     | 99.99th=[86508]
   bw (  KiB/s): min= 2436, max= 9747, per=1.47%, avg=4240.53, stdev=600.86, samples=598
   iops        : min=   76, max=  304, avg=132.45, stdev=18.75, samples=598
  lat (usec)   : 20=0.01%, 250=0.05%
  lat (msec)   : 2=0.03%, 4=0.59%, 10=4.85%, 20=31.70%, 50=62.44%
  lat (msec)   : 100=0.34%, 1000=0.01%
  cpu          : usr=0.43%, sys=3.81%, ctx=39670, majf=0, minf=70
  IO depths    : 1=0.1%, 2=0.1%, 4=100.0%, 8=0.0%, 16=0.0%, 32=0.0%, >=64=0.0%
     submit    : 0=0.0%, 4=100.0%, 8=0.0%, 16=0.0%, 32=0.0%, 64=0.0%, >=64=0.0%
     complete  : 0=0.0%, 4=100.0%, 8=0.0%, 16=0.0%, 32=0.0%, 64=0.0%, >=64=0.0%
     issued rwts: total=39659,0,0,0 short=0,0,0,0 dropped=0,0,0,0
     latency   : target=0, window=0, percentile=100.00%, depth=4
random-readers: (groupid=0, jobs=1): err= 0: pid=137297: Thu Jul 22 11:51:03 2021
  read: IOPS=129, BW=4130KiB/s (4229kB/s)(1210MiB/300002msec)
    slat (usec): min=26, max=66773, avg=7693.83, stdev=4705.97
    clat (usec): min=22, max=1092.3k, avg=23249.25, stdev=12531.50
     lat (usec): min=165, max=1092.3k, avg=30946.39, stdev=13459.02
    clat percentiles (usec):
     |  1.00th=[ 4686],  5.00th=[10028], 10.00th=[12780], 20.00th=[16188],
     | 30.00th=[18744], 40.00th=[21103], 50.00th=[22938], 60.00th=[25035],
     | 70.00th=[27132], 80.00th=[29754], 90.00th=[33424], 95.00th=[36439],
     | 99.00th=[44303], 99.50th=[49021], 99.90th=[69731], 99.95th=[73925],
     | 99.99th=[88605]
   bw (  KiB/s): min=  577, max= 8721, per=1.43%, avg=4140.40, stdev=572.36, samples=598
   iops        : min=   18, max=  272, avg=129.33, stdev=17.87, samples=598
  lat (usec)   : 50=0.01%, 250=0.03%
  lat (msec)   : 2=0.01%, 4=0.45%, 10=4.48%, 20=30.41%, 50=64.19%
  lat (msec)   : 100=0.42%, 2000=0.01%
  cpu          : usr=0.40%, sys=3.84%, ctx=38761, majf=0, minf=70
  IO depths    : 1=0.1%, 2=0.1%, 4=100.0%, 8=0.0%, 16=0.0%, 32=0.0%, >=64=0.0%
     submit    : 0=0.0%, 4=100.0%, 8=0.0%, 16=0.0%, 32=0.0%, 64=0.0%, >=64=0.0%
     complete  : 0=0.0%, 4=100.0%, 8=0.0%, 16=0.0%, 32=0.0%, 64=0.0%, >=64=0.0%
     issued rwts: total=38722,0,0,0 short=0,0,0,0 dropped=0,0,0,0
     latency   : target=0, window=0, percentile=100.00%, depth=4
random-readers: (groupid=0, jobs=1): err= 0: pid=137298: Thu Jul 22 11:51:03 2021
  read: IOPS=119, BW=3825KiB/s (3917kB/s)(1121MiB/300009msec)
    slat (usec): min=23, max=71017, avg=8311.98, stdev=4914.62
    clat (usec): min=16, max=1036.0k, avg=25103.96, stdev=12735.55
     lat (usec): min=135, max=1041.2k, avg=33419.10, stdev=13813.24
    clat percentiles (usec):
     |  1.00th=[ 5604],  5.00th=[11600], 10.00th=[14484], 20.00th=[17957],
     | 30.00th=[20579], 40.00th=[22676], 50.00th=[24773], 60.00th=[26870],
     | 70.00th=[28967], 80.00th=[31589], 90.00th=[35390], 95.00th=[39060],
     | 99.00th=[49546], 99.50th=[55837], 99.90th=[74974], 99.95th=[83362],
     | 99.99th=[90702]
   bw (  KiB/s): min=  320, max= 8144, per=1.32%, avg=3833.63, stdev=604.52, samples=598
   iops        : min=   10, max=  254, avg=119.75, stdev=18.87, samples=598
  lat (usec)   : 20=0.01%, 250=0.06%
  lat (msec)   : 2=0.03%, 4=0.18%, 10=2.97%, 20=24.40%, 50=71.41%
  lat (msec)   : 100=0.94%, 2000=0.01%
  cpu          : usr=0.36%, sys=3.59%, ctx=35874, majf=0, minf=71
  IO depths    : 1=0.1%, 2=0.1%, 4=100.0%, 8=0.0%, 16=0.0%, 32=0.0%, >=64=0.0%
     submit    : 0=0.0%, 4=100.0%, 8=0.0%, 16=0.0%, 32=0.0%, 64=0.0%, >=64=0.0%
     complete  : 0=0.0%, 4=100.0%, 8=0.0%, 16=0.0%, 32=0.0%, 64=0.0%, >=64=0.0%
     issued rwts: total=35859,0,0,0 short=0,0,0,0 dropped=0,0,0,0
     latency   : target=0, window=0, percentile=100.00%, depth=4
random-readers: (groupid=0, jobs=1): err= 0: pid=137299: Thu Jul 22 11:51:03 2021
  read: IOPS=118, BW=3794KiB/s (3885kB/s)(1112MiB/300006msec)
    slat (usec): min=25, max=74602, avg=8372.27, stdev=4883.58
    clat (usec): min=20, max=1317.3k, avg=25308.71, stdev=14711.02
     lat (usec): min=154, max=1325.3k, avg=33684.21, stdev=15632.08
    clat percentiles (msec):
     |  1.00th=[    6],  5.00th=[   12], 10.00th=[   15], 20.00th=[   19],
     | 30.00th=[   21], 40.00th=[   23], 50.00th=[   25], 60.00th=[   27],
     | 70.00th=[   30], 80.00th=[   32], 90.00th=[   36], 95.00th=[   40],
     | 99.00th=[   49], 99.50th=[   55], 99.90th=[   73], 99.95th=[   81],
     | 99.99th=[  108]
   bw (  KiB/s): min= 2880, max= 7310, per=1.32%, avg=3809.38, stdev=552.83, samples=597
   iops        : min=   90, max=  228, avg=118.99, stdev=17.26, samples=597
  lat (usec)   : 50=0.01%, 250=0.02%
  lat (msec)   : 2=0.04%, 4=0.21%, 10=2.82%, 20=24.03%, 50=72.09%
  lat (msec)   : 100=0.77%, 250=0.01%, 2000=0.01%
  cpu          : usr=0.37%, sys=3.61%, ctx=35601, majf=0, minf=70
  IO depths    : 1=0.1%, 2=0.1%, 4=100.0%, 8=0.0%, 16=0.0%, 32=0.0%, >=64=0.0%
     submit    : 0=0.0%, 4=100.0%, 8=0.0%, 16=0.0%, 32=0.0%, 64=0.0%, >=64=0.0%
     complete  : 0=0.0%, 4=100.0%, 8=0.0%, 16=0.0%, 32=0.0%, 64=0.0%, >=64=0.0%
     issued rwts: total=35570,0,0,0 short=0,0,0,0 dropped=0,0,0,0
     latency   : target=0, window=0, percentile=100.00%, depth=4
random-readers: (groupid=0, jobs=1): err= 0: pid=137300: Thu Jul 22 11:51:03 2021
  read: IOPS=122, BW=3931KiB/s (4026kB/s)(1152MiB/300002msec)
    slat (usec): min=25, max=73774, avg=8082.75, stdev=4656.62
    clat (usec): min=19, max=1140.6k, avg=24424.84, stdev=13044.29
     lat (usec): min=141, max=1142.6k, avg=32510.99, stdev=13966.01
    clat percentiles (usec):
     |  1.00th=[ 4621],  5.00th=[11076], 10.00th=[14091], 20.00th=[17695],
     | 30.00th=[20317], 40.00th=[22414], 50.00th=[24249], 60.00th=[26084],
     | 70.00th=[28443], 80.00th=[30802], 90.00th=[34341], 95.00th=[37487],
     | 99.00th=[45876], 99.50th=[51643], 99.90th=[69731], 99.95th=[74974],
     | 99.99th=[98042]
   bw (  KiB/s): min=  128, max= 8768, per=1.36%, avg=3940.81, stdev=565.95, samples=598
   iops        : min=    4, max=  274, avg=123.09, stdev=17.67, samples=598
  lat (usec)   : 20=0.01%, 250=0.09%
  lat (msec)   : 2=0.03%, 4=0.42%, 10=3.21%, 20=25.33%, 50=70.33%
  lat (msec)   : 100=0.58%, 2000=0.01%
  cpu          : usr=0.37%, sys=3.78%, ctx=36842, majf=0, minf=70
  IO depths    : 1=0.1%, 2=0.1%, 4=100.0%, 8=0.0%, 16=0.0%, 32=0.0%, >=64=0.0%
     submit    : 0=0.0%, 4=100.0%, 8=0.0%, 16=0.0%, 32=0.0%, 64=0.0%, >=64=0.0%
     complete  : 0=0.0%, 4=100.0%, 8=0.0%, 16=0.0%, 32=0.0%, 64=0.0%, >=64=0.0%
     issued rwts: total=36857,0,0,0 short=0,0,0,0 dropped=0,0,0,0
     latency   : target=0, window=0, percentile=100.00%, depth=4
random-readers: (groupid=0, jobs=1): err= 0: pid=137301: Thu Jul 22 11:51:03 2021
  read: IOPS=125, BW=4003KiB/s (4099kB/s)(1173MiB/300004msec)
    slat (usec): min=23, max=80587, avg=7940.76, stdev=4680.50
    clat (usec): min=16, max=1063.4k, avg=23989.09, stdev=12468.23
     lat (usec): min=132, max=1073.4k, avg=31933.04, stdev=13434.07
    clat percentiles (msec):
     |  1.00th=[    5],  5.00th=[   11], 10.00th=[   14], 20.00th=[   18],
     | 30.00th=[   20], 40.00th=[   22], 50.00th=[   24], 60.00th=[   26],
     | 70.00th=[   28], 80.00th=[   31], 90.00th=[   34], 95.00th=[   37],
     | 99.00th=[   46], 99.50th=[   51], 99.90th=[   67], 99.95th=[   74],
     | 99.99th=[  102]
   bw (  KiB/s): min= 2048, max= 9088, per=1.39%, avg=4012.25, stdev=566.89, samples=598
   iops        : min=   64, max=  284, avg=125.32, stdev=17.70, samples=598
  lat (usec)   : 20=0.01%, 250=0.12%
  lat (msec)   : 2=0.01%, 4=0.44%, 10=3.60%, 20=27.28%, 50=68.04%
  lat (msec)   : 100=0.50%, 250=0.01%, 2000=0.01%
  cpu          : usr=0.33%, sys=3.74%, ctx=37524, majf=0, minf=71
  IO depths    : 1=0.1%, 2=0.1%, 4=100.0%, 8=0.0%, 16=0.0%, 32=0.0%, >=64=0.0%
     submit    : 0=0.0%, 4=100.0%, 8=0.0%, 16=0.0%, 32=0.0%, 64=0.0%, >=64=0.0%
     complete  : 0=0.0%, 4=100.0%, 8=0.0%, 16=0.0%, 32=0.0%, 64=0.0%, >=64=0.0%
     issued rwts: total=37527,0,0,0 short=0,0,0,0 dropped=0,0,0,0
     latency   : target=0, window=0, percentile=100.00%, depth=4
random-readers: (groupid=0, jobs=1): err= 0: pid=137302: Thu Jul 22 11:51:03 2021
  read: IOPS=118, BW=3797KiB/s (3888kB/s)(1112MiB/300003msec)
    slat (usec): min=24, max=66874, avg=8364.96, stdev=4873.00
    clat (usec): min=23, max=1354.1k, avg=25290.28, stdev=14980.70
     lat (usec): min=138, max=1370.0k, avg=33658.52, stdev=15893.97
    clat percentiles (usec):
     |  1.00th=[ 5080],  5.00th=[11731], 10.00th=[14615], 20.00th=[18220],
     | 30.00th=[20841], 40.00th=[22938], 50.00th=[24773], 60.00th=[26870],
     | 70.00th=[29230], 80.00th=[31851], 90.00th=[35390], 95.00th=[39060],
     | 99.00th=[49021], 99.50th=[54789], 99.90th=[74974], 99.95th=[80217],
     | 99.99th=[90702]
   bw (  KiB/s): min=  192, max=10496, per=1.32%, avg=3805.35, stdev=607.93, samples=598
   iops        : min=    6, max=  328, avg=118.86, stdev=18.98, samples=598
  lat (usec)   : 50=0.01%, 250=0.11%
  lat (msec)   : 2=0.10%, 4=0.32%, 10=2.54%, 20=23.76%, 50=72.31%
  lat (msec)   : 100=0.85%, 2000=0.01%
  cpu          : usr=0.35%, sys=3.71%, ctx=35561, majf=0, minf=71
  IO depths    : 1=0.1%, 2=0.1%, 4=100.0%, 8=0.0%, 16=0.0%, 32=0.0%, >=64=0.0%
     submit    : 0=0.0%, 4=100.0%, 8=0.0%, 16=0.0%, 32=0.0%, 64=0.0%, >=64=0.0%
     complete  : 0=0.0%, 4=100.0%, 8=0.0%, 16=0.0%, 32=0.0%, 64=0.0%, >=64=0.0%
     issued rwts: total=35594,0,0,0 short=0,0,0,0 dropped=0,0,0,0
     latency   : target=0, window=0, percentile=100.00%, depth=4
random-readers: (groupid=0, jobs=1): err= 0: pid=137303: Thu Jul 22 11:51:03 2021
  read: IOPS=172, BW=5528KiB/s (5661kB/s)(1620MiB/300008msec)
    slat (usec): min=24, max=354112, avg=5748.22, stdev=4997.16
    clat (usec): min=17, max=798558, avg=17372.07, stdev=10626.03
     lat (usec): min=150, max=798589, avg=23123.28, stdev=11823.57
    clat percentiles (msec):
     |  1.00th=[    4],  5.00th=[    5], 10.00th=[    7], 20.00th=[   11],
     | 30.00th=[   13], 40.00th=[   15], 50.00th=[   17], 60.00th=[   19],
     | 70.00th=[   22], 80.00th=[   24], 90.00th=[   29], 95.00th=[   32],
     | 99.00th=[   41], 99.50th=[   45], 99.90th=[   64], 99.95th=[   74],
     | 99.99th=[  363]
   bw (  KiB/s): min= 1408, max=11008, per=1.92%, avg=5541.81, stdev=772.37, samples=598
   iops        : min=   44, max=  344, avg=173.10, stdev=24.12, samples=598
  lat (usec)   : 20=0.01%, 250=0.05%
  lat (msec)   : 2=0.03%, 4=2.83%, 10=16.51%, 20=45.97%, 50=34.35%
  lat (msec)   : 100=0.24%, 500=0.01%, 1000=0.01%
  cpu          : usr=0.46%, sys=4.84%, ctx=51811, majf=0, minf=71
  IO depths    : 1=0.1%, 2=0.1%, 4=100.0%, 8=0.0%, 16=0.0%, 32=0.0%, >=64=0.0%
     submit    : 0=0.0%, 4=100.0%, 8=0.0%, 16=0.0%, 32=0.0%, 64=0.0%, >=64=0.0%
     complete  : 0=0.0%, 4=100.0%, 8=0.0%, 16=0.0%, 32=0.0%, 64=0.0%, >=64=0.0%
     issued rwts: total=51831,0,0,0 short=0,0,0,0 dropped=0,0,0,0
     latency   : target=0, window=0, percentile=100.00%, depth=4
random-readers: (groupid=0, jobs=1): err= 0: pid=137304: Thu Jul 22 11:51:03 2021
  read: IOPS=154, BW=4933KiB/s (5052kB/s)(1445MiB/300003msec)
    slat (usec): min=24, max=69265, avg=6436.83, stdev=4844.65
    clat (usec): min=17, max=1161.6k, avg=19466.48, stdev=12544.70
     lat (usec): min=141, max=1162.6k, avg=25906.28, stdev=13508.41
    clat percentiles (usec):
     |  1.00th=[ 3785],  5.00th=[ 5997], 10.00th=[ 9110], 20.00th=[12125],
     | 30.00th=[14484], 40.00th=[16712], 50.00th=[19006], 60.00th=[21103],
     | 70.00th=[23200], 80.00th=[26084], 90.00th=[30278], 95.00th=[33817],
     | 99.00th=[42206], 99.50th=[47449], 99.90th=[66847], 99.95th=[73925],
     | 99.99th=[87557]
   bw (  KiB/s): min=  320, max= 9792, per=1.71%, avg=4944.67, stdev=695.55, samples=598
   iops        : min=   10, max=  306, avg=154.45, stdev=21.71, samples=598
  lat (usec)   : 20=0.01%, 250=0.02%
  lat (msec)   : 2=0.02%, 4=1.43%, 10=11.01%, 20=42.61%, 50=44.53%
  lat (msec)   : 100=0.37%, 2000=0.01%
  cpu          : usr=0.42%, sys=4.45%, ctx=46275, majf=0, minf=70
  IO depths    : 1=0.1%, 2=0.1%, 4=100.0%, 8=0.0%, 16=0.0%, 32=0.0%, >=64=0.0%
     submit    : 0=0.0%, 4=100.0%, 8=0.0%, 16=0.0%, 32=0.0%, 64=0.0%, >=64=0.0%
     complete  : 0=0.0%, 4=100.0%, 8=0.0%, 16=0.0%, 32=0.0%, 64=0.0%, >=64=0.0%
     issued rwts: total=46249,0,0,0 short=0,0,0,0 dropped=0,0,0,0
     latency   : target=0, window=0, percentile=100.00%, depth=4
random-readers: (groupid=0, jobs=1): err= 0: pid=137305: Thu Jul 22 11:51:03 2021
  read: IOPS=156, BW=5005KiB/s (5125kB/s)(1466MiB/300003msec)
    slat (usec): min=24, max=75040, avg=6346.24, stdev=4745.55
    clat (usec): min=14, max=1076.4k, avg=19187.21, stdev=11842.88
     lat (usec): min=141, max=1078.0k, avg=25536.41, stdev=12818.30
    clat percentiles (usec):
     |  1.00th=[ 3654],  5.00th=[ 5735], 10.00th=[ 8848], 20.00th=[11994],
     | 30.00th=[14353], 40.00th=[16581], 50.00th=[18744], 60.00th=[20841],
     | 70.00th=[23200], 80.00th=[25822], 90.00th=[29754], 95.00th=[33162],
     | 99.00th=[40109], 99.50th=[44303], 99.90th=[66323], 99.95th=[71828],
     | 99.99th=[88605]
   bw (  KiB/s): min= 2693, max=10709, per=1.73%, avg=5016.14, stdev=695.06, samples=598
   iops        : min=   84, max=  334, avg=156.68, stdev=21.71, samples=598
  lat (usec)   : 20=0.01%, 250=0.16%
  lat (msec)   : 2=0.04%, 4=1.67%, 10=11.13%, 20=42.99%, 50=43.73%
  lat (msec)   : 100=0.27%, 2000=0.01%
  cpu          : usr=0.46%, sys=4.44%, ctx=46861, majf=0, minf=70
  IO depths    : 1=0.1%, 2=0.1%, 4=100.0%, 8=0.0%, 16=0.0%, 32=0.0%, >=64=0.0%
     submit    : 0=0.0%, 4=100.0%, 8=0.0%, 16=0.0%, 32=0.0%, 64=0.0%, >=64=0.0%
     complete  : 0=0.0%, 4=100.0%, 8=0.0%, 16=0.0%, 32=0.0%, 64=0.0%, >=64=0.0%
     issued rwts: total=46922,0,0,0 short=0,0,0,0 dropped=0,0,0,0
     latency   : target=0, window=0, percentile=100.00%, depth=4
random-readers: (groupid=0, jobs=1): err= 0: pid=137306: Thu Jul 22 11:51:03 2021
  read: IOPS=147, BW=4716KiB/s (4829kB/s)(1382MiB/300003msec)
    slat (usec): min=23, max=447308, avg=6735.40, stdev=5217.52
    clat (usec): min=18, max=1127.9k, avg=20363.24, stdev=12948.46
     lat (usec): min=131, max=1129.5k, avg=27101.73, stdev=14057.02
    clat percentiles (msec):
     |  1.00th=[    4],  5.00th=[    7], 10.00th=[   10], 20.00th=[   14],
     | 30.00th=[   16], 40.00th=[   18], 50.00th=[   20], 60.00th=[   22],
     | 70.00th=[   25], 80.00th=[   28], 90.00th=[   31], 95.00th=[   35],
     | 99.00th=[   43], 99.50th=[   47], 99.90th=[   66], 99.95th=[   74],
     | 99.99th=[  464]
   bw (  KiB/s): min=  512, max=10560, per=1.64%, avg=4735.82, stdev=645.98, samples=597
   iops        : min=   16, max=  330, avg=147.93, stdev=20.17, samples=597
  lat (usec)   : 20=0.01%, 250=0.11%
  lat (msec)   : 2=0.03%, 4=1.14%, 10=9.15%, 20=40.21%, 50=49.01%
  lat (msec)   : 100=0.34%, 500=0.01%, 2000=0.01%
  cpu          : usr=0.37%, sys=4.32%, ctx=44210, majf=0, minf=71
  IO depths    : 1=0.1%, 2=0.1%, 4=100.0%, 8=0.0%, 16=0.0%, 32=0.0%, >=64=0.0%
     submit    : 0=0.0%, 4=100.0%, 8=0.0%, 16=0.0%, 32=0.0%, 64=0.0%, >=64=0.0%
     complete  : 0=0.0%, 4=100.0%, 8=0.0%, 16=0.0%, 32=0.0%, 64=0.0%, >=64=0.0%
     issued rwts: total=44213,0,0,0 short=0,0,0,0 dropped=0,0,0,0
     latency   : target=0, window=0, percentile=100.00%, depth=4
random-readers: (groupid=0, jobs=1): err= 0: pid=137307: Thu Jul 22 11:51:03 2021
  read: IOPS=123, BW=3956KiB/s (4050kB/s)(1159MiB/300005msec)
    slat (usec): min=24, max=95684, avg=8032.04, stdev=5263.51
    clat (usec): min=16, max=1191.6k, avg=24276.04, stdev=14009.66
     lat (usec): min=137, max=1191.7k, avg=32311.41, stdev=15039.05
    clat percentiles (msec):
     |  1.00th=[    6],  5.00th=[   11], 10.00th=[   13], 20.00th=[   17],
     | 30.00th=[   20], 40.00th=[   22], 50.00th=[   24], 60.00th=[   27],
     | 70.00th=[   29], 80.00th=[   32], 90.00th=[   36], 95.00th=[   40],
     | 99.00th=[   49], 99.50th=[   55], 99.90th=[   74], 99.95th=[   86],
     | 99.99th=[  113]
   bw (  KiB/s): min=   64, max= 8832, per=1.37%, avg=3964.48, stdev=605.36, samples=598
   iops        : min=    2, max=  276, avg=123.83, stdev=18.90, samples=598
  lat (usec)   : 20=0.01%, 250=0.16%
  lat (msec)   : 2=0.01%, 4=0.19%, 10=4.55%, 20=28.38%, 50=65.90%
  lat (msec)   : 100=0.79%, 250=0.02%, 2000=0.01%
  cpu          : usr=0.39%, sys=3.73%, ctx=37070, majf=0, minf=70
  IO depths    : 1=0.1%, 2=0.1%, 4=100.0%, 8=0.0%, 16=0.0%, 32=0.0%, >=64=0.0%
     submit    : 0=0.0%, 4=100.0%, 8=0.0%, 16=0.0%, 32=0.0%, 64=0.0%, >=64=0.0%
     complete  : 0=0.0%, 4=100.0%, 8=0.0%, 16=0.0%, 32=0.0%, 64=0.0%, >=64=0.0%
     issued rwts: total=37084,0,0,0 short=0,0,0,0 dropped=0,0,0,0
     latency   : target=0, window=0, percentile=100.00%, depth=4
random-readers: (groupid=0, jobs=1): err= 0: pid=137308: Thu Jul 22 11:51:03 2021
  read: IOPS=171, BW=5499KiB/s (5631kB/s)(1611MiB/300005msec)
    slat (usec): min=23, max=70096, avg=5773.07, stdev=4547.69
    clat (usec): min=16, max=1106.4k, avg=17464.01, stdev=11492.58
     lat (usec): min=130, max=1108.9k, avg=23240.12, stdev=12408.34
    clat percentiles (usec):
     |  1.00th=[ 3589],  5.00th=[ 4883], 10.00th=[ 7373], 20.00th=[10683],
     | 30.00th=[12780], 40.00th=[14877], 50.00th=[16909], 60.00th=[19006],
     | 70.00th=[21103], 80.00th=[23725], 90.00th=[27657], 95.00th=[30802],
     | 99.00th=[38011], 99.50th=[42206], 99.90th=[59507], 99.95th=[68682],
     | 99.99th=[87557]
   bw (  KiB/s): min=  640, max=10432, per=1.91%, avg=5511.84, stdev=700.25, samples=598
   iops        : min=   20, max=  326, avg=172.16, stdev=21.86, samples=598
  lat (usec)   : 20=0.01%, 250=0.03%
  lat (msec)   : 2=0.02%, 4=2.21%, 10=15.21%, 20=47.41%, 50=34.92%
  lat (msec)   : 100=0.20%, 2000=0.01%
  cpu          : usr=0.48%, sys=4.88%, ctx=51597, majf=0, minf=70
  IO depths    : 1=0.1%, 2=0.1%, 4=100.0%, 8=0.0%, 16=0.0%, 32=0.0%, >=64=0.0%
     submit    : 0=0.0%, 4=100.0%, 8=0.0%, 16=0.0%, 32=0.0%, 64=0.0%, >=64=0.0%
     complete  : 0=0.0%, 4=100.0%, 8=0.0%, 16=0.0%, 32=0.0%, 64=0.0%, >=64=0.0%
     issued rwts: total=51557,0,0,0 short=0,0,0,0 dropped=0,0,0,0
     latency   : target=0, window=0, percentile=100.00%, depth=4
random-readers: (groupid=0, jobs=1): err= 0: pid=137309: Thu Jul 22 11:51:03 2021
  read: IOPS=165, BW=5288KiB/s (5415kB/s)(1549MiB/300003msec)
    slat (usec): min=24, max=355029, avg=6004.08, stdev=5057.87
    clat (usec): min=24, max=1169.1k, avg=18160.72, stdev=12570.63
     lat (usec): min=144, max=1171.6k, avg=24167.75, stdev=13598.08
    clat percentiles (msec):
     |  1.00th=[    4],  5.00th=[    5], 10.00th=[    8], 20.00th=[   11],
     | 30.00th=[   14], 40.00th=[   16], 50.00th=[   18], 60.00th=[   20],
     | 70.00th=[   22], 80.00th=[   25], 90.00th=[   29], 95.00th=[   33],
     | 99.00th=[   41], 99.50th=[   46], 99.90th=[   63], 99.95th=[   72],
     | 99.99th=[  372]
   bw (  KiB/s): min= 1536, max=10624, per=1.84%, avg=5309.04, stdev=754.73, samples=597
   iops        : min=   48, max=  332, avg=165.83, stdev=23.56, samples=597
  lat (usec)   : 50=0.01%, 250=0.03%
  lat (msec)   : 2=0.02%, 4=2.47%, 10=14.08%, 20=45.00%, 50=38.09%
  lat (msec)   : 100=0.29%, 250=0.01%, 500=0.01%, 2000=0.01%
  cpu          : usr=0.45%, sys=4.67%, ctx=49599, majf=0, minf=71
  IO depths    : 1=0.1%, 2=0.1%, 4=100.0%, 8=0.0%, 16=0.0%, 32=0.0%, >=64=0.0%
     submit    : 0=0.0%, 4=100.0%, 8=0.0%, 16=0.0%, 32=0.0%, 64=0.0%, >=64=0.0%
     complete  : 0=0.0%, 4=100.0%, 8=0.0%, 16=0.0%, 32=0.0%, 64=0.0%, >=64=0.0%
     issued rwts: total=49576,0,0,0 short=0,0,0,0 dropped=0,0,0,0
     latency   : target=0, window=0, percentile=100.00%, depth=4
random-readers: (groupid=0, jobs=1): err= 0: pid=137310: Thu Jul 22 11:51:03 2021
  read: IOPS=152, BW=4874KiB/s (4991kB/s)(1428MiB/300012msec)
    slat (usec): min=25, max=71519, avg=6516.37, stdev=4909.90
    clat (usec): min=17, max=1120.4k, avg=19704.86, stdev=12376.59
     lat (usec): min=142, max=1122.2k, avg=26224.41, stdev=13383.07
    clat percentiles (usec):
     |  1.00th=[ 3654],  5.00th=[ 5866], 10.00th=[ 9110], 20.00th=[12256],
     | 30.00th=[14746], 40.00th=[16909], 50.00th=[19006], 60.00th=[21365],
     | 70.00th=[23725], 80.00th=[26608], 90.00th=[30540], 95.00th=[34341],
     | 99.00th=[42206], 99.50th=[46924], 99.90th=[66323], 99.95th=[70779],
     | 99.99th=[88605]
   bw (  KiB/s): min= 2176, max=11222, per=1.69%, avg=4885.65, stdev=674.45, samples=598
   iops        : min=   68, max=  350, avg=152.61, stdev=21.05, samples=598
  lat (usec)   : 20=0.01%, 250=0.02%
  lat (msec)   : 2=0.07%, 4=1.67%, 10=10.50%, 20=41.88%, 50=45.49%
  lat (msec)   : 100=0.37%, 2000=0.01%
  cpu          : usr=0.44%, sys=4.48%, ctx=45693, majf=0, minf=71
  IO depths    : 1=0.1%, 2=0.1%, 4=100.0%, 8=0.0%, 16=0.0%, 32=0.0%, >=64=0.0%
     submit    : 0=0.0%, 4=100.0%, 8=0.0%, 16=0.0%, 32=0.0%, 64=0.0%, >=64=0.0%
     complete  : 0=0.0%, 4=100.0%, 8=0.0%, 16=0.0%, 32=0.0%, 64=0.0%, >=64=0.0%
     issued rwts: total=45692,0,0,0 short=0,0,0,0 dropped=0,0,0,0
     latency   : target=0, window=0, percentile=100.00%, depth=4
random-readers: (groupid=0, jobs=1): err= 0: pid=137311: Thu Jul 22 11:51:03 2021
  read: IOPS=173, BW=5564KiB/s (5697kB/s)(1630MiB/300004msec)
    slat (usec): min=23, max=151450, avg=5704.56, stdev=4720.38
    clat (usec): min=20, max=1216.2k, avg=17262.15, stdev=12234.57
     lat (usec): min=135, max=1217.5k, avg=22969.79, stdev=13166.73
    clat percentiles (msec):
     |  1.00th=[    4],  5.00th=[    5], 10.00th=[    7], 20.00th=[   11],
     | 30.00th=[   13], 40.00th=[   15], 50.00th=[   17], 60.00th=[   19],
     | 70.00th=[   21], 80.00th=[   24], 90.00th=[   28], 95.00th=[   32],
     | 99.00th=[   40], 99.50th=[   44], 99.90th=[   62], 99.95th=[   69],
     | 99.99th=[  161]
   bw (  KiB/s): min= 3200, max=11584, per=1.93%, avg=5586.62, stdev=765.62, samples=597
   iops        : min=  100, max=  362, avg=174.50, stdev=23.90, samples=597
  lat (usec)   : 50=0.01%, 250=0.05%
  lat (msec)   : 2=0.06%, 4=2.54%, 10=16.39%, 20=47.22%, 50=33.48%
  lat (msec)   : 100=0.25%, 250=0.01%, 2000=0.01%
  cpu          : usr=0.46%, sys=5.04%, ctx=52130, majf=0, minf=71
  IO depths    : 1=0.1%, 2=0.1%, 4=100.0%, 8=0.0%, 16=0.0%, 32=0.0%, >=64=0.0%
     submit    : 0=0.0%, 4=100.0%, 8=0.0%, 16=0.0%, 32=0.0%, 64=0.0%, >=64=0.0%
     complete  : 0=0.0%, 4=100.0%, 8=0.0%, 16=0.0%, 32=0.0%, 64=0.0%, >=64=0.0%
     issued rwts: total=52159,0,0,0 short=0,0,0,0 dropped=0,0,0,0
     latency   : target=0, window=0, percentile=100.00%, depth=4
random-readers: (groupid=0, jobs=1): err= 0: pid=137312: Thu Jul 22 11:51:03 2021
  read: IOPS=154, BW=4937KiB/s (5056kB/s)(1446MiB/300006msec)
    slat (usec): min=25, max=68695, avg=6432.83, stdev=4881.10
    clat (usec): min=91, max=1137.3k, avg=19451.98, stdev=12391.85
     lat (usec): min=157, max=1147.0k, avg=25887.98, stdev=13358.58
    clat percentiles (msec):
     |  1.00th=[    4],  5.00th=[    6], 10.00th=[   10], 20.00th=[   13],
     | 30.00th=[   15], 40.00th=[   17], 50.00th=[   19], 60.00th=[   22],
     | 70.00th=[   24], 80.00th=[   27], 90.00th=[   31], 95.00th=[   34],
     | 99.00th=[   43], 99.50th=[   47], 99.90th=[   66], 99.95th=[   72],
     | 99.99th=[  101]
   bw (  KiB/s): min= 3712, max=10709, per=1.71%, avg=4956.26, stdev=625.24, samples=597
   iops        : min=  116, max=  334, avg=154.81, stdev=19.52, samples=597
  lat (usec)   : 100=0.01%, 250=0.04%
  lat (msec)   : 2=0.03%, 4=1.48%, 10=11.01%, 20=42.87%, 50=44.19%
  lat (msec)   : 100=0.37%, 250=0.01%, 2000=0.01%
  cpu          : usr=0.41%, sys=4.41%, ctx=46300, majf=0, minf=69
  IO depths    : 1=0.1%, 2=0.1%, 4=100.0%, 8=0.0%, 16=0.0%, 32=0.0%, >=64=0.0%
     submit    : 0=0.0%, 4=100.0%, 8=0.0%, 16=0.0%, 32=0.0%, 64=0.0%, >=64=0.0%
     complete  : 0=0.0%, 4=100.0%, 8=0.0%, 16=0.0%, 32=0.0%, 64=0.0%, >=64=0.0%
     issued rwts: total=46286,0,0,0 short=0,0,0,0 dropped=0,0,0,0
     latency   : target=0, window=0, percentile=100.00%, depth=4
random-readers: (groupid=0, jobs=1): err= 0: pid=137313: Thu Jul 22 11:51:03 2021
  read: IOPS=155, BW=4981KiB/s (5100kB/s)(1459MiB/300007msec)
    slat (usec): min=25, max=71734, avg=6377.37, stdev=4737.32
    clat (usec): min=15, max=1060.6k, avg=19282.07, stdev=11775.27
     lat (usec): min=183, max=1060.6k, avg=25662.64, stdev=12722.04
    clat percentiles (usec):
     |  1.00th=[ 3785],  5.00th=[ 5997], 10.00th=[ 8979], 20.00th=[11994],
     | 30.00th=[14484], 40.00th=[16581], 50.00th=[18744], 60.00th=[20841],
     | 70.00th=[23200], 80.00th=[25822], 90.00th=[29754], 95.00th=[33162],
     | 99.00th=[40633], 99.50th=[43779], 99.90th=[64750], 99.95th=[70779],
     | 99.99th=[88605]
   bw (  KiB/s): min= 2432, max= 9490, per=1.73%, avg=4992.71, stdev=644.00, samples=598
   iops        : min=   76, max=  296, avg=155.95, stdev=20.10, samples=598
  lat (usec)   : 20=0.01%, 250=0.02%
  lat (msec)   : 2=0.03%, 4=1.44%, 10=11.14%, 20=43.20%, 50=43.91%
  lat (msec)   : 100=0.25%, 2000=0.01%
  cpu          : usr=0.42%, sys=4.46%, ctx=46713, majf=0, minf=71
  IO depths    : 1=0.1%, 2=0.1%, 4=100.0%, 8=0.0%, 16=0.0%, 32=0.0%, >=64=0.0%
     submit    : 0=0.0%, 4=100.0%, 8=0.0%, 16=0.0%, 32=0.0%, 64=0.0%, >=64=0.0%
     complete  : 0=0.0%, 4=100.0%, 8=0.0%, 16=0.0%, 32=0.0%, 64=0.0%, >=64=0.0%
     issued rwts: total=46694,0,0,0 short=0,0,0,0 dropped=0,0,0,0
     latency   : target=0, window=0, percentile=100.00%, depth=4
random-readers: (groupid=0, jobs=1): err= 0: pid=137314: Thu Jul 22 11:51:03 2021
  read: IOPS=146, BW=4700KiB/s (4813kB/s)(1377MiB/300010msec)
    slat (usec): min=28, max=91198, avg=6757.08, stdev=4808.91
    clat (usec): min=22, max=1171.9k, avg=20432.32, stdev=12683.28
     lat (usec): min=161, max=1173.8k, avg=27192.53, stdev=13604.21
    clat percentiles (msec):
     |  1.00th=[    4],  5.00th=[    8], 10.00th=[   11], 20.00th=[   14],
     | 30.00th=[   16], 40.00th=[   18], 50.00th=[   21], 60.00th=[   23],
     | 70.00th=[   25], 80.00th=[   28], 90.00th=[   31], 95.00th=[   34],
     | 99.00th=[   42], 99.50th=[   47], 99.90th=[   70], 99.95th=[   78],
     | 99.99th=[  105]
   bw (  KiB/s): min= 1664, max= 9600, per=1.63%, avg=4711.29, stdev=617.77, samples=598
   iops        : min=   52, max=  300, avg=147.16, stdev=19.29, samples=598
  lat (usec)   : 50=0.01%, 250=0.01%
  lat (msec)   : 2=0.02%, 4=1.16%, 10=8.84%, 20=39.91%, 50=49.69%
  lat (msec)   : 100=0.36%, 250=0.01%, 2000=0.01%
  cpu          : usr=0.42%, sys=4.28%, ctx=44119, majf=0, minf=71
  IO depths    : 1=0.1%, 2=0.1%, 4=100.0%, 8=0.0%, 16=0.0%, 32=0.0%, >=64=0.0%
     submit    : 0=0.0%, 4=100.0%, 8=0.0%, 16=0.0%, 32=0.0%, 64=0.0%, >=64=0.0%
     complete  : 0=0.0%, 4=100.0%, 8=0.0%, 16=0.0%, 32=0.0%, 64=0.0%, >=64=0.0%
     issued rwts: total=44063,0,0,0 short=0,0,0,0 dropped=0,0,0,0
     latency   : target=0, window=0, percentile=100.00%, depth=4
random-readers: (groupid=0, jobs=1): err= 0: pid=137315: Thu Jul 22 11:51:03 2021
  read: IOPS=122, BW=3926KiB/s (4020kB/s)(1150MiB/300016msec)
    slat (usec): min=23, max=68641, avg=8097.11, stdev=5207.74
    clat (usec): min=23, max=1045.5k, avg=24458.36, stdev=13065.14
     lat (usec): min=136, max=1045.5k, avg=32558.64, stdev=14179.40
    clat percentiles (msec):
     |  1.00th=[    5],  5.00th=[   11], 10.00th=[   13], 20.00th=[   17],
     | 30.00th=[   20], 40.00th=[   22], 50.00th=[   24], 60.00th=[   27],
     | 70.00th=[   29], 80.00th=[   32], 90.00th=[   36], 95.00th=[   40],
     | 99.00th=[   49], 99.50th=[   55], 99.90th=[   74], 99.95th=[   82],
     | 99.99th=[  128]
   bw (  KiB/s): min= 1795, max= 8849, per=1.36%, avg=3934.83, stdev=595.13, samples=598
   iops        : min=   56, max=  276, avg=122.91, stdev=18.58, samples=598
  lat (usec)   : 50=0.01%, 250=0.11%
  lat (msec)   : 2=0.07%, 4=0.37%, 10=4.32%, 20=27.84%, 50=66.47%
  lat (msec)   : 100=0.80%, 250=0.01%, 2000=0.01%
  cpu          : usr=0.34%, sys=3.67%, ctx=36777, majf=0, minf=70
  IO depths    : 1=0.1%, 2=0.1%, 4=100.0%, 8=0.0%, 16=0.0%, 32=0.0%, >=64=0.0%
     submit    : 0=0.0%, 4=100.0%, 8=0.0%, 16=0.0%, 32=0.0%, 64=0.0%, >=64=0.0%
     complete  : 0=0.0%, 4=100.0%, 8=0.0%, 16=0.0%, 32=0.0%, 64=0.0%, >=64=0.0%
     issued rwts: total=36808,0,0,0 short=0,0,0,0 dropped=0,0,0,0
     latency   : target=0, window=0, percentile=100.00%, depth=4
random-readers: (groupid=0, jobs=1): err= 0: pid=137316: Thu Jul 22 11:51:03 2021
  read: IOPS=171, BW=5492KiB/s (5624kB/s)(1609MiB/300006msec)
    slat (usec): min=23, max=67006, avg=5780.44, stdev=4557.29
    clat (usec): min=19, max=1122.8k, avg=17487.17, stdev=11601.50
     lat (usec): min=143, max=1125.4k, avg=23270.64, stdev=12493.33
    clat percentiles (usec):
     |  1.00th=[ 3589],  5.00th=[ 4883], 10.00th=[ 7504], 20.00th=[10683],
     | 30.00th=[12780], 40.00th=[14877], 50.00th=[16909], 60.00th=[18744],
     | 70.00th=[21103], 80.00th=[23725], 90.00th=[27657], 95.00th=[31065],
     | 99.00th=[38011], 99.50th=[41681], 99.90th=[62653], 99.95th=[70779],
     | 99.99th=[80217]
   bw (  KiB/s): min= 1920, max=11008, per=1.90%, avg=5504.65, stdev=720.44, samples=598
   iops        : min=   60, max=  344, avg=171.94, stdev=22.51, samples=598
  lat (usec)   : 20=0.01%, 250=0.02%
  lat (msec)   : 2=0.03%, 4=2.19%, 10=14.98%, 20=48.03%, 50=34.52%
  lat (msec)   : 100=0.21%, 2000=0.01%
  cpu          : usr=0.45%, sys=4.89%, ctx=51522, majf=0, minf=70
  IO depths    : 1=0.1%, 2=0.1%, 4=100.0%, 8=0.0%, 16=0.0%, 32=0.0%, >=64=0.0%
     submit    : 0=0.0%, 4=100.0%, 8=0.0%, 16=0.0%, 32=0.0%, 64=0.0%, >=64=0.0%
     complete  : 0=0.0%, 4=100.0%, 8=0.0%, 16=0.0%, 32=0.0%, 64=0.0%, >=64=0.0%
     issued rwts: total=51489,0,0,0 short=0,0,0,0 dropped=0,0,0,0
     latency   : target=0, window=0, percentile=100.00%, depth=4
random-readers: (groupid=0, jobs=1): err= 0: pid=137317: Thu Jul 22 11:51:03 2021
  read: IOPS=165, BW=5282KiB/s (5409kB/s)(1547MiB/300009msec)
    slat (usec): min=25, max=401443, avg=6020.24, stdev=5115.78
    clat (usec): min=18, max=702204, avg=18182.87, stdev=10418.61
     lat (usec): min=147, max=703847, avg=24206.29, stdev=11685.92
    clat percentiles (msec):
     |  1.00th=[    4],  5.00th=[    5], 10.00th=[    8], 20.00th=[   11],
     | 30.00th=[   14], 40.00th=[   16], 50.00th=[   18], 60.00th=[   20],
     | 70.00th=[   23], 80.00th=[   25], 90.00th=[   29], 95.00th=[   33],
     | 99.00th=[   41], 99.50th=[   46], 99.90th=[   65], 99.95th=[   71],
     | 99.99th=[  422]
   bw (  KiB/s): min=  704, max=10901, per=1.83%, avg=5294.37, stdev=763.98, samples=598
   iops        : min=   22, max=  340, avg=165.37, stdev=23.85, samples=598
  lat (usec)   : 20=0.01%, 250=0.04%, 1000=0.01%
  lat (msec)   : 2=0.03%, 4=2.20%, 10=14.12%, 20=44.99%, 50=38.33%
  lat (msec)   : 100=0.28%, 500=0.01%, 750=0.01%
  cpu          : usr=0.46%, sys=4.58%, ctx=49511, majf=0, minf=71
  IO depths    : 1=0.1%, 2=0.1%, 4=100.0%, 8=0.0%, 16=0.0%, 32=0.0%, >=64=0.0%
     submit    : 0=0.0%, 4=100.0%, 8=0.0%, 16=0.0%, 32=0.0%, 64=0.0%, >=64=0.0%
     complete  : 0=0.0%, 4=100.0%, 8=0.0%, 16=0.0%, 32=0.0%, 64=0.0%, >=64=0.0%
     issued rwts: total=49519,0,0,0 short=0,0,0,0 dropped=0,0,0,0
     latency   : target=0, window=0, percentile=100.00%, depth=4
random-readers: (groupid=0, jobs=1): err= 0: pid=137318: Thu Jul 22 11:51:03 2021
  read: IOPS=151, BW=4845KiB/s (4961kB/s)(1419MiB/300005msec)
    slat (usec): min=25, max=75072, avg=6553.51, stdev=4880.16
    clat (usec): min=23, max=1195.7k, avg=19822.23, stdev=12791.04
     lat (usec): min=177, max=1198.2k, avg=26378.90, stdev=13737.19
    clat percentiles (usec):
     |  1.00th=[ 3720],  5.00th=[ 5997], 10.00th=[ 9241], 20.00th=[12387],
     | 30.00th=[15008], 40.00th=[17171], 50.00th=[19268], 60.00th=[21365],
     | 70.00th=[23725], 80.00th=[26608], 90.00th=[30540], 95.00th=[34341],
     | 99.00th=[41681], 99.50th=[45876], 99.90th=[68682], 99.95th=[78119],
     | 99.99th=[89654]
   bw (  KiB/s): min=  448, max= 9939, per=1.68%, avg=4855.63, stdev=655.39, samples=598
   iops        : min=   14, max=  310, avg=151.67, stdev=20.47, samples=598
  lat (usec)   : 50=0.01%, 250=0.01%
  lat (msec)   : 2=0.01%, 4=1.60%, 10=10.23%, 20=41.29%, 50=46.56%
  lat (msec)   : 100=0.29%, 2000=0.01%
  cpu          : usr=0.45%, sys=4.51%, ctx=45483, majf=0, minf=70
  IO depths    : 1=0.1%, 2=0.1%, 4=100.0%, 8=0.0%, 16=0.0%, 32=0.0%, >=64=0.0%
     submit    : 0=0.0%, 4=100.0%, 8=0.0%, 16=0.0%, 32=0.0%, 64=0.0%, >=64=0.0%
     complete  : 0=0.0%, 4=100.0%, 8=0.0%, 16=0.0%, 32=0.0%, 64=0.0%, >=64=0.0%
     issued rwts: total=45420,0,0,0 short=0,0,0,0 dropped=0,0,0,0
     latency   : target=0, window=0, percentile=100.00%, depth=4
random-readers: (groupid=0, jobs=1): err= 0: pid=137319: Thu Jul 22 11:51:03 2021
  read: IOPS=173, BW=5543KiB/s (5676kB/s)(1624MiB/300009msec)
    slat (usec): min=23, max=179421, avg=5728.29, stdev=4772.20
    clat (usec): min=18, max=1061.3k, avg=17325.82, stdev=11479.96
     lat (usec): min=137, max=1061.3k, avg=23057.14, stdev=12469.12
    clat percentiles (msec):
     |  1.00th=[    4],  5.00th=[    5], 10.00th=[    8], 20.00th=[   11],
     | 30.00th=[   13], 40.00th=[   15], 50.00th=[   17], 60.00th=[   19],
     | 70.00th=[   21], 80.00th=[   24], 90.00th=[   28], 95.00th=[   32],
     | 99.00th=[   41], 99.50th=[   45], 99.90th=[   64], 99.95th=[   71],
     | 99.99th=[  190]
   bw (  KiB/s): min=  768, max= 9619, per=1.92%, avg=5556.37, stdev=751.82, samples=598
   iops        : min=   24, max=  300, avg=173.56, stdev=23.48, samples=598
  lat (usec)   : 20=0.01%, 250=0.08%
  lat (msec)   : 2=0.02%, 4=2.47%, 10=16.06%, 20=47.36%, 50=33.74%
  lat (msec)   : 100=0.26%, 250=0.01%, 2000=0.01%
  cpu          : usr=0.49%, sys=4.86%, ctx=51967, majf=0, minf=71
  IO depths    : 1=0.1%, 2=0.1%, 4=100.0%, 8=0.0%, 16=0.0%, 32=0.0%, >=64=0.0%
     submit    : 0=0.0%, 4=100.0%, 8=0.0%, 16=0.0%, 32=0.0%, 64=0.0%, >=64=0.0%
     complete  : 0=0.0%, 4=100.0%, 8=0.0%, 16=0.0%, 32=0.0%, 64=0.0%, >=64=0.0%
     issued rwts: total=51968,0,0,0 short=0,0,0,0 dropped=0,0,0,0
     latency   : target=0, window=0, percentile=100.00%, depth=4
random-readers: (groupid=0, jobs=1): err= 0: pid=137320: Thu Jul 22 11:51:03 2021
  read: IOPS=154, BW=4937KiB/s (5055kB/s)(1446MiB/300001msec)
    slat (usec): min=24, max=86492, avg=6433.97, stdev=4841.47
    clat (usec): min=19, max=1121.7k, avg=19453.84, stdev=12253.03
     lat (usec): min=141, max=1121.7k, avg=25890.78, stdev=13241.79
    clat percentiles (msec):
     |  1.00th=[    4],  5.00th=[    6], 10.00th=[   10], 20.00th=[   13],
     | 30.00th=[   15], 40.00th=[   17], 50.00th=[   19], 60.00th=[   22],
     | 70.00th=[   24], 80.00th=[   27], 90.00th=[   31], 95.00th=[   34],
     | 99.00th=[   43], 99.50th=[   47], 99.90th=[   65], 99.95th=[   77],
     | 99.99th=[  106]
   bw (  KiB/s): min= 1408, max=10560, per=1.71%, avg=4948.41, stdev=641.55, samples=598
   iops        : min=   44, max=  330, avg=154.57, stdev=20.02, samples=598
  lat (usec)   : 20=0.01%, 250=0.04%
  lat (msec)   : 2=0.05%, 4=1.31%, 10=11.16%, 20=42.72%, 50=44.38%
  lat (msec)   : 100=0.32%, 250=0.01%, 2000=0.01%
  cpu          : usr=0.43%, sys=4.42%, ctx=46289, majf=0, minf=70
  IO depths    : 1=0.1%, 2=0.1%, 4=100.0%, 8=0.0%, 16=0.0%, 32=0.0%, >=64=0.0%
     submit    : 0=0.0%, 4=100.0%, 8=0.0%, 16=0.0%, 32=0.0%, 64=0.0%, >=64=0.0%
     complete  : 0=0.0%, 4=100.0%, 8=0.0%, 16=0.0%, 32=0.0%, 64=0.0%, >=64=0.0%
     issued rwts: total=46280,0,0,0 short=0,0,0,0 dropped=0,0,0,0
     latency   : target=0, window=0, percentile=100.00%, depth=4
random-readers: (groupid=0, jobs=1): err= 0: pid=137321: Thu Jul 22 11:51:03 2021
  read: IOPS=155, BW=4964KiB/s (5084kB/s)(1454MiB/300010msec)
    slat (usec): min=23, max=62647, avg=6398.18, stdev=4770.71
    clat (usec): min=49, max=1057.2k, avg=19344.81, stdev=11821.43
     lat (usec): min=130, max=1057.2k, avg=25746.06, stdev=12805.58
    clat percentiles (usec):
     |  1.00th=[ 3654],  5.00th=[ 5866], 10.00th=[ 9110], 20.00th=[12125],
     | 30.00th=[14484], 40.00th=[16712], 50.00th=[18744], 60.00th=[20841],
     | 70.00th=[23200], 80.00th=[26084], 90.00th=[30016], 95.00th=[33424],
     | 99.00th=[41157], 99.50th=[45351], 99.90th=[64226], 99.95th=[70779],
     | 99.99th=[85459]
   bw (  KiB/s): min= 1090, max= 9984, per=1.72%, avg=4974.62, stdev=661.28, samples=598
   iops        : min=   34, max=  312, avg=155.38, stdev=20.65, samples=598
  lat (usec)   : 50=0.01%, 250=0.09%
  lat (msec)   : 2=0.04%, 4=1.57%, 10=10.89%, 20=43.13%, 50=43.97%
  lat (msec)   : 100=0.29%, 2000=0.01%
  cpu          : usr=0.40%, sys=4.51%, ctx=46514, majf=0, minf=69
  IO depths    : 1=0.1%, 2=0.1%, 4=100.0%, 8=0.0%, 16=0.0%, 32=0.0%, >=64=0.0%
     submit    : 0=0.0%, 4=100.0%, 8=0.0%, 16=0.0%, 32=0.0%, 64=0.0%, >=64=0.0%
     complete  : 0=0.0%, 4=100.0%, 8=0.0%, 16=0.0%, 32=0.0%, 64=0.0%, >=64=0.0%
     issued rwts: total=46543,0,0,0 short=0,0,0,0 dropped=0,0,0,0
     latency   : target=0, window=0, percentile=100.00%, depth=4
random-readers: (groupid=0, jobs=1): err= 0: pid=137322: Thu Jul 22 11:51:03 2021
  read: IOPS=146, BW=4700KiB/s (4812kB/s)(1377MiB/300010msec)
    slat (usec): min=24, max=68092, avg=6755.84, stdev=4798.45
    clat (usec): min=17, max=1230.8k, avg=20433.58, stdev=13087.88
     lat (usec): min=136, max=1231.9k, avg=27192.64, stdev=14015.10
    clat percentiles (usec):
     |  1.00th=[ 3851],  5.00th=[ 7111], 10.00th=[10028], 20.00th=[13173],
     | 30.00th=[15664], 40.00th=[17695], 50.00th=[20055], 60.00th=[22152],
     | 70.00th=[24511], 80.00th=[27132], 90.00th=[30802], 95.00th=[34341],
     | 99.00th=[42206], 99.50th=[46924], 99.90th=[66323], 99.95th=[74974],
     | 99.99th=[93848]
   bw (  KiB/s): min= 1600, max=12800, per=1.63%, avg=4710.65, stdev=700.84, samples=598
   iops        : min=   50, max=  400, avg=147.14, stdev=21.89, samples=598
  lat (usec)   : 20=0.01%, 250=0.08%
  lat (msec)   : 2=0.05%, 4=1.12%, 10=8.70%, 20=40.07%, 50=49.65%
  lat (msec)   : 100=0.32%, 250=0.01%, 2000=0.01%
  cpu          : usr=0.43%, sys=4.34%, ctx=44049, majf=0, minf=71
  IO depths    : 1=0.1%, 2=0.1%, 4=100.0%, 8=0.0%, 16=0.0%, 32=0.0%, >=64=0.0%
     submit    : 0=0.0%, 4=100.0%, 8=0.0%, 16=0.0%, 32=0.0%, 64=0.0%, >=64=0.0%
     complete  : 0=0.0%, 4=100.0%, 8=0.0%, 16=0.0%, 32=0.0%, 64=0.0%, >=64=0.0%
     issued rwts: total=44061,0,0,0 short=0,0,0,0 dropped=0,0,0,0
     latency   : target=0, window=0, percentile=100.00%, depth=4
random-readers: (groupid=0, jobs=1): err= 0: pid=137323: Thu Jul 22 11:51:03 2021
  read: IOPS=124, BW=3983KiB/s (4079kB/s)(1167MiB/300004msec)
    slat (usec): min=25, max=71662, avg=7979.65, stdev=5172.55
    clat (usec): min=19, max=1075.8k, avg=24108.50, stdev=13122.73
     lat (usec): min=139, max=1079.1k, avg=32091.47, stdev=14229.50
    clat percentiles (usec):
     |  1.00th=[ 4686],  5.00th=[ 9634], 10.00th=[12649], 20.00th=[16319],
     | 30.00th=[19006], 40.00th=[21627], 50.00th=[23725], 60.00th=[26084],
     | 70.00th=[28443], 80.00th=[31327], 90.00th=[35390], 95.00th=[39060],
     | 99.00th=[47973], 99.50th=[52167], 99.90th=[71828], 99.95th=[79168],
     | 99.99th=[88605]
   bw (  KiB/s): min=  896, max= 9600, per=1.38%, avg=3992.12, stdev=661.99, samples=598
   iops        : min=   28, max=  300, avg=124.70, stdev=20.67, samples=598
  lat (usec)   : 20=0.01%, 250=0.15%, 500=0.01%
  lat (msec)   : 2=0.10%, 4=0.27%, 10=4.86%, 20=28.31%, 50=65.57%
  lat (msec)   : 100=0.71%, 2000=0.01%
  cpu          : usr=0.38%, sys=3.73%, ctx=37226, majf=0, minf=71
  IO depths    : 1=0.1%, 2=0.1%, 4=100.0%, 8=0.0%, 16=0.0%, 32=0.0%, >=64=0.0%
     submit    : 0=0.0%, 4=100.0%, 8=0.0%, 16=0.0%, 32=0.0%, 64=0.0%, >=64=0.0%
     complete  : 0=0.0%, 4=100.0%, 8=0.0%, 16=0.0%, 32=0.0%, 64=0.0%, >=64=0.0%
     issued rwts: total=37342,0,0,0 short=0,0,0,0 dropped=0,0,0,0
     latency   : target=0, window=0, percentile=100.00%, depth=4
random-readers: (groupid=0, jobs=1): err= 0: pid=137324: Thu Jul 22 11:51:03 2021
  read: IOPS=170, BW=5469KiB/s (5600kB/s)(1602MiB/300009msec)
    slat (usec): min=26, max=66248, avg=5810.95, stdev=4572.88
    clat (usec): min=18, max=797187, avg=17560.48, stdev=9964.43
     lat (usec): min=163, max=798881, avg=23374.49, stdev=11036.20
    clat percentiles (usec):
     |  1.00th=[ 3589],  5.00th=[ 4883], 10.00th=[ 7504], 20.00th=[10683],
     | 30.00th=[12780], 40.00th=[14877], 50.00th=[16909], 60.00th=[19006],
     | 70.00th=[21365], 80.00th=[23987], 90.00th=[27657], 95.00th=[31065],
     | 99.00th=[38536], 99.50th=[42206], 99.90th=[62653], 99.95th=[70779],
     | 99.99th=[82314]
   bw (  KiB/s): min= 2240, max=10645, per=1.89%, avg=5481.44, stdev=730.09, samples=598
   iops        : min=   70, max=  332, avg=171.21, stdev=22.79, samples=598
  lat (usec)   : 20=0.01%, 250=0.02%
  lat (msec)   : 2=0.01%, 4=2.24%, 10=14.96%, 20=46.97%, 50=35.57%
  lat (msec)   : 100=0.23%, 1000=0.01%
  cpu          : usr=0.52%, sys=4.76%, ctx=51317, majf=0, minf=70
  IO depths    : 1=0.1%, 2=0.1%, 4=100.0%, 8=0.0%, 16=0.0%, 32=0.0%, >=64=0.0%
     submit    : 0=0.0%, 4=100.0%, 8=0.0%, 16=0.0%, 32=0.0%, 64=0.0%, >=64=0.0%
     complete  : 0=0.0%, 4=100.0%, 8=0.0%, 16=0.0%, 32=0.0%, 64=0.0%, >=64=0.0%
     issued rwts: total=51274,0,0,0 short=0,0,0,0 dropped=0,0,0,0
     latency   : target=0, window=0, percentile=100.00%, depth=4
random-readers: (groupid=0, jobs=1): err= 0: pid=137325: Thu Jul 22 11:51:03 2021
  read: IOPS=165, BW=5286KiB/s (5413kB/s)(1549MiB/300002msec)
    slat (usec): min=27, max=72039, avg=6014.88, stdev=4770.51
    clat (usec): min=18, max=732845, avg=18168.58, stdev=10045.41
     lat (usec): min=176, max=734128, avg=24186.44, stdev=11189.57
    clat percentiles (usec):
     |  1.00th=[ 3589],  5.00th=[ 5014], 10.00th=[ 7898], 20.00th=[10945],
     | 30.00th=[13304], 40.00th=[15401], 50.00th=[17433], 60.00th=[19792],
     | 70.00th=[21890], 80.00th=[24773], 90.00th=[28705], 95.00th=[32637],
     | 99.00th=[40633], 99.50th=[44827], 99.90th=[63701], 99.95th=[70779],
     | 99.99th=[85459]
   bw (  KiB/s): min=  256, max= 9664, per=1.83%, avg=5289.83, stdev=693.44, samples=599
   iops        : min=    8, max=  302, avg=165.23, stdev=21.64, samples=599
  lat (usec)   : 20=0.01%, 250=0.01%
  lat (msec)   : 2=0.01%, 4=2.23%, 10=13.87%, 20=45.29%, 50=38.29%
  lat (msec)   : 100=0.29%, 750=0.01%
  cpu          : usr=0.43%, sys=4.62%, ctx=49596, majf=0, minf=72
  IO depths    : 1=0.1%, 2=0.1%, 4=100.0%, 8=0.0%, 16=0.0%, 32=0.0%, >=64=0.0%
     submit    : 0=0.0%, 4=100.0%, 8=0.0%, 16=0.0%, 32=0.0%, 64=0.0%, >=64=0.0%
     complete  : 0=0.0%, 4=100.0%, 8=0.0%, 16=0.0%, 32=0.0%, 64=0.0%, >=64=0.0%
     issued rwts: total=49556,0,0,0 short=0,0,0,0 dropped=0,0,0,0
     latency   : target=0, window=0, percentile=100.00%, depth=4
random-readers: (groupid=0, jobs=1): err= 0: pid=137326: Thu Jul 22 11:51:03 2021
  read: IOPS=153, BW=4907KiB/s (5025kB/s)(1438MiB/300005msec)
    slat (usec): min=25, max=61469, avg=6471.71, stdev=4889.71
    clat (usec): min=16, max=1163.9k, avg=19571.56, stdev=12532.28
     lat (usec): min=145, max=1165.4k, avg=26046.35, stdev=13482.35
    clat percentiles (usec):
     |  1.00th=[ 3654],  5.00th=[ 5866], 10.00th=[ 9110], 20.00th=[12256],
     | 30.00th=[14615], 40.00th=[16909], 50.00th=[19006], 60.00th=[21103],
     | 70.00th=[23462], 80.00th=[26346], 90.00th=[30278], 95.00th=[33817],
     | 99.00th=[41681], 99.50th=[45876], 99.90th=[64750], 99.95th=[69731],
     | 99.99th=[83362]
   bw (  KiB/s): min=  832, max= 9939, per=1.70%, avg=4917.83, stdev=682.95, samples=598
   iops        : min=   26, max=  310, avg=153.61, stdev=21.31, samples=598
  lat (usec)   : 20=0.01%, 250=0.05%
  lat (msec)   : 2=0.06%, 4=1.60%, 10=10.69%, 20=41.96%, 50=45.31%
  lat (msec)   : 100=0.33%, 2000=0.01%
  cpu          : usr=0.39%, sys=4.49%, ctx=45969, majf=0, minf=71
  IO depths    : 1=0.1%, 2=0.1%, 4=100.0%, 8=0.0%, 16=0.0%, 32=0.0%, >=64=0.0%
     submit    : 0=0.0%, 4=100.0%, 8=0.0%, 16=0.0%, 32=0.0%, 64=0.0%, >=64=0.0%
     complete  : 0=0.0%, 4=100.0%, 8=0.0%, 16=0.0%, 32=0.0%, 64=0.0%, >=64=0.0%
     issued rwts: total=46003,0,0,0 short=0,0,0,0 dropped=0,0,0,0
     latency   : target=0, window=0, percentile=100.00%, depth=4
random-readers: (groupid=0, jobs=1): err= 0: pid=137327: Thu Jul 22 11:51:03 2021
  read: IOPS=123, BW=3937KiB/s (4031kB/s)(1153MiB/300008msec)
    slat (usec): min=25, max=75836, avg=8074.03, stdev=5253.37
    clat (usec): min=15, max=1089.3k, avg=24393.23, stdev=13338.27
     lat (usec): min=154, max=1091.0k, avg=32470.66, stdev=14441.76
    clat percentiles (msec):
     |  1.00th=[    6],  5.00th=[   11], 10.00th=[   14], 20.00th=[   17],
     | 30.00th=[   20], 40.00th=[   22], 50.00th=[   24], 60.00th=[   27],
     | 70.00th=[   29], 80.00th=[   32], 90.00th=[   36], 95.00th=[   40],
     | 99.00th=[   49], 99.50th=[   55], 99.90th=[   77], 99.95th=[   84],
     | 99.99th=[  102]
   bw (  KiB/s): min= 2048, max= 9683, per=1.36%, avg=3945.21, stdev=571.96, samples=598
   iops        : min=   64, max=  302, avg=123.23, stdev=17.85, samples=598
  lat (usec)   : 20=0.01%, 250=0.05%
  lat (msec)   : 2=0.06%, 4=0.27%, 10=4.47%, 20=28.01%, 50=66.33%
  lat (msec)   : 100=0.80%, 250=0.01%, 2000=0.01%
  cpu          : usr=0.37%, sys=3.71%, ctx=36902, majf=0, minf=71
  IO depths    : 1=0.1%, 2=0.1%, 4=100.0%, 8=0.0%, 16=0.0%, 32=0.0%, >=64=0.0%
     submit    : 0=0.0%, 4=100.0%, 8=0.0%, 16=0.0%, 32=0.0%, 64=0.0%, >=64=0.0%
     complete  : 0=0.0%, 4=100.0%, 8=0.0%, 16=0.0%, 32=0.0%, 64=0.0%, >=64=0.0%
     issued rwts: total=36906,0,0,0 short=0,0,0,0 dropped=0,0,0,0
     latency   : target=0, window=0, percentile=100.00%, depth=4
random-readers: (groupid=0, jobs=1): err= 0: pid=137328: Thu Jul 22 11:51:03 2021
  read: IOPS=172, BW=5528KiB/s (5660kB/s)(1619MiB/300001msec)
    slat (usec): min=23, max=67813, avg=5741.60, stdev=4518.20
    clat (usec): min=13, max=1216.7k, avg=17375.25, stdev=12043.42
     lat (usec): min=138, max=1216.7k, avg=23119.78, stdev=12884.42
    clat percentiles (usec):
     |  1.00th=[ 3589],  5.00th=[ 4817], 10.00th=[ 7308], 20.00th=[10552],
     | 30.00th=[12780], 40.00th=[14746], 50.00th=[16712], 60.00th=[18744],
     | 70.00th=[21103], 80.00th=[23725], 90.00th=[27395], 95.00th=[30802],
     | 99.00th=[38011], 99.50th=[41681], 99.90th=[61080], 99.95th=[68682],
     | 99.99th=[86508]
   bw (  KiB/s): min= 1792, max=10581, per=1.92%, avg=5541.59, stdev=709.74, samples=598
   iops        : min=   56, max=  330, avg=173.09, stdev=22.16, samples=598
  lat (usec)   : 20=0.01%, 250=0.02%
  lat (msec)   : 2=0.01%, 4=2.48%, 10=15.14%, 20=47.78%, 50=34.36%
  lat (msec)   : 100=0.20%, 2000=0.01%
  cpu          : usr=0.51%, sys=4.88%, ctx=51883, majf=0, minf=70
  IO depths    : 1=0.1%, 2=0.1%, 4=100.0%, 8=0.0%, 16=0.0%, 32=0.0%, >=64=0.0%
     submit    : 0=0.0%, 4=100.0%, 8=0.0%, 16=0.0%, 32=0.0%, 64=0.0%, >=64=0.0%
     complete  : 0=0.0%, 4=100.0%, 8=0.0%, 16=0.0%, 32=0.0%, 64=0.0%, >=64=0.0%
     issued rwts: total=51821,0,0,0 short=0,0,0,0 dropped=0,0,0,0
     latency   : target=0, window=0, percentile=100.00%, depth=4
random-readers: (groupid=0, jobs=1): err= 0: pid=137329: Thu Jul 22 11:51:03 2021
  read: IOPS=162, BW=5215KiB/s (5340kB/s)(1528MiB/300003msec)
    slat (usec): min=23, max=65149, avg=6097.89, stdev=4800.70
    clat (usec): min=15, max=662464, avg=18415.86, stdev=9813.50
     lat (usec): min=135, max=664135, avg=24516.71, stdev=11005.16
    clat percentiles (usec):
     |  1.00th=[ 3589],  5.00th=[ 5014], 10.00th=[ 8029], 20.00th=[11207],
     | 30.00th=[13566], 40.00th=[15664], 50.00th=[17957], 60.00th=[20055],
     | 70.00th=[22152], 80.00th=[25035], 90.00th=[29230], 95.00th=[32637],
     | 99.00th=[40633], 99.50th=[44827], 99.90th=[64226], 99.95th=[72877],
     | 99.99th=[85459]
   bw (  KiB/s): min=  512, max= 9920, per=1.80%, avg=5217.32, stdev=743.38, samples=599
   iops        : min=   16, max=  310, avg=162.96, stdev=23.21, samples=599
  lat (usec)   : 20=0.01%, 250=0.05%
  lat (msec)   : 2=0.03%, 4=2.22%, 10=13.12%, 20=44.73%, 50=39.54%
  lat (msec)   : 100=0.30%, 750=0.01%
  cpu          : usr=0.46%, sys=4.55%, ctx=48895, majf=0, minf=70
  IO depths    : 1=0.1%, 2=0.1%, 4=100.0%, 8=0.0%, 16=0.0%, 32=0.0%, >=64=0.0%
     submit    : 0=0.0%, 4=100.0%, 8=0.0%, 16=0.0%, 32=0.0%, 64=0.0%, >=64=0.0%
     complete  : 0=0.0%, 4=100.0%, 8=0.0%, 16=0.0%, 32=0.0%, 64=0.0%, >=64=0.0%
     issued rwts: total=48891,0,0,0 short=0,0,0,0 dropped=0,0,0,0
     latency   : target=0, window=0, percentile=100.00%, depth=4
random-readers: (groupid=0, jobs=1): err= 0: pid=137330: Thu Jul 22 11:51:03 2021
  read: IOPS=151, BW=4855KiB/s (4971kB/s)(1422MiB/300008msec)
    slat (usec): min=26, max=72197, avg=6540.06, stdev=4868.70
    clat (usec): min=23, max=1235.0k, avg=19781.66, stdev=13020.88
     lat (usec): min=152, max=1235.1k, avg=26324.79, stdev=13935.92
    clat percentiles (usec):
     |  1.00th=[ 3818],  5.00th=[ 5997], 10.00th=[ 9241], 20.00th=[12387],
     | 30.00th=[14877], 40.00th=[17171], 50.00th=[19268], 60.00th=[21365],
     | 70.00th=[23725], 80.00th=[26608], 90.00th=[30540], 95.00th=[34341],
     | 99.00th=[42206], 99.50th=[45876], 99.90th=[65274], 99.95th=[72877],
     | 99.99th=[95945]
   bw (  KiB/s): min=  384, max= 9170, per=1.68%, avg=4865.73, stdev=611.14, samples=598
   iops        : min=   12, max=  286, avg=151.98, stdev=19.08, samples=598
  lat (usec)   : 50=0.01%, 250=0.03%
  lat (msec)   : 2=0.01%, 4=1.36%, 10=10.61%, 20=41.35%, 50=46.33%
  lat (msec)   : 100=0.31%, 2000=0.01%
  cpu          : usr=0.45%, sys=4.40%, ctx=45552, majf=0, minf=71
  IO depths    : 1=0.1%, 2=0.1%, 4=100.0%, 8=0.0%, 16=0.0%, 32=0.0%, >=64=0.0%
     submit    : 0=0.0%, 4=100.0%, 8=0.0%, 16=0.0%, 32=0.0%, 64=0.0%, >=64=0.0%
     complete  : 0=0.0%, 4=100.0%, 8=0.0%, 16=0.0%, 32=0.0%, 64=0.0%, >=64=0.0%
     issued rwts: total=45513,0,0,0 short=0,0,0,0 dropped=0,0,0,0
     latency   : target=0, window=0, percentile=100.00%, depth=4
random-readers: (groupid=0, jobs=1): err= 0: pid=137331: Thu Jul 22 11:51:03 2021
  read: IOPS=154, BW=4947KiB/s (5066kB/s)(1449MiB/300001msec)
    slat (usec): min=25, max=65785, avg=6421.15, stdev=4728.54
    clat (usec): min=22, max=1074.8k, avg=19412.98, stdev=11882.64
     lat (usec): min=137, max=1076.3k, avg=25837.16, stdev=12840.14
    clat percentiles (usec):
     |  1.00th=[ 3752],  5.00th=[ 5997], 10.00th=[ 9110], 20.00th=[12256],
     | 30.00th=[14615], 40.00th=[16909], 50.00th=[19006], 60.00th=[21103],
     | 70.00th=[23200], 80.00th=[26084], 90.00th=[30016], 95.00th=[33162],
     | 99.00th=[40633], 99.50th=[44827], 99.90th=[65274], 99.95th=[74974],
     | 99.99th=[89654]
   bw (  KiB/s): min=  256, max= 8657, per=1.71%, avg=4958.17, stdev=655.19, samples=598
   iops        : min=    8, max=  270, avg=154.87, stdev=20.46, samples=598
  lat (usec)   : 50=0.01%, 250=0.05%
  lat (msec)   : 2=0.02%, 4=1.54%, 10=10.56%, 20=43.01%, 50=44.53%
  lat (msec)   : 100=0.28%, 2000=0.01%
  cpu          : usr=0.43%, sys=4.43%, ctx=46399, majf=0, minf=71
  IO depths    : 1=0.1%, 2=0.1%, 4=100.0%, 8=0.0%, 16=0.0%, 32=0.0%, >=64=0.0%
     submit    : 0=0.0%, 4=100.0%, 8=0.0%, 16=0.0%, 32=0.0%, 64=0.0%, >=64=0.0%
     complete  : 0=0.0%, 4=100.0%, 8=0.0%, 16=0.0%, 32=0.0%, 64=0.0%, >=64=0.0%
     issued rwts: total=46378,0,0,0 short=0,0,0,0 dropped=0,0,0,0
     latency   : target=0, window=0, percentile=100.00%, depth=4
random-readers: (groupid=0, jobs=1): err= 0: pid=137332: Thu Jul 22 11:51:03 2021
  read: IOPS=146, BW=4688KiB/s (4801kB/s)(1374MiB/300004msec)
    slat (usec): min=25, max=380920, avg=6774.25, stdev=5108.06
    clat (usec): min=17, max=1166.7k, avg=20482.69, stdev=13020.13
     lat (usec): min=151, max=1168.5k, avg=27259.96, stdev=14032.76
    clat percentiles (msec):
     |  1.00th=[    4],  5.00th=[    8], 10.00th=[   11], 20.00th=[   14],
     | 30.00th=[   16], 40.00th=[   18], 50.00th=[   21], 60.00th=[   23],
     | 70.00th=[   25], 80.00th=[   28], 90.00th=[   31], 95.00th=[   35],
     | 99.00th=[   43], 99.50th=[   48], 99.90th=[   66], 99.95th=[   74],
     | 99.99th=[  393]
   bw (  KiB/s): min=  640, max=10240, per=1.62%, avg=4699.89, stdev=681.67, samples=598
   iops        : min=   20, max=  320, avg=146.80, stdev=21.28, samples=598
  lat (usec)   : 20=0.01%, 250=0.02%
  lat (msec)   : 2=0.04%, 4=1.17%, 10=8.56%, 20=40.12%, 50=49.68%
  lat (msec)   : 100=0.38%, 250=0.01%, 500=0.01%, 2000=0.01%
  cpu          : usr=0.42%, sys=4.26%, ctx=43960, majf=0, minf=70
  IO depths    : 1=0.1%, 2=0.1%, 4=100.0%, 8=0.0%, 16=0.0%, 32=0.0%, >=64=0.0%
     submit    : 0=0.0%, 4=100.0%, 8=0.0%, 16=0.0%, 32=0.0%, 64=0.0%, >=64=0.0%
     complete  : 0=0.0%, 4=100.0%, 8=0.0%, 16=0.0%, 32=0.0%, 64=0.0%, >=64=0.0%
     issued rwts: total=43954,0,0,0 short=0,0,0,0 dropped=0,0,0,0
     latency   : target=0, window=0, percentile=100.00%, depth=4
random-readers: (groupid=0, jobs=1): err= 0: pid=137333: Thu Jul 22 11:51:03 2021
  read: IOPS=153, BW=4925KiB/s (5043kB/s)(1443MiB/300006msec)
    slat (usec): min=24, max=73145, avg=6448.51, stdev=4816.27
    clat (usec): min=16, max=1104.2k, avg=19498.77, stdev=12148.62
     lat (usec): min=134, max=1104.3k, avg=25950.38, stdev=13117.83
    clat percentiles (usec):
     |  1.00th=[ 3785],  5.00th=[ 5997], 10.00th=[ 9110], 20.00th=[12125],
     | 30.00th=[14615], 40.00th=[16909], 50.00th=[19006], 60.00th=[21103],
     | 70.00th=[23462], 80.00th=[26084], 90.00th=[30278], 95.00th=[33817],
     | 99.00th=[41681], 99.50th=[45876], 99.90th=[61604], 99.95th=[70779],
     | 99.99th=[98042]
   bw (  KiB/s): min= 2944, max= 9024, per=1.71%, avg=4937.93, stdev=626.39, samples=598
   iops        : min=   92, max=  282, avg=154.24, stdev=19.55, samples=598
  lat (usec)   : 20=0.01%, 250=0.07%, 1000=0.01%
  lat (msec)   : 2=0.01%, 4=1.39%, 10=11.07%, 20=42.58%, 50=44.57%
  lat (msec)   : 100=0.30%, 2000=0.01%
  cpu          : usr=0.44%, sys=4.45%, ctx=46172, majf=0, minf=71
  IO depths    : 1=0.1%, 2=0.1%, 4=100.0%, 8=0.0%, 16=0.0%, 32=0.0%, >=64=0.0%
     submit    : 0=0.0%, 4=100.0%, 8=0.0%, 16=0.0%, 32=0.0%, 64=0.0%, >=64=0.0%
     complete  : 0=0.0%, 4=100.0%, 8=0.0%, 16=0.0%, 32=0.0%, 64=0.0%, >=64=0.0%
     issued rwts: total=46175,0,0,0 short=0,0,0,0 dropped=0,0,0,0
     latency   : target=0, window=0, percentile=100.00%, depth=4

Run status group 0 (all jobs):
   READ: bw=283MiB/s (296MB/s), 3760KiB/s-5564KiB/s (3850kB/s-5697kB/s), io=82.8GiB (88.9GB), run=300001-300016msec


Batch Job Summary Report (version 21.01.1) for Job "fioRandRead" (1471331) on tave

Job information (1/2)
-----------------------------------------------------------------------------------------------------
             Submit            Eligible               Start                 End    Elapsed Time limit
------------------- ------------------- ------------------- ------------------- ---------- ----------
2021-07-22T11:45:59 2021-07-22T11:45:59 2021-07-22T11:45:59 2021-07-22T11:51:09   00:05:10   00:30:00
-----------------------------------------------------------------------------------------------------

Job information (2/2)
-------------------------------------------------------------
    Username      Account    Partition   NNodes        Energy
------------ ------------ ------------ -------- -------------
    afilipci         g138       normal        1     43.273 kJ

