srun: First task exited 30s ago
srun: StepId=1471526.0 tasks 64-67,69-70,72-73,75-78,80,83,85-86,88,90-91,93-127: running
srun: StepId=1471526.0 tasks 0-63,68,71,74,79,81-82,84,87,89,92: exited
srun: launch/slurm: _step_signal: Terminating StepId=1471526.0
srun: Job step aborted: Waiting up to 32 seconds for job step to finish.
srun: error: nid00123: task 67: Killed
srun: launch/slurm: _step_signal: Terminating StepId=1471526.0
srun: error: nid00149: task 85: Killed
srun: error: nid00154: task 90: Killed
srun: error: nid00139: task 83: Killed
srun: error: nid00152: task 88: Killed
srun: error: nid00155: task 91: Killed
srun: error: nid00121: task 65: Killed
srun: error: nid00131: task 75: Killed
srun: error: nid00128: task 72: Killed
srun: error: nid00134: task 78: Killed
srun: error: nid00133: task 77: Killed
srun: error: nid00158: task 94: Killed
srun: error: nid00157: task 93: Killed
srun: error: nid00136: task 80: Killed
srun: error: nid00159: task 95: Killed
srun: error: nid00126: task 70: Killed
srun: error: nid00120: task 64: Killed
srun: error: nid00129: task 73: Killed
srun: error: nid00132: task 76: Killed
srun: error: nid00177: task 113: Killed
srun: error: nid00184: task 120: Killed
srun: error: nid00161: task 97: Killed
srun: error: nid00182: task 118: Killed
srun: error: nid00173: task 109: Killed
srun: error: nid00166: task 102: Killed
srun: error: nid00169: task 105: Killed
srun: error: nid00170: task 106: Killed
srun: error: nid00160: task 96: Killed
srun: error: nid00175: task 111: Killed
srun: error: nid00172: task 108: Killed
srun: error: nid00163: task 99: Killed
srun: error: nid00150: task 86: Killed
srun: error: nid00122: task 66: Killed
srun: error: nid00125: task 69: Killed
srun: error: nid00171: task 107: Killed
srun: error: nid00191: task 127: Killed
srun: error: nid00179: task 115: Killed
srun: error: nid00187: task 123: Killed
srun: error: nid00190: task 126: Killed
srun: error: nid00181: task 117: Killed
srun: error: nid00180: task 116: Killed
srun: error: nid00186: task 122: Killed
srun: error: nid00165: task 101: Killed
srun: error: nid00168: task 104: Killed
srun: error: nid00167: task 103: Killed
srun: error: nid00174: task 110: Killed
srun: error: nid00189: task 125: Killed
srun: error: nid00176: task 112: Killed
srun: error: nid00185: task 121: Killed
srun: error: nid00162: task 98: Killed
srun: error: nid00164: task 100: Killed
srun: error: nid00183: task 119: Killed
srun: error: nid00178: task 114: Killed
srun: error: nid00188: task 124: Killed
