random-writers: (g=0): rw=randrw, bs=(R) 32.0KiB-32.0KiB, (W) 32.0KiB-32.0KiB, (T) 32.0KiB-32.0KiB, ioengine=libaio, iodepth=4
...
fio-3.27-32-g77c7-dirty
Starting 4 processes
random-writers: (g=0): rw=randrw, bs=(R) 32.0KiB-32.0KiB, (W) 32.0KiB-32.0KiB, (T) 32.0KiB-32.0KiB, ioengine=libaio, iodepth=4
...
fio-3.27-32-g77c7-dirty
Starting 4 processes
random-writers: (g=0): rw=randrw, bs=(R) 32.0KiB-32.0KiB, (W) 32.0KiB-32.0KiB, (T) 32.0KiB-32.0KiB, ioengine=libaio, iodepth=4
...
fio-3.27-32-g77c7-dirty
Starting 4 processes
random-writers: (g=0): rw=randrw, bs=(R) 32.0KiB-32.0KiB, (W) 32.0KiB-32.0KiB, (T) 32.0KiB-32.0KiB, ioengine=libaio, iodepth=4
...
fio-3.27-32-g77c7-dirty
Starting 4 processes
random-writers: (g=0): rw=randrw, bs=(R) 32.0KiB-32.0KiB, (W) 32.0KiB-32.0KiB, (T) 32.0KiB-32.0KiB, ioengine=libaio, iodepth=4
...
fio-3.27-32-g77c7-dirty
Starting 4 processes
random-writers: Laying out IO file (1 file / 1024MiB)
random-writers: (g=0): rw=randrw, bs=(R) 32.0KiB-32.0KiB, (W) 32.0KiB-32.0KiB, (T) 32.0KiB-32.0KiB, ioengine=libaio, iodepth=4
...
fio-3.27-32-g77c7-dirty
Starting 4 processes
random-writers: Laying out IO file (1 file / 1024MiB)
random-writers: Laying out IO file (1 file / 1024MiB)
random-writers: Laying out IO file (1 file / 1024MiB)
random-writers: (g=0): rw=randrw, bs=(R) 32.0KiB-32.0KiB, (W) 32.0KiB-32.0KiB, (T) 32.0KiB-32.0KiB, ioengine=libaio, iodepth=4
...
fio-3.27-32-g77c7-dirty
Starting 4 processes
random-writers: (g=0): rw=randrw, bs=(R) 32.0KiB-32.0KiB, (W) 32.0KiB-32.0KiB, (T) 32.0KiB-32.0KiB, ioengine=libaio, iodepth=4
...
fio-3.27-32-g77c7-dirty
Starting 4 processes
random-writers: Laying out IO file (1 file / 1024MiB)
random-writers: Laying out IO file (1 file / 1024MiB)
random-writers: Laying out IO file (1 file / 1024MiB)
random-writers: Laying out IO file (1 file / 1024MiB)

random-writers: (groupid=0, jobs=1): err= 0: pid=187708: Tue Jul 13 14:30:33 2021
  read: IOPS=220, BW=7044KiB/s (7214kB/s)(2064MiB/300006msec)
    slat (usec): min=15, max=625838, avg=4255.98, stdev=10893.01
    clat (usec): min=16, max=975094, avg=6911.58, stdev=18426.42
     lat (usec): min=108, max=976097, avg=11169.70, stdev=23199.71
    clat percentiles (usec):
     |  1.00th=[   424],  5.00th=[   562], 10.00th=[   627], 20.00th=[  1270],
     | 30.00th=[  1516], 40.00th=[  2089], 50.00th=[  3359], 60.00th=[  5735],
     | 70.00th=[  8029], 80.00th=[ 10028], 90.00th=[ 13566], 95.00th=[ 17695],
     | 99.00th=[ 49021], 99.50th=[ 86508], 99.90th=[233833], 99.95th=[350225],
     | 99.99th=[859833]
   bw (  KiB/s): min=   64, max=19776, per=26.15%, avg=7092.60, stdev=3580.20, samples=595
   iops        : min=    2, max=  618, avg=221.64, stdev=111.88, samples=595
  write: IOPS=219, BW=7008KiB/s (7177kB/s)(2053MiB/300006msec); 0 zone resets
    slat (usec): min=120, max=2486, avg=199.79, stdev=40.04
    clat (usec): min=80, max=910393, avg=6761.80, stdev=16511.83
     lat (usec): min=263, max=910573, avg=6962.86, stdev=16513.11
    clat percentiles (usec):
     |  1.00th=[   388],  5.00th=[   529], 10.00th=[   562], 20.00th=[  1254],
     | 30.00th=[  1467], 40.00th=[  2057], 50.00th=[  3195], 60.00th=[  5669],
     | 70.00th=[  7898], 80.00th=[ 10028], 90.00th=[ 13566], 95.00th=[ 17695],
     | 99.00th=[ 48497], 99.50th=[ 83362], 99.90th=[225444], 99.95th=[320865],
     | 99.99th=[484443]
   bw (  KiB/s): min=   64, max=21440, per=26.11%, avg=7079.07, stdev=3641.48, samples=593
   iops        : min=    2, max=  670, avg=221.22, stdev=113.80, samples=593
  lat (usec)   : 20=0.01%, 100=0.01%, 250=0.07%, 500=3.19%, 750=12.39%
  lat (usec)   : 1000=0.45%
  lat (msec)   : 2=22.65%, 4=14.21%, 10=27.04%, 20=16.58%, 50=2.45%
  lat (msec)   : 100=0.55%, 250=0.33%, 500=0.07%, 750=0.01%, 1000=0.01%
  cpu          : usr=0.78%, sys=10.14%, ctx=60745, majf=0, minf=44
  IO depths    : 1=0.1%, 2=0.1%, 4=100.0%, 8=0.0%, 16=0.0%, 32=0.0%, >=64=0.0%
     submit    : 0=0.0%, 4=100.0%, 8=0.0%, 16=0.0%, 32=0.0%, 64=0.0%, >=64=0.0%
     complete  : 0=0.0%, 4=100.0%, 8=0.0%, 16=0.0%, 32=0.0%, 64=0.0%, >=64=0.0%
     issued rwts: total=66043,65706,0,0 short=0,0,0,0 dropped=0,0,0,0
     latency   : target=0, window=0, percentile=100.00%, depth=4
random-writers: (groupid=0, jobs=1): err= 0: pid=187709: Tue Jul 13 14:30:33 2021
  read: IOPS=211, BW=6766KiB/s (6929kB/s)(1982MiB/300006msec)
    slat (usec): min=15, max=576775, avg=4448.08, stdev=11316.78
    clat (usec): min=16, max=939141, avg=7104.17, stdev=17106.08
     lat (usec): min=149, max=939192, avg=11554.48, stdev=22601.88
    clat percentiles (usec):
     |  1.00th=[   449],  5.00th=[   586], 10.00th=[   652], 20.00th=[  1303],
     | 30.00th=[  1565], 40.00th=[  2212], 50.00th=[  3687], 60.00th=[  6063],
     | 70.00th=[  8225], 80.00th=[ 10159], 90.00th=[ 13960], 95.00th=[ 17957],
     | 99.00th=[ 51119], 99.50th=[ 92799], 99.90th=[233833], 99.95th=[304088],
     | 99.99th=[591397]
   bw (  KiB/s): min=  128, max=17536, per=25.13%, avg=6814.55, stdev=3522.60, samples=595
   iops        : min=    4, max=  548, avg=212.95, stdev=110.08, samples=595
  write: IOPS=212, BW=6796KiB/s (6959kB/s)(1991MiB/300006msec); 0 zone resets
    slat (usec): min=120, max=2558, avg=203.01, stdev=42.39
    clat (usec): min=85, max=962266, avg=7063.79, stdev=18110.81
     lat (usec): min=214, max=962430, avg=7268.09, stdev=18112.75
    clat percentiles (usec):
     |  1.00th=[   404],  5.00th=[   537], 10.00th=[   578], 20.00th=[  1287],
     | 30.00th=[  1516], 40.00th=[  2180], 50.00th=[  3654], 60.00th=[  6063],
     | 70.00th=[  8225], 80.00th=[ 10159], 90.00th=[ 13960], 95.00th=[ 17957],
     | 99.00th=[ 48497], 99.50th=[ 85459], 99.90th=[254804], 99.95th=[337642],
     | 99.99th=[574620]
   bw (  KiB/s): min=   64, max=17344, per=25.24%, avg=6844.13, stdev=3633.18, samples=595
   iops        : min=    2, max=  542, avg=213.88, stdev=113.54, samples=595
  lat (usec)   : 20=0.01%, 100=0.01%, 250=0.06%, 500=2.28%, 750=12.48%
  lat (usec)   : 1000=0.47%
  lat (msec)   : 2=21.45%, 4=14.60%, 10=27.56%, 20=17.52%, 50=2.59%
  lat (msec)   : 100=0.55%, 250=0.35%, 500=0.08%, 750=0.01%, 1000=0.01%
  cpu          : usr=0.80%, sys=9.71%, ctx=59627, majf=0, minf=44
  IO depths    : 1=0.1%, 2=0.1%, 4=100.0%, 8=0.0%, 16=0.0%, 32=0.0%, >=64=0.0%
     submit    : 0=0.0%, 4=100.0%, 8=0.0%, 16=0.0%, 32=0.0%, 64=0.0%, >=64=0.0%
     complete  : 0=0.0%, 4=100.0%, 8=0.0%, 16=0.0%, 32=0.0%, 64=0.0%, >=64=0.0%
     issued rwts: total=63437,63713,0,0 short=0,0,0,0 dropped=0,0,0,0
     latency   : target=0, window=0, percentile=100.00%, depth=4
random-writers: (groupid=0, jobs=1): err= 0: pid=187710: Tue Jul 13 14:30:33 2021
  read: IOPS=209, BW=6707KiB/s (6868kB/s)(1965MiB/300008msec)
    slat (usec): min=16, max=671102, avg=4487.73, stdev=10896.97
    clat (usec): min=15, max=979906, avg=7201.63, stdev=17304.24
     lat (usec): min=239, max=980852, avg=11691.65, stdev=22408.00
    clat percentiles (usec):
     |  1.00th=[   461],  5.00th=[   586], 10.00th=[   660], 20.00th=[  1319],
     | 30.00th=[  1598], 40.00th=[  2278], 50.00th=[  4080], 60.00th=[  6390],
     | 70.00th=[  8455], 80.00th=[ 10290], 90.00th=[ 14222], 95.00th=[ 18220],
     | 99.00th=[ 50594], 99.50th=[ 86508], 99.90th=[244319], 99.95th=[304088],
     | 99.99th=[658506]
   bw (  KiB/s): min=   64, max=15872, per=24.94%, avg=6764.82, stdev=3269.72, samples=594
   iops        : min=    2, max=  496, avg=211.40, stdev=102.18, samples=594
  write: IOPS=209, BW=6711KiB/s (6872kB/s)(1966MiB/300008msec); 0 zone resets
    slat (usec): min=121, max=2955, avg=203.56, stdev=42.55
    clat (usec): min=88, max=980042, avg=7118.62, stdev=17683.19
     lat (usec): min=236, max=980232, avg=7323.55, stdev=17684.95
    clat percentiles (usec):
     |  1.00th=[   408],  5.00th=[   537], 10.00th=[   586], 20.00th=[  1287],
     | 30.00th=[  1532], 40.00th=[  2245], 50.00th=[  3949], 60.00th=[  6259],
     | 70.00th=[  8356], 80.00th=[ 10290], 90.00th=[ 14091], 95.00th=[ 18220],
     | 99.00th=[ 47973], 99.50th=[ 84411], 99.90th=[225444], 99.95th=[333448],
     | 99.99th=[717226]
   bw (  KiB/s): min=   64, max=18048, per=24.95%, avg=6766.44, stdev=3362.96, samples=594
   iops        : min=    2, max=  564, avg=211.45, stdev=105.09, samples=594
  lat (usec)   : 20=0.01%, 100=0.01%, 250=0.03%, 500=1.88%, 750=12.25%
  lat (usec)   : 1000=0.53%
  lat (msec)   : 2=21.45%, 4=13.85%, 10=28.31%, 20=18.06%, 50=2.65%
  lat (msec)   : 100=0.57%, 250=0.32%, 500=0.08%, 750=0.01%, 1000=0.01%
  cpu          : usr=0.85%, sys=9.64%, ctx=59684, majf=0, minf=43
  IO depths    : 1=0.1%, 2=0.1%, 4=100.0%, 8=0.0%, 16=0.0%, 32=0.0%, >=64=0.0%
     submit    : 0=0.0%, 4=100.0%, 8=0.0%, 16=0.0%, 32=0.0%, 64=0.0%, >=64=0.0%
     complete  : 0=0.0%, 4=100.0%, 8=0.0%, 16=0.0%, 32=0.0%, 64=0.0%, >=64=0.0%
     issued rwts: total=62882,62919,0,0 short=0,0,0,0 dropped=0,0,0,0
     latency   : target=0, window=0, percentile=100.00%, depth=4
random-writers: (groupid=0, jobs=1): err= 0: pid=187711: Tue Jul 13 14:30:33 2021
  read: IOPS=206, BW=6598KiB/s (6757kB/s)(1933MiB/300003msec)
    slat (usec): min=16, max=563127, avg=4561.42, stdev=11433.12
    clat (usec): min=14, max=977141, avg=7316.08, stdev=18431.81
     lat (usec): min=126, max=978851, avg=11880.28, stdev=23349.31
    clat percentiles (usec):
     |  1.00th=[   437],  5.00th=[   570], 10.00th=[   660], 20.00th=[  1319],
     | 30.00th=[  1647], 40.00th=[  2376], 50.00th=[  4015], 60.00th=[  6390],
     | 70.00th=[  8455], 80.00th=[ 10421], 90.00th=[ 14222], 95.00th=[ 18482],
     | 99.00th=[ 50070], 99.50th=[ 89654], 99.90th=[267387], 99.95th=[341836],
     | 99.99th=[658506]
   bw (  KiB/s): min=   64, max=16384, per=24.50%, avg=6644.81, stdev=3190.15, samples=595
   iops        : min=    2, max=  512, avg=207.65, stdev=99.69, samples=595
  write: IOPS=206, BW=6598KiB/s (6757kB/s)(1933MiB/300003msec); 0 zone resets
    slat (usec): min=119, max=2939, avg=206.28, stdev=47.66
    clat (usec): min=93, max=933682, avg=7245.60, stdev=17130.08
     lat (usec): min=277, max=933813, avg=7453.13, stdev=17130.62
    clat percentiles (usec):
     |  1.00th=[   396],  5.00th=[   529], 10.00th=[   562], 20.00th=[  1303],
     | 30.00th=[  1565], 40.00th=[  2343], 50.00th=[  3982], 60.00th=[  6325],
     | 70.00th=[  8455], 80.00th=[ 10421], 90.00th=[ 14222], 95.00th=[ 18482],
     | 99.00th=[ 51119], 99.50th=[ 93848], 99.90th=[261096], 99.95th=[329253],
     | 99.99th=[557843]
   bw (  KiB/s): min=  128, max=18496, per=24.46%, avg=6633.45, stdev=3361.45, samples=596
   iops        : min=    4, max=  578, avg=207.30, stdev=105.05, samples=596
  lat (usec)   : 20=0.01%, 100=0.01%, 250=0.06%, 500=2.59%, 750=12.31%
  lat (usec)   : 1000=0.45%
  lat (msec)   : 2=20.67%, 4=13.92%, 10=27.84%, 20=18.32%, 50=2.80%
  lat (msec)   : 100=0.58%, 250=0.33%, 500=0.09%, 750=0.01%, 1000=0.01%
  cpu          : usr=0.84%, sys=10.01%, ctx=57696, majf=0, minf=44
  IO depths    : 1=0.1%, 2=0.1%, 4=100.0%, 8=0.0%, 16=0.0%, 32=0.0%, >=64=0.0%
     submit    : 0=0.0%, 4=100.0%, 8=0.0%, 16=0.0%, 32=0.0%, 64=0.0%, >=64=0.0%
     complete  : 0=0.0%, 4=100.0%, 8=0.0%, 16=0.0%, 32=0.0%, 64=0.0%, >=64=0.0%
     issued rwts: total=61859,61861,0,0 short=0,0,0,0 dropped=0,0,0,0
     latency   : target=0, window=0, percentile=100.00%, depth=4

Run status group 0 (all jobs):
   READ: bw=26.5MiB/s (27.8MB/s), 6598KiB/s-7044KiB/s (6757kB/s-7214kB/s), io=7944MiB (8330MB), run=300003-300008msec
  WRITE: bw=26.5MiB/s (27.8MB/s), 6598KiB/s-7008KiB/s (6757kB/s-7177kB/s), io=7944MiB (8330MB), run=300003-300008msec

random-writers: (groupid=0, jobs=1): err= 0: pid=195074: Tue Jul 13 14:30:34 2021
  read: IOPS=200, BW=6418KiB/s (6572kB/s)(1880MiB/300001msec)
    slat (usec): min=16, max=690025, avg=4696.14, stdev=10943.46
    clat (usec): min=116, max=948697, avg=7514.14, stdev=17590.05
     lat (usec): min=139, max=955137, avg=12212.73, stdev=22512.96
    clat percentiles (usec):
     |  1.00th=[   523],  5.00th=[   611], 10.00th=[   685], 20.00th=[  1369],
     | 30.00th=[  1713], 40.00th=[  2540], 50.00th=[  4621], 60.00th=[  6849],
     | 70.00th=[  8717], 80.00th=[ 10552], 90.00th=[ 14615], 95.00th=[ 18482],
     | 99.00th=[ 51643], 99.50th=[ 85459], 99.90th=[229639], 99.95th=[295699],
     | 99.99th=[742392]
   bw (  KiB/s): min=   64, max=15744, per=17.52%, avg=6466.54, stdev=2926.13, samples=595
   iops        : min=    2, max=  492, avg=202.06, stdev=91.42, samples=595
  write: IOPS=200, BW=6405KiB/s (6559kB/s)(1877MiB/300001msec); 0 zone resets
    slat (usec): min=121, max=2352, avg=207.59, stdev=42.76
    clat (usec): min=11, max=956559, avg=7470.15, stdev=17285.82
     lat (usec): min=181, max=956822, avg=7679.12, stdev=17287.38
    clat percentiles (usec):
     |  1.00th=[   461],  5.00th=[   553], 10.00th=[   603], 20.00th=[  1336],
     | 30.00th=[  1631], 40.00th=[  2507], 50.00th=[  4621], 60.00th=[  6849],
     | 70.00th=[  8848], 80.00th=[ 10683], 90.00th=[ 14746], 95.00th=[ 18482],
     | 99.00th=[ 50594], 99.50th=[ 82314], 99.90th=[198181], 99.95th=[304088],
     | 99.99th=[599786]
   bw (  KiB/s): min=   64, max=17122, per=17.54%, avg=6474.31, stdev=3017.33, samples=593
   iops        : min=    2, max=  535, avg=202.31, stdev=94.28, samples=593
  lat (usec)   : 20=0.01%, 100=0.01%, 250=0.01%, 500=1.05%, 750=12.05%
  lat (usec)   : 1000=0.70%
  lat (msec)   : 2=19.82%, 4=13.47%, 10=29.56%, 20=19.40%, 50=2.89%
  lat (msec)   : 100=0.64%, 250=0.32%, 500=0.06%, 750=0.01%, 1000=0.01%
  cpu          : usr=0.78%, sys=9.57%, ctx=58310, majf=0, minf=43
  IO depths    : 1=0.1%, 2=0.1%, 4=100.0%, 8=0.0%, 16=0.0%, 32=0.0%, >=64=0.0%
     submit    : 0=0.0%, 4=100.0%, 8=0.0%, 16=0.0%, 32=0.0%, 64=0.0%, >=64=0.0%
     complete  : 0=0.0%, 4=100.0%, 8=0.0%, 16=0.0%, 32=0.0%, 64=0.0%, >=64=0.0%
     issued rwts: total=60166,60050,0,0 short=0,0,0,0 dropped=0,0,0,0
     latency   : target=0, window=0, percentile=100.00%, depth=4
random-writers: (groupid=0, jobs=1): err= 0: pid=195075: Tue Jul 13 14:30:34 2021
  read: IOPS=365, BW=11.4MiB/s (12.0MB/s)(3426MiB/300007msec)
    slat (usec): min=15, max=630871, avg=2454.18, stdev=7803.96
    clat (usec): min=24, max=925055, avg=4127.93, stdev=13959.25
     lat (usec): min=102, max=942581, avg=6584.11, stdev=17010.26
    clat percentiles (usec):
     |  1.00th=[   420],  5.00th=[   562], 10.00th=[   619], 20.00th=[  1221],
     | 30.00th=[  1352], 40.00th=[  1532], 50.00th=[  1926], 60.00th=[  2212],
     | 70.00th=[  2868], 80.00th=[  5932], 90.00th=[  9634], 95.00th=[ 11469],
     | 99.00th=[ 23462], 99.50th=[ 43254], 99.90th=[127402], 99.95th=[246416],
     | 99.99th=[868221]
   bw (  KiB/s): min=   64, max=24000, per=31.95%, avg=11793.45, stdev=5851.97, samples=594
   iops        : min=    2, max=  750, avg=368.53, stdev=182.87, samples=594
  write: IOPS=366, BW=11.5MiB/s (12.0MB/s)(3439MiB/300007msec); 0 zone resets
    slat (usec): min=120, max=3761, avg=198.84, stdev=39.03
    clat (usec): min=86, max=975944, avg=4076.02, stdev=13017.51
     lat (usec): min=221, max=976125, avg=4276.21, stdev=13019.60
    clat percentiles (usec):
     |  1.00th=[   392],  5.00th=[   537], 10.00th=[   570], 20.00th=[  1205],
     | 30.00th=[  1336], 40.00th=[  1500], 50.00th=[  1926], 60.00th=[  2212],
     | 70.00th=[  2868], 80.00th=[  5997], 90.00th=[  9634], 95.00th=[ 11600],
     | 99.00th=[ 22676], 99.50th=[ 41681], 99.90th=[126354], 99.95th=[208667],
     | 99.99th=[549454]
   bw (  KiB/s): min=   64, max=26304, per=32.13%, avg=11859.06, stdev=5949.35, samples=593
   iops        : min=    2, max=  822, avg=370.58, stdev=185.92, samples=593
  lat (usec)   : 50=0.01%, 100=0.02%, 250=0.08%, 500=3.05%, 750=12.53%
  lat (usec)   : 1000=0.47%
  lat (msec)   : 2=36.37%, 4=22.29%, 10=16.34%, 20=7.57%, 50=0.87%
  lat (msec)   : 100=0.26%, 250=0.10%, 500=0.03%, 750=0.01%, 1000=0.01%
  cpu          : usr=1.33%, sys=16.36%, ctx=101037, majf=0, minf=44
  IO depths    : 1=0.1%, 2=0.1%, 4=100.0%, 8=0.0%, 16=0.0%, 32=0.0%, >=64=0.0%
     submit    : 0=0.0%, 4=100.0%, 8=0.0%, 16=0.0%, 32=0.0%, 64=0.0%, >=64=0.0%
     complete  : 0=0.0%, 4=100.0%, 8=0.0%, 16=0.0%, 32=0.0%, 64=0.0%, >=64=0.0%
     issued rwts: total=109640,110055,0,0 short=0,0,0,0 dropped=0,0,0,0
     latency   : target=0, window=0, percentile=100.00%, depth=4
random-writers: (groupid=0, jobs=1): err= 0: pid=195076: Tue Jul 13 14:30:34 2021
  read: IOPS=388, BW=12.2MiB/s (12.7MB/s)(3647MiB/300046msec)
    slat (usec): min=15, max=510284, avg=2284.47, stdev=6810.41
    clat (usec): min=17, max=986459, avg=3868.13, stdev=12981.66
     lat (usec): min=97, max=987358, avg=6154.72, stdev=15458.94
    clat percentiles (usec):
     |  1.00th=[   392],  5.00th=[   545], 10.00th=[   611], 20.00th=[  1188],
     | 30.00th=[  1336], 40.00th=[  1500], 50.00th=[  1876], 60.00th=[  2180],
     | 70.00th=[  2704], 80.00th=[  5473], 90.00th=[  9241], 95.00th=[ 11207],
     | 99.00th=[ 21103], 99.50th=[ 36963], 99.90th=[119014], 99.95th=[221250],
     | 99.99th=[843056]
   bw (  KiB/s): min=  192, max=29120, per=34.10%, avg=12585.28, stdev=5808.56, samples=593
   iops        : min=    6, max=  910, avg=393.28, stdev=181.51, samples=593
  write: IOPS=387, BW=12.1MiB/s (12.7MB/s)(3638MiB/300046msec); 0 zone resets
    slat (usec): min=119, max=121448, avg=199.49, stdev=357.53
    clat (usec): min=83, max=978711, avg=3866.15, stdev=12588.39
     lat (usec): min=210, max=978918, avg=4067.00, stdev=12594.32
    clat percentiles (usec):
     |  1.00th=[   359],  5.00th=[   506], 10.00th=[   562], 20.00th=[  1172],
     | 30.00th=[  1319], 40.00th=[  1467], 50.00th=[  1860], 60.00th=[  2147],
     | 70.00th=[  2671], 80.00th=[  5342], 90.00th=[  9241], 95.00th=[ 11207],
     | 99.00th=[ 22938], 99.50th=[ 41157], 99.90th=[123208], 99.95th=[225444],
     | 99.99th=[471860]
   bw (  KiB/s): min=  256, max=30268, per=34.01%, avg=12555.71, stdev=5860.99, samples=593
   iops        : min=    8, max=  945, avg=392.35, stdev=183.15, samples=593
  lat (usec)   : 20=0.01%, 100=0.04%, 250=0.18%, 500=3.94%, 750=12.26%
  lat (usec)   : 1000=0.63%
  lat (msec)   : 2=37.31%, 4=22.26%, 10=15.47%, 20=6.75%, 50=0.81%
  lat (msec)   : 100=0.23%, 250=0.08%, 500=0.03%, 750=0.01%, 1000=0.01%
  cpu          : usr=1.50%, sys=17.49%, ctx=105435, majf=0, minf=43
  IO depths    : 1=0.1%, 2=0.1%, 4=100.0%, 8=0.0%, 16=0.0%, 32=0.0%, >=64=0.0%
     submit    : 0=0.0%, 4=100.0%, 8=0.0%, 16=0.0%, 32=0.0%, 64=0.0%, >=64=0.0%
     complete  : 0=0.0%, 4=100.0%, 8=0.0%, 16=0.0%, 32=0.0%, 64=0.0%, >=64=0.0%
     issued rwts: total=116690,116416,0,0 short=0,0,0,0 dropped=0,0,0,0
     latency   : target=0, window=0, percentile=100.00%, depth=4
random-writers: (groupid=0, jobs=1): err= 0: pid=195077: Tue Jul 13 14:30:34 2021
  read: IOPS=198, BW=6353KiB/s (6506kB/s)(1861MiB/300001msec)
    slat (usec): min=15, max=899648, avg=4743.22, stdev=11965.30
    clat (usec): min=15, max=1197.8k, avg=7562.90, stdev=19012.58
     lat (usec): min=287, max=1204.3k, avg=12308.85, stdev=24227.84
    clat percentiles (usec):
     |  1.00th=[   510],  5.00th=[   594], 10.00th=[   685], 20.00th=[  1369],
     | 30.00th=[  1713], 40.00th=[  2540], 50.00th=[  4555], 60.00th=[  6718],
     | 70.00th=[  8717], 80.00th=[ 10552], 90.00th=[ 14746], 95.00th=[ 18744],
     | 99.00th=[ 52691], 99.50th=[ 90702], 99.90th=[225444], 99.95th=[312476],
     | 99.99th=[926942]
   bw (  KiB/s): min=   64, max=15744, per=17.37%, avg=6411.47, stdev=3138.52, samples=594
   iops        : min=    2, max=  492, avg=200.34, stdev=98.06, samples=594
  write: IOPS=198, BW=6357KiB/s (6510kB/s)(1862MiB/300001msec); 0 zone resets
    slat (usec): min=118, max=2571, avg=209.17, stdev=46.52
    clat (usec): min=89, max=1169.7k, avg=7555.47, stdev=18149.80
     lat (usec): min=364, max=1170.0k, avg=7765.97, stdev=18150.94
    clat percentiles (usec):
     |  1.00th=[   416],  5.00th=[   545], 10.00th=[   586], 20.00th=[  1336],
     | 30.00th=[  1647], 40.00th=[  2540], 50.00th=[  4555], 60.00th=[  6718],
     | 70.00th=[  8717], 80.00th=[ 10552], 90.00th=[ 14746], 95.00th=[ 18744],
     | 99.00th=[ 55313], 99.50th=[ 93848], 99.90th=[212861], 99.95th=[295699],
     | 99.99th=[734004]
   bw (  KiB/s): min=   64, max=16960, per=17.37%, avg=6413.81, stdev=3276.05, samples=594
   iops        : min=    2, max=  530, avg=200.41, stdev=102.36, samples=594
  lat (usec)   : 20=0.01%, 100=0.01%, 250=0.03%, 500=1.41%, 750=12.11%
  lat (usec)   : 1000=0.83%
  lat (msec)   : 2=19.41%, 4=13.97%, 10=29.04%, 20=19.10%, 50=3.01%
  lat (msec)   : 100=0.65%, 250=0.36%, 500=0.05%, 750=0.01%, 1000=0.01%
  lat (msec)   : 2000=0.01%
  cpu          : usr=0.82%, sys=9.74%, ctx=56805, majf=0, minf=44
  IO depths    : 1=0.1%, 2=0.1%, 4=100.0%, 8=0.0%, 16=0.0%, 32=0.0%, >=64=0.0%
     submit    : 0=0.0%, 4=100.0%, 8=0.0%, 16=0.0%, 32=0.0%, 64=0.0%, >=64=0.0%
     complete  : 0=0.0%, 4=100.0%, 8=0.0%, 16=0.0%, 32=0.0%, 64=0.0%, >=64=0.0%
     issued rwts: total=59562,59598,0,0 short=0,0,0,0 dropped=0,0,0,0
     latency   : target=0, window=0, percentile=100.00%, depth=4

Run status group 0 (all jobs):
   READ: bw=36.0MiB/s (37.8MB/s), 6353KiB/s-12.2MiB/s (6506kB/s-12.7MB/s), io=10.6GiB (11.3GB), run=300001-300046msec
  WRITE: bw=36.0MiB/s (37.8MB/s), 6357KiB/s-12.1MiB/s (6510kB/s-12.7MB/s), io=10.6GiB (11.3GB), run=300001-300046msec

random-writers: (groupid=0, jobs=1): err= 0: pid=174893: Tue Jul 13 14:30:34 2021
  read: IOPS=226, BW=7259KiB/s (7433kB/s)(2127MiB/300001msec)
    slat (usec): min=15, max=797822, avg=4108.09, stdev=10902.59
    clat (usec): min=34, max=1000.2k, avg=6676.29, stdev=18015.14
     lat (usec): min=103, max=1003.8k, avg=10787.24, stdev=22573.85
    clat percentiles (usec):
     |  1.00th=[   502],  5.00th=[   594], 10.00th=[   685], 20.00th=[  1336],
     | 30.00th=[  1631], 40.00th=[  2114], 50.00th=[  2966], 60.00th=[  5342],
     | 70.00th=[  7701], 80.00th=[  9765], 90.00th=[ 13042], 95.00th=[ 17171],
     | 99.00th=[ 44827], 99.50th=[ 79168], 99.90th=[231736], 99.95th=[350225],
     | 99.99th=[910164]
   bw (  KiB/s): min=  128, max=17536, per=24.89%, avg=7299.88, stdev=3675.74, samples=596
   iops        : min=    4, max=  548, avg=228.11, stdev=114.86, samples=596
  write: IOPS=225, BW=7222KiB/s (7395kB/s)(2116MiB/300001msec); 0 zone resets
    slat (usec): min=120, max=2490, avg=208.84, stdev=47.42
    clat (usec): min=89, max=1002.4k, avg=6594.89, stdev=16739.03
     lat (usec): min=266, max=1002.5k, avg=6805.00, stdev=16740.15
    clat percentiles (usec):
     |  1.00th=[   408],  5.00th=[   537], 10.00th=[   578], 20.00th=[  1303],
     | 30.00th=[  1549], 40.00th=[  2089], 50.00th=[  2933], 60.00th=[  5342],
     | 70.00th=[  7635], 80.00th=[  9765], 90.00th=[ 12911], 95.00th=[ 17433],
     | 99.00th=[ 46400], 99.50th=[ 82314], 99.90th=[208667], 99.95th=[320865],
     | 99.99th=[530580]
   bw (  KiB/s): min=   64, max=17920, per=24.80%, avg=7273.74, stdev=3773.27, samples=595
   iops        : min=    2, max=  560, avg=227.29, stdev=117.91, samples=595
  lat (usec)   : 50=0.01%, 100=0.01%, 250=0.03%, 500=1.54%, 750=12.21%
  lat (usec)   : 1000=0.72%
  lat (msec)   : 2=23.82%, 4=16.44%, 10=26.12%, 20=15.96%, 50=2.27%
  lat (msec)   : 100=0.52%, 250=0.30%, 500=0.06%, 750=0.01%, 1000=0.01%
  lat (msec)   : 2000=0.01%
  cpu          : usr=0.96%, sys=11.38%, ctx=64980, majf=0, minf=43
  IO depths    : 1=0.1%, 2=0.1%, 4=100.0%, 8=0.0%, 16=0.0%, 32=0.0%, >=64=0.0%
     submit    : 0=0.0%, 4=100.0%, 8=0.0%, 16=0.0%, 32=0.0%, 64=0.0%, >=64=0.0%
     complete  : 0=0.0%, 4=100.0%, 8=0.0%, 16=0.0%, 32=0.0%, 64=0.0%, >=64=0.0%
     issued rwts: total=68052,67707,0,0 short=0,0,0,0 dropped=0,0,0,0
     latency   : target=0, window=0, percentile=100.00%, depth=4
random-writers: (groupid=0, jobs=1): err= 0: pid=174894: Tue Jul 13 14:30:34 2021
  read: IOPS=225, BW=7209KiB/s (7382kB/s)(2112MiB/300002msec)
    slat (usec): min=16, max=537723, avg=4140.50, stdev=10860.57
    clat (usec): min=22, max=1105.5k, avg=6621.50, stdev=17413.90
     lat (usec): min=165, max=1105.6k, avg=10764.42, stdev=22302.95
    clat percentiles (usec):
     |  1.00th=[   465],  5.00th=[   586], 10.00th=[   660], 20.00th=[  1303],
     | 30.00th=[  1532], 40.00th=[  2057], 50.00th=[  2933], 60.00th=[  5407],
     | 70.00th=[  7701], 80.00th=[  9765], 90.00th=[ 13042], 95.00th=[ 17171],
     | 99.00th=[ 47449], 99.50th=[ 80217], 99.90th=[223347], 99.95th=[295699],
     | 99.99th=[616563]
   bw (  KiB/s): min=  128, max=17216, per=24.76%, avg=7262.26, stdev=3643.58, samples=595
   iops        : min=    4, max=  538, avg=226.93, stdev=113.86, samples=595
  write: IOPS=226, BW=7245KiB/s (7419kB/s)(2123MiB/300002msec); 0 zone resets
    slat (usec): min=120, max=2526, avg=204.27, stdev=43.56
    clat (usec): min=88, max=1032.0k, avg=6673.18, stdev=18215.79
     lat (usec): min=263, max=1032.1k, avg=6878.79, stdev=18217.03
    clat percentiles (usec):
     |  1.00th=[   412],  5.00th=[   537], 10.00th=[   578], 20.00th=[  1287],
     | 30.00th=[  1483], 40.00th=[  2040], 50.00th=[  2900], 60.00th=[  5342],
     | 70.00th=[  7635], 80.00th=[  9765], 90.00th=[ 13042], 95.00th=[ 17433],
     | 99.00th=[ 46924], 99.50th=[ 81265], 99.90th=[256902], 99.95th=[375391],
     | 99.99th=[633340]
   bw (  KiB/s): min=   64, max=17442, per=24.89%, avg=7297.42, stdev=3706.45, samples=595

random-writers: (groupid=0, jobs=1): err= 0: pid=171677: Tue Jul 13 14:30:34 2021
  read: IOPS=207, BW=6655KiB/s (6815kB/s)(1950MiB/300005msec)
    slat (usec): min=15, max=882201, avg=4493.27, stdev=10859.07
    clat (usec): min=13, max=1025.3k, avg=7200.14, stdev=16169.40
     lat (usec): min=107, max=1026.3k, avg=11696.18, stdev=21117.63
    clat percentiles (usec):
     |  1.00th=[   461],  5.00th=[   603], 10.00th=[   701], 20.00th=[  1319],
     | 30.00th=[  1647], 40.00th=[  2343], 50.00th=[  4146], 60.00th=[  6456],
     | 70.00th=[  8455], 80.00th=[ 10421], 90.00th=[ 14353], 95.00th=[ 18482],
     | 99.00th=[ 50594], 99.50th=[ 85459], 99.90th=[202376], 99.95th=[278922],
     | 99.99th=[557843]
   bw (  KiB/s): min=  192, max=16192, per=17.60%, avg=6703.44, stdev=3108.90, samples=595
   iops        : min=    6, max=  506, avg=209.48, stdev=97.15, samples=595
  write: IOPS=207, BW=6629KiB/s (6788kB/s)(1942MiB/300005msec); 0 zone resets
    slat (usec): min=121, max=1985, avg=228.32, stdev=54.67
   iops        : min=    2, max=  545, avg=228.03, stdev=115.83, samples=595
    clat (usec): min=88, max=1025.2k, avg=7267.85, stdev=17889.62
     lat (usec): min=222, max=1025.4k, avg=7497.94, stdev=17890.06
    clat percentiles (usec):
     |  1.00th=[   404],  5.00th=[   553], 10.00th=[   611], 20.00th=[  1287],
     | 30.00th=[  1582], 40.00th=[  2311], 50.00th=[  4080], 60.00th=[  6390],
     | 70.00th=[  8455], 80.00th=[ 10421], 90.00th=[ 14484], 95.00th=[ 18482],
     | 99.00th=[ 51643], 99.50th=[ 92799], 99.90th=[206570], 99.95th=[295699],
     | 99.99th=[876610]
   bw (  KiB/s): min=   64, max=16896, per=17.51%, avg=6666.85, stdev=3228.06, samples=596
   iops        : min=    2, max=  528, avg=208.34, stdev=100.88, samples=596
  lat (usec)   : 20=0.01%, 100=0.01%, 250=0.07%, 500=1.94%, 750=11.30%
  lat (usec)   : 1000=3.15%
  lat (msec)   : 2=19.74%, 4=13.35%, 10=28.33%, 20=18.29%, 50=2.80%
  lat (msec)   : 100=0.59%, 250=0.35%, 500=0.06%, 750=0.01%, 1000=0.01%
  lat (msec)   : 2000=0.01%
  cpu          : usr=0.98%, sys=10.49%, ctx=56351, majf=0, minf=44
  lat (usec)   : 50=0.01%, 100=0.01%, 250=0.04%, 500=1.84%, 750=12.38%
  lat (usec)   : 1000=0.58%
  lat (msec)   : 2=24.09%, 4=15.50%, 10=26.67%, 20=15.67%, 50=2.28%
  lat (msec)   : 100=0.56%, 250=0.28%, 500=0.08%, 750=0.01%, 1000=0.01%
  lat (msec)   : 2000=0.01%
  cpu          : usr=0.92%, sys=10.78%, ctx=64061, majf=0, minf=44
  IO depths    : 1=0.1%, 2=0.1%, 4=100.0%, 8=0.0%, 16=0.0%, 32=0.0%, >=64=0.0%
     submit    : 0=0.0%, 4=100.0%, 8=0.0%, 16=0.0%, 32=0.0%, 64=0.0%, >=64=0.0%
     complete  : 0=0.0%, 4=100.0%, 8=0.0%, 16=0.0%, 32=0.0%, 64=0.0%, >=64=0.0%
     issued rwts: total=67588,67922,0,0 short=0,0,0,0 dropped=0,0,0,0
     latency   : target=0, window=0, percentile=100.00%, depth=4
random-writers: (groupid=0, jobs=1): err= 0: pid=174895: Tue Jul 13 14:30:34 2021
  read: IOPS=229, BW=7346KiB/s (7523kB/s)(2152MiB/300013msec)
    slat (usec): min=16, max=750258, avg=4061.74, stdev=10921.69
    clat (usec): min=25, max=990013, avg=6508.93, stdev=16482.98
  IO depths    : 1=0.1%, 2=0.1%, 4=100.0%, 8=0.0%, 16=0.0%, 32=0.0%, >=64=0.0%
     submit    : 0=0.0%, 4=100.0%, 8=0.0%, 16=0.0%, 32=0.0%, 64=0.0%, >=64=0.0%
     complete  : 0=0.0%, 4=100.0%, 8=0.0%, 16=0.0%, 32=0.0%, 64=0.0%, >=64=0.0%
     issued rwts: total=62391,62144,0,0 short=0,0,0,0 dropped=0,0,0,0
     latency   : target=0, window=0, percentile=100.00%, depth=4
random-writers: (groupid=0, jobs=1): err= 0: pid=171678: Tue Jul 13 14:30:34 2021
  read: IOPS=373, BW=11.7MiB/s (12.2MB/s)(3505MiB/300005msec)
    slat (usec): min=15, max=570229, avg=2388.13, stdev=7122.34
    clat (usec): min=12, max=1048.3k, avg=3991.96, stdev=12876.02
     lat (usec): min=97, max=1048.3k, avg=6382.26, stdev=15616.60
    clat percentiles (usec):
     |  1.00th=[   408],  5.00th=[   553], 10.00th=[   627], 20.00th=[  1188],
     | 30.00th=[  1352], 40.00th=[  1516], 50.00th=[  1893], 60.00th=[  2212],
     | 70.00th=[  2835], 80.00th=[  5866], 90.00th=[  9372], 95.00th=[ 11338],
     lat (usec): min=222, max=1023.5k, avg=10573.05, stdev=21384.11
    clat percentiles (usec):
     |  1.00th=[   478],  5.00th=[   586], 10.00th=[   668], 20.00th=[  1303],
     | 30.00th=[  1565], 40.00th=[  2057], 50.00th=[  2868], 60.00th=[  5211],
     | 70.00th=[  7570], 80.00th=[  9765], 90.00th=[ 12911], 95.00th=[ 17171],
     | 99.00th=[ 45351], 99.50th=[ 74974], 99.90th=[202376], 99.95th=[316670],
     | 99.99th=[608175]
   bw (  KiB/s): min=   64, max=17600, per=25.24%, avg=7402.56, stdev=3622.49, samples=595
   iops        : min=    2, max=  550, avg=231.31, stdev=113.20, samples=595
  write: IOPS=229, BW=7347KiB/s (7523kB/s)(2153MiB/300013msec); 0 zone resets
    slat (usec): min=120, max=2535, avg=204.44, stdev=44.72
    clat (usec): min=85, max=1012.1k, avg=6570.12, stdev=18457.38
     lat (usec): min=253, max=1012.3k, avg=6775.88, stdev=18459.77
    clat percentiles (usec):
     |  1.00th=[   416],  5.00th=[   537], 10.00th=[   578], 20.00th=[  1287],
     | 99.00th=[ 22414], 99.50th=[ 40109], 99.90th=[116917], 99.95th=[189793],
     | 99.99th=[574620]
   bw (  KiB/s): min=   64, max=27072, per=31.78%, avg=12106.16, stdev=5606.72, samples=592
   iops        : min=    2, max=  846, avg=378.32, stdev=175.21, samples=592
  write: IOPS=374, BW=11.7MiB/s (12.3MB/s)(3515MiB/300005msec); 0 zone resets
    slat (usec): min=119, max=165124, avg=202.73, stdev=493.38
    clat (usec): min=85, max=1037.7k, avg=4032.37, stdev=12811.28
     lat (usec): min=220, max=1038.0k, avg=4236.55, stdev=12822.20
    clat percentiles (usec):
     |  1.00th=[   371],  5.00th=[   515], 10.00th=[   570], 20.00th=[  1172],
     | 30.00th=[  1336], 40.00th=[  1483], 50.00th=[  1893], 60.00th=[  2212],
     | 70.00th=[  2835], 80.00th=[  5932], 90.00th=[  9503], 95.00th=[ 11469],
     | 99.00th=[ 23725], 99.50th=[ 42730], 99.90th=[131597], 99.95th=[221250],
     | 99.99th=[566232]
   bw (  KiB/s): min=   64, max=27200, per=31.89%, avg=12142.38, stdev=5721.82, samples=592
     | 30.00th=[  1500], 40.00th=[  2040], 50.00th=[  2835], 60.00th=[  5145],
     | 70.00th=[  7570], 80.00th=[  9765], 90.00th=[ 12911], 95.00th=[ 17433],
     | 99.00th=[ 45351], 99.50th=[ 77071], 99.90th=[240124], 99.95th=[367002],
     | 99.99th=[918553]
   bw (  KiB/s): min=  128, max=19072, per=25.28%, avg=7414.78, stdev=3667.31, samples=594
   iops        : min=    4, max=  596, avg=231.70, stdev=114.60, samples=594
  lat (usec)   : 50=0.01%, 100=0.01%, 250=0.02%, 500=1.58%, 750=11.97%
  lat (usec)   : 1000=0.74%
  lat (msec)   : 2=24.71%, 4=16.31%, 10=25.99%, 20=15.52%, 50=2.32%
  lat (msec)   : 100=0.52%, 250=0.25%, 500=0.07%, 750=0.01%, 1000=0.01%
  lat (msec)   : 2000=0.01%
  cpu          : usr=0.91%, sys=10.99%, ctx=65771, majf=0, minf=43
  IO depths    : 1=0.1%, 2=0.1%, 4=100.0%, 8=0.0%, 16=0.0%, 32=0.0%, >=64=0.0%
     submit    : 0=0.0%, 4=100.0%, 8=0.0%, 16=0.0%, 32=0.0%, 64=0.0%, >=64=0.0%
     complete  : 0=0.0%, 4=100.0%, 8=0.0%, 16=0.0%, 32=0.0%, 64=0.0%, >=64=0.0%
   iops        : min=    2, max=  850, avg=379.45, stdev=178.81, samples=592
     issued rwts: total=68876,68880,0,0 short=0,0,0,0 dropped=0,0,0,0
     latency   : target=0, window=0, percentile=100.00%, depth=4
random-writers: (groupid=0, jobs=1): err= 0: pid=174896: Tue Jul 13 14:30:34 2021
  read: IOPS=234, BW=7516KiB/s (7696kB/s)(2202MiB/300002msec)
    slat (usec): min=15, max=902385, avg=3972.92, stdev=11511.62
    clat (usec): min=21, max=1036.1k, avg=6397.40, stdev=18175.87
     lat (usec): min=245, max=1037.0k, avg=10372.58, stdev=23028.97
    clat percentiles (usec):
     |  1.00th=[   420],  5.00th=[   562], 10.00th=[   627], 20.00th=[  1254],
     | 30.00th=[  1450], 40.00th=[  1926], 50.00th=[  2638], 60.00th=[  4948],
     | 70.00th=[  7308], 80.00th=[  9503], 90.00th=[ 12518], 95.00th=[ 17171],
     | 99.00th=[ 44303], 99.50th=[ 73925], 99.90th=[225444], 99.95th=[358613],
     | 99.99th=[884999]
   bw (  KiB/s): min=   64, max=17984, per=25.86%, avg=7585.26, stdev=3909.12, samples=594
   iops        : min=    2, max=  562, avg=237.02, stdev=122.15, samples=594
  lat (usec)   : 20=0.01%, 100=0.03%, 250=0.12%, 500=3.73%, 750=12.55%
  lat (usec)   : 1000=0.61%
  lat (msec)   : 2=36.20%, 4=21.82%, 10=16.57%, 20=7.09%, 50=0.89%
  lat (msec)   : 100=0.24%, 250=0.11%, 500=0.02%, 750=0.01%, 1000=0.01%
  lat (msec)   : 2000=0.01%
  cpu          : usr=1.49%, sys=16.84%, ctx=101252, majf=0, minf=44
  IO depths    : 1=0.1%, 2=0.1%, 4=100.0%, 8=0.0%, 16=0.0%, 32=0.0%, >=64=0.0%
     submit    : 0=0.0%, 4=100.0%, 8=0.0%, 16=0.0%, 32=0.0%, 64=0.0%, >=64=0.0%
     complete  : 0=0.0%, 4=100.0%, 8=0.0%, 16=0.0%, 32=0.0%, 64=0.0%, >=64=0.0%
     issued rwts: total=112156,112483,0,0 short=0,0,0,0 dropped=0,0,0,0
     latency   : target=0, window=0, percentile=100.00%, depth=4
random-writers: (groupid=0, jobs=1): err= 0: pid=171679: Tue Jul 13 14:30:34 2021
  read: IOPS=415, BW=13.0MiB/s (13.6MB/s)(3892MiB/300001msec)
    slat (usec): min=14, max=431430, avg=2128.74, stdev=6242.64
    clat (usec): min=9, max=987236, avg=3625.38, stdev=11788.63
  write: IOPS=234, BW=7509KiB/s (7690kB/s)(2200MiB/300002msec); 0 zone resets
     lat (usec): min=29, max=988202, avg=5756.23, stdev=14058.67
    clat percentiles (usec):
     |  1.00th=[   281],  5.00th=[   437], 10.00th=[   537], 20.00th=[   701],
     | 30.00th=[  1237], 40.00th=[  1385], 50.00th=[  1614], 60.00th=[  2024],
     | 70.00th=[  2474], 80.00th=[  4817], 90.00th=[  8979], 95.00th=[ 11076],
     | 99.00th=[ 22414], 99.50th=[ 39060], 99.90th=[109577], 99.95th=[158335],
     | 99.99th=[446694]
   bw (  KiB/s): min=  448, max=30592, per=35.18%, avg=13402.29, stdev=6855.98, samples=594
   iops        : min=   14, max=  956, avg=418.82, stdev=214.25, samples=594
  write: IOPS=414, BW=12.9MiB/s (13.6MB/s)(3883MiB/300001msec); 0 zone resets
    slat (usec): min=117, max=161253, avg=198.26, stdev=459.83
    clat (usec): min=81, max=986475, avg=3620.79, stdev=11574.48
     lat (usec): min=208, max=986760, avg=3820.48, stdev=11585.17
    clat percentiles (usec):
     |  1.00th=[   249],  5.00th=[   396], 10.00th=[   490], 20.00th=[   619],
    slat (usec): min=119, max=2534, avg=199.14, stdev=41.08
    clat (usec): min=84, max=972885, avg=6392.69, stdev=17598.55
     lat (usec): min=256, max=973060, avg=6593.10, stdev=17599.85
    clat percentiles (usec):
     |  1.00th=[   392],  5.00th=[   529], 10.00th=[   562], 20.00th=[  1221],
     | 30.00th=[  1418], 40.00th=[  1926], 50.00th=[  2573], 60.00th=[  4883],
     | 70.00th=[  7242], 80.00th=[  9503], 90.00th=[ 12387], 95.00th=[ 16909],
     | 99.00th=[ 46400], 99.50th=[ 84411], 99.90th=[206570], 99.95th=[320865],
     | 99.99th=[700449]
   bw (  KiB/s): min=   64, max=19200, per=25.89%, avg=7592.13, stdev=4045.87, samples=593
   iops        : min=    2, max=  600, avg=237.24, stdev=126.42, samples=593
  lat (usec)   : 50=0.01%, 100=0.01%, 250=0.07%, 500=2.93%, 750=12.21%
  lat (usec)   : 1000=0.45%
  lat (msec)   : 2=25.89%, 4=14.96%, 10=25.70%, 20=14.67%, 50=2.23%
  lat (msec)   : 100=0.51%, 250=0.29%, 500=0.06%, 750=0.01%, 1000=0.01%
  lat (msec)   : 2000=0.01%
     | 30.00th=[  1221], 40.00th=[  1352], 50.00th=[  1549], 60.00th=[  2008],
     | 70.00th=[  2442], 80.00th=[  4752], 90.00th=[  8848], 95.00th=[ 10945],
     | 99.00th=[ 22938], 99.50th=[ 41157], 99.90th=[119014], 99.95th=[183501],
     | 99.99th=[371196]
   bw (  KiB/s): min=  256, max=31168, per=35.11%, avg=13371.58, stdev=6932.62, samples=594
   iops        : min=    8, max=  974, avg=417.87, stdev=216.64, samples=594
  lat (usec)   : 10=0.01%, 50=0.01%, 100=0.17%, 250=0.61%, 500=8.43%
  lat (usec)   : 750=12.42%, 1000=0.99%
  lat (msec)   : 2=36.75%, 4=18.85%, 10=14.43%, 20=6.12%, 50=0.85%
  lat (msec)   : 100=0.24%, 250=0.10%, 500=0.02%, 1000=0.01%
  cpu          : usr=1.49%, sys=17.97%, ctx=100537, majf=0, minf=43
  IO depths    : 1=0.1%, 2=0.1%, 4=100.0%, 8=0.0%, 16=0.0%, 32=0.0%, >=64=0.0%
     submit    : 0=0.0%, 4=100.0%, 8=0.0%, 16=0.0%, 32=0.0%, 64=0.0%, >=64=0.0%
     complete  : 0=0.0%, 4=100.0%, 8=0.0%, 16=0.0%, 32=0.0%, 64=0.0%, >=64=0.0%
  cpu          : usr=0.91%, sys=10.77%, ctx=65362, majf=0, minf=44
  IO depths    : 1=0.1%, 2=0.1%, 4=100.0%, 8=0.0%, 16=0.0%, 32=0.0%, >=64=0.0%
     submit    : 0=0.0%, 4=100.0%, 8=0.0%, 16=0.0%, 32=0.0%, 64=0.0%, >=64=0.0%
     complete  : 0=0.0%, 4=100.0%, 8=0.0%, 16=0.0%, 32=0.0%, 64=0.0%, >=64=0.0%
     issued rwts: total=70459,70401,0,0 short=0,0,0,0 dropped=0,0,0,0
     latency   : target=0, window=0, percentile=100.00%, depth=4

Run status group 0 (all jobs):
   READ: bw=28.6MiB/s (30.0MB/s), 7209KiB/s-7516KiB/s (7382kB/s-7696kB/s), io=8593MiB (9010MB), run=300001-300013msec
  WRITE: bw=28.6MiB/s (30.0MB/s), 7222KiB/s-7509KiB/s (7395kB/s-7690kB/s), io=8591MiB (9008MB), run=300001-300013msec
     issued rwts: total=124534,124271,0,0 short=0,0,0,0 dropped=0,0,0,0
     latency   : target=0, window=0, percentile=100.00%, depth=4
random-writers: (groupid=0, jobs=1): err= 0: pid=171680: Tue Jul 13 14:30:34 2021
  read: IOPS=193, BW=6190KiB/s (6339kB/s)(1814MiB/300001msec)
    slat (usec): min=17, max=1001.1k, avg=4865.72, stdev=11087.83
    clat (usec): min=11, max=1156.3k, avg=7783.26, stdev=18595.53
     lat (usec): min=393, max=1157.4k, avg=12651.81, stdev=23296.14
    clat percentiles (usec):
     |  1.00th=[   578],  5.00th=[   635], 10.00th=[   717], 20.00th=[  1450],
     | 30.00th=[  1860], 40.00th=[  2737], 50.00th=[  4883], 60.00th=[  7111],
     | 70.00th=[  8979], 80.00th=[ 10814], 90.00th=[ 15139], 95.00th=[ 19268],
     | 99.00th=[ 53740], 99.50th=[ 89654], 99.90th=[210764], 99.95th=[283116],
     | 99.99th=[977273]
   bw (  KiB/s): min=   64, max=18112, per=16.36%, avg=6233.82, stdev=2896.20, samples=595
   iops        : min=    2, max=  566, avg=194.81, stdev=90.51, samples=595
  write: IOPS=193, BW=6198KiB/s (6347kB/s)(1816MiB/300001msec); 0 zone resets
    slat (usec): min=123, max=3202, avg=213.56, stdev=48.92
    clat (usec): min=226, max=1001.7k, avg=7728.87, stdev=17023.07
     lat (usec): min=358, max=1002.0k, avg=7943.89, stdev=17023.85
    clat percentiles (usec):
     |  1.00th=[   537],  5.00th=[   570], 10.00th=[   627], 20.00th=[  1418],
     | 30.00th=[  1860], 40.00th=[  2769], 50.00th=[  4948], 60.00th=[  7111],
     | 70.00th=[  8979], 80.00th=[ 10814], 90.00th=[ 15139], 95.00th=[ 19006],
     | 99.00th=[ 53740], 99.50th=[ 90702], 99.90th=[217056], 99.95th=[261096],
     | 99.99th=[767558]
   bw (  KiB/s): min=   64, max=17344, per=16.42%, avg=6252.39, stdev=2989.73, samples=594
   iops        : min=    2, max=  542, avg=195.39, stdev=93.43, samples=594
  lat (usec)   : 20=0.01%, 250=0.01%, 500=0.26%, 750=11.61%, 1000=0.84%
  lat (msec)   : 2=18.81%, 4=14.58%, 10=29.27%, 20=20.32%, 50=3.20%
  lat (msec)   : 100=0.68%, 250=0.37%, 500=0.04%, 750=0.01%, 1000=0.01%
  lat (msec)   : 2000=0.01%
  cpu          : usr=0.85%, sys=9.81%, ctx=57615, majf=0, minf=44
  IO depths    : 1=0.1%, 2=0.1%, 4=100.0%, 8=0.0%, 16=0.0%, 32=0.0%, >=64=0.0%
     submit    : 0=0.0%, 4=100.0%, 8=0.0%, 16=0.0%, 32=0.0%, 64=0.0%, >=64=0.0%
     complete  : 0=0.0%, 4=100.0%, 8=0.0%, 16=0.0%, 32=0.0%, 64=0.0%, >=64=0.0%
     issued rwts: total=58032,58105,0,0 short=0,0,0,0 dropped=0,0,0,0
     latency   : target=0, window=0, percentile=100.00%, depth=4

Run status group 0 (all jobs):
   READ: bw=37.2MiB/s (39.0MB/s), 6190KiB/s-13.0MiB/s (6339kB/s-13.6MB/s), io=10.9GiB (11.7GB), run=300001-300005msec
  WRITE: bw=37.2MiB/s (39.0MB/s), 6198KiB/s-12.9MiB/s (6347kB/s-13.6MB/s), io=10.9GiB (11.7GB), run=300001-300005msec

random-writers: (groupid=0, jobs=1): err= 0: pid=179994: Tue Jul 13 14:30:47 2021
  read: IOPS=206, BW=6598KiB/s (6757kB/s)(1933MiB/300001msec)
    slat (usec): min=16, max=495220, avg=4561.73, stdev=10664.10
    clat (usec): min=12, max=992143, avg=7244.54, stdev=16863.47
     lat (usec): min=173, max=1118.2k, avg=11808.68, stdev=21958.99
    clat percentiles (usec):
     |  1.00th=[   457],  5.00th=[   594], 10.00th=[   660], 20.00th=[  1319],
     | 30.00th=[  1614], 40.00th=[  2343], 50.00th=[  4293], 60.00th=[  6521],
     | 70.00th=[  8586], 80.00th=[ 10421], 90.00th=[ 14484], 95.00th=[ 18482],
     | 99.00th=[ 48497], 99.50th=[ 84411], 99.90th=[200279], 99.95th=[299893],
     | 99.99th=[683672]
   bw (  KiB/s): min=   64, max=24000, per=17.79%, avg=6613.79, stdev=3295.94, samples=596
   iops        : min=    2, max=  750, avg=206.65, stdev=102.98, samples=596
  write: IOPS=205, BW=6573KiB/s (6731kB/s)(1926MiB/300001msec); 0 zone resets
    slat (usec): min=122, max=2454, avg=207.88, stdev=43.31
    clat (usec): min=90, max=1018.3k, avg=7344.35, stdev=17341.52
     lat (usec): min=284, max=1018.5k, avg=7553.64, stdev=17342.40
    clat percentiles (usec):
     |  1.00th=[   412],  5.00th=[   545], 10.00th=[   594], 20.00th=[  1287],
     | 30.00th=[  1549], 40.00th=[  2343], 50.00th=[  4293], 60.00th=[  6587],
     | 70.00th=[  8586], 80.00th=[ 10421], 90.00th=[ 14484], 95.00th=[ 18482],
     | 99.00th=[ 52167], 99.50th=[ 89654], 99.90th=[225444], 99.95th=[320865],
     | 99.99th=[509608]
   bw (  KiB/s): min=  128, max=24256, per=17.76%, avg=6611.70, stdev=3357.58, samples=594
   iops        : min=    4, max=  758, avg=206.58, stdev=104.90, samples=594
  lat (usec)   : 20=0.01%, 100=0.01%, 250=0.03%, 500=2.11%, 750=12.18%
  lat (usec)   : 1000=0.86%
  lat (msec)   : 2=20.27%, 4=13.30%, 10=28.76%, 20=18.62%, 50=2.85%
  lat (msec)   : 100=0.60%, 250=0.34%, 500=0.06%, 750=0.01%, 1000=0.01%
  lat (msec)   : 2000=0.01%
  cpu          : usr=0.79%, sys=9.71%, ctx=57933, majf=0, minf=44
  IO depths    : 1=0.1%, 2=0.1%, 4=100.0%, 8=0.0%, 16=0.0%, 32=0.0%, >=64=0.0%
     submit    : 0=0.0%, 4=100.0%, 8=0.0%, 16=0.0%, 32=0.0%, 64=0.0%, >=64=0.0%
     complete  : 0=0.0%, 4=100.0%, 8=0.0%, 16=0.0%, 32=0.0%, 64=0.0%, >=64=0.0%
     issued rwts: total=61860,61624,0,0 short=0,0,0,0 dropped=0,0,0,0
     latency   : target=0, window=0, percentile=100.00%, depth=4
random-writers: (groupid=0, jobs=1): err= 0: pid=179995: Tue Jul 13 14:30:47 2021
  read: IOPS=208, BW=6680KiB/s (6840kB/s)(1957MiB/300001msec)
    slat (usec): min=16, max=728802, avg=4505.70, stdev=10835.34
    clat (usec): min=90, max=956528, avg=7165.51, stdev=16956.05
     lat (usec): min=146, max=1044.3k, avg=11673.56, stdev=22315.46
    clat percentiles (usec):
     |  1.00th=[   441],  5.00th=[   578], 10.00th=[   644], 20.00th=[  1287],
     | 30.00th=[  1549], 40.00th=[  2212], 50.00th=[  3949], 60.00th=[  6259],
     | 70.00th=[  8455], 80.00th=[ 10290], 90.00th=[ 14353], 95.00th=[ 18482],
     | 99.00th=[ 51119], 99.50th=[ 83362], 99.90th=[208667], 99.95th=[295699],
     | 99.99th=[599786]
   bw (  KiB/s): min=   64, max=24576, per=17.97%, avg=6682.55, stdev=3544.87, samples=597
   iops        : min=    2, max=  768, avg=208.79, stdev=110.76, samples=597
  write: IOPS=209, BW=6709KiB/s (6870kB/s)(1966MiB/300001msec); 0 zone resets
    slat (usec): min=121, max=856, avg=204.23, stdev=39.52
    clat (usec): min=10, max=975731, avg=7186.55, stdev=17369.70
     lat (usec): min=210, max=975906, avg=7392.18, stdev=17371.24
    clat percentiles (usec):
     |  1.00th=[   400],  5.00th=[   537], 10.00th=[   578], 20.00th=[  1270],
     | 30.00th=[  1500], 40.00th=[  2212], 50.00th=[  3982], 60.00th=[  6259],
     | 70.00th=[  8455], 80.00th=[ 10421], 90.00th=[ 14353], 95.00th=[ 18482],
     | 99.00th=[ 52691], 99.50th=[ 84411], 99.90th=[200279], 99.95th=[274727],
     | 99.99th=[650118]
   bw (  KiB/s): min=   64, max=25074, per=18.04%, avg=6713.56, stdev=3589.24, samples=597
   iops        : min=    2, max=  783, avg=209.76, stdev=112.14, samples=597
  lat (usec)   : 20=0.01%, 100=0.01%, 250=0.06%, 500=2.60%, 750=12.50%
  lat (usec)   : 1000=0.68%
  lat (msec)   : 2=20.81%, 4=13.47%, 10=27.97%, 20=18.00%, 50=2.82%
  lat (msec)   : 100=0.68%, 250=0.32%, 500=0.04%, 750=0.01%, 1000=0.01%
  cpu          : usr=0.84%, sys=9.59%, ctx=58097, majf=0, minf=45
  IO depths    : 1=0.1%, 2=0.1%, 4=100.0%, 8=0.0%, 16=0.0%, 32=0.0%, >=64=0.0%
     submit    : 0=0.0%, 4=100.0%, 8=0.0%, 16=0.0%, 32=0.0%, 64=0.0%, >=64=0.0%
     complete  : 0=0.0%, 4=100.0%, 8=0.0%, 16=0.0%, 32=0.0%, 64=0.0%, >=64=0.0%
     issued rwts: total=62624,62899,0,0 short=0,0,0,0 dropped=0,0,0,0
     latency   : target=0, window=0, percentile=100.00%, depth=4
random-writers: (groupid=0, jobs=1): err= 0: pid=179996: Tue Jul 13 14:30:47 2021
  read: IOPS=369, BW=11.6MiB/s (12.1MB/s)(3467MiB/300001msec)
    slat (usec): min=15, max=592126, avg=2428.06, stdev=7263.93
    clat (usec): min=13, max=976249, avg=4090.54, stdev=12758.90
     lat (usec): min=100, max=977203, avg=6520.63, stdev=15640.36
    clat percentiles (usec):
     |  1.00th=[   297],  5.00th=[   457], 10.00th=[   562], 20.00th=[   766],
     | 30.00th=[  1270], 40.00th=[  1418], 50.00th=[  1745], 60.00th=[  2180],
     | 70.00th=[  3032], 80.00th=[  6325], 90.00th=[  9634], 95.00th=[ 11731],
     | 99.00th=[ 25035], 99.50th=[ 45351], 99.90th=[127402], 99.95th=[208667],
     | 99.99th=[591397]
   bw (  KiB/s): min=  128, max=27392, per=31.99%, avg=11893.52, stdev=5655.14, samples=596
   iops        : min=    4, max=  856, avg=371.64, stdev=176.71, samples=596
  write: IOPS=369, BW=11.5MiB/s (12.1MB/s)(3463MiB/300001msec); 0 zone resets
    slat (usec): min=120, max=33199, avg=197.33, stdev=111.87
    clat (usec): min=83, max=976391, avg=4037.67, stdev=12519.72
     lat (usec): min=206, max=976591, avg=4236.35, stdev=12521.98
    clat percentiles (usec):
     |  1.00th=[   265],  5.00th=[   412], 10.00th=[   523], 20.00th=[   676],
     | 30.00th=[  1254], 40.00th=[  1385], 50.00th=[  1696], 60.00th=[  2147],
     | 70.00th=[  2999], 80.00th=[  6325], 90.00th=[  9634], 95.00th=[ 11600],
     | 99.00th=[ 24249], 99.50th=[ 43779], 99.90th=[120062], 99.95th=[196084],
     | 99.99th=[513803]
   bw (  KiB/s): min=   64, max=31360, per=31.87%, avg=11861.14, stdev=5812.80, samples=597
   iops        : min=    2, max=  980, avg=370.62, stdev=181.63, samples=597
  lat (usec)   : 20=0.01%, 100=0.13%, 250=0.41%, 500=7.17%, 750=12.50%
  lat (usec)   : 1000=1.03%
  lat (msec)   : 2=34.79%, 4=17.38%, 10=17.69%, 20=7.52%, 50=0.95%
  lat (msec)   : 100=0.28%, 250=0.10%, 500=0.02%, 750=0.01%, 1000=0.01%
  cpu          : usr=1.33%, sys=15.87%, ctx=92089, majf=0, minf=43
  IO depths    : 1=0.1%, 2=0.1%, 4=100.0%, 8=0.0%, 16=0.0%, 32=0.0%, >=64=0.0%
     submit    : 0=0.0%, 4=100.0%, 8=0.0%, 16=0.0%, 32=0.0%, 64=0.0%, >=64=0.0%
     complete  : 0=0.0%, 4=100.0%, 8=0.0%, 16=0.0%, 32=0.0%, 64=0.0%, >=64=0.0%
     issued rwts: total=110949,110813,0,0 short=0,0,0,0 dropped=0,0,0,0
     latency   : target=0, window=0, percentile=100.00%, depth=4
random-writers: (groupid=0, jobs=1): err= 0: pid=179997: Tue Jul 13 14:30:47 2021
  read: IOPS=377, BW=11.8MiB/s (12.4MB/s)(3535MiB/300001msec)
    slat (usec): min=15, max=650512, avg=2369.31, stdev=7522.05
    clat (usec): min=16, max=1044.6k, avg=3999.90, stdev=14124.07
     lat (usec): min=98, max=1044.6k, avg=6371.27, stdev=16863.64
    clat percentiles (usec):
     |  1.00th=[   343],  5.00th=[   498], 10.00th=[   586], 20.00th=[  1090],
     | 30.00th=[  1303], 40.00th=[  1467], 50.00th=[  1811], 60.00th=[  2180],
     | 70.00th=[  2835], 80.00th=[  5997], 90.00th=[  9503], 95.00th=[ 11338],
     | 99.00th=[ 21890], 99.50th=[ 40109], 99.90th=[114820], 99.95th=[227541],
     | 99.99th=[843056]
   bw (  KiB/s): min=  128, max=26356, per=32.77%, avg=12183.55, stdev=5634.30, samples=593
   iops        : min=    4, max=  823, avg=380.69, stdev=176.06, samples=593
  write: IOPS=378, BW=11.8MiB/s (12.4MB/s)(3548MiB/300001msec); 0 zone resets
    slat (usec): min=108, max=35071, avg=200.66, stdev=121.23
    clat (usec): min=83, max=1044.8k, avg=3952.37, stdev=12030.07
     lat (usec): min=217, max=1045.0k, avg=4154.39, stdev=12033.17
    clat percentiles (usec):
     |  1.00th=[   302],  5.00th=[   453], 10.00th=[   545], 20.00th=[  1090],
     | 30.00th=[  1287], 40.00th=[  1434], 50.00th=[  1811], 60.00th=[  2147],
     | 70.00th=[  2835], 80.00th=[  5932], 90.00th=[  9503], 95.00th=[ 11338],
     | 99.00th=[ 22938], 99.50th=[ 42730], 99.90th=[124257], 99.95th=[196084],
     | 99.99th=[484443]
   bw (  KiB/s): min=   64, max=25280, per=32.92%, avg=12250.81, stdev=5736.72, samples=592
   iops        : min=    2, max=  790, avg=382.80, stdev=179.27, samples=592
  lat (usec)   : 20=0.01%, 100=0.06%, 250=0.28%, 500=5.42%, 750=12.21%
  lat (usec)   : 1000=1.06%
  lat (msec)   : 2=35.92%, 4=19.72%, 10=16.99%, 20=7.12%, 50=0.82%
  lat (msec)   : 100=0.26%, 250=0.09%, 500=0.03%, 750=0.01%, 1000=0.01%
  lat (msec)   : 2000=0.01%
  cpu          : usr=1.40%, sys=16.66%, ctx=98283, majf=0, minf=44
  IO depths    : 1=0.1%, 2=0.1%, 4=100.0%, 8=0.0%, 16=0.0%, 32=0.0%, >=64=0.0%
     submit    : 0=0.0%, 4=100.0%, 8=0.0%, 16=0.0%, 32=0.0%, 64=0.0%, >=64=0.0%
     complete  : 0=0.0%, 4=100.0%, 8=0.0%, 16=0.0%, 32=0.0%, 64=0.0%, >=64=0.0%
     issued rwts: total=113132,113550,0,0 short=0,0,0,0 dropped=0,0,0,0
     latency   : target=0, window=0, percentile=100.00%, depth=4

Run status group 0 (all jobs):
   READ: bw=36.3MiB/s (38.1MB/s), 6598KiB/s-11.8MiB/s (6757kB/s-12.4MB/s), io=10.6GiB (11.4GB), run=300001-300001msec
  WRITE: bw=36.3MiB/s (38.1MB/s), 6573KiB/s-11.8MiB/s (6731kB/s-12.4MB/s), io=10.6GiB (11.4GB), run=300001-300001msec

random-writers: (groupid=0, jobs=1): err= 0: pid=195065: Tue Jul 13 14:30:47 2021
  read: IOPS=195, BW=6266KiB/s (6416kB/s)(1836MiB/300001msec)
    slat (usec): min=16, max=661325, avg=4818.73, stdev=10833.66
    clat (usec): min=14, max=969475, avg=7592.89, stdev=16538.63
     lat (usec): min=110, max=979601, avg=12413.96, stdev=21452.75
    clat percentiles (usec):
     |  1.00th=[   490],  5.00th=[   594], 10.00th=[   676], 20.00th=[  1352],
     | 30.00th=[  1713], 40.00th=[  2573], 50.00th=[  4752], 60.00th=[  6915],
     | 70.00th=[  8979], 80.00th=[ 10814], 90.00th=[ 15008], 95.00th=[ 19006],
     | 99.00th=[ 54264], 99.50th=[ 89654], 99.90th=[217056], 99.95th=[312476],
     | 99.99th=[566232]
   bw (  KiB/s): min=  128, max=23872, per=18.18%, avg=6292.34, stdev=3163.58, samples=595
   iops        : min=    4, max=  746, avg=196.57, stdev=98.83, samples=595
  write: IOPS=195, BW=6243KiB/s (6392kB/s)(1829MiB/300001msec); 0 zone resets
    slat (usec): min=121, max=2174, avg=205.27, stdev=41.58
    clat (usec): min=88, max=978441, avg=7768.26, stdev=17983.38
     lat (usec): min=274, max=978603, avg=7974.86, stdev=17984.77
    clat percentiles (usec):
     |  1.00th=[   429],  5.00th=[   545], 10.00th=[   594], 20.00th=[  1319],
     | 30.00th=[  1663], 40.00th=[  2606], 50.00th=[  4817], 60.00th=[  6980],
     | 70.00th=[  8979], 80.00th=[ 10814], 90.00th=[ 15139], 95.00th=[ 19268],
     | 99.00th=[ 55837], 99.50th=[ 93848], 99.90th=[242222], 99.95th=[320865],
     | 99.99th=[658506]
   bw (  KiB/s): min=   64, max=24384, per=18.09%, avg=6270.29, stdev=3263.08, samples=595
   iops        : min=    2, max=  762, avg=195.88, stdev=101.94, samples=595
  lat (usec)   : 20=0.01%, 100=0.01%, 250=0.02%, 500=1.46%, 750=12.17%
  lat (usec)   : 1000=0.64%
  lat (msec)   : 2=19.12%, 4=13.20%, 10=28.98%, 20=20.02%, 50=3.23%
  lat (msec)   : 100=0.72%, 250=0.35%, 500=0.06%, 750=0.01%, 1000=0.01%
  cpu          : usr=0.75%, sys=9.25%, ctx=56307, majf=0, minf=44
  IO depths    : 1=0.1%, 2=0.1%, 4=100.0%, 8=0.0%, 16=0.0%, 32=0.0%, >=64=0.0%
     submit    : 0=0.0%, 4=100.0%, 8=0.0%, 16=0.0%, 32=0.0%, 64=0.0%, >=64=0.0%
     complete  : 0=0.0%, 4=100.0%, 8=0.0%, 16=0.0%, 32=0.0%, 64=0.0%, >=64=0.0%
     issued rwts: total=58743,58525,0,0 short=0,0,0,0 dropped=0,0,0,0
     latency   : target=0, window=0, percentile=100.00%, depth=4
random-writers: (groupid=0, jobs=1): err= 0: pid=195066: Tue Jul 13 14:30:47 2021
  read: IOPS=192, BW=6146KiB/s (6294kB/s)(1801MiB/300001msec)
    slat (usec): min=15, max=492321, avg=4912.98, stdev=10219.63
    clat (usec): min=22, max=982777, avg=7856.32, stdev=17101.83
     lat (usec): min=145, max=982811, avg=12771.74, stdev=21784.36
    clat percentiles (usec):
     |  1.00th=[   486],  5.00th=[   603], 10.00th=[   668], 20.00th=[  1336],
     | 30.00th=[  1713], 40.00th=[  2704], 50.00th=[  5014], 60.00th=[  7177],
     | 70.00th=[  9110], 80.00th=[ 10945], 90.00th=[ 15401], 95.00th=[ 19268],
     | 99.00th=[ 55837], 99.50th=[ 98042], 99.90th=[235930], 99.95th=[278922],
     | 99.99th=[463471]
   bw (  KiB/s): min=  128, max=23552, per=17.80%, avg=6161.73, stdev=2956.08, samples=595
   iops        : min=    4, max=  736, avg=192.49, stdev=92.36, samples=595
  write: IOPS=193, BW=6182KiB/s (6331kB/s)(1811MiB/300001msec); 0 zone resets
    slat (usec): min=121, max=872, avg=207.11, stdev=40.71
    clat (usec): min=86, max=1143.7k, avg=7729.01, stdev=17084.58
     lat (usec): min=248, max=1143.9k, avg=7937.47, stdev=17085.65
    clat percentiles (usec):
     |  1.00th=[   420],  5.00th=[   545], 10.00th=[   594], 20.00th=[  1303],
     | 30.00th=[  1631], 40.00th=[  2638], 50.00th=[  5014], 60.00th=[  7111],
     | 70.00th=[  8979], 80.00th=[ 10945], 90.00th=[ 15401], 95.00th=[ 19530],
     | 99.00th=[ 55313], 99.50th=[ 83362], 99.90th=[212861], 99.95th=[254804],
     | 99.99th=[742392]
   bw (  KiB/s): min=   64, max=23488, per=17.85%, avg=6186.94, stdev=3067.36, samples=596
   iops        : min=    2, max=  734, avg=193.28, stdev=95.83, samples=596
  lat (usec)   : 50=0.01%, 100=0.01%, 250=0.02%, 500=1.60%, 750=12.48%
  lat (usec)   : 1000=0.65%
  lat (msec)   : 2=18.74%, 4=12.26%, 10=29.54%, 20=20.14%, 50=3.38%
  lat (msec)   : 100=0.75%, 250=0.37%, 500=0.06%, 750=0.01%, 1000=0.01%
  lat (msec)   : 2000=0.01%
  cpu          : usr=0.80%, sys=9.13%, ctx=54890, majf=0, minf=44
  IO depths    : 1=0.1%, 2=0.1%, 4=100.0%, 8=0.0%, 16=0.0%, 32=0.0%, >=64=0.0%
     submit    : 0=0.0%, 4=100.0%, 8=0.0%, 16=0.0%, 32=0.0%, 64=0.0%, >=64=0.0%
     complete  : 0=0.0%, 4=100.0%, 8=0.0%, 16=0.0%, 32=0.0%, 64=0.0%, >=64=0.0%
     issued rwts: total=57621,57961,0,0 short=0,0,0,0 dropped=0,0,0,0
     latency   : target=0, window=0, percentile=100.00%, depth=4
random-writers: (groupid=0, jobs=1): err= 0: pid=195067: Tue Jul 13 14:30:47 2021
  read: IOPS=321, BW=10.0MiB/s (10.5MB/s)(3010MiB/300010msec)
    slat (usec): min=15, max=681978, avg=2832.76, stdev=7488.57
    clat (usec): min=13, max=1098.9k, avg=4678.02, stdev=13139.54
     lat (usec): min=187, max=1100.4k, avg=7512.96, stdev=16213.49
    clat percentiles (usec):
     |  1.00th=[   416],  5.00th=[   562], 10.00th=[   627], 20.00th=[  1205],
     | 30.00th=[  1369], 40.00th=[  1631], 50.00th=[  2040], 60.00th=[  2540],
     | 70.00th=[  4490], 80.00th=[  7635], 90.00th=[ 10421], 95.00th=[ 13435],
     | 99.00th=[ 26608], 99.50th=[ 48497], 99.90th=[139461], 99.95th=[196084],
     | 99.99th=[700449]
   bw (  KiB/s): min=   64, max=24128, per=29.90%, avg=10351.92, stdev=5140.35, samples=594
   iops        : min=    2, max=  754, avg=323.42, stdev=160.62, samples=594
  write: IOPS=320, BW=10.0MiB/s (10.5MB/s)(3005MiB/300010msec); 0 zone resets
    slat (usec): min=120, max=948, avg=200.02, stdev=39.68
    clat (usec): min=86, max=1099.0k, avg=4685.36, stdev=13573.96
     lat (usec): min=233, max=1099.3k, avg=4886.70, stdev=13575.53
    clat percentiles (usec):
     |  1.00th=[   383],  5.00th=[   523], 10.00th=[   562], 20.00th=[  1188],
     | 30.00th=[  1336], 40.00th=[  1549], 50.00th=[  2008], 60.00th=[  2474],
     | 70.00th=[  4359], 80.00th=[  7504], 90.00th=[ 10421], 95.00th=[ 13304],
     | 99.00th=[ 27919], 99.50th=[ 51643], 99.90th=[154141], 99.95th=[235930],
     | 99.99th=[505414]
   bw (  KiB/s): min=  128, max=23488, per=29.82%, avg=10336.72, stdev=5272.72, samples=594
   iops        : min=    4, max=  734, avg=322.95, stdev=164.76, samples=594
  lat (usec)   : 20=0.01%, 100=0.01%, 250=0.10%, 500=3.38%, 750=12.32%
  lat (usec)   : 1000=0.59%
  lat (msec)   : 2=33.04%, 4=19.16%, 10=19.97%, 20=9.76%, 50=1.16%
  lat (msec)   : 100=0.33%, 250=0.14%, 500=0.02%, 750=0.01%, 1000=0.01%
  lat (msec)   : 2000=0.01%
  cpu          : usr=1.18%, sys=14.61%, ctx=88188, majf=0, minf=43
  IO depths    : 1=0.1%, 2=0.1%, 4=100.0%, 8=0.0%, 16=0.0%, 32=0.0%, >=64=0.0%
     submit    : 0=0.0%, 4=100.0%, 8=0.0%, 16=0.0%, 32=0.0%, 64=0.0%, >=64=0.0%
     complete  : 0=0.0%, 4=100.0%, 8=0.0%, 16=0.0%, 32=0.0%, 64=0.0%, >=64=0.0%
     issued rwts: total=96323,96159,0,0 short=0,0,0,0 dropped=0,0,0,0
     latency   : target=0, window=0, percentile=100.00%, depth=4
random-writers: (groupid=0, jobs=1): err= 0: pid=195068: Tue Jul 13 14:30:47 2021
  read: IOPS=372, BW=11.6MiB/s (12.2MB/s)(3495MiB/300001msec)
    slat (usec): min=15, max=611196, avg=2403.69, stdev=7017.08
    clat (usec): min=78, max=962520, avg=4069.40, stdev=13215.12
     lat (usec): min=96, max=963537, avg=6475.33, stdev=16034.81
    clat percentiles (usec):
     |  1.00th=[   289],  5.00th=[   441], 10.00th=[   537], 20.00th=[   693],
     | 30.00th=[  1270], 40.00th=[  1434], 50.00th=[  1713], 60.00th=[  2180],
     | 70.00th=[  2966], 80.00th=[  6194], 90.00th=[  9634], 95.00th=[ 11600],
     | 99.00th=[ 24511], 99.50th=[ 45351], 99.90th=[128451], 99.95th=[198181],
     | 99.99th=[734004]
   bw (  KiB/s): min=   64, max=28152, per=34.72%, avg=12018.64, stdev=5869.58, samples=594
   iops        : min=    2, max=  879, avg=375.50, stdev=183.40, samples=594
  write: IOPS=374, BW=11.7MiB/s (12.3MB/s)(3509MiB/300001msec); 0 zone resets

random-writers: (groupid=0, jobs=1): err= 0: pid=167202: Tue Jul 13 14:30:47 2021
  read: IOPS=204, BW=6536KiB/s (6693kB/s)(1915MiB/300006msec)
    slat (usec): min=15, max=655675, avg=4610.74, stdev=10663.74
    clat (usec): min=14, max=1021.7k, avg=7342.83, stdev=16414.58
     lat (usec): min=106, max=1022.7k, avg=11955.90, stdev=21297.51
    clat percentiles (usec):
     |  1.00th=[   433],  5.00th=[   570], 10.00th=[   644], 20.00th=[  1303],
     | 30.00th=[  1582], 40.00th=[  2311], 50.00th=[  4228], 60.00th=[  6587],
     | 70.00th=[  8586], 80.00th=[ 10552], 90.00th=[ 14615], 95.00th=[ 18744],
     | 99.00th=[ 52691], 99.50th=[ 88605], 99.90th=[214959], 99.95th=[283116],
     | 99.99th=[517997]
   bw (  KiB/s): min=  192, max=19456, per=17.91%, avg=6562.75, stdev=3166.09, samples=595
   iops        : min=    6, max=  608, avg=205.03, stdev=98.92, samples=595
  write: IOPS=203, BW=6514KiB/s (6671kB/s)(1909MiB/300006msec); 0 zone resets
    slat (usec): min=121, max=3732, avg=205.02, stdev=46.49
    slat (usec): min=101, max=104617, avg=199.11, stdev=403.60
    clat (usec): min=13, max=958318, avg=3973.68, stdev=11537.43
     lat (usec): min=207, max=958537, avg=4174.04, stdev=11547.03
    clat percentiles (usec):
     |  1.00th=[   247],  5.00th=[   396], 10.00th=[   490], 20.00th=[   611],
     | 30.00th=[  1237], 40.00th=[  1401], 50.00th=[  1647], 60.00th=[  2147],
     | 70.00th=[  2933], 80.00th=[  6194], 90.00th=[  9634], 95.00th=[ 11600],
     | 99.00th=[ 24249], 99.50th=[ 44827], 99.90th=[120062], 99.95th=[200279],
     | 99.99th=[421528]
   bw (  KiB/s): min=  128, max=29056, per=34.87%, avg=12087.62, stdev=5951.67, samples=593
   iops        : min=    4, max=  908, avg=377.66, stdev=185.97, samples=593
  lat (usec)   : 20=0.01%, 100=0.15%, 250=0.64%, 500=8.32%, 750=12.61%
  lat (usec)   : 1000=0.60%
  lat (msec)   : 2=34.31%, 4=17.31%, 10=17.31%, 20=7.40%, 50=0.93%
  lat (msec)   : 100=0.28%, 250=0.11%, 500=0.02%, 750=0.01%, 1000=0.01%
    clat (usec): min=90, max=1021.5k, avg=7381.42, stdev=17427.85
     lat (usec): min=280, max=1021.7k, avg=7587.81, stdev=17430.88
    clat percentiles (usec):
     |  1.00th=[   396],  5.00th=[   529], 10.00th=[   570], 20.00th=[  1270],
     | 30.00th=[  1516], 40.00th=[  2278], 50.00th=[  4293], 60.00th=[  6587],
     | 70.00th=[  8717], 80.00th=[ 10552], 90.00th=[ 14615], 95.00th=[ 18744],
     | 99.00th=[ 53740], 99.50th=[ 87557], 99.90th=[223347], 99.95th=[304088],
     | 99.99th=[658506]
   bw (  KiB/s): min=  192, max=20096, per=17.85%, avg=6544.23, stdev=3285.98, samples=595
   iops        : min=    6, max=  628, avg=204.45, stdev=102.66, samples=595
  lat (usec)   : 20=0.01%, 100=0.01%, 250=0.06%, 500=2.92%, 750=12.39%
  lat (usec)   : 1000=0.63%
  lat (msec)   : 2=20.12%, 4=12.87%, 10=28.17%, 20=18.77%, 50=2.97%
  lat (msec)   : 100=0.66%, 250=0.37%, 500=0.06%, 750=0.01%, 1000=0.01%
  lat (msec)   : 2000=0.01%
  cpu          : usr=0.80%, sys=9.45%, ctx=56487, majf=0, minf=44
  cpu          : usr=1.41%, sys=16.26%, ctx=90462, majf=0, minf=43
  IO depths    : 1=0.1%, 2=0.1%, 4=100.0%, 8=0.0%, 16=0.0%, 32=0.0%, >=64=0.0%
     submit    : 0=0.0%, 4=100.0%, 8=0.0%, 16=0.0%, 32=0.0%, 64=0.0%, >=64=0.0%
     complete  : 0=0.0%, 4=100.0%, 8=0.0%, 16=0.0%, 32=0.0%, 64=0.0%, >=64=0.0%
     issued rwts: total=111826,112295,0,0 short=0,0,0,0 dropped=0,0,0,0
     latency   : target=0, window=0, percentile=100.00%, depth=4

Run status group 0 (all jobs):
   READ: bw=33.8MiB/s (35.4MB/s), 6146KiB/s-11.6MiB/s (6294kB/s-12.2MB/s), io=9.90GiB (10.6GB), run=300001-300010msec
  WRITE: bw=33.8MiB/s (35.5MB/s), 6182KiB/s-11.7MiB/s (6331kB/s-12.3MB/s), io=9.92GiB (10.6GB), run=300001-300010msec

random-writers: (groupid=0, jobs=1): err= 0: pid=182859: Tue Jul 13 14:30:47 2021
  read: IOPS=194, BW=6217KiB/s (6366kB/s)(1821MiB/300001msec)
    slat (usec): min=15, max=501107, avg=4857.27, stdev=9976.60
    clat (usec): min=83, max=960022, avg=7791.49, stdev=17073.24
     lat (usec): min=105, max=974692, avg=12651.24, stdev=21543.48
    clat percentiles (usec):
     |  1.00th=[   519],  5.00th=[   603], 10.00th=[   685], 20.00th=[  1369],
     | 30.00th=[  1778], 40.00th=[  2704], 50.00th=[  4948], 60.00th=[  7111],
     | 70.00th=[  8979], 80.00th=[ 10945], 90.00th=[ 15270], 95.00th=[ 19530],
     | 99.00th=[ 55313], 99.50th=[ 90702], 99.90th=[210764], 99.95th=[256902],
     | 99.99th=[893387]
   bw (  KiB/s): min=   64, max=18048, per=16.48%, avg=6229.60, stdev=2883.30, samples=596
   iops        : min=    2, max=  564, avg=194.60, stdev=90.07, samples=596
  write: IOPS=193, BW=6195KiB/s (6344kB/s)(1815MiB/300001msec); 0 zone resets
    slat (usec): min=121, max=2334, avg=206.69, stdev=43.54
    clat (usec): min=10, max=959741, avg=7688.61, stdev=16199.99
     lat (usec): min=184, max=959946, avg=7896.65, stdev=16201.33
    clat percentiles (usec):
     |  1.00th=[   449],  5.00th=[   553], 10.00th=[   603], 20.00th=[  1336],
     | 30.00th=[  1696], 40.00th=[  2671], 50.00th=[  4883], 60.00th=[  6980],
     | 70.00th=[  8979], 80.00th=[ 10814], 90.00th=[ 15270], 95.00th=[ 19268],
     | 99.00th=[ 55837], 99.50th=[ 91751], 99.90th=[193987], 99.95th=[252707],
     | 99.99th=[367002]
   bw (  KiB/s): min=  128, max=19200, per=16.43%, avg=6218.26, stdev=3049.15, samples=595
   iops        : min=    4, max=  600, avg=194.24, stdev=95.25, samples=595
  lat (usec)   : 20=0.01%, 100=0.01%, 250=0.01%, 500=1.13%, 750=12.16%
  lat (usec)   : 1000=0.64%
  lat (msec)   : 2=19.13%, 4=12.97%, 10=29.26%, 20=20.13%, 50=3.39%
  lat (msec)   : 100=0.76%, 250=0.37%, 500=0.05%, 750=0.01%, 1000=0.01%
  cpu          : usr=0.80%, sys=9.29%, ctx=56374, majf=0, minf=43
  IO depths    : 1=0.1%, 2=0.1%, 4=100.0%, 8=0.0%, 16=0.0%, 32=0.0%, >=64=0.0%
     submit    : 0=0.0%, 4=100.0%, 8=0.0%, 16=0.0%, 32=0.0%, 64=0.0%, >=64=0.0%
     complete  : 0=0.0%, 4=100.0%, 8=0.0%, 16=0.0%, 32=0.0%, 64=0.0%, >=64=0.0%
     issued rwts: total=61273,61073,0,0 short=0,0,0,0 dropped=0,0,0,0
     latency   : target=0, window=0, percentile=100.00%, depth=4
random-writers: (groupid=0, jobs=1): err= 0: pid=167203: Tue Jul 13 14:30:47 2021
  read: IOPS=215, BW=6883KiB/s (7048kB/s)(2017MiB/300001msec)
    slat (usec): min=16, max=614925, avg=4369.10, stdev=9720.24
    clat (usec): min=11, max=967173, avg=6937.39, stdev=15188.86
     lat (usec): min=166, max=967209, avg=11308.74, stdev=19736.63
    clat percentiles (usec):
     |  1.00th=[   424],  5.00th=[   570], 10.00th=[   635], 20.00th=[  1270],
     | 30.00th=[  1516], 40.00th=[  2147], 50.00th=[  3556], 60.00th=[  5997],
     | 70.00th=[  8225], 80.00th=[ 10290], 90.00th=[ 14222], 95.00th=[ 18482],
  IO depths    : 1=0.1%, 2=0.1%, 4=100.0%, 8=0.0%, 16=0.0%, 32=0.0%, >=64=0.0%
     submit    : 0=0.0%, 4=100.0%, 8=0.0%, 16=0.0%, 32=0.0%, 64=0.0%, >=64=0.0%
     complete  : 0=0.0%, 4=100.0%, 8=0.0%, 16=0.0%, 32=0.0%, 64=0.0%, >=64=0.0%
     issued rwts: total=58282,58083,0,0 short=0,0,0,0 dropped=0,0,0,0
     latency   : target=0, window=0, percentile=100.00%, depth=4
random-writers: (groupid=0, jobs=1): err= 0: pid=182860: Tue Jul 13 14:30:47 2021
  read: IOPS=208, BW=6662KiB/s (6822kB/s)(1952MiB/300001msec)
    slat (usec): min=15, max=746631, avg=4511.35, stdev=10173.72
    clat (usec): min=11, max=961892, avg=7247.54, stdev=16953.19
     lat (usec): min=148, max=1032.3k, avg=11761.39, stdev=21842.99
    clat percentiles (usec):
     |  1.00th=[   433],  5.00th=[   578], 10.00th=[   644], 20.00th=[  1303],
     | 30.00th=[  1582], 40.00th=[  2278], 50.00th=[  4113], 60.00th=[  6390],
     | 70.00th=[  8455], 80.00th=[ 10421], 90.00th=[ 14484], 95.00th=[ 18482],
     | 99.00th=[ 50070], 99.50th=[ 80217], 99.90th=[191890], 99.95th=[256902],
     | 99.99th=[417334]
   bw (  KiB/s): min=   64, max=28024, per=18.79%, avg=6887.64, stdev=3956.34, samples=596
   iops        : min=    2, max=  875, avg=215.18, stdev=123.61, samples=596
  write: IOPS=215, BW=6912KiB/s (7078kB/s)(2025MiB/300001msec); 0 zone resets
    slat (usec): min=120, max=1866, avg=201.67, stdev=39.97
    clat (usec): min=88, max=1006.5k, avg=6990.86, stdev=16363.83
     lat (usec): min=253, max=1006.7k, avg=7193.91, stdev=16365.41
    clat percentiles (usec):
     |  1.00th=[   388],  5.00th=[   529], 10.00th=[   570], 20.00th=[  1237],
     | 30.00th=[  1467], 40.00th=[  2114], 50.00th=[  3523], 60.00th=[  5932],
     | 70.00th=[  8160], 80.00th=[ 10159], 90.00th=[ 14353], 95.00th=[ 18482],
     | 99.00th=[ 51119], 99.50th=[ 84411], 99.90th=[198181], 99.95th=[252707],
     | 99.99th=[616563]
   bw (  KiB/s): min=  128, max=28992, per=18.87%, avg=6919.21, stdev=4032.50, samples=596
     | 99.00th=[ 51643], 99.50th=[ 86508], 99.90th=[214959], 99.95th=[291505],
     | 99.99th=[750781]
   bw (  KiB/s): min=  128, max=23360, per=17.67%, avg=6680.67, stdev=3434.90, samples=595
   iops        : min=    4, max=  730, avg=208.69, stdev=107.30, samples=595
  write: IOPS=209, BW=6693KiB/s (6854kB/s)(1961MiB/300001msec); 0 zone resets
    slat (usec): min=120, max=288844, avg=210.64, stdev=1153.11
    clat (usec): min=85, max=1010.8k, avg=7141.19, stdev=16411.87
     lat (usec): min=245, max=1011.0k, avg=7353.20, stdev=16453.47
    clat percentiles (usec):
     |  1.00th=[   396],  5.00th=[   537], 10.00th=[   578], 20.00th=[  1270],
     | 30.00th=[  1516], 40.00th=[  2245], 50.00th=[  3949], 60.00th=[  6325],
     | 70.00th=[  8455], 80.00th=[ 10421], 90.00th=[ 14353], 95.00th=[ 18482],
     | 99.00th=[ 50594], 99.50th=[ 83362], 99.90th=[204473], 99.95th=[278922],
     | 99.99th=[541066]
   bw (  KiB/s): min=   64, max=24128, per=17.77%, avg=6726.92, stdev=3545.58, samples=594
   iops        : min=    4, max=  906, avg=216.16, stdev=125.99, samples=596
   iops        : min=    2, max=  754, avg=210.14, stdev=110.77, samples=594
  lat (usec)   : 20=0.01%, 100=0.02%, 250=0.08%, 500=3.13%, 750=12.53%
  lat (usec)   : 1000=0.58%
  lat (msec)   : 2=21.81%, 4=13.71%, 10=26.90%, 20=17.34%, 50=2.88%
  lat (msec)   : 100=0.64%, 250=0.32%, 500=0.04%, 750=0.01%, 1000=0.01%
  lat (msec)   : 2000=0.01%
  cpu          : usr=0.84%, sys=9.70%, ctx=59298, majf=0, minf=44
  IO depths    : 1=0.1%, 2=0.1%, 4=100.0%, 8=0.0%, 16=0.0%, 32=0.0%, >=64=0.0%
     submit    : 0=0.0%, 4=100.0%, 8=0.0%, 16=0.0%, 32=0.0%, 64=0.0%, >=64=0.0%
     complete  : 0=0.0%, 4=100.0%, 8=0.0%, 16=0.0%, 32=0.0%, 64=0.0%, >=64=0.0%
     issued rwts: total=64530,64799,0,0 short=0,0,0,0 dropped=0,0,0,0
     latency   : target=0, window=0, percentile=100.00%, depth=4
random-writers: (groupid=0, jobs=1): err= 0: pid=167204: Tue Jul 13 14:30:47 2021
  read: IOPS=359, BW=11.2MiB/s (11.8MB/s)(3369MiB/300001msec)
    slat (usec): min=15, max=716589, avg=2496.19, stdev=6760.37
    clat (usec): min=12, max=1090.3k, avg=4231.48, stdev=12490.64
  lat (usec)   : 20=0.01%, 100=0.01%, 250=0.08%, 500=2.70%, 750=12.48%
  lat (usec)   : 1000=0.65%
  lat (msec)   : 2=20.70%, 4=13.24%, 10=27.89%, 20=18.33%, 50=2.89%
  lat (msec)   : 100=0.65%, 250=0.32%, 500=0.06%, 750=0.01%, 1000=0.01%
  lat (msec)   : 2000=0.01%
  cpu          : usr=0.87%, sys=9.72%, ctx=57795, majf=0, minf=44
  IO depths    : 1=0.1%, 2=0.1%, 4=100.0%, 8=0.0%, 16=0.0%, 32=0.0%, >=64=0.0%
     submit    : 0=0.0%, 4=100.0%, 8=0.0%, 16=0.0%, 32=0.0%, 64=0.0%, >=64=0.0%
     complete  : 0=0.0%, 4=100.0%, 8=0.0%, 16=0.0%, 32=0.0%, 64=0.0%, >=64=0.0%
     issued rwts: total=62456,62747,0,0 short=0,0,0,0 dropped=0,0,0,0
     latency   : target=0, window=0, percentile=100.00%, depth=4
random-writers: (groupid=0, jobs=1): err= 0: pid=182861: Tue Jul 13 14:30:47 2021
  read: IOPS=365, BW=11.4MiB/s (12.0MB/s)(3426MiB/300001msec)
    slat (usec): min=15, max=362331, avg=2457.90, stdev=6002.82
    clat (usec): min=11, max=1008.6k, avg=4139.47, stdev=11961.16
     lat (usec): min=95, max=1091.3k, avg=6730.16, stdev=15064.59
    clat percentiles (usec):
     |  1.00th=[   310],  5.00th=[   474], 10.00th=[   562], 20.00th=[   766],
     | 30.00th=[  1303], 40.00th=[  1500], 50.00th=[  1811], 60.00th=[  2311],
     | 70.00th=[  3261], 80.00th=[  6718], 90.00th=[ 10028], 95.00th=[ 12387],
     | 99.00th=[ 26346], 99.50th=[ 45351], 99.90th=[108528], 99.95th=[179307],
     | 99.99th=[446694]
   bw (  KiB/s): min=   64, max=34752, per=31.56%, avg=11568.06, stdev=6103.48, samples=594
   iops        : min=    2, max= 1086, avg=361.42, stdev=190.72, samples=594
  write: IOPS=358, BW=11.2MiB/s (11.7MB/s)(3358MiB/300001msec); 0 zone resets
    slat (usec): min=119, max=82082, avg=202.96, stdev=262.75
    clat (usec): min=81, max=1089.4k, avg=4141.79, stdev=12321.98
     lat (usec): min=210, max=1089.7k, avg=4346.12, stdev=12327.47
    clat percentiles (usec):
     |  1.00th=[   260],  5.00th=[   408], 10.00th=[   515], 20.00th=[   652],
     lat (usec): min=95, max=1009.4k, avg=6599.39, stdev=14259.29
    clat percentiles (usec):
     |  1.00th=[   281],  5.00th=[   441], 10.00th=[   553], 20.00th=[   742],
     | 30.00th=[  1287], 40.00th=[  1434], 50.00th=[  1795], 60.00th=[  2212],
     | 70.00th=[  3195], 80.00th=[  6587], 90.00th=[  9896], 95.00th=[ 12125],
     | 99.00th=[ 26084], 99.50th=[ 43779], 99.90th=[109577], 99.95th=[160433],
     | 99.99th=[362808]
   bw (  KiB/s): min=  192, max=28160, per=31.22%, avg=11800.90, stdev=5625.58, samples=593
   iops        : min=    6, max=  880, avg=368.68, stdev=175.79, samples=593
  write: IOPS=364, BW=11.4MiB/s (11.9MB/s)(3419MiB/300001msec); 0 zone resets
    slat (usec): min=119, max=216210, avg=199.24, stdev=803.54
    clat (usec): min=81, max=920641, avg=4089.45, stdev=11317.93
     lat (usec): min=210, max=920824, avg=4290.04, stdev=11361.70
    clat percentiles (usec):
     |  1.00th=[   249],  5.00th=[   400], 10.00th=[   510], 20.00th=[   644],
     | 30.00th=[  1270], 40.00th=[  1450], 50.00th=[  1745], 60.00th=[  2278],
     | 70.00th=[  3195], 80.00th=[  6521], 90.00th=[  9896], 95.00th=[ 12125],
     | 99.00th=[ 25822], 99.50th=[ 46400], 99.90th=[110625], 99.95th=[179307],
     | 99.99th=[717226]
   bw (  KiB/s): min=   64, max=34693, per=31.43%, avg=11526.24, stdev=6084.00, samples=594
   iops        : min=    2, max= 1084, avg=360.12, stdev=190.11, samples=594
  lat (usec)   : 20=0.01%, 100=0.11%, 250=0.46%, 500=6.97%, 750=12.71%
  lat (usec)   : 1000=0.99%
  lat (msec)   : 2=33.17%, 4=18.39%, 10=17.40%, 20=8.26%, 50=1.10%
  lat (msec)   : 100=0.31%, 250=0.09%, 500=0.02%, 750=0.01%, 1000=0.01%
  lat (msec)   : 2000=0.01%
  cpu          : usr=1.41%, sys=16.31%, ctx=88928, majf=0, minf=43
  IO depths    : 1=0.1%, 2=0.1%, 4=100.0%, 8=0.0%, 16=0.0%, 32=0.0%, >=64=0.0%
     submit    : 0=0.0%, 4=100.0%, 8=0.0%, 16=0.0%, 32=0.0%, 64=0.0%, >=64=0.0%
     complete  : 0=0.0%, 4=100.0%, 8=0.0%, 16=0.0%, 32=0.0%, 64=0.0%, >=64=0.0%
     | 30.00th=[  1254], 40.00th=[  1401], 50.00th=[  1745], 60.00th=[  2180],
     | 70.00th=[  3097], 80.00th=[  6521], 90.00th=[  9765], 95.00th=[ 12125],
     | 99.00th=[ 26084], 99.50th=[ 44303], 99.90th=[112722], 99.95th=[185598],
     | 99.99th=[362808]
   bw (  KiB/s): min=  128, max=30140, per=31.11%, avg=11775.13, stdev=5783.35, samples=593
   iops        : min=    4, max=  941, avg=367.88, stdev=180.72, samples=593
  lat (usec)   : 20=0.01%, 100=0.17%, 250=0.61%, 500=7.68%, 750=12.18%
  lat (usec)   : 1000=0.82%
  lat (msec)   : 2=33.61%, 4=17.58%, 10=17.84%, 20=8.00%, 50=1.09%
  lat (msec)   : 100=0.30%, 250=0.09%, 500=0.02%, 1000=0.01%, 2000=0.01%
  cpu          : usr=1.34%, sys=15.64%, ctx=91058, majf=0, minf=43
  IO depths    : 1=0.1%, 2=0.1%, 4=100.0%, 8=0.0%, 16=0.0%, 32=0.0%, >=64=0.0%
     submit    : 0=0.0%, 4=100.0%, 8=0.0%, 16=0.0%, 32=0.0%, 64=0.0%, >=64=0.0%
     complete  : 0=0.0%, 4=100.0%, 8=0.0%, 16=0.0%, 32=0.0%, 64=0.0%, >=64=0.0%
     issued rwts: total=107812,107469,0,0 short=0,0,0,0 dropped=0,0,0,0
     latency   : target=0, window=0, percentile=100.00%, depth=4
random-writers: (groupid=0, jobs=1): err= 0: pid=167205: Tue Jul 13 14:30:47 2021
  read: IOPS=366, BW=11.5MiB/s (12.0MB/s)(3437MiB/300001msec)
    slat (usec): min=15, max=436733, avg=2450.47, stdev=6382.32
    clat (usec): min=12, max=956458, avg=4138.14, stdev=12974.28
     lat (usec): min=98, max=957720, avg=6590.58, stdev=15234.52
    clat percentiles (usec):
     |  1.00th=[   338],  5.00th=[   486], 10.00th=[   570], 20.00th=[  1074],
     | 30.00th=[  1319], 40.00th=[  1483], 50.00th=[  1844], 60.00th=[  2212],
     | 70.00th=[  2999], 80.00th=[  6325], 90.00th=[  9765], 95.00th=[ 11863],
     | 99.00th=[ 25560], 99.50th=[ 45351], 99.90th=[113771], 99.95th=[189793],
     | 99.99th=[767558]
   bw (  KiB/s): min=  128, max=29248, per=32.22%, avg=11807.19, stdev=5658.95, samples=594
   iops        : min=    4, max=  914, avg=368.89, stdev=176.82, samples=594
     issued rwts: total=109626,109414,0,0 short=0,0,0,0 dropped=0,0,0,0
     latency   : target=0, window=0, percentile=100.00%, depth=4
random-writers: (groupid=0, jobs=1): err= 0: pid=182862: Tue Jul 13 14:30:47 2021
  read: IOPS=413, BW=12.9MiB/s (13.5MB/s)(3875MiB/300001msec)
    slat (usec): min=15, max=523518, avg=2149.89, stdev=6247.71
    clat (usec): min=13, max=931373, avg=3679.82, stdev=12040.33
     lat (usec): min=93, max=932621, avg=5831.63, stdev=14318.61
    clat percentiles (usec):
     |  1.00th=[   225],  5.00th=[   359], 10.00th=[   437], 20.00th=[   578],
     | 30.00th=[  1074], 40.00th=[  1287], 50.00th=[  1467], 60.00th=[  1926],
     | 70.00th=[  2540], 80.00th=[  5669], 90.00th=[  9241], 95.00th=[ 11076],
     | 99.00th=[ 22152], 99.50th=[ 40633], 99.90th=[108528], 99.95th=[198181],
     | 99.99th=[692061]
   bw (  KiB/s): min=  128, max=32704, per=35.23%, avg=13317.23, stdev=6480.50, samples=594
   iops        : min=    4, max= 1022, avg=416.07, stdev=202.51, samples=594
  write: IOPS=368, BW=11.5MiB/s (12.1MB/s)(3451MiB/300001msec); 0 zone resets
  write: IOPS=415, BW=13.0MiB/s (13.6MB/s)(3893MiB/300001msec); 0 zone resets
    slat (usec): min=99, max=95569, avg=192.50, stdev=455.21
    slat (usec): min=117, max=2652, avg=195.57, stdev=40.55
    clat (usec): min=82, max=959254, avg=4040.29, stdev=10807.94
     lat (usec): min=214, max=959391, avg=4237.18, stdev=10809.77
    clat percentiles (usec):
     |  1.00th=[   293],  5.00th=[   437], 10.00th=[   537], 20.00th=[  1074],
     | 30.00th=[  1303], 40.00th=[  1450], 50.00th=[  1844], 60.00th=[  2212],
     | 70.00th=[  3064], 80.00th=[  6325], 90.00th=[  9765], 95.00th=[ 11863],
     | 99.00th=[ 25035], 99.50th=[ 43779], 99.90th=[108528], 99.95th=[156238],
     | 99.99th=[417334]
   bw (  KiB/s): min=   64, max=29627, per=32.32%, avg=11852.18, stdev=5776.47, samples=594
   iops        : min=    2, max=  925, avg=370.30, stdev=180.49, samples=594
  lat (usec)   : 20=0.01%, 100=0.06%, 250=0.30%, 500=5.83%, 750=12.47%
  lat (usec)   : 1000=0.66%
  lat (msec)   : 2=34.64%, 4=19.57%, 10=17.26%, 20=7.76%, 50=1.01%
  lat (msec)   : 100=0.29%, 250=0.09%, 500=0.02%, 1000=0.01%
  cpu          : usr=1.32%, sys=15.94%, ctx=94526, majf=0, minf=44
    clat (usec): min=81, max=933297, avg=3572.68, stdev=10442.50
     lat (usec): min=207, max=933473, avg=3766.46, stdev=10454.08
    clat percentiles (usec):
     |  1.00th=[   206],  5.00th=[   322], 10.00th=[   396], 20.00th=[   537],
     | 30.00th=[  1074], 40.00th=[  1254], 50.00th=[  1418], 60.00th=[  1909],
     | 70.00th=[  2507], 80.00th=[  5604], 90.00th=[  9110], 95.00th=[ 11076],
     | 99.00th=[ 22414], 99.50th=[ 39060], 99.90th=[101188], 99.95th=[154141],
     | 99.99th=[425722]
   bw (  KiB/s): min=   64, max=32896, per=35.41%, avg=13402.91, stdev=6599.78, samples=593
   iops        : min=    2, max= 1028, avg=418.75, stdev=206.23, samples=593
  lat (usec)   : 20=0.01%, 100=0.48%, 250=1.70%, 500=13.42%, 750=11.74%
  lat (usec)   : 1000=1.15%
  lat (msec)   : 2=33.46%, 4=13.92%, 10=16.54%, 20=6.41%, 50=0.84%
  lat (msec)   : 100=0.24%, 250=0.08%, 500=0.02%, 750=0.01%, 1000=0.01%
  cpu          : usr=1.43%, sys=16.63%, ctx=89889, majf=0, minf=44
  IO depths    : 1=0.1%, 2=0.1%, 4=100.0%, 8=0.0%, 16=0.0%, 32=0.0%, >=64=0.0%
     submit    : 0=0.0%, 4=100.0%, 8=0.0%, 16=0.0%, 32=0.0%, 64=0.0%, >=64=0.0%
     complete  : 0=0.0%, 4=100.0%, 8=0.0%, 16=0.0%, 32=0.0%, 64=0.0%, >=64=0.0%
     issued rwts: total=109969,110425,0,0 short=0,0,0,0 dropped=0,0,0,0
     latency   : target=0, window=0, percentile=100.00%, depth=4

Run status group 0 (all jobs):
   READ: bw=35.8MiB/s (37.5MB/s), 6536KiB/s-11.5MiB/s (6693kB/s-12.0MB/s), io=10.5GiB (11.3GB), run=300001-300006msec
  WRITE: bw=35.8MiB/s (37.5MB/s), 6514KiB/s-11.5MiB/s (6671kB/s-12.1MB/s), io=10.5GiB (11.3GB), run=300001-300006msec
  IO depths    : 1=0.1%, 2=0.1%, 4=100.0%, 8=0.0%, 16=0.0%, 32=0.0%, >=64=0.0%
     submit    : 0=0.0%, 4=100.0%, 8=0.0%, 16=0.0%, 32=0.0%, 64=0.0%, >=64=0.0%
     complete  : 0=0.0%, 4=100.0%, 8=0.0%, 16=0.0%, 32=0.0%, 64=0.0%, >=64=0.0%
     issued rwts: total=124005,124567,0,0 short=0,0,0,0 dropped=0,0,0,0
     latency   : target=0, window=0, percentile=100.00%, depth=4

Run status group 0 (all jobs):
   READ: bw=36.9MiB/s (38.7MB/s), 6217KiB/s-12.9MiB/s (6366kB/s-13.5MB/s), io=10.8GiB (11.6GB), run=300001-300001msec
  WRITE: bw=37.0MiB/s (38.8MB/s), 6195KiB/s-13.0MiB/s (6344kB/s-13.6MB/s), io=10.8GiB (11.6GB), run=300001-300001msec


Batch Job Summary Report (version 21.01.1) for Job "fioRandrw" (1470622) on tave

Job information (1/2)
-----------------------------------------------------------------------------------------------------
             Submit            Eligible               Start                 End    Elapsed Time limit
------------------- ------------------- ------------------- ------------------- ---------- ----------
2021-07-13T14:25:30 2021-07-13T14:25:30 2021-07-13T14:25:30 2021-07-13T14:30:51   00:05:21   00:15:00
-----------------------------------------------------------------------------------------------------

Job information (2/2)
-------------------------------------------------------------
    Username      Account    Partition   NNodes        Energy
------------ ------------ ------------ -------- -------------
    afilipci         g138       normal        8    334.100 kJ

