random-writers: (g=0): rw=randrw, bs=(R) 32.0KiB-32.0KiB, (W) 32.0KiB-32.0KiB, (T) 32.0KiB-32.0KiB, ioengine=libaio, iodepth=4
...
fio-3.27-32-g77c7-dirty
Starting 2 processes
random-writers: (g=0): rw=randrw, bs=(R) 32.0KiB-32.0KiB, (W) 32.0KiB-32.0KiB, (T) 32.0KiB-32.0KiB, ioengine=libaio, iodepth=4
...
fio-3.27-32-g77c7-dirty
Starting 2 processes
random-writers: Laying out IO file (1 file / 1024MiB)
random-writers: (g=0): rw=randrw, bs=(R) 32.0KiB-32.0KiB, (W) 32.0KiB-32.0KiB, (T) 32.0KiB-32.0KiB, ioengine=libaio, iodepth=4
...
fio-3.27-32-g77c7-dirty
Starting 2 processes
random-writers: (g=0): rw=randrw, bs=(R) 32.0KiB-32.0KiB, (W) 32.0KiB-32.0KiB, (T) 32.0KiB-32.0KiB, ioengine=libaio, iodepth=4
...
fio-3.27-32-g77c7-dirty
Starting 2 processes
random-writers: (g=0): rw=randrw, bs=(R) 32.0KiB-32.0KiB, (W) 32.0KiB-32.0KiB, (T) 32.0KiB-32.0KiB, ioengine=libaio, iodepth=4
...
fio-3.27-32-g77c7-dirty
Starting 2 processes
random-writers: Laying out IO file (1 file / 1024MiB)
random-writers: (g=0): rw=randrw, bs=(R) 32.0KiB-32.0KiB, (W) 32.0KiB-32.0KiB, (T) 32.0KiB-32.0KiB, ioengine=libaio, iodepth=4
...
fio-3.27-32-g77c7-dirty
Starting 2 processes
random-writers: Laying out IO file (1 file / 1024MiB)
random-writers: (g=0): rw=randrw, bs=(R) 32.0KiB-32.0KiB, (W) 32.0KiB-32.0KiB, (T) 32.0KiB-32.0KiB, ioengine=libaio, iodepth=4
...
fio-3.27-32-g77c7-dirty
Starting 2 processes
random-writers: (g=0): rw=randrw, bs=(R) 32.0KiB-32.0KiB, (W) 32.0KiB-32.0KiB, (T) 32.0KiB-32.0KiB, ioengine=libaio, iodepth=4
...
fio-3.27-32-g77c7-dirty
Starting 2 processes
random-writers: Laying out IO file (1 file / 1024MiB)

random-writers: (groupid=0, jobs=1): err= 0: pid=171596: Tue Jul 13 14:18:19 2021
  read: IOPS=239, BW=7678KiB/s (7863kB/s)(2250MiB/300044msec)
    slat (usec): min=15, max=522860, avg=3887.48, stdev=10519.66
    clat (usec): min=12, max=932735, avg=6311.58, stdev=16762.38
     lat (usec): min=106, max=933736, avg=10201.33, stdev=21268.17
    clat percentiles (usec):
     |  1.00th=[   461],  5.00th=[   570], 10.00th=[   644], 20.00th=[  1303],
     | 30.00th=[  1565], 40.00th=[  1991], 50.00th=[  2671], 60.00th=[  4686],
     | 70.00th=[  7242], 80.00th=[  9503], 90.00th=[ 12256], 95.00th=[ 16581],
     | 99.00th=[ 43254], 99.50th=[ 76022], 99.90th=[240124], 99.95th=[304088],
     | 99.99th=[557843]
   bw (  KiB/s): min=   64, max=18816, per=50.44%, avg=7727.68, stdev=3790.82, samples=596
   iops        : min=    2, max=  588, avg=241.49, stdev=118.46, samples=596
  write: IOPS=238, BW=7624KiB/s (7807kB/s)(2234MiB/300044msec); 0 zone resets
    slat (usec): min=119, max=3393, avg=197.69, stdev=42.30
    clat (usec): min=84, max=915559, avg=6246.23, stdev=16625.90
     lat (usec): min=263, max=915821, avg=6445.14, stdev=16628.17
    clat percentiles (usec):
     |  1.00th=[   404],  5.00th=[   537], 10.00th=[   562], 20.00th=[  1270],
     | 30.00th=[  1516], 40.00th=[  1975], 50.00th=[  2606], 60.00th=[  4555],
     | 70.00th=[  7111], 80.00th=[  9372], 90.00th=[ 12256], 95.00th=[ 16581],
     | 99.00th=[ 41681], 99.50th=[ 77071], 99.90th=[231736], 99.95th=[346031],
     | 99.99th=[534774]
   bw (  KiB/s): min=   64, max=19840, per=50.08%, avg=7672.70, stdev=3902.76, samples=596
   iops        : min=    2, max=  620, avg=239.77, stdev=121.96, samples=596
  lat (usec)   : 20=0.01%, 100=0.01%, 250=0.02%, 500=1.74%, 750=12.33%
  lat (usec)   : 1000=0.28%
  lat (msec)   : 2=25.86%, 4=17.41%, 10=24.77%, 20=14.76%, 50=2.00%
  lat (msec)   : 100=0.48%, 250=0.27%, 500=0.07%, 750=0.01%, 1000=0.01%
  cpu          : usr=0.98%, sys=10.93%, ctx=68880, majf=0, minf=44
  IO depths    : 1=0.1%, 2=0.1%, 4=100.0%, 8=0.0%, 16=0.0%, 32=0.0%, >=64=0.0%
     submit    : 0=0.0%, 4=100.0%, 8=0.0%, 16=0.0%, 32=0.0%, 64=0.0%, >=64=0.0%
     complete  : 0=0.0%, 4=100.0%, 8=0.0%, 16=0.0%, 32=0.0%, 64=0.0%, >=64=0.0%
     issued rwts: total=71996,71488,0,0 short=0,0,0,0 dropped=0,0,0,0
     latency   : target=0, window=0, percentile=100.00%, depth=4
random-writers: (groupid=0, jobs=1): err= 0: pid=171597: Tue Jul 13 14:18:19 2021
  read: IOPS=238, BW=7640KiB/s (7824kB/s)(2239MiB/300073msec)
    slat (usec): min=15, max=447760, avg=3902.61, stdev=10006.10
    clat (usec): min=23, max=934039, avg=6290.83, stdev=16338.53
     lat (usec): min=157, max=934065, avg=10195.96, stdev=20664.14
    clat percentiles (usec):
     |  1.00th=[   437],  5.00th=[   562], 10.00th=[   644], 20.00th=[  1287],
     | 30.00th=[  1565], 40.00th=[  1991], 50.00th=[  2671], 60.00th=[  4555],
     | 70.00th=[  7242], 80.00th=[  9634], 90.00th=[ 12387], 95.00th=[ 16909],
     | 99.00th=[ 42730], 99.50th=[ 73925], 99.90th=[244319], 99.95th=[329253],
     | 99.99th=[534774]
   bw (  KiB/s): min=  128, max=17792, per=50.27%, avg=7700.54, stdev=3669.71, samples=595
   iops        : min=    4, max=  556, avg=240.64, stdev=114.68, samples=595
  write: IOPS=240, BW=7696KiB/s (7881kB/s)(2255MiB/300073msec); 0 zone resets
    slat (usec): min=120, max=2684, avg=199.06, stdev=44.68
    clat (usec): min=84, max=949939, avg=6239.61, stdev=15970.80
     lat (usec): min=210, max=950107, avg=6439.86, stdev=15972.62
    clat percentiles (usec):
     |  1.00th=[   396],  5.00th=[   529], 10.00th=[   553], 20.00th=[  1287],
     | 30.00th=[  1532], 40.00th=[  1975], 50.00th=[  2638], 60.00th=[  4555],
     | 70.00th=[  7177], 80.00th=[  9503], 90.00th=[ 12387], 95.00th=[ 16909],
     | 99.00th=[ 40633], 99.50th=[ 72877], 99.90th=[225444], 99.95th=[299893],
     | 99.99th=[450888]
   bw (  KiB/s): min=   64, max=18688, per=50.81%, avg=7784.04, stdev=3759.42, samples=593
   iops        : min=    2, max=  584, avg=243.25, stdev=117.48, samples=593
  lat (usec)   : 50=0.01%, 100=0.01%, 250=0.08%, 500=2.32%, 750=12.49%
  lat (usec)   : 1000=0.29%
  lat (msec)   : 2=25.24%, 4=17.47%, 10=24.05%, 20=15.05%, 50=2.22%
  lat (msec)   : 100=0.47%, 250=0.25%, 500=0.08%, 750=0.01%, 1000=0.01%
  cpu          : usr=1.02%, sys=11.15%, ctx=67572, majf=0, minf=44
  IO depths    : 1=0.1%, 2=0.1%, 4=100.0%, 8=0.0%, 16=0.0%, 32=0.0%, >=64=0.0%
     submit    : 0=0.0%, 4=100.0%, 8=0.0%, 16=0.0%, 32=0.0%, 64=0.0%, >=64=0.0%
     complete  : 0=0.0%, 4=100.0%, 8=0.0%, 16=0.0%, 32=0.0%, 64=0.0%, >=64=0.0%
     issued rwts: total=71644,72171,0,0 short=0,0,0,0 dropped=0,0,0,0
     latency   : target=0, window=0, percentile=100.00%, depth=4

Run status group 0 (all jobs):
   READ: bw=15.0MiB/s (15.7MB/s), 7640KiB/s-7678KiB/s (7824kB/s-7863kB/s), io=4489MiB (4707MB), run=300044-300073msec
  WRITE: bw=15.0MiB/s (15.7MB/s), 7624KiB/s-7696KiB/s (7807kB/s-7881kB/s), io=4489MiB (4707MB), run=300044-300073msec

random-writers: (groupid=0, jobs=1): err= 0: pid=184293: Tue Jul 13 14:18:19 2021
  read: IOPS=239, BW=7668KiB/s (7852kB/s)(2247MiB/300030msec)
    slat (usec): min=16, max=855447, avg=3890.34, stdev=11032.29
    clat (usec): min=13, max=1049.8k, avg=6212.29, stdev=16862.12
     lat (usec): min=105, max=1050.8k, avg=10104.84, stdev=21508.16
    clat percentiles (usec):
     |  1.00th=[   461],  5.00th=[   578], 10.00th=[   652], 20.00th=[  1303],
     | 30.00th=[  1582], 40.00th=[  1991], 50.00th=[  2638], 60.00th=[  4555],
     | 70.00th=[  7111], 80.00th=[  9503], 90.00th=[ 12387], 95.00th=[ 16712],
     | 99.00th=[ 39584], 99.50th=[ 68682], 99.90th=[223347], 99.95th=[320865],
     | 99.99th=[876610]
   bw (  KiB/s): min=  128, max=18176, per=49.34%, avg=7730.66, stdev=3943.16, samples=595
   iops        : min=    4, max=  568, avg=241.58, stdev=123.22, samples=595
  write: IOPS=237, BW=7614KiB/s (7797kB/s)(2231MiB/300030msec); 0 zone resets
    slat (usec): min=120, max=2793, avg=199.44, stdev=42.86
    clat (usec): min=88, max=929193, avg=6363.52, stdev=17738.47
     lat (usec): min=260, max=929380, avg=6564.17, stdev=17740.26
    clat percentiles (usec):
     |  1.00th=[   404],  5.00th=[   537], 10.00th=[   570], 20.00th=[  1287],
     | 30.00th=[  1532], 40.00th=[  1991], 50.00th=[  2638], 60.00th=[  4621],
     | 70.00th=[  7177], 80.00th=[  9503], 90.00th=[ 12387], 95.00th=[ 16909],
     | 99.00th=[ 43779], 99.50th=[ 79168], 99.90th=[246416], 99.95th=[375391],
     | 99.99th=[557843]
   bw (  KiB/s): min=  128, max=19840, per=49.06%, avg=7687.76, stdev=4042.03, samples=594
   iops        : min=    4, max=  620, avg=240.24, stdev=126.31, samples=594
  lat (usec)   : 20=0.01%, 100=0.01%, 250=0.03%, 500=1.74%, 750=12.31%
  lat (usec)   : 1000=0.33%
  lat (msec)   : 2=25.79%, 4=17.74%, 10=24.38%, 20=14.78%, 50=2.08%
  lat (msec)   : 100=0.46%, 250=0.25%, 500=0.08%, 750=0.01%, 1000=0.01%
  lat (msec)   : 2000=0.01%
  cpu          : usr=0.90%, sys=11.11%, ctx=68661, majf=0, minf=44
  IO depths    : 1=0.1%, 2=0.1%, 4=100.0%, 8=0.0%, 16=0.0%, 32=0.0%, >=64=0.0%
     submit    : 0=0.0%, 4=100.0%, 8=0.0%, 16=0.0%, 32=0.0%, 64=0.0%, >=64=0.0%
     complete  : 0=0.0%, 4=100.0%, 8=0.0%, 16=0.0%, 32=0.0%, 64=0.0%, >=64=0.0%
     issued rwts: total=71892,71388,0,0 short=0,0,0,0 dropped=0,0,0,0
     latency   : target=0, window=0, percentile=100.00%, depth=4
random-writers: (groupid=0, jobs=1): err= 0: pid=184294: Tue Jul 13 14:18:19 2021
  read: IOPS=249, BW=8000KiB/s (8192kB/s)(2344MiB/300041msec)
    slat (usec): min=15, max=569342, avg=3721.89, stdev=10085.16
    clat (usec): min=23, max=918237, avg=5979.06, stdev=16157.79
     lat (usec): min=205, max=918263, avg=9703.14, stdev=20497.75
    clat percentiles (usec):
     |  1.00th=[   420],  5.00th=[   553], 10.00th=[   611], 20.00th=[  1254],
     | 30.00th=[  1500], 40.00th=[  1893], 50.00th=[  2474], 60.00th=[  3982],
     | 70.00th=[  6718], 80.00th=[  9241], 90.00th=[ 11994], 95.00th=[ 16319],
     | 99.00th=[ 39584], 99.50th=[ 71828], 99.90th=[208667], 99.95th=[287310],
     | 99.99th=[658506]
   bw (  KiB/s): min=   64, max=18176, per=51.31%, avg=8038.49, stdev=3938.32, samples=597
   iops        : min=    2, max=  568, avg=251.20, stdev=123.07, samples=597
  write: IOPS=251, BW=8056KiB/s (8249kB/s)(2360MiB/300041msec); 0 zone resets
    slat (usec): min=118, max=2685, avg=196.60, stdev=42.83
    clat (usec): min=83, max=932879, avg=5990.58, stdev=15789.80
     lat (usec): min=213, max=933044, avg=6188.39, stdev=15791.46
    clat percentiles (usec):
     |  1.00th=[   388],  5.00th=[   523], 10.00th=[   553], 20.00th=[  1237],
     | 30.00th=[  1467], 40.00th=[  1876], 50.00th=[  2442], 60.00th=[  4047],
     | 70.00th=[  6783], 80.00th=[  9241], 90.00th=[ 11994], 95.00th=[ 16319],
     | 99.00th=[ 39584], 99.50th=[ 74974], 99.90th=[221250], 99.95th=[287310],
     | 99.99th=[446694]
   bw (  KiB/s): min=   64, max=20864, per=51.66%, avg=8094.77, stdev=4045.17, samples=597
   iops        : min=    2, max=  652, avg=252.96, stdev=126.41, samples=597
  lat (usec)   : 50=0.01%, 100=0.01%, 250=0.09%, 500=3.06%, 750=12.45%
  lat (usec)   : 1000=0.28%
  lat (msec)   : 2=26.61%, 4=17.43%, 10=23.44%, 20=13.92%, 50=1.93%
  lat (msec)   : 100=0.43%, 250=0.27%, 500=0.06%, 750=0.01%, 1000=0.01%
  cpu          : usr=0.90%, sys=11.36%, ctx=69497, majf=0, minf=44
  IO depths    : 1=0.1%, 2=0.1%, 4=100.0%, 8=0.0%, 16=0.0%, 32=0.0%, >=64=0.0%
     submit    : 0=0.0%, 4=100.0%, 8=0.0%, 16=0.0%, 32=0.0%, 64=0.0%, >=64=0.0%
     complete  : 0=0.0%, 4=100.0%, 8=0.0%, 16=0.0%, 32=0.0%, 64=0.0%, >=64=0.0%
     issued rwts: total=75007,75531,0,0 short=0,0,0,0 dropped=0,0,0,0
     latency   : target=0, window=0, percentile=100.00%, depth=4

Run status group 0 (all jobs):
   READ: bw=15.3MiB/s (16.0MB/s), 7668KiB/s-8000KiB/s (7852kB/s-8192kB/s), io=4591MiB (4814MB), run=300030-300041msec
  WRITE: bw=15.3MiB/s (16.0MB/s), 7614KiB/s-8056KiB/s (7797kB/s-8249kB/s), io=4591MiB (4814MB), run=300030-300041msec

random-writers: (groupid=0, jobs=1): err= 0: pid=191778: Tue Jul 13 14:18:19 2021
  read: IOPS=247, BW=7921KiB/s (8112kB/s)(2321MiB/300016msec)
    slat (usec): min=15, max=927884, avg=3762.59, stdev=10372.64
    clat (usec): min=23, max=1012.0k, avg=6059.77, stdev=16677.34
     lat (usec): min=105, max=1238.0k, avg=9824.35, stdev=21013.56
    clat percentiles (usec):
     |  1.00th=[   445],  5.00th=[   570], 10.00th=[   635], 20.00th=[  1270],
     | 30.00th=[  1483], 40.00th=[  1942], 50.00th=[  2540], 60.00th=[  4555],
     | 70.00th=[  7046], 80.00th=[  9372], 90.00th=[ 11994], 95.00th=[ 16188],
     | 99.00th=[ 40109], 99.50th=[ 66847], 99.90th=[206570], 99.95th=[299893],
     | 99.99th=[926942]
   bw (  KiB/s): min=  128, max=19520, per=33.04%, avg=7987.60, stdev=3692.05, samples=595
   iops        : min=    4, max=  610, avg=249.61, stdev=115.38, samples=595
  write: IOPS=245, BW=7868KiB/s (8057kB/s)(2305MiB/300016msec); 0 zone resets
    slat (usec): min=119, max=3034, avg=196.33, stdev=39.17
    clat (usec): min=90, max=1237.7k, avg=6111.21, stdev=16248.20
     lat (usec): min=263, max=1237.9k, avg=6308.75, stdev=16249.62
    clat percentiles (usec):
     |  1.00th=[   404],  5.00th=[   537], 10.00th=[   570], 20.00th=[  1237],
     | 30.00th=[  1450], 40.00th=[  1926], 50.00th=[  2507], 60.00th=[  4621],
     | 70.00th=[  7046], 80.00th=[  9372], 90.00th=[ 11994], 95.00th=[ 16450],
     | 99.00th=[ 42730], 99.50th=[ 72877], 99.90th=[221250], 99.95th=[308282],
     | 99.99th=[583009]
   bw (  KiB/s): min=   64, max=20672, per=32.82%, avg=7934.36, stdev=3760.68, samples=595
   iops        : min=    2, max=  646, avg=247.95, stdev=117.52, samples=595
  lat (usec)   : 50=0.01%, 100=0.01%, 250=0.03%, 500=1.98%, 750=12.28%
  lat (usec)   : 1000=0.32%
  lat (msec)   : 2=27.06%, 4=16.33%, 10=25.11%, 20=14.23%, 50=1.87%
  lat (msec)   : 100=0.49%, 250=0.22%, 500=0.06%, 750=0.01%, 1000=0.01%
  lat (msec)   : 2000=0.01%
  cpu          : usr=0.91%, sys=11.11%, ctx=70627, majf=0, minf=44
  IO depths    : 1=0.1%, 2=0.1%, 4=100.0%, 8=0.0%, 16=0.0%, 32=0.0%, >=64=0.0%
     submit    : 0=0.0%, 4=100.0%, 8=0.0%, 16=0.0%, 32=0.0%, 64=0.0%, >=64=0.0%
     complete  : 0=0.0%, 4=100.0%, 8=0.0%, 16=0.0%, 32=0.0%, 64=0.0%, >=64=0.0%
     issued rwts: total=74267,73766,0,0 short=0,0,0,0 dropped=0,0,0,0
     latency   : target=0, window=0, percentile=100.00%, depth=4
random-writers: (groupid=0, jobs=1): err= 0: pid=191779: Tue Jul 13 14:18:19 2021
  read: IOPS=507, BW=15.9MiB/s (16.6MB/s)(4764MiB/300100msec)
    slat (usec): min=15, max=345675, avg=1692.77, stdev=5343.50
    clat (usec): min=16, max=953409, avg=2958.44, stdev=11438.28
     lat (usec): min=99, max=953436, avg=4653.05, stdev=13130.03
    clat percentiles (usec):
     |  1.00th=[   388],  5.00th=[   529], 10.00th=[   586], 20.00th=[  1139],
     | 30.00th=[  1270], 40.00th=[  1401], 50.00th=[  1663], 60.00th=[  1926],
     | 70.00th=[  2180], 80.00th=[  2638], 90.00th=[  6325], 95.00th=[  9765],
     | 99.00th=[ 17957], 99.50th=[ 28705], 99.90th=[ 91751], 99.95th=[170918],
     | 99.99th=[362808]
   bw (  KiB/s): min=  192, max=34048, per=68.28%, avg=16506.03, stdev=7846.84, samples=591
   iops        : min=    6, max= 1064, avg=515.82, stdev=245.22, samples=591
  write: IOPS=509, BW=15.9MiB/s (16.7MB/s)(4779MiB/300100msec); 0 zone resets
    slat (usec): min=119, max=2608, avg=191.66, stdev=38.91
    clat (usec): min=79, max=962352, avg=2948.65, stdev=10806.25
     lat (usec): min=213, max=962634, avg=3141.51, stdev=10808.43
    clat percentiles (usec):
     |  1.00th=[   355],  5.00th=[   494], 10.00th=[   545], 20.00th=[  1123],
     | 30.00th=[  1254], 40.00th=[  1385], 50.00th=[  1631], 60.00th=[  1926],
     | 70.00th=[  2180], 80.00th=[  2638], 90.00th=[  6325], 95.00th=[  9765],
     | 99.00th=[ 18220], 99.50th=[ 30278], 99.90th=[ 94897], 99.95th=[158335],
     | 99.99th=[354419]
   bw (  KiB/s): min=  256, max=36032, per=68.50%, avg=16558.55, stdev=7951.78, samples=591

random-writers: (groupid=0, jobs=1): err= 0: pid=168387: Tue Jul 13 14:18:19 2021
  read: IOPS=249, BW=7974KiB/s (8165kB/s)(2336MiB/300037msec)
    slat (usec): min=16, max=778871, avg=3726.32, stdev=9676.00
    clat (usec): min=23, max=976353, avg=6067.27, stdev=15944.71
     lat (usec): min=105, max=986544, avg=9796.03, stdev=20030.89
    clat percentiles (usec):
     |  1.00th=[   416],  5.00th=[   562], 10.00th=[   635], 20.00th=[  1237],
     | 30.00th=[  1467], 40.00th=[  1893], 50.00th=[  2507], 60.00th=[  4490],
     | 70.00th=[  6980], 80.00th=[  9241], 90.00th=[ 11994], 95.00th=[ 16319],
     | 99.00th=[ 42206], 99.50th=[ 71828], 99.90th=[200279], 99.95th=[283116],
     | 99.99th=[792724]
   bw (  KiB/s): min=  192, max=18944, per=31.78%, avg=8054.52, stdev=3682.66, samples=594
   iops        : min=    6, max=  592, avg=251.70, stdev=115.08, samples=594
  write: IOPS=247, BW=7921KiB/s (8111kB/s)(2321MiB/300037msec); 0 zone resets
    slat (usec): min=120, max=1843, avg=204.08, stdev=42.73
   iops        : min=    8, max= 1126, avg=517.45, stdev=248.49, samples=591
    clat (usec): min=87, max=986188, avg=6023.81, stdev=15208.63
     lat (usec): min=255, max=986480, avg=6229.21, stdev=15210.09
    clat percentiles (usec):
     |  1.00th=[   388],  5.00th=[   529], 10.00th=[   570], 20.00th=[  1221],
     | 30.00th=[  1418], 40.00th=[  1860], 50.00th=[  2507], 60.00th=[  4490],
     | 70.00th=[  7046], 80.00th=[  9241], 90.00th=[ 12125], 95.00th=[ 16450],
     | 99.00th=[ 41681], 99.50th=[ 69731], 99.90th=[173016], 99.95th=[254804],
     | 99.99th=[608175]
   bw (  KiB/s): min=  192, max=20160, per=31.50%, avg=7987.52, stdev=3842.26, samples=595
   iops        : min=    6, max=  630, avg=249.61, stdev=120.07, samples=595
  lat (usec)   : 50=0.01%, 100=0.02%, 250=0.07%, 500=3.37%, 750=12.39%
  lat (usec)   : 1000=0.62%
  lat (msec)   : 2=25.78%, 4=15.96%, 10=24.91%, 20=14.07%, 50=2.01%
  lat (msec)   : 100=0.49%, 250=0.26%, 500=0.05%, 750=0.01%, 1000=0.01%
  cpu          : usr=1.05%, sys=11.48%, ctx=68250, majf=0, minf=44
  lat (usec)   : 20=0.01%, 100=0.03%, 250=0.21%, 500=4.37%, 750=12.28%
  lat (usec)   : 1000=0.59%
  lat (msec)   : 2=45.89%, 4=23.31%, 10=8.73%, 20=3.78%, 50=0.55%
  lat (msec)   : 100=0.17%, 250=0.06%, 500=0.02%, 1000=0.01%
  cpu          : usr=1.80%, sys=22.05%, ctx=137412, majf=0, minf=44
  IO depths    : 1=0.1%, 2=0.1%, 4=100.0%, 8=0.0%, 16=0.0%, 32=0.0%, >=64=0.0%
     submit    : 0=0.0%, 4=100.0%, 8=0.0%, 16=0.0%, 32=0.0%, 64=0.0%, >=64=0.0%
     complete  : 0=0.0%, 4=100.0%, 8=0.0%, 16=0.0%, 32=0.0%, 64=0.0%, >=64=0.0%
     issued rwts: total=152434,152921,0,0 short=0,0,0,0 dropped=0,0,0,0
     latency   : target=0, window=0, percentile=100.00%, depth=4

Run status group 0 (all jobs):
   READ: bw=23.6MiB/s (24.8MB/s), 7921KiB/s-15.9MiB/s (8112kB/s-16.6MB/s), io=7084MiB (7429MB), run=300016-300100msec
  WRITE: bw=23.6MiB/s (24.8MB/s), 7868KiB/s-15.9MiB/s (8057kB/s-16.7MB/s), io=7084MiB (7428MB), run=300016-300100msec
  IO depths    : 1=0.1%, 2=0.1%, 4=100.0%, 8=0.0%, 16=0.0%, 32=0.0%, >=64=0.0%
     submit    : 0=0.0%, 4=100.0%, 8=0.0%, 16=0.0%, 32=0.0%, 64=0.0%, >=64=0.0%
     complete  : 0=0.0%, 4=100.0%, 8=0.0%, 16=0.0%, 32=0.0%, 64=0.0%, >=64=0.0%
     issued rwts: total=74764,74266,0,0 short=0,0,0,0 dropped=0,0,0,0
     latency   : target=0, window=0, percentile=100.00%, depth=4
random-writers: (groupid=0, jobs=1): err= 0: pid=168388: Tue Jul 13 14:18:19 2021
  read: IOPS=542, BW=17.0MiB/s (17.8MB/s)(5090MiB/300001msec)
    slat (usec): min=15, max=363550, avg=1563.52, stdev=5082.57
    clat (usec): min=23, max=947570, avg=2782.07, stdev=10778.93
     lat (usec): min=90, max=947894, avg=4347.72, stdev=12380.84
    clat percentiles (usec):
     |  1.00th=[   289],  5.00th=[   453], 10.00th=[   553], 20.00th=[   725],
     | 30.00th=[  1237], 40.00th=[  1385], 50.00th=[  1549], 60.00th=[  1876],
     | 70.00th=[  2147], 80.00th=[  2573], 90.00th=[  5473], 95.00th=[  9372],
     | 99.00th=[ 17171], 99.50th=[ 27132], 99.90th=[ 94897], 99.95th=[160433],
     | 99.99th=[367002]
   bw (  KiB/s): min=  192, max=39552, per=69.25%, avg=17550.35, stdev=8420.68, samples=593
   iops        : min=    6, max= 1236, avg=548.45, stdev=263.15, samples=593
  write: IOPS=544, BW=17.0MiB/s (17.9MB/s)(5107MiB/300001msec); 0 zone resets
    slat (usec): min=119, max=35144, avg=197.13, stdev=97.45
    clat (usec): min=80, max=947658, avg=2745.36, stdev=10021.16
     lat (usec): min=208, max=947889, avg=2943.77, stdev=10024.31
    clat percentiles (usec):
     |  1.00th=[   253],  5.00th=[   404], 10.00th=[   515], 20.00th=[   644],
     | 30.00th=[  1221], 40.00th=[  1352], 50.00th=[  1516], 60.00th=[  1860],
     | 70.00th=[  2147], 80.00th=[  2540], 90.00th=[  5342], 95.00th=[  9241],
     | 99.00th=[ 17695], 99.50th=[ 29492], 99.90th=[ 95945], 99.95th=[152044],
     | 99.99th=[316670]
   bw (  KiB/s): min=  320, max=38592, per=69.47%, avg=17613.81, stdev=8604.54, samples=593
   iops        : min=   10, max= 1206, avg=550.43, stdev=268.89, samples=593
  lat (usec)   : 50=0.01%, 100=0.16%, 250=0.55%, 500=7.27%, 750=12.68%
  lat (usec)   : 1000=0.88%
  lat (msec)   : 2=43.29%, 4=23.39%, 10=7.77%, 20=3.26%, 50=0.51%
  lat (msec)   : 100=0.16%, 250=0.07%, 500=0.01%, 750=0.01%, 1000=0.01%
  cpu          : usr=2.06%, sys=23.49%, ctx=134842, majf=0, minf=44
  IO depths    : 1=0.1%, 2=0.1%, 4=100.0%, 8=0.0%, 16=0.0%, 32=0.0%, >=64=0.0%
     submit    : 0=0.0%, 4=100.0%, 8=0.0%, 16=0.0%, 32=0.0%, 64=0.0%, >=64=0.0%
     complete  : 0=0.0%, 4=100.0%, 8=0.0%, 16=0.0%, 32=0.0%, 64=0.0%, >=64=0.0%
     issued rwts: total=162870,163438,0,0 short=0,0,0,0 dropped=0,0,0,0
     latency   : target=0, window=0, percentile=100.00%, depth=4

Run status group 0 (all jobs):
   READ: bw=24.8MiB/s (26.0MB/s), 7974KiB/s-17.0MiB/s (8165kB/s-17.8MB/s), io=7426MiB (7787MB), run=300001-300037msec
  WRITE: bw=24.8MiB/s (26.0MB/s), 7921KiB/s-17.0MiB/s (8111kB/s-17.9MB/s), io=7428MiB (7789MB), run=300001-300037msec

random-writers: (groupid=0, jobs=1): err= 0: pid=191763: Tue Jul 13 14:18:26 2021
  read: IOPS=524, BW=16.4MiB/s (17.2MB/s)(4914MiB/300003msec)
    slat (usec): min=15, max=365534, avg=1632.73, stdev=4784.63
    clat (usec): min=12, max=1215.7k, avg=2886.59, stdev=10763.96
     lat (usec): min=93, max=1216.9k, avg=4521.39, stdev=12208.61
    clat percentiles (usec):
     |  1.00th=[   237],  5.00th=[   392], 10.00th=[   494], 20.00th=[   644],
     | 30.00th=[  1172], 40.00th=[  1303], 50.00th=[  1483], 60.00th=[  1811],
     | 70.00th=[  2147], 80.00th=[  2704], 90.00th=[  6915], 95.00th=[  9765],
     | 99.00th=[ 17957], 99.50th=[ 29754], 99.90th=[ 87557], 99.95th=[129500],
     | 99.99th=[387974]
   bw (  KiB/s): min=  512, max=44224, per=43.80%, avg=16965.84, stdev=8119.35, samples=592
   iops        : min=   16, max= 1382, avg=530.13, stdev=253.73, samples=592
  write: IOPS=524, BW=16.4MiB/s (17.2MB/s)(4917MiB/300003msec); 0 zone resets
    slat (usec): min=98, max=121156, avg=194.69, stdev=500.73
    clat (usec): min=81, max=1051.5k, avg=2846.26, stdev=9897.08
     lat (usec): min=205, max=1051.6k, avg=3042.19, stdev=9913.30
    clat percentiles (usec):
     |  1.00th=[   212],  5.00th=[   363], 10.00th=[   429], 20.00th=[   570],
     | 30.00th=[  1156], 40.00th=[  1287], 50.00th=[  1434], 60.00th=[  1795],
     | 70.00th=[  2114], 80.00th=[  2704], 90.00th=[  6980], 95.00th=[  9896],
     | 99.00th=[ 18220], 99.50th=[ 31065], 99.90th=[ 82314], 99.95th=[114820],
     | 99.99th=[341836]
   bw (  KiB/s): min=  128, max=45632, per=43.64%, avg=16947.48, stdev=8269.51, samples=593
   iops        : min=    4, max= 1426, avg=529.56, stdev=258.42, samples=593
  lat (usec)   : 20=0.01%, 100=0.34%, 250=1.24%, 500=10.18%, 750=11.87%
  lat (usec)   : 1000=1.28%
  lat (msec)   : 2=41.54%, 4=18.72%, 10=10.18%, 20=3.83%, 50=0.58%
  lat (msec)   : 100=0.16%, 250=0.06%, 500=0.01%, 750=0.01%, 1000=0.01%
  lat (msec)   : 2000=0.01%
  cpu          : usr=1.94%, sys=22.10%, ctx=123527, majf=0, minf=45
  IO depths    : 1=0.1%, 2=0.1%, 4=100.0%, 8=0.0%, 16=0.0%, 32=0.0%, >=64=0.0%
     submit    : 0=0.0%, 4=100.0%, 8=0.0%, 16=0.0%, 32=0.0%, 64=0.0%, >=64=0.0%
     complete  : 0=0.0%, 4=100.0%, 8=0.0%, 16=0.0%, 32=0.0%, 64=0.0%, >=64=0.0%
     issued rwts: total=157246,157352,0,0 short=0,0,0,0 dropped=0,0,0,0
     latency   : target=0, window=0, percentile=100.00%, depth=4
random-writers: (groupid=0, jobs=1): err= 0: pid=191764: Tue Jul 13 14:18:26 2021
  read: IOPS=686, BW=21.4MiB/s (22.5MB/s)(6434MiB/300001msec)
    slat (usec): min=15, max=309117, avg=1178.97, stdev=3937.13
    clat (usec): min=76, max=1007.6k, avg=2195.72, stdev=10228.00
     lat (usec): min=94, max=1007.9k, avg=3376.53, stdev=11240.26
    clat percentiles (usec):
     |  1.00th=[   273],  5.00th=[   437], 10.00th=[   553], 20.00th=[   725],
     | 30.00th=[  1221], 40.00th=[  1319], 50.00th=[  1450], 60.00th=[  1778],
     | 70.00th=[  1991], 80.00th=[  2278], 90.00th=[  2835], 95.00th=[  5866],
     | 99.00th=[ 11469], 99.50th=[ 16188], 99.90th=[ 63177], 99.95th=[113771],
     | 99.99th=[304088]
   bw (  KiB/s): min=   64, max=47232, per=57.47%, avg=22261.95, stdev=8598.32, samples=591
   iops        : min=    2, max= 1476, avg=695.64, stdev=268.69, samples=591
  write: IOPS=689, BW=21.5MiB/s (22.6MB/s)(6461MiB/300001msec); 0 zone resets
    slat (usec): min=103, max=118773, avg=194.32, stdev=347.41
    clat (usec): min=10, max=1007.7k, avg=2177.17, stdev=9501.64
     lat (usec): min=198, max=1007.9k, avg=2372.82, stdev=9516.57
    clat percentiles (usec):
     |  1.00th=[   247],  5.00th=[   404], 10.00th=[   515], 20.00th=[   652],
     | 30.00th=[  1205], 40.00th=[  1303], 50.00th=[  1434], 60.00th=[  1762],
     | 70.00th=[  1991], 80.00th=[  2278], 90.00th=[  2868], 95.00th=[  5800],
     | 99.00th=[ 11469], 99.50th=[ 16319], 99.90th=[ 70779], 99.95th=[121111],
     | 99.99th=[283116]
   bw (  KiB/s): min=  192, max=49472, per=57.56%, avg=22355.49, stdev=8688.27, samples=591
   iops        : min=    6, max= 1546, avg=698.56, stdev=271.50, samples=591
  lat (usec)   : 20=0.01%, 100=0.20%, 250=0.68%, 500=7.49%, 750=12.22%
  lat (usec)   : 1000=0.97%
  lat (msec)   : 2=48.62%, 4=23.33%, 10=4.62%, 20=1.54%, 50=0.21%
  lat (msec)   : 100=0.07%, 250=0.04%, 500=0.01%, 750=0.01%, 1000=0.01%
  lat (msec)   : 2000=0.01%
  cpu          : usr=2.40%, sys=29.18%, ctx=172031, majf=0, minf=45
  IO depths    : 1=0.1%, 2=0.1%, 4=100.0%, 8=0.0%, 16=0.0%, 32=0.0%, >=64=0.0%
     submit    : 0=0.0%, 4=100.0%, 8=0.0%, 16=0.0%, 32=0.0%, 64=0.0%, >=64=0.0%
     complete  : 0=0.0%, 4=100.0%, 8=0.0%, 16=0.0%, 32=0.0%, 64=0.0%, >=64=0.0%
     issued rwts: total=205891,206755,0,0 short=0,0,0,0 dropped=0,0,0,0
     latency   : target=0, window=0, percentile=100.00%, depth=4

Run status group 0 (all jobs):
   READ: bw=37.8MiB/s (39.7MB/s), 16.4MiB/s-21.4MiB/s (17.2MB/s-22.5MB/s), io=11.1GiB (11.9GB), run=300001-300003msec
  WRITE: bw=37.9MiB/s (39.8MB/s), 16.4MiB/s-21.5MiB/s (17.2MB/s-22.6MB/s), io=11.1GiB (11.9GB), run=300001-300003msec

random-writers: (groupid=0, jobs=1): err= 0: pid=163905: Tue Jul 13 14:18:26 2021
  read: IOPS=216, BW=6943KiB/s (7110kB/s)(2034MiB/300001msec)
    slat (usec): min=16, max=451593, avg=4326.30, stdev=9420.15
    clat (usec): min=12, max=959276, avg=6950.26, stdev=15291.65
     lat (usec): min=263, max=959313, avg=11279.05, stdev=19433.60
    clat percentiles (usec):
     |  1.00th=[   545],  5.00th=[   603], 10.00th=[   685], 20.00th=[  1352],
     | 30.00th=[  1663], 40.00th=[  2278], 50.00th=[  3589], 60.00th=[  5997],
     | 70.00th=[  8225], 80.00th=[ 10159], 90.00th=[ 13829], 95.00th=[ 18220],
     | 99.00th=[ 49021], 99.50th=[ 79168], 99.90th=[191890], 99.95th=[299893],
     | 99.99th=[404751]
   bw (  KiB/s): min=  320, max=15262, per=25.24%, avg=6968.67, stdev=3091.84, samples=596
   iops        : min=   10, max=  476, avg=217.73, stdev=96.59, samples=596
  write: IOPS=215, BW=6908KiB/s (7073kB/s)(2024MiB/300001msec); 0 zone resets
    slat (usec): min=122, max=2290, avg=204.50, stdev=43.13
    clat (usec): min=235, max=958991, avg=6922.94, stdev=15488.37
     lat (usec): min=404, max=959211, avg=7128.72, stdev=15490.25
    clat percentiles (usec):
     |  1.00th=[   510],  5.00th=[   545], 10.00th=[   594], 20.00th=[  1319],
     | 30.00th=[  1598], 40.00th=[  2245], 50.00th=[  3556], 60.00th=[  5997],
     | 70.00th=[  8225], 80.00th=[ 10290], 90.00th=[ 13960], 95.00th=[ 17957],
     | 99.00th=[ 50070], 99.50th=[ 80217], 99.90th=[189793], 99.95th=[244319],
     | 99.99th=[455082]
   bw (  KiB/s): min=  192, max=16160, per=25.07%, avg=6934.14, stdev=3144.99, samples=596
   iops        : min=    6, max=  505, avg=216.65, stdev=98.25, samples=596
  lat (usec)   : 20=0.01%, 250=0.01%, 500=0.69%, 750=12.16%, 1000=0.49%
  lat (msec)   : 2=22.51%, 4=15.82%, 10=27.16%, 20=17.52%, 50=2.67%
  lat (msec)   : 100=0.63%, 250=0.30%, 500=0.05%, 1000=0.01%
  cpu          : usr=0.83%, sys=10.27%, ctx=63844, majf=0, minf=43
  IO depths    : 1=0.1%, 2=0.1%, 4=100.0%, 8=0.0%, 16=0.0%, 32=0.0%, >=64=0.0%
     submit    : 0=0.0%, 4=100.0%, 8=0.0%, 16=0.0%, 32=0.0%, 64=0.0%, >=64=0.0%
     complete  : 0=0.0%, 4=100.0%, 8=0.0%, 16=0.0%, 32=0.0%, 64=0.0%, >=64=0.0%
     issued rwts: total=65094,64759,0,0 short=0,0,0,0 dropped=0,0,0,0
     latency   : target=0, window=0, percentile=100.00%, depth=4
random-writers: (groupid=0, jobs=1): err= 0: pid=163906: Tue Jul 13 14:18:26 2021
  read: IOPS=645, BW=20.2MiB/s (21.2MB/s)(6055MiB/300001msec)
    slat (usec): min=14, max=334544, avg=1267.55, stdev=4394.63
    clat (usec): min=74, max=974777, avg=2352.69, stdev=10100.85
     lat (usec): min=91, max=974796, avg=3622.62, stdev=11364.88
    clat percentiles (usec):
     |  1.00th=[   302],  5.00th=[   469], 10.00th=[   562], 20.00th=[  1004],
     | 30.00th=[  1270], 40.00th=[  1418], 50.00th=[  1582], 60.00th=[  1860],
     | 70.00th=[  2147], 80.00th=[  2474], 90.00th=[  3130], 95.00th=[  6325],
     | 99.00th=[ 11863], 99.50th=[ 16319], 99.90th=[ 76022], 99.95th=[141558],
     | 99.99th=[337642]
   bw (  KiB/s): min=   64, max=44160, per=75.88%, avg=20952.24, stdev=7984.06, samples=591
   iops        : min=    2, max= 1380, avg=654.72, stdev=249.49, samples=591
  write: IOPS=648, BW=20.3MiB/s (21.2MB/s)(6079MiB/300001msec); 0 zone resets
    slat (usec): min=101, max=135207, avg=196.89, stdev=370.22
    clat (usec): min=10, max=973044, avg=2294.69, stdev=9908.11
     lat (usec): min=174, max=973227, avg=2492.77, stdev=9919.09
    clat percentiles (usec):
     |  1.00th=[   251],  5.00th=[   404], 10.00th=[   523], 20.00th=[   979],
     | 30.00th=[  1237], 40.00th=[  1369], 50.00th=[  1532], 60.00th=[  1844],
     | 70.00th=[  2114], 80.00th=[  2442], 90.00th=[  3097], 95.00th=[  6194],
     | 99.00th=[ 11731], 99.50th=[ 15926], 99.90th=[ 72877], 99.95th=[141558],
     | 99.99th=[295699]
   bw (  KiB/s): min=  192, max=42816, per=76.06%, avg=21037.02, stdev=8150.97, samples=591
   iops        : min=    6, max= 1338, avg=657.37, stdev=254.71, samples=591
  lat (usec)   : 20=0.01%, 100=0.14%, 250=0.59%, 500=6.45%, 750=12.19%
  lat (usec)   : 1000=0.69%
  lat (msec)   : 2=45.17%, 4=27.95%, 10=4.74%, 20=1.74%, 50=0.18%
  lat (msec)   : 100=0.08%, 250=0.05%, 500=0.02%, 750=0.01%, 1000=0.01%
  cpu          : usr=2.46%, sys=29.03%, ctx=166136, majf=0, minf=46
  IO depths    : 1=0.1%, 2=0.1%, 4=100.0%, 8=0.0%, 16=0.0%, 32=0.0%, >=64=0.0%
     submit    : 0=0.0%, 4=100.0%, 8=0.0%, 16=0.0%, 32=0.0%, 64=0.0%, >=64=0.0%
     complete  : 0=0.0%, 4=100.0%, 8=0.0%, 16=0.0%, 32=0.0%, 64=0.0%, >=64=0.0%
     issued rwts: total=193758,194543,0,0 short=0,0,0,0 dropped=0,0,0,0
     latency   : target=0, window=0, percentile=100.00%, depth=4

Run status group 0 (all jobs):
   READ: bw=27.0MiB/s (28.3MB/s), 6943KiB/s-20.2MiB/s (7110kB/s-21.2MB/s), io=8089MiB (8482MB), run=300001-300001msec
  WRITE: bw=27.0MiB/s (28.3MB/s), 6908KiB/s-20.3MiB/s (7073kB/s-21.2MB/s), io=8103MiB (8497MB), run=300001-300001msec

random-writers: (groupid=0, jobs=1): err= 0: pid=176697: Tue Jul 13 14:18:26 2021
  read: IOPS=237, BW=7609KiB/s (7791kB/s)(2229MiB/300001msec)
    slat (usec): min=15, max=658347, avg=3920.28, stdev=9631.55
    clat (usec): min=13, max=996431, avg=6397.13, stdev=16585.17
     lat (usec): min=103, max=997263, avg=10319.69, stdev=20637.22
    clat percentiles (usec):
     |  1.00th=[   424],  5.00th=[   570], 10.00th=[   644], 20.00th=[  1270],
     | 30.00th=[  1500], 40.00th=[  1991], 50.00th=[  2704], 60.00th=[  5014],
     | 70.00th=[  7373], 80.00th=[  9634], 90.00th=[ 12649], 95.00th=[ 17171],
     | 99.00th=[ 45876], 99.50th=[ 77071], 99.90th=[191890], 99.95th=[295699],
     | 99.99th=[534774]
   bw (  KiB/s): min=  256, max=19136, per=26.54%, avg=7643.60, stdev=3767.40, samples=596
   iops        : min=    8, max=  598, avg=238.86, stdev=117.73, samples=596
  write: IOPS=236, BW=7558KiB/s (7739kB/s)(2214MiB/300001msec); 0 zone resets
    slat (usec): min=120, max=2479, avg=200.38, stdev=43.02
    clat (usec): min=85, max=957516, avg=6272.63, stdev=15510.22
     lat (usec): min=214, max=957699, avg=6474.27, stdev=15512.15
    clat percentiles (usec):
     |  1.00th=[   392],  5.00th=[   537], 10.00th=[   570], 20.00th=[  1237],
     | 30.00th=[  1434], 40.00th=[  1958], 50.00th=[  2638], 60.00th=[  4883],
     | 70.00th=[  7373], 80.00th=[  9634], 90.00th=[ 12649], 95.00th=[ 17171],
     | 99.00th=[ 44303], 99.50th=[ 73925], 99.90th=[185598], 99.95th=[258999],
     | 99.99th=[658506]
   bw (  KiB/s): min=  256, max=20864, per=26.34%, avg=7591.73, stdev=3900.13, samples=596
   iops        : min=    8, max=  652, avg=237.24, stdev=121.88, samples=596
  lat (usec)   : 20=0.01%, 100=0.01%, 250=0.08%, 500=2.41%, 750=12.16%
  lat (usec)   : 1000=0.50%
  lat (msec)   : 2=25.47%, 4=15.80%, 10=25.47%, 20=14.98%, 50=2.21%
  lat (msec)   : 100=0.55%, 250=0.28%, 500=0.05%, 750=0.01%, 1000=0.01%
  cpu          : usr=0.91%, sys=11.05%, ctx=67206, majf=0, minf=44
  IO depths    : 1=0.1%, 2=0.1%, 4=100.0%, 8=0.0%, 16=0.0%, 32=0.0%, >=64=0.0%
     submit    : 0=0.0%, 4=100.0%, 8=0.0%, 16=0.0%, 32=0.0%, 64=0.0%, >=64=0.0%
     complete  : 0=0.0%, 4=100.0%, 8=0.0%, 16=0.0%, 32=0.0%, 64=0.0%, >=64=0.0%
     issued rwts: total=71332,70857,0,0 short=0,0,0,0 dropped=0,0,0,0
     latency   : target=0, window=0, percentile=100.00%, depth=4
random-writers: (groupid=0, jobs=1): err= 0: pid=176698: Tue Jul 13 14:18:26 2021
  read: IOPS=662, BW=20.7MiB/s (21.7MB/s)(6207MiB/300001msec)
    slat (usec): min=15, max=357713, avg=1233.00, stdev=4555.80
    clat (usec): min=23, max=960801, avg=2285.06, stdev=10558.49
     lat (usec): min=94, max=961074, avg=3519.96, stdev=11879.47
    clat percentiles (usec):
     |  1.00th=[   293],  5.00th=[   465], 10.00th=[   562], 20.00th=[  1029],
     | 30.00th=[  1237], 40.00th=[  1336], 50.00th=[  1516], 60.00th=[  1811],
     | 70.00th=[  2024], 80.00th=[  2343], 90.00th=[  2933], 95.00th=[  6128],
     | 99.00th=[ 11469], 99.50th=[ 15270], 99.90th=[ 80217], 99.95th=[183501],
     | 99.99th=[383779]
   bw (  KiB/s): min=  128, max=43648, per=74.60%, avg=21482.77, stdev=8266.81, samples=591
   iops        : min=    4, max= 1364, avg=671.34, stdev=258.34, samples=591
  write: IOPS=664, BW=20.8MiB/s (21.8MB/s)(6230MiB/300001msec); 0 zone resets
    slat (usec): min=99, max=161748, avg=192.90, stdev=467.16
    clat (usec): min=81, max=967872, avg=2248.75, stdev=10245.45
     lat (usec): min=208, max=968035, avg=2442.87, stdev=10258.27
    clat percentiles (usec):
     |  1.00th=[   260],  5.00th=[   416], 10.00th=[   529], 20.00th=[  1012],
     | 30.00th=[  1221], 40.00th=[  1319], 50.00th=[  1467], 60.00th=[  1811],
     | 70.00th=[  2024], 80.00th=[  2311], 90.00th=[  2933], 95.00th=[  6128],
     | 99.00th=[ 11469], 99.50th=[ 14877], 99.90th=[ 81265], 99.95th=[170918],
     | 99.99th=[299893]
   bw (  KiB/s): min=  128, max=44032, per=74.81%, avg=21561.61, stdev=8414.74, samples=591
   iops        : min=    4, max= 1376, avg=673.80, stdev=262.96, samples=591
  lat (usec)   : 50=0.01%, 100=0.14%, 250=0.53%, 500=6.15%, 750=12.17%
  lat (usec)   : 1000=0.75%
  lat (msec)   : 2=49.02%, 4=24.60%, 10=4.70%, 20=1.64%, 50=0.15%
  lat (msec)   : 100=0.06%, 250=0.06%, 500=0.02%, 750=0.01%, 1000=0.01%
  cpu          : usr=2.33%, sys=28.47%, ctx=171776, majf=0, minf=44
  IO depths    : 1=0.1%, 2=0.1%, 4=100.0%, 8=0.0%, 16=0.0%, 32=0.0%, >=64=0.0%
     submit    : 0=0.0%, 4=100.0%, 8=0.0%, 16=0.0%, 32=0.0%, 64=0.0%, >=64=0.0%
     complete  : 0=0.0%, 4=100.0%, 8=0.0%, 16=0.0%, 32=0.0%, 64=0.0%, >=64=0.0%
     issued rwts: total=198618,199349,0,0 short=0,0,0,0 dropped=0,0,0,0
     latency   : target=0, window=0, percentile=100.00%, depth=4

Run status group 0 (all jobs):
   READ: bw=28.1MiB/s (29.5MB/s), 7609KiB/s-20.7MiB/s (7791kB/s-21.7MB/s), io=8436MiB (8846MB), run=300001-300001msec
  WRITE: bw=28.1MiB/s (29.5MB/s), 7558KiB/s-20.8MiB/s (7739kB/s-21.8MB/s), io=8444MiB (8854MB), run=300001-300001msec

random-writers: (groupid=0, jobs=1): err= 0: pid=179566: Tue Jul 13 14:18:26 2021
  read: IOPS=504, BW=15.8MiB/s (16.5MB/s)(4732MiB/300004msec)
    slat (usec): min=15, max=370061, avg=1697.23, stdev=4745.16
    clat (usec): min=12, max=981070, avg=3007.63, stdev=11080.03
     lat (usec): min=92, max=983932, avg=4707.03, stdev=12564.32
    clat percentiles (usec):
     |  1.00th=[   269],  5.00th=[   437], 10.00th=[   545], 20.00th=[   709],
     | 30.00th=[  1254], 40.00th=[  1385], 50.00th=[  1582], 60.00th=[  1926],
     | 70.00th=[  2278], 80.00th=[  2802], 90.00th=[  6980], 95.00th=[  9896],
     | 99.00th=[ 18744], 99.50th=[ 31589], 99.90th=[ 88605], 99.95th=[126354],
     | 99.99th=[429917]
   bw (  KiB/s): min=  192, max=37312, per=39.32%, avg=16311.83, stdev=7976.03, samples=593
   iops        : min=    6, max= 1166, avg=509.63, stdev=249.25, samples=593
  write: IOPS=505, BW=15.8MiB/s (16.6MB/s)(4736MiB/300004msec); 0 zone resets
    slat (usec): min=99, max=121263, avg=198.52, stdev=313.98
    clat (usec): min=82, max=980452, avg=2944.42, stdev=10095.26
     lat (usec): min=209, max=980619, avg=3144.22, stdev=10102.52
    clat percentiles (usec):
     |  1.00th=[   241],  5.00th=[   400], 10.00th=[   506], 20.00th=[   627],
     | 30.00th=[  1237], 40.00th=[  1369], 50.00th=[  1532], 60.00th=[  1926],
     | 70.00th=[  2245], 80.00th=[  2802], 90.00th=[  6915], 95.00th=[  9896],
     | 99.00th=[ 18744], 99.50th=[ 31589], 99.90th=[ 82314], 99.95th=[119014],
     | 99.99th=[337642]
   bw (  KiB/s): min=  192, max=38784, per=39.26%, avg=16329.97, stdev=7992.42, samples=593
   iops        : min=    6, max= 1212, avg=510.20, stdev=249.76, samples=593
  lat (usec)   : 20=0.01%, 100=0.23%, 250=0.72%, 500=7.77%, 750=12.45%
  lat (usec)   : 1000=0.77%
  lat (msec)   : 2=40.66%, 4=22.72%, 10=9.84%, 20=3.95%, 50=0.62%
  lat (msec)   : 100=0.19%, 250=0.05%, 500=0.01%, 750=0.01%, 1000=0.01%
  cpu          : usr=1.84%, sys=22.40%, ctx=124997, majf=0, minf=44
  IO depths    : 1=0.1%, 2=0.1%, 4=100.0%, 8=0.0%, 16=0.0%, 32=0.0%, >=64=0.0%
     submit    : 0=0.0%, 4=100.0%, 8=0.0%, 16=0.0%, 32=0.0%, 64=0.0%, >=64=0.0%
     complete  : 0=0.0%, 4=100.0%, 8=0.0%, 16=0.0%, 32=0.0%, 64=0.0%, >=64=0.0%
     issued rwts: total=151420,151567,0,0 short=0,0,0,0 dropped=0,0,0,0
     latency   : target=0, window=0, percentile=100.00%, depth=4
random-writers: (groupid=0, jobs=1): err= 0: pid=179567: Tue Jul 13 14:18:26 2021
  read: IOPS=791, BW=24.7MiB/s (25.9MB/s)(7421MiB/300001msec)
    slat (usec): min=14, max=294839, avg=997.18, stdev=3314.86
    clat (usec): min=11, max=895842, avg=1911.13, stdev=8627.06
     lat (usec): min=92, max=896224, avg=2910.25, stdev=9469.17
    clat percentiles (usec):
     |  1.00th=[   215],  5.00th=[   326], 10.00th=[   408], 20.00th=[   545],
     | 30.00th=[   857], 40.00th=[  1188], 50.00th=[  1303], 60.00th=[  1467],
     | 70.00th=[  1778], 80.00th=[  2114], 90.00th=[  2671], 95.00th=[  4883],
     | 99.00th=[ 11076], 99.50th=[ 15401], 99.90th=[ 61080], 99.95th=[ 91751],
     | 99.99th=[278922]
   bw (  KiB/s): min=  192, max=48160, per=61.81%, avg=25638.69, stdev=10824.59, samples=592
   iops        : min=    6, max= 1505, avg=801.07, stdev=338.24, samples=592
  write: IOPS=794, BW=24.8MiB/s (26.0MB/s)(7448MiB/300001msec); 0 zone resets
    slat (usec): min=97, max=136349, avg=188.83, stdev=500.54
    clat (usec): min=80, max=895975, avg=1882.77, stdev=8624.69
     lat (usec): min=206, max=896173, avg=2072.84, stdev=8645.11
    clat percentiles (usec):
     |  1.00th=[   202],  5.00th=[   281], 10.00th=[   375], 20.00th=[   498],
     | 30.00th=[   791], 40.00th=[  1172], 50.00th=[  1270], 60.00th=[  1418],
     | 70.00th=[  1762], 80.00th=[  2089], 90.00th=[  2638], 95.00th=[  4948],
     | 99.00th=[ 10945], 99.50th=[ 15270], 99.90th=[ 56886], 99.95th=[ 95945],
     | 99.99th=[283116]
   bw (  KiB/s): min=  192, max=46428, per=61.87%, avg=25732.09, stdev=10945.22, samples=592
   iops        : min=    6, max= 1450, avg=804.00, stdev=342.01, samples=592
  lat (usec)   : 20=0.01%, 100=0.63%, 250=2.18%, 500=15.59%, 750=11.38%
  lat (usec)   : 1000=1.84%
  lat (msec)   : 2=45.64%, 4=17.08%, 10=4.07%, 20=1.26%, 50=0.20%
  lat (msec)   : 100=0.07%, 250=0.03%, 500=0.01%, 750=0.01%, 1000=0.01%
  cpu          : usr=2.98%, sys=30.99%, ctx=163383, majf=0, minf=44
  IO depths    : 1=0.1%, 2=0.1%, 4=100.0%, 8=0.0%, 16=0.0%, 32=0.0%, >=64=0.0%
     submit    : 0=0.0%, 4=100.0%, 8=0.0%, 16=0.0%, 32=0.0%, 64=0.0%, >=64=0.0%
     complete  : 0=0.0%, 4=100.0%, 8=0.0%, 16=0.0%, 32=0.0%, 64=0.0%, >=64=0.0%
     issued rwts: total=237459,238329,0,0 short=0,0,0,0 dropped=0,0,0,0
     latency   : target=0, window=0, percentile=100.00%, depth=4

Run status group 0 (all jobs):
   READ: bw=40.5MiB/s (42.5MB/s), 15.8MiB/s-24.7MiB/s (16.5MB/s-25.9MB/s), io=11.9GiB (12.7GB), run=300001-300004msec
  WRITE: bw=40.6MiB/s (42.6MB/s), 15.8MiB/s-24.8MiB/s (16.6MB/s-26.0MB/s), io=11.9GiB (12.8GB), run=300001-300004msec


Batch Job Summary Report (version 21.01.1) for Job "fioRandrw" (1470621) on tave

Job information (1/2)
-----------------------------------------------------------------------------------------------------
             Submit            Eligible               Start                 End    Elapsed Time limit
------------------- ------------------- ------------------- ------------------- ---------- ----------
2021-07-13T14:13:15 2021-07-13T14:13:15 2021-07-13T14:13:16 2021-07-13T14:18:29   00:05:13   00:15:00
-----------------------------------------------------------------------------------------------------

Job information (2/2)
-------------------------------------------------------------
    Username      Account    Partition   NNodes        Energy
------------ ------------ ------------ -------- -------------
    afilipci         g138       normal        8    324.255 kJ

