random-readers: (g=0): rw=randread, bs=(R) 32.0KiB-32.0KiB, (W) 32.0KiB-32.0KiB, (T) 32.0KiB-32.0KiB, ioengine=libaio, iodepth=4
...
fio-3.27-32-g77c7-dirty
Starting 2 processes
random-readers: (g=0): rw=randread, bs=(R) 32.0KiB-32.0KiB, (W) 32.0KiB-32.0KiB, (T) 32.0KiB-32.0KiB, ioengine=libaio, iodepth=4
...
fio-3.27-32-g77c7-dirty
Starting 2 processes

random-readers: (groupid=0, jobs=1): err= 0: pid=84361: Mon Jul 19 11:16:09 2021
  read: IOPS=889, BW=27.8MiB/s (29.1MB/s)(8335MiB/300001msec)
    slat (usec): min=22, max=224052, avg=1077.28, stdev=1675.66
    clat (usec): min=14, max=1001.8k, avg=3380.70, stdev=9630.43
     lat (usec): min=126, max=1002.6k, avg=4460.08, stdev=9838.67
    clat percentiles (msec):
     |  1.00th=[    3],  5.00th=[    3], 10.00th=[    3], 20.00th=[    3],
     | 30.00th=[    3], 40.00th=[    3], 50.00th=[    3], 60.00th=[    3],
     | 70.00th=[    4], 80.00th=[    4], 90.00th=[    4], 95.00th=[    4],
     | 99.00th=[   13], 99.50th=[   19], 99.90th=[   57], 99.95th=[   69],
     | 99.99th=[  239]
   bw (  KiB/s): min= 1888, max=35235, per=46.39%, avg=28465.68, stdev=6331.03, samples=300
   iops        : min=   26, max= 1122, avg=898.40, stdev=206.64, samples=594
  lat (usec)   : 20=0.01%, 250=0.05%, 1000=0.01%
  lat (msec)   : 2=0.10%, 4=95.32%, 10=2.81%, 20=1.25%, 50=0.33%
  lat (msec)   : 100=0.11%, 250=0.01%, 1000=0.01%, 2000=0.01%
  cpu          : usr=1.95%, sys=21.94%, ctx=266769, majf=0, minf=71
  IO depths    : 1=0.1%, 2=0.1%, 4=100.0%, 8=0.0%, 16=0.0%, 32=0.0%, >=64=0.0%
     submit    : 0=0.0%, 4=100.0%, 8=0.0%, 16=0.0%, 32=0.0%, 64=0.0%, >=64=0.0%
     complete  : 0=0.0%, 4=100.0%, 8=0.0%, 16=0.0%, 32=0.0%, 64=0.0%, >=64=0.0%
     issued rwts: total=266718,0,0,0 short=0,0,0,0 dropped=0,0,0,0
     latency   : target=0, window=0, percentile=100.00%, depth=4
random-readers: (groupid=0, jobs=1): err= 0: pid=84362: Mon Jul 19 11:16:09 2021
  read: IOPS=1028, BW=32.1MiB/s (33.7MB/s)(9640MiB/300001msec)
    slat (usec): min=20, max=242914, avg=925.46, stdev=749.52
    clat (usec): min=24, max=986258, avg=2923.62, stdev=9141.08
     lat (usec): min=118, max=986284, avg=3851.23, stdev=9198.17
    clat percentiles (usec):
     |  1.00th=[ 2212],  5.00th=[ 2311], 10.00th=[ 2376], 20.00th=[ 2442],
     | 30.00th=[ 2507], 40.00th=[ 2573], 50.00th=[ 2638], 60.00th=[ 2737],
     | 70.00th=[ 2868], 80.00th=[ 2966], 90.00th=[ 3130], 95.00th=[ 3326],
     | 99.00th=[ 8356], 99.50th=[11338], 99.90th=[20579], 99.95th=[25035],
     | 99.99th=[62129]
   bw (  KiB/s): min=  800, max=39136, per=53.65%, avg=32918.65, stdev=6984.35, samples=299
   iops        : min=   50, max= 1242, avg=1044.51, stdev=189.20, samples=590
  lat (usec)   : 50=0.01%, 100=0.01%, 250=0.09%, 1000=0.03%
  lat (msec)   : 2=0.13%, 4=97.45%, 10=1.55%, 20=0.63%, 50=0.10%
  lat (msec)   : 100=0.01%, 250=0.01%, 1000=0.01%
  cpu          : usr=2.46%, sys=25.12%, ctx=308326, majf=0, minf=71
  IO depths    : 1=0.1%, 2=0.1%, 4=100.0%, 8=0.0%, 16=0.0%, 32=0.0%, >=64=0.0%
     submit    : 0=0.0%, 4=100.0%, 8=0.0%, 16=0.0%, 32=0.0%, 64=0.0%, >=64=0.0%
     complete  : 0=0.0%, 4=100.0%, 8=0.0%, 16=0.0%, 32=0.0%, 64=0.0%, >=64=0.0%
     issued rwts: total=308491,0,0,0 short=0,0,0,0 dropped=0,0,0,0
     latency   : target=0, window=0, percentile=100.00%, depth=4

Run status group 0 (all jobs):
   READ: bw=59.9MiB/s (62.8MB/s), 27.8MiB/s-32.1MiB/s (29.1MB/s-33.7MB/s), io=17.6GiB (18.8GB), run=300001-300001msec

random-readers: (groupid=0, jobs=1): err= 0: pid=45274: Mon Jul 19 11:16:09 2021
  read: IOPS=861, BW=26.9MiB/s (28.2MB/s)(8075MiB/300001msec)
    slat (usec): min=22, max=122483, avg=1113.38, stdev=1602.11
    clat (usec): min=17, max=973394, avg=3489.90, stdev=9159.52
     lat (usec): min=129, max=973423, avg=4605.96, stdev=9361.30
    clat percentiles (msec):
     |  1.00th=[    3],  5.00th=[    3], 10.00th=[    3], 20.00th=[    3],
     | 30.00th=[    3], 40.00th=[    3], 50.00th=[    3], 60.00th=[    4],
     | 70.00th=[    4], 80.00th=[    4], 90.00th=[    4], 95.00th=[    4],
     | 99.00th=[   13], 99.50th=[   19], 99.90th=[   54], 99.95th=[   71],
     | 99.99th=[  123]
   bw (  KiB/s): min= 1185, max=34912, per=45.73%, avg=27581.45, stdev=6230.38, samples=299
   iops        : min=    8, max= 1108, avg=870.45, stdev=189.62, samples=593
  lat (usec)   : 20=0.01%, 250=0.05%, 1000=0.01%
  lat (msec)   : 2=0.08%, 4=94.88%, 10=3.09%, 20=1.45%, 50=0.32%
  lat (msec)   : 100=0.10%, 250=0.01%, 1000=0.01%
  cpu          : usr=2.38%, sys=22.75%, ctx=258434, majf=0, minf=70
  IO depths    : 1=0.1%, 2=0.1%, 4=100.0%, 8=0.0%, 16=0.0%, 32=0.0%, >=64=0.0%
     submit    : 0=0.0%, 4=100.0%, 8=0.0%, 16=0.0%, 32=0.0%, 64=0.0%, >=64=0.0%
     complete  : 0=0.0%, 4=100.0%, 8=0.0%, 16=0.0%, 32=0.0%, 64=0.0%, >=64=0.0%
     issued rwts: total=258415,0,0,0 short=0,0,0,0 dropped=0,0,0,0
     latency   : target=0, window=0, percentile=100.00%, depth=4
random-readers: (groupid=0, jobs=1): err= 0: pid=45275: Mon Jul 19 11:16:09 2021
  read: IOPS=1023, BW=32.0MiB/s (33.5MB/s)(9594MiB/300001msec)
    slat (usec): min=21, max=136510, avg=930.72, stdev=660.60
    clat (usec): min=80, max=979683, avg=2937.65, stdev=9108.33
     lat (usec): min=122, max=980638, avg=3870.50, stdev=9161.36
    clat percentiles (usec):
     |  1.00th=[ 2278],  5.00th=[ 2376], 10.00th=[ 2409], 20.00th=[ 2474],
     | 30.00th=[ 2540], 40.00th=[ 2606], 50.00th=[ 2638], 60.00th=[ 2737],
     | 70.00th=[ 2802], 80.00th=[ 2933], 90.00th=[ 3130], 95.00th=[ 3359],
     | 99.00th=[ 8586], 99.50th=[11600], 99.90th=[20317], 99.95th=[25822],
     | 99.99th=[63701]
   bw (  KiB/s): min= 3299, max=38464, per=54.32%, avg=32763.17, stdev=6797.12, samples=299
   iops        : min=   82, max= 1228, avg=1039.46, stdev=187.18, samples=590
  lat (usec)   : 100=0.01%, 250=0.09%, 750=0.01%, 1000=0.03%
  lat (msec)   : 2=0.14%, 4=97.38%, 10=1.58%, 20=0.67%, 50=0.10%
  lat (msec)   : 100=0.01%, 250=0.01%, 1000=0.01%
  cpu          : usr=2.16%, sys=24.71%, ctx=306820, majf=0, minf=71
  IO depths    : 1=0.1%, 2=0.1%, 4=100.0%, 8=0.0%, 16=0.0%, 32=0.0%, >=64=0.0%
     submit    : 0=0.0%, 4=100.0%, 8=0.0%, 16=0.0%, 32=0.0%, 64=0.0%, >=64=0.0%
     complete  : 0=0.0%, 4=100.0%, 8=0.0%, 16=0.0%, 32=0.0%, 64=0.0%, >=64=0.0%
     issued rwts: total=306998,0,0,0 short=0,0,0,0 dropped=0,0,0,0
     latency   : target=0, window=0, percentile=100.00%, depth=4

Run status group 0 (all jobs):
   READ: bw=58.9MiB/s (61.8MB/s), 26.9MiB/s-32.0MiB/s (28.2MB/s-33.5MB/s), io=17.3GiB (18.5GB), run=300001-300001msec


Batch Job Summary Report (version 21.01.1) for Job "fioRandRead" (1470926) on tave

Job information (1/2)
-----------------------------------------------------------------------------------------------------
             Submit            Eligible               Start                 End    Elapsed Time limit
------------------- ------------------- ------------------- ------------------- ---------- ----------
2021-07-19T11:11:04 2021-07-19T11:11:04 2021-07-19T11:11:05 2021-07-19T11:16:11   00:05:06   00:15:00
-----------------------------------------------------------------------------------------------------

Job information (2/2)
-------------------------------------------------------------
    Username      Account    Partition   NNodes        Energy
------------ ------------ ------------ -------- -------------
    afilipci         g138       normal        2     79.272 kJ

