random-readers: (g=0): rw=randread, bs=(R) 32.0KiB-32.0KiB, (W) 32.0KiB-32.0KiB, (T) 32.0KiB-32.0KiB, ioengine=libaio, iodepth=4
...
fio-3.27-32-g77c7-dirty
Starting 8 processes
random-readers: (g=0): rw=randread, bs=(R) 32.0KiB-32.0KiB, (W) 32.0KiB-32.0KiB, (T) 32.0KiB-32.0KiB, ioengine=libaio, iodepth=4
...
fio-3.27-32-g77c7-dirty
Starting 8 processes
random-readers: Laying out IO file (1 file / 1024MiB)
random-readers: Laying out IO file (1 file / 1024MiB)
random-readers: Laying out IO file (1 file / 1024MiB)
random-readers: Laying out IO file (1 file / 1024MiB)

random-readers: (groupid=0, jobs=1): err= 0: pid=152793: Fri Jul 16 11:55:44 2021
  read: IOPS=960, BW=30.0MiB/s (31.5MB/s)(9009MiB/300001msec)
    slat (usec): min=22, max=12253, avg=990.67, stdev=160.55
    clat (usec): min=13, max=1134.5k, avg=3128.32, stdev=9931.64
     lat (usec): min=128, max=1134.6k, avg=4121.29, stdev=9930.19
    clat percentiles (usec):
     |  1.00th=[ 2606],  5.00th=[ 2704], 10.00th=[ 2769], 20.00th=[ 2835],
     | 30.00th=[ 2900], 40.00th=[ 2933], 50.00th=[ 2999], 60.00th=[ 3064],
     | 70.00th=[ 3130], 80.00th=[ 3195], 90.00th=[ 3326], 95.00th=[ 3458],
     | 99.00th=[ 3818], 99.50th=[ 4146], 99.90th=[ 6652], 99.95th=[ 7046],
     | 99.99th=[12125]
   bw (  KiB/s): min= 2400, max=33120, per=12.85%, avg=30768.81, stdev=4220.21, samples=300
   iops        : min=   38, max= 1042, avg=977.61, stdev=89.45, samples=590
  lat (usec)   : 20=0.01%, 250=0.04%, 1000=0.01%
  lat (msec)   : 2=0.07%, 4=99.27%, 10=0.59%, 20=0.01%, 2000=0.01%
  cpu          : usr=2.06%, sys=24.28%, ctx=288398, majf=0, minf=70
  IO depths    : 1=0.1%, 2=0.1%, 4=100.0%, 8=0.0%, 16=0.0%, 32=0.0%, >=64=0.0%
     submit    : 0=0.0%, 4=100.0%, 8=0.0%, 16=0.0%, 32=0.0%, 64=0.0%, >=64=0.0%
     complete  : 0=0.0%, 4=100.0%, 8=0.0%, 16=0.0%, 32=0.0%, 64=0.0%, >=64=0.0%
     issued rwts: total=288292,0,0,0 short=0,0,0,0 dropped=0,0,0,0
     latency   : target=0, window=0, percentile=100.00%, depth=4
random-readers: (groupid=0, jobs=1): err= 0: pid=152794: Fri Jul 16 11:55:44 2021
  read: IOPS=899, BW=28.1MiB/s (29.5MB/s)(8429MiB/300001msec)
    slat (usec): min=23, max=48584, avg=1059.94, stdev=630.50
    clat (usec): min=20, max=1134.1k, avg=3343.56, stdev=10179.34
     lat (usec): min=131, max=1134.2k, avg=4405.96, stdev=10205.32
    clat percentiles (usec):
     |  1.00th=[ 2638],  5.00th=[ 2737], 10.00th=[ 2802], 20.00th=[ 2900],
     | 30.00th=[ 2966], 40.00th=[ 2999], 50.00th=[ 3064], 60.00th=[ 3163],
     | 70.00th=[ 3228], 80.00th=[ 3326], 90.00th=[ 3523], 95.00th=[ 3720],
     | 99.00th=[ 8848], 99.50th=[11338], 99.90th=[19530], 99.95th=[23987],
     | 99.99th=[50594]
   bw (  KiB/s): min= 2914, max=32512, per=12.02%, avg=28778.28, stdev=5234.94, samples=299
   iops        : min=  118, max= 1034, avg=911.40, stdev=140.49, samples=591
  lat (usec)   : 50=0.01%, 250=0.10%, 500=0.01%, 750=0.01%, 1000=0.01%
  lat (msec)   : 2=0.09%, 4=96.94%, 10=2.10%, 20=0.67%, 50=0.08%
  lat (msec)   : 100=0.01%, 2000=0.01%
  cpu          : usr=2.14%, sys=24.08%, ctx=269569, majf=0, minf=71
  IO depths    : 1=0.1%, 2=0.1%, 4=100.0%, 8=0.0%, 16=0.0%, 32=0.0%, >=64=0.0%
     submit    : 0=0.0%, 4=100.0%, 8=0.0%, 16=0.0%, 32=0.0%, 64=0.0%, >=64=0.0%
     complete  : 0=0.0%, 4=100.0%, 8=0.0%, 16=0.0%, 32=0.0%, 64=0.0%, >=64=0.0%
     issued rwts: total=269722,0,0,0 short=0,0,0,0 dropped=0,0,0,0
     latency   : target=0, window=0, percentile=100.00%, depth=4
random-readers: (groupid=0, jobs=1): err= 0: pid=152795: Fri Jul 16 11:55:44 2021
  read: IOPS=941, BW=29.4MiB/s (30.9MB/s)(8827MiB/300001msec)
    slat (usec): min=23, max=59670, avg=1011.86, stdev=562.60
    clat (usec): min=15, max=1146.3k, avg=3192.52, stdev=9894.81
     lat (usec): min=138, max=1147.2k, avg=4206.71, stdev=9920.06
    clat percentiles (usec):
     |  1.00th=[ 2573],  5.00th=[ 2671], 10.00th=[ 2737], 20.00th=[ 2802],
     | 30.00th=[ 2868], 40.00th=[ 2933], 50.00th=[ 2966], 60.00th=[ 3032],
     | 70.00th=[ 3097], 80.00th=[ 3195], 90.00th=[ 3326], 95.00th=[ 3490],
     | 99.00th=[ 8029], 99.50th=[10814], 99.90th=[16909], 99.95th=[20841],
     | 99.99th=[61604]
   bw (  KiB/s): min=  288, max=33569, per=12.63%, avg=30239.06, stdev=5188.05, samples=298
   iops        : min=   18, max= 1072, avg=957.85, stdev=139.75, samples=589
  lat (usec)   : 20=0.01%, 250=0.04%, 1000=0.01%
  lat (msec)   : 2=0.06%, 4=98.15%, 10=1.10%, 20=0.58%, 50=0.05%
  lat (msec)   : 100=0.01%, 2000=0.01%
  cpu          : usr=2.12%, sys=24.11%, ctx=282604, majf=0, minf=70
  IO depths    : 1=0.1%, 2=0.1%, 4=100.0%, 8=0.0%, 16=0.0%, 32=0.0%, >=64=0.0%
     submit    : 0=0.0%, 4=100.0%, 8=0.0%, 16=0.0%, 32=0.0%, 64=0.0%, >=64=0.0%
     complete  : 0=0.0%, 4=100.0%, 8=0.0%, 16=0.0%, 32=0.0%, 64=0.0%, >=64=0.0%
     issued rwts: total=282471,0,0,0 short=0,0,0,0 dropped=0,0,0,0
     latency   : target=0, window=0, percentile=100.00%, depth=4
random-readers: (groupid=0, jobs=1): err= 0: pid=152796: Fri Jul 16 11:55:44 2021
  read: IOPS=914, BW=28.6MiB/s (30.0MB/s)(8576MiB/300001msec)
    slat (usec): min=22, max=108618, avg=1040.81, stdev=607.76
    clat (usec): min=15, max=1339.8k, avg=3286.31, stdev=10478.82
     lat (usec): min=126, max=1340.8k, avg=4329.47, stdev=10501.39
    clat percentiles (usec):
     |  1.00th=[ 2606],  5.00th=[ 2737], 10.00th=[ 2769], 20.00th=[ 2868],
     | 30.00th=[ 2933], 40.00th=[ 2966], 50.00th=[ 3032], 60.00th=[ 3097],
     | 70.00th=[ 3163], 80.00th=[ 3294], 90.00th=[ 3458], 95.00th=[ 3621],
     | 99.00th=[ 8455], 99.50th=[10945], 99.90th=[17695], 99.95th=[21890],
     | 99.99th=[56361]
   bw (  KiB/s): min=  800, max=32800, per=12.23%, avg=29288.76, stdev=5148.24, samples=300
   iops        : min=   16, max= 1040, avg=930.57, stdev=138.09, samples=590
  lat (usec)   : 20=0.01%, 250=0.06%, 1000=0.01%
  lat (msec)   : 2=0.07%, 4=97.58%, 10=1.58%, 20=0.63%, 50=0.06%
  lat (msec)   : 100=0.01%, 250=0.01%, 2000=0.01%
  cpu          : usr=2.09%, sys=24.01%, ctx=274465, majf=0, minf=70
  IO depths    : 1=0.1%, 2=0.1%, 4=100.0%, 8=0.0%, 16=0.0%, 32=0.0%, >=64=0.0%
     submit    : 0=0.0%, 4=100.0%, 8=0.0%, 16=0.0%, 32=0.0%, 64=0.0%, >=64=0.0%
     complete  : 0=0.0%, 4=100.0%, 8=0.0%, 16=0.0%, 32=0.0%, 64=0.0%, >=64=0.0%
     issued rwts: total=274422,0,0,0 short=0,0,0,0 dropped=0,0,0,0
     latency   : target=0, window=0, percentile=100.00%, depth=4
random-readers: (groupid=0, jobs=1): err= 0: pid=152797: Fri Jul 16 11:55:44 2021
  read: IOPS=922, BW=28.8MiB/s (30.2MB/s)(8648MiB/300001msec)
    slat (usec): min=22, max=64530, avg=1033.06, stdev=603.61
    clat (usec): min=11, max=1112.3k, avg=3258.98, stdev=10008.84
     lat (usec): min=129, max=1112.3k, avg=4294.45, stdev=10036.09
    clat percentiles (usec):
     |  1.00th=[ 2606],  5.00th=[ 2704], 10.00th=[ 2769], 20.00th=[ 2835],
     | 30.00th=[ 2900], 40.00th=[ 2966], 50.00th=[ 3032], 60.00th=[ 3064],
     | 70.00th=[ 3163], 80.00th=[ 3261], 90.00th=[ 3425], 95.00th=[ 3621],
     | 99.00th=[ 8225], 99.50th=[11076], 99.90th=[18744], 99.95th=[23462],
     | 99.99th=[61080]
   bw (  KiB/s): min= 1345, max=33249, per=12.34%, avg=29534.14, stdev=5360.66, samples=300
   iops        : min=   84, max= 1064, avg=935.23, stdev=141.76, samples=592
  lat (usec)   : 20=0.01%, 250=0.07%, 500=0.01%, 1000=0.01%
  lat (msec)   : 2=0.14%, 4=97.61%, 10=1.47%, 20=0.62%, 50=0.07%
  lat (msec)   : 100=0.01%, 2000=0.01%
  cpu          : usr=2.12%, sys=24.18%, ctx=276598, majf=0, minf=71
  IO depths    : 1=0.1%, 2=0.1%, 4=100.0%, 8=0.0%, 16=0.0%, 32=0.0%, >=64=0.0%
     submit    : 0=0.0%, 4=100.0%, 8=0.0%, 16=0.0%, 32=0.0%, 64=0.0%, >=64=0.0%
     complete  : 0=0.0%, 4=100.0%, 8=0.0%, 16=0.0%, 32=0.0%, 64=0.0%, >=64=0.0%
     issued rwts: total=276722,0,0,0 short=0,0,0,0 dropped=0,0,0,0
     latency   : target=0, window=0, percentile=100.00%, depth=4
random-readers: (groupid=0, jobs=1): err= 0: pid=152798: Fri Jul 16 11:55:44 2021
  read: IOPS=932, BW=29.1MiB/s (30.6MB/s)(8743MiB/300001msec)
    slat (usec): min=23, max=58637, avg=1021.30, stdev=512.87
    clat (usec): min=12, max=1149.2k, avg=3223.55, stdev=10073.06
     lat (usec): min=137, max=1150.3k, avg=4247.10, stdev=10086.19
    clat percentiles (usec):
     |  1.00th=[ 2606],  5.00th=[ 2704], 10.00th=[ 2769], 20.00th=[ 2835],
     | 30.00th=[ 2900], 40.00th=[ 2966], 50.00th=[ 3032], 60.00th=[ 3064],
     | 70.00th=[ 3163], 80.00th=[ 3228], 90.00th=[ 3392], 95.00th=[ 3556],
     | 99.00th=[ 7242], 99.50th=[ 9896], 99.90th=[12256], 99.95th=[14746],
     | 99.99th=[52167]
   bw (  KiB/s): min=  480, max=33377, per=12.47%, avg=29860.01, stdev=4328.61, samples=300
   iops        : min=   30, max= 1052, avg=945.50, stdev=100.23, samples=592
  lat (usec)   : 20=0.01%, 250=0.05%, 1000=0.01%
  lat (msec)   : 2=0.07%, 4=98.07%, 10=1.32%, 20=0.46%, 50=0.02%
  lat (msec)   : 100=0.01%, 2000=0.01%
  cpu          : usr=2.18%, sys=24.27%, ctx=279894, majf=0, minf=70
  IO depths    : 1=0.1%, 2=0.1%, 4=100.0%, 8=0.0%, 16=0.0%, 32=0.0%, >=64=0.0%
     submit    : 0=0.0%, 4=100.0%, 8=0.0%, 16=0.0%, 32=0.0%, 64=0.0%, >=64=0.0%
     complete  : 0=0.0%, 4=100.0%, 8=0.0%, 16=0.0%, 32=0.0%, 64=0.0%, >=64=0.0%
     issued rwts: total=279777,0,0,0 short=0,0,0,0 dropped=0,0,0,0
     latency   : target=0, window=0, percentile=100.00%, depth=4
random-readers: (groupid=0, jobs=1): err= 0: pid=152799: Fri Jul 16 11:55:44 2021
  read: IOPS=961, BW=30.1MiB/s (31.5MB/s)(9016MiB/300001msec)
    slat (usec): min=22, max=30603, avg=990.91, stdev=242.35
    clat (usec): min=16, max=1118.4k, avg=3126.05, stdev=9589.18
     lat (usec): min=127, max=1119.4k, avg=4119.27, stdev=9590.87
    clat percentiles (usec):
     |  1.00th=[ 2573],  5.00th=[ 2671], 10.00th=[ 2737], 20.00th=[ 2802],
     | 30.00th=[ 2868], 40.00th=[ 2933], 50.00th=[ 2999], 60.00th=[ 3064],
     | 70.00th=[ 3130], 80.00th=[ 3228], 90.00th=[ 3359], 95.00th=[ 3523],
     | 99.00th=[ 3818], 99.50th=[ 3949], 99.90th=[ 9896], 99.95th=[11469],
     | 99.99th=[24773]
   bw (  KiB/s): min= 4288, max=33793, per=12.86%, avg=30792.83, stdev=4120.95, samples=300
   iops        : min=   28, max= 1082, avg=975.09, stdev=95.47, samples=592
  lat (usec)   : 20=0.01%, 250=0.05%, 1000=0.01%
  lat (msec)   : 2=0.08%, 4=99.45%, 10=0.32%, 20=0.08%, 50=0.01%
  lat (msec)   : 1000=0.01%, 2000=0.01%
  cpu          : usr=2.08%, sys=24.55%, ctx=288571, majf=0, minf=70
  IO depths    : 1=0.1%, 2=0.1%, 4=100.0%, 8=0.0%, 16=0.0%, 32=0.0%, >=64=0.0%
     submit    : 0=0.0%, 4=100.0%, 8=0.0%, 16=0.0%, 32=0.0%, 64=0.0%, >=64=0.0%
     complete  : 0=0.0%, 4=100.0%, 8=0.0%, 16=0.0%, 32=0.0%, 64=0.0%, >=64=0.0%
     issued rwts: total=288517,0,0,0 short=0,0,0,0 dropped=0,0,0,0
     latency   : target=0, window=0, percentile=100.00%, depth=4
random-readers: (groupid=0, jobs=1): err= 0: pid=152800: Fri Jul 16 11:55:44 2021
  read: IOPS=947, BW=29.6MiB/s (31.1MB/s)(8887MiB/300001msec)
    slat (usec): min=23, max=21643, avg=1004.27, stdev=212.68
    clat (usec): min=13, max=1159.0k, avg=3171.33, stdev=9939.26
     lat (usec): min=128, max=1159.0k, avg=4177.96, stdev=9938.63
    clat percentiles (usec):
     |  1.00th=[ 2606],  5.00th=[ 2704], 10.00th=[ 2769], 20.00th=[ 2868],
     | 30.00th=[ 2933], 40.00th=[ 2966], 50.00th=[ 3032], 60.00th=[ 3097],
     | 70.00th=[ 3163], 80.00th=[ 3261], 90.00th=[ 3392], 95.00th=[ 3523],
     | 99.00th=[ 4015], 99.50th=[ 5473], 99.90th=[ 7046], 99.95th=[ 7373],
     | 99.99th=[20841]
   bw (  KiB/s): min= 2208, max=32736, per=12.72%, avg=30454.73, stdev=3794.61, samples=299
   iops        : min=  118, max= 1062, avg=966.01, stdev=79.08, samples=589
  lat (usec)   : 20=0.01%, 250=0.08%, 1000=0.01%
  lat (msec)   : 2=0.08%, 4=98.80%, 10=1.00%, 20=0.02%, 50=0.01%
  lat (msec)   : 2000=0.01%
  cpu          : usr=2.14%, sys=24.85%, ctx=284355, majf=0, minf=71
  IO depths    : 1=0.1%, 2=0.1%, 4=100.0%, 8=0.0%, 16=0.0%, 32=0.0%, >=64=0.0%
     submit    : 0=0.0%, 4=100.0%, 8=0.0%, 16=0.0%, 32=0.0%, 64=0.0%, >=64=0.0%
     complete  : 0=0.0%, 4=100.0%, 8=0.0%, 16=0.0%, 32=0.0%, 64=0.0%, >=64=0.0%
     issued rwts: total=284398,0,0,0 short=0,0,0,0 dropped=0,0,0,0
     latency   : target=0, window=0, percentile=100.00%, depth=4

Run status group 0 (all jobs):
   READ: bw=234MiB/s (245MB/s), 28.1MiB/s-30.1MiB/s (29.5MB/s-31.5MB/s), io=68.5GiB (73.5GB), run=300001-300001msec

random-readers: (groupid=0, jobs=1): err= 0: pid=115228: Fri Jul 16 11:56:11 2021
  read: IOPS=951, BW=29.7MiB/s (31.2MB/s)(8922MiB/300001msec)
    slat (usec): min=22, max=20139, avg=999.74, stdev=174.01
    clat (usec): min=13, max=1121.5k, avg=3159.11, stdev=9905.40
     lat (usec): min=128, max=1122.5k, avg=4161.27, stdev=9904.86
    clat percentiles (usec):
     |  1.00th=[ 2540],  5.00th=[ 2671], 10.00th=[ 2737], 20.00th=[ 2835],
     | 30.00th=[ 2900], 40.00th=[ 2966], 50.00th=[ 3032], 60.00th=[ 3097],
     | 70.00th=[ 3163], 80.00th=[ 3294], 90.00th=[ 3458], 95.00th=[ 3589],
     | 99.00th=[ 3884], 99.50th=[ 4113], 99.90th=[ 6718], 99.95th=[ 7177],
     | 99.99th=[15926]
   bw (  KiB/s): min=  320, max=35747, per=12.72%, avg=30684.61, stdev=3905.43, samples=298
   iops        : min=   20, max= 1118, avg=969.97, stdev=86.83, samples=589
  lat (usec)   : 20=0.01%, 250=0.04%, 1000=0.01%
  lat (msec)   : 2=0.07%, 4=99.24%, 10=0.61%, 20=0.01%, 50=0.01%
  lat (msec)   : 2000=0.01%
  cpu          : usr=2.36%, sys=24.86%, ctx=285607, majf=0, minf=70
  IO depths    : 1=0.1%, 2=0.1%, 4=100.0%, 8=0.0%, 16=0.0%, 32=0.0%, >=64=0.0%
     submit    : 0=0.0%, 4=100.0%, 8=0.0%, 16=0.0%, 32=0.0%, 64=0.0%, >=64=0.0%
     complete  : 0=0.0%, 4=100.0%, 8=0.0%, 16=0.0%, 32=0.0%, 64=0.0%, >=64=0.0%
     issued rwts: total=285517,0,0,0 short=0,0,0,0 dropped=0,0,0,0
     latency   : target=0, window=0, percentile=100.00%, depth=4
random-readers: (groupid=0, jobs=1): err= 0: pid=115229: Fri Jul 16 11:56:11 2021
  read: IOPS=913, BW=28.5MiB/s (29.9MB/s)(8564MiB/300001msec)
    slat (usec): min=23, max=58674, avg=1043.42, stdev=628.85
    clat (usec): min=12, max=1072.8k, avg=3291.24, stdev=9721.14
     lat (usec): min=134, max=1072.8k, avg=4337.21, stdev=9757.92
    clat percentiles (usec):
     |  1.00th=[ 2573],  5.00th=[ 2704], 10.00th=[ 2737], 20.00th=[ 2835],
     | 30.00th=[ 2900], 40.00th=[ 2966], 50.00th=[ 2999], 60.00th=[ 3064],
     | 70.00th=[ 3163], 80.00th=[ 3261], 90.00th=[ 3458], 95.00th=[ 3687],
     | 99.00th=[ 9241], 99.50th=[11731], 99.90th=[20317], 99.95th=[23462],
     | 99.99th=[41681]
   bw (  KiB/s): min=  832, max=32512, per=12.12%, avg=29249.92, stdev=5614.39, samples=299
   iops        : min=   52, max= 1034, avg=927.82, stdev=149.37, samples=590
  lat (usec)   : 20=0.01%, 250=0.10%, 1000=0.01%
  lat (msec)   : 2=0.10%, 4=96.90%, 10=2.05%, 20=0.73%, 50=0.10%
  lat (msec)   : 100=0.01%, 2000=0.01%
  cpu          : usr=2.26%, sys=24.00%, ctx=273888, majf=0, minf=71
  IO depths    : 1=0.1%, 2=0.1%, 4=100.0%, 8=0.0%, 16=0.0%, 32=0.0%, >=64=0.0%
     submit    : 0=0.0%, 4=100.0%, 8=0.0%, 16=0.0%, 32=0.0%, 64=0.0%, >=64=0.0%
     complete  : 0=0.0%, 4=100.0%, 8=0.0%, 16=0.0%, 32=0.0%, 64=0.0%, >=64=0.0%
     issued rwts: total=274040,0,0,0 short=0,0,0,0 dropped=0,0,0,0
     latency   : target=0, window=0, percentile=100.00%, depth=4
random-readers: (groupid=0, jobs=1): err= 0: pid=115230: Fri Jul 16 11:56:11 2021
  read: IOPS=929, BW=29.1MiB/s (30.5MB/s)(8716MiB/300001msec)
    slat (usec): min=24, max=25846, avg=1021.67, stdev=532.35
    clat (usec): min=12, max=1221.9k, avg=3233.80, stdev=10539.91
     lat (usec): min=135, max=1222.8k, avg=4258.14, stdev=10567.42
    clat percentiles (usec):
     |  1.00th=[ 2573],  5.00th=[ 2671], 10.00th=[ 2737], 20.00th=[ 2802],
     | 30.00th=[ 2868], 40.00th=[ 2933], 50.00th=[ 2999], 60.00th=[ 3064],
     | 70.00th=[ 3130], 80.00th=[ 3228], 90.00th=[ 3392], 95.00th=[ 3523],
     | 99.00th=[ 8848], 99.50th=[11469], 99.90th=[18220], 99.95th=[21103],
     | 99.99th=[28967]
   bw (  KiB/s): min= 1697, max=33153, per=12.34%, avg=29777.05, stdev=5749.14, samples=300
   iops        : min=  106, max= 1072, avg=947.69, stdev=148.28, samples=589
  lat (usec)   : 20=0.01%, 250=0.04%, 1000=0.01%
  lat (msec)   : 2=0.06%, 4=98.01%, 10=1.11%, 20=0.70%, 50=0.06%
  lat (msec)   : 2000=0.01%
  cpu          : usr=2.34%, sys=25.01%, ctx=279094, majf=0, minf=70
  IO depths    : 1=0.1%, 2=0.1%, 4=100.0%, 8=0.0%, 16=0.0%, 32=0.0%, >=64=0.0%
     submit    : 0=0.0%, 4=100.0%, 8=0.0%, 16=0.0%, 32=0.0%, 64=0.0%, >=64=0.0%
     complete  : 0=0.0%, 4=100.0%, 8=0.0%, 16=0.0%, 32=0.0%, 64=0.0%, >=64=0.0%
     issued rwts: total=278927,0,0,0 short=0,0,0,0 dropped=0,0,0,0
     latency   : target=0, window=0, percentile=100.00%, depth=4
random-readers: (groupid=0, jobs=1): err= 0: pid=115231: Fri Jul 16 11:56:11 2021
  read: IOPS=921, BW=28.8MiB/s (30.2MB/s)(8641MiB/300001msec)
    slat (usec): min=23, max=31512, avg=1033.13, stdev=562.93
    clat (usec): min=14, max=1133.0k, avg=3261.74, stdev=10156.49
     lat (usec): min=127, max=1133.1k, avg=4297.29, stdev=10185.05
    clat percentiles (usec):
     |  1.00th=[ 2573],  5.00th=[ 2671], 10.00th=[ 2737], 20.00th=[ 2835],
     | 30.00th=[ 2868], 40.00th=[ 2933], 50.00th=[ 2999], 60.00th=[ 3064],
     | 70.00th=[ 3130], 80.00th=[ 3261], 90.00th=[ 3425], 95.00th=[ 3621],
     | 99.00th=[ 9110], 99.50th=[11469], 99.90th=[19006], 99.95th=[21627],
     | 99.99th=[33424]
   bw (  KiB/s): min=  736, max=33249, per=12.23%, avg=29518.82, stdev=5634.08, samples=300
   iops        : min=   46, max= 1046, avg=937.82, stdev=147.51, samples=590
  lat (usec)   : 20=0.01%, 250=0.06%, 1000=0.01%
  lat (msec)   : 2=0.08%, 4=97.43%, 10=1.61%, 20=0.74%, 50=0.07%
  lat (msec)   : 2000=0.01%
  cpu          : usr=2.26%, sys=23.59%, ctx=276565, majf=0, minf=70
  IO depths    : 1=0.1%, 2=0.1%, 4=100.0%, 8=0.0%, 16=0.0%, 32=0.0%, >=64=0.0%
     submit    : 0=0.0%, 4=100.0%, 8=0.0%, 16=0.0%, 32=0.0%, 64=0.0%, >=64=0.0%
     complete  : 0=0.0%, 4=100.0%, 8=0.0%, 16=0.0%, 32=0.0%, 64=0.0%, >=64=0.0%
     issued rwts: total=276508,0,0,0 short=0,0,0,0 dropped=0,0,0,0
     latency   : target=0, window=0, percentile=100.00%, depth=4
random-readers: (groupid=0, jobs=1): err= 0: pid=115232: Fri Jul 16 11:56:11 2021
  read: IOPS=942, BW=29.5MiB/s (30.9MB/s)(8836MiB/300001msec)
    slat (usec): min=22, max=33478, avg=1009.96, stdev=553.55
    clat (usec): min=12, max=1116.5k, avg=3190.01, stdev=9918.46
     lat (usec): min=125, max=1117.5k, avg=4202.43, stdev=9950.91
    clat percentiles (usec):
     |  1.00th=[ 2540],  5.00th=[ 2671], 10.00th=[ 2704], 20.00th=[ 2802],
     | 30.00th=[ 2835], 40.00th=[ 2900], 50.00th=[ 2966], 60.00th=[ 2999],
     | 70.00th=[ 3064], 80.00th=[ 3163], 90.00th=[ 3294], 95.00th=[ 3425],
     | 99.00th=[ 8586], 99.50th=[11338], 99.90th=[19530], 99.95th=[21890],
     | 99.99th=[34866]
   bw (  KiB/s): min= 1985, max=33377, per=12.55%, avg=30279.19, stdev=5493.38, samples=298
   iops        : min=  124, max= 1060, avg=959.00, stdev=148.93, samples=589
  lat (usec)   : 20=0.01%, 250=0.07%, 500=0.01%, 1000=0.01%
  lat (msec)   : 2=0.14%, 4=97.59%, 10=1.44%, 20=0.65%, 50=0.08%
  lat (msec)   : 2000=0.01%
  cpu          : usr=2.20%, sys=24.45%, ctx=282596, majf=0, minf=72
  IO depths    : 1=0.1%, 2=0.1%, 4=100.0%, 8=0.0%, 16=0.0%, 32=0.0%, >=64=0.0%
     submit    : 0=0.0%, 4=100.0%, 8=0.0%, 16=0.0%, 32=0.0%, 64=0.0%, >=64=0.0%
     complete  : 0=0.0%, 4=100.0%, 8=0.0%, 16=0.0%, 32=0.0%, 64=0.0%, >=64=0.0%
     issued rwts: total=282736,0,0,0 short=0,0,0,0 dropped=0,0,0,0
     latency   : target=0, window=0, percentile=100.00%, depth=4
random-readers: (groupid=0, jobs=1): err= 0: pid=115233: Fri Jul 16 11:56:11 2021
  read: IOPS=948, BW=29.6MiB/s (31.1MB/s)(8892MiB/300001msec)
    slat (usec): min=23, max=59013, avg=1002.93, stdev=495.15
    clat (usec): min=12, max=1135.3k, avg=3169.95, stdev=10015.11
     lat (usec): min=130, max=1136.3k, avg=4175.32, stdev=10024.91
    clat percentiles (usec):
     |  1.00th=[ 2540],  5.00th=[ 2671], 10.00th=[ 2737], 20.00th=[ 2802],
     | 30.00th=[ 2868], 40.00th=[ 2933], 50.00th=[ 2966], 60.00th=[ 3032],
     | 70.00th=[ 3097], 80.00th=[ 3195], 90.00th=[ 3326], 95.00th=[ 3458],
     | 99.00th=[ 6980], 99.50th=[ 9896], 99.90th=[12125], 99.95th=[14615],
     | 99.99th=[60556]
   bw (  KiB/s): min= 2274, max=33697, per=12.67%, avg=30577.17, stdev=3796.53, samples=297
   iops        : min=  142, max= 1072, avg=966.65, stdev=80.80, samples=588
  lat (usec)   : 20=0.01%, 250=0.05%, 1000=0.01%
  lat (msec)   : 2=0.07%, 4=98.21%, 10=1.19%, 20=0.46%, 50=0.02%
  lat (msec)   : 100=0.01%, 2000=0.01%
  cpu          : usr=2.25%, sys=24.43%, ctx=284636, majf=0, minf=70
  IO depths    : 1=0.1%, 2=0.1%, 4=100.0%, 8=0.0%, 16=0.0%, 32=0.0%, >=64=0.0%
     submit    : 0=0.0%, 4=100.0%, 8=0.0%, 16=0.0%, 32=0.0%, 64=0.0%, >=64=0.0%
     complete  : 0=0.0%, 4=100.0%, 8=0.0%, 16=0.0%, 32=0.0%, 64=0.0%, >=64=0.0%
     issued rwts: total=284542,0,0,0 short=0,0,0,0 dropped=0,0,0,0
     latency   : target=0, window=0, percentile=100.00%, depth=4
random-readers: (groupid=0, jobs=1): err= 0: pid=115234: Fri Jul 16 11:56:11 2021
  read: IOPS=966, BW=30.2MiB/s (31.7MB/s)(9060MiB/300001msec)
    slat (usec): min=21, max=29080, avg=984.42, stdev=212.82
    clat (usec): min=13, max=1123.9k, avg=3111.25, stdev=9747.07
     lat (usec): min=127, max=1123.9k, avg=4098.16, stdev=9747.48
    clat percentiles (usec):
     |  1.00th=[ 2573],  5.00th=[ 2671], 10.00th=[ 2737], 20.00th=[ 2802],
     | 30.00th=[ 2868], 40.00th=[ 2933], 50.00th=[ 2999], 60.00th=[ 3032],
     | 70.00th=[ 3130], 80.00th=[ 3195], 90.00th=[ 3326], 95.00th=[ 3458],
     | 99.00th=[ 3720], 99.50th=[ 3851], 99.90th=[ 8160], 99.95th=[10814],
     | 99.99th=[30016]
   bw (  KiB/s): min=  992, max=34464, per=12.83%, avg=30950.31, stdev=4452.07, samples=300
   iops        : min=   62, max= 1114, avg=980.04, stdev=102.06, samples=592
  lat (usec)   : 20=0.01%, 250=0.05%, 1000=0.01%
  lat (msec)   : 2=0.09%, 4=99.58%, 10=0.21%, 20=0.04%, 50=0.01%
  lat (msec)   : 2000=0.01%
  cpu          : usr=2.38%, sys=24.83%, ctx=289974, majf=0, minf=70
  IO depths    : 1=0.1%, 2=0.1%, 4=100.0%, 8=0.0%, 16=0.0%, 32=0.0%, >=64=0.0%
     submit    : 0=0.0%, 4=100.0%, 8=0.0%, 16=0.0%, 32=0.0%, 64=0.0%, >=64=0.0%
     complete  : 0=0.0%, 4=100.0%, 8=0.0%, 16=0.0%, 32=0.0%, 64=0.0%, >=64=0.0%
     issued rwts: total=289920,0,0,0 short=0,0,0,0 dropped=0,0,0,0
     latency   : target=0, window=0, percentile=100.00%, depth=4
random-readers: (groupid=0, jobs=1): err= 0: pid=115235: Fri Jul 16 11:56:11 2021
  read: IOPS=966, BW=30.2MiB/s (31.7MB/s)(9060MiB/300001msec)
    slat (usec): min=21, max=24677, avg=984.22, stdev=236.81
    clat (usec): min=13, max=1106.6k, avg=3111.24, stdev=9724.70
     lat (usec): min=122, max=1107.5k, avg=4097.93, stdev=9724.69
    clat percentiles (usec):
     |  1.00th=[ 2540],  5.00th=[ 2671], 10.00th=[ 2704], 20.00th=[ 2802],
     | 30.00th=[ 2868], 40.00th=[ 2900], 50.00th=[ 2966], 60.00th=[ 3032],
     | 70.00th=[ 3097], 80.00th=[ 3195], 90.00th=[ 3359], 95.00th=[ 3490],
     | 99.00th=[ 3982], 99.50th=[ 5604], 99.90th=[ 7111], 99.95th=[ 7635],
     | 99.99th=[24511]
   bw (  KiB/s): min= 1249, max=34528, per=12.83%, avg=30951.55, stdev=4435.66, samples=300
   iops        : min=   78, max= 1090, avg=981.73, stdev=93.69, samples=591
  lat (usec)   : 20=0.01%, 100=0.01%, 250=0.08%, 1000=0.01%
  lat (msec)   : 2=0.09%, 4=98.84%, 10=0.95%, 20=0.02%, 50=0.01%
  lat (msec)   : 2000=0.01%
  cpu          : usr=2.26%, sys=25.44%, ctx=289880, majf=0, minf=71
  IO depths    : 1=0.1%, 2=0.1%, 4=100.0%, 8=0.0%, 16=0.0%, 32=0.0%, >=64=0.0%
     submit    : 0=0.0%, 4=100.0%, 8=0.0%, 16=0.0%, 32=0.0%, 64=0.0%, >=64=0.0%
     complete  : 0=0.0%, 4=100.0%, 8=0.0%, 16=0.0%, 32=0.0%, 64=0.0%, >=64=0.0%
     issued rwts: total=289929,0,0,0 short=0,0,0,0 dropped=0,0,0,0
     latency   : target=0, window=0, percentile=100.00%, depth=4

Run status group 0 (all jobs):
   READ: bw=236MiB/s (247MB/s), 28.5MiB/s-30.2MiB/s (29.9MB/s-31.7MB/s), io=69.0GiB (74.1GB), run=300001-300001msec


Batch Job Summary Report (version 21.01.1) for Job "fioRandRead" (1470900) on tave

Job information (1/2)
-----------------------------------------------------------------------------------------------------
             Submit            Eligible               Start                 End    Elapsed Time limit
------------------- ------------------- ------------------- ------------------- ---------- ----------
2021-07-16T11:50:40 2021-07-16T11:50:40 2021-07-16T11:50:41 2021-07-16T11:56:13   00:05:32   00:15:00
-----------------------------------------------------------------------------------------------------

Job information (2/2)
-------------------------------------------------------------
    Username      Account    Partition   NNodes        Energy
------------ ------------ ------------ -------- -------------
    afilipci         g138       normal        2     89.003 kJ

