random-writers: (g=0): rw=randwrite, bs=(R) 32.0KiB-32.0KiB, (W) 32.0KiB-32.0KiB, (T) 32.0KiB-32.0KiB, ioengine=libaio, iodepth=4
fio-3.27-32-g77c7-dirty
Starting 1 process
random-writers: (g=0): rw=randwrite, bs=(R) 32.0KiB-32.0KiB, (W) 32.0KiB-32.0KiB, (T) 32.0KiB-32.0KiB, ioengine=libaio, iodepth=4
fio-3.27-32-g77c7-dirty
Starting 1 process
random-writers: (g=0): rw=randwrite, bs=(R) 32.0KiB-32.0KiB, (W) 32.0KiB-32.0KiB, (T) 32.0KiB-32.0KiB, ioengine=libaio, iodepth=4
fio-3.27-32-g77c7-dirty
Starting 1 process
random-writers: Laying out IO file (1 file / 1024MiB)
random-writers: (g=0): rw=randwrite, bs=(R) 32.0KiB-32.0KiB, (W) 32.0KiB-32.0KiB, (T) 32.0KiB-32.0KiB, ioengine=libaio, iodepth=4
fio-3.27-32-g77c7-dirty
Starting 1 process
random-writers: (g=0): rw=randwrite, bs=(R) 32.0KiB-32.0KiB, (W) 32.0KiB-32.0KiB, (T) 32.0KiB-32.0KiB, ioengine=libaio, iodepth=4
fio-3.27-32-g77c7-dirty
Starting 1 process
random-writers: (g=0): rw=randwrite, bs=(R) 32.0KiB-32.0KiB, (W) 32.0KiB-32.0KiB, (T) 32.0KiB-32.0KiB, ioengine=libaio, iodepth=4
fio-3.27-32-g77c7-dirty
Starting 1 process
random-writers: Laying out IO file (1 file / 1024MiB)
random-writers: Laying out IO file (1 file / 1024MiB)
random-writers: (g=0): rw=randwrite, bs=(R) 32.0KiB-32.0KiB, (W) 32.0KiB-32.0KiB, (T) 32.0KiB-32.0KiB, ioengine=libaio, iodepth=4
fio-3.27-32-g77c7-dirty
Starting 1 process
random-writers: (g=0): rw=randwrite, bs=(R) 32.0KiB-32.0KiB, (W) 32.0KiB-32.0KiB, (T) 32.0KiB-32.0KiB, ioengine=libaio, iodepth=4
fio-3.27-32-g77c7-dirty
Starting 1 process
random-writers: Laying out IO file (1 file / 1024MiB)

random-writers: (groupid=0, jobs=1): err= 0: pid=64845: Mon Jul 12 09:57:42 2021
  write: IOPS=3059, BW=95.6MiB/s (100MB/s)(28.0GiB/300001msec); 0 zone resets
    slat (usec): min=92, max=794238, avg=304.80, stdev=6099.51
    clat (usec): min=11, max=883711, avg=984.85, stdev=11342.85
     lat (usec): min=114, max=883942, avg=1290.80, stdev=13038.44
    clat percentiles (usec):
     |  1.00th=[   404],  5.00th=[   408], 10.00th=[   412], 20.00th=[   416],
     | 30.00th=[   416], 40.00th=[   420], 50.00th=[   424], 60.00th=[   445],
     | 70.00th=[   461], 80.00th=[   474], 90.00th=[   515], 95.00th=[   537],
     | 99.00th=[   635], 99.50th=[   865], 99.90th=[212861], 99.95th=[250610],
     | 99.99th=[392168]
   bw (  KiB/s): min=   64, max=231104, per=100.00%, avg=98884.67, stdev=99100.77, samples=594
   iops        : min=    2, max= 7222, avg=3090.14, stdev=3096.91, samples=594
  lat (usec)   : 20=0.01%, 250=0.01%, 500=87.87%, 750=11.47%, 1000=0.24%
  lat (msec)   : 2=0.06%, 4=0.01%, 10=0.02%, 20=0.02%, 50=0.03%
  lat (msec)   : 100=0.06%, 250=0.17%, 500=0.04%, 750=0.01%, 1000=0.01%
  cpu          : usr=4.06%, sys=44.37%, ctx=1453, majf=0, minf=38
  IO depths    : 1=0.1%, 2=0.1%, 4=100.0%, 8=0.0%, 16=0.0%, 32=0.0%, >=64=0.0%
     submit    : 0=0.0%, 4=100.0%, 8=0.0%, 16=0.0%, 32=0.0%, 64=0.0%, >=64=0.0%
     complete  : 0=0.0%, 4=100.0%, 8=0.0%, 16=0.0%, 32=0.0%, 64=0.0%, >=64=0.0%
     issued rwts: total=0,917913,0,0 short=0,0,0,0 dropped=0,0,0,0
     latency   : target=0, window=0, percentile=100.00%, depth=4

Run status group 0 (all jobs):
  WRITE: bw=95.6MiB/s (100MB/s), 95.6MiB/s-95.6MiB/s (100MB/s-100MB/s), io=28.0GiB (30.1GB), run=300001-300001msec

random-writers: (groupid=0, jobs=1): err= 0: pid=56930: Mon Jul 12 09:57:42 2021
  write: IOPS=3058, BW=95.6MiB/s (100MB/s)(28.0GiB/300077msec); 0 zone resets
    slat (usec): min=92, max=924805, avg=305.07, stdev=6193.48
    clat (usec): min=23, max=925286, avg=985.37, stdev=11351.70
     lat (usec): min=414, max=925502, avg=1291.59, stdev=13019.47
    clat percentiles (usec):
     |  1.00th=[   404],  5.00th=[   408], 10.00th=[   412], 20.00th=[   416],
     | 30.00th=[   420], 40.00th=[   420], 50.00th=[   433], 60.00th=[   445],
     | 70.00th=[   461], 80.00th=[   478], 90.00th=[   519], 95.00th=[   537],
     | 99.00th=[   644], 99.50th=[   857], 99.90th=[217056], 99.95th=[263193],
     | 99.99th=[362808]
   bw (  KiB/s): min=  128, max=231808, per=100.00%, avg=98878.33, stdev=99047.14, samples=594
   iops        : min=    4, max= 7244, avg=3089.94, stdev=3095.23, samples=594
  lat (usec)   : 50=0.01%, 500=87.35%, 750=11.98%, 1000=0.26%
  lat (msec)   : 2=0.05%, 4=0.01%, 10=0.02%, 20=0.02%, 50=0.04%
  lat (msec)   : 100=0.06%, 250=0.15%, 500=0.06%, 750=0.01%, 1000=0.01%
  cpu          : usr=4.09%, sys=44.49%, ctx=1372, majf=0, minf=38
  IO depths    : 1=0.1%, 2=0.1%, 4=100.0%, 8=0.0%, 16=0.0%, 32=0.0%, >=64=0.0%
     submit    : 0=0.0%, 4=100.0%, 8=0.0%, 16=0.0%, 32=0.0%, 64=0.0%, >=64=0.0%
     complete  : 0=0.0%, 4=100.0%, 8=0.0%, 16=0.0%, 32=0.0%, 64=0.0%, >=64=0.0%
     issued rwts: total=0,917690,0,0 short=0,0,0,0 dropped=0,0,0,0
     latency   : target=0, window=0, percentile=100.00%, depth=4

Run status group 0 (all jobs):
  WRITE: bw=95.6MiB/s (100MB/s), 95.6MiB/s-95.6MiB/s (100MB/s-100MB/s), io=28.0GiB (30.1GB), run=300077-300077msec

random-writers: (groupid=0, jobs=1): err= 0: pid=49860: Mon Jul 12 09:57:42 2021
  write: IOPS=4286, BW=134MiB/s (140MB/s)(39.2GiB/300001msec); 0 zone resets
    slat (usec): min=92, max=465386, avg=211.12, stdev=3228.96
    clat (usec): min=10, max=676013, avg=704.25, stdev=6623.26
     lat (usec): min=137, max=676178, avg=916.49, stdev=7417.19
    clat percentiles (usec):
     |  1.00th=[   404],  5.00th=[   412], 10.00th=[   412], 20.00th=[   416],
     | 30.00th=[   420], 40.00th=[   420], 50.00th=[   424], 60.00th=[   441],
     | 70.00th=[   453], 80.00th=[   469], 90.00th=[   494], 95.00th=[   523],
     | 99.00th=[   594], 99.50th=[   717], 99.90th=[123208], 99.95th=[149947],
     | 99.99th=[312476]
   bw (  KiB/s): min= 1856, max=234240, per=100.00%, avg=137178.28, stdev=95738.02, samples=599
   iops        : min=   58, max= 7320, avg=4286.82, stdev=2991.81, samples=599
  lat (usec)   : 20=0.01%, 250=0.01%, 500=90.83%, 750=8.72%, 1000=0.15%
  lat (msec)   : 2=0.03%, 4=0.01%, 10=0.02%, 20=0.02%, 50=0.04%
  lat (msec)   : 100=0.03%, 250=0.12%, 500=0.01%, 750=0.01%
  cpu          : usr=5.59%, sys=61.95%, ctx=1674, majf=0, minf=38
  IO depths    : 1=0.1%, 2=0.1%, 4=100.0%, 8=0.0%, 16=0.0%, 32=0.0%, >=64=0.0%
     submit    : 0=0.0%, 4=100.0%, 8=0.0%, 16=0.0%, 32=0.0%, 64=0.0%, >=64=0.0%
     complete  : 0=0.0%, 4=100.0%, 8=0.0%, 16=0.0%, 32=0.0%, 64=0.0%, >=64=0.0%
     issued rwts: total=0,1285918,0,0 short=0,0,0,0 dropped=0,0,0,0
     latency   : target=0, window=0, percentile=100.00%, depth=4

Run status group 0 (all jobs):
  WRITE: bw=134MiB/s (140MB/s), 134MiB/s-134MiB/s (140MB/s-140MB/s), io=39.2GiB (42.1GB), run=300001-300001msec

random-writers: (groupid=0, jobs=1): err= 0: pid=52873: Mon Jul 12 09:57:42 2021
  write: IOPS=4163, BW=130MiB/s (136MB/s)(38.1GiB/300001msec); 0 zone resets
    slat (usec): min=92, max=459575, avg=218.19, stdev=3334.93
    clat (usec): min=10, max=830336, avg=724.90, stdev=6769.28
     lat (usec): min=139, max=830493, avg=944.22, stdev=7607.16
    clat percentiles (usec):
     |  1.00th=[   404],  5.00th=[   408], 10.00th=[   412], 20.00th=[   412],
     | 30.00th=[   416], 40.00th=[   420], 50.00th=[   420], 60.00th=[   433],
     | 70.00th=[   449], 80.00th=[   469], 90.00th=[   494], 95.00th=[   529],
     | 99.00th=[   627], 99.50th=[   799], 99.90th=[126354], 99.95th=[152044],
     | 99.99th=[308282]
   bw (  KiB/s): min=  448, max=234112, per=100.00%, avg=133467.99, stdev=96709.42, samples=598
   iops        : min=   14, max= 7316, avg=4170.86, stdev=3022.17, samples=598
  lat (usec)   : 20=0.01%, 250=0.01%, 500=90.82%, 750=8.60%, 1000=0.25%
  lat (msec)   : 2=0.05%, 4=0.01%, 10=0.02%, 20=0.02%, 50=0.05%
  lat (msec)   : 100=0.05%, 250=0.13%, 500=0.01%, 750=0.01%, 1000=0.01%
  cpu          : usr=5.60%, sys=59.72%, ctx=1680, majf=0, minf=38
  IO depths    : 1=0.1%, 2=0.1%, 4=100.0%, 8=0.0%, 16=0.0%, 32=0.0%, >=64=0.0%
     submit    : 0=0.0%, 4=100.0%, 8=0.0%, 16=0.0%, 32=0.0%, 64=0.0%, >=64=0.0%
     complete  : 0=0.0%, 4=100.0%, 8=0.0%, 16=0.0%, 32=0.0%, 64=0.0%, >=64=0.0%
     issued rwts: total=0,1249060,0,0 short=0,0,0,0 dropped=0,0,0,0
     latency   : target=0, window=0, percentile=100.00%, depth=4

Run status group 0 (all jobs):
  WRITE: bw=130MiB/s (136MB/s), 130MiB/s-130MiB/s (136MB/s-136MB/s), io=38.1GiB (40.9GB), run=300001-300001msec

random-writers: (groupid=0, jobs=1): err= 0: pid=37022: Mon Jul 12 09:57:42 2021
  write: IOPS=3057, BW=95.5MiB/s (100MB/s)(28.0GiB/300183msec); 0 zone resets
    slat (usec): min=92, max=694511, avg=305.24, stdev=5935.83
    clat (usec): min=24, max=780179, avg=985.65, stdev=10992.04
     lat (usec): min=412, max=811428, avg=1292.03, stdev=12611.65
    clat percentiles (usec):
     |  1.00th=[   404],  5.00th=[   408], 10.00th=[   412], 20.00th=[   412],
     | 30.00th=[   416], 40.00th=[   420], 50.00th=[   424], 60.00th=[   441],
     | 70.00th=[   453], 80.00th=[   474], 90.00th=[   510], 95.00th=[   537],
     | 99.00th=[   627], 99.50th=[   848], 99.90th=[208667], 99.95th=[254804],
     | 99.99th=[371196]
   bw (  KiB/s): min=  192, max=231616, per=100.00%, avg=98543.58, stdev=99413.60, samples=596
   iops        : min=    6, max= 7238, avg=3079.48, stdev=3106.67, samples=596
  lat (usec)   : 50=0.01%, 500=88.89%, 750=10.49%, 1000=0.20%
  lat (msec)   : 2=0.05%, 4=0.01%, 10=0.02%, 20=0.02%, 50=0.03%
  lat (msec)   : 100=0.07%, 250=0.17%, 500=0.05%, 750=0.01%, 1000=0.01%
  cpu          : usr=3.96%, sys=44.17%, ctx=1523, majf=0, minf=38
  IO depths    : 1=0.1%, 2=0.1%, 4=100.0%, 8=0.0%, 16=0.0%, 32=0.0%, >=64=0.0%
     submit    : 0=0.0%, 4=100.0%, 8=0.0%, 16=0.0%, 32=0.0%, 64=0.0%, >=64=0.0%
     complete  : 0=0.0%, 4=100.0%, 8=0.0%, 16=0.0%, 32=0.0%, 64=0.0%, >=64=0.0%
     issued rwts: total=0,917690,0,0 short=0,0,0,0 dropped=0,0,0,0
     latency   : target=0, window=0, percentile=100.00%, depth=4

Run status group 0 (all jobs):
  WRITE: bw=95.5MiB/s (100MB/s), 95.5MiB/s-95.5MiB/s (100MB/s-100MB/s), io=28.0GiB (30.1GB), run=300183-300183msec

random-writers: (groupid=0, jobs=1): err= 0: pid=64943: Mon Jul 12 09:57:42 2021
  write: IOPS=3057, BW=95.5MiB/s (100MB/s)(28.0GiB/300190msec); 0 zone resets
    slat (usec): min=92, max=848094, avg=305.00, stdev=6177.63
    clat (usec): min=15, max=848546, avg=985.71, stdev=11416.35
     lat (usec): min=411, max=848718, avg=1291.84, stdev=13101.16
    clat percentiles (usec):
     |  1.00th=[   404],  5.00th=[   408], 10.00th=[   412], 20.00th=[   412],
     | 30.00th=[   416], 40.00th=[   420], 50.00th=[   429], 60.00th=[   445],
     | 70.00th=[   457], 80.00th=[   478], 90.00th=[   519], 95.00th=[   537],
     | 99.00th=[   619], 99.50th=[   799], 99.90th=[212861], 99.95th=[265290],
     | 99.99th=[417334]
   bw (  KiB/s): min=   64, max=234880, per=100.00%, avg=98370.04, stdev=99260.75, samples=597
   iops        : min=    2, max= 7340, avg=3074.06, stdev=3101.90, samples=597
  lat (usec)   : 20=0.01%, 500=87.46%, 750=11.97%, 1000=0.17%
  lat (msec)   : 2=0.04%, 4=0.01%, 10=0.02%, 20=0.02%, 50=0.03%
  lat (msec)   : 100=0.07%, 250=0.16%, 500=0.05%, 750=0.01%, 1000=0.01%
  cpu          : usr=4.03%, sys=44.35%, ctx=1432, majf=0, minf=38
  IO depths    : 1=0.1%, 2=0.1%, 4=100.0%, 8=0.0%, 16=0.0%, 32=0.0%, >=64=0.0%
     submit    : 0=0.0%, 4=100.0%, 8=0.0%, 16=0.0%, 32=0.0%, 64=0.0%, >=64=0.0%
     complete  : 0=0.0%, 4=100.0%, 8=0.0%, 16=0.0%, 32=0.0%, 64=0.0%, >=64=0.0%
     issued rwts: total=0,917690,0,0 short=0,0,0,0 dropped=0,0,0,0
     latency   : target=0, window=0, percentile=100.00%, depth=4

Run status group 0 (all jobs):
  WRITE: bw=95.5MiB/s (100MB/s), 95.5MiB/s-95.5MiB/s (100MB/s-100MB/s), io=28.0GiB (30.1GB), run=300190-300190msec

random-writers: (groupid=0, jobs=1): err= 0: pid=41811: Mon Jul 12 09:57:42 2021
  write: IOPS=3058, BW=95.6MiB/s (100MB/s)(28.0GiB/300089msec); 0 zone resets
    slat (usec): min=92, max=837540, avg=305.03, stdev=6077.67
    clat (usec): min=14, max=838229, avg=985.21, stdev=11196.62
     lat (usec): min=411, max=838527, avg=1291.37, stdev=12844.43
    clat percentiles (usec):
     |  1.00th=[   404],  5.00th=[   408], 10.00th=[   412], 20.00th=[   416],
     | 30.00th=[   416], 40.00th=[   420], 50.00th=[   429], 60.00th=[   441],
     | 70.00th=[   453], 80.00th=[   474], 90.00th=[   510], 95.00th=[   537],
     | 99.00th=[   611], 99.50th=[   758], 99.90th=[208667], 99.95th=[252707],
     | 99.99th=[375391]
   bw (  KiB/s): min=  192, max=233216, per=100.00%, avg=98549.68, stdev=99685.21, samples=596
   iops        : min=    6, max= 7288, avg=3079.68, stdev=3115.17, samples=596
  lat (usec)   : 20=0.01%, 500=88.30%, 750=11.18%, 1000=0.11%
  lat (msec)   : 2=0.03%, 4=0.01%, 10=0.02%, 20=0.02%, 50=0.04%
  lat (msec)   : 100=0.06%, 250=0.17%, 500=0.05%, 750=0.01%, 1000=0.01%
  cpu          : usr=3.90%, sys=44.38%, ctx=1463, majf=0, minf=38
  IO depths    : 1=0.1%, 2=0.1%, 4=100.0%, 8=0.0%, 16=0.0%, 32=0.0%, >=64=0.0%
     submit    : 0=0.0%, 4=100.0%, 8=0.0%, 16=0.0%, 32=0.0%, 64=0.0%, >=64=0.0%
     complete  : 0=0.0%, 4=100.0%, 8=0.0%, 16=0.0%, 32=0.0%, 64=0.0%, >=64=0.0%
     issued rwts: total=0,917790,0,0 short=0,0,0,0 dropped=0,0,0,0
     latency   : target=0, window=0, percentile=100.00%, depth=4

Run status group 0 (all jobs):
  WRITE: bw=95.6MiB/s (100MB/s), 95.6MiB/s-95.6MiB/s (100MB/s-100MB/s), io=28.0GiB (30.1GB), run=300089-300089msec

random-writers: (groupid=0, jobs=1): err= 0: pid=45068: Mon Jul 12 09:57:42 2021
  write: IOPS=3056, BW=95.5MiB/s (100MB/s)(28.0GiB/300178msec); 0 zone resets
    slat (usec): min=92, max=876173, avg=305.12, stdev=6207.92
    clat (usec): min=14, max=876588, avg=985.73, stdev=11465.80
     lat (usec): min=410, max=876735, avg=1292.00, stdev=13211.09
    clat percentiles (usec):
     |  1.00th=[   404],  5.00th=[   408], 10.00th=[   412], 20.00th=[   416],
     | 30.00th=[   416], 40.00th=[   420], 50.00th=[   433], 60.00th=[   445],
     | 70.00th=[   457], 80.00th=[   474], 90.00th=[   515], 95.00th=[   537],
     | 99.00th=[   668], 99.50th=[   947], 99.90th=[217056], 99.95th=[267387],
     | 99.99th=[396362]
   bw (  KiB/s): min=   64, max=232960, per=100.00%, avg=98375.82, stdev=99513.37, samples=597
   iops        : min=    2, max= 7280, avg=3074.23, stdev=3109.79, samples=597
  lat (usec)   : 20=0.01%, 500=87.78%, 750=11.46%, 1000=0.29%
  lat (msec)   : 2=0.12%, 4=0.01%, 10=0.02%, 20=0.01%, 50=0.03%
  lat (msec)   : 100=0.05%, 250=0.15%, 500=0.06%, 750=0.01%, 1000=0.01%
  cpu          : usr=3.94%, sys=44.56%, ctx=1340, majf=0, minf=38
  IO depths    : 1=0.1%, 2=0.1%, 4=100.0%, 8=0.0%, 16=0.0%, 32=0.0%, >=64=0.0%
     submit    : 0=0.0%, 4=100.0%, 8=0.0%, 16=0.0%, 32=0.0%, 64=0.0%, >=64=0.0%
     complete  : 0=0.0%, 4=100.0%, 8=0.0%, 16=0.0%, 32=0.0%, 64=0.0%, >=64=0.0%
     issued rwts: total=0,917638,0,0 short=0,0,0,0 dropped=0,0,0,0
     latency   : target=0, window=0, percentile=100.00%, depth=4

Run status group 0 (all jobs):
  WRITE: bw=95.5MiB/s (100MB/s), 95.5MiB/s-95.5MiB/s (100MB/s-100MB/s), io=28.0GiB (30.1GB), run=300178-300178msec


Batch Job Summary Report (version 21.01.1) for Job "fioTest" (1470570) on tave

Job information (1/2)
-----------------------------------------------------------------------------------------------------
             Submit            Eligible               Start                 End    Elapsed Time limit
------------------- ------------------- ------------------- ------------------- ---------- ----------
2021-07-12T09:52:38 2021-07-12T09:52:38 2021-07-12T09:52:38 2021-07-12T09:57:48   00:05:10   00:06:00
-----------------------------------------------------------------------------------------------------

Job information (2/2)
-------------------------------------------------------------
    Username      Account    Partition   NNodes        Energy
------------ ------------ ------------ -------- -------------
    afilipci         g138       normal        8    316.280 kJ

