random-writers: (g=0): rw=randwrite, bs=(R) 32.0KiB-32.0KiB, (W) 32.0KiB-32.0KiB, (T) 32.0KiB-32.0KiB, ioengine=libaio, iodepth=4
...
fio-3.27-32-g77c7-dirty
Starting 4 processes
random-writers: (g=0): rw=randwrite, bs=(R) 32.0KiB-32.0KiB, (W) 32.0KiB-32.0KiB, (T) 32.0KiB-32.0KiB, ioengine=libaio, iodepth=4
...
fio-3.27-32-g77c7-dirty
Starting 4 processes
random-writers: (g=0): rw=randwrite, bs=(R) 32.0KiB-32.0KiB, (W) 32.0KiB-32.0KiB, (T) 32.0KiB-32.0KiB, ioengine=libaio, iodepth=4
...
fio-3.27-32-g77c7-dirty
Starting 4 processes
random-writers: (g=0): rw=randwrite, bs=(R) 32.0KiB-32.0KiB, (W) 32.0KiB-32.0KiB, (T) 32.0KiB-32.0KiB, ioengine=libaio, iodepth=4
...
fio-3.27-32-g77c7-dirty
Starting 4 processes
random-writers: (g=0): rw=randwrite, bs=(R) 32.0KiB-32.0KiB, (W) 32.0KiB-32.0KiB, (T) 32.0KiB-32.0KiB, ioengine=libaio, iodepth=4
...
fio-3.27-32-g77c7-dirty
Starting 4 processes
random-writers: (g=0): rw=randwrite, bs=(R) 32.0KiB-32.0KiB, (W) 32.0KiB-32.0KiB, (T) 32.0KiB-32.0KiB, ioengine=libaio, iodepth=4
...
fio-3.27-32-g77c7-dirty
Starting 4 processes
random-writers: (g=0): rw=randwrite, bs=(R) 32.0KiB-32.0KiB, (W) 32.0KiB-32.0KiB, (T) 32.0KiB-32.0KiB, ioengine=libaio, iodepth=4
...
fio-3.27-32-g77c7-dirty
Starting 4 processes
random-writers: (g=0): rw=randwrite, bs=(R) 32.0KiB-32.0KiB, (W) 32.0KiB-32.0KiB, (T) 32.0KiB-32.0KiB, ioengine=libaio, iodepth=4
...
fio-3.27-32-g77c7-dirty
Starting 4 processes

random-writers: (groupid=0, jobs=1): err= 0: pid=208237: Wed Jul 21 09:04:49 2021
  write: IOPS=1276, BW=39.9MiB/s (41.8MB/s)(11.7GiB/300001msec); 0 zone resets
    slat (usec): min=95, max=1386.3k, avg=748.94, stdev=13776.05
    clat (usec): min=13, max=1460.2k, avg=2355.67, stdev=24949.80
     lat (usec): min=160, max=1460.4k, avg=3105.95, stdev=28580.19
    clat percentiles (usec):
     |  1.00th=[   441],  5.00th=[   474], 10.00th=[   494], 20.00th=[   523],
     | 30.00th=[   545], 40.00th=[   553], 50.00th=[   570], 60.00th=[   586],
     | 70.00th=[   611], 80.00th=[   635], 90.00th=[   685], 95.00th=[   758],
     | 99.00th=[ 22414], 99.50th=[108528], 99.90th=[396362], 99.95th=[530580],
     | 99.99th=[834667]
   bw (  KiB/s): min=   22, max=2467469, per=26.64%, avg=56546.64, stdev=12699.47, samples=382865
   iops        : min=    2, max= 5732, avg=1350.64, stdev=1378.37, samples=566
  lat (usec)   : 20=0.01%, 50=0.01%, 250=0.01%, 500=11.66%, 750=83.11%
  lat (usec)   : 1000=3.17%
  lat (msec)   : 2=0.69%, 4=0.06%, 10=0.10%, 20=0.17%, 50=0.29%
  lat (msec)   : 100=0.22%, 250=0.29%, 500=0.17%, 750=0.04%, 1000=0.02%
  lat (msec)   : 2000=0.01%
  cpu          : usr=2.28%, sys=24.92%, ctx=2027, majf=0, minf=3040
  IO depths    : 1=0.1%, 2=0.1%, 4=100.0%, 8=0.0%, 16=0.0%, 32=0.0%, >=64=0.0%
     submit    : 0=0.0%, 4=100.0%, 8=0.0%, 16=0.0%, 32=0.0%, 64=0.0%, >=64=0.0%
     complete  : 0=0.0%, 4=100.0%, 8=0.0%, 16=0.0%, 32=0.0%, 64=0.0%, >=64=0.0%
     issued rwts: total=0,382865,0,0 short=0,0,0,0 dropped=0,0,0,0
     latency   : target=0, window=0, percentile=100.00%, depth=4
random-writers: (groupid=0, jobs=1): err= 0: pid=208238: Wed Jul 21 09:04:49 2021
  write: IOPS=1207, BW=37.7MiB/s (39.6MB/s)(11.1GiB/300268msec); 0 zone resets
    slat (usec): min=93, max=1970.9k, avg=793.22, stdev=15077.67
    clat (usec): min=18, max=1971.3k, avg=2489.20, stdev=26802.49
     lat (usec): min=170, max=1971.5k, avg=3283.84, stdev=30802.67
    clat percentiles (usec):
     |  1.00th=[   437],  5.00th=[   474], 10.00th=[   490], 20.00th=[   519],
     | 30.00th=[   537], 40.00th=[   553], 50.00th=[   570], 60.00th=[   586],
     | 70.00th=[   603], 80.00th=[   635], 90.00th=[   676], 95.00th=[   750],
     | 99.00th=[ 23987], 99.50th=[124257], 99.90th=[417334], 99.95th=[583009],
     | 99.99th=[868221]
   bw (  KiB/s): min=   16, max=1749492, per=26.77%, avg=56822.22, stdev=12496.17, samples=362599
   iops        : min=    6, max= 5694, avg=1290.37, stdev=1322.59, samples=562
  lat (usec)   : 20=0.01%, 50=0.01%, 250=0.01%, 500=12.71%, 750=82.25%
  lat (usec)   : 1000=3.04%
  lat (msec)   : 2=0.60%, 4=0.08%, 10=0.11%, 20=0.16%, 50=0.27%
  lat (msec)   : 100=0.21%, 250=0.32%, 500=0.18%, 750=0.05%, 1000=0.01%
  lat (msec)   : 2000=0.01%
  cpu          : usr=2.01%, sys=23.61%, ctx=1966, majf=0, minf=2883
  IO depths    : 1=0.1%, 2=0.1%, 4=100.0%, 8=0.0%, 16=0.0%, 32=0.0%, >=64=0.0%
     submit    : 0=0.0%, 4=100.0%, 8=0.0%, 16=0.0%, 32=0.0%, 64=0.0%, >=64=0.0%
     complete  : 0=0.0%, 4=100.0%, 8=0.0%, 16=0.0%, 32=0.0%, 64=0.0%, >=64=0.0%
     issued rwts: total=0,362599,0,0 short=0,0,0,0 dropped=0,0,0,0
     latency   : target=0, window=0, percentile=100.00%, depth=4
random-writers: (groupid=0, jobs=1): err= 0: pid=208239: Wed Jul 21 09:04:49 2021
  write: IOPS=1967, BW=61.5MiB/s (64.5MB/s)(18.0GiB/300022msec); 0 zone resets
    slat (usec): min=92, max=1996.1k, avg=485.08, stdev=13880.58
    clat (usec): min=18, max=1996.8k, avg=1529.14, stdev=24747.43
     lat (usec): min=147, max=1996.9k, avg=2015.40, stdev=28724.24
    clat percentiles (usec):
     |  1.00th=[   412],  5.00th=[   416], 10.00th=[   420], 20.00th=[   424],
     | 30.00th=[   433], 40.00th=[   445], 50.00th=[   457], 60.00th=[   465],
     | 70.00th=[   478], 80.00th=[   498], 90.00th=[   537], 95.00th=[   553],
     | 99.00th=[   701], 99.50th=[   873], 99.90th=[425722], 99.95th=[566232],
     | 99.99th=[977273]
   bw (  KiB/s): min=   16, max=1777006, per=33.38%, avg=70855.11, stdev=10086.36, samples=590297
   iops        : min=    2, max= 7136, avg=2198.15, stdev=2923.90, samples=537
  lat (usec)   : 20=0.01%, 50=0.01%, 250=0.01%, 500=80.86%, 750=18.34%
  lat (usec)   : 1000=0.41%
  lat (msec)   : 2=0.05%, 4=0.01%, 10=0.01%, 20=0.01%, 50=0.02%
  lat (msec)   : 100=0.03%, 250=0.07%, 500=0.10%, 750=0.05%, 1000=0.01%
  lat (msec)   : 2000=0.01%
  cpu          : usr=2.85%, sys=29.48%, ctx=959, majf=0, minf=4662
  IO depths    : 1=0.1%, 2=0.1%, 4=100.0%, 8=0.0%, 16=0.0%, 32=0.0%, >=64=0.0%
     submit    : 0=0.0%, 4=100.0%, 8=0.0%, 16=0.0%, 32=0.0%, 64=0.0%, >=64=0.0%
     complete  : 0=0.0%, 4=100.0%, 8=0.0%, 16=0.0%, 32=0.0%, 64=0.0%, >=64=0.0%
     issued rwts: total=0,590297,0,0 short=0,0,0,0 dropped=0,0,0,0
     latency   : target=0, window=0, percentile=100.00%, depth=4
random-writers: (groupid=0, jobs=1): err= 0: pid=208240: Wed Jul 21 09:04:49 2021
  write: IOPS=2185, BW=68.3MiB/s (71.6MB/s)(20.0GiB/300220msec); 0 zone resets
    slat (usec): min=92, max=2337.6k, avg=431.64, stdev=11718.03
    clat (usec): min=18, max=2338.0k, avg=1377.26, stdev=20906.61
     lat (usec): min=156, max=2338.1k, avg=1810.11, stdev=24166.08
    clat percentiles (usec):
     |  1.00th=[   412],  5.00th=[   420], 10.00th=[   424], 20.00th=[   433],
     | 30.00th=[   449], 40.00th=[   465], 50.00th=[   478], 60.00th=[   494],
     | 70.00th=[   515], 80.00th=[   537], 90.00th=[   562], 95.00th=[   594],
     | 99.00th=[   766], 99.50th=[   955], 99.90th=[337642], 99.95th=[471860],
     | 99.99th=[826278]
   bw (  KiB/s): min=   14, max=1800439, per=31.93%, avg=67789.78, stdev=10585.24, samples=656084
   iops        : min=    2, max= 7116, avg=2364.25, stdev=2729.43, samples=555
  lat (usec)   : 20=0.01%, 50=0.01%, 250=0.01%, 500=64.04%, 750=34.89%
  lat (usec)   : 1000=0.61%
  lat (msec)   : 2=0.09%, 4=0.02%, 10=0.02%, 20=0.02%, 50=0.03%
  lat (msec)   : 100=0.04%, 250=0.10%, 500=0.10%, 750=0.03%, 1000=0.01%
  lat (msec)   : 2000=0.01%, >=2000=0.01%
  cpu          : usr=3.25%, sys=34.83%, ctx=1152, majf=0, minf=5176
  IO depths    : 1=0.1%, 2=0.1%, 4=100.0%, 8=0.0%, 16=0.0%, 32=0.0%, >=64=0.0%
     submit    : 0=0.0%, 4=100.0%, 8=0.0%, 16=0.0%, 32=0.0%, 64=0.0%, >=64=0.0%
     complete  : 0=0.0%, 4=100.0%, 8=0.0%, 16=0.0%, 32=0.0%, 64=0.0%, >=64=0.0%
     issued rwts: total=0,656084,0,0 short=0,0,0,0 dropped=0,0,0,0
     latency   : target=0, window=0, percentile=100.00%, depth=4

Run status group 0 (all jobs):
  WRITE: bw=207MiB/s (217MB/s), 37.7MiB/s-68.3MiB/s (39.6MB/s-71.6MB/s), io=60.8GiB (65.3GB), run=300001-300268msec

random-writers: (groupid=0, jobs=1): err= 0: pid=195024: Wed Jul 21 09:04:50 2021
  write: IOPS=1332, BW=41.6MiB/s (43.7MB/s)(12.2GiB/300014msec); 0 zone resets
    slat (usec): min=93, max=1351.7k, avg=719.15, stdev=13863.46
    clat (usec): min=18, max=1352.4k, avg=2255.71, stdev=24708.93
     lat (usec): min=170, max=1352.6k, avg=2976.10, stdev=28436.78
    clat percentiles (usec):
     |  1.00th=[   404],  5.00th=[   453], 10.00th=[   469], 20.00th=[   498],
     | 30.00th=[   519], 40.00th=[   537], 50.00th=[   553], 60.00th=[   570],
     | 70.00th=[   586], 80.00th=[   619], 90.00th=[   660], 95.00th=[   717],
     | 99.00th=[ 11731], 99.50th=[100140], 99.90th=[396362], 99.95th=[549454],
     | 99.99th=[859833]
   bw (  KiB/s): min=   24, max=1792560, per=25.91%, avg=58920.06, stdev=12644.91, samples=399861
   iops        : min=    2, max= 6090, avg=1400.66, stdev=1560.97, samples=570
  lat (usec)   : 20=0.01%, 50=0.01%, 250=0.01%, 500=21.59%, 750=74.57%
  lat (usec)   : 1000=2.23%
  lat (msec)   : 2=0.44%, 4=0.05%, 10=0.09%, 20=0.12%, 50=0.21%
  lat (msec)   : 100=0.19%, 250=0.27%, 500=0.17%, 750=0.05%, 1000=0.01%
  lat (msec)   : 2000=0.01%
  cpu          : usr=2.14%, sys=24.94%, ctx=1791, majf=0, minf=3172
  IO depths    : 1=0.1%, 2=0.1%, 4=100.0%, 8=0.0%, 16=0.0%, 32=0.0%, >=64=0.0%
     submit    : 0=0.0%, 4=100.0%, 8=0.0%, 16=0.0%, 32=0.0%, 64=0.0%, >=64=0.0%
     complete  : 0=0.0%, 4=100.0%, 8=0.0%, 16=0.0%, 32=0.0%, 64=0.0%, >=64=0.0%
     issued rwts: total=0,399861,0,0 short=0,0,0,0 dropped=0,0,0,0
     latency   : target=0, window=0, percentile=100.00%, depth=4
random-writers: (groupid=0, jobs=1): err= 0: pid=195025: Wed Jul 21 09:04:50 2021
  write: IOPS=2500, BW=78.1MiB/s (81.9MB/s)(22.9GiB/300001msec); 0 zone resets
    slat (usec): min=92, max=1501.5k, avg=376.32, stdev=9685.88
    clat (usec): min=12, max=1502.1k, avg=1204.08, stdev=17367.49
     lat (usec): min=150, max=1502.3k, avg=1581.55, stdev=20076.86
    clat percentiles (usec):
     |  1.00th=[   412],  5.00th=[   416], 10.00th=[   420], 20.00th=[   424],
     | 30.00th=[   429], 40.00th=[   437], 50.00th=[   449], 60.00th=[   469],
     | 70.00th=[   486], 80.00th=[   506], 90.00th=[   537], 95.00th=[   562],
     | 99.00th=[   676], 99.50th=[   857], 99.90th=[316670], 99.95th=[421528],
     | 99.99th=[641729]
   bw (  KiB/s): min=   21, max=2726123, per=31.12%, avg=70764.52, stdev=10360.38, samples=750166
   iops        : min=    2, max= 7170, avg=2602.58, stdev=2847.25, samples=575
  lat (usec)   : 20=0.01%, 50=0.01%, 250=0.01%, 500=78.33%, 750=20.97%
  lat (usec)   : 1000=0.33%
  lat (msec)   : 2=0.05%, 4=0.01%, 10=0.02%, 20=0.01%, 50=0.03%
  lat (msec)   : 100=0.04%, 250=0.08%, 500=0.11%, 750=0.02%, 1000=0.01%
  lat (msec)   : 2000=0.01%
  cpu          : usr=3.55%, sys=37.82%, ctx=1307, majf=0, minf=5912
  IO depths    : 1=0.1%, 2=0.1%, 4=100.0%, 8=0.0%, 16=0.0%, 32=0.0%, >=64=0.0%
     submit    : 0=0.0%, 4=100.0%, 8=0.0%, 16=0.0%, 32=0.0%, 64=0.0%, >=64=0.0%
     complete  : 0=0.0%, 4=100.0%, 8=0.0%, 16=0.0%, 32=0.0%, 64=0.0%, >=64=0.0%
     issued rwts: total=0,750166,0,0 short=0,0,0,0 dropped=0,0,0,0
     latency   : target=0, window=0, percentile=100.00%, depth=4
random-writers: (groupid=0, jobs=1): err= 0: pid=195026: Wed Jul 21 09:04:50 2021
  write: IOPS=1424, BW=44.5MiB/s (46.7MB/s)(13.0GiB/300061msec); 0 zone resets
    slat (usec): min=93, max=1452.0k, avg=671.86, stdev=13546.24
    clat (usec): min=15, max=1452.4k, avg=2111.24, stdev=24193.96
     lat (usec): min=169, max=1500.7k, avg=2784.34, stdev=27861.68
    clat percentiles (usec):
     |  1.00th=[   383],  5.00th=[   445], 10.00th=[   465], 20.00th=[   482],
     | 30.00th=[   502], 40.00th=[   529], 50.00th=[   545], 60.00th=[   562],
     | 70.00th=[   578], 80.00th=[   603], 90.00th=[   635], 95.00th=[   676],
     | 99.00th=[  2868], 99.50th=[ 87557], 99.90th=[400557], 99.95th=[517997],
     | 99.99th=[851444]
   bw (  KiB/s): min=   22, max=2104560, per=26.67%, avg=60661.57, stdev=12804.76, samples=427321
   iops        : min=    2, max= 6324, avg=1488.59, stdev=1802.69, samples=574
  lat (usec)   : 20=0.01%, 250=0.01%, 500=28.80%, 750=69.04%, 1000=1.01%
  lat (msec)   : 2=0.12%, 4=0.04%, 10=0.08%, 20=0.10%, 50=0.18%
  lat (msec)   : 100=0.16%, 250=0.24%, 500=0.16%, 750=0.04%, 1000=0.01%
  lat (msec)   : 2000=0.01%
  cpu          : usr=2.15%, sys=25.92%, ctx=1731, majf=0, minf=3388
  IO depths    : 1=0.1%, 2=0.1%, 4=100.0%, 8=0.0%, 16=0.0%, 32=0.0%, >=64=0.0%
     submit    : 0=0.0%, 4=100.0%, 8=0.0%, 16=0.0%, 32=0.0%, 64=0.0%, >=64=0.0%
     complete  : 0=0.0%, 4=100.0%, 8=0.0%, 16=0.0%, 32=0.0%, 64=0.0%, >=64=0.0%
     issued rwts: total=0,427321,0,0 short=0,0,0,0 dropped=0,0,0,0
     latency   : target=0, window=0, percentile=100.00%, depth=4
random-writers: (groupid=0, jobs=1): err= 0: pid=195027: Wed Jul 21 09:04:50 2021
  write: IOPS=1856, BW=58.0MiB/s (60.8MB/s)(17.0GiB/300434msec); 0 zone resets
    slat (usec): min=92, max=2182.6k, avg=514.81, stdev=14900.48
    clat (usec): min=18, max=2718.1k, avg=1620.08, stdev=26600.59
     lat (usec): min=155, max=2718.3k, avg=2136.06, stdev=30906.92
    clat percentiles (usec):
     |  1.00th=[    412],  5.00th=[    420], 10.00th=[    424],
     | 20.00th=[    429], 30.00th=[    433], 40.00th=[    445],
     | 50.00th=[    457], 60.00th=[    469], 70.00th=[    486],
     | 80.00th=[    510], 90.00th=[    545], 95.00th=[    570],
     | 99.00th=[    693], 99.50th=[    898], 99.90th=[ 471860],
     | 99.95th=[ 608175], 99.99th=[1069548]
   bw (  KiB/s): min=   12, max=1771243, per=30.85%, avg=70162.12, stdev=10493.07, samples=557842
   iops        : min=    2, max= 7074, avg=2097.13, stdev=2859.64, samples=532
  lat (usec)   : 20=0.01%, 50=0.01%, 250=0.01%, 500=76.46%, 750=22.76%
  lat (usec)   : 1000=0.36%
  lat (msec)   : 2=0.05%, 4=0.02%, 10=0.02%, 20=0.02%, 50=0.03%
  lat (msec)   : 100=0.03%, 250=0.06%, 500=0.10%, 750=0.06%, 1000=0.01%
  lat (msec)   : 2000=0.01%, >=2000=0.01%
  cpu          : usr=2.63%, sys=28.32%, ctx=1054, majf=0, minf=4409
  IO depths    : 1=0.1%, 2=0.1%, 4=100.0%, 8=0.0%, 16=0.0%, 32=0.0%, >=64=0.0%
     submit    : 0=0.0%, 4=100.0%, 8=0.0%, 16=0.0%, 32=0.0%, 64=0.0%, >=64=0.0%
     complete  : 0=0.0%, 4=100.0%, 8=0.0%, 16=0.0%, 32=0.0%, 64=0.0%, >=64=0.0%
     issued rwts: total=0,557842,0,0 short=0,0,0,0 dropped=0,0,0,0
     latency   : target=0, window=0, percentile=100.00%, depth=4

Run status group 0 (all jobs):
  WRITE: bw=222MiB/s (233MB/s), 41.6MiB/s-78.1MiB/s (43.7MB/s-81.9MB/s), io=65.2GiB (70.0GB), run=300001-300434msec

random-writers: (groupid=0, jobs=1): err= 0: pid=148025: Wed Jul 21 09:04:50 2021
  write: IOPS=2294, BW=71.7MiB/s (75.2MB/s)(21.0GiB/300271msec); 0 zone resets
    slat (usec): min=93, max=1346.2k, avg=411.31, stdev=10664.70
    clat (usec): min=18, max=1346.8k, avg=1311.86, stdev=19028.29
     lat (usec): min=153, max=1347.0k, avg=1724.27, stdev=21988.19
    clat percentiles (usec):
     |  1.00th=[   412],  5.00th=[   416], 10.00th=[   420], 20.00th=[   429],
     | 30.00th=[   433], 40.00th=[   449], 50.00th=[   461], 60.00th=[   474],
     | 70.00th=[   490], 80.00th=[   515], 90.00th=[   537], 95.00th=[   570],
     | 99.00th=[   693], 99.50th=[   881], 99.90th=[346031], 99.95th=[463471],
     | 99.99th=[750781]
   bw (  KiB/s): min=   24, max=1800439, per=23.61%, avg=70062.81, stdev=9991.35, samples=688965
   iops        : min=    2, max= 7146, avg=2425.92, stdev=2949.75, samples=568
  lat (usec)   : 20=0.01%, 50=0.01%, 250=0.01%, 500=75.60%, 750=23.65%
  lat (usec)   : 1000=0.36%
  lat (msec)   : 2=0.07%, 4=0.01%, 10=0.01%, 20=0.01%, 50=0.03%
  lat (msec)   : 100=0.03%, 250=0.07%, 500=0.11%, 750=0.03%, 1000=0.01%
  lat (msec)   : 2000=0.01%
  cpu          : usr=3.30%, sys=35.20%, ctx=1144, majf=0, minf=5432
  IO depths    : 1=0.1%, 2=0.1%, 4=100.0%, 8=0.0%, 16=0.0%, 32=0.0%, >=64=0.0%
     submit    : 0=0.0%, 4=100.0%, 8=0.0%, 16=0.0%, 32=0.0%, 64=0.0%, >=64=0.0%
     complete  : 0=0.0%, 4=100.0%, 8=0.0%, 16=0.0%, 32=0.0%, 64=0.0%, >=64=0.0%
     issued rwts: total=0,688965,0,0 short=0,0,0,0 dropped=0,0,0,0
     latency   : target=0, window=0, percentile=100.00%, depth=4
random-writers: (groupid=0, jobs=1): err= 0: pid=148026: Wed Jul 21 09:04:50 2021
  write: IOPS=1856, BW=58.0MiB/s (60.8MB/s)(17.0GiB/300280msec); 0 zone resets
    slat (usec): min=93, max=2858.4k, avg=514.58, stdev=15049.96
    clat (usec): min=18, max=2858.9k, avg=1620.08, stdev=26736.42
     lat (usec): min=154, max=3663.5k, avg=2135.81, stdev=31096.39
    clat percentiles (usec):
     |  1.00th=[    412],  5.00th=[    420], 10.00th=[    424],
     | 20.00th=[    429], 30.00th=[    437], 40.00th=[    449],
     | 50.00th=[    461], 60.00th=[    474], 70.00th=[    486],
     | 80.00th=[    506], 90.00th=[    537], 95.00th=[    562],
     | 99.00th=[    644], 99.50th=[    824], 99.90th=[ 455082],
     | 99.95th=[ 591397], 99.99th=[1002439]
   bw (  KiB/s): min=   11, max=1768280, per=23.64%, avg=70149.09, stdev=10440.60, samples=557539
   iops        : min=    2, max= 7146, avg=2115.88, stdev=2870.20, samples=527
  lat (usec)   : 20=0.01%, 50=0.01%, 250=0.01%, 500=77.51%, 750=21.87%
  lat (usec)   : 1000=0.25%
  lat (msec)   : 2=0.03%, 4=0.02%, 10=0.01%, 20=0.01%, 50=0.03%
  lat (msec)   : 100=0.03%, 250=0.06%, 500=0.11%, 750=0.06%, 1000=0.01%
  lat (msec)   : 2000=0.01%, >=2000=0.01%
  cpu          : usr=2.65%, sys=28.32%, ctx=918, majf=0, minf=4408
  IO depths    : 1=0.1%, 2=0.1%, 4=100.0%, 8=0.0%, 16=0.0%, 32=0.0%, >=64=0.0%
     submit    : 0=0.0%, 4=100.0%, 8=0.0%, 16=0.0%, 32=0.0%, 64=0.0%, >=64=0.0%
     complete  : 0=0.0%, 4=100.0%, 8=0.0%, 16=0.0%, 32=0.0%, 64=0.0%, >=64=0.0%
     issued rwts: total=0,557539,0,0 short=0,0,0,0 dropped=0,0,0,0
     latency   : target=0, window=0, percentile=100.00%, depth=4
random-writers: (groupid=0, jobs=1): err= 0: pid=148027: Wed Jul 21 09:04:50 2021
  write: IOPS=2403, BW=75.1MiB/s (78.8MB/s)(22.0GiB/300027msec); 0 zone resets
    slat (usec): min=93, max=1552.1k, avg=390.59, stdev=10494.89
    clat (usec): min=18, max=1552.7k, avg=1252.49, stdev=18815.85
     lat (usec): min=158, max=1553.0k, avg=1644.27, stdev=21675.00
    clat percentiles (usec):
     |  1.00th=[   412],  5.00th=[   420], 10.00th=[   424], 20.00th=[   429],
     | 30.00th=[   437], 40.00th=[   449], 50.00th=[   461], 60.00th=[   478],
     | 70.00th=[   494], 80.00th=[   519], 90.00th=[   545], 95.00th=[   578],
     | 99.00th=[   758], 99.50th=[   971], 99.90th=[320865], 99.95th=[425722],
     | 99.99th=[767558]
   bw (  KiB/s): min=   21, max=1779902, per=23.44%, avg=69544.09, stdev=10198.55, samples=721189
   iops        : min=    2, max= 7202, avg=2539.33, stdev=2965.75, samples=568
  lat (usec)   : 20=0.01%, 50=0.01%, 250=0.01%, 500=73.44%, 750=25.53%
  lat (usec)   : 1000=0.56%
  lat (msec)   : 2=0.15%, 4=0.01%, 10=0.02%, 20=0.02%, 50=0.03%
  lat (msec)   : 100=0.03%, 250=0.08%, 500=0.10%, 750=0.02%, 1000=0.01%
  lat (msec)   : 2000=0.01%
  cpu          : usr=3.46%, sys=37.41%, ctx=1148, majf=0, minf=5685
  IO depths    : 1=0.1%, 2=0.1%, 4=100.0%, 8=0.0%, 16=0.0%, 32=0.0%, >=64=0.0%
     submit    : 0=0.0%, 4=100.0%, 8=0.0%, 16=0.0%, 32=0.0%, 64=0.0%, >=64=0.0%
     complete  : 0=0.0%, 4=100.0%, 8=0.0%, 16=0.0%, 32=0.0%, 64=0.0%, >=64=0.0%
     issued rwts: total=0,721189,0,0 short=0,0,0,0 dropped=0,0,0,0
     latency   : target=0, window=0, percentile=100.00%, depth=4
random-writers: (groupid=0, jobs=1): err= 0: pid=148028: Wed Jul 21 09:04:50 2021
  write: IOPS=2721, BW=85.1MiB/s (89.2MB/s)(24.9GiB/300001msec); 0 zone resets
    slat (usec): min=92, max=2657.7k, avg=343.44, stdev=8800.75
    clat (usec): min=11, max=2658.1k, avg=1106.53, stdev=15895.23
     lat (usec): min=144, max=2658.2k, avg=1451.12, stdev=18338.09
    clat percentiles (usec):
     |  1.00th=[   408],  5.00th=[   416], 10.00th=[   420], 20.00th=[   424],
     | 30.00th=[   429], 40.00th=[   433], 50.00th=[   445], 60.00th=[   461],
     | 70.00th=[   478], 80.00th=[   494], 90.00th=[   537], 95.00th=[   553],
     | 99.00th=[   685], 99.50th=[   881], 99.90th=[258999], 99.95th=[350225],
     | 99.99th=[566232]
   bw (  KiB/s): min=   12, max=2786394, per=24.08%, avg=71440.46, stdev=9979.31, samples=816557
   iops        : min=    2, max= 7210, avg=2804.80, stdev=3059.23, samples=581
  lat (usec)   : 20=0.01%, 50=0.01%, 250=0.01%, 500=81.77%, 750=17.50%
  lat (usec)   : 1000=0.33%
  lat (msec)   : 2=0.07%, 4=0.01%, 10=0.01%, 20=0.02%, 50=0.03%
  lat (msec)   : 100=0.04%, 250=0.10%, 500=0.09%, 750=0.01%, 1000=0.01%
  lat (msec)   : 2000=0.01%, >=2000=0.01%
  cpu          : usr=3.90%, sys=40.81%, ctx=1480, majf=0, minf=6430
  IO depths    : 1=0.1%, 2=0.1%, 4=100.0%, 8=0.0%, 16=0.0%, 32=0.0%, >=64=0.0%
     submit    : 0=0.0%, 4=100.0%, 8=0.0%, 16=0.0%, 32=0.0%, 64=0.0%, >=64=0.0%
     complete  : 0=0.0%, 4=100.0%, 8=0.0%, 16=0.0%, 32=0.0%, 64=0.0%, >=64=0.0%
     issued rwts: total=0,816557,0,0 short=0,0,0,0 dropped=0,0,0,0
     latency   : target=0, window=0, percentile=100.00%, depth=4

Run status group 0 (all jobs):
  WRITE: bw=290MiB/s (304MB/s), 58.0MiB/s-85.1MiB/s (60.8MB/s-89.2MB/s), io=85.0GiB (91.2GB), run=300001-300280msec

random-writers: (groupid=0, jobs=1): err= 0: pid=179244: Wed Jul 21 09:04:50 2021
  write: IOPS=2513, BW=78.6MiB/s (82.4MB/s)(23.0GiB/300234msec); 0 zone resets
    slat (usec): min=93, max=1661.7k, avg=373.60, stdev=9664.35
    clat (usec): min=17, max=1662.1k, avg=1197.75, stdev=17300.13
     lat (usec): min=151, max=1662.3k, avg=1572.47, stdev=20012.58
    clat percentiles (usec):
     |  1.00th=[   412],  5.00th=[   416], 10.00th=[   420], 20.00th=[   424],
     | 30.00th=[   429], 40.00th=[   433], 50.00th=[   445], 60.00th=[   461],
     | 70.00th=[   478], 80.00th=[   494], 90.00th=[   537], 95.00th=[   553],
     | 99.00th=[   685], 99.50th=[   889], 99.90th=[299893], 99.95th=[383779],
     | 99.99th=[708838]
   bw (  KiB/s): min=   19, max=1915137, per=23.83%, avg=71427.99, stdev=9870.05, samples=754732
   iops        : min=    2, max= 7094, avg=2638.91, stdev=3046.81, samples=572
  lat (usec)   : 20=0.01%, 50=0.01%, 250=0.01%, 500=81.86%, 750=17.39%
  lat (usec)   : 1000=0.35%
  lat (msec)   : 2=0.06%, 4=0.01%, 10=0.01%, 20=0.02%, 50=0.03%
  lat (msec)   : 100=0.04%, 250=0.09%, 500=0.11%, 750=0.01%, 1000=0.01%
  lat (msec)   : 2000=0.01%
  cpu          : usr=3.56%, sys=37.78%, ctx=1349, majf=0, minf=5946
  IO depths    : 1=0.1%, 2=0.1%, 4=100.0%, 8=0.0%, 16=0.0%, 32=0.0%, >=64=0.0%
     submit    : 0=0.0%, 4=100.0%, 8=0.0%, 16=0.0%, 32=0.0%, 64=0.0%, >=64=0.0%
     complete  : 0=0.0%, 4=100.0%, 8=0.0%, 16=0.0%, 32=0.0%, 64=0.0%, >=64=0.0%
     issued rwts: total=0,754732,0,0 short=0,0,0,0 dropped=0,0,0,0
     latency   : target=0, window=0, percentile=100.00%, depth=4
random-writers: (groupid=0, jobs=1): err= 0: pid=179245: Wed Jul 21 09:04:50 2021
  write: IOPS=1857, BW=58.0MiB/s (60.9MB/s)(17.0GiB/300172msec); 0 zone resets
    slat (usec): min=92, max=2881.0k, avg=515.10, stdev=15507.04
    clat (usec): min=18, max=3046.5k, avg=1619.69, stdev=27482.68
     lat (usec): min=155, max=3526.2k, avg=2135.95, stdev=31894.42
    clat percentiles (usec):
     |  1.00th=[    408],  5.00th=[    416], 10.00th=[    420],
     | 20.00th=[    424], 30.00th=[    429], 40.00th=[    433],
     | 50.00th=[    449], 60.00th=[    461], 70.00th=[    474],
     | 80.00th=[    494], 90.00th=[    537], 95.00th=[    553],
     | 99.00th=[    742], 99.50th=[    947], 99.90th=[ 455082],
     | 99.95th=[ 599786], 99.99th=[1052771]
   bw (  KiB/s): min=   10, max=1789525, per=23.85%, avg=71483.75, stdev=10741.98, samples=557473
   iops        : min=    2, max= 7140, avg=2131.59, stdev=2929.61, samples=523
  lat (usec)   : 20=0.01%, 50=0.01%, 250=0.01%, 500=82.40%, 750=16.63%
  lat (usec)   : 1000=0.52%
  lat (msec)   : 2=0.10%, 4=0.01%, 10=0.01%, 20=0.01%, 50=0.03%
  lat (msec)   : 100=0.04%, 250=0.05%, 500=0.11%, 750=0.06%, 1000=0.01%
  lat (msec)   : 2000=0.01%, >=2000=0.01%
  cpu          : usr=2.63%, sys=27.76%, ctx=1022, majf=0, minf=4408
  IO depths    : 1=0.1%, 2=0.1%, 4=100.0%, 8=0.0%, 16=0.0%, 32=0.0%, >=64=0.0%
     submit    : 0=0.0%, 4=100.0%, 8=0.0%, 16=0.0%, 32=0.0%, 64=0.0%, >=64=0.0%
     complete  : 0=0.0%, 4=100.0%, 8=0.0%, 16=0.0%, 32=0.0%, 64=0.0%, >=64=0.0%
     issued rwts: total=0,557473,0,0 short=0,0,0,0 dropped=0,0,0,0
     latency   : target=0, window=0, percentile=100.00%, depth=4
random-writers: (groupid=0, jobs=1): err= 0: pid=179246: Wed Jul 21 09:04:50 2021
  write: IOPS=2399, BW=75.0MiB/s (78.6MB/s)(22.0GiB/300001msec); 0 zone resets
    slat (usec): min=92, max=1925.3k, avg=392.21, stdev=10612.00
    clat (usec): min=11, max=1925.7k, avg=1254.66, stdev=18957.85
     lat (usec): min=149, max=1925.9k, avg=1648.06, stdev=21937.88
    clat percentiles (usec):
     |  1.00th=[   412],  5.00th=[   420], 10.00th=[   420], 20.00th=[   429],
     | 30.00th=[   433], 40.00th=[   449], 50.00th=[   461], 60.00th=[   474],
     | 70.00th=[   490], 80.00th=[   519], 90.00th=[   545], 95.00th=[   586],
     | 99.00th=[   766], 99.50th=[   930], 99.90th=[320865], 99.95th=[429917],
     | 99.99th=[725615]
   bw (  KiB/s): min=   17, max=2827264, per=23.26%, avg=69723.23, stdev=10662.28, samples=719871
   iops        : min=    4, max= 7100, avg=2550.46, stdev=2961.63, samples=563
  lat (usec)   : 20=0.01%, 50=0.01%, 250=0.01%, 500=74.27%, 750=24.66%
  lat (usec)   : 1000=0.65%
  lat (msec)   : 2=0.10%, 4=0.01%, 10=0.01%, 20=0.02%, 50=0.02%
  lat (msec)   : 100=0.03%, 250=0.07%, 500=0.11%, 750=0.03%, 1000=0.01%
  lat (msec)   : 2000=0.01%
  cpu          : usr=3.40%, sys=37.11%, ctx=1126, majf=0, minf=5674
  IO depths    : 1=0.1%, 2=0.1%, 4=100.0%, 8=0.0%, 16=0.0%, 32=0.0%, >=64=0.0%
     submit    : 0=0.0%, 4=100.0%, 8=0.0%, 16=0.0%, 32=0.0%, 64=0.0%, >=64=0.0%
     complete  : 0=0.0%, 4=100.0%, 8=0.0%, 16=0.0%, 32=0.0%, 64=0.0%, >=64=0.0%
     issued rwts: total=0,719871,0,0 short=0,0,0,0 dropped=0,0,0,0
     latency   : target=0, window=0, percentile=100.00%, depth=4
random-writers: (groupid=0, jobs=1): err= 0: pid=179247: Wed Jul 21 09:04:50 2021
  write: IOPS=2600, BW=81.3MiB/s (85.2MB/s)(23.8GiB/300001msec); 0 zone resets
    slat (usec): min=93, max=1258.3k, avg=356.05, stdev=8068.24
    clat (usec): min=11, max=1397.6k, avg=1158.06, stdev=14878.13
     lat (usec): min=145, max=1397.8k, avg=1515.32, stdev=17003.49
    clat percentiles (usec):
     |  1.00th=[   420],  5.00th=[   429], 10.00th=[   433], 20.00th=[   445],
     | 30.00th=[   469], 40.00th=[   482], 50.00th=[   494], 60.00th=[   515],
     | 70.00th=[   529], 80.00th=[   553], 90.00th=[   586], 95.00th=[   619],
     | 99.00th=[   807], 99.50th=[  1057], 99.90th=[242222], 99.95th=[337642],
     | 99.99th=[583009]
   bw (  KiB/s): min=   23, max=2973232, per=21.88%, avg=65580.37, stdev=10584.17, samples=780206
   iops        : min=    6, max= 6998, avg=2674.64, stdev=2363.35, samples=582
  lat (usec)   : 20=0.01%, 50=0.01%, 250=0.01%, 500=52.97%, 750=45.73%
  lat (usec)   : 1000=0.74%
  lat (msec)   : 2=0.16%, 4=0.01%, 10=0.02%, 20=0.03%, 50=0.06%
  lat (msec)   : 100=0.05%, 250=0.12%, 500=0.08%, 750=0.01%, 1000=0.01%
  lat (msec)   : 2000=0.01%
  cpu          : usr=3.86%, sys=43.58%, ctx=1447, majf=0, minf=6146
  IO depths    : 1=0.1%, 2=0.1%, 4=100.0%, 8=0.0%, 16=0.0%, 32=0.0%, >=64=0.0%
     submit    : 0=0.0%, 4=100.0%, 8=0.0%, 16=0.0%, 32=0.0%, 64=0.0%, >=64=0.0%
     complete  : 0=0.0%, 4=100.0%, 8=0.0%, 16=0.0%, 32=0.0%, 64=0.0%, >=64=0.0%
     issued rwts: total=0,780206,0,0 short=0,0,0,0 dropped=0,0,0,0
     latency   : target=0, window=0, percentile=100.00%, depth=4

Run status group 0 (all jobs):
  WRITE: bw=293MiB/s (307MB/s), 58.0MiB/s-81.3MiB/s (60.9MB/s-85.2MB/s), io=85.8GiB (92.2GB), run=300001-300234msec

random-writers: (groupid=0, jobs=1): err= 0: pid=209911: Wed Jul 21 09:04:50 2021
  write: IOPS=1927, BW=60.2MiB/s (63.2MB/s)(17.6GiB/300001msec); 0 zone resets
    slat (usec): min=93, max=2149.5k, avg=494.60, stdev=14249.26
    clat (usec): min=11, max=2150.0k, avg=1560.86, stdev=25452.50
     lat (usec): min=153, max=2150.2k, avg=2056.58, stdev=29464.57
    clat percentiles (usec):
     |  1.00th=[    412],  5.00th=[    416], 10.00th=[    420],
     | 20.00th=[    429], 30.00th=[    445], 40.00th=[    461],
     | 50.00th=[    474], 60.00th=[    486], 70.00th=[    506],
     | 80.00th=[    529], 90.00th=[    553], 95.00th=[    586],
     | 99.00th=[    734], 99.50th=[    955], 99.90th=[ 400557],
     | 99.95th=[ 566232], 99.99th=[1082131]
   bw (  KiB/s): min=   15, max=2802839, per=31.50%, avg=68495.97, stdev=11255.23, samples=578215
   iops        : min=    2, max= 7142, avg=2170.05, stdev=2704.26, samples=531
  lat (usec)   : 20=0.01%, 50=0.01%, 250=0.01%, 500=67.91%, 750=31.16%
  lat (usec)   : 1000=0.46%
  lat (msec)   : 2=0.08%, 4=0.02%, 10=0.01%, 20=0.02%, 50=0.04%
  lat (msec)   : 100=0.04%, 250=0.08%, 500=0.10%, 750=0.04%, 1000=0.01%
  lat (msec)   : 2000=0.01%, >=2000=0.01%
  cpu          : usr=2.75%, sys=30.23%, ctx=1005, majf=0, minf=4567
  IO depths    : 1=0.1%, 2=0.1%, 4=100.0%, 8=0.0%, 16=0.0%, 32=0.0%, >=64=0.0%
     submit    : 0=0.0%, 4=100.0%, 8=0.0%, 16=0.0%, 32=0.0%, 64=0.0%, >=64=0.0%
     complete  : 0=0.0%, 4=100.0%, 8=0.0%, 16=0.0%, 32=0.0%, 64=0.0%, >=64=0.0%
     issued rwts: total=0,578215,0,0 short=0,0,0,0 dropped=0,0,0,0
     latency   : target=0, window=0, percentile=100.00%, depth=4
random-writers: (groupid=0, jobs=1): err= 0: pid=209912: Wed Jul 21 09:04:50 2021
  write: IOPS=1489, BW=46.6MiB/s (48.8MB/s)(13.7GiB/300290msec); 0 zone resets
    slat (usec): min=95, max=977423, avg=635.98, stdev=9548.40
    clat (usec): min=19, max=992721, avg=2018.25, stdev=17859.47
     lat (usec): min=159, max=992850, avg=2655.51, stdev=20272.79
    clat percentiles (usec):
     |  1.00th=[   437],  5.00th=[   465], 10.00th=[   490], 20.00th=[   519],
     | 30.00th=[   537], 40.00th=[   553], 50.00th=[   570], 60.00th=[   586],
     | 70.00th=[   611], 80.00th=[   635], 90.00th=[   685], 95.00th=[   742],
     | 99.00th=[ 33424], 99.50th=[ 94897], 99.90th=[263193], 99.95th=[333448],
     | 99.99th=[666895]
   bw (  KiB/s): min=   33, max=1683864, per=26.03%, avg=56613.54, stdev=12438.22, samples=447413
   iops        : min=    6, max= 6054, avg=1514.07, stdev=1311.71, samples=591
  lat (usec)   : 20=0.01%, 50=0.01%, 250=0.01%, 500=13.66%, 750=81.58%
  lat (usec)   : 1000=2.61%
  lat (msec)   : 2=0.39%, 4=0.08%, 10=0.21%, 20=0.23%, 50=0.44%
  lat (msec)   : 100=0.33%, 250=0.37%, 500=0.09%, 750=0.01%, 1000=0.01%
  cpu          : usr=2.50%, sys=29.24%, ctx=3054, majf=0, minf=3546
  IO depths    : 1=0.1%, 2=0.1%, 4=100.0%, 8=0.0%, 16=0.0%, 32=0.0%, >=64=0.0%
     submit    : 0=0.0%, 4=100.0%, 8=0.0%, 16=0.0%, 32=0.0%, 64=0.0%, >=64=0.0%
     complete  : 0=0.0%, 4=100.0%, 8=0.0%, 16=0.0%, 32=0.0%, 64=0.0%, >=64=0.0%
     issued rwts: total=0,447413,0,0 short=0,0,0,0 dropped=0,0,0,0
     latency   : target=0, window=0, percentile=100.00%, depth=4
random-writers: (groupid=0, jobs=1): err= 0: pid=209913: Wed Jul 21 09:04:50 2021
  write: IOPS=1854, BW=57.9MiB/s (60.8MB/s)(17.0GiB/300637msec); 0 zone resets
    slat (usec): min=93, max=3277.3k, avg=514.95, stdev=15134.77
    clat (usec): min=18, max=3640.8k, avg=1622.26, stdev=26846.05
     lat (usec): min=154, max=3640.9k, avg=2138.39, stdev=31048.38
    clat percentiles (usec):
     |  1.00th=[    412],  5.00th=[    416], 10.00th=[    420],
     | 20.00th=[    429], 30.00th=[    433], 40.00th=[    445],
     | 50.00th=[    461], 60.00th=[    478], 70.00th=[    494],
     | 80.00th=[    523], 90.00th=[    553], 95.00th=[    586],
     | 99.00th=[    783], 99.50th=[   1012], 99.90th=[ 425722],
     | 99.95th=[ 574620], 99.99th=[1019216]
   bw (  KiB/s): min=    9, max=1803412, per=31.94%, avg=69455.77, stdev=11090.28, samples=557453

random-writers: (groupid=0, jobs=1): err= 0: pid=212025: Wed Jul 21 09:04:50 2021
  write: IOPS=1856, BW=58.0MiB/s (60.8MB/s)(17.0GiB/300095msec); 0 zone resets
    slat (usec): min=93, max=3063.8k, avg=514.66, stdev=15334.60
    clat (usec): min=18, max=3376.2k, avg=1619.90, stdev=27312.43
     lat (usec): min=150, max=3376.3k, avg=2135.69, stdev=31666.36
    clat percentiles (usec):
     |  1.00th=[    408],  5.00th=[    416], 10.00th=[    420],
     | 20.00th=[    424], 30.00th=[    433], 40.00th=[    449],
     | 50.00th=[    461], 60.00th=[    474], 70.00th=[    486],
     | 80.00th=[    510], 90.00th=[    537], 95.00th=[    570],
     | 99.00th=[    693], 99.50th=[    930], 99.90th=[ 429917],
     | 99.95th=[ 591397], 99.99th=[1002439]
   bw (  KiB/s): min=    9, max=1775081, per=23.49%, avg=70149.18, stdev=10607.11, samples=557256
   iops        : min=    2, max= 7252, avg=2083.18, stdev=2652.24, samples=535
  lat (usec)   : 20=0.01%, 50=0.01%, 250=0.01%, 500=76.28%, 750=22.93%
   iops        : min=    2, max= 7076, avg=2115.56, stdev=2642.92, samples=527
  lat (usec)   : 20=0.01%, 50=0.01%, 250=0.01%, 500=72.26%, 750=26.57%
  lat (usec)   : 1000=0.66%
  lat (msec)   : 2=0.10%, 4=0.01%, 10=0.02%, 20=0.02%, 50=0.04%
  lat (msec)   : 100=0.05%, 250=0.08%, 500=0.11%, 750=0.05%, 1000=0.02%
  lat (msec)   : 2000=0.01%, >=2000=0.01%
  cpu          : usr=2.70%, sys=28.66%, ctx=1164, majf=0, minf=4407
  IO depths    : 1=0.1%, 2=0.1%, 4=100.0%, 8=0.0%, 16=0.0%, 32=0.0%, >=64=0.0%
     submit    : 0=0.0%, 4=100.0%, 8=0.0%, 16=0.0%, 32=0.0%, 64=0.0%, >=64=0.0%
     complete  : 0=0.0%, 4=100.0%, 8=0.0%, 16=0.0%, 32=0.0%, 64=0.0%, >=64=0.0%
     issued rwts: total=0,557453,0,0 short=0,0,0,0 dropped=0,0,0,0
     latency   : target=0, window=0, percentile=100.00%, depth=4
random-writers: (groupid=0, jobs=1): err= 0: pid=209914: Wed Jul 21 09:04:50 2021
  write: IOPS=1531, BW=47.9MiB/s (50.2MB/s)(14.0GiB/300290msec); 0 zone resets
    slat (usec): min=95, max=977483, avg=616.65, stdev=9104.06
  lat (usec)   : 1000=0.34%
  lat (msec)   : 2=0.07%, 4=0.01%, 10=0.01%, 20=0.02%, 50=0.04%
  lat (msec)   : 100=0.05%, 250=0.08%, 500=0.10%, 750=0.05%, 1000=0.01%
  lat (msec)   : 2000=0.01%, >=2000=0.01%
  cpu          : usr=2.45%, sys=28.56%, ctx=1003, majf=0, minf=4403
  IO depths    : 1=0.1%, 2=0.1%, 4=100.0%, 8=0.0%, 16=0.0%, 32=0.0%, >=64=0.0%
     submit    : 0=0.0%, 4=100.0%, 8=0.0%, 16=0.0%, 32=0.0%, 64=0.0%, >=64=0.0%
     complete  : 0=0.0%, 4=100.0%, 8=0.0%, 16=0.0%, 32=0.0%, 64=0.0%, >=64=0.0%
     issued rwts: total=0,557256,0,0 short=0,0,0,0 dropped=0,0,0,0
     latency   : target=0, window=0, percentile=100.00%, depth=4
random-writers: (groupid=0, jobs=1): err= 0: pid=212026: Wed Jul 21 09:04:50 2021
  write: IOPS=2622, BW=82.0MiB/s (85.9MB/s)(24.0GiB/300203msec); 0 zone resets
    slat (usec): min=93, max=2050.7k, avg=356.78, stdev=9244.56
    clat (usec): min=18, max=2242.1k, avg=1148.25, stdev=16673.80
     lat (usec): min=148, max=2242.3k, avg=1506.23, stdev=19262.26
    clat (usec): min=19, max=1017.5k, avg=1963.27, stdev=17246.65
     lat (usec): min=163, max=1017.7k, avg=2581.20, stdev=19511.20
    clat percentiles (usec):
     |  1.00th=[   441],  5.00th=[   474], 10.00th=[   494], 20.00th=[   523],
     | 30.00th=[   537], 40.00th=[   553], 50.00th=[   570], 60.00th=[   586],
     | 70.00th=[   611], 80.00th=[   635], 90.00th=[   685], 95.00th=[   750],
     | 99.00th=[ 32637], 99.50th=[ 91751], 99.90th=[246416], 99.95th=[312476],
     | 99.99th=[666895]
   bw (  KiB/s): min=   32, max=1723724, per=25.98%, avg=56498.67, stdev=12227.30, samples=459978
   iops        : min=    2, max= 5958, avg=1564.54, stdev=1338.90, samples=588
  lat (usec)   : 20=0.01%, 50=0.01%, 250=0.01%, 500=12.27%, 750=82.61%
  lat (usec)   : 1000=2.87%
  lat (msec)   : 2=0.55%, 4=0.08%, 10=0.18%, 20=0.22%, 50=0.43%
  lat (msec)   : 100=0.33%, 250=0.37%, 500=0.08%, 750=0.01%, 1000=0.01%
  lat (msec)   : 2000=0.01%
  cpu          : usr=2.51%, sys=30.37%, ctx=3025, majf=0, minf=3643
    clat percentiles (usec):
     |  1.00th=[   412],  5.00th=[   420], 10.00th=[   424], 20.00th=[   429],
     | 30.00th=[   433], 40.00th=[   445], 50.00th=[   461], 60.00th=[   474],
     | 70.00th=[   490], 80.00th=[   515], 90.00th=[   545], 95.00th=[   586],
     | 99.00th=[   766], 99.50th=[   938], 99.90th=[256902], 99.95th=[371196],
     | 99.99th=[742392]
   bw (  KiB/s): min=   14, max=1766469, per=23.34%, avg=69711.44, stdev=10161.45, samples=787359
   iops        : min=    2, max= 7106, avg=2762.65, stdev=2989.04, samples=570
  lat (usec)   : 20=0.01%, 50=0.01%, 250=0.01%, 500=74.64%, 750=24.26%
  lat (usec)   : 1000=0.68%
  lat (msec)   : 2=0.11%, 4=0.01%, 10=0.01%, 20=0.01%, 50=0.03%
  lat (msec)   : 100=0.04%, 250=0.10%, 500=0.09%, 750=0.01%, 1000=0.01%
  lat (msec)   : 2000=0.01%, >=2000=0.01%
  cpu          : usr=3.73%, sys=40.54%, ctx=1260, majf=0, minf=6203
  IO depths    : 1=0.1%, 2=0.1%, 4=100.0%, 8=0.0%, 16=0.0%, 32=0.0%, >=64=0.0%
  IO depths    : 1=0.1%, 2=0.1%, 4=100.0%, 8=0.0%, 16=0.0%, 32=0.0%, >=64=0.0%
     submit    : 0=0.0%, 4=100.0%, 8=0.0%, 16=0.0%, 32=0.0%, 64=0.0%, >=64=0.0%
     complete  : 0=0.0%, 4=100.0%, 8=0.0%, 16=0.0%, 32=0.0%, 64=0.0%, >=64=0.0%
     issued rwts: total=0,459978,0,0 short=0,0,0,0 dropped=0,0,0,0
     latency   : target=0, window=0, percentile=100.00%, depth=4

Run status group 0 (all jobs):
  WRITE: bw=212MiB/s (223MB/s), 46.6MiB/s-60.2MiB/s (48.8MB/s-63.2MB/s), io=62.3GiB (66.9GB), run=300001-300637msec
     submit    : 0=0.0%, 4=100.0%, 8=0.0%, 16=0.0%, 32=0.0%, 64=0.0%, >=64=0.0%
     complete  : 0=0.0%, 4=100.0%, 8=0.0%, 16=0.0%, 32=0.0%, 64=0.0%, >=64=0.0%
     issued rwts: total=0,787359,0,0 short=0,0,0,0 dropped=0,0,0,0
     latency   : target=0, window=0, percentile=100.00%, depth=4
random-writers: (groupid=0, jobs=1): err= 0: pid=212027: Wed Jul 21 09:04:50 2021
  write: IOPS=2258, BW=70.6MiB/s (74.0MB/s)(20.7GiB/300001msec); 0 zone resets
    slat (usec): min=92, max=2011.9k, avg=418.82, stdev=11161.01
    clat (usec): min=11, max=2012.5k, avg=1332.55, stdev=19984.91
     lat (usec): min=139, max=2012.7k, avg=1752.56, stdev=23167.64
    clat percentiles (usec):
     |  1.00th=[   412],  5.00th=[   420], 10.00th=[   420], 20.00th=[   429],
     | 30.00th=[   433], 40.00th=[   449], 50.00th=[   461], 60.00th=[   478],
     | 70.00th=[   494], 80.00th=[   519], 90.00th=[   545], 95.00th=[   570],
     | 99.00th=[   709], 99.50th=[   889], 99.90th=[354419], 99.95th=[471860],
     | 99.99th=[750781]
   bw (  KiB/s): min=   16, max=2922843, per=23.37%, avg=69785.91, stdev=10718.10, samples=677619
   iops        : min=    2, max= 7138, avg=2399.78, stdev=2932.99, samples=563
  lat (usec)   : 20=0.01%, 50=0.01%, 250=0.01%, 500=73.66%, 750=25.51%
  lat (usec)   : 1000=0.44%
  lat (msec)   : 2=0.06%, 4=0.01%, 10=0.01%, 20=0.01%, 50=0.02%
  lat (msec)   : 100=0.04%, 250=0.08%, 500=0.11%, 750=0.03%, 1000=0.01%
  lat (msec)   : 2000=0.01%, >=2000=0.01%
  cpu          : usr=3.33%, sys=34.62%, ctx=1127, majf=0, minf=5344
  IO depths    : 1=0.1%, 2=0.1%, 4=100.0%, 8=0.0%, 16=0.0%, 32=0.0%, >=64=0.0%
     submit    : 0=0.0%, 4=100.0%, 8=0.0%, 16=0.0%, 32=0.0%, 64=0.0%, >=64=0.0%
     complete  : 0=0.0%, 4=100.0%, 8=0.0%, 16=0.0%, 32=0.0%, 64=0.0%, >=64=0.0%
     issued rwts: total=0,677619,0,0 short=0,0,0,0 dropped=0,0,0,0
     latency   : target=0, window=0, percentile=100.00%, depth=4
random-writers: (groupid=0, jobs=1): err= 0: pid=212028: Wed Jul 21 09:04:50 2021
  write: IOPS=2597, BW=81.2MiB/s (85.1MB/s)(23.8GiB/300001msec); 0 zone resets
    slat (usec): min=93, max=1241.5k, avg=361.05, stdev=8931.11
    clat (usec): min=11, max=1300.3k, avg=1159.44, stdev=16149.15
     lat (usec): min=139, max=1516.4k, avg=1521.66, stdev=18677.59
    clat percentiles (usec):
     |  1.00th=[   412],  5.00th=[   420], 10.00th=[   424], 20.00th=[   429],
     | 30.00th=[   433], 40.00th=[   441], 50.00th=[   457], 60.00th=[   474],
     | 70.00th=[   486], 80.00th=[   510], 90.00th=[   537], 95.00th=[   570],
     | 99.00th=[   693], 99.50th=[   881], 99.90th=[258999], 99.95th=[375391],
     | 99.99th=[658506]
   bw (  KiB/s): min=   25, max=2897259, per=23.54%, avg=70289.62, stdev=10280.35, samples=779213
   iops        : min=    2, max= 7244, avg=2704.80, stdev=2857.01, samples=575
  lat (usec)   : 20=0.01%, 50=0.01%, 250=0.01%, 500=77.15%, 750=22.07%
  lat (usec)   : 1000=0.37%
  lat (msec)   : 2=0.05%, 4=0.01%, 10=0.02%, 20=0.02%, 50=0.04%
  lat (msec)   : 100=0.05%, 250=0.11%, 500=0.08%, 750=0.01%, 1000=0.01%
  lat (msec)   : 2000=0.01%
  cpu          : usr=3.67%, sys=39.60%, ctx=1365, majf=0, minf=6138
  IO depths    : 1=0.1%, 2=0.1%, 4=100.0%, 8=0.0%, 16=0.0%, 32=0.0%, >=64=0.0%
     submit    : 0=0.0%, 4=100.0%, 8=0.0%, 16=0.0%, 32=0.0%, 64=0.0%, >=64=0.0%
     complete  : 0=0.0%, 4=100.0%, 8=0.0%, 16=0.0%, 32=0.0%, 64=0.0%, >=64=0.0%
     issued rwts: total=0,779213,0,0 short=0,0,0,0 dropped=0,0,0,0
     latency   : target=0, window=0, percentile=100.00%, depth=4

Run status group 0 (all jobs):
  WRITE: bw=292MiB/s (306MB/s), 58.0MiB/s-82.0MiB/s (60.8MB/s-85.9MB/s), io=85.5GiB (91.8GB), run=300001-300203msec

random-writers: (groupid=0, jobs=1): err= 0: pid=192716: Wed Jul 21 09:04:50 2021
  write: IOPS=1066, BW=33.3MiB/s (34.9MB/s)(9997MiB/300069msec); 0 zone resets
    slat (usec): min=96, max=1813.6k, avg=904.63, stdev=20971.02
    clat (usec): min=18, max=1814.4k, avg=2818.92, stdev=37058.06
     lat (usec): min=158, max=1814.7k, avg=3724.84, stdev=42627.31
    clat percentiles (usec):
     |  1.00th=[    424],  5.00th=[    453], 10.00th=[    478],
     | 20.00th=[    506], 30.00th=[    529], 40.00th=[    537],
     | 50.00th=[    553], 60.00th=[    578], 70.00th=[    594],
     | 80.00th=[    619], 90.00th=[    660], 95.00th=[    709],
     | 99.00th=[   1205], 99.50th=[  86508], 99.90th=[ 650118],
     | 99.95th=[ 809501], 99.99th=[1384121]
   bw (  KiB/s): min=   18, max=1789623, per=24.84%, avg=58511.20, stdev=12359.84, samples=319888
   iops        : min=    2, max= 6446, avg=1265.07, stdev=1519.98, samples=505
  lat (usec)   : 20=0.01%, 50=0.01%, 250=0.01%, 500=17.36%, 750=79.10%
  lat (usec)   : 1000=2.15%
  lat (msec)   : 2=0.50%, 4=0.03%, 10=0.05%, 20=0.04%, 50=0.14%
  lat (msec)   : 100=0.17%, 250=0.16%, 500=0.14%, 750=0.11%, 1000=0.03%
  lat (msec)   : 2000=0.02%
  cpu          : usr=1.67%, sys=20.36%, ctx=1123, majf=0, minf=2548
  IO depths    : 1=0.1%, 2=0.1%, 4=100.0%, 8=0.0%, 16=0.0%, 32=0.0%, >=64=0.0%
     submit    : 0=0.0%, 4=100.0%, 8=0.0%, 16=0.0%, 32=0.0%, 64=0.0%, >=64=0.0%
     complete  : 0=0.0%, 4=100.0%, 8=0.0%, 16=0.0%, 32=0.0%, 64=0.0%, >=64=0.0%
     issued rwts: total=0,319888,0,0 short=0,0,0,0 dropped=0,0,0,0
     latency   : target=0, window=0, percentile=100.00%, depth=4
random-writers: (groupid=0, jobs=1): err= 0: pid=192717: Wed Jul 21 09:04:50 2021
  write: IOPS=1710, BW=53.4MiB/s (56.0MB/s)(15.7GiB/300001msec); 0 zone resets
    slat (usec): min=94, max=2049.7k, avg=555.66, stdev=13997.40
    clat (usec): min=12, max=2050.2k, avg=1758.57, stdev=24896.78
     lat (usec): min=156, max=2050.4k, avg=2315.51, stdev=28661.62
    clat percentiles (usec):
     |  1.00th=[   424],  5.00th=[   433], 10.00th=[   445], 20.00th=[   469],
     | 30.00th=[   486], 40.00th=[   502], 50.00th=[   523], 60.00th=[   537],
     | 70.00th=[   553], 80.00th=[   570], 90.00th=[   603], 95.00th=[   644],
     | 99.00th=[   889], 99.50th=[  9896], 99.90th=[434111], 99.95th=[574620],
     | 99.99th=[960496]
   bw (  KiB/s): min=   15, max=2692301, per=26.75%, avg=63013.46, stdev=11547.77, samples=513119
   iops        : min=    2, max= 6590, avg=1868.44, stdev=2097.16, samples=548
  lat (usec)   : 20=0.01%, 50=0.01%, 250=0.01%, 500=38.25%, 750=60.07%
  lat (usec)   : 1000=0.94%
  lat (msec)   : 2=0.17%, 4=0.02%, 10=0.03%, 20=0.04%, 50=0.08%
  lat (msec)   : 100=0.08%, 250=0.11%, 500=0.12%, 750=0.05%, 1000=0.01%
  lat (msec)   : 2000=0.01%, >=2000=0.01%
  cpu          : usr=2.66%, sys=29.72%, ctx=1181, majf=0, minf=4059
  IO depths    : 1=0.1%, 2=0.1%, 4=100.0%, 8=0.0%, 16=0.0%, 32=0.0%, >=64=0.0%
     submit    : 0=0.0%, 4=100.0%, 8=0.0%, 16=0.0%, 32=0.0%, 64=0.0%, >=64=0.0%
     complete  : 0=0.0%, 4=100.0%, 8=0.0%, 16=0.0%, 32=0.0%, 64=0.0%, >=64=0.0%
     issued rwts: total=0,513119,0,0 short=0,0,0,0 dropped=0,0,0,0
     latency   : target=0, window=0, percentile=100.00%, depth=4
random-writers: (groupid=0, jobs=1): err= 0: pid=192718: Wed Jul 21 09:04:50 2021
  write: IOPS=2399, BW=75.0MiB/s (78.6MB/s)(22.0GiB/300463msec); 0 zone resets
    slat (usec): min=93, max=1929.7k, avg=384.05, stdev=8906.24
    clat (usec): min=18, max=1930.2k, avg=1255.05, stdev=16602.41
     lat (usec): min=150, max=1930.4k, avg=1640.40, stdev=18912.56
    clat percentiles (usec):
     |  1.00th=[   424],  5.00th=[   441], 10.00th=[   461], 20.00th=[   486],
     | 30.00th=[   506], 40.00th=[   523], 50.00th=[   537], 60.00th=[   553],
     | 70.00th=[   570], 80.00th=[   594], 90.00th=[   627], 95.00th=[   660],
     | 99.00th=[   898], 99.50th=[  3064], 99.90th=[223347], 99.95th=[341836],
     | 99.99th=[700449]
   bw (  KiB/s): min=   16, max=1791580, per=25.91%, avg=61029.24, stdev=10198.61, samples=720897
   iops        : min=    4, max= 6594, avg=2538.36, stdev=1929.86, samples=568
  lat (usec)   : 20=0.01%, 50=0.01%, 250=0.01%, 500=27.80%, 750=70.35%
  lat (usec)   : 1000=1.10%
  lat (msec)   : 2=0.23%, 4=0.03%, 10=0.03%, 20=0.06%, 50=0.10%
  lat (msec)   : 100=0.09%, 250=0.13%, 500=0.06%, 750=0.02%, 1000=0.01%
  lat (msec)   : 2000=0.01%
  cpu          : usr=3.78%, sys=43.85%, ctx=1556, majf=0, minf=5683
  IO depths    : 1=0.1%, 2=0.1%, 4=100.0%, 8=0.0%, 16=0.0%, 32=0.0%, >=64=0.0%
     submit    : 0=0.0%, 4=100.0%, 8=0.0%, 16=0.0%, 32=0.0%, 64=0.0%, >=64=0.0%
     complete  : 0=0.0%, 4=100.0%, 8=0.0%, 16=0.0%, 32=0.0%, 64=0.0%, >=64=0.0%
     issued rwts: total=0,720897,0,0 short=0,0,0,0 dropped=0,0,0,0
     latency   : target=0, window=0, percentile=100.00%, depth=4
random-writers: (groupid=0, jobs=1): err= 0: pid=192719: Wed Jul 21 09:04:50 2021
  write: IOPS=2192, BW=68.5MiB/s (71.9MB/s)(20.1GiB/300001msec); 0 zone resets
    slat (usec): min=92, max=1761.0k, avg=431.36, stdev=11771.59
    clat (usec): min=12, max=1784.4k, avg=1372.59, stdev=21015.01
     lat (usec): min=157, max=1784.6k, avg=1805.16, stdev=24373.77
    clat percentiles (usec):
     |  1.00th=[   408],  5.00th=[   416], 10.00th=[   420], 20.00th=[   429],
     | 30.00th=[   437], 40.00th=[   449], 50.00th=[   465], 60.00th=[   482],
     | 70.00th=[   498], 80.00th=[   523], 90.00th=[   553], 95.00th=[   586],
     | 99.00th=[   734], 99.50th=[   914], 99.90th=[354419], 99.95th=[480248],
     | 99.99th=[851444]
   bw (  KiB/s): min=   18, max=2681505, per=29.43%, avg=69315.15, stdev=10831.93, samples=657819
   iops        : min=    2, max= 7202, avg=2355.70, stdev=2790.49, samples=558
  lat (usec)   : 20=0.01%, 50=0.01%, 250=0.01%, 500=71.38%, 750=27.71%
  lat (usec)   : 1000=0.50%
  lat (msec)   : 2=0.08%, 4=0.01%, 10=0.02%, 20=0.01%, 50=0.03%
  lat (msec)   : 100=0.04%, 250=0.09%, 500=0.10%, 750=0.03%, 1000=0.01%
  lat (msec)   : 2000=0.01%
  cpu          : usr=3.27%, sys=33.95%, ctx=1129, majf=0, minf=5190
  IO depths    : 1=0.1%, 2=0.1%, 4=100.0%, 8=0.0%, 16=0.0%, 32=0.0%, >=64=0.0%
     submit    : 0=0.0%, 4=100.0%, 8=0.0%, 16=0.0%, 32=0.0%, 64=0.0%, >=64=0.0%
     complete  : 0=0.0%, 4=100.0%, 8=0.0%, 16=0.0%, 32=0.0%, 64=0.0%, >=64=0.0%
     issued rwts: total=0,657819,0,0 short=0,0,0,0 dropped=0,0,0,0
     latency   : target=0, window=0, percentile=100.00%, depth=4

Run status group 0 (all jobs):
  WRITE: bw=230MiB/s (241MB/s), 33.3MiB/s-75.0MiB/s (34.9MB/s-78.6MB/s), io=67.5GiB (72.5GB), run=300001-300463msec

random-writers: (groupid=0, jobs=1): err= 0: pid=191989: Wed Jul 21 09:04:50 2021
  write: IOPS=1831, BW=57.2MiB/s (60.0MB/s)(16.8GiB/300001msec); 0 zone resets
    slat (usec): min=94, max=2329.9k, avg=512.91, stdev=11777.46
    clat (usec): min=15, max=2330.5k, avg=1642.85, stdev=21487.13
     lat (usec): min=173, max=2330.8k, avg=2156.97, stdev=24676.36
    clat percentiles (usec):
     |  1.00th=[   424],  5.00th=[   445], 10.00th=[   469], 20.00th=[   494],
     | 30.00th=[   519], 40.00th=[   537], 50.00th=[   545], 60.00th=[   562],
     | 70.00th=[   586], 80.00th=[   603], 90.00th=[   644], 95.00th=[   685],
     | 99.00th=[  1012], 99.50th=[ 32113], 99.90th=[325059], 99.95th=[492831],
     | 99.99th=[801113]
   bw (  KiB/s): min=   14, max=2108622, per=22.93%, avg=59751.26, stdev=11146.73, samples=549384
   iops        : min=    2, max= 6400, avg=1954.59, stdev=1821.22, samples=561
  lat (usec)   : 20=0.01%, 50=0.01%, 250=0.01%, 500=22.16%, 750=75.48%
  lat (usec)   : 1000=1.33%
  lat (msec)   : 2=0.33%, 4=0.03%, 10=0.05%, 20=0.06%, 50=0.13%
  lat (msec)   : 100=0.13%, 250=0.15%, 500=0.10%, 750=0.04%, 1000=0.01%
  lat (msec)   : 2000=0.01%, >=2000=0.01%
  cpu          : usr=2.88%, sys=34.28%, ctx=1488, majf=0, minf=4342
  IO depths    : 1=0.1%, 2=0.1%, 4=100.0%, 8=0.0%, 16=0.0%, 32=0.0%, >=64=0.0%
     submit    : 0=0.0%, 4=100.0%, 8=0.0%, 16=0.0%, 32=0.0%, 64=0.0%, >=64=0.0%
     complete  : 0=0.0%, 4=100.0%, 8=0.0%, 16=0.0%, 32=0.0%, 64=0.0%, >=64=0.0%
     issued rwts: total=0,549384,0,0 short=0,0,0,0 dropped=0,0,0,0
     latency   : target=0, window=0, percentile=100.00%, depth=4
random-writers: (groupid=0, jobs=1): err= 0: pid=191990: Wed Jul 21 09:04:50 2021
  write: IOPS=2929, BW=91.5MiB/s (96.0MB/s)(26.9GiB/300491msec); 0 zone resets
    slat (usec): min=93, max=1042.9k, avg=315.56, stdev=6928.27
    clat (usec): min=18, max=1043.4k, avg=1028.59, stdev=12829.18
     lat (usec): min=154, max=1043.6k, avg=1345.35, stdev=14690.35
    clat percentiles (usec):
     |  1.00th=[   416],  5.00th=[   420], 10.00th=[   424], 20.00th=[   433],
     | 30.00th=[   445], 40.00th=[   465], 50.00th=[   478], 60.00th=[   494],
     | 70.00th=[   515], 80.00th=[   537], 90.00th=[   570], 95.00th=[   611],
     | 99.00th=[   857], 99.50th=[  1074], 99.90th=[210764], 99.95th=[304088],
     | 99.99th=[541066]
   bw (  KiB/s): min=   31, max=1772105, per=25.92%, avg=67529.02, stdev=10547.13, samples=880277
   iops        : min=    2, max= 7048, avg=2968.88, stdev=2524.12, samples=593
  lat (usec)   : 20=0.01%, 50=0.01%, 250=0.01%, 500=64.15%, 750=34.20%
  lat (usec)   : 1000=1.05%
  lat (msec)   : 2=0.24%, 4=0.01%, 10=0.02%, 20=0.03%, 50=0.06%
  lat (msec)   : 100=0.05%, 250=0.11%, 500=0.06%, 750=0.01%, 1000=0.01%
  lat (msec)   : 2000=0.01%
  cpu          : usr=4.33%, sys=47.04%, ctx=1384, majf=0, minf=6929
  IO depths    : 1=0.1%, 2=0.1%, 4=100.0%, 8=0.0%, 16=0.0%, 32=0.0%, >=64=0.0%
     submit    : 0=0.0%, 4=100.0%, 8=0.0%, 16=0.0%, 32=0.0%, 64=0.0%, >=64=0.0%
     complete  : 0=0.0%, 4=100.0%, 8=0.0%, 16=0.0%, 32=0.0%, 64=0.0%, >=64=0.0%
     issued rwts: total=0,880277,0,0 short=0,0,0,0 dropped=0,0,0,0
     latency   : target=0, window=0, percentile=100.00%, depth=4
random-writers: (groupid=0, jobs=1): err= 0: pid=191991: Wed Jul 21 09:04:50 2021
  write: IOPS=1640, BW=51.3MiB/s (53.8MB/s)(15.0GiB/300305msec); 0 zone resets
    slat (usec): min=93, max=2855.4k, avg=585.38, stdev=17003.49
    clat (usec): min=18, max=2855.8k, avg=1833.25, stdev=30148.96
     lat (usec): min=159, max=2856.1k, avg=2419.81, stdev=35052.03
    clat percentiles (usec):
     |  1.00th=[    412],  5.00th=[    416], 10.00th=[    420],
     | 20.00th=[    429], 30.00th=[    437], 40.00th=[    453],
     | 50.00th=[    469], 60.00th=[    482], 70.00th=[    498],
     | 80.00th=[    529], 90.00th=[    545], 95.00th=[    578],
     | 99.00th=[    742], 99.50th=[    988], 99.90th=[ 497026],
     | 99.95th=[ 650118], 99.99th=[1166017]
   bw (  KiB/s): min=   11, max=1787670, per=26.58%, avg=69248.90, stdev=10862.80, samples=492611
   iops        : min=    2, max= 7120, avg=1901.96, stdev=2561.15, samples=518
  lat (usec)   : 20=0.01%, 50=0.01%, 250=0.01%, 500=71.56%, 750=27.48%
  lat (usec)   : 1000=0.47%
  lat (msec)   : 2=0.06%, 4=0.01%, 10=0.01%, 20=0.02%, 50=0.05%
  lat (msec)   : 100=0.04%, 250=0.09%, 500=0.10%, 750=0.07%, 1000=0.02%
  lat (msec)   : 2000=0.01%, >=2000=0.01%
  cpu          : usr=2.37%, sys=25.39%, ctx=1005, majf=0, minf=3899
  IO depths    : 1=0.1%, 2=0.1%, 4=100.0%, 8=0.0%, 16=0.0%, 32=0.0%, >=64=0.0%
     submit    : 0=0.0%, 4=100.0%, 8=0.0%, 16=0.0%, 32=0.0%, 64=0.0%, >=64=0.0%
     complete  : 0=0.0%, 4=100.0%, 8=0.0%, 16=0.0%, 32=0.0%, 64=0.0%, >=64=0.0%
     issued rwts: total=0,492611,0,0 short=0,0,0,0 dropped=0,0,0,0
     latency   : target=0, window=0, percentile=100.00%, depth=4
random-writers: (groupid=0, jobs=1): err= 0: pid=191992: Wed Jul 21 09:04:50 2021
  write: IOPS=1747, BW=54.6MiB/s (57.2MB/s)(16.0GiB/300144msec); 0 zone resets
    slat (usec): min=94, max=2937.5k, avg=542.25, stdev=13963.07
    clat (usec): min=18, max=2938.0k, avg=1721.84, stdev=24821.07
     lat (usec): min=167, max=2938.2k, avg=2265.33, stdev=28572.38
    clat percentiles (usec):
     |  1.00th=[   420],  5.00th=[   433], 10.00th=[   445], 20.00th=[   474],
     | 30.00th=[   490], 40.00th=[   510], 50.00th=[   529], 60.00th=[   545],
     | 70.00th=[   562], 80.00th=[   586], 90.00th=[   619], 95.00th=[   660],
     | 99.00th=[   914], 99.50th=[ 14746], 99.90th=[396362], 99.95th=[526386],
     | 99.99th=[952108]
   bw (  KiB/s): min=   11, max=1812389, per=23.91%, avg=62302.73, stdev=11086.84, samples=524366
   iops        : min=    2, max= 6568, avg=1910.04, stdev=2080.51, samples=549
  lat (usec)   : 20=0.01%, 50=0.01%, 100=0.01%, 250=0.01%, 500=35.50%
  lat (usec)   : 750=62.64%, 1000=1.04%
  lat (msec)   : 2=0.23%, 4=0.02%, 10=0.04%, 20=0.04%, 50=0.09%
  lat (msec)   : 100=0.09%, 250=0.13%, 500=0.12%, 750=0.04%, 1000=0.01%
  lat (msec)   : 2000=0.01%, >=2000=0.01%
  cpu          : usr=2.67%, sys=30.96%, ctx=1251, majf=0, minf=4147
  IO depths    : 1=0.1%, 2=0.1%, 4=100.0%, 8=0.0%, 16=0.0%, 32=0.0%, >=64=0.0%
     submit    : 0=0.0%, 4=100.0%, 8=0.0%, 16=0.0%, 32=0.0%, 64=0.0%, >=64=0.0%
     complete  : 0=0.0%, 4=100.0%, 8=0.0%, 16=0.0%, 32=0.0%, 64=0.0%, >=64=0.0%
     issued rwts: total=0,524366,0,0 short=0,0,0,0 dropped=0,0,0,0
     latency   : target=0, window=0, percentile=100.00%, depth=4

Run status group 0 (all jobs):
  WRITE: bw=254MiB/s (267MB/s), 51.3MiB/s-91.5MiB/s (53.8MB/s-96.0MB/s), io=74.7GiB (80.2GB), run=300001-300491msec


Batch Job Summary Report (version 21.01.1) for Job "fioRandWrite" (1471102) on tave

Job information (1/2)
-----------------------------------------------------------------------------------------------------
             Submit            Eligible               Start                 End    Elapsed Time limit
------------------- ------------------- ------------------- ------------------- ---------- ----------
2021-07-21T08:59:44 2021-07-21T08:59:44 2021-07-21T08:59:45 2021-07-21T09:05:01   00:05:16   00:15:00
-----------------------------------------------------------------------------------------------------

Job information (2/2)
-------------------------------------------------------------
    Username      Account    Partition   NNodes        Energy
------------ ------------ ------------ -------- -------------
    afilipci         g138       normal        8    333.266 kJ

