srun: First task exited 30s ago
srun: StepId=1471337.0 tasks 16-31: running
srun: StepId=1471337.0 tasks 0-15: exited
srun: launch/slurm: _step_signal: Terminating StepId=1471337.0
srun: Job step aborted: Waiting up to 32 seconds for job step to finish.
srun: error: nid00124: task 24: Killed
srun: launch/slurm: _step_signal: Terminating StepId=1471337.0
srun: error: nid00116: task 16: Killed
srun: error: nid00129: task 29: Killed
srun: error: nid00121: task 21: Killed
srun: error: nid00120: task 20: Killed
srun: error: nid00130: task 30: Killed
srun: error: nid00118: task 18: Killed
srun: error: nid00127: task 27: Killed
srun: error: nid00126: task 26: Killed
srun: error: nid00119: task 19: Killed
srun: error: nid00128: task 28: Killed
srun: error: nid00131: task 31: Killed
srun: error: nid00125: task 25: Killed
srun: error: nid00123: task 23: Killed
srun: error: nid00117: task 17: Killed
srun: error: nid00122: task 22: Killed
