random-writers: (g=0): rw=randrw, bs=(R) 32.0KiB-32.0KiB, (W) 32.0KiB-32.0KiB, (T) 32.0KiB-32.0KiB, ioengine=libaio, iodepth=4
fio-3.27-32-g77c7-dirty
Starting 1 process
random-writers: (g=0): rw=randrw, bs=(R) 32.0KiB-32.0KiB, (W) 32.0KiB-32.0KiB, (T) 32.0KiB-32.0KiB, ioengine=libaio, iodepth=4
fio-3.27-32-g77c7-dirty
Starting 1 process
random-writers: (g=0): rw=randrw, bs=(R) 32.0KiB-32.0KiB, (W) 32.0KiB-32.0KiB, (T) 32.0KiB-32.0KiB, ioengine=libaio, iodepth=4
fio-3.27-32-g77c7-dirty
Starting 1 process
random-writers: (g=0): rw=randrw, bs=(R) 32.0KiB-32.0KiB, (W) 32.0KiB-32.0KiB, (T) 32.0KiB-32.0KiB, ioengine=libaio, iodepth=4
fio-3.27-32-g77c7-dirty
Starting 1 process
random-writers: (g=0): rw=randrw, bs=(R) 32.0KiB-32.0KiB, (W) 32.0KiB-32.0KiB, (T) 32.0KiB-32.0KiB, ioengine=libaio, iodepth=4
fio-3.27-32-g77c7-dirty
Starting 1 process
random-writers: (g=0): rw=randrw, bs=(R) 32.0KiB-32.0KiB, (W) 32.0KiB-32.0KiB, (T) 32.0KiB-32.0KiB, ioengine=libaio, iodepth=4
fio-3.27-32-g77c7-dirty
Starting 1 process
random-writers: (g=0): rw=randrw, bs=(R) 32.0KiB-32.0KiB, (W) 32.0KiB-32.0KiB, (T) 32.0KiB-32.0KiB, ioengine=libaio, iodepth=4
fio-3.27-32-g77c7-dirty
Starting 1 process
random-writers: (g=0): rw=randrw, bs=(R) 32.0KiB-32.0KiB, (W) 32.0KiB-32.0KiB, (T) 32.0KiB-32.0KiB, ioengine=libaio, iodepth=4
fio-3.27-32-g77c7-dirty
Starting 1 process
random-writers: Laying out IO file (1 file / 1024MiB)
random-writers: (g=0): rw=randrw, bs=(R) 32.0KiB-32.0KiB, (W) 32.0KiB-32.0KiB, (T) 32.0KiB-32.0KiB, ioengine=libaio, iodepth=4
fio-3.27-32-g77c7-dirty
Starting 1 process
random-writers: (g=0): rw=randrw, bs=(R) 32.0KiB-32.0KiB, (W) 32.0KiB-32.0KiB, (T) 32.0KiB-32.0KiB, ioengine=libaio, iodepth=4
fio-3.27-32-g77c7-dirty
Starting 1 process
random-writers: (g=0): rw=randrw, bs=(R) 32.0KiB-32.0KiB, (W) 32.0KiB-32.0KiB, (T) 32.0KiB-32.0KiB, ioengine=libaio, iodepth=4
fio-3.27-32-g77c7-dirty
Starting 1 process
random-writers: Laying out IO file (1 file / 1024MiB)
random-writers: Laying out IO file (1 file / 1024MiB)
random-writers: (g=0): rw=randrw, bs=(R) 32.0KiB-32.0KiB, (W) 32.0KiB-32.0KiB, (T) 32.0KiB-32.0KiB, ioengine=libaio, iodepth=4
fio-3.27-32-g77c7-dirty
Starting 1 process
random-writers: (g=0): rw=randrw, bs=(R) 32.0KiB-32.0KiB, (W) 32.0KiB-32.0KiB, (T) 32.0KiB-32.0KiB, ioengine=libaio, iodepth=4
fio-3.27-32-g77c7-dirty
Starting 1 process
random-writers: (g=0): rw=randrw, bs=(R) 32.0KiB-32.0KiB, (W) 32.0KiB-32.0KiB, (T) 32.0KiB-32.0KiB, ioengine=libaio, iodepth=4
fio-3.27-32-g77c7-dirty
Starting 1 process
random-writers: (g=0): rw=randrw, bs=(R) 32.0KiB-32.0KiB, (W) 32.0KiB-32.0KiB, (T) 32.0KiB-32.0KiB, ioengine=libaio, iodepth=4
fio-3.27-32-g77c7-dirty
Starting 1 process
random-writers: Laying out IO file (1 file / 1024MiB)
random-writers: (g=0): rw=randrw, bs=(R) 32.0KiB-32.0KiB, (W) 32.0KiB-32.0KiB, (T) 32.0KiB-32.0KiB, ioengine=libaio, iodepth=4
fio-3.27-32-g77c7-dirty
Starting 1 process
random-writers: Laying out IO file (1 file / 1024MiB)
random-writers: (g=0): rw=randrw, bs=(R) 32.0KiB-32.0KiB, (W) 32.0KiB-32.0KiB, (T) 32.0KiB-32.0KiB, ioengine=libaio, iodepth=4
fio-3.27-32-g77c7-dirty
Starting 1 process
random-writers: (g=0): rw=randrw, bs=(R) 32.0KiB-32.0KiB, (W) 32.0KiB-32.0KiB, (T) 32.0KiB-32.0KiB, ioengine=libaio, iodepth=4
fio-3.27-32-g77c7-dirty
Starting 1 process
random-writers: (g=0): rw=randrw, bs=(R) 32.0KiB-32.0KiB, (W) 32.0KiB-32.0KiB, (T) 32.0KiB-32.0KiB, ioengine=libaio, iodepth=4
fio-3.27-32-g77c7-dirty
Starting 1 process
random-writers: (g=0): rw=randrw, bs=(R) 32.0KiB-32.0KiB, (W) 32.0KiB-32.0KiB, (T) 32.0KiB-32.0KiB, ioengine=libaio, iodepth=4
fio-3.27-32-g77c7-dirty
Starting 1 process
random-writers: Laying out IO file (1 file / 1024MiB)
random-writers: (g=0): rw=randrw, bs=(R) 32.0KiB-32.0KiB, (W) 32.0KiB-32.0KiB, (T) 32.0KiB-32.0KiB, ioengine=libaio, iodepth=4
fio-3.27-32-g77c7-dirty
Starting 1 process
random-writers: (g=0): rw=randrw, bs=(R) 32.0KiB-32.0KiB, (W) 32.0KiB-32.0KiB, (T) 32.0KiB-32.0KiB, ioengine=libaio, iodepth=4
fio-3.27-32-g77c7-dirty
Starting 1 process
random-writers: Laying out IO file (1 file / 1024MiB)
random-writers: (g=0): rw=randrw, bs=(R) 32.0KiB-32.0KiB, (W) 32.0KiB-32.0KiB, (T) 32.0KiB-32.0KiB, ioengine=libaio, iodepth=4
fio-3.27-32-g77c7-dirty
Starting 1 process
random-writers: (g=0): rw=randrw, bs=(R) 32.0KiB-32.0KiB, (W) 32.0KiB-32.0KiB, (T) 32.0KiB-32.0KiB, ioengine=libaio, iodepth=4
fio-3.27-32-g77c7-dirty
Starting 1 process
random-writers: (g=0): rw=randrw, bs=(R) 32.0KiB-32.0KiB, (W) 32.0KiB-32.0KiB, (T) 32.0KiB-32.0KiB, ioengine=libaio, iodepth=4
fio-3.27-32-g77c7-dirty
Starting 1 process
random-writers: (g=0): rw=randrw, bs=(R) 32.0KiB-32.0KiB, (W) 32.0KiB-32.0KiB, (T) 32.0KiB-32.0KiB, ioengine=libaio, iodepth=4
fio-3.27-32-g77c7-dirty
Starting 1 process
random-writers: (g=0): rw=randrw, bs=(R) 32.0KiB-32.0KiB, (W) 32.0KiB-32.0KiB, (T) 32.0KiB-32.0KiB, ioengine=libaio, iodepth=4
fio-3.27-32-g77c7-dirty
Starting 1 process
random-writers: (g=0): rw=randrw, bs=(R) 32.0KiB-32.0KiB, (W) 32.0KiB-32.0KiB, (T) 32.0KiB-32.0KiB, ioengine=libaio, iodepth=4
fio-3.27-32-g77c7-dirty
Starting 1 process
random-writers: (g=0): rw=randrw, bs=(R) 32.0KiB-32.0KiB, (W) 32.0KiB-32.0KiB, (T) 32.0KiB-32.0KiB, ioengine=libaio, iodepth=4
fio-3.27-32-g77c7-dirty
Starting 1 process
random-writers: Laying out IO file (1 file / 1024MiB)
random-writers: (g=0): rw=randrw, bs=(R) 32.0KiB-32.0KiB, (W) 32.0KiB-32.0KiB, (T) 32.0KiB-32.0KiB, ioengine=libaio, iodepth=4
fio-3.27-32-g77c7-dirty
Starting 1 process
random-writers: Laying out IO file (1 file / 1024MiB)
random-writers: Laying out IO file (1 file / 1024MiB)
random-writers: Laying out IO file (1 file / 1024MiB)
random-writers: Laying out IO file (1 file / 1024MiB)
random-writers: Laying out IO file (1 file / 1024MiB)
random-writers: Laying out IO file (1 file / 1024MiB)
random-writers: Laying out IO file (1 file / 1024MiB)
random-writers: (g=0): rw=randrw, bs=(R) 32.0KiB-32.0KiB, (W) 32.0KiB-32.0KiB, (T) 32.0KiB-32.0KiB, ioengine=libaio, iodepth=4
fio-3.27-32-g77c7-dirty
Starting 1 process
random-writers: Laying out IO file (1 file / 1024MiB)
random-writers: (g=0): rw=randrw, bs=(R) 32.0KiB-32.0KiB, (W) 32.0KiB-32.0KiB, (T) 32.0KiB-32.0KiB, ioengine=libaio, iodepth=4
fio-3.27-32-g77c7-dirty
Starting 1 process

random-writers: (groupid=0, jobs=1): err= 0: pid=205223: Tue Jul 13 16:12:28 2021
  read: IOPS=203, BW=6513KiB/s (6669kB/s)(1908MiB/300002msec)
    slat (usec): min=15, max=899551, avg=4643.08, stdev=14700.08
    clat (usec): min=15, max=1227.0k, avg=7335.32, stdev=21199.16
     lat (usec): min=260, max=1348.8k, avg=11980.47, stdev=28041.27
    clat percentiles (usec):
     |  1.00th=[   529],  5.00th=[   562], 10.00th=[   635], 20.00th=[  1336],
     | 30.00th=[  1663], 40.00th=[  2114], 50.00th=[  2966], 60.00th=[  5473],
     | 70.00th=[  8029], 80.00th=[ 10290], 90.00th=[ 13829], 95.00th=[ 18482],
     | 99.00th=[ 51643], 99.50th=[121111], 99.90th=[308282], 99.95th=[396362],
     | 99.99th=[599786]
   bw (  KiB/s): min=   64, max=15040, per=100.00%, avg=6559.09, stdev=3405.53, samples=595
   iops        : min=    2, max=  470, avg=204.97, stdev=106.42, samples=595
  write: IOPS=202, BW=6493KiB/s (6648kB/s)(1902MiB/300002msec); 0 zone resets
    slat (usec): min=118, max=189470, avg=194.82, stdev=768.23
    clat (usec): min=86, max=974073, avg=7437.83, stdev=22066.54
     lat (usec): min=252, max=975308, avg=7633.83, stdev=22091.81
    clat percentiles (usec):
     |  1.00th=[   490],  5.00th=[   537], 10.00th=[   553], 20.00th=[  1319],
     | 30.00th=[  1614], 40.00th=[  2147], 50.00th=[  2999], 60.00th=[  5538],
     | 70.00th=[  7963], 80.00th=[ 10159], 90.00th=[ 13829], 95.00th=[ 18482],
     | 99.00th=[ 53740], 99.50th=[133694], 99.90th=[333448], 99.95th=[413139],
     | 99.99th=[700449]
   bw (  KiB/s): min=   64, max=15680, per=100.00%, avg=6541.34, stdev=3418.98, samples=595
   iops        : min=    2, max=  490, avg=204.42, stdev=106.84, samples=595
  lat (usec)   : 20=0.01%, 100=0.01%, 250=0.01%, 500=0.94%, 750=12.33%
  lat (usec)   : 1000=0.11%
  lat (msec)   : 2=24.22%, 4=17.00%, 10=24.41%, 20=17.01%, 50=2.90%
  lat (msec)   : 100=0.46%, 250=0.42%, 500=0.16%, 750=0.01%, 1000=0.01%
  lat (msec)   : 2000=0.01%
  cpu          : usr=0.75%, sys=9.01%, ctx=59900, majf=0, minf=44
  IO depths    : 1=0.1%, 2=0.1%, 4=100.0%, 8=0.0%, 16=0.0%, 32=0.0%, >=64=0.0%
     submit    : 0=0.0%, 4=100.0%, 8=0.0%, 16=0.0%, 32=0.0%, 64=0.0%, >=64=0.0%
     complete  : 0=0.0%, 4=100.0%, 8=0.0%, 16=0.0%, 32=0.0%, 64=0.0%, >=64=0.0%
     issued rwts: total=61061,60868,0,0 short=0,0,0,0 dropped=0,0,0,0
     latency   : target=0, window=0, percentile=100.00%, depth=4

Run status group 0 (all jobs):
   READ: bw=6513KiB/s (6669kB/s), 6513KiB/s-6513KiB/s (6669kB/s-6669kB/s), io=1908MiB (2001MB), run=300002-300002msec
  WRITE: bw=6493KiB/s (6648kB/s), 6493KiB/s-6493KiB/s (6648kB/s-6648kB/s), io=1902MiB (1995MB), run=300002-300002msec

random-writers: (groupid=0, jobs=1): err= 0: pid=201426: Tue Jul 13 16:12:28 2021
  read: IOPS=250, BW=8004KiB/s (8196kB/s)(2345MiB/300016msec)
    slat (usec): min=16, max=651136, avg=3716.01, stdev=12207.94
    clat (usec): min=11, max=1065.6k, avg=5935.04, stdev=17747.27
     lat (usec): min=225, max=1071.0k, avg=9653.49, stdev=23058.99
    clat percentiles (usec):
     |  1.00th=[   529],  5.00th=[   578], 10.00th=[   676], 20.00th=[  1319],
     | 30.00th=[  1598], 40.00th=[  1958], 50.00th=[  2474], 60.00th=[  3523],
     | 70.00th=[  6325], 80.00th=[  9110], 90.00th=[ 11731], 95.00th=[ 15795],
     | 99.00th=[ 38011], 99.50th=[ 68682], 99.90th=[221250], 99.95th=[396362],
     | 99.99th=[683672]
   bw (  KiB/s): min=   64, max=18176, per=100.00%, avg=8097.03, stdev=3947.47, samples=593
   iops        : min=    2, max=  568, avg=253.03, stdev=123.36, samples=593
  write: IOPS=248, BW=7955KiB/s (8146kB/s)(2331MiB/300016msec); 0 zone resets
    slat (usec): min=120, max=2636, avg=199.75, stdev=47.18
    clat (usec): min=94, max=1069.9k, avg=6108.08, stdev=19131.34
     lat (usec): min=273, max=1070.0k, avg=6309.11, stdev=19135.95
    clat percentiles (usec):
     |  1.00th=[   433],  5.00th=[   537], 10.00th=[   562], 20.00th=[  1319],
     | 30.00th=[  1582], 40.00th=[  1958], 50.00th=[  2507], 60.00th=[  3654],
     | 70.00th=[  6456], 80.00th=[  9110], 90.00th=[ 11731], 95.00th=[ 15926],
     | 99.00th=[ 41157], 99.50th=[ 76022], 99.90th=[320865], 99.95th=[413139],
     | 99.99th=[650118]
   bw (  KiB/s): min=   64, max=18304, per=100.00%, avg=8061.08, stdev=4000.21, samples=592
   iops        : min=    2, max=  572, avg=251.91, stdev=125.01, samples=592
  lat (usec)   : 20=0.01%, 100=0.01%, 250=0.02%, 500=1.06%, 750=12.27%
  lat (usec)   : 1000=0.23%
  lat (msec)   : 2=27.45%, 4=20.60%, 10=22.09%, 20=13.65%, 50=1.87%
  lat (msec)   : 100=0.41%, 250=0.25%, 500=0.07%, 750=0.02%, 1000=0.01%
  lat (msec)   : 2000=0.01%
  cpu          : usr=0.99%, sys=11.73%, ctx=73010, majf=0, minf=44
  IO depths    : 1=0.1%, 2=0.1%, 4=100.0%, 8=0.0%, 16=0.0%, 32=0.0%, >=64=0.0%
     submit    : 0=0.0%, 4=100.0%, 8=0.0%, 16=0.0%, 32=0.0%, 64=0.0%, >=64=0.0%
     complete  : 0=0.0%, 4=100.0%, 8=0.0%, 16=0.0%, 32=0.0%, 64=0.0%, >=64=0.0%
     issued rwts: total=75037,74579,0,0 short=0,0,0,0 dropped=0,0,0,0
     latency   : target=0, window=0, percentile=100.00%, depth=4

Run status group 0 (all jobs):
   READ: bw=8004KiB/s (8196kB/s), 8004KiB/s-8004KiB/s (8196kB/s-8196kB/s), io=2345MiB (2459MB), run=300016-300016msec
  WRITE: bw=7955KiB/s (8146kB/s), 7955KiB/s-7955KiB/s (8146kB/s-8146kB/s), io=2331MiB (2444MB), run=300016-300016msec

random-writers: (groupid=0, jobs=1): err= 0: pid=205241: Tue Jul 13 16:12:28 2021
  read: IOPS=191, BW=6138KiB/s (6286kB/s)(1798MiB/300001msec)
    slat (usec): min=15, max=945782, avg=4944.06, stdev=15183.92
    clat (usec): min=10, max=1278.9k, avg=7892.12, stdev=22733.58
     lat (usec): min=227, max=1299.4k, avg=12838.24, stdev=29585.94
    clat percentiles (usec):
     |  1.00th=[   515],  5.00th=[   562], 10.00th=[   635], 20.00th=[  1336],
     | 30.00th=[  1696], 40.00th=[  2278], 50.00th=[  3523], 60.00th=[  6259],
     | 70.00th=[  8586], 80.00th=[ 10683], 90.00th=[ 14877], 95.00th=[ 19268],
     | 99.00th=[ 61080], 99.50th=[130548], 99.90th=[308282], 99.95th=[413139],
     | 99.99th=[901776]
   bw (  KiB/s): min=   64, max=15424, per=100.00%, avg=6188.28, stdev=3143.23, samples=594
   iops        : min=    2, max=  482, avg=193.38, stdev=98.23, samples=594
  write: IOPS=191, BW=6114KiB/s (6261kB/s)(1791MiB/300001msec); 0 zone resets
    slat (usec): min=120, max=2567, avg=191.15, stdev=39.61
    clat (usec): min=201, max=940026, avg=7787.27, stdev=22019.11
     lat (usec): min=361, max=940199, avg=7979.59, stdev=22022.04
    clat percentiles (usec):
     |  1.00th=[   453],  5.00th=[   529], 10.00th=[   553], 20.00th=[  1336],
     | 30.00th=[  1647], 40.00th=[  2245], 50.00th=[  3523], 60.00th=[  6259],
     | 70.00th=[  8586], 80.00th=[ 10683], 90.00th=[ 14746], 95.00th=[ 19268],
     | 99.00th=[ 57410], 99.50th=[119014], 99.90th=[312476], 99.95th=[413139],
     | 99.99th=[801113]
   bw (  KiB/s): min=   64, max=16000, per=100.00%, avg=6195.11, stdev=3227.34, samples=591
   iops        : min=    2, max=  500, avg=193.60, stdev=100.85, samples=591
  lat (usec)   : 20=0.01%, 250=0.02%, 500=1.16%, 750=12.30%, 1000=0.11%
  lat (msec)   : 2=22.50%, 4=15.58%, 10=25.09%, 20=18.71%, 50=3.36%
  lat (msec)   : 100=0.53%, 250=0.49%, 500=0.13%, 750=0.02%, 1000=0.01%
  lat (msec)   : 2000=0.01%
  cpu          : usr=0.70%, sys=8.52%, ctx=56216, majf=0, minf=44
  IO depths    : 1=0.1%, 2=0.1%, 4=100.0%, 8=0.0%, 16=0.0%, 32=0.0%, >=64=0.0%
     submit    : 0=0.0%, 4=100.0%, 8=0.0%, 16=0.0%, 32=0.0%, 64=0.0%, >=64=0.0%
     complete  : 0=0.0%, 4=100.0%, 8=0.0%, 16=0.0%, 32=0.0%, 64=0.0%, >=64=0.0%
     issued rwts: total=57548,57323,0,0 short=0,0,0,0 dropped=0,0,0,0
     latency   : target=0, window=0, percentile=100.00%, depth=4

Run status group 0 (all jobs):
   READ: bw=6138KiB/s (6286kB/s), 6138KiB/s-6138KiB/s (6286kB/s-6286kB/s), io=1798MiB (1886MB), run=300001-300001msec
  WRITE: bw=6114KiB/s (6261kB/s), 6114KiB/s-6114KiB/s (6261kB/s-6261kB/s), io=1791MiB (1878MB), run=300001-300001msec

random-writers: (groupid=0, jobs=1): err= 0: pid=196052: Tue Jul 13 16:12:28 2021
  read: IOPS=121, BW=3896KiB/s (3990kB/s)(1142MiB/300055msec)
    slat (usec): min=15, max=1628.0k, avg=7933.27, stdev=24186.50
    clat (usec): min=17, max=1018.4k, avg=12047.59, stdev=30343.00
     lat (usec): min=267, max=1628.8k, avg=19983.26, stdev=42652.33
    clat percentiles (usec):
     |  1.00th=[   529],  5.00th=[   570], 10.00th=[   668], 20.00th=[  1549],
     | 30.00th=[  3130], 40.00th=[  5538], 50.00th=[  7570], 60.00th=[  9372],
     | 70.00th=[ 11076], 80.00th=[ 14222], 90.00th=[ 19268], 95.00th=[ 26608],
     | 99.00th=[147850], 99.50th=[229639], 99.90th=[333448], 99.95th=[530580],
     | 99.99th=[918553]
   bw (  KiB/s): min=   64, max=10624, per=100.00%, avg=3955.53, stdev=1953.77, samples=590
   iops        : min=    2, max=  332, avg=123.61, stdev=61.06, samples=590
  write: IOPS=121, BW=3896KiB/s (3990kB/s)(1142MiB/300055msec); 0 zone resets
    slat (usec): min=121, max=2418, avg=197.06, stdev=44.30
    clat (usec): min=84, max=1628.6k, avg=12602.14, stdev=37943.33
     lat (usec): min=247, max=1628.9k, avg=12800.41, stdev=37944.21
    clat percentiles (usec):
     |  1.00th=[    490],  5.00th=[    537], 10.00th=[    553],
     | 20.00th=[   1516], 30.00th=[   3097], 40.00th=[   5473],
     | 50.00th=[   7570], 60.00th=[   9372], 70.00th=[  11207],
     | 80.00th=[  14353], 90.00th=[  19530], 95.00th=[  26870],
     | 99.00th=[ 164627], 99.50th=[ 233833], 99.90th=[ 442500],
     | 99.95th=[ 759170], 99.99th=[1384121]
   bw (  KiB/s): min=   64, max=10688, per=100.00%, avg=3965.61, stdev=2035.22, samples=589
   iops        : min=    2, max=  334, avg=123.93, stdev=63.60, samples=589
  lat (usec)   : 20=0.01%, 100=0.01%, 250=0.01%, 500=0.90%, 750=12.39%
  lat (usec)   : 1000=0.16%
  lat (msec)   : 2=11.25%, 4=8.53%, 10=30.44%, 20=27.18%, 50=6.62%
  lat (msec)   : 100=1.03%, 250=1.06%, 500=0.35%, 750=0.03%, 1000=0.02%
  lat (msec)   : 2000=0.01%

random-writers: (groupid=0, jobs=1): err= 0: pid=178600: Tue Jul 13 16:12:28 2021
  read: IOPS=185, BW=5923KiB/s (6065kB/s)(1735MiB/300005msec)
    slat (usec): min=15, max=896762, avg=5130.80, stdev=14352.99
    clat (usec): min=13, max=908575, avg=8067.33, stdev=20468.23
     lat (usec): min=99, max=918427, avg=13200.39, stdev=27138.74
    clat percentiles (usec):
     |  1.00th=[   453],  5.00th=[   562], 10.00th=[   627], 20.00th=[  1336],
     | 30.00th=[  1729], 40.00th=[  2474], 50.00th=[  4359], 60.00th=[  6783],
     | 70.00th=[  8979], 80.00th=[ 10945], 90.00th=[ 15270], 95.00th=[ 19792],
     | 99.00th=[ 59507], 99.50th=[127402], 99.90th=[291505], 99.95th=[375391],
     | 99.99th=[591397]
   bw (  KiB/s): min=   64, max=16960, per=100.00%, avg=5958.24, stdev=2850.56, samples=595
   iops        : min=    2, max=  530, avg=186.19, stdev=89.08, samples=595
  write: IOPS=184, BW=5892KiB/s (6033kB/s)(1726MiB/300005msec); 0 zone resets
    slat (usec): min=118, max=2733, avg=192.35, stdev=41.88
  cpu          : usr=0.48%, sys=5.66%, ctx=35784, majf=0, minf=44
  IO depths    : 1=0.1%, 2=0.1%, 4=100.0%, 8=0.0%, 16=0.0%, 32=0.0%, >=64=0.0%
     submit    : 0=0.0%, 4=100.0%, 8=0.0%, 16=0.0%, 32=0.0%, 64=0.0%, >=64=0.0%
     complete  : 0=0.0%, 4=100.0%, 8=0.0%, 16=0.0%, 32=0.0%, 64=0.0%, >=64=0.0%
     issued rwts: total=36533,36535,0,0 short=0,0,0,0 dropped=0,0,0,0
     latency   : target=0, window=0, percentile=100.00%, depth=4

Run status group 0 (all jobs):
   READ: bw=3896KiB/s (3990kB/s), 3896KiB/s-3896KiB/s (3990kB/s-3990kB/s), io=1142MiB (1197MB), run=300055-300055msec
  WRITE: bw=3896KiB/s (3990kB/s), 3896KiB/s-3896KiB/s (3990kB/s-3990kB/s), io=1142MiB (1197MB), run=300055-300055msec
    clat (usec): min=84, max=917049, avg=8194.65, stdev=22214.04
     lat (usec): min=246, max=917217, avg=8388.28, stdev=22215.75
    clat percentiles (usec):
     |  1.00th=[   400],  5.00th=[   529], 10.00th=[   545], 20.00th=[  1319],
     | 30.00th=[  1680], 40.00th=[  2442], 50.00th=[  4293], 60.00th=[  6783],
     | 70.00th=[  8979], 80.00th=[ 10945], 90.00th=[ 15533], 95.00th=[ 20055],
     | 99.00th=[ 64750], 99.50th=[128451], 99.90th=[299893], 99.95th=[387974],
     | 99.99th=[901776]
   bw (  KiB/s): min=  128, max=16384, per=100.00%, avg=5938.21, stdev=2941.21, samples=594
   iops        : min=    4, max=  512, avg=185.57, stdev=91.91, samples=594
  lat (usec)   : 20=0.01%, 100=0.01%, 250=0.04%, 500=1.74%, 750=12.26%
  lat (usec)   : 1000=0.13%
  lat (msec)   : 2=20.42%, 4=14.17%, 10=26.51%, 20=19.81%, 50=3.69%
  lat (msec)   : 100=0.59%, 250=0.48%, 500=0.14%, 750=0.01%, 1000=0.01%
  cpu          : usr=0.68%, sys=8.31%, ctx=53432, majf=0, minf=44
  IO depths    : 1=0.1%, 2=0.1%, 4=100.0%, 8=0.0%, 16=0.0%, 32=0.0%, >=64=0.0%
     submit    : 0=0.0%, 4=100.0%, 8=0.0%, 16=0.0%, 32=0.0%, 64=0.0%, >=64=0.0%
     complete  : 0=0.0%, 4=100.0%, 8=0.0%, 16=0.0%, 32=0.0%, 64=0.0%, >=64=0.0%
     issued rwts: total=55527,55234,0,0 short=0,0,0,0 dropped=0,0,0,0
     latency   : target=0, window=0, percentile=100.00%, depth=4

Run status group 0 (all jobs):
   READ: bw=5923KiB/s (6065kB/s), 5923KiB/s-5923KiB/s (6065kB/s-6065kB/s), io=1735MiB (1820MB), run=300005-300005msec
  WRITE: bw=5892KiB/s (6033kB/s), 5892KiB/s-5892KiB/s (6033kB/s-6033kB/s), io=1726MiB (1810MB), run=300005-300005msec

random-writers: (groupid=0, jobs=1): err= 0: pid=197646: Tue Jul 13 16:12:28 2021
  read: IOPS=196, BW=6281KiB/s (6432kB/s)(1840MiB/300001msec)
    slat (usec): min=15, max=709281, avg=4804.95, stdev=14158.83
    clat (usec): min=82, max=1289.7k, avg=7647.70, stdev=21333.60
     lat (usec): min=104, max=1296.0k, avg=12455.92, stdev=27977.46
    clat percentiles (usec):
     |  1.00th=[   529],  5.00th=[   578], 10.00th=[   685], 20.00th=[  1467],
     | 30.00th=[  1860], 40.00th=[  2409], 50.00th=[  3392], 60.00th=[  5932],
     | 70.00th=[  8356], 80.00th=[ 10552], 90.00th=[ 14353], 95.00th=[ 18482],
     | 99.00th=[ 55837], 99.50th=[135267], 99.90th=[308282], 99.95th=[367002],
     | 99.99th=[792724]
   bw (  KiB/s): min=   64, max=14656, per=100.00%, avg=6327.49, stdev=3086.94, samples=595
   iops        : min=    2, max=  458, avg=197.73, stdev=96.47, samples=595
  write: IOPS=195, BW=6260KiB/s (6410kB/s)(1834MiB/300001msec); 0 zone resets
    slat (usec): min=117, max=2480, avg=206.34, stdev=53.42
    clat (usec): min=10, max=908399, avg=7674.58, stdev=21247.99
     lat (usec): min=247, max=908616, avg=7882.10, stdev=21250.32
    clat percentiles (usec):
     |  1.00th=[   396],  5.00th=[   529], 10.00th=[   545], 20.00th=[  1434],
     | 30.00th=[  1778], 40.00th=[  2376], 50.00th=[  3359], 60.00th=[  5932],
     | 70.00th=[  8356], 80.00th=[ 10552], 90.00th=[ 14484], 95.00th=[ 19006],
     | 99.00th=[ 54789], 99.50th=[132645], 99.90th=[325059], 99.95th=[383779],
     | 99.99th=[658506]
   bw (  KiB/s): min=   64, max=16192, per=100.00%, avg=6304.90, stdev=3189.59, samples=595
   iops        : min=    2, max=  506, avg=197.03, stdev=99.68, samples=595
  lat (usec)   : 20=0.01%, 100=0.01%, 250=0.03%, 500=1.39%, 750=12.38%
  lat (usec)   : 1000=0.28%
  lat (msec)   : 2=20.57%, 4=18.07%, 10=24.80%, 20=18.27%, 50=3.09%
  lat (msec)   : 100=0.43%, 250=0.50%, 500=0.15%, 750=0.01%, 1000=0.01%
  lat (msec)   : 2000=0.01%
  cpu          : usr=0.81%, sys=9.81%, ctx=56746, majf=0, minf=43
  IO depths    : 1=0.1%, 2=0.1%, 4=100.0%, 8=0.0%, 16=0.0%, 32=0.0%, >=64=0.0%
     submit    : 0=0.0%, 4=100.0%, 8=0.0%, 16=0.0%, 32=0.0%, 64=0.0%, >=64=0.0%
     complete  : 0=0.0%, 4=100.0%, 8=0.0%, 16=0.0%, 32=0.0%, 64=0.0%, >=64=0.0%
     issued rwts: total=58886,58684,0,0 short=0,0,0,0 dropped=0,0,0,0
     latency   : target=0, window=0, percentile=100.00%, depth=4

Run status group 0 (all jobs):
   READ: bw=6281KiB/s (6432kB/s), 6281KiB/s-6281KiB/s (6432kB/s-6432kB/s), io=1840MiB (1930MB), run=300001-300001msec
  WRITE: bw=6260KiB/s (6410kB/s), 6260KiB/s-6260KiB/s (6410kB/s-6410kB/s), io=1834MiB (1923MB), run=300001-300001msec

random-writers: (groupid=0, jobs=1): err= 0: pid=208042: Tue Jul 13 16:12:28 2021
  read: IOPS=122, BW=3930KiB/s (4024kB/s)(1151MiB/300005msec)
    slat (usec): min=17, max=722132, avg=7864.23, stdev=21787.69
    clat (usec): min=11, max=1241.2k, avg=12257.43, stdev=32607.06
     lat (usec): min=441, max=1553.8k, avg=20123.99, stdev=43390.57
    clat percentiles (usec):
     |  1.00th=[    545],  5.00th=[    578], 10.00th=[    676],
     | 20.00th=[   1614], 30.00th=[   3228], 40.00th=[   5604],
     | 50.00th=[   7635], 60.00th=[   9503], 70.00th=[  11207],
     | 80.00th=[  14222], 90.00th=[  19268], 95.00th=[  26608],
     | 99.00th=[ 152044], 99.50th=[ 217056], 99.90th=[ 392168],
     | 99.95th=[ 650118], 99.99th=[1061159]
   bw (  KiB/s): min=   64, max=10560, per=100.00%, avg=3959.60, stdev=2020.12, samples=595
   iops        : min=    2, max=  330, avg=123.74, stdev=63.13, samples=595
  write: IOPS=122, BW=3930KiB/s (4025kB/s)(1151MiB/300005msec); 0 zone resets

random-writers: (groupid=0, jobs=1): err= 0: pid=232263: Tue Jul 13 16:12:28 2021
  read: IOPS=267, BW=8564KiB/s (8770kB/s)(2509MiB/300001msec)
    slat (usec): min=15, max=896099, avg=3471.41, stdev=12968.98
    clat (usec): min=24, max=993865, avg=5609.20, stdev=18753.92
     lat (usec): min=215, max=1007.0k, avg=9082.62, stdev=24078.99
    clat percentiles (usec):
     |  1.00th=[   453],  5.00th=[   562], 10.00th=[   619], 20.00th=[  1254],
     | 30.00th=[  1500], 40.00th=[  1827], 50.00th=[  2212], 60.00th=[  2868],
     | 70.00th=[  5473], 80.00th=[  8455], 90.00th=[ 11338], 95.00th=[ 15270],
     | 99.00th=[ 34341], 99.50th=[ 65274], 99.90th=[240124], 99.95th=[400557],
     | 99.99th=[893387]
   bw (  KiB/s): min=   64, max=19904, per=100.00%, avg=8679.46, stdev=4310.19, samples=592
   iops        : min=    2, max=  622, avg=271.23, stdev=134.69, samples=592
  write: IOPS=266, BW=8525KiB/s (8729kB/s)(2497MiB/300001msec); 0 zone resets
    slat (usec): min=119, max=2341, avg=190.71, stdev=40.37
    slat (usec): min=120, max=2417, avg=195.62, stdev=42.63
    clat (usec): min=242, max=1125.1k, avg=12179.90, stdev=31400.86
     lat (usec): min=410, max=1125.4k, avg=12376.72, stdev=31401.91
    clat percentiles (usec):
     |  1.00th=[   523],  5.00th=[   537], 10.00th=[   562], 20.00th=[  1598],
     | 30.00th=[  3130], 40.00th=[  5538], 50.00th=[  7570], 60.00th=[  9372],
     | 70.00th=[ 11207], 80.00th=[ 14353], 90.00th=[ 19268], 95.00th=[ 26346],
     | 99.00th=[156238], 99.50th=[225444], 99.90th=[392168], 99.95th=[505414],
     | 99.99th=[943719]
   bw (  KiB/s): min=   64, max=10368, per=100.00%, avg=3994.45, stdev=2127.78, samples=590
   iops        : min=    2, max=  324, avg=124.83, stdev=66.49, samples=590
  lat (usec)   : 20=0.01%, 250=0.01%, 500=0.10%, 750=12.35%, 1000=0.13%
  lat (msec)   : 2=11.66%, 4=8.81%, 10=30.19%, 20=27.80%, 50=6.36%
  lat (msec)   : 100=1.11%, 250=1.11%, 500=0.30%, 750=0.03%, 1000=0.02%
  lat (msec)   : 2000=0.01%
    clat (usec): min=90, max=951882, avg=5636.65, stdev=18763.17
     lat (usec): min=264, max=952050, avg=5828.56, stdev=18768.27
    clat percentiles (usec):
     |  1.00th=[   400],  5.00th=[   529], 10.00th=[   545], 20.00th=[  1254],
     | 30.00th=[  1467], 40.00th=[  1811], 50.00th=[  2245], 60.00th=[  2933],
     | 70.00th=[  5604], 80.00th=[  8586], 90.00th=[ 11338], 95.00th=[ 15401],
     | 99.00th=[ 34341], 99.50th=[ 64750], 99.90th=[265290], 99.95th=[417334],
     | 99.99th=[893387]
   bw (  KiB/s): min=   64, max=19264, per=100.00%, avg=8639.35, stdev=4334.94, samples=592
   iops        : min=    2, max=  602, avg=269.98, stdev=135.47, samples=592
  lat (usec)   : 50=0.01%, 100=0.01%, 250=0.04%, 500=1.68%, 750=12.21%
  lat (usec)   : 1000=0.15%
  lat (msec)   : 2=30.96%, 4=20.33%, 10=20.04%, 20=12.17%, 50=1.74%
  lat (msec)   : 100=0.35%, 250=0.22%, 500=0.07%, 750=0.01%, 1000=0.01%
  cpu          : usr=0.94%, sys=11.71%, ctx=77366, majf=0, minf=44
  cpu          : usr=0.44%, sys=5.75%, ctx=36849, majf=0, minf=43
  IO depths    : 1=0.1%, 2=0.1%, 4=100.0%, 8=0.0%, 16=0.0%, 32=0.0%, >=64=0.0%
     submit    : 0=0.0%, 4=100.0%, 8=0.0%, 16=0.0%, 32=0.0%, 64=0.0%, >=64=0.0%
     complete  : 0=0.0%, 4=100.0%, 8=0.0%, 16=0.0%, 32=0.0%, 64=0.0%, >=64=0.0%
     issued rwts: total=36841,36847,0,0 short=0,0,0,0 dropped=0,0,0,0
     latency   : target=0, window=0, percentile=100.00%, depth=4

Run status group 0 (all jobs):
   READ: bw=3930KiB/s (4024kB/s), 3930KiB/s-3930KiB/s (4024kB/s-4024kB/s), io=1151MiB (1207MB), run=300005-300005msec
  WRITE: bw=3930KiB/s (4025kB/s), 3930KiB/s-3930KiB/s (4025kB/s-4025kB/s), io=1151MiB (1207MB), run=300005-300005msec
  IO depths    : 1=0.1%, 2=0.1%, 4=100.0%, 8=0.0%, 16=0.0%, 32=0.0%, >=64=0.0%
     submit    : 0=0.0%, 4=100.0%, 8=0.0%, 16=0.0%, 32=0.0%, 64=0.0%, >=64=0.0%
     complete  : 0=0.0%, 4=100.0%, 8=0.0%, 16=0.0%, 32=0.0%, 64=0.0%, >=64=0.0%
     issued rwts: total=80290,79918,0,0 short=0,0,0,0 dropped=0,0,0,0
     latency   : target=0, window=0, percentile=100.00%, depth=4

Run status group 0 (all jobs):
   READ: bw=8564KiB/s (8770kB/s), 8564KiB/s-8564KiB/s (8770kB/s-8770kB/s), io=2509MiB (2631MB), run=300001-300001msec
  WRITE: bw=8525KiB/s (8729kB/s), 8525KiB/s-8525KiB/s (8729kB/s-8729kB/s), io=2497MiB (2619MB), run=300001-300001msec

random-writers: (groupid=0, jobs=1): err= 0: pid=195772: Tue Jul 13 16:12:28 2021
  read: IOPS=127, BW=4078KiB/s (4176kB/s)(1195MiB/300008msec)
    slat (usec): min=15, max=823261, avg=7574.45, stdev=20410.07
    clat (usec): min=14, max=1702.8k, avg=11789.11, stdev=31772.68
     lat (usec): min=262, max=1749.2k, avg=19365.81, stdev=42050.65
    clat percentiles (usec):
     |  1.00th=[   529],  5.00th=[   562], 10.00th=[   652], 20.00th=[  1483],
     | 30.00th=[  2606], 40.00th=[  5080], 50.00th=[  7177], 60.00th=[  9110],
     | 70.00th=[ 10814], 80.00th=[ 13829], 90.00th=[ 19006], 95.00th=[ 26346],
     | 99.00th=[145753], 99.50th=[208667], 99.90th=[375391], 99.95th=[583009],
     | 99.99th=[918553]
   bw (  KiB/s): min=   64, max=11200, per=100.00%, avg=4124.82, stdev=2043.76, samples=593
   iops        : min=    2, max=  350, avg=128.90, stdev=63.87, samples=593
  write: IOPS=127, BW=4075KiB/s (4173kB/s)(1194MiB/300008msec); 0 zone resets
    slat (usec): min=121, max=2261, avg=192.50, stdev=40.67

random-writers: (groupid=0, jobs=1): err= 0: pid=187151: Tue Jul 13 16:12:28 2021
  read: IOPS=162, BW=5209KiB/s (5334kB/s)(1526MiB/300034msec)
    slat (usec): min=15, max=811209, avg=5883.26, stdev=16355.79
    clat (usec): min=14, max=905275, avg=9108.37, stdev=23462.14
     lat (usec): min=226, max=1583.7k, avg=14993.87, stdev=31796.43
    clat percentiles (usec):
     |  1.00th=[   486],  5.00th=[   553], 10.00th=[   627], 20.00th=[  1385],
     | 30.00th=[  1876], 40.00th=[  2999], 50.00th=[  5407], 60.00th=[  7635],
     | 70.00th=[  9634], 80.00th=[ 11600], 90.00th=[ 16581], 95.00th=[ 21365],
     | 99.00th=[ 79168], 99.50th=[164627], 99.90th=[316670], 99.95th=[346031],
     | 99.99th=[809501]
   bw (  KiB/s): min=   64, max=13504, per=100.00%, avg=5252.84, stdev=2616.16, samples=595
   iops        : min=    2, max=  422, avg=164.15, stdev=81.75, samples=595
  write: IOPS=161, BW=5176KiB/s (5300kB/s)(1516MiB/300034msec); 0 zone resets
    slat (usec): min=120, max=2498, avg=192.09, stdev=41.84
    clat (usec): min=85, max=917749, avg=11769.68, stdev=29031.07
     lat (usec): min=246, max=917927, avg=11963.38, stdev=29032.76
    clat percentiles (usec):
     |  1.00th=[   494],  5.00th=[   529], 10.00th=[   553], 20.00th=[  1467],
     | 30.00th=[  2606], 40.00th=[  5145], 50.00th=[  7177], 60.00th=[  9110],
     | 70.00th=[ 10945], 80.00th=[ 14091], 90.00th=[ 19268], 95.00th=[ 26608],
     | 99.00th=[147850], 99.50th=[208667], 99.90th=[346031], 99.95th=[442500],
     | 99.99th=[859833]
   bw (  KiB/s): min=   64, max=11840, per=100.00%, avg=4142.75, stdev=2151.19, samples=590
   iops        : min=    2, max=  370, avg=129.46, stdev=67.22, samples=590
  lat (usec)   : 20=0.01%, 100=0.01%, 250=0.01%, 500=0.87%, 750=12.39%
  lat (usec)   : 1000=0.08%
  lat (msec)   : 2=12.91%, 4=9.38%, 10=29.41%, 20=26.07%, 50=6.26%
  lat (msec)   : 100=1.14%, 250=1.14%, 500=0.28%, 750=0.03%, 1000=0.02%
  lat (msec)   : 2000=0.01%
  cpu          : usr=0.47%, sys=5.76%, ctx=37512, majf=0, minf=44
    clat (usec): min=86, max=961955, avg=9390.17, stdev=24512.68
     lat (usec): min=264, max=962143, avg=9583.45, stdev=24513.22
    clat percentiles (usec):
     |  1.00th=[   400],  5.00th=[   529], 10.00th=[   545], 20.00th=[  1369],
     | 30.00th=[  1844], 40.00th=[  2999], 50.00th=[  5473], 60.00th=[  7635],
     | 70.00th=[  9634], 80.00th=[ 11731], 90.00th=[ 16712], 95.00th=[ 21627],
     | 99.00th=[108528], 99.50th=[177210], 99.90th=[316670], 99.95th=[346031],
     | 99.99th=[901776]
   bw (  KiB/s): min=   64, max=14464, per=100.00%, avg=5218.96, stdev=2720.77, samples=595
   iops        : min=    2, max=  452, avg=163.09, stdev=85.02, samples=595
  lat (usec)   : 20=0.01%, 100=0.01%, 250=0.03%, 500=1.58%, 750=12.18%
  lat (usec)   : 1000=0.09%
  lat (msec)   : 2=17.91%, 4=12.36%, 10=27.97%, 20=21.86%, 50=4.46%
  lat (msec)   : 100=0.59%, 250=0.75%, 500=0.20%, 750=0.01%, 1000=0.01%
  cpu          : usr=0.57%, sys=7.18%, ctx=47204, majf=0, minf=44
  IO depths    : 1=0.1%, 2=0.1%, 4=100.0%, 8=0.0%, 16=0.0%, 32=0.0%, >=64=0.0%
     submit    : 0=0.0%, 4=100.0%, 8=0.0%, 16=0.0%, 32=0.0%, 64=0.0%, >=64=0.0%
     complete  : 0=0.0%, 4=100.0%, 8=0.0%, 16=0.0%, 32=0.0%, 64=0.0%, >=64=0.0%
     issued rwts: total=38236,38202,0,0 short=0,0,0,0 dropped=0,0,0,0
     latency   : target=0, window=0, percentile=100.00%, depth=4

Run status group 0 (all jobs):
   READ: bw=4078KiB/s (4176kB/s), 4078KiB/s-4078KiB/s (4176kB/s-4176kB/s), io=1195MiB (1253MB), run=300008-300008msec
  WRITE: bw=4075KiB/s (4173kB/s), 4075KiB/s-4075KiB/s (4173kB/s-4173kB/s), io=1194MiB (1252MB), run=300008-300008msec
  IO depths    : 1=0.1%, 2=0.1%, 4=100.0%, 8=0.0%, 16=0.0%, 32=0.0%, >=64=0.0%
     submit    : 0=0.0%, 4=100.0%, 8=0.0%, 16=0.0%, 32=0.0%, 64=0.0%, >=64=0.0%
     complete  : 0=0.0%, 4=100.0%, 8=0.0%, 16=0.0%, 32=0.0%, 64=0.0%, >=64=0.0%
     issued rwts: total=48844,48527,0,0 short=0,0,0,0 dropped=0,0,0,0
     latency   : target=0, window=0, percentile=100.00%, depth=4

Run status group 0 (all jobs):
   READ: bw=5209KiB/s (5334kB/s), 5209KiB/s-5209KiB/s (5334kB/s-5334kB/s), io=1526MiB (1601MB), run=300034-300034msec
  WRITE: bw=5176KiB/s (5300kB/s), 5176KiB/s-5176KiB/s (5300kB/s-5300kB/s), io=1516MiB (1590MB), run=300034-300034msec

random-writers: (groupid=0, jobs=1): err= 0: pid=192435: Tue Jul 13 16:12:28 2021
  read: IOPS=121, BW=3873KiB/s (3966kB/s)(1135MiB/300068msec)
    slat (usec): min=16, max=1344.0k, avg=7986.28, stdev=22701.80
    clat (usec): min=25, max=1924.9k, avg=12200.07, stdev=31923.79
     lat (usec): min=412, max=2104.8k, avg=20188.60, stdev=43367.99
    clat percentiles (usec):
     |  1.00th=[   537],  5.00th=[   562], 10.00th=[   668], 20.00th=[  1680],
     | 30.00th=[  3458], 40.00th=[  5866], 50.00th=[  7832], 60.00th=[  9634],
     | 70.00th=[ 11338], 80.00th=[ 14615], 90.00th=[ 19530], 95.00th=[ 26346],
     | 99.00th=[152044], 99.50th=[210764], 99.90th=[333448], 99.95th=[513803],
     | 99.99th=[910164]
   bw (  KiB/s): min=   64, max= 9152, per=100.00%, avg=3933.83, stdev=1844.47, samples=590
   iops        : min=    2, max=  286, avg=122.93, stdev=57.64, samples=590
  write: IOPS=121, BW=3879KiB/s (3972kB/s)(1137MiB/300068msec); 0 zone resets
    slat (usec): min=121, max=2591, avg=192.70, stdev=42.24
    clat (usec): min=234, max=2050.8k, avg=12577.34, stdev=34559.09
     lat (usec): min=394, max=2051.8k, avg=12771.23, stdev=34561.49
    clat percentiles (usec):
     |  1.00th=[   519],  5.00th=[   537], 10.00th=[   553], 20.00th=[  1647],
     | 30.00th=[  3425], 40.00th=[  5800], 50.00th=[  7832], 60.00th=[  9634],
     | 70.00th=[ 11338], 80.00th=[ 14746], 90.00th=[ 19530], 95.00th=[ 26870],
     | 99.00th=[158335], 99.50th=[221250], 99.90th=[392168], 99.95th=[583009],
     | 99.99th=[952108]
   bw (  KiB/s): min=   64, max= 9024, per=100.00%, avg=3952.65, stdev=1943.39, samples=588
   iops        : min=    2, max=  282, avg=123.52, stdev=60.73, samples=588
  lat (usec)   : 50=0.01%, 250=0.01%, 500=0.54%, 750=12.39%, 1000=0.11%
  lat (msec)   : 2=10.58%, 4=8.48%, 10=30.31%, 20=28.28%, 50=6.78%
  lat (msec)   : 100=1.06%, 250=1.12%, 500=0.29%, 750=0.04%, 1000=0.01%
  lat (msec)   : 2000=0.01%, >=2000=0.01%
  cpu          : usr=0.44%, sys=5.56%, ctx=35920, majf=0, minf=44
  IO depths    : 1=0.1%, 2=0.1%, 4=100.0%, 8=0.0%, 16=0.0%, 32=0.0%, >=64=0.0%
     submit    : 0=0.0%, 4=100.0%, 8=0.0%, 16=0.0%, 32=0.0%, 64=0.0%, >=64=0.0%
     complete  : 0=0.0%, 4=100.0%, 8=0.0%, 16=0.0%, 32=0.0%, 64=0.0%, >=64=0.0%
     issued rwts: total=36321,36371,0,0 short=0,0,0,0 dropped=0,0,0,0
     latency   : target=0, window=0, percentile=100.00%, depth=4

Run status group 0 (all jobs):
   READ: bw=3873KiB/s (3966kB/s), 3873KiB/s-3873KiB/s (3966kB/s-3966kB/s), io=1135MiB (1190MB), run=300068-300068msec
  WRITE: bw=3879KiB/s (3972kB/s), 3879KiB/s-3879KiB/s (3972kB/s-3972kB/s), io=1137MiB (1192MB), run=300068-300068msec

random-writers: (groupid=0, jobs=1): err= 0: pid=181129: Tue Jul 13 16:12:28 2021
  read: IOPS=254, BW=8136KiB/s (8331kB/s)(2384MiB/300001msec)
    slat (usec): min=15, max=645887, avg=3664.12, stdev=11777.95
    clat (usec): min=211, max=920429, avg=5933.30, stdev=17954.87
     lat (usec): min=245, max=926145, avg=9599.47, stdev=22849.87
    clat percentiles (usec):
     |  1.00th=[   445],  5.00th=[   553], 10.00th=[   619], 20.00th=[  1287],
     | 30.00th=[  1549], 40.00th=[  1909], 50.00th=[  2442], 60.00th=[  3425],
     | 70.00th=[  6325], 80.00th=[  8979], 90.00th=[ 11600], 95.00th=[ 15664],
     | 99.00th=[ 40109], 99.50th=[ 74974], 99.90th=[227541], 99.95th=[404751],
     | 99.99th=[666895]
   bw (  KiB/s): min=  128, max=18880, per=100.00%, avg=8217.47, stdev=3917.76, samples=593
   iops        : min=    4, max=  590, avg=256.80, stdev=122.43, samples=593
  write: IOPS=252, BW=8095KiB/s (8289kB/s)(2371MiB/300001msec); 0 zone resets
    slat (usec): min=118, max=2927, avg=191.77, stdev=42.37
    clat (usec): min=10, max=924712, avg=5906.17, stdev=17464.67
     lat (usec): min=134, max=924879, avg=6099.11, stdev=17470.89
    clat percentiles (usec):
     |  1.00th=[   396],  5.00th=[   529], 10.00th=[   545], 20.00th=[  1270],
     | 30.00th=[  1532], 40.00th=[  1893], 50.00th=[  2442], 60.00th=[  3523],
     | 70.00th=[  6325], 80.00th=[  8979], 90.00th=[ 11600], 95.00th=[ 15795],
     | 99.00th=[ 38011], 99.50th=[ 73925], 99.90th=[240124], 99.95th=[392168],
     | 99.99th=[658506]
   bw (  KiB/s): min=   64, max=20736, per=100.00%, avg=8160.97, stdev=4020.79, samples=594
   iops        : min=    2, max=  648, avg=255.03, stdev=125.65, samples=594
  lat (usec)   : 20=0.01%, 100=0.01%, 250=0.04%, 500=1.92%, 750=12.18%
  lat (usec)   : 1000=0.15%
  lat (msec)   : 2=28.03%, 4=19.74%, 10=22.14%, 20=13.21%, 50=1.82%
  lat (msec)   : 100=0.42%, 250=0.26%, 500=0.08%, 750=0.01%, 1000=0.01%
  cpu          : usr=0.93%, sys=11.25%, ctx=73057, majf=0, minf=42
  IO depths    : 1=0.1%, 2=0.1%, 4=100.0%, 8=0.0%, 16=0.0%, 32=0.0%, >=64=0.0%
     submit    : 0=0.0%, 4=100.0%, 8=0.0%, 16=0.0%, 32=0.0%, 64=0.0%, >=64=0.0%
     complete  : 0=0.0%, 4=100.0%, 8=0.0%, 16=0.0%, 32=0.0%, 64=0.0%, >=64=0.0%
     issued rwts: total=76275,75887,0,0 short=0,0,0,0 dropped=0,0,0,0
     latency   : target=0, window=0, percentile=100.00%, depth=4

Run status group 0 (all jobs):
   READ: bw=8136KiB/s (8331kB/s), 8136KiB/s-8136KiB/s (8331kB/s-8331kB/s), io=2384MiB (2499MB), run=300001-300001msec
  WRITE: bw=8095KiB/s (8289kB/s), 8095KiB/s-8095KiB/s (8289kB/s-8289kB/s), io=2371MiB (2487MB), run=300001-300001msec

random-writers: (groupid=0, jobs=1): err= 0: pid=209062: Tue Jul 13 16:12:29 2021
  read: IOPS=143, BW=4588KiB/s (4698kB/s)(1344MiB/300006msec)
    slat (usec): min=16, max=1612.2k, avg=6705.09, stdev=21643.23
    clat (usec): min=24, max=1917.7k, avg=10500.35, stdev=30789.31
     lat (usec): min=428, max=2055.8k, avg=17207.81, stdev=41663.69
    clat percentiles (usec):
     |  1.00th=[   545],  5.00th=[   578], 10.00th=[   676], 20.00th=[  1516],
     | 30.00th=[  2089], 40.00th=[  3392], 50.00th=[  5866], 60.00th=[  7963],
     | 70.00th=[ 10028], 80.00th=[ 12256], 90.00th=[ 17433], 95.00th=[ 24249],
     | 99.00th=[132645], 99.50th=[198181], 99.90th=[320865], 99.95th=[459277],
     | 99.99th=[952108]
   bw (  KiB/s): min=   64, max=11840, per=100.00%, avg=4671.02, stdev=2806.84, samples=589
   iops        : min=    2, max=  370, avg=145.97, stdev=87.71, samples=589
  write: IOPS=142, BW=4552KiB/s (4662kB/s)(1334MiB/300006msec); 0 zone resets
    slat (usec): min=119, max=2496, avg=195.72, stdev=41.73
    clat (usec): min=242, max=1917.7k, avg=10516.73, stdev=31024.72
     lat (usec): min=420, max=1918.0k, avg=10713.63, stdev=31026.56
    clat percentiles (usec):
     |  1.00th=[   523],  5.00th=[   537], 10.00th=[   562], 20.00th=[  1483],
     | 30.00th=[  2024], 40.00th=[  3359], 50.00th=[  5800], 60.00th=[  8029],
     | 70.00th=[ 10028], 80.00th=[ 12256], 90.00th=[ 17695], 95.00th=[ 24249],
     | 99.00th=[127402], 99.50th=[193987], 99.90th=[341836], 99.95th=[509608],
     | 99.99th=[960496]
   bw (  KiB/s): min=   64, max=13696, per=100.00%, avg=4626.77, stdev=2897.49, samples=590
   iops        : min=    2, max=  428, avg=144.59, stdev=90.55, samples=590
  lat (usec)   : 50=0.01%, 250=0.01%, 500=0.25%, 750=12.28%, 1000=0.10%
  lat (msec)   : 2=16.67%, 4=13.19%, 10=27.50%, 20=22.79%, 50=4.93%
  lat (msec)   : 100=1.02%, 250=1.03%, 500=0.19%, 750=0.03%, 1000=0.02%
  lat (msec)   : 2000=0.01%
  cpu          : usr=0.52%, sys=6.58%, ctx=42850, majf=0, minf=44
  IO depths    : 1=0.1%, 2=0.1%, 4=100.0%, 8=0.0%, 16=0.0%, 32=0.0%, >=64=0.0%
     submit    : 0=0.0%, 4=100.0%, 8=0.0%, 16=0.0%, 32=0.0%, 64=0.0%, >=64=0.0%
     complete  : 0=0.0%, 4=100.0%, 8=0.0%, 16=0.0%, 32=0.0%, 64=0.0%, >=64=0.0%
     issued rwts: total=43009,42679,0,0 short=0,0,0,0 dropped=0,0,0,0
     latency   : target=0, window=0, percentile=100.00%, depth=4

Run status group 0 (all jobs):
   READ: bw=4588KiB/s (4698kB/s), 4588KiB/s-4588KiB/s (4698kB/s-4698kB/s), io=1344MiB (1409MB), run=300006-300006msec
  WRITE: bw=4552KiB/s (4662kB/s), 4552KiB/s-4552KiB/s (4662kB/s-4662kB/s), io=1334MiB (1399MB), run=300006-300006msec

random-writers: (groupid=0, jobs=1): err= 0: pid=203881: Tue Jul 13 16:12:29 2021
  read: IOPS=169, BW=5423KiB/s (5553kB/s)(1589MiB/300114msec)
    slat (usec): min=15, max=1198.9k, avg=5626.05, stdev=16735.44
    clat (usec): min=12, max=1017.7k, avg=8834.39, stdev=24411.36
     lat (usec): min=101, max=1414.0k, avg=14462.52, stdev=32640.12
    clat percentiles (usec):
     |  1.00th=[   482],  5.00th=[   562], 10.00th=[   627], 20.00th=[  1319],
     | 30.00th=[  1729], 40.00th=[  2573], 50.00th=[  4883], 60.00th=[  7177],
     | 70.00th=[  9241], 80.00th=[ 11207], 90.00th=[ 16057], 95.00th=[ 20579],
     | 99.00th=[ 82314], 99.50th=[160433], 99.90th=[299893], 99.95th=[354419],
     | 99.99th=[901776]
   bw (  KiB/s): min=   64, max=15616, per=100.00%, avg=5497.62, stdev=2777.97, samples=592
   iops        : min=    2, max=  488, avg=171.80, stdev=86.81, samples=592
  write: IOPS=168, BW=5401KiB/s (5530kB/s)(1583MiB/300114msec); 0 zone resets
    slat (usec): min=118, max=2869, avg=191.63, stdev=40.48
    clat (usec): min=83, max=1413.7k, avg=8914.11, stdev=25756.75
     lat (usec): min=247, max=1415.0k, avg=9106.93, stdev=25759.49
    clat percentiles (usec):
     |  1.00th=[   404],  5.00th=[   529], 10.00th=[   545], 20.00th=[  1319],
     | 30.00th=[  1713], 40.00th=[  2606], 50.00th=[  4948], 60.00th=[  7242],
     | 70.00th=[  9241], 80.00th=[ 11207], 90.00th=[ 16057], 95.00th=[ 20579],
     | 99.00th=[ 83362], 99.50th=[170918], 99.90th=[304088], 99.95th=[350225],
     | 99.99th=[901776]
   bw (  KiB/s): min=   64, max=18944, per=100.00%, avg=5493.80, stdev=2855.82, samples=590
   iops        : min=    2, max=  592, avg=171.68, stdev=89.24, samples=590
  lat (usec)   : 20=0.01%, 100=0.01%, 250=0.02%, 500=1.58%, 750=12.25%
  lat (usec)   : 1000=0.11%
  lat (msec)   : 2=19.97%, 4=12.55%, 10=27.55%, 20=20.48%, 50=3.98%
  lat (msec)   : 100=0.61%, 250=0.66%, 500=0.20%, 750=0.01%, 1000=0.01%
  lat (msec)   : 2000=0.01%
  cpu          : usr=0.60%, sys=7.63%, ctx=49191, majf=0, minf=44
  IO depths    : 1=0.1%, 2=0.1%, 4=100.0%, 8=0.0%, 16=0.0%, 32=0.0%, >=64=0.0%
     submit    : 0=0.0%, 4=100.0%, 8=0.0%, 16=0.0%, 32=0.0%, 64=0.0%, >=64=0.0%
     complete  : 0=0.0%, 4=100.0%, 8=0.0%, 16=0.0%, 32=0.0%, 64=0.0%, >=64=0.0%
     issued rwts: total=50862,50652,0,0 short=0,0,0,0 dropped=0,0,0,0
     latency   : target=0, window=0, percentile=100.00%, depth=4

Run status group 0 (all jobs):
   READ: bw=5423KiB/s (5553kB/s), 5423KiB/s-5423KiB/s (5553kB/s-5553kB/s), io=1589MiB (1667MB), run=300114-300114msec
  WRITE: bw=5401KiB/s (5530kB/s), 5401KiB/s-5401KiB/s (5530kB/s-5530kB/s), io=1583MiB (1660MB), run=300114-300114msec

random-writers: (groupid=0, jobs=1): err= 0: pid=195538: Tue Jul 13 16:12:29 2021
  read: IOPS=156, BW=5024KiB/s (5144kB/s)(1472MiB/300032msec)
    slat (usec): min=15, max=860149, avg=6097.67, stdev=16105.40
    clat (usec): min=24, max=945136, avg=9447.47, stdev=23448.21
     lat (usec): min=368, max=1195.2k, avg=15547.81, stdev=31217.15
    clat percentiles (usec):
     |  1.00th=[   529],  5.00th=[   586], 10.00th=[   676], 20.00th=[  1434],
     | 30.00th=[  2024], 40.00th=[  3523], 50.00th=[  5866], 60.00th=[  7898],
     | 70.00th=[  9896], 80.00th=[ 11994], 90.00th=[ 16909], 95.00th=[ 21890],
     | 99.00th=[ 86508], 99.50th=[170918], 99.90th=[295699], 99.95th=[329253],
     | 99.99th=[901776]
   bw (  KiB/s): min=  192, max=11392, per=100.00%, avg=5064.93, stdev=2395.76, samples=595
   iops        : min=    6, max=  356, avg=158.28, stdev=74.87, samples=595
  write: IOPS=155, BW=4989KiB/s (5108kB/s)(1462MiB/300032msec); 0 zone resets
    slat (usec): min=120, max=2295, avg=200.54, stdev=44.69
    clat (usec): min=230, max=1181.6k, avg=9741.16, stdev=23850.17
     lat (usec): min=398, max=1181.8k, avg=9942.93, stdev=23851.46
    clat percentiles (usec):
     |  1.00th=[   457],  5.00th=[   537], 10.00th=[   553], 20.00th=[  1401],
     | 30.00th=[  2008], 40.00th=[  3556], 50.00th=[  5932], 60.00th=[  8029],
     | 70.00th=[  9896], 80.00th=[ 12256], 90.00th=[ 17433], 95.00th=[ 22676],
     | 99.00th=[109577], 99.50th=[175113], 99.90th=[299893], 99.95th=[337642],
     | 99.99th=[901776]
   bw (  KiB/s): min=   64, max=12352, per=100.00%, avg=5030.08, stdev=2455.82, samples=595
   iops        : min=    2, max=  386, avg=157.19, stdev=76.74, samples=595
  lat (usec)   : 50=0.01%, 250=0.01%, 500=1.01%, 750=12.24%, 1000=0.18%
  lat (msec)   : 2=16.43%, 4=11.94%, 10=28.81%, 20=22.81%, 50=4.83%
  lat (msec)   : 100=0.76%, 250=0.79%, 500=0.18%, 750=0.01%, 1000=0.01%
  lat (msec)   : 2000=0.01%
  cpu          : usr=0.59%, sys=7.30%, ctx=45964, majf=0, minf=44
  IO depths    : 1=0.1%, 2=0.1%, 4=100.0%, 8=0.0%, 16=0.0%, 32=0.0%, >=64=0.0%
     submit    : 0=0.0%, 4=100.0%, 8=0.0%, 16=0.0%, 32=0.0%, 64=0.0%, >=64=0.0%
     complete  : 0=0.0%, 4=100.0%, 8=0.0%, 16=0.0%, 32=0.0%, 64=0.0%, >=64=0.0%
     issued rwts: total=47101,46774,0,0 short=0,0,0,0 dropped=0,0,0,0
     latency   : target=0, window=0, percentile=100.00%, depth=4

Run status group 0 (all jobs):
   READ: bw=5024KiB/s (5144kB/s), 5024KiB/s-5024KiB/s (5144kB/s-5144kB/s), io=1472MiB (1543MB), run=300032-300032msec
  WRITE: bw=4989KiB/s (5108kB/s), 4989KiB/s-4989KiB/s (5108kB/s-5108kB/s), io=1462MiB (1533MB), run=300032-300032msec

random-writers: (groupid=0, jobs=1): err= 0: pid=199561: Tue Jul 13 16:12:29 2021
  read: IOPS=261, BW=8383KiB/s (8584kB/s)(2457MiB/300105msec)
    slat (usec): min=15, max=705113, avg=3549.78, stdev=11881.03
    clat (usec): min=11, max=929531, avg=5770.70, stdev=18207.46
     lat (usec): min=216, max=935810, avg=9322.64, stdev=23118.42
    clat percentiles (usec):
     |  1.00th=[   429],  5.00th=[   553], 10.00th=[   603], 20.00th=[  1254],
     | 30.00th=[  1516], 40.00th=[  1844], 50.00th=[  2343], 60.00th=[  3163],
     | 70.00th=[  5997], 80.00th=[  8717], 90.00th=[ 11338], 95.00th=[ 15270],
     | 99.00th=[ 36963], 99.50th=[ 71828], 99.90th=[231736], 99.95th=[392168],
     | 99.99th=[717226]
   bw (  KiB/s): min=   64, max=18368, per=100.00%, avg=8474.77, stdev=4311.03, samples=593
   iops        : min=    2, max=  574, avg=264.84, stdev=134.72, samples=593
  write: IOPS=260, BW=8344KiB/s (8544kB/s)(2445MiB/300105msec); 0 zone resets
    slat (usec): min=120, max=3991, avg=190.99, stdev=46.83
    clat (usec): min=83, max=934445, avg=5718.55, stdev=17437.34
     lat (usec): min=247, max=934620, avg=5910.76, stdev=17445.67
    clat percentiles (usec):
     |  1.00th=[   396],  5.00th=[   529], 10.00th=[   545], 20.00th=[  1254],
     | 30.00th=[  1500], 40.00th=[  1811], 50.00th=[  2343], 60.00th=[  3130],
     | 70.00th=[  5997], 80.00th=[  8717], 90.00th=[ 11338], 95.00th=[ 15270],
     | 99.00th=[ 35914], 99.50th=[ 69731], 99.90th=[244319], 99.95th=[362808],
     | 99.99th=[692061]
   bw (  KiB/s): min=   64, max=20096, per=100.00%, avg=8450.05, stdev=4318.69, samples=592
   iops        : min=    2, max=  628, avg=264.06, stdev=134.96, samples=592
  lat (usec)   : 20=0.01%, 100=0.01%, 250=0.05%, 500=2.32%, 750=12.20%
  lat (usec)   : 1000=0.15%
  lat (msec)   : 2=29.26%, 4=19.53%, 10=21.39%, 20=12.65%, 50=1.69%
  lat (msec)   : 100=0.38%, 250=0.25%, 500=0.07%, 750=0.02%, 1000=0.01%
  cpu          : usr=0.89%, sys=11.58%, ctx=74554, majf=0, minf=44
  IO depths    : 1=0.1%, 2=0.1%, 4=100.0%, 8=0.0%, 16=0.0%, 32=0.0%, >=64=0.0%
     submit    : 0=0.0%, 4=100.0%, 8=0.0%, 16=0.0%, 32=0.0%, 64=0.0%, >=64=0.0%
     complete  : 0=0.0%, 4=100.0%, 8=0.0%, 16=0.0%, 32=0.0%, 64=0.0%, >=64=0.0%
     issued rwts: total=78617,78250,0,0 short=0,0,0,0 dropped=0,0,0,0
     latency   : target=0, window=0, percentile=100.00%, depth=4

Run status group 0 (all jobs):
   READ: bw=8383KiB/s (8584kB/s), 8383KiB/s-8383KiB/s (8584kB/s-8584kB/s), io=2457MiB (2576MB), run=300105-300105msec
  WRITE: bw=8344KiB/s (8544kB/s), 8344KiB/s-8344KiB/s (8544kB/s-8544kB/s), io=2445MiB (2564MB), run=300105-300105msec

random-writers: (groupid=0, jobs=1): err= 0: pid=189066: Tue Jul 13 16:12:35 2021
  read: IOPS=139, BW=4458KiB/s (4565kB/s)(1306MiB/300001msec)
    slat (usec): min=16, max=1538.8k, avg=6909.42, stdev=19519.84
    clat (usec): min=15, max=1867.4k, avg=10736.18, stdev=30293.24
     lat (usec): min=401, max=1996.8k, avg=17647.91, stdev=40028.09
    clat percentiles (usec):
     |  1.00th=[   537],  5.00th=[   570], 10.00th=[   668], 20.00th=[  1450],
     | 30.00th=[  2089], 40.00th=[  3884], 50.00th=[  6259], 60.00th=[  8291],
     | 70.00th=[ 10159], 80.00th=[ 12518], 90.00th=[ 17695], 95.00th=[ 24773],
     | 99.00th=[135267], 99.50th=[196084], 99.90th=[341836], 99.95th=[429917],
     | 99.99th=[926942]
   bw (  KiB/s): min=   64, max=19584, per=100.00%, avg=4472.95, stdev=2459.99, samples=595
   iops        : min=    2, max=  612, avg=139.76, stdev=76.87, samples=595
  write: IOPS=138, BW=4439KiB/s (4545kB/s)(1300MiB/300001msec); 0 zone resets
    slat (usec): min=119, max=1067, avg=193.96, stdev=40.10
    clat (usec): min=236, max=927369, avg=10856.03, stdev=27354.88
     lat (usec): min=401, max=927577, avg=11051.23, stdev=27355.64
    clat percentiles (usec):
     |  1.00th=[   506],  5.00th=[   537], 10.00th=[   553], 20.00th=[  1450],
     | 30.00th=[  2114], 40.00th=[  3982], 50.00th=[  6325], 60.00th=[  8356],
     | 70.00th=[ 10290], 80.00th=[ 12780], 90.00th=[ 17957], 95.00th=[ 25560],
     | 99.00th=[143655], 99.50th=[200279], 99.90th=[312476], 99.95th=[404751],
     | 99.99th=[767558]
   bw (  KiB/s): min=   64, max=20352, per=100.00%, avg=4484.94, stdev=2507.06, samples=591
   iops        : min=    2, max=  636, avg=140.13, stdev=78.34, samples=591
  lat (usec)   : 20=0.01%, 250=0.01%, 500=0.73%, 750=12.30%, 1000=0.14%
  lat (msec)   : 2=15.82%, 4=11.19%, 10=28.65%, 20=23.54%, 50=5.16%
  lat (msec)   : 100=1.09%, 250=1.13%, 500=0.19%, 750=0.02%, 1000=0.01%
  lat (msec)   : 2000=0.01%
  cpu          : usr=0.55%, sys=6.27%, ctx=41122, majf=0, minf=43
  IO depths    : 1=0.1%, 2=0.1%, 4=100.0%, 8=0.0%, 16=0.0%, 32=0.0%, >=64=0.0%
     submit    : 0=0.0%, 4=100.0%, 8=0.0%, 16=0.0%, 32=0.0%, 64=0.0%, >=64=0.0%
     complete  : 0=0.0%, 4=100.0%, 8=0.0%, 16=0.0%, 32=0.0%, 64=0.0%, >=64=0.0%
     issued rwts: total=41792,41614,0,0 short=0,0,0,0 dropped=0,0,0,0
     latency   : target=0, window=0, percentile=100.00%, depth=4

Run status group 0 (all jobs):
   READ: bw=4458KiB/s (4565kB/s), 4458KiB/s-4458KiB/s (4565kB/s-4565kB/s), io=1306MiB (1369MB), run=300001-300001msec
  WRITE: bw=4439KiB/s (4545kB/s), 4439KiB/s-4439KiB/s (4545kB/s-4545kB/s), io=1300MiB (1364MB), run=300001-300001msec

random-writers: (groupid=0, jobs=1): err= 0: pid=192371: Tue Jul 13 16:12:35 2021
  read: IOPS=184, BW=5900KiB/s (6041kB/s)(1728MiB/300001msec)
    slat (usec): min=15, max=1051.3k, avg=5131.66, stdev=15357.42
    clat (usec): min=11, max=1055.5k, avg=8244.70, stdev=23441.97
     lat (usec): min=400, max=1120.3k, avg=13379.42, stdev=30712.83
    clat percentiles (usec):
     |  1.00th=[   545],  5.00th=[   603], 10.00th=[   685], 20.00th=[  1450],
     | 30.00th=[  1795], 40.00th=[  2376], 50.00th=[  3392], 60.00th=[  6063],
     | 70.00th=[  8586], 80.00th=[ 10814], 90.00th=[ 15139], 95.00th=[ 20055],
     | 99.00th=[ 79168], 99.50th=[156238], 99.90th=[291505], 99.95th=[358613],
     | 99.99th=[935330]
   bw (  KiB/s): min=   64, max=16448, per=100.00%, avg=5940.13, stdev=3424.35, samples=594
   iops        : min=    2, max=  514, avg=185.59, stdev=106.99, samples=594
  write: IOPS=183, BW=5870KiB/s (6011kB/s)(1720MiB/300001msec); 0 zone resets
    slat (usec): min=120, max=1069, avg=206.46, stdev=49.56
    clat (usec): min=228, max=1051.8k, avg=8080.56, stdev=22487.38
     lat (usec): min=394, max=1052.1k, avg=8288.24, stdev=22489.54
    clat percentiles (usec):
     |  1.00th=[   506],  5.00th=[   537], 10.00th=[   553], 20.00th=[  1401],
     | 30.00th=[  1729], 40.00th=[  2343], 50.00th=[  3326], 60.00th=[  6063],
     | 70.00th=[  8455], 80.00th=[ 10683], 90.00th=[ 15139], 95.00th=[ 19792],
     | 99.00th=[ 71828], 99.50th=[145753], 99.90th=[295699], 99.95th=[375391],
     | 99.99th=[901776]
   bw (  KiB/s): min=   64, max=17472, per=100.00%, avg=5919.38, stdev=3498.38, samples=593
   iops        : min=    2, max=  546, avg=184.94, stdev=109.31, samples=593
  lat (usec)   : 20=0.01%, 250=0.01%, 500=0.65%, 750=12.24%, 1000=0.25%
  lat (msec)   : 2=21.80%, 4=17.66%, 10=23.82%, 20=18.56%, 50=3.58%
  lat (msec)   : 100=0.61%, 250=0.63%, 500=0.16%, 750=0.01%, 1000=0.01%
  lat (msec)   : 2000=0.01%
  cpu          : usr=0.82%, sys=9.16%, ctx=54475, majf=0, minf=44
  IO depths    : 1=0.1%, 2=0.1%, 4=100.0%, 8=0.0%, 16=0.0%, 32=0.0%, >=64=0.0%
     submit    : 0=0.0%, 4=100.0%, 8=0.0%, 16=0.0%, 32=0.0%, 64=0.0%, >=64=0.0%
     complete  : 0=0.0%, 4=100.0%, 8=0.0%, 16=0.0%, 32=0.0%, 64=0.0%, >=64=0.0%
     issued rwts: total=55310,55031,0,0 short=0,0,0,0 dropped=0,0,0,0
     latency   : target=0, window=0, percentile=100.00%, depth=4

Run status group 0 (all jobs):
   READ: bw=5900KiB/s (6041kB/s), 5900KiB/s-5900KiB/s (6041kB/s-6041kB/s), io=1728MiB (1812MB), run=300001-300001msec
  WRITE: bw=5870KiB/s (6011kB/s), 5870KiB/s-5870KiB/s (6011kB/s-6011kB/s), io=1720MiB (1803MB), run=300001-300001msec

random-writers: (groupid=0, jobs=1): err= 0: pid=190667: Tue Jul 13 16:12:35 2021
  read: IOPS=211, BW=6757KiB/s (6919kB/s)(1980MiB/300001msec)
    slat (usec): min=15, max=816819, avg=4467.39, stdev=14115.66
    clat (usec): min=80, max=909486, avg=7117.54, stdev=20430.46
     lat (usec): min=101, max=917467, avg=11587.20, stdev=26613.13
    clat percentiles (usec):
     |  1.00th=[   457],  5.00th=[   562], 10.00th=[   635], 20.00th=[  1270],
     | 30.00th=[  1582], 40.00th=[  2024], 50.00th=[  2802], 60.00th=[  5211],
     | 70.00th=[  7701], 80.00th=[ 10028], 90.00th=[ 13566], 95.00th=[ 17957],
     | 99.00th=[ 54789], 99.50th=[109577], 99.90th=[316670], 99.95th=[404751],
     | 99.99th=[583009]
   bw (  KiB/s): min=   64, max=18688, per=100.00%, avg=6757.28, stdev=3348.22, samples=598
   iops        : min=    2, max=  584, avg=211.12, stdev=104.62, samples=598
  write: IOPS=210, BW=6725KiB/s (6887kB/s)(1970MiB/300001msec); 0 zone resets
    slat (usec): min=119, max=1785, avg=194.59, stdev=43.57
    clat (usec): min=10, max=915959, avg=7133.87, stdev=20800.11
     lat (usec): min=191, max=916123, avg=7329.65, stdev=20804.06
    clat percentiles (usec):
     |  1.00th=[   400],  5.00th=[   529], 10.00th=[   545], 20.00th=[  1270],
     | 30.00th=[  1532], 40.00th=[  2008], 50.00th=[  2769], 60.00th=[  5211],
     | 70.00th=[  7767], 80.00th=[ 10028], 90.00th=[ 13829], 95.00th=[ 18220],
     | 99.00th=[ 56361], 99.50th=[114820], 99.90th=[291505], 99.95th=[413139],
     | 99.99th=[817890]
   bw (  KiB/s): min=   64, max=18816, per=100.00%, avg=6737.11, stdev=3419.07, samples=597
   iops        : min=    2, max=  588, avg=210.49, stdev=106.83, samples=597
  lat (usec)   : 20=0.01%, 100=0.01%, 250=0.04%, 500=1.78%, 750=12.36%
  lat (usec)   : 1000=0.13%
  lat (msec)   : 2=25.49%, 4=16.02%, 10=24.07%, 20=16.33%, 50=2.66%
  lat (msec)   : 100=0.57%, 250=0.40%, 500=0.13%, 750=0.01%, 1000=0.01%
  cpu          : usr=0.76%, sys=9.54%, ctx=60788, majf=0, minf=43
  IO depths    : 1=0.1%, 2=0.1%, 4=100.0%, 8=0.0%, 16=0.0%, 32=0.0%, >=64=0.0%
     submit    : 0=0.0%, 4=100.0%, 8=0.0%, 16=0.0%, 32=0.0%, 64=0.0%, >=64=0.0%
     complete  : 0=0.0%, 4=100.0%, 8=0.0%, 16=0.0%, 32=0.0%, 64=0.0%, >=64=0.0%
     issued rwts: total=63346,63051,0,0 short=0,0,0,0 dropped=0,0,0,0
     latency   : target=0, window=0, percentile=100.00%, depth=4

Run status group 0 (all jobs):
   READ: bw=6757KiB/s (6919kB/s), 6757KiB/s-6757KiB/s (6919kB/s-6919kB/s), io=1980MiB (2076MB), run=300001-300001msec
  WRITE: bw=6725KiB/s (6887kB/s), 6725KiB/s-6725KiB/s (6887kB/s-6887kB/s), io=1970MiB (2066MB), run=300001-300001msec

random-writers: (groupid=0, jobs=1): err= 0: pid=190435: Tue Jul 13 16:12:35 2021
  read: IOPS=158, BW=5061KiB/s (5183kB/s)(1483MiB/300002msec)
    slat (usec): min=15, max=713899, avg=6061.84, stdev=14752.02
    clat (usec): min=25, max=925911, avg=9424.09, stdev=22213.79
     lat (usec): min=372, max=925945, avg=15488.07, stdev=29584.60
    clat percentiles (usec):
     |  1.00th=[   529],  5.00th=[   562], 10.00th=[   652], 20.00th=[  1549],
     | 30.00th=[  2057], 40.00th=[  3195], 50.00th=[  5604], 60.00th=[  7832],
     | 70.00th=[  9896], 80.00th=[ 11994], 90.00th=[ 17171], 95.00th=[ 21890],
     | 99.00th=[ 94897], 99.50th=[164627], 99.90th=[278922], 99.95th=[341836],
     | 99.99th=[658506]
   bw (  KiB/s): min=   64, max=15552, per=100.00%, avg=5069.62, stdev=2494.97, samples=597
   iops        : min=    2, max=  486, avg=158.41, stdev=77.97, samples=597
  write: IOPS=157, BW=5030KiB/s (5151kB/s)(1474MiB/300002msec); 0 zone resets
    slat (usec): min=120, max=1276, avg=191.73, stdev=39.78
    clat (usec): min=229, max=925632, avg=9613.14, stdev=22467.03
     lat (usec): min=390, max=925836, avg=9806.08, stdev=22469.15
    clat percentiles (usec):
     |  1.00th=[   498],  5.00th=[   537], 10.00th=[   553], 20.00th=[  1532],
     | 30.00th=[  2040], 40.00th=[  3228], 50.00th=[  5735], 60.00th=[  8029],
     | 70.00th=[ 10028], 80.00th=[ 12125], 90.00th=[ 17433], 95.00th=[ 22414],
     | 99.00th=[101188], 99.50th=[162530], 99.90th=[278922], 99.95th=[316670],
     | 99.99th=[717226]
   bw (  KiB/s): min=   64, max=16704, per=100.00%, avg=5036.40, stdev=2564.00, samples=597
   iops        : min=    2, max=  522, avg=157.37, stdev=80.12, samples=597
  lat (usec)   : 50=0.01%, 250=0.01%, 500=0.80%, 750=12.29%, 1000=0.07%
  lat (msec)   : 2=16.29%, 4=13.95%, 10=26.99%, 20=23.01%, 50=4.76%
  lat (msec)   : 100=0.85%, 250=0.82%, 500=0.15%, 750=0.01%, 1000=0.01%
  cpu          : usr=0.55%, sys=6.98%, ctx=46615, majf=0, minf=44
  IO depths    : 1=0.1%, 2=0.1%, 4=100.0%, 8=0.0%, 16=0.0%, 32=0.0%, >=64=0.0%
     submit    : 0=0.0%, 4=100.0%, 8=0.0%, 16=0.0%, 32=0.0%, 64=0.0%, >=64=0.0%
     complete  : 0=0.0%, 4=100.0%, 8=0.0%, 16=0.0%, 32=0.0%, 64=0.0%, >=64=0.0%
     issued rwts: total=47451,47155,0,0 short=0,0,0,0 dropped=0,0,0,0
     latency   : target=0, window=0, percentile=100.00%, depth=4

Run status group 0 (all jobs):
   READ: bw=5061KiB/s (5183kB/s), 5061KiB/s-5061KiB/s (5183kB/s-5183kB/s), io=1483MiB (1555MB), run=300002-300002msec
  WRITE: bw=5030KiB/s (5151kB/s), 5030KiB/s-5030KiB/s (5151kB/s-5151kB/s), io=1474MiB (1545MB), run=300002-300002msec

random-writers: (groupid=0, jobs=1): err= 0: pid=194560: Tue Jul 13 16:12:35 2021
  read: IOPS=331, BW=10.4MiB/s (10.9MB/s)(3109MiB/300001msec)
    slat (usec): min=15, max=852251, avg=2735.75, stdev=10894.82
    clat (usec): min=80, max=894424, avg=4562.97, stdev=17734.04
     lat (usec): min=101, max=1015.0k, avg=7300.99, stdev=22051.87
    clat percentiles (usec):
     |  1.00th=[   416],  5.00th=[   553], 10.00th=[   603], 20.00th=[  1205],
     | 30.00th=[  1385], 40.00th=[  1631], 50.00th=[  1942], 60.00th=[  2343],
     | 70.00th=[  2966], 80.00th=[  6194], 90.00th=[ 10028], 95.00th=[ 12387],
     | 99.00th=[ 27395], 99.50th=[ 53216], 99.90th=[233833], 99.95th=[396362],
     | 99.99th=[884999]
   bw (  KiB/s): min=   64, max=23424, per=100.00%, avg=10752.26, stdev=5376.79, samples=591
   iops        : min=    2, max=  732, avg=335.96, stdev=168.01, samples=591
  write: IOPS=331, BW=10.4MiB/s (10.9MB/s)(3107MiB/300001msec); 0 zone resets
    slat (usec): min=118, max=2011, avg=194.10, stdev=44.55
    clat (usec): min=10, max=1015.4k, avg=4496.41, stdev=15934.43
     lat (usec): min=257, max=1016.4k, avg=4691.69, stdev=15940.23
    clat percentiles (usec):
     |  1.00th=[   388],  5.00th=[   523], 10.00th=[   545], 20.00th=[  1205],
     | 30.00th=[  1352], 40.00th=[  1582], 50.00th=[  1942], 60.00th=[  2311],
     | 70.00th=[  2966], 80.00th=[  6325], 90.00th=[ 10028], 95.00th=[ 12387],
     | 99.00th=[ 27919], 99.50th=[ 54789], 99.90th=[217056], 99.95th=[350225],
     | 99.99th=[700449]
   bw (  KiB/s): min=   64, max=24000, per=100.00%, avg=10758.46, stdev=5388.93, samples=590
   iops        : min=    2, max=  750, avg=336.15, stdev=168.39, samples=590
  lat (usec)   : 20=0.01%, 100=0.01%, 250=0.08%, 500=2.98%, 750=12.21%
  lat (usec)   : 1000=0.26%
  lat (msec)   : 2=36.41%, 4=22.80%, 10=15.31%, 20=8.28%, 50=1.11%
  lat (msec)   : 100=0.29%, 250=0.17%, 500=0.06%, 750=0.01%, 1000=0.01%
  lat (msec)   : 2000=0.01%
  cpu          : usr=1.29%, sys=15.09%, ctx=92705, majf=0, minf=43
  IO depths    : 1=0.1%, 2=0.1%, 4=100.0%, 8=0.0%, 16=0.0%, 32=0.0%, >=64=0.0%
     submit    : 0=0.0%, 4=100.0%, 8=0.0%, 16=0.0%, 32=0.0%, 64=0.0%, >=64=0.0%
     complete  : 0=0.0%, 4=100.0%, 8=0.0%, 16=0.0%, 32=0.0%, 64=0.0%, >=64=0.0%
     issued rwts: total=99495,99431,0,0 short=0,0,0,0 dropped=0,0,0,0
     latency   : target=0, window=0, percentile=100.00%, depth=4

Run status group 0 (all jobs):
   READ: bw=10.4MiB/s (10.9MB/s), 10.4MiB/s-10.4MiB/s (10.9MB/s-10.9MB/s), io=3109MiB (3260MB), run=300001-300001msec
  WRITE: bw=10.4MiB/s (10.9MB/s), 10.4MiB/s-10.4MiB/s (10.9MB/s-10.9MB/s), io=3107MiB (3258MB), run=300001-300001msec

random-writers: (groupid=0, jobs=1): err= 0: pid=193351: Tue Jul 13 16:12:35 2021
  read: IOPS=234, BW=7505KiB/s (7685kB/s)(2199MiB/300029msec)
    slat (usec): min=15, max=757352, avg=3992.44, stdev=14293.93
    clat (usec): min=14, max=917060, avg=6383.38, stdev=20431.03
     lat (usec): min=218, max=920675, avg=10377.87, stdev=26817.22
    clat percentiles (usec):
     |  1.00th=[   449],  5.00th=[   562], 10.00th=[   611], 20.00th=[  1270],
     | 30.00th=[  1532], 40.00th=[  1876], 50.00th=[  2376], 60.00th=[  3425],
     | 70.00th=[  6456], 80.00th=[  9241], 90.00th=[ 12125], 95.00th=[ 16909],
     | 99.00th=[ 46400], 99.50th=[ 98042], 99.90th=[304088], 99.95th=[408945],
     | 99.99th=[759170]
   bw (  KiB/s): min=   64, max=22976, per=100.00%, avg=7609.06, stdev=4238.59, samples=592
   iops        : min=    2, max=  718, avg=237.70, stdev=132.43, samples=592
  write: IOPS=233, BW=7456KiB/s (7635kB/s)(2185MiB/300029msec); 0 zone resets
    slat (usec): min=119, max=1518, avg=191.42, stdev=42.20
    clat (usec): min=88, max=919069, avg=6460.51, stdev=21464.84
     lat (usec): min=270, max=919243, avg=6653.15, stdev=21473.15
    clat percentiles (usec):
     |  1.00th=[   400],  5.00th=[   529], 10.00th=[   545], 20.00th=[  1254],
     | 30.00th=[  1516], 40.00th=[  1860], 50.00th=[  2376], 60.00th=[  3490],
     | 70.00th=[  6521], 80.00th=[  9241], 90.00th=[ 12125], 95.00th=[ 16712],
     | 99.00th=[ 46924], 99.50th=[ 99091], 99.90th=[346031], 99.95th=[450888],
     | 99.99th=[759170]
   bw (  KiB/s): min=   64, max=21696, per=100.00%, avg=7521.73, stdev=4273.93, samples=595
   iops        : min=    2, max=  678, avg=234.97, stdev=133.53, samples=595
  lat (usec)   : 20=0.01%, 100=0.01%, 250=0.03%, 500=1.82%, 750=12.24%
  lat (usec)   : 1000=0.15%
  lat (msec)   : 2=28.82%, 4=18.90%, 10=21.21%, 20=13.69%, 50=2.21%
  lat (msec)   : 100=0.44%, 250=0.34%, 500=0.12%, 750=0.02%, 1000=0.01%
  cpu          : usr=0.80%, sys=10.42%, ctx=67547, majf=0, minf=44
  IO depths    : 1=0.1%, 2=0.1%, 4=100.0%, 8=0.0%, 16=0.0%, 32=0.0%, >=64=0.0%
     submit    : 0=0.0%, 4=100.0%, 8=0.0%, 16=0.0%, 32=0.0%, 64=0.0%, >=64=0.0%
     complete  : 0=0.0%, 4=100.0%, 8=0.0%, 16=0.0%, 32=0.0%, 64=0.0%, >=64=0.0%
     issued rwts: total=70363,69908,0,0 short=0,0,0,0 dropped=0,0,0,0
     latency   : target=0, window=0, percentile=100.00%, depth=4

Run status group 0 (all jobs):
   READ: bw=7505KiB/s (7685kB/s), 7505KiB/s-7505KiB/s (7685kB/s-7685kB/s), io=2199MiB (2306MB), run=300029-300029msec
  WRITE: bw=7456KiB/s (7635kB/s), 7456KiB/s-7456KiB/s (7635kB/s-7635kB/s), io=2185MiB (2291MB), run=300029-300029msec

random-writers: (groupid=0, jobs=1): err= 0: pid=194374: Tue Jul 13 16:12:35 2021
  read: IOPS=349, BW=10.9MiB/s (11.5MB/s)(3277MiB/300001msec)
    slat (usec): min=15, max=834601, avg=2592.20, stdev=10606.38
    clat (usec): min=10, max=896425, avg=4288.74, stdev=16241.09
     lat (usec): min=99, max=905402, avg=6882.85, stdev=20499.53
    clat percentiles (usec):
     |  1.00th=[   412],  5.00th=[   545], 10.00th=[   586], 20.00th=[  1172],
     | 30.00th=[  1319], 40.00th=[  1516], 50.00th=[  1860], 60.00th=[  2180],
     | 70.00th=[  2704], 80.00th=[  5604], 90.00th=[  9503], 95.00th=[ 11600],
     | 99.00th=[ 27395], 99.50th=[ 52167], 99.90th=[227541], 99.95th=[346031],
     | 99.99th=[876610]
   bw (  KiB/s): min=   64, max=25216, per=100.00%, avg=11251.84, stdev=5833.23, samples=595
   iops        : min=    2, max=  788, avg=351.57, stdev=182.28, samples=595
  write: IOPS=349, BW=10.9MiB/s (11.4MB/s)(3272MiB/300001msec); 0 zone resets
    slat (usec): min=119, max=2701, avg=188.62, stdev=40.44
    clat (usec): min=85, max=902645, avg=4310.00, stdev=16235.31
     lat (usec): min=253, max=902817, avg=4499.81, stdev=16244.32
    clat percentiles (usec):
     |  1.00th=[   388],  5.00th=[   519], 10.00th=[   545], 20.00th=[  1172],
     | 30.00th=[  1303], 40.00th=[  1500], 50.00th=[  1860], 60.00th=[  2180],
     | 70.00th=[  2737], 80.00th=[  5800], 90.00th=[  9634], 95.00th=[ 11600],
     | 99.00th=[ 26870], 99.50th=[ 51119], 99.90th=[221250], 99.95th=[358613],
     | 99.99th=[826278]
   bw (  KiB/s): min=   64, max=24960, per=100.00%, avg=11236.45, stdev=5871.47, samples=595
   iops        : min=    2, max=  780, avg=351.09, stdev=183.48, samples=595
  lat (usec)   : 20=0.01%, 100=0.01%, 250=0.08%, 500=3.19%, 750=12.13%
  lat (usec)   : 1000=0.36%
  lat (msec)   : 2=39.42%, 4=20.82%, 10=15.16%, 20=7.35%, 50=0.96%
  lat (msec)   : 100=0.26%, 250=0.18%, 500=0.07%, 750=0.01%, 1000=0.01%
  cpu          : usr=1.16%, sys=15.06%, ctx=97455, majf=0, minf=44
  IO depths    : 1=0.1%, 2=0.1%, 4=100.0%, 8=0.0%, 16=0.0%, 32=0.0%, >=64=0.0%
     submit    : 0=0.0%, 4=100.0%, 8=0.0%, 16=0.0%, 32=0.0%, 64=0.0%, >=64=0.0%
     complete  : 0=0.0%, 4=100.0%, 8=0.0%, 16=0.0%, 32=0.0%, 64=0.0%, >=64=0.0%
     issued rwts: total=104875,104706,0,0 short=0,0,0,0 dropped=0,0,0,0
     latency   : target=0, window=0, percentile=100.00%, depth=4

Run status group 0 (all jobs):
   READ: bw=10.9MiB/s (11.5MB/s), 10.9MiB/s-10.9MiB/s (11.5MB/s-11.5MB/s), io=3277MiB (3437MB), run=300001-300001msec
  WRITE: bw=10.9MiB/s (11.4MB/s), 10.9MiB/s-10.9MiB/s (11.4MB/s-11.4MB/s), io=3272MiB (3431MB), run=300001-300001msec

random-writers: (groupid=0, jobs=1): err= 0: pid=205450: Tue Jul 13 16:12:35 2021
  read: IOPS=342, BW=10.7MiB/s (11.2MB/s)(3210MiB/300001msec)
    slat (usec): min=15, max=686074, avg=2648.18, stdev=10157.49
    clat (usec): min=10, max=929657, avg=4389.73, stdev=16312.60
     lat (usec): min=97, max=930580, avg=7039.85, stdev=20439.99
    clat percentiles (usec):
     |  1.00th=[   408],  5.00th=[   545], 10.00th=[   586], 20.00th=[  1254],
     | 30.00th=[  1434], 40.00th=[  1663], 50.00th=[  1991], 60.00th=[  2376],
     | 70.00th=[  2933], 80.00th=[  5538], 90.00th=[  9765], 95.00th=[ 11863],
     | 99.00th=[ 27919], 99.50th=[ 54264], 99.90th=[208667], 99.95th=[346031],
     | 99.99th=[876610]
   bw (  KiB/s): min=   64, max=21568, per=100.00%, avg=11078.03, stdev=5505.91, samples=592
   iops        : min=    2, max=  674, avg=346.13, stdev=172.05, samples=592
  write: IOPS=341, BW=10.7MiB/s (11.2MB/s)(3205MiB/300001msec); 0 zone resets
    slat (usec): min=119, max=1821, avg=191.01, stdev=40.83
    clat (usec): min=83, max=888201, avg=4389.59, stdev=15406.90
     lat (usec): min=216, max=888379, avg=4581.80, stdev=15413.25
    clat percentiles (usec):
     |  1.00th=[   383],  5.00th=[   506], 10.00th=[   545], 20.00th=[  1237],
     | 30.00th=[  1434], 40.00th=[  1631], 50.00th=[  1991], 60.00th=[  2376],
     | 70.00th=[  2933], 80.00th=[  5538], 90.00th=[  9765], 95.00th=[ 11994],
     | 99.00th=[ 28967], 99.50th=[ 57410], 99.90th=[204473], 99.95th=[337642],
     | 99.99th=[675283]
   bw (  KiB/s): min=   64, max=23360, per=100.00%, avg=11041.49, stdev=5588.17, samples=593
   iops        : min=    2, max=  730, avg=344.98, stdev=174.61, samples=593
  lat (usec)   : 20=0.01%, 100=0.01%, 250=0.11%, 500=3.61%, 750=12.15%
  lat (usec)   : 1000=0.21%
  lat (msec)   : 2=34.18%, 4=26.29%, 10=14.15%, 20=7.71%, 50=1.00%
  lat (msec)   : 100=0.32%, 250=0.17%, 500=0.07%, 750=0.01%, 1000=0.01%
  cpu          : usr=1.15%, sys=15.05%, ctx=94303, majf=0, minf=44
  IO depths    : 1=0.1%, 2=0.1%, 4=100.0%, 8=0.0%, 16=0.0%, 32=0.0%, >=64=0.0%
     submit    : 0=0.0%, 4=100.0%, 8=0.0%, 16=0.0%, 32=0.0%, 64=0.0%, >=64=0.0%
     complete  : 0=0.0%, 4=100.0%, 8=0.0%, 16=0.0%, 32=0.0%, 64=0.0%, >=64=0.0%
     issued rwts: total=102710,102561,0,0 short=0,0,0,0 dropped=0,0,0,0
     latency   : target=0, window=0, percentile=100.00%, depth=4

Run status group 0 (all jobs):
   READ: bw=10.7MiB/s (11.2MB/s), 10.7MiB/s-10.7MiB/s (11.2MB/s-11.2MB/s), io=3210MiB (3366MB), run=300001-300001msec
  WRITE: bw=10.7MiB/s (11.2MB/s), 10.7MiB/s-10.7MiB/s (11.2MB/s-11.2MB/s), io=3205MiB (3361MB), run=300001-300001msec

random-writers: (groupid=0, jobs=1): err= 0: pid=202959: Tue Jul 13 16:12:35 2021
  read: IOPS=143, BW=4589KiB/s (4699kB/s)(1345MiB/300001msec)
    slat (usec): min=15, max=1555.2k, avg=6708.11, stdev=19989.96
    clat (usec): min=11, max=1893.1k, avg=10509.23, stdev=29788.67
     lat (usec): min=261, max=2022.4k, avg=17219.55, stdev=39666.99
    clat percentiles (usec):
     |  1.00th=[   519],  5.00th=[   562], 10.00th=[   644], 20.00th=[  1500],
     | 30.00th=[  2040], 40.00th=[  3359], 50.00th=[  5866], 60.00th=[  8029],
     | 70.00th=[ 10028], 80.00th=[ 12256], 90.00th=[ 17695], 95.00th=[ 24773],
     | 99.00th=[124257], 99.50th=[187696], 99.90th=[333448], 99.95th=[513803],
     | 99.99th=[901776]
   bw (  KiB/s): min=   64, max=20160, per=100.00%, avg=4648.22, stdev=2732.30, samples=590
   iops        : min=    2, max=  630, avg=145.23, stdev=85.37, samples=590
  write: IOPS=142, BW=4555KiB/s (4665kB/s)(1335MiB/300001msec); 0 zone resets
    slat (usec): min=120, max=1116, avg=192.51, stdev=40.43
    clat (usec): min=92, max=1590.7k, avg=10497.13, stdev=28207.45
     lat (usec): min=263, max=1590.9k, avg=10690.83, stdev=28209.05
    clat percentiles (usec):
     |  1.00th=[   457],  5.00th=[   529], 10.00th=[   545], 20.00th=[  1483],
     | 30.00th=[  1991], 40.00th=[  3359], 50.00th=[  5800], 60.00th=[  8029],
     | 70.00th=[ 10028], 80.00th=[ 12387], 90.00th=[ 17695], 95.00th=[ 25035],
     | 99.00th=[137364], 99.50th=[187696], 99.90th=[329253], 99.95th=[450888],
     | 99.99th=[910164]
   bw (  KiB/s): min=   64, max=19904, per=100.00%, avg=4597.37, stdev=2818.87, samples=592
   iops        : min=    2, max=  622, avg=143.65, stdev=88.08, samples=592
  lat (usec)   : 20=0.01%, 100=0.01%, 250=0.01%, 500=1.13%, 750=12.23%
  lat (usec)   : 1000=0.09%
  lat (msec)   : 2=16.36%, 4=12.70%, 10=27.15%, 20=22.83%, 50=5.14%
  lat (msec)   : 100=1.10%, 250=1.02%, 500=0.18%, 750=0.03%, 1000=0.02%
  lat (msec)   : 2000=0.01%
  cpu          : usr=0.50%, sys=6.42%, ctx=41993, majf=0, minf=44

random-writers: (groupid=0, jobs=1): err= 0: pid=199760: Tue Jul 13 16:12:35 2021
  read: IOPS=288, BW=9230KiB/s (9452kB/s)(2704MiB/300004msec)
    slat (usec): min=15, max=817421, avg=3176.60, stdev=11321.85
    clat (usec): min=24, max=940600, avg=5295.92, stdev=18513.24
     lat (usec): min=255, max=940634, avg=8475.10, stdev=23081.12
    clat percentiles (usec):
     |  1.00th=[   478],  5.00th=[   578], 10.00th=[   660], 20.00th=[  1319],
     | 30.00th=[  1532], 40.00th=[  1844], 50.00th=[  2180], 60.00th=[  2737],
     | 70.00th=[  4228], 80.00th=[  7701], 90.00th=[ 10814], 95.00th=[ 14091],
     | 99.00th=[ 34341], 99.50th=[ 64750], 99.90th=[274727], 99.95th=[383779],
     | 99.99th=[893387]
   bw (  KiB/s): min=   64, max=21376, per=100.00%, avg=9282.80, stdev=4516.94, samples=595
   iops        : min=    2, max=  668, avg=290.05, stdev=141.14, samples=595
  write: IOPS=287, BW=9194KiB/s (9415kB/s)(2694MiB/300004msec); 0 zone resets
    slat (usec): min=120, max=1865, avg=203.64, stdev=48.49
  IO depths    : 1=0.1%, 2=0.1%, 4=100.0%, 8=0.0%, 16=0.0%, 32=0.0%, >=64=0.0%
     submit    : 0=0.0%, 4=100.0%, 8=0.0%, 16=0.0%, 32=0.0%, 64=0.0%, >=64=0.0%
     complete  : 0=0.0%, 4=100.0%, 8=0.0%, 16=0.0%, 32=0.0%, 64=0.0%, >=64=0.0%
     issued rwts: total=43024,42707,0,0 short=0,0,0,0 dropped=0,0,0,0
     latency   : target=0, window=0, percentile=100.00%, depth=4

Run status group 0 (all jobs):
   READ: bw=4589KiB/s (4699kB/s), 4589KiB/s-4589KiB/s (4699kB/s-4699kB/s), io=1345MiB (1410MB), run=300001-300001msec
  WRITE: bw=4555KiB/s (4665kB/s), 4555KiB/s-4555KiB/s (4665kB/s-4665kB/s), io=1335MiB (1399MB), run=300001-300001msec
    clat (usec): min=85, max=940324, avg=5136.29, stdev=16185.61
     lat (usec): min=259, max=940542, avg=5341.20, stdev=16190.73
    clat percentiles (usec):
     |  1.00th=[   400],  5.00th=[   537], 10.00th=[   553], 20.00th=[  1303],
     | 30.00th=[  1500], 40.00th=[  1811], 50.00th=[  2180], 60.00th=[  2704],
     | 70.00th=[  4228], 80.00th=[  7701], 90.00th=[ 10814], 95.00th=[ 14091],
     | 99.00th=[ 33424], 99.50th=[ 60031], 99.90th=[225444], 99.95th=[350225],
     | 99.99th=[566232]
   bw (  KiB/s): min=   64, max=23552, per=100.00%, avg=9260.07, stdev=4622.45, samples=594
   iops        : min=    2, max=  736, avg=289.34, stdev=144.44, samples=594
  lat (usec)   : 50=0.01%, 100=0.01%, 250=0.03%, 500=1.89%, 750=12.34%
  lat (usec)   : 1000=0.24%
  lat (msec)   : 2=30.29%, 4=24.59%, 10=17.83%, 20=10.73%, 50=1.41%
  lat (msec)   : 100=0.34%, 250=0.21%, 500=0.07%, 750=0.01%, 1000=0.01%
  cpu          : usr=1.14%, sys=13.80%, ctx=82295, majf=0, minf=44
  IO depths    : 1=0.1%, 2=0.1%, 4=100.0%, 8=0.0%, 16=0.0%, 32=0.0%, >=64=0.0%
     submit    : 0=0.0%, 4=100.0%, 8=0.0%, 16=0.0%, 32=0.0%, 64=0.0%, >=64=0.0%
     complete  : 0=0.0%, 4=100.0%, 8=0.0%, 16=0.0%, 32=0.0%, 64=0.0%, >=64=0.0%
     issued rwts: total=86536,86196,0,0 short=0,0,0,0 dropped=0,0,0,0
     latency   : target=0, window=0, percentile=100.00%, depth=4

Run status group 0 (all jobs):
   READ: bw=9230KiB/s (9452kB/s), 9230KiB/s-9230KiB/s (9452kB/s-9452kB/s), io=2704MiB (2836MB), run=300004-300004msec
  WRITE: bw=9194KiB/s (9415kB/s), 9194KiB/s-9194KiB/s (9415kB/s-9415kB/s), io=2694MiB (2824MB), run=300004-300004msec

random-writers: (groupid=0, jobs=1): err= 0: pid=205341: Tue Jul 13 16:12:35 2021
  read: IOPS=345, BW=10.8MiB/s (11.3MB/s)(3239MiB/300001msec)
    slat (usec): min=15, max=733131, avg=2620.52, stdev=10083.23
    clat (usec): min=16, max=917760, avg=4361.92, stdev=16610.91
     lat (usec): min=100, max=918506, avg=6984.52, stdev=20688.02
    clat percentiles (usec):
     |  1.00th=[   429],  5.00th=[   553], 10.00th=[   611], 20.00th=[  1205],
     | 30.00th=[  1352], 40.00th=[  1598], 50.00th=[  1893], 60.00th=[  2245],
     | 70.00th=[  2802], 80.00th=[  5669], 90.00th=[  9634], 95.00th=[ 11600],
     | 99.00th=[ 28181], 99.50th=[ 53740], 99.90th=[196084], 99.95th=[341836],
     | 99.99th=[884999]
   bw (  KiB/s): min=   64, max=23552, per=100.00%, avg=11177.49, stdev=5597.82, samples=592
   iops        : min=    2, max=  736, avg=349.25, stdev=174.93, samples=592
  write: IOPS=344, BW=10.8MiB/s (11.3MB/s)(3234MiB/300001msec); 0 zone resets
    slat (usec): min=119, max=2209, avg=191.38, stdev=41.96
    clat (usec): min=84, max=969669, avg=4339.73, stdev=15221.20
     lat (usec): min=251, max=969846, avg=4532.32, stdev=15226.75
    clat percentiles (usec):
     |  1.00th=[   392],  5.00th=[   529], 10.00th=[   545], 20.00th=[  1188],
     | 30.00th=[  1336], 40.00th=[  1549], 50.00th=[  1893], 60.00th=[  2245],
     | 70.00th=[  2802], 80.00th=[  5735], 90.00th=[  9634], 95.00th=[ 11731],
     | 99.00th=[ 27919], 99.50th=[ 56361], 99.90th=[204473], 99.95th=[350225],
     | 99.99th=[624952]
   bw (  KiB/s): min=   64, max=26228, per=100.00%, avg=11177.73, stdev=5603.41, samples=591
   iops        : min=    2, max=  819, avg=349.26, stdev=175.10, samples=591
  lat (usec)   : 20=0.01%, 100=0.01%, 250=0.04%, 500=2.40%, 750=12.24%
  lat (usec)   : 1000=0.24%
  lat (msec)   : 2=38.50%, 4=22.42%, 10=15.23%, 20=7.42%, 50=0.94%
  lat (msec)   : 100=0.30%, 250=0.19%, 500=0.06%, 750=0.01%, 1000=0.01%
  cpu          : usr=1.23%, sys=15.41%, ctx=98003, majf=0, minf=44
  IO depths    : 1=0.1%, 2=0.1%, 4=100.0%, 8=0.0%, 16=0.0%, 32=0.0%, >=64=0.0%
     submit    : 0=0.0%, 4=100.0%, 8=0.0%, 16=0.0%, 32=0.0%, 64=0.0%, >=64=0.0%
     complete  : 0=0.0%, 4=100.0%, 8=0.0%, 16=0.0%, 32=0.0%, 64=0.0%, >=64=0.0%
     issued rwts: total=103636,103481,0,0 short=0,0,0,0 dropped=0,0,0,0
     latency   : target=0, window=0, percentile=100.00%, depth=4

Run status group 0 (all jobs):
   READ: bw=10.8MiB/s (11.3MB/s), 10.8MiB/s-10.8MiB/s (11.3MB/s-11.3MB/s), io=3239MiB (3396MB), run=300001-300001msec
  WRITE: bw=10.8MiB/s (11.3MB/s), 10.8MiB/s-10.8MiB/s (11.3MB/s-11.3MB/s), io=3234MiB (3391MB), run=300001-300001msec

random-writers: (groupid=0, jobs=1): err= 0: pid=191352: Tue Jul 13 16:12:35 2021
  read: IOPS=348, BW=10.9MiB/s (11.4MB/s)(3272MiB/300004msec)
    slat (usec): min=15, max=674650, avg=2590.19, stdev=10579.58
    clat (usec): min=14, max=931942, avg=4290.26, stdev=16502.62
     lat (usec): min=97, max=935749, avg=6882.60, stdev=20824.88
    clat percentiles (usec):
     |  1.00th=[   404],  5.00th=[   537], 10.00th=[   586], 20.00th=[  1172],
     | 30.00th=[  1336], 40.00th=[  1549], 50.00th=[  1860], 60.00th=[  2245],
     | 70.00th=[  2802], 80.00th=[  5800], 90.00th=[  9634], 95.00th=[ 11600],
     | 99.00th=[ 25822], 99.50th=[ 48497], 99.90th=[198181], 99.95th=[358613],
     | 99.99th=[884999]
   bw (  KiB/s): min=   64, max=26496, per=100.00%, avg=11277.76, stdev=5926.40, samples=593
   iops        : min=    2, max=  828, avg=352.37, stdev=185.19, samples=593
  write: IOPS=348, BW=10.9MiB/s (11.4MB/s)(3267MiB/300004msec); 0 zone resets
    slat (usec): min=119, max=247173, avg=193.82, stdev=765.11
    clat (usec): min=82, max=899830, avg=4322.68, stdev=16358.47
     lat (usec): min=250, max=900006, avg=4517.66, stdev=16386.59
    clat percentiles (usec):
     |  1.00th=[   379],  5.00th=[   502], 10.00th=[   537], 20.00th=[  1156],
     | 30.00th=[  1303], 40.00th=[  1500], 50.00th=[  1844], 60.00th=[  2212],
     | 70.00th=[  2802], 80.00th=[  5735], 90.00th=[  9634], 95.00th=[ 11731],
     | 99.00th=[ 27132], 99.50th=[ 52167], 99.90th=[204473], 99.95th=[362808],
     | 99.99th=[717226]
   bw (  KiB/s): min=   64, max=27584, per=100.00%, avg=11299.21, stdev=5968.32, samples=591
   iops        : min=    2, max=  862, avg=353.04, stdev=186.50, samples=591
  lat (usec)   : 20=0.01%, 100=0.01%, 250=0.13%, 500=3.76%, 750=12.07%
  lat (usec)   : 1000=0.37%
  lat (msec)   : 2=38.33%, 4=21.04%, 10=15.45%, 20=7.39%, 50=0.95%
  lat (msec)   : 100=0.26%, 250=0.16%, 500=0.06%, 750=0.02%, 1000=0.01%
  cpu          : usr=1.26%, sys=15.52%, ctx=96026, majf=0, minf=44
  IO depths    : 1=0.1%, 2=0.1%, 4=100.0%, 8=0.0%, 16=0.0%, 32=0.0%, >=64=0.0%
     submit    : 0=0.0%, 4=100.0%, 8=0.0%, 16=0.0%, 32=0.0%, 64=0.0%, >=64=0.0%
     complete  : 0=0.0%, 4=100.0%, 8=0.0%, 16=0.0%, 32=0.0%, 64=0.0%, >=64=0.0%
     issued rwts: total=104699,104550,0,0 short=0,0,0,0 dropped=0,0,0,0
     latency   : target=0, window=0, percentile=100.00%, depth=4

Run status group 0 (all jobs):
   READ: bw=10.9MiB/s (11.4MB/s), 10.9MiB/s-10.9MiB/s (11.4MB/s-11.4MB/s), io=3272MiB (3431MB), run=300004-300004msec
  WRITE: bw=10.9MiB/s (11.4MB/s), 10.9MiB/s-10.9MiB/s (11.4MB/s-11.4MB/s), io=3267MiB (3426MB), run=300004-300004msec

random-writers: (groupid=0, jobs=1): err= 0: pid=192659: Tue Jul 13 16:12:35 2021
  read: IOPS=341, BW=10.7MiB/s (11.2MB/s)(3197MiB/300001msec)
    slat (usec): min=15, max=610691, avg=2658.63, stdev=9756.86
    clat (usec): min=12, max=901494, avg=4406.90, stdev=15849.73
     lat (usec): min=99, max=1058.0k, avg=7067.51, stdev=19959.46
    clat percentiles (usec):
     |  1.00th=[   416],  5.00th=[   545], 10.00th=[   594], 20.00th=[  1188],
     | 30.00th=[  1352], 40.00th=[  1582], 50.00th=[  1909], 60.00th=[  2278],
     | 70.00th=[  2868], 80.00th=[  5997], 90.00th=[  9765], 95.00th=[ 11863],
     | 99.00th=[ 28705], 99.50th=[ 55313], 99.90th=[183501], 99.95th=[337642],
     | 99.99th=[884999]
   bw (  KiB/s): min=   64, max=25344, per=100.00%, avg=11004.79, stdev=5355.77, samples=594
   iops        : min=    2, max=  792, avg=343.84, stdev=167.36, samples=594
  write: IOPS=340, BW=10.6MiB/s (11.2MB/s)(3192MiB/300001msec); 0 zone resets
    slat (usec): min=119, max=2537, avg=191.16, stdev=42.75
    clat (usec): min=85, max=901159, avg=4408.63, stdev=15187.83
     lat (usec): min=253, max=901328, avg=4600.99, stdev=15194.90
    clat percentiles (usec):
     |  1.00th=[   388],  5.00th=[   519], 10.00th=[   545], 20.00th=[  1188],
     | 30.00th=[  1336], 40.00th=[  1549], 50.00th=[  1909], 60.00th=[  2278],
     | 70.00th=[  2900], 80.00th=[  6063], 90.00th=[  9765], 95.00th=[ 11863],
     | 99.00th=[ 28443], 99.50th=[ 54789], 99.90th=[206570], 99.95th=[329253],
     | 99.99th=[608175]
   bw (  KiB/s): min=   64, max=24512, per=100.00%, avg=11003.03, stdev=5427.35, samples=593
   iops        : min=    2, max=  766, avg=343.79, stdev=169.60, samples=593
  lat (usec)   : 20=0.01%, 100=0.01%, 250=0.08%, 500=3.25%, 750=12.22%
  lat (usec)   : 1000=0.32%
  lat (msec)   : 2=37.20%, 4=21.92%, 10=15.67%, 20=7.78%, 50=1.00%
  lat (msec)   : 100=0.29%, 250=0.19%, 500=0.07%, 750=0.01%, 1000=0.01%
  cpu          : usr=1.15%, sys=15.07%, ctx=94648, majf=0, minf=44
  IO depths    : 1=0.1%, 2=0.1%, 4=100.0%, 8=0.0%, 16=0.0%, 32=0.0%, >=64=0.0%
     submit    : 0=0.0%, 4=100.0%, 8=0.0%, 16=0.0%, 32=0.0%, 64=0.0%, >=64=0.0%
     complete  : 0=0.0%, 4=100.0%, 8=0.0%, 16=0.0%, 32=0.0%, 64=0.0%, >=64=0.0%
     issued rwts: total=102307,102132,0,0 short=0,0,0,0 dropped=0,0,0,0
     latency   : target=0, window=0, percentile=100.00%, depth=4

Run status group 0 (all jobs):
   READ: bw=10.7MiB/s (11.2MB/s), 10.7MiB/s-10.7MiB/s (11.2MB/s-11.2MB/s), io=3197MiB (3352MB), run=300001-300001msec
  WRITE: bw=10.6MiB/s (11.2MB/s), 10.6MiB/s-10.6MiB/s (11.2MB/s-11.2MB/s), io=3192MiB (3347MB), run=300001-300001msec

random-writers: (groupid=0, jobs=1): err= 0: pid=196893: Tue Jul 13 16:12:35 2021
  read: IOPS=207, BW=6644KiB/s (6804kB/s)(1947MiB/300002msec)
    slat (usec): min=16, max=765718, avg=4550.14, stdev=13942.74
    clat (usec): min=24, max=922411, avg=7217.02, stdev=19881.17
     lat (usec): min=217, max=1012.2k, avg=11769.24, stdev=26527.70
    clat percentiles (usec):
     |  1.00th=[   515],  5.00th=[   562], 10.00th=[   635], 20.00th=[  1336],
     | 30.00th=[  1631], 40.00th=[  2114], 50.00th=[  2900], 60.00th=[  5342],
     | 70.00th=[  7898], 80.00th=[ 10159], 90.00th=[ 13829], 95.00th=[ 18482],
     | 99.00th=[ 53740], 99.50th=[112722], 99.90th=[283116], 99.95th=[341836],
     | 99.99th=[725615]
   bw (  KiB/s): min=   64, max=16896, per=100.00%, avg=6693.11, stdev=3156.94, samples=594
   iops        : min=    2, max=  528, avg=209.13, stdev=98.64, samples=594
  write: IOPS=206, BW=6619KiB/s (6778kB/s)(1939MiB/300002msec); 0 zone resets
    slat (usec): min=118, max=901, avg=192.10, stdev=39.65
    clat (usec): min=86, max=989193, avg=7269.52, stdev=21626.53
     lat (usec): min=250, max=989409, avg=7462.83, stdev=21630.33
    clat percentiles (usec):
     |  1.00th=[   445],  5.00th=[   529], 10.00th=[   553], 20.00th=[  1303],
     | 30.00th=[  1598], 40.00th=[  2089], 50.00th=[  2868], 60.00th=[  5342],
     | 70.00th=[  7898], 80.00th=[ 10159], 90.00th=[ 13829], 95.00th=[ 18482],
     | 99.00th=[ 53740], 99.50th=[121111], 99.90th=[299893], 99.95th=[404751],
     | 99.99th=[884999]
   bw (  KiB/s): min=   64, max=17152, per=100.00%, avg=6656.07, stdev=3254.25, samples=595
   iops        : min=    2, max=  536, avg=207.97, stdev=101.68, samples=595
  lat (usec)   : 50=0.01%, 100=0.01%, 250=0.02%, 500=1.14%, 750=12.33%
  lat (usec)   : 1000=0.11%
  lat (msec)   : 2=24.74%, 4=16.99%, 10=23.86%, 20=16.87%, 50=2.85%
  lat (msec)   : 100=0.53%, 250=0.40%, 500=0.15%, 750=0.01%, 1000=0.01%
  cpu          : usr=0.71%, sys=9.21%, ctx=60720, majf=0, minf=44
  IO depths    : 1=0.1%, 2=0.1%, 4=100.0%, 8=0.0%, 16=0.0%, 32=0.0%, >=64=0.0%
     submit    : 0=0.0%, 4=100.0%, 8=0.0%, 16=0.0%, 32=0.0%, 64=0.0%, >=64=0.0%
     complete  : 0=0.0%, 4=100.0%, 8=0.0%, 16=0.0%, 32=0.0%, 64=0.0%, >=64=0.0%
     issued rwts: total=62290,62053,0,0 short=0,0,0,0 dropped=0,0,0,0
     latency   : target=0, window=0, percentile=100.00%, depth=4

Run status group 0 (all jobs):
   READ: bw=6644KiB/s (6804kB/s), 6644KiB/s-6644KiB/s (6804kB/s-6804kB/s), io=1947MiB (2041MB), run=300002-300002msec
  WRITE: bw=6619KiB/s (6778kB/s), 6619KiB/s-6619KiB/s (6778kB/s-6778kB/s), io=1939MiB (2033MB), run=300002-300002msec

random-writers: (groupid=0, jobs=1): err= 0: pid=189399: Tue Jul 13 16:12:35 2021
  read: IOPS=331, BW=10.3MiB/s (10.8MB/s)(3104MiB/300002msec)
    slat (usec): min=15, max=751629, avg=2748.55, stdev=11174.82
    clat (usec): min=11, max=928586, avg=4600.34, stdev=18396.46
     lat (usec): min=98, max=929384, avg=7350.86, stdev=22900.53
    clat percentiles (usec):
     |  1.00th=[   408],  5.00th=[   545], 10.00th=[   586], 20.00th=[  1221],
     | 30.00th=[  1434], 40.00th=[  1680], 50.00th=[  1991], 60.00th=[  2409],
     | 70.00th=[  3032], 80.00th=[  6063], 90.00th=[  9896], 95.00th=[ 11994],
     | 99.00th=[ 28181], 99.50th=[ 54789], 99.90th=[278922], 99.95th=[417334],
     | 99.99th=[884999]
   bw (  KiB/s): min=   64, max=22208, per=100.00%, avg=10760.11, stdev=5456.01, samples=590
   iops        : min=    2, max=  694, avg=336.22, stdev=170.50, samples=590
  write: IOPS=330, BW=10.3MiB/s (10.8MB/s)(3100MiB/300002msec); 0 zone resets
    slat (usec): min=119, max=2479, avg=188.54, stdev=40.45
    clat (usec): min=82, max=897078, avg=4477.23, stdev=15892.64
     lat (usec): min=247, max=897304, avg=4666.95, stdev=15898.38
    clat percentiles (usec):
     |  1.00th=[   388],  5.00th=[   523], 10.00th=[   545], 20.00th=[  1221],
     | 30.00th=[  1418], 40.00th=[  1647], 50.00th=[  1991], 60.00th=[  2409],
     | 70.00th=[  3032], 80.00th=[  6063], 90.00th=[  9896], 95.00th=[ 11994],
     | 99.00th=[ 27919], 99.50th=[ 55313], 99.90th=[206570], 99.95th=[350225],
     | 99.99th=[641729]
   bw (  KiB/s): min=   64, max=26112, per=100.00%, avg=10782.21, stdev=5551.37, samples=588
   iops        : min=    2, max=  816, avg=336.90, stdev=173.47, samples=588
  lat (usec)   : 20=0.01%, 100=0.01%, 250=0.09%, 500=3.09%, 750=12.06%
  lat (usec)   : 1000=0.20%
  lat (msec)   : 2=34.80%, 4=24.59%, 10=15.59%, 20=8.03%, 50=0.98%
  lat (msec)   : 100=0.30%, 250=0.17%, 500=0.06%, 750=0.02%, 1000=0.01%
  cpu          : usr=1.11%, sys=14.55%, ctx=92784, majf=0, minf=44
  IO depths    : 1=0.1%, 2=0.1%, 4=100.0%, 8=0.0%, 16=0.0%, 32=0.0%, >=64=0.0%
     submit    : 0=0.0%, 4=100.0%, 8=0.0%, 16=0.0%, 32=0.0%, 64=0.0%, >=64=0.0%
     complete  : 0=0.0%, 4=100.0%, 8=0.0%, 16=0.0%, 32=0.0%, 64=0.0%, >=64=0.0%
     issued rwts: total=99317,99203,0,0 short=0,0,0,0 dropped=0,0,0,0
     latency   : target=0, window=0, percentile=100.00%, depth=4

Run status group 0 (all jobs):
   READ: bw=10.3MiB/s (10.8MB/s), 10.3MiB/s-10.3MiB/s (10.8MB/s-10.8MB/s), io=3104MiB (3254MB), run=300002-300002msec
  WRITE: bw=10.3MiB/s (10.8MB/s), 10.3MiB/s-10.3MiB/s (10.8MB/s-10.8MB/s), io=3100MiB (3251MB), run=300002-300002msec

random-writers: (groupid=0, jobs=1): err= 0: pid=202777: Tue Jul 13 16:12:35 2021
  read: IOPS=227, BW=7286KiB/s (7461kB/s)(2135MiB/300001msec)
    slat (usec): min=15, max=776332, avg=4108.88, stdev=14035.09
    clat (usec): min=16, max=972243, avg=6610.24, stdev=21321.57
     lat (usec): min=223, max=974007, avg=10721.61, stdev=27309.10
    clat percentiles (usec):
     |  1.00th=[   510],  5.00th=[   562], 10.00th=[   668], 20.00th=[  1287],
     | 30.00th=[  1549], 40.00th=[  1926], 50.00th=[  2474], 60.00th=[  3884],
     | 70.00th=[  6849], 80.00th=[  9372], 90.00th=[ 12518], 95.00th=[ 17171],
     | 99.00th=[ 47449], 99.50th=[ 99091], 99.90th=[320865], 99.95th=[396362],
     | 99.99th=[901776]
   bw (  KiB/s): min=   64, max=18816, per=100.00%, avg=7365.94, stdev=3807.23, samples=593
   iops        : min=    2, max=  588, avg=230.19, stdev=118.98, samples=593
  write: IOPS=226, BW=7249KiB/s (7423kB/s)(2124MiB/300001msec); 0 zone resets
    slat (usec): min=119, max=1768, avg=196.31, stdev=44.34
    clat (usec): min=88, max=946637, avg=6609.88, stdev=20402.31
     lat (usec): min=257, max=946808, avg=6807.40, stdev=20406.71
    clat percentiles (usec):
     |  1.00th=[   449],  5.00th=[   537], 10.00th=[   553], 20.00th=[  1270],
     | 30.00th=[  1500], 40.00th=[  1926], 50.00th=[  2474], 60.00th=[  4080],
     | 70.00th=[  6980], 80.00th=[  9503], 90.00th=[ 12649], 95.00th=[ 17171],
     | 99.00th=[ 47973], 99.50th=[102237], 99.90th=[304088], 99.95th=[383779],
     | 99.99th=[801113]
   bw (  KiB/s): min=   64, max=18880, per=100.00%, avg=7328.70, stdev=3810.99, samples=593
   iops        : min=    2, max=  590, avg=229.02, stdev=119.09, samples=593
  lat (usec)   : 20=0.01%, 100=0.01%, 250=0.03%, 500=1.16%, 750=12.34%
  lat (usec)   : 1000=0.15%
  lat (msec)   : 2=27.90%, 4=18.48%, 10=22.09%, 20=14.55%, 50=2.33%
  lat (msec)   : 100=0.45%, 250=0.34%, 500=0.13%, 750=0.02%, 1000=0.01%
  cpu          : usr=0.89%, sys=10.65%, ctx=66618, majf=0, minf=44
  IO depths    : 1=0.1%, 2=0.1%, 4=100.0%, 8=0.0%, 16=0.0%, 32=0.0%, >=64=0.0%
     submit    : 0=0.0%, 4=100.0%, 8=0.0%, 16=0.0%, 32=0.0%, 64=0.0%, >=64=0.0%
     complete  : 0=0.0%, 4=100.0%, 8=0.0%, 16=0.0%, 32=0.0%, 64=0.0%, >=64=0.0%
     issued rwts: total=68309,67964,0,0 short=0,0,0,0 dropped=0,0,0,0
     latency   : target=0, window=0, percentile=100.00%, depth=4

Run status group 0 (all jobs):
   READ: bw=7286KiB/s (7461kB/s), 7286KiB/s-7286KiB/s (7461kB/s-7461kB/s), io=2135MiB (2238MB), run=300001-300001msec
  WRITE: bw=7249KiB/s (7423kB/s), 7249KiB/s-7249KiB/s (7423kB/s-7423kB/s), io=2124MiB (2227MB), run=300001-300001msec


Batch Job Summary Report (version 21.01.1) for Job "fioRandrw" (1470632) on tave

Job information (1/2)
-----------------------------------------------------------------------------------------------------
             Submit            Eligible               Start                 End    Elapsed Time limit
------------------- ------------------- ------------------- ------------------- ---------- ----------
2021-07-13T16:07:24 2021-07-13T16:07:25 2021-07-13T16:07:25 2021-07-13T16:12:38   00:05:13   00:15:00
-----------------------------------------------------------------------------------------------------

Job information (2/2)
-------------------------------------------------------------
    Username      Account    Partition   NNodes        Energy
------------ ------------ ------------ -------- -------------
    afilipci         g138       normal       32   1258.252 kJ

