random-writers: (g=0): rw=randwrite, bs=(R) 32.0KiB-32.0KiB, (W) 32.0KiB-32.0KiB, (T) 32.0KiB-32.0KiB, ioengine=libaio, iodepth=4
fio-3.27-32-g77c7-dirty
Starting 1 process
random-writers: (g=0): rw=randwrite, bs=(R) 32.0KiB-32.0KiB, (W) 32.0KiB-32.0KiB, (T) 32.0KiB-32.0KiB, ioengine=libaio, iodepth=4
fio-3.27-32-g77c7-dirty
Starting 1 process
random-writers: (g=0): rw=randwrite, bs=(R) 32.0KiB-32.0KiB, (W) 32.0KiB-32.0KiB, (T) 32.0KiB-32.0KiB, ioengine=libaio, iodepth=4
fio-3.27-32-g77c7-dirty
Starting 1 process
random-writers: (g=0): rw=randwrite, bs=(R) 32.0KiB-32.0KiB, (W) 32.0KiB-32.0KiB, (T) 32.0KiB-32.0KiB, ioengine=libaio, iodepth=4
fio-3.27-32-g77c7-dirty
Starting 1 process
random-writers: (g=0): rw=randwrite, bs=(R) 32.0KiB-32.0KiB, (W) 32.0KiB-32.0KiB, (T) 32.0KiB-32.0KiB, ioengine=libaio, iodepth=4
fio-3.27-32-g77c7-dirty
Starting 1 process
random-writers: (g=0): rw=randwrite, bs=(R) 32.0KiB-32.0KiB, (W) 32.0KiB-32.0KiB, (T) 32.0KiB-32.0KiB, ioengine=libaio, iodepth=4
fio-3.27-32-g77c7-dirty
Starting 1 process
random-writers: (g=0): rw=randwrite, bs=(R) 32.0KiB-32.0KiB, (W) 32.0KiB-32.0KiB, (T) 32.0KiB-32.0KiB, ioengine=libaio, iodepth=4
fio-3.27-32-g77c7-dirty
Starting 1 process
random-writers: (g=0): rw=randwrite, bs=(R) 32.0KiB-32.0KiB, (W) 32.0KiB-32.0KiB, (T) 32.0KiB-32.0KiB, ioengine=libaio, iodepth=4
fio-3.27-32-g77c7-dirty
Starting 1 process
random-writers: (g=0): rw=randwrite, bs=(R) 32.0KiB-32.0KiB, (W) 32.0KiB-32.0KiB, (T) 32.0KiB-32.0KiB, ioengine=libaio, iodepth=4
fio-3.27-32-g77c7-dirty
Starting 1 process
random-writers: (g=0): rw=randwrite, bs=(R) 32.0KiB-32.0KiB, (W) 32.0KiB-32.0KiB, (T) 32.0KiB-32.0KiB, ioengine=libaio, iodepth=4
fio-3.27-32-g77c7-dirty
Starting 1 process
random-writers: (g=0): rw=randwrite, bs=(R) 32.0KiB-32.0KiB, (W) 32.0KiB-32.0KiB, (T) 32.0KiB-32.0KiB, ioengine=libaio, iodepth=4
fio-3.27-32-g77c7-dirty
Starting 1 process
random-writers: (g=0): rw=randwrite, bs=(R) 32.0KiB-32.0KiB, (W) 32.0KiB-32.0KiB, (T) 32.0KiB-32.0KiB, ioengine=libaio, iodepth=4
fio-3.27-32-g77c7-dirty
Starting 1 process
random-writers: (g=0): rw=randwrite, bs=(R) 32.0KiB-32.0KiB, (W) 32.0KiB-32.0KiB, (T) 32.0KiB-32.0KiB, ioengine=libaio, iodepth=4
fio-3.27-32-g77c7-dirty
Starting 1 process
random-writers: (g=0): rw=randwrite, bs=(R) 32.0KiB-32.0KiB, (W) 32.0KiB-32.0KiB, (T) 32.0KiB-32.0KiB, ioengine=libaio, iodepth=4
fio-3.27-32-g77c7-dirty
Starting 1 process
random-writers: (g=0): rw=randwrite, bs=(R) 32.0KiB-32.0KiB, (W) 32.0KiB-32.0KiB, (T) 32.0KiB-32.0KiB, ioengine=libaio, iodepth=4
fio-3.27-32-g77c7-dirty
Starting 1 process
random-writers: (g=0): rw=randwrite, bs=(R) 32.0KiB-32.0KiB, (W) 32.0KiB-32.0KiB, (T) 32.0KiB-32.0KiB, ioengine=libaio, iodepth=4
fio-3.27-32-g77c7-dirty
Starting 1 process
random-writers: (g=0): rw=randwrite, bs=(R) 32.0KiB-32.0KiB, (W) 32.0KiB-32.0KiB, (T) 32.0KiB-32.0KiB, ioengine=libaio, iodepth=4
fio-3.27-32-g77c7-dirty
Starting 1 process
random-writers: (g=0): rw=randwrite, bs=(R) 32.0KiB-32.0KiB, (W) 32.0KiB-32.0KiB, (T) 32.0KiB-32.0KiB, ioengine=libaio, iodepth=4
fio-3.27-32-g77c7-dirty
Starting 1 process
random-writers: (g=0): rw=randwrite, bs=(R) 32.0KiB-32.0KiB, (W) 32.0KiB-32.0KiB, (T) 32.0KiB-32.0KiB, ioengine=libaio, iodepth=4
fio-3.27-32-g77c7-dirty
Starting 1 process
random-writers: (g=0): rw=randwrite, bs=(R) 32.0KiB-32.0KiB, (W) 32.0KiB-32.0KiB, (T) 32.0KiB-32.0KiB, ioengine=libaio, iodepth=4
fio-3.27-32-g77c7-dirty
Starting 1 process
random-writers: (g=0): rw=randwrite, bs=(R) 32.0KiB-32.0KiB, (W) 32.0KiB-32.0KiB, (T) 32.0KiB-32.0KiB, ioengine=libaio, iodepth=4
fio-3.27-32-g77c7-dirty
Starting 1 process
random-writers: (g=0): rw=randwrite, bs=(R) 32.0KiB-32.0KiB, (W) 32.0KiB-32.0KiB, (T) 32.0KiB-32.0KiB, ioengine=libaio, iodepth=4
fio-3.27-32-g77c7-dirty
Starting 1 process
random-writers: (g=0): rw=randwrite, bs=(R) 32.0KiB-32.0KiB, (W) 32.0KiB-32.0KiB, (T) 32.0KiB-32.0KiB, ioengine=libaio, iodepth=4
fio-3.27-32-g77c7-dirty
Starting 1 process
random-writers: (g=0): rw=randwrite, bs=(R) 32.0KiB-32.0KiB, (W) 32.0KiB-32.0KiB, (T) 32.0KiB-32.0KiB, ioengine=libaio, iodepth=4
fio-3.27-32-g77c7-dirty
Starting 1 process
random-writers: (g=0): rw=randwrite, bs=(R) 32.0KiB-32.0KiB, (W) 32.0KiB-32.0KiB, (T) 32.0KiB-32.0KiB, ioengine=libaio, iodepth=4
fio-3.27-32-g77c7-dirty
Starting 1 process
random-writers: (g=0): rw=randwrite, bs=(R) 32.0KiB-32.0KiB, (W) 32.0KiB-32.0KiB, (T) 32.0KiB-32.0KiB, ioengine=libaio, iodepth=4
fio-3.27-32-g77c7-dirty
Starting 1 process
random-writers: (g=0): rw=randwrite, bs=(R) 32.0KiB-32.0KiB, (W) 32.0KiB-32.0KiB, (T) 32.0KiB-32.0KiB, ioengine=libaio, iodepth=4
fio-3.27-32-g77c7-dirty
Starting 1 process
random-writers: (g=0): rw=randwrite, bs=(R) 32.0KiB-32.0KiB, (W) 32.0KiB-32.0KiB, (T) 32.0KiB-32.0KiB, ioengine=libaio, iodepth=4
fio-3.27-32-g77c7-dirty
Starting 1 process
random-writers: (g=0): rw=randwrite, bs=(R) 32.0KiB-32.0KiB, (W) 32.0KiB-32.0KiB, (T) 32.0KiB-32.0KiB, ioengine=libaio, iodepth=4
fio-3.27-32-g77c7-dirty
Starting 1 process
random-writers: (g=0): rw=randwrite, bs=(R) 32.0KiB-32.0KiB, (W) 32.0KiB-32.0KiB, (T) 32.0KiB-32.0KiB, ioengine=libaio, iodepth=4
fio-3.27-32-g77c7-dirty
Starting 1 process
random-writers: (g=0): rw=randwrite, bs=(R) 32.0KiB-32.0KiB, (W) 32.0KiB-32.0KiB, (T) 32.0KiB-32.0KiB, ioengine=libaio, iodepth=4
fio-3.27-32-g77c7-dirty
Starting 1 process
random-writers: (g=0): rw=randwrite, bs=(R) 32.0KiB-32.0KiB, (W) 32.0KiB-32.0KiB, (T) 32.0KiB-32.0KiB, ioengine=libaio, iodepth=4
fio-3.27-32-g77c7-dirty
Starting 1 process

random-writers: (groupid=0, jobs=1): err= 0: pid=156414: Tue Jul 20 22:15:42 2021
  write: IOPS=1200, BW=37.5MiB/s (39.3MB/s)(11.0GiB/300001msec); 0 zone resets
    slat (usec): min=94, max=3491.9k, avg=805.50, stdev=22542.60
    clat (usec): min=18, max=3492.3k, avg=2503.93, stdev=39637.90
     lat (usec): min=157, max=3492.4k, avg=3310.60, stdev=45755.49
    clat percentiles (usec):
     |  1.00th=[    416],  5.00th=[    424], 10.00th=[    437],
     | 20.00th=[    461], 30.00th=[    478], 40.00th=[    494],
     | 50.00th=[    510], 60.00th=[    523], 70.00th=[    537],
     | 80.00th=[    553], 90.00th=[    578], 95.00th=[    603],
     | 99.00th=[    775], 99.50th=[  41157], 99.90th=[ 633340],
     | 99.95th=[ 859833], 99.99th=[1535116]
   bw (  KiB/s): min=    9, max=1749492, per=100.00%, avg=64671.71, stdev=11664.92, samples=360071
   iops        : min=    2, max= 6672, avg=1543.86, stdev=1858.86, samples=466
  lat (usec)   : 20=0.01%, 50=0.01%, 250=0.01%, 500=44.17%, 750=54.77%
  lat (usec)   : 1000=0.27%
  lat (msec)   : 2=0.06%, 4=0.04%, 10=0.07%, 20=0.05%, 50=0.10%
  lat (msec)   : 100=0.10%, 250=0.11%, 500=0.11%, 750=0.09%, 1000=0.03%
  lat (msec)   : 2000=0.03%, >=2000=0.01%
  cpu          : usr=1.66%, sys=20.41%, ctx=986, majf=0, minf=2863
  IO depths    : 1=0.1%, 2=0.1%, 4=100.0%, 8=0.0%, 16=0.0%, 32=0.0%, >=64=0.0%
     submit    : 0=0.0%, 4=100.0%, 8=0.0%, 16=0.0%, 32=0.0%, 64=0.0%, >=64=0.0%
     complete  : 0=0.0%, 4=100.0%, 8=0.0%, 16=0.0%, 32=0.0%, 64=0.0%, >=64=0.0%
     issued rwts: total=0,360071,0,0 short=0,0,0,0 dropped=0,0,0,0
     latency   : target=0, window=0, percentile=100.00%, depth=4

Run status group 0 (all jobs):
  WRITE: bw=37.5MiB/s (39.3MB/s), 37.5MiB/s-37.5MiB/s (39.3MB/s-39.3MB/s), io=11.0GiB (11.8GB), run=300001-300001msec

random-writers: (groupid=0, jobs=1): err= 0: pid=153954: Tue Jul 20 22:15:42 2021
  write: IOPS=1038, BW=32.4MiB/s (34.0MB/s)(9735MiB/300010msec); 0 zone resets
    slat (usec): min=92, max=4981.3k, avg=934.10, stdev=26857.54
    clat (usec): min=14, max=4981.8k, avg=2893.41, stdev=47249.55
     lat (usec): min=156, max=4982.0k, avg=3828.66, stdev=54703.76
    clat percentiles (usec):
     |  1.00th=[    412],  5.00th=[    424], 10.00th=[    441],
     | 20.00th=[    465], 30.00th=[    482], 40.00th=[    498],
     | 50.00th=[    515], 60.00th=[    529], 70.00th=[    537],
     | 80.00th=[    553], 90.00th=[    578], 95.00th=[    603],
     | 99.00th=[    857], 99.50th=[  56361], 99.90th=[ 742392],
     | 99.95th=[ 994051], 99.99th=[1769997]
   bw (  KiB/s): min=    6, max=2256749, per=100.00%, avg=64320.77, stdev=12646.08, samples=311529
   iops        : min=    2, max= 6776, avg=1400.11, stdev=1815.98, samples=445
  lat (usec)   : 20=0.01%, 50=0.01%, 250=0.01%, 500=40.44%, 750=58.36%
  lat (usec)   : 1000=0.31%
  lat (msec)   : 2=0.05%, 4=0.02%, 10=0.14%, 20=0.06%, 50=0.10%
  lat (msec)   : 100=0.11%, 250=0.13%, 500=0.11%, 750=0.08%, 1000=0.05%
  lat (msec)   : 2000=0.04%, >=2000=0.01%
  cpu          : usr=1.46%, sys=17.96%, ctx=935, majf=0, minf=2483
  IO depths    : 1=0.1%, 2=0.1%, 4=100.0%, 8=0.0%, 16=0.0%, 32=0.0%, >=64=0.0%
     submit    : 0=0.0%, 4=100.0%, 8=0.0%, 16=0.0%, 32=0.0%, 64=0.0%, >=64=0.0%
     complete  : 0=0.0%, 4=100.0%, 8=0.0%, 16=0.0%, 32=0.0%, 64=0.0%, >=64=0.0%
     issued rwts: total=0,311529,0,0 short=0,0,0,0 dropped=0,0,0,0
     latency   : target=0, window=0, percentile=100.00%, depth=4

Run status group 0 (all jobs):
  WRITE: bw=32.4MiB/s (34.0MB/s), 32.4MiB/s-32.4MiB/s (34.0MB/s-34.0MB/s), io=9735MiB (10.2GB), run=300010-300010msec

random-writers: (groupid=0, jobs=1): err= 0: pid=148588: Tue Jul 20 22:15:42 2021
  write: IOPS=1173, BW=36.7MiB/s (38.4MB/s)(10.8GiB/300288msec); 0 zone resets
    slat (usec): min=94, max=2666.8k, avg=824.32, stdev=22907.25
    clat (usec): min=18, max=2813.4k, avg=2561.21, stdev=40413.07
     lat (usec): min=152, max=2813.6k, avg=3386.71, stdev=46634.21
    clat percentiles (usec):
     |  1.00th=[    416],  5.00th=[    424], 10.00th=[    429],
     | 20.00th=[    461], 30.00th=[    474], 40.00th=[    486],
     | 50.00th=[    506], 60.00th=[    523], 70.00th=[    529],
     | 80.00th=[    545], 90.00th=[    578], 95.00th=[    603],
     | 99.00th=[    824], 99.50th=[  34341], 99.90th=[ 658506],
     | 99.95th=[ 859833], 99.99th=[1551893]
   bw (  KiB/s): min=   11, max=1772201, per=100.00%, avg=65119.57, stdev=11811.36, samples=352345
   iops        : min=    2, max= 6628, avg=1499.32, stdev=1892.93, samples=470
  lat (usec)   : 20=0.01%, 50=0.01%, 250=0.01%, 500=46.85%, 750=51.96%
  lat (usec)   : 1000=0.39%
  lat (msec)   : 2=0.10%, 4=0.02%, 10=0.07%, 20=0.05%, 50=0.10%
  lat (msec)   : 100=0.09%, 250=0.11%, 500=0.10%, 750=0.09%, 1000=0.04%
  lat (msec)   : 2000=0.03%, >=2000=0.01%
  cpu          : usr=1.66%, sys=19.86%, ctx=924, majf=0, minf=2802
  IO depths    : 1=0.1%, 2=0.1%, 4=100.0%, 8=0.0%, 16=0.0%, 32=0.0%, >=64=0.0%
     submit    : 0=0.0%, 4=100.0%, 8=0.0%, 16=0.0%, 32=0.0%, 64=0.0%, >=64=0.0%
     complete  : 0=0.0%, 4=100.0%, 8=0.0%, 16=0.0%, 32=0.0%, 64=0.0%, >=64=0.0%
     issued rwts: total=0,352345,0,0 short=0,0,0,0 dropped=0,0,0,0
     latency   : target=0, window=0, percentile=100.00%, depth=4

Run status group 0 (all jobs):
  WRITE: bw=36.7MiB/s (38.4MB/s), 36.7MiB/s-36.7MiB/s (38.4MB/s-38.4MB/s), io=10.8GiB (11.5GB), run=300288-300288msec

random-writers: (groupid=0, jobs=1): err= 0: pid=140663: Tue Jul 20 22:15:43 2021
  write: IOPS=1419, BW=44.4MiB/s (46.5MB/s)(13.0GiB/300259msec); 0 zone resets
    slat (usec): min=94, max=2138.6k, avg=672.74, stdev=15260.66
    clat (usec): min=18, max=2139.1k, avg=2117.41, stdev=27127.78
     lat (usec): min=165, max=2139.2k, avg=2791.32, stdev=31202.70
    clat percentiles (usec):
     |  1.00th=[   420],  5.00th=[   433], 10.00th=[   457], 20.00th=[   478],
     | 30.00th=[   494], 40.00th=[   510], 50.00th=[   523], 60.00th=[   529],
     | 70.00th=[   545], 80.00th=[   562], 90.00th=[   586], 95.00th=[   611],
     | 99.00th=[   816], 99.50th=[ 60031], 99.90th=[455082], 99.95th=[583009],
     | 99.99th=[926942]
   bw (  KiB/s): min=   15, max=1748559, per=100.00%, avg=63176.34, stdev=11019.06, samples=426275
   iops        : min=    4, max= 6254, avg=1538.95, stdev=1721.52, samples=554
  lat (usec)   : 20=0.01%, 50=0.01%, 250=0.01%, 500=34.37%, 750=64.49%
  lat (usec)   : 1000=0.30%
  lat (msec)   : 2=0.05%, 4=0.05%, 10=0.04%, 20=0.05%, 50=0.11%
  lat (msec)   : 100=0.11%, 250=0.16%, 500=0.18%, 750=0.07%, 1000=0.01%
  lat (msec)   : 2000=0.01%, >=2000=0.01%
  cpu          : usr=2.03%, sys=25.13%, ctx=1367, majf=0, minf=3380
  IO depths    : 1=0.1%, 2=0.1%, 4=100.0%, 8=0.0%, 16=0.0%, 32=0.0%, >=64=0.0%
     submit    : 0=0.0%, 4=100.0%, 8=0.0%, 16=0.0%, 32=0.0%, 64=0.0%, >=64=0.0%
     complete  : 0=0.0%, 4=100.0%, 8=0.0%, 16=0.0%, 32=0.0%, 64=0.0%, >=64=0.0%
     issued rwts: total=0,426275,0,0 short=0,0,0,0 dropped=0,0,0,0
     latency   : target=0, window=0, percentile=100.00%, depth=4

Run status group 0 (all jobs):
  WRITE: bw=44.4MiB/s (46.5MB/s), 44.4MiB/s-44.4MiB/s (46.5MB/s-46.5MB/s), io=13.0GiB (14.0GB), run=300259-300259msec

random-writers: (groupid=0, jobs=1): err= 0: pid=165155: Tue Jul 20 22:15:43 2021
  write: IOPS=1965, BW=61.4MiB/s (64.4MB/s)(18.0GiB/300192msec); 0 zone resets
    slat (usec): min=93, max=2391.8k, avg=486.02, stdev=13390.23
    clat (usec): min=18, max=2392.3k, avg=1530.80, stdev=23646.20
     lat (usec): min=151, max=2392.5k, avg=2017.96, stdev=27373.90
    clat percentiles (usec):
     |  1.00th=[   408],  5.00th=[   416], 10.00th=[   420], 20.00th=[   424],
     | 30.00th=[   424], 40.00th=[   429], 50.00th=[   433], 60.00th=[   453],
     | 70.00th=[   469], 80.00th=[   486], 90.00th=[   529], 95.00th=[   537],
     | 99.00th=[   603], 99.50th=[   725], 99.90th=[425722], 99.95th=[566232],
     | 99.99th=[851444]
   bw (  KiB/s): min=   13, max=1752299, per=100.00%, avg=72500.42, stdev=9935.16, samples=589979
   iops        : min=    2, max= 7224, avg=2149.20, stdev=2958.24, samples=549
  lat (usec)   : 20=0.01%, 50=0.01%, 250=0.01%, 500=85.35%, 750=14.17%
  lat (usec)   : 1000=0.11%
  lat (msec)   : 2=0.02%, 4=0.01%, 10=0.01%, 20=0.01%, 50=0.03%
  lat (msec)   : 100=0.04%, 250=0.08%, 500=0.12%, 750=0.05%, 1000=0.01%
  lat (msec)   : 2000=0.01%, >=2000=0.01%
  cpu          : usr=2.75%, sys=28.81%, ctx=1137, majf=0, minf=4660
  IO depths    : 1=0.1%, 2=0.1%, 4=100.0%, 8=0.0%, 16=0.0%, 32=0.0%, >=64=0.0%
     submit    : 0=0.0%, 4=100.0%, 8=0.0%, 16=0.0%, 32=0.0%, 64=0.0%, >=64=0.0%
     complete  : 0=0.0%, 4=100.0%, 8=0.0%, 16=0.0%, 32=0.0%, 64=0.0%, >=64=0.0%
     issued rwts: total=0,589979,0,0 short=0,0,0,0 dropped=0,0,0,0
     latency   : target=0, window=0, percentile=100.00%, depth=4

Run status group 0 (all jobs):
  WRITE: bw=61.4MiB/s (64.4MB/s), 61.4MiB/s-61.4MiB/s (64.4MB/s-64.4MB/s), io=18.0GiB (19.3GB), run=300192-300192msec

random-writers: (groupid=0, jobs=1): err= 0: pid=152683: Tue Jul 20 22:15:43 2021
  write: IOPS=1417, BW=44.3MiB/s (46.5MB/s)(13.0GiB/300439msec); 0 zone resets
    slat (usec): min=92, max=3818.4k, avg=681.00, stdev=21402.99
    clat (usec): min=18, max=3818.7k, avg=2120.00, stdev=37859.57
     lat (usec): min=151, max=3818.8k, avg=2802.14, stdev=43952.11
    clat percentiles (usec):
     |  1.00th=[    404],  5.00th=[    412], 10.00th=[    416],
     | 20.00th=[    420], 30.00th=[    429], 40.00th=[    449],
     | 50.00th=[    461], 60.00th=[    474], 70.00th=[    494],
     | 80.00th=[    523], 90.00th=[    545], 95.00th=[    570],
     | 99.00th=[    644], 99.50th=[    922], 99.90th=[ 616563],
     | 99.95th=[ 826278], 99.99th=[1484784]
   bw (  KiB/s): min=    8, max=1779902, per=100.00%, avg=70216.88, stdev=11249.33, samples=426013
   iops        : min=    2, max= 7316, avg=1852.21, stdev=2503.52, samples=460
  lat (usec)   : 20=0.01%, 50=0.01%, 250=0.01%, 500=72.11%, 750=27.24%
  lat (usec)   : 1000=0.19%
  lat (msec)   : 2=0.04%, 4=0.02%, 10=0.02%, 20=0.02%, 50=0.05%
  lat (msec)   : 100=0.05%, 250=0.05%, 500=0.08%, 750=0.08%, 1000=0.04%
  lat (msec)   : 2000=0.02%, >=2000=0.01%
  cpu          : usr=1.95%, sys=21.78%, ctx=808, majf=0, minf=3378
  IO depths    : 1=0.1%, 2=0.1%, 4=100.0%, 8=0.0%, 16=0.0%, 32=0.0%, >=64=0.0%
     submit    : 0=0.0%, 4=100.0%, 8=0.0%, 16=0.0%, 32=0.0%, 64=0.0%, >=64=0.0%
     complete  : 0=0.0%, 4=100.0%, 8=0.0%, 16=0.0%, 32=0.0%, 64=0.0%, >=64=0.0%
     issued rwts: total=0,426013,0,0 short=0,0,0,0 dropped=0,0,0,0
     latency   : target=0, window=0, percentile=100.00%, depth=4

Run status group 0 (all jobs):
  WRITE: bw=44.3MiB/s (46.5MB/s), 44.3MiB/s-44.3MiB/s (46.5MB/s-46.5MB/s), io=13.0GiB (14.0GB), run=300439-300439msec

random-writers: (groupid=0, jobs=1): err= 0: pid=147737: Tue Jul 20 22:15:43 2021
  write: IOPS=2152, BW=67.3MiB/s (70.5MB/s)(19.7GiB/300001msec); 0 zone resets
    slat (usec): min=93, max=1746.3k, avg=441.03, stdev=12045.38
    clat (usec): min=11, max=1901.7k, avg=1397.84, stdev=21469.01
     lat (usec): min=143, max=1901.8k, avg=1840.02, stdev=24839.57
    clat percentiles (usec):
     |  1.00th=[   408],  5.00th=[   416], 10.00th=[   420], 20.00th=[   424],
     | 30.00th=[   433], 40.00th=[   449], 50.00th=[   461], 60.00th=[   474],
     | 70.00th=[   490], 80.00th=[   515], 90.00th=[   537], 95.00th=[   570],
     | 99.00th=[   668], 99.50th=[   898], 99.90th=[362808], 99.95th=[467665],
     | 99.99th=[801113]
   bw (  KiB/s): min=   17, max=2793520, per=100.00%, avg=70192.81, stdev=10753.49, samples=645895
   iops        : min=    2, max= 7244, avg=2307.97, stdev=2814.52, samples=558
  lat (usec)   : 20=0.01%, 50=0.01%, 250=0.01%, 500=75.04%, 750=24.23%
  lat (usec)   : 1000=0.30%
  lat (msec)   : 2=0.07%, 4=0.01%, 10=0.01%, 20=0.02%, 50=0.03%
  lat (msec)   : 100=0.04%, 250=0.08%, 500=0.13%, 750=0.03%, 1000=0.01%
  lat (msec)   : 2000=0.01%
  cpu          : usr=3.03%, sys=32.79%, ctx=1040, majf=0, minf=5097
  IO depths    : 1=0.1%, 2=0.1%, 4=100.0%, 8=0.0%, 16=0.0%, 32=0.0%, >=64=0.0%
     submit    : 0=0.0%, 4=100.0%, 8=0.0%, 16=0.0%, 32=0.0%, 64=0.0%, >=64=0.0%
     complete  : 0=0.0%, 4=100.0%, 8=0.0%, 16=0.0%, 32=0.0%, 64=0.0%, >=64=0.0%
     issued rwts: total=0,645895,0,0 short=0,0,0,0 dropped=0,0,0,0
     latency   : target=0, window=0, percentile=100.00%, depth=4

Run status group 0 (all jobs):
  WRITE: bw=67.3MiB/s (70.5MB/s), 67.3MiB/s-67.3MiB/s (70.5MB/s-70.5MB/s), io=19.7GiB (21.2GB), run=300001-300001msec

random-writers: (groupid=0, jobs=1): err= 0: pid=151867: Tue Jul 20 22:15:43 2021
  write: IOPS=2097, BW=65.5MiB/s (68.7MB/s)(19.2GiB/300001msec); 0 zone resets
    slat (usec): min=92, max=2506.4k, avg=453.67, stdev=12772.19
    clat (usec): min=11, max=2586.9k, avg=1434.77, stdev=22710.51
     lat (usec): min=142, max=2587.3k, avg=1889.60, stdev=26281.26
    clat percentiles (usec):
     |  1.00th=[   408],  5.00th=[   412], 10.00th=[   416], 20.00th=[   420],
     | 30.00th=[   424], 40.00th=[   441], 50.00th=[   453], 60.00th=[   461],
     | 70.00th=[   478], 80.00th=[   498], 90.00th=[   529], 95.00th=[   553],
     | 99.00th=[   619], 99.50th=[   766], 99.90th=[367002], 99.95th=[476054],
     | 99.99th=[843056]
   bw (  KiB/s): min=   12, max=2755929, per=100.00%, avg=71448.18, stdev=10419.10, samples=629180
   iops        : min=    2, max= 7296, avg=2285.72, stdev=2796.83, samples=549
  lat (usec)   : 20=0.01%, 50=0.01%, 250=0.01%, 500=80.28%, 750=19.20%
  lat (usec)   : 1000=0.11%
  lat (msec)   : 2=0.03%, 4=0.02%, 10=0.02%, 20=0.02%, 50=0.04%
  lat (msec)   : 100=0.04%, 250=0.09%, 500=0.12%, 750=0.03%, 1000=0.01%
  lat (msec)   : 2000=0.01%, >=2000=0.01%
  cpu          : usr=2.90%, sys=31.32%, ctx=1121, majf=0, minf=4966
  IO depths    : 1=0.1%, 2=0.1%, 4=100.0%, 8=0.0%, 16=0.0%, 32=0.0%, >=64=0.0%
     submit    : 0=0.0%, 4=100.0%, 8=0.0%, 16=0.0%, 32=0.0%, 64=0.0%, >=64=0.0%
     complete  : 0=0.0%, 4=100.0%, 8=0.0%, 16=0.0%, 32=0.0%, 64=0.0%, >=64=0.0%
     issued rwts: total=0,629180,0,0 short=0,0,0,0 dropped=0,0,0,0
     latency   : target=0, window=0, percentile=100.00%, depth=4

Run status group 0 (all jobs):
  WRITE: bw=65.5MiB/s (68.7MB/s), 65.5MiB/s-65.5MiB/s (68.7MB/s-68.7MB/s), io=19.2GiB (20.6GB), run=300001-300001msec

random-writers: (groupid=0, jobs=1): err= 0: pid=150023: Tue Jul 20 22:15:43 2021
  write: IOPS=1929, BW=60.3MiB/s (63.2MB/s)(17.7GiB/300180msec); 0 zone resets
    slat (usec): min=92, max=3292.5k, avg=491.34, stdev=13395.19
    clat (usec): min=16, max=3292.9k, avg=1559.32, stdev=23930.90
     lat (usec): min=153, max=3293.1k, avg=2051.82, stdev=27620.83
    clat percentiles (usec):
     |  1.00th=[   412],  5.00th=[   420], 10.00th=[   424], 20.00th=[   441],
     | 30.00th=[   461], 40.00th=[   474], 50.00th=[   486], 60.00th=[   502],
     | 70.00th=[   519], 80.00th=[   537], 90.00th=[   562], 95.00th=[   586],
     | 99.00th=[   685], 99.50th=[  2180], 99.90th=[367002], 99.95th=[505414],
     | 99.99th=[935330]
   bw (  KiB/s): min=    9, max=2001588, per=100.00%, avg=67120.44, stdev=10742.28, samples=579153
   iops        : min=    2, max= 6728, avg=2125.19, stdev=2247.61, samples=544
  lat (usec)   : 20=0.01%, 50=0.01%, 250=0.01%, 500=58.51%, 750=40.67%
  lat (usec)   : 1000=0.25%
  lat (msec)   : 2=0.05%, 4=0.02%, 10=0.02%, 20=0.04%, 50=0.07%
  lat (msec)   : 100=0.07%, 250=0.12%, 500=0.11%, 750=0.03%, 1000=0.01%
  lat (msec)   : 2000=0.01%, >=2000=0.01%
  cpu          : usr=2.81%, sys=31.31%, ctx=1232, majf=0, minf=4575
  IO depths    : 1=0.1%, 2=0.1%, 4=100.0%, 8=0.0%, 16=0.0%, 32=0.0%, >=64=0.0%
     submit    : 0=0.0%, 4=100.0%, 8=0.0%, 16=0.0%, 32=0.0%, 64=0.0%, >=64=0.0%
     complete  : 0=0.0%, 4=100.0%, 8=0.0%, 16=0.0%, 32=0.0%, 64=0.0%, >=64=0.0%
     issued rwts: total=0,579153,0,0 short=0,0,0,0 dropped=0,0,0,0
     latency   : target=0, window=0, percentile=100.00%, depth=4

Run status group 0 (all jobs):
  WRITE: bw=60.3MiB/s (63.2MB/s), 60.3MiB/s-60.3MiB/s (63.2MB/s-63.2MB/s), io=17.7GiB (19.0GB), run=300180-300180msec

random-writers: (groupid=0, jobs=1): err= 0: pid=165142: Tue Jul 20 22:15:43 2021
  write: IOPS=2267, BW=70.9MiB/s (74.3MB/s)(20.8GiB/300001msec); 0 zone resets
    slat (usec): min=92, max=2148.8k, avg=418.47, stdev=11263.83
    clat (usec): min=11, max=2149.2k, avg=1327.19, stdev=20052.15
     lat (usec): min=145, max=2149.4k, avg=1746.79, stdev=23240.48
    clat percentiles (usec):
     |  1.00th=[   404],  5.00th=[   412], 10.00th=[   416], 20.00th=[   420],
     | 30.00th=[   420], 40.00th=[   424], 50.00th=[   437], 60.00th=[   449],
     | 70.00th=[   465], 80.00th=[   486], 90.00th=[   523], 95.00th=[   537],
     | 99.00th=[   603], 99.50th=[   685], 99.90th=[341836], 99.95th=[476054],
     | 99.99th=[734004]
   bw (  KiB/s): min=   15, max=2912452, per=100.00%, avg=72913.13, stdev=10235.66, samples=680341
   iops        : min=    2, max= 7292, avg=2380.61, stdev=3039.76, samples=570
  lat (usec)   : 20=0.01%, 50=0.01%, 250=0.01%, 500=85.36%, 750=14.21%
  lat (usec)   : 1000=0.08%
  lat (msec)   : 2=0.02%, 4=0.01%, 10=0.01%, 20=0.01%, 50=0.03%
  lat (msec)   : 100=0.04%, 250=0.07%, 500=0.12%, 750=0.03%, 1000=0.01%
  lat (msec)   : 2000=0.01%, >=2000=0.01%
  cpu          : usr=3.17%, sys=33.01%, ctx=1167, majf=0, minf=5366
  IO depths    : 1=0.1%, 2=0.1%, 4=100.0%, 8=0.0%, 16=0.0%, 32=0.0%, >=64=0.0%
     submit    : 0=0.0%, 4=100.0%, 8=0.0%, 16=0.0%, 32=0.0%, 64=0.0%, >=64=0.0%
     complete  : 0=0.0%, 4=100.0%, 8=0.0%, 16=0.0%, 32=0.0%, 64=0.0%, >=64=0.0%
     issued rwts: total=0,680341,0,0 short=0,0,0,0 dropped=0,0,0,0
     latency   : target=0, window=0, percentile=100.00%, depth=4

Run status group 0 (all jobs):
  WRITE: bw=70.9MiB/s (74.3MB/s), 70.9MiB/s-70.9MiB/s (74.3MB/s-74.3MB/s), io=20.8GiB (22.3GB), run=300001-300001msec

random-writers: (groupid=0, jobs=1): err= 0: pid=158694: Tue Jul 20 22:15:43 2021
  write: IOPS=2256, BW=70.5MiB/s (73.9MB/s)(20.7GiB/300001msec); 0 zone resets
    slat (usec): min=92, max=2196.2k, avg=420.80, stdev=10980.09
    clat (usec): min=11, max=2196.7k, avg=1333.82, stdev=19608.56
     lat (usec): min=153, max=2196.9k, avg=1755.75, stdev=22749.71
    clat percentiles (usec):
     |  1.00th=[   404],  5.00th=[   412], 10.00th=[   416], 20.00th=[   420],
     | 30.00th=[   420], 40.00th=[   424], 50.00th=[   433], 60.00th=[   449],
     | 70.00th=[   461], 80.00th=[   482], 90.00th=[   519], 95.00th=[   537],
     | 99.00th=[   611], 99.50th=[   750], 99.90th=[350225], 99.95th=[446694],
     | 99.99th=[742392]
   bw (  KiB/s): min=   14, max=2837056, per=100.00%, avg=73091.66, stdev=10206.19, samples=676938
   iops        : min=    2, max= 7286, avg=2381.83, stdev=3057.18, samples=567
  lat (usec)   : 20=0.01%, 50=0.01%, 250=0.01%, 500=86.72%, 750=12.79%
  lat (usec)   : 1000=0.12%
  lat (msec)   : 2=0.03%, 4=0.01%, 10=0.01%, 20=0.01%, 50=0.03%
  lat (msec)   : 100=0.03%, 250=0.08%, 500=0.13%, 750=0.03%, 1000=0.01%
  lat (msec)   : 2000=0.01%, >=2000=0.01%
  cpu          : usr=3.11%, sys=32.78%, ctx=1300, majf=0, minf=5339
  IO depths    : 1=0.1%, 2=0.1%, 4=100.0%, 8=0.0%, 16=0.0%, 32=0.0%, >=64=0.0%
     submit    : 0=0.0%, 4=100.0%, 8=0.0%, 16=0.0%, 32=0.0%, 64=0.0%, >=64=0.0%
     complete  : 0=0.0%, 4=100.0%, 8=0.0%, 16=0.0%, 32=0.0%, 64=0.0%, >=64=0.0%
     issued rwts: total=0,676938,0,0 short=0,0,0,0 dropped=0,0,0,0
     latency   : target=0, window=0, percentile=100.00%, depth=4

Run status group 0 (all jobs):
  WRITE: bw=70.5MiB/s (73.9MB/s), 70.5MiB/s-70.5MiB/s (73.9MB/s-73.9MB/s), io=20.7GiB (22.2GB), run=300001-300001msec

random-writers: (groupid=0, jobs=1): err= 0: pid=151153: Tue Jul 20 22:15:43 2021
  write: IOPS=1854, BW=58.0MiB/s (60.8MB/s)(17.0GiB/300353msec); 0 zone resets
    slat (usec): min=94, max=1693.8k, avg=506.99, stdev=9909.16
    clat (usec): min=18, max=2160.6k, avg=1621.81, stdev=18489.17
     lat (usec): min=156, max=2160.9k, avg=2129.95, stdev=21110.23
    clat percentiles (usec):
     |  1.00th=[   420],  5.00th=[   433], 10.00th=[   457], 20.00th=[   474],
     | 30.00th=[   490], 40.00th=[   506], 50.00th=[   515], 60.00th=[   529],
     | 70.00th=[   537], 80.00th=[   553], 90.00th=[   578], 95.00th=[   594],
     | 99.00th=[   693], 99.50th=[ 57410], 99.90th=[299893], 99.95th=[371196],
     | 99.99th=[650118]
   bw (  KiB/s): min=   15, max=1774120, per=100.00%, avg=63665.12, stdev=10396.91, samples=557074
   iops        : min=    2, max= 6228, avg=1920.93, stdev=1677.76, samples=580
  lat (usec)   : 20=0.01%, 50=0.01%, 250=0.01%, 500=36.24%, 750=62.85%
  lat (usec)   : 1000=0.08%
  lat (msec)   : 2=0.04%, 4=0.03%, 10=0.04%, 20=0.06%, 50=0.13%
  lat (msec)   : 100=0.15%, 250=0.24%, 500=0.12%, 750=0.02%, 1000=0.01%
  lat (msec)   : 2000=0.01%, >=2000=0.01%
  cpu          : usr=2.64%, sys=32.66%, ctx=1782, majf=0, minf=4403
  IO depths    : 1=0.1%, 2=0.1%, 4=100.0%, 8=0.0%, 16=0.0%, 32=0.0%, >=64=0.0%
     submit    : 0=0.0%, 4=100.0%, 8=0.0%, 16=0.0%, 32=0.0%, 64=0.0%, >=64=0.0%
     complete  : 0=0.0%, 4=100.0%, 8=0.0%, 16=0.0%, 32=0.0%, 64=0.0%, >=64=0.0%
     issued rwts: total=0,557074,0,0 short=0,0,0,0 dropped=0,0,0,0
     latency   : target=0, window=0, percentile=100.00%, depth=4

Run status group 0 (all jobs):
  WRITE: bw=58.0MiB/s (60.8MB/s), 58.0MiB/s-58.0MiB/s (60.8MB/s-60.8MB/s), io=17.0GiB (18.3GB), run=300353-300353msec

random-writers: (groupid=0, jobs=1): err= 0: pid=165295: Tue Jul 20 22:15:43 2021
  write: IOPS=1348, BW=42.1MiB/s (44.2MB/s)(12.4GiB/300440msec); 0 zone resets
    slat (usec): min=99, max=2149.6k, avg=706.30, stdev=13726.47
    clat (usec): min=18, max=2150.2k, avg=2229.29, stdev=24852.96
     lat (usec): min=155, max=2150.4k, avg=2936.77, stdev=28424.89
    clat percentiles (usec):
     |  1.00th=[   433],  5.00th=[   469], 10.00th=[   486], 20.00th=[   506],
     | 30.00th=[   523], 40.00th=[   537], 50.00th=[   545], 60.00th=[   553],
     | 70.00th=[   570], 80.00th=[   578], 90.00th=[   603], 95.00th=[   635],
     | 99.00th=[  1975], 99.50th=[107480], 99.90th=[392168], 99.95th=[517997],
     | 99.99th=[775947]
   bw (  KiB/s): min=   15, max=1740201, per=100.00%, avg=60075.18, stdev=10827.56, samples=405120
   iops        : min=    4, max= 5874, avg=1406.65, stdev=1324.63, samples=576
  lat (usec)   : 20=0.01%, 50=0.01%, 250=0.01%, 500=15.78%, 750=82.41%
  lat (usec)   : 1000=0.67%
  lat (msec)   : 2=0.14%, 4=0.03%, 10=0.05%, 20=0.07%, 50=0.17%
  lat (msec)   : 100=0.17%, 250=0.26%, 500=0.20%, 750=0.04%, 1000=0.01%
  lat (msec)   : 2000=0.01%, >=2000=0.01%
  cpu          : usr=1.98%, sys=25.40%, ctx=1631, majf=0, minf=3215
  IO depths    : 1=0.1%, 2=0.1%, 4=100.0%, 8=0.0%, 16=0.0%, 32=0.0%, >=64=0.0%
     submit    : 0=0.0%, 4=100.0%, 8=0.0%, 16=0.0%, 32=0.0%, 64=0.0%, >=64=0.0%
     complete  : 0=0.0%, 4=100.0%, 8=0.0%, 16=0.0%, 32=0.0%, 64=0.0%, >=64=0.0%
     issued rwts: total=0,405120,0,0 short=0,0,0,0 dropped=0,0,0,0
     latency   : target=0, window=0, percentile=100.00%, depth=4

Run status group 0 (all jobs):
  WRITE: bw=42.1MiB/s (44.2MB/s), 42.1MiB/s-42.1MiB/s (44.2MB/s-44.2MB/s), io=12.4GiB (13.3GB), run=300440-300440msec

random-writers: (groupid=0, jobs=1): err= 0: pid=149693: Tue Jul 20 22:15:43 2021
  write: IOPS=2293, BW=71.7MiB/s (75.2MB/s)(21.0GiB/300072msec); 0 zone resets
    slat (usec): min=92, max=2505.3k, avg=412.90, stdev=11547.61
    clat (usec): min=18, max=2505.8k, avg=1312.30, stdev=20476.87
     lat (usec): min=148, max=2506.0k, avg=1726.33, stdev=23643.36
    clat percentiles (usec):
     |  1.00th=[   408],  5.00th=[   412], 10.00th=[   416], 20.00th=[   420],
     | 30.00th=[   424], 40.00th=[   433], 50.00th=[   449], 60.00th=[   461],
     | 70.00th=[   474], 80.00th=[   490], 90.00th=[   529], 95.00th=[   545],
     | 99.00th=[   611], 99.50th=[   750], 99.90th=[346031], 99.95th=[450888],
     | 99.99th=[666895]
   bw (  KiB/s): min=   13, max=1741126, per=98.19%, avg=72066.47, stdev=9651.43, samples=688258
   iops        : min=    2, max= 7308, avg=2419.05, stdev=3033.01, samples=569
  lat (usec)   : 20=0.01%, 50=0.01%, 250=0.01%, 500=84.15%, 750=15.34%
  lat (usec)   : 1000=0.16%
  lat (msec)   : 2=0.02%, 4=0.01%, 10=0.01%, 20=0.01%, 50=0.02%
  lat (msec)   : 100=0.03%, 250=0.07%, 500=0.12%, 750=0.03%, 1000=0.01%
  lat (msec)   : 2000=0.01%, >=2000=0.01%
  cpu          : usr=3.14%, sys=33.97%, ctx=1166, majf=0, minf=5428
  IO depths    : 1=0.1%, 2=0.1%, 4=100.0%, 8=0.0%, 16=0.0%, 32=0.0%, >=64=0.0%
     submit    : 0=0.0%, 4=100.0%, 8=0.0%, 16=0.0%, 32=0.0%, 64=0.0%, >=64=0.0%
     complete  : 0=0.0%, 4=100.0%, 8=0.0%, 16=0.0%, 32=0.0%, 64=0.0%, >=64=0.0%
     issued rwts: total=0,688258,0,0 short=0,0,0,0 dropped=0,0,0,0
     latency   : target=0, window=0, percentile=100.00%, depth=4

Run status group 0 (all jobs):
  WRITE: bw=71.7MiB/s (75.2MB/s), 71.7MiB/s-71.7MiB/s (75.2MB/s-75.2MB/s), io=21.0GiB (22.6GB), run=300072-300072msec

random-writers: (groupid=0, jobs=1): err= 0: pid=158038: Tue Jul 20 22:15:43 2021
  write: IOPS=2059, BW=64.3MiB/s (67.5MB/s)(18.9GiB/300212msec); 0 zone resets
    slat (usec): min=93, max=2751.1k, avg=458.84, stdev=12057.23
    clat (usec): min=18, max=3254.9k, avg=1461.33, stdev=22068.95
     lat (usec): min=153, max=3255.1k, avg=1921.33, stdev=25428.42
    clat percentiles (usec):
     |  1.00th=[   412],  5.00th=[   420], 10.00th=[   424], 20.00th=[   445],
     | 30.00th=[   461], 40.00th=[   474], 50.00th=[   490], 60.00th=[   506],
     | 70.00th=[   523], 80.00th=[   537], 90.00th=[   562], 95.00th=[   586],
     | 99.00th=[   660], 99.50th=[  2311], 99.90th=[354419], 99.95th=[480248],
     | 99.99th=[851444]
   bw (  KiB/s): min=   10, max=1752299, per=100.00%, avg=66974.57, stdev=10453.08, samples=618156
   iops        : min=    2, max= 6842, avg=2219.57, stdev=2284.63, samples=557
  lat (usec)   : 20=0.01%, 50=0.01%, 250=0.01%, 500=57.19%, 750=42.11%
  lat (usec)   : 1000=0.16%
  lat (msec)   : 2=0.02%, 4=0.02%, 10=0.04%, 20=0.04%, 50=0.07%
  lat (msec)   : 100=0.08%, 250=0.11%, 500=0.10%, 750=0.03%, 1000=0.01%
  lat (msec)   : 2000=0.01%, >=2000=0.01%
  cpu          : usr=2.87%, sys=33.60%, ctx=1279, majf=0, minf=4880
  IO depths    : 1=0.1%, 2=0.1%, 4=100.0%, 8=0.0%, 16=0.0%, 32=0.0%, >=64=0.0%
     submit    : 0=0.0%, 4=100.0%, 8=0.0%, 16=0.0%, 32=0.0%, 64=0.0%, >=64=0.0%
     complete  : 0=0.0%, 4=100.0%, 8=0.0%, 16=0.0%, 32=0.0%, 64=0.0%, >=64=0.0%
     issued rwts: total=0,618156,0,0 short=0,0,0,0 dropped=0,0,0,0
     latency   : target=0, window=0, percentile=100.00%, depth=4

Run status group 0 (all jobs):
  WRITE: bw=64.3MiB/s (67.5MB/s), 64.3MiB/s-64.3MiB/s (67.5MB/s-67.5MB/s), io=18.9GiB (20.3GB), run=300212-300212msec

random-writers: (groupid=0, jobs=1): err= 0: pid=143488: Tue Jul 20 22:15:43 2021
  write: IOPS=2513, BW=78.5MiB/s (82.4MB/s)(23.0GiB/300022msec); 0 zone resets
    slat (usec): min=92, max=1214.3k, avg=374.26, stdev=9288.41
    clat (usec): min=18, max=1214.7k, avg=1198.01, stdev=16703.25
     lat (usec): min=145, max=1214.8k, avg=1573.40, stdev=19261.39
    clat percentiles (usec):
     |  1.00th=[   408],  5.00th=[   416], 10.00th=[   416], 20.00th=[   420],
     | 30.00th=[   424], 40.00th=[   429], 50.00th=[   441], 60.00th=[   453],
     | 70.00th=[   469], 80.00th=[   490], 90.00th=[   523], 95.00th=[   537],
     | 99.00th=[   594], 99.50th=[   644], 99.90th=[299893], 99.95th=[396362],
     | 99.99th=[599786]
   bw (  KiB/s): min=   26, max=1753237, per=89.98%, avg=72369.22, stdev=9422.66, samples=754034
   iops        : min=    2, max= 7260, avg=2595.62, stdev=2856.89, samples=581
  lat (usec)   : 20=0.01%, 50=0.01%, 250=0.01%, 500=84.20%, 750=15.40%
  lat (usec)   : 1000=0.05%
  lat (msec)   : 2=0.01%, 4=0.01%, 10=0.01%, 20=0.02%, 50=0.04%
  lat (msec)   : 100=0.04%, 250=0.09%, 500=0.12%, 750=0.02%, 1000=0.01%
  lat (msec)   : 2000=0.01%
  cpu          : usr=3.53%, sys=37.09%, ctx=1278, majf=0, minf=5941
  IO depths    : 1=0.1%, 2=0.1%, 4=100.0%, 8=0.0%, 16=0.0%, 32=0.0%, >=64=0.0%
     submit    : 0=0.0%, 4=100.0%, 8=0.0%, 16=0.0%, 32=0.0%, 64=0.0%, >=64=0.0%
     complete  : 0=0.0%, 4=100.0%, 8=0.0%, 16=0.0%, 32=0.0%, 64=0.0%, >=64=0.0%
     issued rwts: total=0,754034,0,0 short=0,0,0,0 dropped=0,0,0,0
     latency   : target=0, window=0, percentile=100.00%, depth=4

Run status group 0 (all jobs):
  WRITE: bw=78.5MiB/s (82.4MB/s), 78.5MiB/s-78.5MiB/s (82.4MB/s-82.4MB/s), io=23.0GiB (24.7GB), run=300022-300022msec

random-writers: (groupid=0, jobs=1): err= 0: pid=154769: Tue Jul 20 22:15:43 2021
  write: IOPS=2732, BW=85.4MiB/s (89.5MB/s)(25.0GiB/300001msec); 0 zone resets
    slat (usec): min=92, max=1150.1k, avg=343.22, stdev=8315.89
    clat (usec): min=11, max=1150.5k, avg=1102.13, stdev=15081.08
     lat (usec): min=146, max=1150.6k, avg=1446.47, stdev=17427.27
    clat percentiles (usec):
     |  1.00th=[   404],  5.00th=[   412], 10.00th=[   416], 20.00th=[   420],
     | 30.00th=[   420], 40.00th=[   424], 50.00th=[   437], 60.00th=[   449],
     | 70.00th=[   465], 80.00th=[   482], 90.00th=[   515], 95.00th=[   537],
     | 99.00th=[   603], 99.50th=[   709], 99.90th=[278922], 99.95th=[362808],
     | 99.99th=[530580]
   bw (  KiB/s): min=   28, max=2846915, per=83.54%, avg=73054.52, stdev=9505.53, samples=819836
   iops        : min=    2, max= 7272, avg=2788.43, stdev=3128.52, samples=588
  lat (usec)   : 20=0.01%, 50=0.01%, 100=0.01%, 250=0.01%, 500=87.18%
  lat (usec)   : 750=12.35%, 1000=0.10%
  lat (msec)   : 2=0.03%, 4=0.01%, 10=0.01%, 20=0.01%, 50=0.03%
  lat (msec)   : 100=0.05%, 250=0.09%, 500=0.10%, 750=0.01%, 1000=0.01%
  lat (msec)   : 2000=0.01%
  cpu          : usr=3.83%, sys=39.75%, ctx=1426, majf=0, minf=6455
  IO depths    : 1=0.1%, 2=0.1%, 4=100.0%, 8=0.0%, 16=0.0%, 32=0.0%, >=64=0.0%
     submit    : 0=0.0%, 4=100.0%, 8=0.0%, 16=0.0%, 32=0.0%, 64=0.0%, >=64=0.0%
     complete  : 0=0.0%, 4=100.0%, 8=0.0%, 16=0.0%, 32=0.0%, 64=0.0%, >=64=0.0%
     issued rwts: total=0,819836,0,0 short=0,0,0,0 dropped=0,0,0,0
     latency   : target=0, window=0, percentile=100.00%, depth=4

Run status group 0 (all jobs):
  WRITE: bw=85.4MiB/s (89.5MB/s), 85.4MiB/s-85.4MiB/s (89.5MB/s-89.5MB/s), io=25.0GiB (26.9GB), run=300001-300001msec

random-writers: (groupid=0, jobs=1): err= 0: pid=149641: Tue Jul 20 22:15:43 2021
  write: IOPS=2841, BW=88.8MiB/s (93.1MB/s)(26.0GiB/300166msec); 0 zone resets
    slat (usec): min=93, max=1114.4k, avg=327.88, stdev=7736.79
    clat (usec): min=17, max=1114.8k, avg=1060.23, stdev=13988.57
     lat (usec): min=158, max=1115.0k, avg=1389.24, stdev=16064.77
    clat percentiles (usec):
     |  1.00th=[   408],  5.00th=[   412], 10.00th=[   416], 20.00th=[   420],
     | 30.00th=[   429], 40.00th=[   437], 50.00th=[   453], 60.00th=[   465],
     | 70.00th=[   478], 80.00th=[   498], 90.00th=[   529], 95.00th=[   553],
     | 99.00th=[   611], 99.50th=[   734], 99.90th=[246416], 99.95th=[329253],
     | 99.99th=[534774]
   bw (  KiB/s): min=   29, max=1826431, per=78.58%, avg=71447.98, stdev=9424.32, samples=852830
   iops        : min=    2, max= 7282, avg=2910.67, stdev=2994.13, samples=586
  lat (usec)   : 20=0.01%, 50=0.01%, 250=0.01%, 500=80.71%, 750=18.81%
  lat (usec)   : 1000=0.13%
  lat (msec)   : 2=0.02%, 4=0.01%, 10=0.02%, 20=0.02%, 50=0.03%
  lat (msec)   : 100=0.03%, 250=0.11%, 500=0.09%, 750=0.01%, 1000=0.01%
  lat (msec)   : 2000=0.01%
  cpu          : usr=3.84%, sys=42.85%, ctx=1343, majf=0, minf=6713
  IO depths    : 1=0.1%, 2=0.1%, 4=100.0%, 8=0.0%, 16=0.0%, 32=0.0%, >=64=0.0%
     submit    : 0=0.0%, 4=100.0%, 8=0.0%, 16=0.0%, 32=0.0%, 64=0.0%, >=64=0.0%
     complete  : 0=0.0%, 4=100.0%, 8=0.0%, 16=0.0%, 32=0.0%, 64=0.0%, >=64=0.0%
     issued rwts: total=0,852830,0,0 short=0,0,0,0 dropped=0,0,0,0
     latency   : target=0, window=0, percentile=100.00%, depth=4

Run status group 0 (all jobs):
  WRITE: bw=88.8MiB/s (93.1MB/s), 88.8MiB/s-88.8MiB/s (93.1MB/s-93.1MB/s), io=26.0GiB (27.9GB), run=300166-300166msec

random-writers: (groupid=0, jobs=1): err= 0: pid=134574: Tue Jul 20 22:15:43 2021
  write: IOPS=2732, BW=85.4MiB/s (89.5MB/s)(25.0GiB/300084msec); 0 zone resets
    slat (usec): min=94, max=1431.4k, avg=340.42, stdev=8121.66
    clat (usec): min=18, max=1431.8k, avg=1102.25, stdev=14810.64
     lat (usec): min=147, max=1432.0k, avg=1443.82, stdev=17029.94
    clat percentiles (usec):
     |  1.00th=[   412],  5.00th=[   416], 10.00th=[   420], 20.00th=[   429],
     | 30.00th=[   441], 40.00th=[   457], 50.00th=[   469], 60.00th=[   482],
     | 70.00th=[   498], 80.00th=[   519], 90.00th=[   545], 95.00th=[   570],
     | 99.00th=[   644], 99.50th=[   807], 99.90th=[252707], 99.95th=[346031],
     | 99.99th=[541066]
   bw (  KiB/s): min=   22, max=1777006, per=79.24%, avg=69290.45, stdev=9710.48, samples=819997
   iops        : min=    2, max= 7256, avg=2808.19, stdev=2585.28, samples=584
  lat (usec)   : 20=0.01%, 50=0.01%, 250=0.01%, 500=71.49%, 750=27.94%
  lat (usec)   : 1000=0.16%
  lat (msec)   : 2=0.03%, 4=0.02%, 10=0.02%, 20=0.03%, 50=0.05%
  lat (msec)   : 100=0.05%, 250=0.09%, 500=0.09%, 750=0.01%, 1000=0.01%
  lat (msec)   : 2000=0.01%
  cpu          : usr=3.96%, sys=42.59%, ctx=1309, majf=0, minf=6457
  IO depths    : 1=0.1%, 2=0.1%, 4=100.0%, 8=0.0%, 16=0.0%, 32=0.0%, >=64=0.0%
     submit    : 0=0.0%, 4=100.0%, 8=0.0%, 16=0.0%, 32=0.0%, 64=0.0%, >=64=0.0%
     complete  : 0=0.0%, 4=100.0%, 8=0.0%, 16=0.0%, 32=0.0%, 64=0.0%, >=64=0.0%
     issued rwts: total=0,819997,0,0 short=0,0,0,0 dropped=0,0,0,0
     latency   : target=0, window=0, percentile=100.00%, depth=4

Run status group 0 (all jobs):
  WRITE: bw=85.4MiB/s (89.5MB/s), 85.4MiB/s-85.4MiB/s (89.5MB/s-89.5MB/s), io=25.0GiB (26.9GB), run=300084-300084msec

random-writers: (groupid=0, jobs=1): err= 0: pid=156021: Tue Jul 20 22:15:43 2021
  write: IOPS=2733, BW=85.4MiB/s (89.6MB/s)(25.0GiB/300087msec); 0 zone resets
    slat (usec): min=93, max=930353, avg=340.74, stdev=7941.18
    clat (usec): min=18, max=1337.5k, avg=1102.09, stdev=14494.56
     lat (usec): min=154, max=1337.6k, avg=1443.99, stdev=16669.92
    clat percentiles (usec):
     |  1.00th=[   408],  5.00th=[   416], 10.00th=[   420], 20.00th=[   429],
     | 30.00th=[   437], 40.00th=[   453], 50.00th=[   465], 60.00th=[   478],
     | 70.00th=[   494], 80.00th=[   515], 90.00th=[   537], 95.00th=[   570],
     | 99.00th=[   652], 99.50th=[   840], 99.90th=[274727], 99.95th=[358613],
     | 99.99th=[513803]
   bw (  KiB/s): min=   24, max=1769234, per=79.77%, avg=69763.52, stdev=9540.87, samples=820171
   iops        : min=    4, max= 7276, avg=2770.64, stdev=2902.76, samples=592
  lat (usec)   : 20=0.01%, 50=0.01%, 250=0.01%, 500=73.78%, 750=25.58%
  lat (usec)   : 1000=0.25%
  lat (msec)   : 2=0.07%, 4=0.02%, 10=0.01%, 20=0.02%, 50=0.03%
  lat (msec)   : 100=0.04%, 250=0.09%, 500=0.10%, 750=0.01%, 1000=0.01%
  lat (msec)   : 2000=0.01%
  cpu          : usr=3.92%, sys=42.28%, ctx=1245, majf=0, minf=6458
  IO depths    : 1=0.1%, 2=0.1%, 4=100.0%, 8=0.0%, 16=0.0%, 32=0.0%, >=64=0.0%
     submit    : 0=0.0%, 4=100.0%, 8=0.0%, 16=0.0%, 32=0.0%, 64=0.0%, >=64=0.0%
     complete  : 0=0.0%, 4=100.0%, 8=0.0%, 16=0.0%, 32=0.0%, 64=0.0%, >=64=0.0%
     issued rwts: total=0,820171,0,0 short=0,0,0,0 dropped=0,0,0,0
     latency   : target=0, window=0, percentile=100.00%, depth=4

Run status group 0 (all jobs):
  WRITE: bw=85.4MiB/s (89.6MB/s), 85.4MiB/s-85.4MiB/s (89.6MB/s-89.6MB/s), io=25.0GiB (26.9GB), run=300087-300087msec

random-writers: (groupid=0, jobs=1): err= 0: pid=149565: Tue Jul 20 22:15:43 2021
  write: IOPS=2733, BW=85.4MiB/s (89.6MB/s)(25.0GiB/300130msec); 0 zone resets
    slat (usec): min=93, max=1259.0k, avg=341.54, stdev=7997.33
    clat (usec): min=18, max=1259.4k, avg=1101.99, stdev=14522.16
     lat (usec): min=150, max=1259.6k, avg=1444.67, stdev=16741.03
    clat percentiles (usec):
     |  1.00th=[   408],  5.00th=[   416], 10.00th=[   420], 20.00th=[   424],
     | 30.00th=[   429], 40.00th=[   437], 50.00th=[   453], 60.00th=[   469],
     | 70.00th=[   482], 80.00th=[   502], 90.00th=[   529], 95.00th=[   553],
     | 99.00th=[   619], 99.50th=[   783], 99.90th=[258999], 99.95th=[341836],
     | 99.99th=[530580]
   bw (  KiB/s): min=   26, max=1793541, per=81.15%, avg=70973.84, stdev=9465.02, samples=820302
   iops        : min=    4, max= 7244, avg=2789.69, stdev=2924.51, samples=588
  lat (usec)   : 20=0.01%, 50=0.01%, 250=0.01%, 500=79.38%, 750=20.08%
  lat (usec)   : 1000=0.17%
  lat (msec)   : 2=0.04%, 4=0.01%, 10=0.02%, 20=0.02%, 50=0.03%
  lat (msec)   : 100=0.04%, 250=0.11%, 500=0.10%, 750=0.01%, 1000=0.01%
  lat (msec)   : 2000=0.01%
  cpu          : usr=3.79%, sys=41.43%, ctx=1315, majf=0, minf=6459
  IO depths    : 1=0.1%, 2=0.1%, 4=100.0%, 8=0.0%, 16=0.0%, 32=0.0%, >=64=0.0%
     submit    : 0=0.0%, 4=100.0%, 8=0.0%, 16=0.0%, 32=0.0%, 64=0.0%, >=64=0.0%
     complete  : 0=0.0%, 4=100.0%, 8=0.0%, 16=0.0%, 32=0.0%, 64=0.0%, >=64=0.0%
     issued rwts: total=0,820302,0,0 short=0,0,0,0 dropped=0,0,0,0
     latency   : target=0, window=0, percentile=100.00%, depth=4

Run status group 0 (all jobs):
  WRITE: bw=85.4MiB/s (89.6MB/s), 85.4MiB/s-85.4MiB/s (89.6MB/s-89.6MB/s), io=25.0GiB (26.9GB), run=300130-300130msec

random-writers: (groupid=0, jobs=1): err= 0: pid=145506: Tue Jul 20 22:15:43 2021
  write: IOPS=1527, BW=47.7MiB/s (50.1MB/s)(14.0GiB/300730msec); 0 zone resets
    slat (usec): min=92, max=4368.4k, avg=632.40, stdev=20667.22
    clat (usec): min=18, max=4368.9k, avg=1967.80, stdev=36111.10
     lat (usec): min=160, max=4369.1k, avg=2601.34, stdev=41851.33
    clat percentiles (usec):
     |  1.00th=[    404],  5.00th=[    412], 10.00th=[    416],
     | 20.00th=[    420], 30.00th=[    420], 40.00th=[    429],
     | 50.00th=[    445], 60.00th=[    453], 70.00th=[    465],
     | 80.00th=[    486], 90.00th=[    529], 95.00th=[    545],
     | 99.00th=[    594], 99.50th=[    668], 99.90th=[ 574620],
     | 99.95th=[ 759170], 99.99th=[1182794]
   bw (  KiB/s): min=    7, max=1771243, per=100.00%, avg=72589.84, stdev=10308.86, samples=459470
   iops        : min=    2, max= 7274, avg=1938.65, stdev=2874.63, samples=474
  lat (usec)   : 20=0.01%, 50=0.01%, 250=0.01%, 500=83.84%, 750=15.74%
  lat (usec)   : 1000=0.06%
  lat (msec)   : 2=0.02%, 4=0.01%, 10=0.01%, 20=0.01%, 50=0.02%
  lat (msec)   : 100=0.02%, 250=0.06%, 500=0.09%, 750=0.08%, 1000=0.03%
  lat (msec)   : 2000=0.02%, >=2000=0.01%
  cpu          : usr=2.13%, sys=22.29%, ctx=788, majf=0, minf=3639
  IO depths    : 1=0.1%, 2=0.1%, 4=100.0%, 8=0.0%, 16=0.0%, 32=0.0%, >=64=0.0%
     submit    : 0=0.0%, 4=100.0%, 8=0.0%, 16=0.0%, 32=0.0%, 64=0.0%, >=64=0.0%
     complete  : 0=0.0%, 4=100.0%, 8=0.0%, 16=0.0%, 32=0.0%, 64=0.0%, >=64=0.0%
     issued rwts: total=0,459470,0,0 short=0,0,0,0 dropped=0,0,0,0
     latency   : target=0, window=0, percentile=100.00%, depth=4

Run status group 0 (all jobs):
  WRITE: bw=47.7MiB/s (50.1MB/s), 47.7MiB/s-47.7MiB/s (50.1MB/s-50.1MB/s), io=14.0GiB (15.1GB), run=300730-300730msec

random-writers: (groupid=0, jobs=1): err= 0: pid=146076: Tue Jul 20 22:15:43 2021
  write: IOPS=2294, BW=71.7MiB/s (75.2MB/s)(21.0GiB/300335msec); 0 zone resets
    slat (usec): min=92, max=1615.9k, avg=412.89, stdev=10355.07
    clat (usec): min=18, max=1616.3k, avg=1312.00, stdev=18458.01
     lat (usec): min=154, max=1616.5k, avg=1726.03, stdev=21306.32
    clat percentiles (usec):
     |  1.00th=[   404],  5.00th=[   412], 10.00th=[   416], 20.00th=[   420],
     | 30.00th=[   424], 40.00th=[   429], 50.00th=[   437], 60.00th=[   453],
     | 70.00th=[   469], 80.00th=[   486], 90.00th=[   523], 95.00th=[   545],
     | 99.00th=[   611], 99.50th=[   775], 99.90th=[320865], 99.95th=[417334],
     | 99.99th=[650118]
   bw (  KiB/s): min=   20, max=1801330, per=98.76%, avg=72502.16, stdev=9843.10, samples=689004
   iops        : min=    4, max= 7258, avg=2379.96, stdev=3005.81, samples=579
  lat (usec)   : 20=0.01%, 50=0.01%, 250=0.01%, 500=84.95%, 750=14.52%
  lat (usec)   : 1000=0.13%
  lat (msec)   : 2=0.03%, 4=0.01%, 10=0.01%, 20=0.01%, 50=0.03%
  lat (msec)   : 100=0.04%, 250=0.10%, 500=0.13%, 750=0.02%, 1000=0.01%
  lat (msec)   : 2000=0.01%
  cpu          : usr=3.20%, sys=33.71%, ctx=1240, majf=0, minf=5433
  IO depths    : 1=0.1%, 2=0.1%, 4=100.0%, 8=0.0%, 16=0.0%, 32=0.0%, >=64=0.0%
     submit    : 0=0.0%, 4=100.0%, 8=0.0%, 16=0.0%, 32=0.0%, 64=0.0%, >=64=0.0%
     complete  : 0=0.0%, 4=100.0%, 8=0.0%, 16=0.0%, 32=0.0%, 64=0.0%, >=64=0.0%
     issued rwts: total=0,689004,0,0 short=0,0,0,0 dropped=0,0,0,0
     latency   : target=0, window=0, percentile=100.00%, depth=4

Run status group 0 (all jobs):
  WRITE: bw=71.7MiB/s (75.2MB/s), 71.7MiB/s-71.7MiB/s (75.2MB/s-75.2MB/s), io=21.0GiB (22.6GB), run=300335-300335msec

random-writers: (groupid=0, jobs=1): err= 0: pid=149806: Tue Jul 20 22:15:43 2021
  write: IOPS=2290, BW=71.6MiB/s (75.1MB/s)(21.0GiB/300517msec); 0 zone resets
    slat (usec): min=93, max=1712.8k, avg=412.79, stdev=11065.43
    clat (usec): min=18, max=1825.8k, avg=1313.91, stdev=19698.29
     lat (usec): min=148, max=1826.0k, avg=1727.85, stdev=22821.68
    clat percentiles (usec):
     |  1.00th=[   408],  5.00th=[   416], 10.00th=[   420], 20.00th=[   424],
     | 30.00th=[   429], 40.00th=[   441], 50.00th=[   457], 60.00th=[   469],
     | 70.00th=[   482], 80.00th=[   506], 90.00th=[   537], 95.00th=[   562],
     | 99.00th=[   635], 99.50th=[   807], 99.90th=[346031], 99.95th=[467665],
     | 99.99th=[725615]
   bw (  KiB/s): min=   17, max=1742978, per=96.69%, avg=70887.40, stdev=9744.09, samples=688466
   iops        : min=    2, max= 7208, avg=2432.72, stdev=2991.25, samples=566
  lat (usec)   : 20=0.01%, 50=0.01%, 100=0.01%, 250=0.01%, 500=78.53%
  lat (usec)   : 750=20.87%, 1000=0.22%
  lat (msec)   : 2=0.04%, 4=0.01%, 10=0.02%, 20=0.01%, 50=0.03%
  lat (msec)   : 100=0.03%, 250=0.08%, 500=0.11%, 750=0.03%, 1000=0.01%
  lat (msec)   : 2000=0.01%
  cpu          : usr=3.18%, sys=34.66%, ctx=1142, majf=0, minf=5429
  IO depths    : 1=0.1%, 2=0.1%, 4=100.0%, 8=0.0%, 16=0.0%, 32=0.0%, >=64=0.0%
     submit    : 0=0.0%, 4=100.0%, 8=0.0%, 16=0.0%, 32=0.0%, 64=0.0%, >=64=0.0%
     complete  : 0=0.0%, 4=100.0%, 8=0.0%, 16=0.0%, 32=0.0%, 64=0.0%, >=64=0.0%
     issued rwts: total=0,688466,0,0 short=0,0,0,0 dropped=0,0,0,0
     latency   : target=0, window=0, percentile=100.00%, depth=4

Run status group 0 (all jobs):
  WRITE: bw=71.6MiB/s (75.1MB/s), 71.6MiB/s-71.6MiB/s (75.1MB/s-75.1MB/s), io=21.0GiB (22.6GB), run=300517-300517msec

random-writers: (groupid=0, jobs=1): err= 0: pid=143543: Tue Jul 20 22:15:43 2021
  write: IOPS=2620, BW=81.9MiB/s (85.9MB/s)(24.0GiB/300301msec); 0 zone resets
    slat (usec): min=93, max=1230.2k, avg=354.98, stdev=7885.25
    clat (usec): min=18, max=1230.8k, avg=1149.09, stdev=14511.23
     lat (usec): min=151, max=1231.1k, avg=1505.21, stdev=16614.54
    clat percentiles (usec):
     |  1.00th=[   408],  5.00th=[   416], 10.00th=[   420], 20.00th=[   429],
     | 30.00th=[   445], 40.00th=[   461], 50.00th=[   474], 60.00th=[   486],
     | 70.00th=[   506], 80.00th=[   529], 90.00th=[   545], 95.00th=[   578],
     | 99.00th=[   652], 99.50th=[   898], 99.90th=[252707], 99.95th=[350225],
     | 99.99th=[557843]
   bw (  KiB/s): min=   26, max=1778935, per=82.11%, avg=68859.94, stdev=10065.30, samples=786997
   iops        : min=    2, max= 7296, avg=2667.77, stdev=2523.35, samples=590
  lat (usec)   : 20=0.01%, 50=0.01%, 250=0.01%, 500=67.35%, 750=32.01%
  lat (usec)   : 1000=0.18%
  lat (msec)   : 2=0.04%, 4=0.02%, 10=0.03%, 20=0.03%, 50=0.07%
  lat (msec)   : 100=0.06%, 250=0.12%, 500=0.09%, 750=0.02%, 1000=0.01%
  lat (msec)   : 2000=0.01%
  cpu          : usr=3.70%, sys=41.53%, ctx=1474, majf=0, minf=6199
  IO depths    : 1=0.1%, 2=0.1%, 4=100.0%, 8=0.0%, 16=0.0%, 32=0.0%, >=64=0.0%
     submit    : 0=0.0%, 4=100.0%, 8=0.0%, 16=0.0%, 32=0.0%, 64=0.0%, >=64=0.0%
     complete  : 0=0.0%, 4=100.0%, 8=0.0%, 16=0.0%, 32=0.0%, 64=0.0%, >=64=0.0%
     issued rwts: total=0,786997,0,0 short=0,0,0,0 dropped=0,0,0,0
     latency   : target=0, window=0, percentile=100.00%, depth=4

Run status group 0 (all jobs):
  WRITE: bw=81.9MiB/s (85.9MB/s), 81.9MiB/s-81.9MiB/s (85.9MB/s-85.9MB/s), io=24.0GiB (25.8GB), run=300301-300301msec

random-writers: (groupid=0, jobs=1): err= 0: pid=141864: Tue Jul 20 22:15:43 2021
  write: IOPS=3059, BW=95.6MiB/s (100MB/s)(28.0GiB/300187msec); 0 zone resets
    slat (usec): min=92, max=1184.7k, avg=301.84, stdev=6740.84
    clat (usec): min=18, max=1339.3k, avg=984.94, stdev=12537.46
     lat (usec): min=146, max=1339.5k, avg=1287.91, stdev=14368.96
    clat percentiles (usec):
     |  1.00th=[   408],  5.00th=[   416], 10.00th=[   420], 20.00th=[   424],
     | 30.00th=[   429], 40.00th=[   445], 50.00th=[   457], 60.00th=[   469],
     | 70.00th=[   486], 80.00th=[   510], 90.00th=[   537], 95.00th=[   562],
     | 99.00th=[   627], 99.50th=[   717], 99.90th=[223347], 99.95th=[308282],
     | 99.99th=[484443]
   bw (  KiB/s): min=   24, max=1768375, per=72.10%, avg=70590.14, stdev=9394.22, samples=918388
   iops        : min=    4, max= 7206, avg=3092.15, stdev=2978.86, samples=594
  lat (usec)   : 20=0.01%, 50=0.01%, 250=0.01%, 500=76.32%, 750=23.23%
  lat (usec)   : 1000=0.14%
  lat (msec)   : 2=0.02%, 4=0.02%, 10=0.01%, 20=0.01%, 50=0.03%
  lat (msec)   : 100=0.03%, 250=0.10%, 500=0.07%, 750=0.01%, 1000=0.01%
  lat (msec)   : 2000=0.01%
  cpu          : usr=4.44%, sys=46.72%, ctx=1236, majf=0, minf=7225
  IO depths    : 1=0.1%, 2=0.1%, 4=100.0%, 8=0.0%, 16=0.0%, 32=0.0%, >=64=0.0%
     submit    : 0=0.0%, 4=100.0%, 8=0.0%, 16=0.0%, 32=0.0%, 64=0.0%, >=64=0.0%
     complete  : 0=0.0%, 4=100.0%, 8=0.0%, 16=0.0%, 32=0.0%, 64=0.0%, >=64=0.0%
     issued rwts: total=0,918388,0,0 short=0,0,0,0 dropped=0,0,0,0
     latency   : target=0, window=0, percentile=100.00%, depth=4

Run status group 0 (all jobs):
  WRITE: bw=95.6MiB/s (100MB/s), 95.6MiB/s-95.6MiB/s (100MB/s-100MB/s), io=28.0GiB (30.1GB), run=300187-300187msec

random-writers: (groupid=0, jobs=1): err= 0: pid=160694: Tue Jul 20 22:15:43 2021
  write: IOPS=2512, BW=78.5MiB/s (82.3MB/s)(23.0GiB/300263msec); 0 zone resets
    slat (usec): min=92, max=1983.1k, avg=374.56, stdev=9970.06
    clat (usec): min=18, max=1983.5k, avg=1198.45, stdev=17891.34
     lat (usec): min=149, max=1983.6k, avg=1574.16, stdev=20632.41
    clat percentiles (usec):
     |  1.00th=[   408],  5.00th=[   412], 10.00th=[   416], 20.00th=[   420],
     | 30.00th=[   424], 40.00th=[   429], 50.00th=[   445], 60.00th=[   457],
     | 70.00th=[   474], 80.00th=[   490], 90.00th=[   529], 95.00th=[   545],
     | 99.00th=[   644], 99.50th=[   799], 99.90th=[304088], 99.95th=[383779],
     | 99.99th=[633340]
   bw (  KiB/s): min=   16, max=1774120, per=89.70%, avg=72114.37, stdev=9716.15, samples=754373
   iops        : min=    2, max= 7240, avg=2619.44, stdev=3059.77, samples=576
  lat (usec)   : 20=0.01%, 50=0.01%, 250=0.01%, 500=83.22%, 750=16.20%
  lat (usec)   : 1000=0.20%
  lat (msec)   : 2=0.04%, 4=0.01%, 10=0.01%, 20=0.02%, 50=0.03%
  lat (msec)   : 100=0.04%, 250=0.09%, 500=0.11%, 750=0.02%, 1000=0.01%
  lat (msec)   : 2000=0.01%
  cpu          : usr=3.57%, sys=37.18%, ctx=1284, majf=0, minf=5944
  IO depths    : 1=0.1%, 2=0.1%, 4=100.0%, 8=0.0%, 16=0.0%, 32=0.0%, >=64=0.0%
     submit    : 0=0.0%, 4=100.0%, 8=0.0%, 16=0.0%, 32=0.0%, 64=0.0%, >=64=0.0%
     complete  : 0=0.0%, 4=100.0%, 8=0.0%, 16=0.0%, 32=0.0%, 64=0.0%, >=64=0.0%
     issued rwts: total=0,754373,0,0 short=0,0,0,0 dropped=0,0,0,0
     latency   : target=0, window=0, percentile=100.00%, depth=4

Run status group 0 (all jobs):
  WRITE: bw=78.5MiB/s (82.3MB/s), 78.5MiB/s-78.5MiB/s (82.3MB/s-82.3MB/s), io=23.0GiB (24.7GB), run=300263-300263msec

random-writers: (groupid=0, jobs=1): err= 0: pid=166792: Tue Jul 20 22:15:43 2021
  write: IOPS=2839, BW=88.7MiB/s (93.0MB/s)(26.0GiB/300200msec); 0 zone resets
    slat (usec): min=93, max=1780.2k, avg=325.38, stdev=7549.39
    clat (usec): min=15, max=1780.7k, avg=1061.10, stdev=13960.55
     lat (usec): min=148, max=1780.9k, avg=1387.64, stdev=16003.44
    clat percentiles (usec):
     |  1.00th=[   412],  5.00th=[   420], 10.00th=[   424], 20.00th=[   433],
     | 30.00th=[   453], 40.00th=[   465], 50.00th=[   478], 60.00th=[   494],
     | 70.00th=[   515], 80.00th=[   529], 90.00th=[   553], 95.00th=[   578],
     | 99.00th=[   652], 99.50th=[   832], 99.90th=[217056], 99.95th=[316670],
     | 99.99th=[530580]
   bw (  KiB/s): min=   18, max=2104560, per=74.84%, avg=67993.57, stdev=9917.03, samples=852277
   iops        : min=    2, max= 7062, avg=2913.64, stdev=2535.32, samples=585
  lat (usec)   : 20=0.01%, 50=0.01%, 250=0.01%, 500=63.18%, 750=36.23%
  lat (usec)   : 1000=0.19%
  lat (msec)   : 2=0.03%, 4=0.02%, 10=0.02%, 20=0.04%, 50=0.05%
  lat (msec)   : 100=0.05%, 250=0.11%, 500=0.07%, 750=0.01%, 1000=0.01%
  lat (msec)   : 2000=0.01%
  cpu          : usr=4.08%, sys=45.56%, ctx=1363, majf=0, minf=6709
  IO depths    : 1=0.1%, 2=0.1%, 4=100.0%, 8=0.0%, 16=0.0%, 32=0.0%, >=64=0.0%
     submit    : 0=0.0%, 4=100.0%, 8=0.0%, 16=0.0%, 32=0.0%, 64=0.0%, >=64=0.0%
     complete  : 0=0.0%, 4=100.0%, 8=0.0%, 16=0.0%, 32=0.0%, 64=0.0%, >=64=0.0%
     issued rwts: total=0,852277,0,0 short=0,0,0,0 dropped=0,0,0,0
     latency   : target=0, window=0, percentile=100.00%, depth=4

Run status group 0 (all jobs):
  WRITE: bw=88.7MiB/s (93.0MB/s), 88.7MiB/s-88.7MiB/s (93.0MB/s-93.0MB/s), io=26.0GiB (27.9GB), run=300200-300200msec

random-writers: (groupid=0, jobs=1): err= 0: pid=153002: Tue Jul 20 22:15:43 2021
  write: IOPS=3438, BW=107MiB/s (113MB/s)(31.5GiB/300001msec); 0 zone resets
    slat (usec): min=94, max=520615, avg=264.17, stdev=4834.87
    clat (usec): min=12, max=816851, avg=876.80, stdev=9587.27
     lat (usec): min=151, max=817041, avg=1142.12, stdev=10769.53
    clat percentiles (usec):
     |  1.00th=[   408],  5.00th=[   416], 10.00th=[   420], 20.00th=[   429],
     | 30.00th=[   437], 40.00th=[   457], 50.00th=[   474], 60.00th=[   486],
     | 70.00th=[   502], 80.00th=[   523], 90.00th=[   545], 95.00th=[   570],
     | 99.00th=[   644], 99.50th=[   799], 99.90th=[164627], 99.95th=[229639],
     | 99.99th=[408945]
   bw (  KiB/s): min=   40, max=2728393, per=62.93%, avg=69249.09, stdev=9755.33, samples=1031643
   iops        : min=   12, max= 7304, avg=3450.16, stdev=2381.28, samples=597
  lat (usec)   : 20=0.01%, 50=0.01%, 250=0.01%, 500=69.70%, 750=29.74%
  lat (usec)   : 1000=0.18%
  lat (msec)   : 2=0.04%, 4=0.01%, 10=0.03%, 20=0.03%, 50=0.06%
  lat (msec)   : 100=0.04%, 250=0.12%, 500=0.04%, 750=0.01%, 1000=0.01%
  cpu          : usr=4.93%, sys=54.24%, ctx=1606, majf=0, minf=8110
  IO depths    : 1=0.1%, 2=0.1%, 4=100.0%, 8=0.0%, 16=0.0%, 32=0.0%, >=64=0.0%
     submit    : 0=0.0%, 4=100.0%, 8=0.0%, 16=0.0%, 32=0.0%, 64=0.0%, >=64=0.0%
     complete  : 0=0.0%, 4=100.0%, 8=0.0%, 16=0.0%, 32=0.0%, 64=0.0%, >=64=0.0%
     issued rwts: total=0,1031643,0,0 short=0,0,0,0 dropped=0,0,0,0
     latency   : target=0, window=0, percentile=100.00%, depth=4

Run status group 0 (all jobs):
  WRITE: bw=107MiB/s (113MB/s), 107MiB/s-107MiB/s (113MB/s-113MB/s), io=31.5GiB (33.8GB), run=300001-300001msec

random-writers: (groupid=0, jobs=1): err= 0: pid=152375: Tue Jul 20 22:15:43 2021
  write: IOPS=3495, BW=109MiB/s (115MB/s)(32.0GiB/300019msec); 0 zone resets
    slat (usec): min=93, max=906781, avg=262.90, stdev=5431.18
    clat (usec): min=18, max=907190, avg=862.58, stdev=10128.77
     lat (usec): min=147, max=907329, avg=1126.61, stdev=11606.23
    clat percentiles (usec):
     |  1.00th=[   408],  5.00th=[   416], 10.00th=[   420], 20.00th=[   424],
     | 30.00th=[   424], 40.00th=[   429], 50.00th=[   433], 60.00th=[   445],
     | 70.00th=[   469], 80.00th=[   482], 90.00th=[   515], 95.00th=[   537],
     | 99.00th=[   611], 99.50th=[   766], 99.90th=[166724], 99.95th=[244319],
     | 99.99th=[392168]
   bw (  KiB/s): min=   36, max=1765517, per=65.07%, avg=72792.34, stdev=8718.39, samples=1048778
   iops        : min=   10, max= 7236, avg=3542.84, stdev=3135.56, samples=592
  lat (usec)   : 20=0.01%, 50=0.01%, 100=0.01%, 250=0.01%, 500=87.47%
  lat (usec)   : 750=12.01%, 1000=0.19%
  lat (msec)   : 2=0.04%, 4=0.01%, 10=0.02%, 20=0.02%, 50=0.04%
  lat (msec)   : 100=0.04%, 250=0.12%, 500=0.04%, 750=0.01%, 1000=0.01%
  cpu          : usr=4.81%, sys=51.24%, ctx=1730, majf=0, minf=8245
  IO depths    : 1=0.1%, 2=0.1%, 4=100.0%, 8=0.0%, 16=0.0%, 32=0.0%, >=64=0.0%
     submit    : 0=0.0%, 4=100.0%, 8=0.0%, 16=0.0%, 32=0.0%, 64=0.0%, >=64=0.0%
     complete  : 0=0.0%, 4=100.0%, 8=0.0%, 16=0.0%, 32=0.0%, 64=0.0%, >=64=0.0%
     issued rwts: total=0,1048778,0,0 short=0,0,0,0 dropped=0,0,0,0
     latency   : target=0, window=0, percentile=100.00%, depth=4

Run status group 0 (all jobs):
  WRITE: bw=109MiB/s (115MB/s), 109MiB/s-109MiB/s (115MB/s-115MB/s), io=32.0GiB (34.4GB), run=300019-300019msec

random-writers: (groupid=0, jobs=1): err= 0: pid=167314: Tue Jul 20 22:15:43 2021
  write: IOPS=1416, BW=44.3MiB/s (46.4MB/s)(13.0GiB/300947msec); 0 zone resets
    slat (usec): min=92, max=2915.5k, avg=682.28, stdev=20807.92
    clat (usec): min=18, max=2915.9k, avg=2122.38, stdev=36762.24
     lat (usec): min=155, max=2916.1k, avg=2805.79, stdev=42662.75
    clat percentiles (usec):
     |  1.00th=[    408],  5.00th=[    412], 10.00th=[    416],
     | 20.00th=[    424], 30.00th=[    429], 40.00th=[    449],
     | 50.00th=[    457], 60.00th=[    469], 70.00th=[    486],
     | 80.00th=[    510], 90.00th=[    537], 95.00th=[    553],
     | 99.00th=[    611], 99.50th=[    791], 99.90th=[ 633340],
     | 99.95th=[ 859833], 99.99th=[1317012]
   bw (  KiB/s): min=   11, max=1762668, per=100.00%, avg=70603.56, stdev=10722.65, samples=426253
   iops        : min=    2, max= 7252, avg=1825.64, stdev=2489.63, samples=467
  lat (usec)   : 20=0.01%, 50=0.01%, 250=0.01%, 500=76.23%, 750=23.24%
  lat (usec)   : 1000=0.06%
  lat (msec)   : 2=0.02%, 4=0.02%, 10=0.01%, 20=0.02%, 50=0.05%
  lat (msec)   : 100=0.05%, 250=0.06%, 500=0.09%, 750=0.07%, 1000=0.03%
  lat (msec)   : 2000=0.03%, >=2000=0.01%
  cpu          : usr=1.98%, sys=21.48%, ctx=846, majf=0, minf=3380
  IO depths    : 1=0.1%, 2=0.1%, 4=100.0%, 8=0.0%, 16=0.0%, 32=0.0%, >=64=0.0%
     submit    : 0=0.0%, 4=100.0%, 8=0.0%, 16=0.0%, 32=0.0%, 64=0.0%, >=64=0.0%
     complete  : 0=0.0%, 4=100.0%, 8=0.0%, 16=0.0%, 32=0.0%, 64=0.0%, >=64=0.0%
     issued rwts: total=0,426253,0,0 short=0,0,0,0 dropped=0,0,0,0
     latency   : target=0, window=0, percentile=100.00%, depth=4

Run status group 0 (all jobs):
  WRITE: bw=44.3MiB/s (46.4MB/s), 44.3MiB/s-44.3MiB/s (46.4MB/s-46.4MB/s), io=13.0GiB (14.0GB), run=300947-300947msec

random-writers: (groupid=0, jobs=1): err= 0: pid=151304: Tue Jul 20 22:15:46 2021
  write: IOPS=1402, BW=43.8MiB/s (46.0MB/s)(13.0GiB/303786msec); 0 zone resets
    slat (usec): min=92, max=3974.3k, avg=688.01, stdev=20659.86
    clat (usec): min=18, max=3974.7k, avg=2143.64, stdev=36499.26
     lat (usec): min=154, max=3974.9k, avg=2832.80, stdev=42435.83
    clat percentiles (usec):
     |  1.00th=[    408],  5.00th=[    416], 10.00th=[    416],
     | 20.00th=[    424], 30.00th=[    445], 40.00th=[    457],
     | 50.00th=[    474], 60.00th=[    486], 70.00th=[    506],
     | 80.00th=[    529], 90.00th=[    545], 95.00th=[    570],
     | 99.00th=[    660], 99.50th=[   1844], 99.90th=[ 583009],
     | 99.95th=[ 809501], 99.99th=[1417675]
   bw (  KiB/s): min=    8, max=1745764, per=100.00%, avg=68987.47, stdev=11105.86, samples=426005
   iops        : min=    2, max= 7286, avg=1764.04, stdev=2386.51, samples=483
  lat (usec)   : 20=0.01%, 50=0.01%, 250=0.01%, 500=66.82%, 750=32.46%
  lat (usec)   : 1000=0.19%
  lat (msec)   : 2=0.03%, 4=0.02%, 10=0.03%, 20=0.03%, 50=0.06%
  lat (msec)   : 100=0.06%, 250=0.08%, 500=0.10%, 750=0.07%, 1000=0.03%
  lat (msec)   : 2000=0.02%, >=2000=0.01%
  cpu          : usr=1.89%, sys=22.08%, ctx=936, majf=0, minf=3378
  IO depths    : 1=0.1%, 2=0.1%, 4=100.0%, 8=0.0%, 16=0.0%, 32=0.0%, >=64=0.0%
     submit    : 0=0.0%, 4=100.0%, 8=0.0%, 16=0.0%, 32=0.0%, 64=0.0%, >=64=0.0%
     complete  : 0=0.0%, 4=100.0%, 8=0.0%, 16=0.0%, 32=0.0%, 64=0.0%, >=64=0.0%
     issued rwts: total=0,426005,0,0 short=0,0,0,0 dropped=0,0,0,0
     latency   : target=0, window=0, percentile=100.00%, depth=4

Run status group 0 (all jobs):
  WRITE: bw=43.8MiB/s (46.0MB/s), 43.8MiB/s-43.8MiB/s (46.0MB/s-46.0MB/s), io=13.0GiB (14.0GB), run=303786-303786msec


Batch Job Summary Report (version 21.01.1) for Job "fioRandWrite" (1471089) on tave

Job information (1/2)
-----------------------------------------------------------------------------------------------------
             Submit            Eligible               Start                 End    Elapsed Time limit
------------------- ------------------- ------------------- ------------------- ---------- ----------
2021-07-20T22:10:38 2021-07-20T22:10:38 2021-07-20T22:10:38 2021-07-20T22:15:55   00:05:17   00:15:00
-----------------------------------------------------------------------------------------------------

Job information (2/2)
-------------------------------------------------------------
    Username      Account    Partition   NNodes        Energy
------------ ------------ ------------ -------- -------------
    afilipci         g138       normal       32   1275.695 kJ

