srun: First task exited 30s ago
srun: StepId=1471338.0 tasks 26-27,32-63: running
srun: StepId=1471338.0 tasks 0-25,28-31: exited
srun: launch/slurm: _step_signal: Terminating StepId=1471338.0
srun: Job step aborted: Waiting up to 32 seconds for job step to finish.
srun: error: nid00169: task 61: Killed
srun: launch/slurm: _step_signal: Terminating StepId=1471338.0
srun: error: nid00138: task 38: Killed
srun: error: nid00156: task 48: Killed
srun: error: nid00163: task 55: Killed
srun: error: nid00166: task 58: Killed
srun: error: nid00164: task 56: Killed
srun: error: nid00161: task 53: Killed
srun: error: nid00148: task 40: Killed
srun: error: nid00132: task 32: Killed
srun: error: nid00137: task 37: Killed
srun: error: nid00165: task 57: Killed
srun: error: nid00159: task 51: Killed
srun: error: nid00135: task 35: Killed
srun: error: nid00153: task 45: Killed
srun: error: nid00151: task 43: Killed
srun: error: nid00171: task 63: Killed
srun: error: nid00158: task 50: Killed
srun: error: nid00150: task 42: Killed
srun: error: nid00160: task 52: Killed
srun: error: nid00152: task 44: Killed
srun: error: nid00139: task 39: Killed
srun: error: nid00133: task 33: Killed
srun: error: nid00134: task 34: Killed
srun: error: nid00168: task 60: Killed
srun: error: nid00162: task 54: Killed
srun: error: nid00155: task 47: Killed
srun: error: nid00154: task 46: Killed
srun: error: nid00170: task 62: Killed
srun: error: nid00136: task 36: Killed
srun: error: nid00167: task 59: Killed
srun: error: nid00157: task 49: Killed
srun: error: nid00127: task 27: Killed
srun: error: nid00149: task 41: Killed
