random-readers: (g=0): rw=randread, bs=(R) 32.0KiB-32.0KiB, (W) 32.0KiB-32.0KiB, (T) 32.0KiB-32.0KiB, ioengine=libaio, iodepth=4
fio-3.27-32-g77c7-dirty
Starting 1 process
random-readers: (g=0): rw=randread, bs=(R) 32.0KiB-32.0KiB, (W) 32.0KiB-32.0KiB, (T) 32.0KiB-32.0KiB, ioengine=libaio, iodepth=4
fio-3.27-32-g77c7-dirty
Starting 1 process
random-readers: (g=0): rw=randread, bs=(R) 32.0KiB-32.0KiB, (W) 32.0KiB-32.0KiB, (T) 32.0KiB-32.0KiB, ioengine=libaio, iodepth=4
fio-3.27-32-g77c7-dirty
Starting 1 process
random-readers: (g=0): rw=randread, bs=(R) 32.0KiB-32.0KiB, (W) 32.0KiB-32.0KiB, (T) 32.0KiB-32.0KiB, ioengine=libaio, iodepth=4
fio-3.27-32-g77c7-dirty
Starting 1 process
random-readers: (g=0): rw=randread, bs=(R) 32.0KiB-32.0KiB, (W) 32.0KiB-32.0KiB, (T) 32.0KiB-32.0KiB, ioengine=libaio, iodepth=4
fio-3.27-32-g77c7-dirty
Starting 1 process
random-readers: (g=0): rw=randread, bs=(R) 32.0KiB-32.0KiB, (W) 32.0KiB-32.0KiB, (T) 32.0KiB-32.0KiB, ioengine=libaio, iodepth=4
fio-3.27-32-g77c7-dirty
Starting 1 process
random-readers: (g=0): rw=randread, bs=(R) 32.0KiB-32.0KiB, (W) 32.0KiB-32.0KiB, (T) 32.0KiB-32.0KiB, ioengine=libaio, iodepth=4
fio-3.27-32-g77c7-dirty
Starting 1 process
random-readers: (g=0): rw=randread, bs=(R) 32.0KiB-32.0KiB, (W) 32.0KiB-32.0KiB, (T) 32.0KiB-32.0KiB, ioengine=libaio, iodepth=4
fio-3.27-32-g77c7-dirty
Starting 1 process
random-readers: (g=0): rw=randread, bs=(R) 32.0KiB-32.0KiB, (W) 32.0KiB-32.0KiB, (T) 32.0KiB-32.0KiB, ioengine=libaio, iodepth=4
fio-3.27-32-g77c7-dirty
Starting 1 process
random-readers: (g=0): rw=randread, bs=(R) 32.0KiB-32.0KiB, (W) 32.0KiB-32.0KiB, (T) 32.0KiB-32.0KiB, ioengine=libaio, iodepth=4
fio-3.27-32-g77c7-dirty
Starting 1 process
random-readers: (g=0): rw=randread, bs=(R) 32.0KiB-32.0KiB, (W) 32.0KiB-32.0KiB, (T) 32.0KiB-32.0KiB, ioengine=libaio, iodepth=4
fio-3.27-32-g77c7-dirty
Starting 1 process
random-readers: (g=0): rw=randread, bs=(R) 32.0KiB-32.0KiB, (W) 32.0KiB-32.0KiB, (T) 32.0KiB-32.0KiB, ioengine=libaio, iodepth=4
fio-3.27-32-g77c7-dirty
Starting 1 process
random-readers: (g=0): rw=randread, bs=(R) 32.0KiB-32.0KiB, (W) 32.0KiB-32.0KiB, (T) 32.0KiB-32.0KiB, ioengine=libaio, iodepth=4
fio-3.27-32-g77c7-dirty
Starting 1 process
random-readers: (g=0): rw=randread, bs=(R) 32.0KiB-32.0KiB, (W) 32.0KiB-32.0KiB, (T) 32.0KiB-32.0KiB, ioengine=libaio, iodepth=4
fio-3.27-32-g77c7-dirty
Starting 1 process
random-readers: (g=0): rw=randread, bs=(R) 32.0KiB-32.0KiB, (W) 32.0KiB-32.0KiB, (T) 32.0KiB-32.0KiB, ioengine=libaio, iodepth=4
fio-3.27-32-g77c7-dirty
Starting 1 process
random-readers: (g=0): rw=randread, bs=(R) 32.0KiB-32.0KiB, (W) 32.0KiB-32.0KiB, (T) 32.0KiB-32.0KiB, ioengine=libaio, iodepth=4
fio-3.27-32-g77c7-dirty
Starting 1 process

random-readers: (groupid=0, jobs=1): err= 0: pid=168128: Fri Jul 16 14:26:26 2021
  read: IOPS=1055, BW=33.0MiB/s (34.6MB/s)(9897MiB/300001msec)
    slat (usec): min=21, max=51822, avg=904.47, stdev=730.51
    clat (usec): min=11, max=926850, avg=2847.38, stdev=8595.91
     lat (usec): min=122, max=927730, avg=3753.78, stdev=8648.88
    clat percentiles (usec):
     |  1.00th=[ 2114],  5.00th=[ 2180], 10.00th=[ 2212], 20.00th=[ 2278],
     | 30.00th=[ 2343], 40.00th=[ 2409], 50.00th=[ 2507], 60.00th=[ 2606],
     | 70.00th=[ 2737], 80.00th=[ 2868], 90.00th=[ 3064], 95.00th=[ 3326],
     | 99.00th=[10421], 99.50th=[11731], 99.90th=[18744], 99.95th=[22152],
     | 99.99th=[53740]
   bw (  KiB/s): min= 2784, max=39879, per=100.00%, avg=33784.70, stdev=6838.77, samples=299
   iops        : min=   20, max= 1314, avg=1070.25, stdev=194.11, samples=591
  lat (usec)   : 20=0.01%, 100=0.01%, 250=0.04%, 750=0.01%, 1000=0.03%
  lat (msec)   : 2=0.10%, 4=96.66%, 10=2.04%, 20=1.05%, 50=0.06%
  lat (msec)   : 100=0.01%, 1000=0.01%
  cpu          : usr=2.33%, sys=23.76%, ctx=316871, majf=0, minf=70
  IO depths    : 1=0.1%, 2=0.1%, 4=100.0%, 8=0.0%, 16=0.0%, 32=0.0%, >=64=0.0%
     submit    : 0=0.0%, 4=100.0%, 8=0.0%, 16=0.0%, 32=0.0%, 64=0.0%, >=64=0.0%
     complete  : 0=0.0%, 4=100.0%, 8=0.0%, 16=0.0%, 32=0.0%, 64=0.0%, >=64=0.0%
     issued rwts: total=316699,0,0,0 short=0,0,0,0 dropped=0,0,0,0
     latency   : target=0, window=0, percentile=100.00%, depth=4

Run status group 0 (all jobs):
   READ: bw=33.0MiB/s (34.6MB/s), 33.0MiB/s-33.0MiB/s (34.6MB/s-34.6MB/s), io=9897MiB (10.4GB), run=300001-300001msec

random-readers: (groupid=0, jobs=1): err= 0: pid=150908: Fri Jul 16 14:26:26 2021
  read: IOPS=1030, BW=32.2MiB/s (33.8MB/s)(9664MiB/300001msec)
    slat (usec): min=21, max=33515, avg=922.00, stdev=398.78
    clat (usec): min=10, max=933754, avg=2917.78, stdev=8671.48
     lat (usec): min=118, max=934516, avg=3842.37, stdev=8684.36
    clat percentiles (usec):
     |  1.00th=[ 2147],  5.00th=[ 2212], 10.00th=[ 2311], 20.00th=[ 2409],
     | 30.00th=[ 2540], 40.00th=[ 2671], 50.00th=[ 2802], 60.00th=[ 2900],
     | 70.00th=[ 2999], 80.00th=[ 3097], 90.00th=[ 3294], 95.00th=[ 3458],
     | 99.00th=[ 4015], 99.50th=[ 7570], 99.90th=[12518], 99.95th=[16581],
     | 99.99th=[36963]
   bw (  KiB/s): min= 3200, max=40896, per=100.00%, avg=32986.89, stdev=5588.43, samples=299
   iops        : min=   48, max= 1284, avg=1043.27, stdev=153.32, samples=592
  lat (usec)   : 20=0.01%, 100=0.01%, 250=0.04%, 1000=0.02%
  lat (msec)   : 2=0.08%, 4=98.84%, 10=0.71%, 20=0.27%, 50=0.02%
  lat (msec)   : 100=0.01%, 1000=0.01%
  cpu          : usr=3.02%, sys=27.51%, ctx=309352, majf=0, minf=70
  IO depths    : 1=0.1%, 2=0.1%, 4=100.0%, 8=0.0%, 16=0.0%, 32=0.0%, >=64=0.0%
     submit    : 0=0.0%, 4=100.0%, 8=0.0%, 16=0.0%, 32=0.0%, 64=0.0%, >=64=0.0%
     complete  : 0=0.0%, 4=100.0%, 8=0.0%, 16=0.0%, 32=0.0%, 64=0.0%, >=64=0.0%
     issued rwts: total=309250,0,0,0 short=0,0,0,0 dropped=0,0,0,0
     latency   : target=0, window=0, percentile=100.00%, depth=4

Run status group 0 (all jobs):
   READ: bw=32.2MiB/s (33.8MB/s), 32.2MiB/s-32.2MiB/s (33.8MB/s-33.8MB/s), io=9664MiB (10.1GB), run=300001-300001msec

random-readers: (groupid=0, jobs=1): err= 0: pid=218821: Fri Jul 16 14:26:26 2021
  read: IOPS=1082, BW=33.8MiB/s (35.5MB/s)(9.91GiB/300001msec)
    slat (usec): min=22, max=32958, avg=882.50, stdev=450.15
    clat (usec): min=10, max=927402, avg=2777.05, stdev=8409.40
     lat (usec): min=125, max=928139, avg=3661.31, stdev=8423.40
    clat percentiles (usec):
     |  1.00th=[ 2147],  5.00th=[ 2212], 10.00th=[ 2245], 20.00th=[ 2343],
     | 30.00th=[ 2409], 40.00th=[ 2474], 50.00th=[ 2573], 60.00th=[ 2671],
     | 70.00th=[ 2769], 80.00th=[ 2900], 90.00th=[ 3097], 95.00th=[ 3294],
     | 99.00th=[ 5800], 99.50th=[ 7373], 99.90th=[12911], 99.95th=[18744],
     | 99.99th=[34866]
   bw (  KiB/s): min= 3587, max=40136, per=100.00%, avg=34661.38, stdev=5477.62, samples=299
   iops        : min=   28, max= 1264, avg=1095.84, stdev=151.20, samples=592
  lat (usec)   : 20=0.01%, 250=0.04%, 1000=0.03%
  lat (msec)   : 2=0.09%, 4=98.07%, 10=1.49%, 20=0.25%, 50=0.03%
  lat (msec)   : 1000=0.01%

random-readers: (groupid=0, jobs=1): err= 0: pid=179851: Fri Jul 16 14:26:26 2021
  read: IOPS=253, BW=8097KiB/s (8292kB/s)(2372MiB/300001msec)
    slat (usec): min=21, max=444561, avg=3906.98, stdev=3849.25
    clat (usec): min=25, max=951639, avg=11861.53, stdev=10676.88
     lat (usec): min=119, max=951666, avg=15771.01, stdev=11411.67
    clat percentiles (msec):
     |  1.00th=[    3],  5.00th=[    3], 10.00th=[    4], 20.00th=[    7],
     | 30.00th=[    9], 40.00th=[   10], 50.00th=[   12], 60.00th=[   13],
     | 70.00th=[   15], 80.00th=[   17], 90.00th=[   20], 95.00th=[   23],
     | 99.00th=[   29], 99.50th=[   32], 99.90th=[   50], 99.95th=[   59],
     | 99.99th=[  456]
   bw (  KiB/s): min= 2114, max=15759, per=100.00%, avg=8106.04, stdev=1311.66, samples=299
   iops        : min=  112, max=  541, avg=253.96, stdev=42.16, samples=597
  lat (usec)   : 50=0.01%, 100=0.01%, 250=0.02%, 1000=0.01%
  lat (msec)   : 2=0.03%, 4=12.15%, 10=28.69%, 20=49.69%, 50=9.31%
  cpu          : usr=2.09%, sys=24.04%, ctx=324841, majf=0, minf=70
  IO depths    : 1=0.1%, 2=0.1%, 4=100.0%, 8=0.0%, 16=0.0%, 32=0.0%, >=64=0.0%
     submit    : 0=0.0%, 4=100.0%, 8=0.0%, 16=0.0%, 32=0.0%, 64=0.0%, >=64=0.0%
     complete  : 0=0.0%, 4=100.0%, 8=0.0%, 16=0.0%, 32=0.0%, 64=0.0%, >=64=0.0%
     issued rwts: total=324746,0,0,0 short=0,0,0,0 dropped=0,0,0,0
     latency   : target=0, window=0, percentile=100.00%, depth=4

Run status group 0 (all jobs):
   READ: bw=33.8MiB/s (35.5MB/s), 33.8MiB/s-33.8MiB/s (35.5MB/s-35.5MB/s), io=9.91GiB (10.6GB), run=300001-300001msec
  lat (msec)   : 100=0.08%, 500=0.01%, 1000=0.01%
  cpu          : usr=0.59%, sys=6.43%, ctx=75969, majf=0, minf=70
  IO depths    : 1=0.1%, 2=0.1%, 4=100.0%, 8=0.0%, 16=0.0%, 32=0.0%, >=64=0.0%
     submit    : 0=0.0%, 4=100.0%, 8=0.0%, 16=0.0%, 32=0.0%, 64=0.0%, >=64=0.0%
     complete  : 0=0.0%, 4=100.0%, 8=0.0%, 16=0.0%, 32=0.0%, 64=0.0%, >=64=0.0%
     issued rwts: total=75913,0,0,0 short=0,0,0,0 dropped=0,0,0,0
     latency   : target=0, window=0, percentile=100.00%, depth=4

Run status group 0 (all jobs):
   READ: bw=8097KiB/s (8292kB/s), 8097KiB/s-8097KiB/s (8292kB/s-8292kB/s), io=2372MiB (2488MB), run=300001-300001msec

random-readers: (groupid=0, jobs=1): err= 0: pid=127914: Fri Jul 16 14:26:26 2021
  read: IOPS=1130, BW=35.3MiB/s (37.0MB/s)(10.4GiB/300001msec)
    slat (usec): min=22, max=32318, avg=841.35, stdev=403.60
    clat (usec): min=24, max=927629, avg=2659.18, stdev=8689.35
     lat (usec): min=124, max=928461, avg=3502.38, stdev=8701.24
    clat percentiles (usec):
     |  1.00th=[ 2114],  5.00th=[ 2180], 10.00th=[ 2212], 20.00th=[ 2278],
     | 30.00th=[ 2311], 40.00th=[ 2376], 50.00th=[ 2442], 60.00th=[ 2540],
     | 70.00th=[ 2638], 80.00th=[ 2769], 90.00th=[ 2966], 95.00th=[ 3163],
     | 99.00th=[ 4752], 99.50th=[ 6980], 99.90th=[12387], 99.95th=[16909],
     | 99.99th=[36439]
   bw (  KiB/s): min= 4096, max=40744, per=100.00%, avg=36194.28, stdev=5945.86, samples=299
   iops        : min=   42, max= 1302, avg=1148.42, stdev=145.90, samples=590
  lat (usec)   : 50=0.01%, 250=0.04%, 1000=0.04%
  lat (msec)   : 2=0.10%, 4=98.61%, 10=0.96%, 20=0.23%, 50=0.02%
  lat (msec)   : 1000=0.01%
  cpu          : usr=2.35%, sys=25.14%, ctx=339252, majf=0, minf=70
  IO depths    : 1=0.1%, 2=0.1%, 4=100.0%, 8=0.0%, 16=0.0%, 32=0.0%, >=64=0.0%
     submit    : 0=0.0%, 4=100.0%, 8=0.0%, 16=0.0%, 32=0.0%, 64=0.0%, >=64=0.0%
     complete  : 0=0.0%, 4=100.0%, 8=0.0%, 16=0.0%, 32=0.0%, 64=0.0%, >=64=0.0%
     issued rwts: total=339172,0,0,0 short=0,0,0,0 dropped=0,0,0,0
     latency   : target=0, window=0, percentile=100.00%, depth=4

Run status group 0 (all jobs):
   READ: bw=35.3MiB/s (37.0MB/s), 35.3MiB/s-35.3MiB/s (37.0MB/s-37.0MB/s), io=10.4GiB (11.1GB), run=300001-300001msec

random-readers: (groupid=0, jobs=1): err= 0: pid=154411: Fri Jul 16 14:26:27 2021
  read: IOPS=1027, BW=32.1MiB/s (33.7MB/s)(9635MiB/300001msec)
    slat (usec): min=21, max=55814, avg=929.72, stdev=640.06
    clat (usec): min=11, max=933370, avg=2924.74, stdev=8732.22
     lat (usec): min=127, max=934223, avg=3856.25, stdev=8759.29
    clat percentiles (usec):
     |  1.00th=[ 2180],  5.00th=[ 2245], 10.00th=[ 2311], 20.00th=[ 2409],
     | 30.00th=[ 2507], 40.00th=[ 2573], 50.00th=[ 2671], 60.00th=[ 2737],
     | 70.00th=[ 2835], 80.00th=[ 2966], 90.00th=[ 3163], 95.00th=[ 3392],
     | 99.00th=[ 9503], 99.50th=[11076], 99.90th=[14484], 99.95th=[18220],
     | 99.99th=[46924]
   bw (  KiB/s): min= 2272, max=37765, per=100.00%, avg=32907.16, stdev=5281.03, samples=300
   iops        : min=    6, max= 1260, avg=1036.92, stdev=160.53, samples=595
  lat (usec)   : 20=0.01%, 250=0.04%, 1000=0.03%
  lat (msec)   : 2=0.10%, 4=96.98%, 10=1.98%, 20=0.84%, 50=0.02%
  lat (msec)   : 100=0.01%, 1000=0.01%

random-readers: (groupid=0, jobs=1): err= 0: pid=143022: Fri Jul 16 14:26:26 2021
  read: IOPS=1025, BW=32.1MiB/s (33.6MB/s)(9617MiB/300001msec)
    slat (usec): min=20, max=44956, avg=930.54, stdev=630.47
    clat (usec): min=11, max=928267, avg=2930.74, stdev=8693.03
     lat (usec): min=117, max=929125, avg=3863.29, stdev=8720.29
    clat percentiles (usec):
     |  1.00th=[ 2147],  5.00th=[ 2212], 10.00th=[ 2278], 20.00th=[ 2343],
     | 30.00th=[ 2442], 40.00th=[ 2540], 50.00th=[ 2638], 60.00th=[ 2769],
     | 70.00th=[ 2900], 80.00th=[ 3032], 90.00th=[ 3294], 95.00th=[ 3589],
     | 99.00th=[ 9503], 99.50th=[11076], 99.90th=[13829], 99.95th=[17695],
     | 99.99th=[44827]
   bw (  KiB/s): min= 2912, max=38880, per=100.00%, avg=32841.44, stdev=5307.20, samples=299
   iops        : min=   24, max= 1266, avg=1036.56, stdev=156.13, samples=593
  lat (usec)   : 20=0.01%, 100=0.01%, 250=0.04%, 1000=0.03%
  lat (msec)   : 2=0.09%, 4=96.83%, 10=2.16%, 20=0.81%, 50=0.02%
  lat (msec)   : 1000=0.01%

random-readers: (groupid=0, jobs=1): err= 0: pid=148338: Fri Jul 16 14:26:26 2021
  read: IOPS=1142, BW=35.7MiB/s (37.4MB/s)(10.5GiB/300001msec)
    slat (usec): min=20, max=38333, avg=833.16, stdev=406.70
    clat (usec): min=11, max=924935, avg=2631.07, stdev=8626.25
     lat (usec): min=117, max=925638, avg=3465.88, stdev=8636.86
    clat percentiles (usec):
     |  1.00th=[ 2114],  5.00th=[ 2180], 10.00th=[ 2212], 20.00th=[ 2278],
     | 30.00th=[ 2311], 40.00th=[ 2376], 50.00th=[ 2442], 60.00th=[ 2507],
     | 70.00th=[ 2606], 80.00th=[ 2704], 90.00th=[ 2868], 95.00th=[ 3032],
     | 99.00th=[ 4555], 99.50th=[ 6915], 99.90th=[12649], 99.95th=[17957],
     | 99.99th=[34341]
   bw (  KiB/s): min= 2720, max=40776, per=100.00%, avg=36584.78, stdev=5766.05, samples=300
   iops        : min=   68, max= 1294, avg=1160.58, stdev=143.12, samples=591
  lat (usec)   : 20=0.01%, 100=0.01%, 250=0.04%, 1000=0.03%
  lat (msec)   : 2=0.10%, 4=98.70%, 10=0.87%, 20=0.22%, 50=0.02%
  lat (msec)   : 1000=0.01%
  cpu          : usr=1.86%, sys=22.88%, ctx=308432, majf=0, minf=70
  IO depths    : 1=0.1%, 2=0.1%, 4=100.0%, 8=0.0%, 16=0.0%, 32=0.0%, >=64=0.0%
     submit    : 0=0.0%, 4=100.0%, 8=0.0%, 16=0.0%, 32=0.0%, 64=0.0%, >=64=0.0%
     complete  : 0=0.0%, 4=100.0%, 8=0.0%, 16=0.0%, 32=0.0%, 64=0.0%, >=64=0.0%
     issued rwts: total=308330,0,0,0 short=0,0,0,0 dropped=0,0,0,0
     latency   : target=0, window=0, percentile=100.00%, depth=4

Run status group 0 (all jobs):
   READ: bw=32.1MiB/s (33.7MB/s), 32.1MiB/s-32.1MiB/s (33.7MB/s-33.7MB/s), io=9635MiB (10.1GB), run=300001-300001msec
  cpu          : usr=2.11%, sys=24.70%, ctx=342837, majf=0, minf=70
  IO depths    : 1=0.1%, 2=0.1%, 4=100.0%, 8=0.0%, 16=0.0%, 32=0.0%, >=64=0.0%
     submit    : 0=0.0%, 4=100.0%, 8=0.0%, 16=0.0%, 32=0.0%, 64=0.0%, >=64=0.0%
     complete  : 0=0.0%, 4=100.0%, 8=0.0%, 16=0.0%, 32=0.0%, 64=0.0%, >=64=0.0%
     issued rwts: total=342796,0,0,0 short=0,0,0,0 dropped=0,0,0,0
     latency   : target=0, window=0, percentile=100.00%, depth=4

Run status group 0 (all jobs):
   READ: bw=35.7MiB/s (37.4MB/s), 35.7MiB/s-35.7MiB/s (37.4MB/s-37.4MB/s), io=10.5GiB (11.2GB), run=300001-300001msec
  cpu          : usr=2.27%, sys=24.26%, ctx=307790, majf=0, minf=70
  IO depths    : 1=0.1%, 2=0.1%, 4=100.0%, 8=0.0%, 16=0.0%, 32=0.0%, >=64=0.0%
     submit    : 0=0.0%, 4=100.0%, 8=0.0%, 16=0.0%, 32=0.0%, 64=0.0%, >=64=0.0%
     complete  : 0=0.0%, 4=100.0%, 8=0.0%, 16=0.0%, 32=0.0%, 64=0.0%, >=64=0.0%
     issued rwts: total=307742,0,0,0 short=0,0,0,0 dropped=0,0,0,0
     latency   : target=0, window=0, percentile=100.00%, depth=4

Run status group 0 (all jobs):
   READ: bw=32.1MiB/s (33.6MB/s), 32.1MiB/s-32.1MiB/s (33.6MB/s-33.6MB/s), io=9617MiB (10.1GB), run=300001-300001msec

random-readers: (groupid=0, jobs=1): err= 0: pid=161456: Fri Jul 16 14:26:27 2021
  read: IOPS=261, BW=8357KiB/s (8558kB/s)(2449MiB/300011msec)
    slat (usec): min=22, max=394925, avg=3786.42, stdev=3759.55
    clat (usec): min=10, max=951298, avg=11492.51, stdev=10471.17
     lat (usec): min=124, max=951324, avg=15281.16, stdev=11176.73
    clat percentiles (msec):
     |  1.00th=[    3],  5.00th=[    3], 10.00th=[    4], 20.00th=[    6],
     | 30.00th=[    8], 40.00th=[   10], 50.00th=[   11], 60.00th=[   13],
     | 70.00th=[   15], 80.00th=[   17], 90.00th=[   20], 95.00th=[   22],
     | 99.00th=[   28], 99.50th=[   32], 99.90th=[   48], 99.95th=[   58],
     | 99.99th=[  405]
   bw (  KiB/s): min= 3427, max=16128, per=100.00%, avg=8361.46, stdev=1227.15, samples=300
   iops        : min=   82, max=  537, avg=262.04, stdev=42.41, samples=598
  lat (usec)   : 20=0.01%, 250=0.03%, 1000=0.01%
  lat (msec)   : 2=0.02%, 4=13.33%, 10=29.72%, 20=48.54%, 50=8.28%
  lat (msec)   : 100=0.06%, 500=0.01%, 1000=0.01%
  cpu          : usr=0.60%, sys=6.35%, ctx=78402, majf=0, minf=70
  IO depths    : 1=0.1%, 2=0.1%, 4=100.0%, 8=0.0%, 16=0.0%, 32=0.0%, >=64=0.0%
     submit    : 0=0.0%, 4=100.0%, 8=0.0%, 16=0.0%, 32=0.0%, 64=0.0%, >=64=0.0%
     complete  : 0=0.0%, 4=100.0%, 8=0.0%, 16=0.0%, 32=0.0%, 64=0.0%, >=64=0.0%
     issued rwts: total=78352,0,0,0 short=0,0,0,0 dropped=0,0,0,0
     latency   : target=0, window=0, percentile=100.00%, depth=4

Run status group 0 (all jobs):
   READ: bw=8357KiB/s (8558kB/s), 8357KiB/s-8357KiB/s (8558kB/s-8558kB/s), io=2449MiB (2567MB), run=300011-300011msec

random-readers: (groupid=0, jobs=1): err= 0: pid=156928: Fri Jul 16 14:26:27 2021
  read: IOPS=258, BW=8279KiB/s (8477kB/s)(2425MiB/300004msec)
    slat (usec): min=20, max=91867, avg=3822.72, stdev=3505.36
    clat (usec): min=14, max=943594, avg=11601.78, stdev=10215.55
     lat (usec): min=118, max=943621, avg=15426.68, stdev=10847.47
    clat percentiles (msec):
     |  1.00th=[    3],  5.00th=[    3], 10.00th=[    4], 20.00th=[    6],
     | 30.00th=[    8], 40.00th=[   10], 50.00th=[   12], 60.00th=[   13],
     | 70.00th=[   15], 80.00th=[   17], 90.00th=[   20], 95.00th=[   23],
     | 99.00th=[   28], 99.50th=[   32], 99.90th=[   48], 99.95th=[   55],
     | 99.99th=[  104]
   bw (  KiB/s): min= 4420, max=15776, per=100.00%, avg=8282.77, stdev=1187.71, samples=300
   iops        : min=   46, max=  530, avg=259.56, stdev=41.25, samples=598
  lat (usec)   : 20=0.01%, 100=0.01%, 250=0.02%
  lat (msec)   : 2=0.03%, 4=12.82%, 10=29.71%, 20=48.73%, 50=8.60%
  lat (msec)   : 100=0.08%, 250=0.01%, 1000=0.01%
  cpu          : usr=0.52%, sys=6.38%, ctx=77665, majf=0, minf=70
  IO depths    : 1=0.1%, 2=0.1%, 4=100.0%, 8=0.0%, 16=0.0%, 32=0.0%, >=64=0.0%
     submit    : 0=0.0%, 4=100.0%, 8=0.0%, 16=0.0%, 32=0.0%, 64=0.0%, >=64=0.0%
     complete  : 0=0.0%, 4=100.0%, 8=0.0%, 16=0.0%, 32=0.0%, 64=0.0%, >=64=0.0%
     issued rwts: total=77612,0,0,0 short=0,0,0,0 dropped=0,0,0,0
     latency   : target=0, window=0, percentile=100.00%, depth=4

Run status group 0 (all jobs):
   READ: bw=8279KiB/s (8477kB/s), 8279KiB/s-8279KiB/s (8477kB/s-8477kB/s), io=2425MiB (2543MB), run=300004-300004msec

random-readers: (groupid=0, jobs=1): err= 0: pid=134288: Fri Jul 16 14:26:27 2021
  read: IOPS=261, BW=8366KiB/s (8567kB/s)(2451MiB/300009msec)
    slat (usec): min=22, max=197793, avg=3782.27, stdev=3578.96
    clat (usec): min=13, max=946849, avg=11480.66, stdev=10258.86
     lat (usec): min=126, max=946875, avg=15265.19, stdev=10897.71
    clat percentiles (msec):
     |  1.00th=[    3],  5.00th=[    3], 10.00th=[    4], 20.00th=[    6],
     | 30.00th=[    8], 40.00th=[   10], 50.00th=[   11], 60.00th=[   13],
     | 70.00th=[   15], 80.00th=[   17], 90.00th=[   20], 95.00th=[   22],
     | 99.00th=[   28], 99.50th=[   31], 99.90th=[   50], 99.95th=[   63],
     | 99.99th=[  203]
   bw (  KiB/s): min= 3875, max=14784, per=100.00%, avg=8371.33, stdev=1150.21, samples=300
   iops        : min=   66, max=  504, avg=262.32, stdev=39.81, samples=598
  lat (usec)   : 20=0.01%, 250=0.03%, 1000=0.01%
  lat (msec)   : 2=0.01%, 4=13.85%, 10=29.57%, 20=48.00%, 50=8.44%
  lat (msec)   : 100=0.08%, 250=0.01%, 1000=0.01%
  cpu          : usr=0.55%, sys=6.40%, ctx=78489, majf=0, minf=70
  IO depths    : 1=0.1%, 2=0.1%, 4=100.0%, 8=0.0%, 16=0.0%, 32=0.0%, >=64=0.0%
     submit    : 0=0.0%, 4=100.0%, 8=0.0%, 16=0.0%, 32=0.0%, 64=0.0%, >=64=0.0%
     complete  : 0=0.0%, 4=100.0%, 8=0.0%, 16=0.0%, 32=0.0%, 64=0.0%, >=64=0.0%
     issued rwts: total=78438,0,0,0 short=0,0,0,0 dropped=0,0,0,0
     latency   : target=0, window=0, percentile=100.00%, depth=4

Run status group 0 (all jobs):
   READ: bw=8366KiB/s (8567kB/s), 8366KiB/s-8366KiB/s (8567kB/s-8567kB/s), io=2451MiB (2570MB), run=300009-300009msec

random-readers: (groupid=0, jobs=1): err= 0: pid=154777: Fri Jul 16 14:26:27 2021
  read: IOPS=454, BW=14.2MiB/s (14.9MB/s)(4259MiB/300008msec)
    slat (usec): min=20, max=71122, avg=2157.14, stdev=2655.56
    clat (usec): min=24, max=942314, avg=6608.98, stdev=9883.80
     lat (usec): min=117, max=942341, avg=8768.03, stdev=10279.53
    clat percentiles (usec):
     |  1.00th=[ 2278],  5.00th=[ 2376], 10.00th=[ 2507], 20.00th=[ 2704],
     | 30.00th=[ 2933], 40.00th=[ 3294], 50.00th=[ 4359], 60.00th=[ 6587],
     | 70.00th=[ 8586], 80.00th=[10552], 90.00th=[12518], 95.00th=[15664],
     | 99.00th=[21103], 99.50th=[23987], 99.90th=[34341], 99.95th=[40633],
     | 99.99th=[72877]
   bw (  KiB/s): min= 1568, max=22134, per=100.00%, avg=14545.88, stdev=2485.71, samples=300
   iops        : min=   98, max=  710, avg=457.42, stdev=77.72, samples=596
  lat (usec)   : 50=0.01%, 100=0.01%, 250=0.06%, 1000=0.01%
  lat (msec)   : 2=0.08%, 4=47.92%, 10=29.15%, 20=21.40%, 50=1.35%
  lat (msec)   : 100=0.02%, 1000=0.01%
  cpu          : usr=0.93%, sys=10.51%, ctx=136282, majf=0, minf=70
  IO depths    : 1=0.1%, 2=0.1%, 4=100.0%, 8=0.0%, 16=0.0%, 32=0.0%, >=64=0.0%
     submit    : 0=0.0%, 4=100.0%, 8=0.0%, 16=0.0%, 32=0.0%, 64=0.0%, >=64=0.0%
     complete  : 0=0.0%, 4=100.0%, 8=0.0%, 16=0.0%, 32=0.0%, 64=0.0%, >=64=0.0%
     issued rwts: total=136295,0,0,0 short=0,0,0,0 dropped=0,0,0,0
     latency   : target=0, window=0, percentile=100.00%, depth=4

Run status group 0 (all jobs):
   READ: bw=14.2MiB/s (14.9MB/s), 14.2MiB/s-14.2MiB/s (14.9MB/s-14.9MB/s), io=4259MiB (4466MB), run=300008-300008msec

random-readers: (groupid=0, jobs=1): err= 0: pid=160538: Fri Jul 16 14:26:27 2021
  read: IOPS=1045, BW=32.7MiB/s (34.3MB/s)(9803MiB/300001msec)
    slat (usec): min=21, max=53503, avg=913.25, stdev=723.29
    clat (usec): min=10, max=933908, avg=2874.80, stdev=8646.66
     lat (usec): min=127, max=934858, avg=3789.89, stdev=8700.43
    clat percentiles (usec):
     |  1.00th=[ 2114],  5.00th=[ 2180], 10.00th=[ 2212], 20.00th=[ 2311],
     | 30.00th=[ 2409], 40.00th=[ 2474], 50.00th=[ 2573], 60.00th=[ 2638],
     | 70.00th=[ 2769], 80.00th=[ 2900], 90.00th=[ 3130], 95.00th=[ 3359],
     | 99.00th=[10290], 99.50th=[11863], 99.90th=[19268], 99.95th=[22676],
     | 99.99th=[55837]
   bw (  KiB/s): min= 4096, max=39943, per=100.00%, avg=33476.39, stdev=6628.29, samples=299
   iops        : min=   36, max= 1268, avg=1058.43, stdev=199.67, samples=592
  lat (usec)   : 20=0.01%, 250=0.04%, 1000=0.03%
  lat (msec)   : 2=0.09%, 4=96.81%, 10=1.90%, 20=1.05%, 50=0.07%
  lat (msec)   : 100=0.01%, 1000=0.01%
  cpu          : usr=1.99%, sys=24.14%, ctx=313730, majf=0, minf=70
  IO depths    : 1=0.1%, 2=0.1%, 4=100.0%, 8=0.0%, 16=0.0%, 32=0.0%, >=64=0.0%
     submit    : 0=0.0%, 4=100.0%, 8=0.0%, 16=0.0%, 32=0.0%, 64=0.0%, >=64=0.0%
     complete  : 0=0.0%, 4=100.0%, 8=0.0%, 16=0.0%, 32=0.0%, 64=0.0%, >=64=0.0%
     issued rwts: total=313689,0,0,0 short=0,0,0,0 dropped=0,0,0,0
     latency   : target=0, window=0, percentile=100.00%, depth=4

Run status group 0 (all jobs):
   READ: bw=32.7MiB/s (34.3MB/s), 32.7MiB/s-32.7MiB/s (34.3MB/s-34.3MB/s), io=9803MiB (10.3GB), run=300001-300001msec

random-readers: (groupid=0, jobs=1): err= 0: pid=159113: Fri Jul 16 14:26:27 2021
  read: IOPS=411, BW=12.9MiB/s (13.5MB/s)(3858MiB/300002msec)
    slat (usec): min=21, max=102820, avg=2390.37, stdev=2817.30
    clat (usec): min=13, max=940125, avg=7296.25, stdev=9338.54
     lat (usec): min=122, max=940148, avg=9688.58, stdev=9819.72
    clat percentiles (usec):
     |  1.00th=[ 2278],  5.00th=[ 2474], 10.00th=[ 2638], 20.00th=[ 2900],
     | 30.00th=[ 3261], 40.00th=[ 3851], 50.00th=[ 5669], 60.00th=[ 7701],
     | 70.00th=[ 9634], 80.00th=[11338], 90.00th=[13698], 95.00th=[16712],
     | 99.00th=[22152], 99.50th=[25297], 99.90th=[35914], 99.95th=[42730],
     | 99.99th=[68682]
   bw (  KiB/s): min= 1696, max=20500, per=100.00%, avg=13176.39, stdev=2322.62, samples=300
   iops        : min=  100, max=  770, avg=413.58, stdev=75.34, samples=597
  lat (usec)   : 20=0.01%, 100=0.01%, 250=0.05%, 1000=0.01%
  lat (msec)   : 2=0.04%, 4=41.39%, 10=31.02%, 20=25.58%, 50=1.89%
  lat (msec)   : 100=0.02%, 250=0.01%, 1000=0.01%
  cpu          : usr=0.83%, sys=9.44%, ctx=123491, majf=0, minf=70
  IO depths    : 1=0.1%, 2=0.1%, 4=100.0%, 8=0.0%, 16=0.0%, 32=0.0%, >=64=0.0%
     submit    : 0=0.0%, 4=100.0%, 8=0.0%, 16=0.0%, 32=0.0%, 64=0.0%, >=64=0.0%
     complete  : 0=0.0%, 4=100.0%, 8=0.0%, 16=0.0%, 32=0.0%, 64=0.0%, >=64=0.0%
     issued rwts: total=123451,0,0,0 short=0,0,0,0 dropped=0,0,0,0
     latency   : target=0, window=0, percentile=100.00%, depth=4

Run status group 0 (all jobs):
   READ: bw=12.9MiB/s (13.5MB/s), 12.9MiB/s-12.9MiB/s (13.5MB/s-13.5MB/s), io=3858MiB (4045MB), run=300002-300002msec

random-readers: (groupid=0, jobs=1): err= 0: pid=153428: Fri Jul 16 14:26:27 2021
  read: IOPS=257, BW=8246KiB/s (8444kB/s)(2416MiB/300003msec)
    slat (usec): min=21, max=419888, avg=3836.96, stdev=3829.71
    clat (usec): min=14, max=963439, avg=11649.15, stdev=10610.59
     lat (usec): min=122, max=963519, avg=15488.48, stdev=11318.64
    clat percentiles (msec):
     |  1.00th=[    3],  5.00th=[    3], 10.00th=[    4], 20.00th=[    6],
     | 30.00th=[    8], 40.00th=[   10], 50.00th=[   12], 60.00th=[   13],
     | 70.00th=[   15], 80.00th=[   17], 90.00th=[   20], 95.00th=[   22],
     | 99.00th=[   29], 99.50th=[   32], 99.90th=[   53], 99.95th=[   62],
     | 99.99th=[  426]
   bw (  KiB/s): min= 1728, max=15904, per=100.00%, avg=8251.42, stdev=1328.29, samples=300
   iops        : min=   94, max=  570, avg=258.53, stdev=43.94, samples=598
  lat (usec)   : 20=0.01%, 100=0.01%, 250=0.02%, 1000=0.01%
  lat (msec)   : 2=0.02%, 4=12.70%, 10=29.52%, 20=49.04%, 50=8.58%
  lat (msec)   : 100=0.10%, 500=0.01%, 1000=0.01%
  cpu          : usr=0.60%, sys=6.47%, ctx=77365, majf=0, minf=70
  IO depths    : 1=0.1%, 2=0.1%, 4=100.0%, 8=0.0%, 16=0.0%, 32=0.0%, >=64=0.0%
     submit    : 0=0.0%, 4=100.0%, 8=0.0%, 16=0.0%, 32=0.0%, 64=0.0%, >=64=0.0%
     complete  : 0=0.0%, 4=100.0%, 8=0.0%, 16=0.0%, 32=0.0%, 64=0.0%, >=64=0.0%
     issued rwts: total=77304,0,0,0 short=0,0,0,0 dropped=0,0,0,0
     latency   : target=0, window=0, percentile=100.00%, depth=4

Run status group 0 (all jobs):
   READ: bw=8246KiB/s (8444kB/s), 8246KiB/s-8246KiB/s (8444kB/s-8444kB/s), io=2416MiB (2533MB), run=300003-300003msec

random-readers: (groupid=0, jobs=1): err= 0: pid=134002: Fri Jul 16 14:26:27 2021
  read: IOPS=423, BW=13.2MiB/s (13.9MB/s)(3970MiB/300001msec)
    slat (usec): min=22, max=64707, avg=2321.86, stdev=2785.28
    clat (usec): min=15, max=936093, avg=7090.37, stdev=9168.14
     lat (usec): min=123, max=936120, avg=9414.33, stdev=9618.29
    clat percentiles (usec):
     |  1.00th=[ 2311],  5.00th=[ 2507], 10.00th=[ 2671], 20.00th=[ 2900],
     | 30.00th=[ 3228], 40.00th=[ 3687], 50.00th=[ 5276], 60.00th=[ 7373],
     | 70.00th=[ 9241], 80.00th=[11076], 90.00th=[13173], 95.00th=[16319],
     | 99.00th=[21365], 99.50th=[24773], 99.90th=[38536], 99.95th=[45876],
     | 99.99th=[66323]
   bw (  KiB/s): min= 1025, max=19840, per=100.00%, avg=13555.43, stdev=2106.59, samples=299
   iops        : min=   64, max=  680, avg=425.56, stdev=65.34, samples=596
  lat (usec)   : 20=0.01%, 100=0.01%, 250=0.04%, 1000=0.01%
  lat (msec)   : 2=0.03%, 4=43.49%, 10=30.27%, 20=24.50%, 50=1.63%
  lat (msec)   : 100=0.03%, 1000=0.01%
  cpu          : usr=0.86%, sys=9.94%, ctx=127101, majf=0, minf=70
  IO depths    : 1=0.1%, 2=0.1%, 4=100.0%, 8=0.0%, 16=0.0%, 32=0.0%, >=64=0.0%
     submit    : 0=0.0%, 4=100.0%, 8=0.0%, 16=0.0%, 32=0.0%, 64=0.0%, >=64=0.0%
     complete  : 0=0.0%, 4=100.0%, 8=0.0%, 16=0.0%, 32=0.0%, 64=0.0%, >=64=0.0%
     issued rwts: total=127047,0,0,0 short=0,0,0,0 dropped=0,0,0,0
     latency   : target=0, window=0, percentile=100.00%, depth=4

Run status group 0 (all jobs):
   READ: bw=13.2MiB/s (13.9MB/s), 13.2MiB/s-13.2MiB/s (13.9MB/s-13.9MB/s), io=3970MiB (4163MB), run=300001-300001msec


Batch Job Summary Report (version 21.01.1) for Job "fioRandRead" (1470918) on tave

Job information (1/2)
-----------------------------------------------------------------------------------------------------
             Submit            Eligible               Start                 End    Elapsed Time limit
------------------- ------------------- ------------------- ------------------- ---------- ----------
2021-07-16T14:21:23 2021-07-16T14:21:23 2021-07-16T14:21:23 2021-07-16T14:26:29   00:05:06   00:15:00
-----------------------------------------------------------------------------------------------------

Job information (2/2)
-------------------------------------------------------------
    Username      Account    Partition   NNodes        Energy
------------ ------------ ------------ -------- -------------
    afilipci         g138       normal       16    629.285 kJ

