random-writers: (g=0): rw=randwrite, bs=(R) 32.0KiB-32.0KiB, (W) 32.0KiB-32.0KiB, (T) 32.0KiB-32.0KiB, ioengine=libaio, iodepth=4
...
fio-3.27-32-g77c7-dirty
Starting 2 processes
random-writers: (g=0): rw=randwrite, bs=(R) 32.0KiB-32.0KiB, (W) 32.0KiB-32.0KiB, (T) 32.0KiB-32.0KiB, ioengine=libaio, iodepth=4
...
fio-3.27-32-g77c7-dirty
Starting 2 processes
random-writers: (g=0): rw=randwrite, bs=(R) 32.0KiB-32.0KiB, (W) 32.0KiB-32.0KiB, (T) 32.0KiB-32.0KiB, ioengine=libaio, iodepth=4
...
fio-3.27-32-g77c7-dirty
Starting 2 processes
random-writers: (g=0): rw=randwrite, bs=(R) 32.0KiB-32.0KiB, (W) 32.0KiB-32.0KiB, (T) 32.0KiB-32.0KiB, ioengine=libaio, iodepth=4
...
fio-3.27-32-g77c7-dirty
Starting 2 processes
random-writers: (g=0): rw=randwrite, bs=(R) 32.0KiB-32.0KiB, (W) 32.0KiB-32.0KiB, (T) 32.0KiB-32.0KiB, ioengine=libaio, iodepth=4
...
fio-3.27-32-g77c7-dirty
Starting 2 processes
random-writers: (g=0): rw=randwrite, bs=(R) 32.0KiB-32.0KiB, (W) 32.0KiB-32.0KiB, (T) 32.0KiB-32.0KiB, ioengine=libaio, iodepth=4
...
fio-3.27-32-g77c7-dirty
Starting 2 processes
random-writers: (g=0): rw=randwrite, bs=(R) 32.0KiB-32.0KiB, (W) 32.0KiB-32.0KiB, (T) 32.0KiB-32.0KiB, ioengine=libaio, iodepth=4
...
fio-3.27-32-g77c7-dirty
Starting 2 processes
random-writers: (g=0): rw=randwrite, bs=(R) 32.0KiB-32.0KiB, (W) 32.0KiB-32.0KiB, (T) 32.0KiB-32.0KiB, ioengine=libaio, iodepth=4
...
fio-3.27-32-g77c7-dirty
Starting 2 processes
random-writers: (g=0): rw=randwrite, bs=(R) 32.0KiB-32.0KiB, (W) 32.0KiB-32.0KiB, (T) 32.0KiB-32.0KiB, ioengine=libaio, iodepth=4
...
fio-3.27-32-g77c7-dirty
Starting 2 processes
random-writers: (g=0): rw=randwrite, bs=(R) 32.0KiB-32.0KiB, (W) 32.0KiB-32.0KiB, (T) 32.0KiB-32.0KiB, ioengine=libaio, iodepth=4
...
fio-3.27-32-g77c7-dirty
Starting 2 processes
random-writers: (g=0): rw=randwrite, bs=(R) 32.0KiB-32.0KiB, (W) 32.0KiB-32.0KiB, (T) 32.0KiB-32.0KiB, ioengine=libaio, iodepth=4
...
fio-3.27-32-g77c7-dirty
Starting 2 processes
random-writers: (g=0): rw=randwrite, bs=(R) 32.0KiB-32.0KiB, (W) 32.0KiB-32.0KiB, (T) 32.0KiB-32.0KiB, ioengine=libaio, iodepth=4
...
fio-3.27-32-g77c7-dirty
Starting 2 processes
random-writers: (g=0): rw=randwrite, bs=(R) 32.0KiB-32.0KiB, (W) 32.0KiB-32.0KiB, (T) 32.0KiB-32.0KiB, ioengine=libaio, iodepth=4
...
fio-3.27-32-g77c7-dirty
Starting 2 processes
random-writers: (g=0): rw=randwrite, bs=(R) 32.0KiB-32.0KiB, (W) 32.0KiB-32.0KiB, (T) 32.0KiB-32.0KiB, ioengine=libaio, iodepth=4
...
fio-3.27-32-g77c7-dirty
Starting 2 processes
random-writers: (g=0): rw=randwrite, bs=(R) 32.0KiB-32.0KiB, (W) 32.0KiB-32.0KiB, (T) 32.0KiB-32.0KiB, ioengine=libaio, iodepth=4
...
fio-3.27-32-g77c7-dirty
Starting 2 processes
random-writers: (g=0): rw=randwrite, bs=(R) 32.0KiB-32.0KiB, (W) 32.0KiB-32.0KiB, (T) 32.0KiB-32.0KiB, ioengine=libaio, iodepth=4
...
fio-3.27-32-g77c7-dirty
Starting 2 processes

random-writers: (groupid=0, jobs=1): err= 0: pid=99572: Tue Jul 20 22:28:36 2021
  write: IOPS=765, BW=23.9MiB/s (25.1MB/s)(7175MiB/300001msec); 0 zone resets
    slat (usec): min=94, max=2005.7k, avg=1268.77, stdev=19768.11
    clat (usec): min=15, max=2006.3k, avg=3924.72, stdev=35310.49
     lat (usec): min=184, max=2006.5k, avg=5194.79, stdev=40458.63
    clat percentiles (usec):
     |  1.00th=[   469],  5.00th=[   506], 10.00th=[   523], 20.00th=[   545],
     | 30.00th=[   553], 40.00th=[   570], 50.00th=[   578], 60.00th=[   594],
     | 70.00th=[   611], 80.00th=[   627], 90.00th=[   660], 95.00th=[   734],
     | 99.00th=[ 98042], 99.50th=[204473], 99.90th=[557843], 99.95th=[692061],
     | 99.99th=[994051]
   bw (  KiB/s): min=   16, max=2054420, per=100.00%, avg=55088.51, stdev=14053.99, samples=229585
   iops        : min=    2, max= 5348, avg=821.19, stdev=622.82, samples=559
  lat (usec)   : 20=0.01%, 50=0.01%, 250=0.01%, 500=3.77%, 750=91.65%
  lat (usec)   : 1000=1.64%
  lat (msec)   : 2=0.37%, 4=0.10%, 10=0.23%, 20=0.28%, 50=0.49%
  lat (msec)   : 100=0.48%, 250=0.59%, 500=0.27%, 750=0.09%, 1000=0.02%
  lat (msec)   : 2000=0.01%, >=2000=0.01%
  cpu          : usr=1.15%, sys=15.65%, ctx=2159, majf=0, minf=1841
  IO depths    : 1=0.1%, 2=0.1%, 4=100.0%, 8=0.0%, 16=0.0%, 32=0.0%, >=64=0.0%
     submit    : 0=0.0%, 4=100.0%, 8=0.0%, 16=0.0%, 32=0.0%, 64=0.0%, >=64=0.0%
     complete  : 0=0.0%, 4=100.0%, 8=0.0%, 16=0.0%, 32=0.0%, 64=0.0%, >=64=0.0%
     issued rwts: total=0,229585,0,0 short=0,0,0,0 dropped=0,0,0,0
     latency   : target=0, window=0, percentile=100.00%, depth=4
random-writers: (groupid=0, jobs=1): err= 0: pid=99573: Tue Jul 20 22:28:36 2021
  write: IOPS=818, BW=25.6MiB/s (26.8MB/s)(7673MiB/300001msec); 0 zone resets
    slat (usec): min=96, max=1842.4k, avg=1184.19, stdev=18655.92
    clat (usec): min=16, max=1843.0k, avg=3664.95, stdev=33163.99
     lat (usec): min=161, max=1843.2k, avg=4850.57, stdev=37974.78
    clat percentiles (usec):
     |  1.00th=[    474],  5.00th=[    510], 10.00th=[    529],
     | 20.00th=[    545], 30.00th=[    562], 40.00th=[    570],
     | 50.00th=[    586], 60.00th=[    603], 70.00th=[    611],
     | 80.00th=[    635], 90.00th=[    685], 95.00th=[    775],
     | 99.00th=[  88605], 99.50th=[ 191890], 99.90th=[ 501220],
     | 99.95th=[ 658506], 99.99th=[1002439]
   bw (  KiB/s): min=   17, max=2044167, per=100.00%, avg=54518.71, stdev=13963.46, samples=245537
   iops        : min=   10, max= 5694, avg=863.45, stdev=764.22, samples=567
  lat (usec)   : 20=0.01%, 50=0.01%, 250=0.01%, 500=3.18%, 750=91.26%
  lat (usec)   : 1000=2.59%
  lat (msec)   : 2=0.58%, 4=0.09%, 10=0.20%, 20=0.27%, 50=0.45%
  lat (msec)   : 100=0.46%, 250=0.55%, 500=0.27%, 750=0.07%, 1000=0.02%
  lat (msec)   : 2000=0.01%
  cpu          : usr=1.31%, sys=16.83%, ctx=2180, majf=0, minf=1968
  IO depths    : 1=0.1%, 2=0.1%, 4=100.0%, 8=0.0%, 16=0.0%, 32=0.0%, >=64=0.0%
     submit    : 0=0.0%, 4=100.0%, 8=0.0%, 16=0.0%, 32=0.0%, 64=0.0%, >=64=0.0%
     complete  : 0=0.0%, 4=100.0%, 8=0.0%, 16=0.0%, 32=0.0%, 64=0.0%, >=64=0.0%
     issued rwts: total=0,245537,0,0 short=0,0,0,0 dropped=0,0,0,0
     latency   : target=0, window=0, percentile=100.00%, depth=4

Run status group 0 (all jobs):
  WRITE: bw=49.5MiB/s (51.9MB/s), 23.9MiB/s-25.6MiB/s (25.1MB/s-26.8MB/s), io=14.5GiB (15.6GB), run=300001-300001msec

random-writers: (groupid=0, jobs=1): err= 0: pid=143670: Tue Jul 20 22:28:36 2021
  write: IOPS=1200, BW=37.5MiB/s (39.4MB/s)(11.0GiB/300242msec); 0 zone resets
    slat (usec): min=92, max=1341.4k, avg=806.94, stdev=16825.80
    clat (usec): min=18, max=1341.9k, avg=2502.40, stdev=29540.47
     lat (usec): min=167, max=1342.0k, avg=3310.49, stdev=34158.15
    clat percentiles (usec):
     |  1.00th=[   338],  5.00th=[   420], 10.00th=[   441], 20.00th=[   453],
     | 30.00th=[   461], 40.00th=[   474], 50.00th=[   494], 60.00th=[   510],
     | 70.00th=[   529], 80.00th=[   545], 90.00th=[   570], 95.00th=[   603],
     | 99.00th=[   906], 99.50th=[123208], 99.90th=[497026], 99.95th=[616563],
     | 99.99th=[926942]
   bw (  KiB/s): min=   24, max=1764566, per=89.93%, avg=66232.96, stdev=12621.31, samples=360584
   iops        : min=    2, max= 6492, avg=1297.05, stdev=1949.89, samples=556
  lat (usec)   : 20=0.01%, 50=0.01%, 250=0.01%, 500=54.42%, 750=44.27%
  lat (usec)   : 1000=0.36%
  lat (msec)   : 2=0.05%, 4=0.03%, 10=0.05%, 20=0.05%, 50=0.11%
  lat (msec)   : 100=0.10%, 250=0.19%, 500=0.25%, 750=0.07%, 1000=0.02%
  lat (msec)   : 2000=0.01%
  cpu          : usr=1.77%, sys=19.58%, ctx=1298, majf=0, minf=2866
  IO depths    : 1=0.1%, 2=0.1%, 4=100.0%, 8=0.0%, 16=0.0%, 32=0.0%, >=64=0.0%
     submit    : 0=0.0%, 4=100.0%, 8=0.0%, 16=0.0%, 32=0.0%, 64=0.0%, >=64=0.0%
     complete  : 0=0.0%, 4=100.0%, 8=0.0%, 16=0.0%, 32=0.0%, 64=0.0%, >=64=0.0%
     issued rwts: total=0,360584,0,0 short=0,0,0,0 dropped=0,0,0,0
     latency   : target=0, window=0, percentile=100.00%, depth=4
random-writers: (groupid=0, jobs=1): err= 0: pid=143671: Tue Jul 20 22:28:36 2021
  write: IOPS=1101, BW=34.4MiB/s (36.1MB/s)(10.1GiB/300464msec); 0 zone resets
    slat (usec): min=92, max=1718.5k, avg=877.27, stdev=17054.78
    clat (usec): min=17, max=1718.9k, avg=2728.18, stdev=30154.26
     lat (usec): min=156, max=1719.1k, avg=3606.74, stdev=34748.78
    clat percentiles (usec):
     |  1.00th=[   412],  5.00th=[   445], 10.00th=[   461], 20.00th=[   490],
     | 30.00th=[   506], 40.00th=[   523], 50.00th=[   537], 60.00th=[   553],
     | 70.00th=[   570], 80.00th=[   586], 90.00th=[   619], 95.00th=[   660],
     | 99.00th=[ 17957], 99.50th=[147850], 99.90th=[501220], 99.95th=[591397],
     | 99.99th=[926942]
   bw (  KiB/s): min=   19, max=1825515, per=82.72%, avg=60921.22, stdev=13086.83, samples=330963
   iops        : min=    2, max= 6212, avg=1184.11, stdev=1282.37, samples=559
  lat (usec)   : 20=0.01%, 50=0.01%, 250=0.01%, 500=26.23%, 750=71.11%
  lat (usec)   : 1000=1.19%
  lat (msec)   : 2=0.27%, 4=0.04%, 10=0.08%, 20=0.11%, 50=0.19%
  lat (msec)   : 100=0.18%, 250=0.27%, 500=0.24%, 750=0.08%, 1000=0.01%
  lat (msec)   : 2000=0.01%
  cpu          : usr=1.70%, sys=19.91%, ctx=1551, majf=0, minf=2636
  IO depths    : 1=0.1%, 2=0.1%, 4=100.0%, 8=0.0%, 16=0.0%, 32=0.0%, >=64=0.0%
     submit    : 0=0.0%, 4=100.0%, 8=0.0%, 16=0.0%, 32=0.0%, 64=0.0%, >=64=0.0%
     complete  : 0=0.0%, 4=100.0%, 8=0.0%, 16=0.0%, 32=0.0%, 64=0.0%, >=64=0.0%
     issued rwts: total=0,330963,0,0 short=0,0,0,0 dropped=0,0,0,0
     latency   : target=0, window=0, percentile=100.00%, depth=4

Run status group 0 (all jobs):
  WRITE: bw=71.9MiB/s (75.4MB/s), 34.4MiB/s-37.5MiB/s (36.1MB/s-39.4MB/s), io=21.1GiB (22.7GB), run=300242-300464msec

random-writers: (groupid=0, jobs=1): err= 0: pid=134023: Tue Jul 20 22:28:36 2021
  write: IOPS=1310, BW=41.0MiB/s (42.9MB/s)(12.0GiB/300186msec); 0 zone resets
    slat (usec): min=93, max=2051.1k, avg=730.45, stdev=17688.53
    clat (usec): min=18, max=2051.8k, avg=2293.39, stdev=31383.13
     lat (usec): min=159, max=2052.1k, avg=3025.02, stdev=36041.48
    clat percentiles (usec):
     |  1.00th=[    424],  5.00th=[    453], 10.00th=[    469],
     | 20.00th=[    490], 30.00th=[    510], 40.00th=[    523],
     | 50.00th=[    537], 60.00th=[    545], 70.00th=[    562],
     | 80.00th=[    586], 90.00th=[    611], 95.00th=[    644],
     | 99.00th=[    955], 99.50th=[  56361], 99.90th=[ 541066],
     | 99.95th=[ 692061], 99.99th=[1166017]
   bw (  KiB/s): min=   15, max=1754175, per=64.76%, avg=61112.30, stdev=11258.80, samples=393442
   iops        : min=    6, max= 6270, avg=1493.10, stdev=1600.36, samples=527
  lat (usec)   : 20=0.01%, 50=0.01%, 250=0.01%, 500=24.47%, 750=73.88%
  lat (usec)   : 1000=0.70%
  lat (msec)   : 2=0.14%, 4=0.04%, 10=0.04%, 20=0.07%, 50=0.14%
  lat (msec)   : 100=0.11%, 250=0.16%, 500=0.13%, 750=0.08%, 1000=0.02%
  lat (msec)   : 2000=0.01%, >=2000=0.01%
  cpu          : usr=2.05%, sys=23.88%, ctx=1253, majf=0, minf=3122
  IO depths    : 1=0.1%, 2=0.1%, 4=100.0%, 8=0.0%, 16=0.0%, 32=0.0%, >=64=0.0%
     submit    : 0=0.0%, 4=100.0%, 8=0.0%, 16=0.0%, 32=0.0%, 64=0.0%, >=64=0.0%
     complete  : 0=0.0%, 4=100.0%, 8=0.0%, 16=0.0%, 32=0.0%, 64=0.0%, >=64=0.0%
     issued rwts: total=0,393442,0,0 short=0,0,0,0 dropped=0,0,0,0
     latency   : target=0, window=0, percentile=100.00%, depth=4
random-writers: (groupid=0, jobs=1): err= 0: pid=134024: Tue Jul 20 22:28:36 2021
  write: IOPS=1639, BW=51.2MiB/s (53.7MB/s)(15.0GiB/300019msec); 0 zone resets
    slat (usec): min=94, max=2159.6k, avg=577.89, stdev=13267.36
    clat (usec): min=18, max=2160.2k, avg=1834.45, stdev=23813.25
     lat (usec): min=149, max=2160.6k, avg=2413.55, stdev=27346.97
    clat percentiles (usec):
     |  1.00th=[   420],  5.00th=[   433], 10.00th=[   461], 20.00th=[   478],
     | 30.00th=[   498], 40.00th=[   515], 50.00th=[   529], 60.00th=[   537],
     | 70.00th=[   553], 80.00th=[   570], 90.00th=[   594], 95.00th=[   627],
     | 99.00th=[   807], 99.50th=[ 39060], 99.90th=[400557], 99.95th=[517997],
     | 99.99th=[834667]
   bw (  KiB/s): min=   15, max=1759828, per=66.22%, avg=62490.38, stdev=10909.32, samples=491826
   iops        : min=    2, max= 6366, avg=1728.70, stdev=1747.84, samples=569
  lat (usec)   : 20=0.01%, 50=0.01%, 250=0.01%, 500=31.21%, 750=67.63%
  lat (usec)   : 1000=0.36%
  lat (msec)   : 2=0.07%, 4=0.03%, 10=0.05%, 20=0.06%, 50=0.11%
  lat (msec)   : 100=0.11%, 250=0.16%, 500=0.15%, 750=0.04%, 1000=0.01%
  lat (msec)   : 2000=0.01%, >=2000=0.01%
  cpu          : usr=2.44%, sys=29.30%, ctx=1438, majf=0, minf=3893
  IO depths    : 1=0.1%, 2=0.1%, 4=100.0%, 8=0.0%, 16=0.0%, 32=0.0%, >=64=0.0%
     submit    : 0=0.0%, 4=100.0%, 8=0.0%, 16=0.0%, 32=0.0%, 64=0.0%, >=64=0.0%
     complete  : 0=0.0%, 4=100.0%, 8=0.0%, 16=0.0%, 32=0.0%, 64=0.0%, >=64=0.0%
     issued rwts: total=0,491826,0,0 short=0,0,0,0 dropped=0,0,0,0
     latency   : target=0, window=0, percentile=100.00%, depth=4

Run status group 0 (all jobs):
  WRITE: bw=92.2MiB/s (96.6MB/s), 41.0MiB/s-51.2MiB/s (42.9MB/s-53.7MB/s), io=27.0GiB (29.0GB), run=300019-300186msec

random-writers: (groupid=0, jobs=1): err= 0: pid=151176: Tue Jul 20 22:28:36 2021
  write: IOPS=1671, BW=52.2MiB/s (54.8MB/s)(15.3GiB/300001msec); 0 zone resets
    slat (usec): min=92, max=2692.8k, avg=575.86, stdev=17014.98
    clat (usec): min=11, max=3034.1k, avg=1798.71, stdev=30025.24
     lat (usec): min=142, max=3034.3k, avg=2375.66, stdev=34918.12
    clat percentiles (usec):
     |  1.00th=[    404],  5.00th=[    412], 10.00th=[    412],
     | 20.00th=[    420], 30.00th=[    424], 40.00th=[    437],
     | 50.00th=[    449], 60.00th=[    457], 70.00th=[    469],
     | 80.00th=[    490], 90.00th=[    529], 95.00th=[    545],
     | 99.00th=[    652], 99.50th=[    865], 99.90th=[ 526386],
     | 99.95th=[ 708838], 99.99th=[1082131]
   bw (  KiB/s): min=   10, max=2879437, per=70.07%, avg=72050.92, stdev=11060.70, samples=501561
   iops        : min=    2, max= 7266, avg=1951.21, stdev=2877.60, samples=512
  lat (usec)   : 20=0.01%, 50=0.01%, 250=0.01%, 500=82.65%, 750=16.67%
  lat (usec)   : 1000=0.26%
  lat (msec)   : 2=0.06%, 4=0.01%, 10=0.01%, 20=0.01%, 50=0.03%
  lat (msec)   : 100=0.03%, 250=0.06%, 500=0.10%, 750=0.06%, 1000=0.03%
  lat (msec)   : 2000=0.01%, >=2000=0.01%
  cpu          : usr=2.32%, sys=24.66%, ctx=895, majf=0, minf=3967
  IO depths    : 1=0.1%, 2=0.1%, 4=100.0%, 8=0.0%, 16=0.0%, 32=0.0%, >=64=0.0%
     submit    : 0=0.0%, 4=100.0%, 8=0.0%, 16=0.0%, 32=0.0%, 64=0.0%, >=64=0.0%
     complete  : 0=0.0%, 4=100.0%, 8=0.0%, 16=0.0%, 32=0.0%, 64=0.0%, >=64=0.0%
     issued rwts: total=0,501561,0,0 short=0,0,0,0 dropped=0,0,0,0
     latency   : target=0, window=0, percentile=100.00%, depth=4
random-writers: (groupid=0, jobs=1): err= 0: pid=151177: Tue Jul 20 22:28:36 2021
  write: IOPS=1543, BW=48.2MiB/s (50.6MB/s)(14.1GiB/300400msec); 0 zone resets
    slat (usec): min=92, max=2928.0k, avg=623.88, stdev=18384.95
    clat (usec): min=15, max=2953.7k, avg=1948.04, stdev=32490.20
     lat (usec): min=154, max=2954.0k, avg=2573.07, stdev=37590.86
    clat percentiles (usec):
     |  1.00th=[    408],  5.00th=[    416], 10.00th=[    420],
     | 20.00th=[    424], 30.00th=[    437], 40.00th=[    453],
     | 50.00th=[    461], 60.00th=[    478], 70.00th=[    494],
     | 80.00th=[    519], 90.00th=[    545], 95.00th=[    570],
     | 99.00th=[    668], 99.50th=[    955], 99.90th=[ 549454],
     | 99.95th=[ 708838], 99.99th=[1199571]
   bw (  KiB/s): min=   11, max=2058291, per=67.88%, avg=69795.94, stdev=11199.99, samples=463652
   iops        : min=    2, max= 7218, avg=1884.75, stdev=2543.55, samples=492
  lat (usec)   : 20=0.01%, 50=0.01%, 250=0.01%, 500=73.01%, 750=26.26%
  lat (usec)   : 1000=0.25%
  lat (msec)   : 2=0.05%, 4=0.02%, 10=0.01%, 20=0.02%, 50=0.04%
  lat (msec)   : 100=0.05%, 250=0.07%, 500=0.11%, 750=0.07%, 1000=0.03%
  lat (msec)   : 2000=0.01%, >=2000=0.01%
  cpu          : usr=2.11%, sys=23.79%, ctx=941, majf=0, minf=3674
  IO depths    : 1=0.1%, 2=0.1%, 4=100.0%, 8=0.0%, 16=0.0%, 32=0.0%, >=64=0.0%
     submit    : 0=0.0%, 4=100.0%, 8=0.0%, 16=0.0%, 32=0.0%, 64=0.0%, >=64=0.0%
     complete  : 0=0.0%, 4=100.0%, 8=0.0%, 16=0.0%, 32=0.0%, 64=0.0%, >=64=0.0%
     issued rwts: total=0,463652,0,0 short=0,0,0,0 dropped=0,0,0,0
     latency   : target=0, window=0, percentile=100.00%, depth=4

Run status group 0 (all jobs):
  WRITE: bw=100MiB/s (105MB/s), 48.2MiB/s-52.2MiB/s (50.6MB/s-54.8MB/s), io=29.5GiB (31.6GB), run=300001-300400msec

random-writers: (groupid=0, jobs=1): err= 0: pid=129118: Tue Jul 20 22:28:36 2021
  write: IOPS=874, BW=27.3MiB/s (28.7MB/s)(8213MiB/300408msec); 0 zone resets
    slat (usec): min=94, max=2326.1k, avg=1110.63, stdev=23720.77
    clat (usec): min=18, max=2376.0k, avg=3433.70, stdev=41554.07
     lat (usec): min=155, max=2376.2k, avg=4545.49, stdev=47858.62
    clat percentiles (usec):
     |  1.00th=[    420],  5.00th=[    437], 10.00th=[    465],
     | 20.00th=[    482], 30.00th=[    502], 40.00th=[    519],
     | 50.00th=[    529], 60.00th=[    537], 70.00th=[    553],
     | 80.00th=[    570], 90.00th=[    603], 95.00th=[    635],
     | 99.00th=[   1188], 99.50th=[ 183501], 99.90th=[ 666895],
     | 99.95th=[ 809501], 99.99th=[1266680]
   bw (  KiB/s): min=   13, max=1763616, per=68.15%, avg=61906.67, stdev=12644.95, samples=262810
   iops        : min=    6, max= 6180, avg=1014.69, stdev=1420.85, samples=518
  lat (usec)   : 20=0.01%, 50=0.01%, 250=0.01%, 500=29.26%, 750=68.71%
  lat (usec)   : 1000=0.87%
  lat (msec)   : 2=0.19%, 4=0.02%, 10=0.03%, 20=0.05%, 50=0.10%
  lat (msec)   : 100=0.13%, 250=0.18%, 500=0.22%, 750=0.17%, 1000=0.04%
  lat (msec)   : 2000=0.02%, >=2000=0.01%
  cpu          : usr=1.25%, sys=15.84%, ctx=1002, majf=0, minf=2102
  IO depths    : 1=0.1%, 2=0.1%, 4=100.0%, 8=0.0%, 16=0.0%, 32=0.0%, >=64=0.0%
     submit    : 0=0.0%, 4=100.0%, 8=0.0%, 16=0.0%, 32=0.0%, 64=0.0%, >=64=0.0%
     complete  : 0=0.0%, 4=100.0%, 8=0.0%, 16=0.0%, 32=0.0%, 64=0.0%, >=64=0.0%
     issued rwts: total=0,262810,0,0 short=0,0,0,0 dropped=0,0,0,0
     latency   : target=0, window=0, percentile=100.00%, depth=4
random-writers: (groupid=0, jobs=1): err= 0: pid=129119: Tue Jul 20 22:28:36 2021
  write: IOPS=1964, BW=61.4MiB/s (64.4MB/s)(18.0GiB/300338msec); 0 zone resets
    slat (usec): min=92, max=2290.7k, avg=486.67, stdev=14069.71
    clat (usec): min=18, max=2291.0k, avg=1531.39, stdev=24969.57
     lat (usec): min=154, max=2786.8k, avg=2019.17, stdev=28977.26
    clat percentiles (usec):
     |  1.00th=[   408],  5.00th=[   412], 10.00th=[   416], 20.00th=[   416],
     | 30.00th=[   420], 40.00th=[   424], 50.00th=[   437], 60.00th=[   449],
     | 70.00th=[   461], 80.00th=[   478], 90.00th=[   519], 95.00th=[   545],
     | 99.00th=[   611], 99.50th=[   766], 99.90th=[434111], 99.95th=[574620],
     | 99.99th=[901776]
   bw (  KiB/s): min=   14, max=1783777, per=80.46%, avg=73091.06, stdev=10182.30, samples=590005
   iops        : min=    2, max= 7240, avg=2181.15, stdev=2991.82, samples=541
  lat (usec)   : 20=0.01%, 50=0.01%, 250=0.01%, 500=86.64%, 750=12.84%
  lat (usec)   : 1000=0.16%
  lat (msec)   : 2=0.02%, 4=0.01%, 10=0.01%, 20=0.01%, 50=0.02%
  lat (msec)   : 100=0.03%, 250=0.07%, 500=0.11%, 750=0.05%, 1000=0.01%
  lat (msec)   : 2000=0.01%, >=2000=0.01%
  cpu          : usr=2.65%, sys=28.63%, ctx=1012, majf=0, minf=4662
  IO depths    : 1=0.1%, 2=0.1%, 4=100.0%, 8=0.0%, 16=0.0%, 32=0.0%, >=64=0.0%
     submit    : 0=0.0%, 4=100.0%, 8=0.0%, 16=0.0%, 32=0.0%, 64=0.0%, >=64=0.0%
     complete  : 0=0.0%, 4=100.0%, 8=0.0%, 16=0.0%, 32=0.0%, 64=0.0%, >=64=0.0%
     issued rwts: total=0,590005,0,0 short=0,0,0,0 dropped=0,0,0,0
     latency   : target=0, window=0, percentile=100.00%, depth=4

Run status group 0 (all jobs):
  WRITE: bw=88.7MiB/s (93.0MB/s), 27.3MiB/s-61.4MiB/s (28.7MB/s-64.4MB/s), io=26.0GiB (27.9GB), run=300338-300408msec

random-writers: (groupid=0, jobs=1): err= 0: pid=171620: Tue Jul 20 22:28:37 2021
  write: IOPS=2334, BW=72.9MiB/s (76.5MB/s)(21.4GiB/300001msec); 0 zone resets
    slat (usec): min=93, max=1924.8k, avg=400.54, stdev=10005.25
    clat (usec): min=11, max=2272.5k, avg=1289.64, stdev=18360.37
     lat (usec): min=151, max=2272.6k, avg=1691.31, stdev=21048.49
    clat percentiles (usec):
     |  1.00th=[   412],  5.00th=[   416], 10.00th=[   424], 20.00th=[   441],
     | 30.00th=[   461], 40.00th=[   478], 50.00th=[   490], 60.00th=[   510],
     | 70.00th=[   529], 80.00th=[   545], 90.00th=[   578], 95.00th=[   603],
     | 99.00th=[   783], 99.50th=[  1057], 99.90th=[299893], 99.95th=[408945],
     | 99.99th=[700449]
   bw (  KiB/s): min=   14, max=2856843, per=54.91%, avg=66431.14, stdev=11144.11, samples=700293
   iops        : min=    2, max= 7238, avg=2463.62, stdev=2346.69, samples=567
  lat (usec)   : 20=0.01%, 50=0.01%, 250=0.01%, 500=54.52%, 750=44.36%
  lat (usec)   : 1000=0.57%
  lat (msec)   : 2=0.12%, 4=0.02%, 10=0.02%, 20=0.03%, 50=0.06%
  lat (msec)   : 100=0.06%, 250=0.10%, 500=0.10%, 750=0.02%, 1000=0.01%
  lat (msec)   : 2000=0.01%, >=2000=0.01%
  cpu          : usr=3.31%, sys=38.73%, ctx=1270, majf=0, minf=5521
  IO depths    : 1=0.1%, 2=0.1%, 4=100.0%, 8=0.0%, 16=0.0%, 32=0.0%, >=64=0.0%
     submit    : 0=0.0%, 4=100.0%, 8=0.0%, 16=0.0%, 32=0.0%, 64=0.0%, >=64=0.0%
     complete  : 0=0.0%, 4=100.0%, 8=0.0%, 16=0.0%, 32=0.0%, 64=0.0%, >=64=0.0%
     issued rwts: total=0,700293,0,0 short=0,0,0,0 dropped=0,0,0,0
     latency   : target=0, window=0, percentile=100.00%, depth=4
random-writers: (groupid=0, jobs=1): err= 0: pid=171621: Tue Jul 20 22:28:37 2021
  write: IOPS=1446, BW=45.2MiB/s (47.4MB/s)(13.2GiB/300001msec); 0 zone resets
    slat (usec): min=94, max=3284.0k, avg=662.02, stdev=17545.02
    clat (usec): min=10, max=3284.7k, avg=2078.85, stdev=31062.98
     lat (usec): min=140, max=3284.9k, avg=2742.07, stdev=35883.54
    clat percentiles (usec):
     |  1.00th=[    420],  5.00th=[    429], 10.00th=[    437],
     | 20.00th=[    469], 30.00th=[    482], 40.00th=[    498],
     | 50.00th=[    515], 60.00th=[    529], 70.00th=[    545],
     | 80.00th=[    562], 90.00th=[    594], 95.00th=[    627],
     | 99.00th=[    898], 99.50th=[  25560], 99.90th=[ 497026],
     | 99.95th=[ 650118], 99.99th=[1002439]
   bw (  KiB/s): min=    9, max=3059284, per=52.74%, avg=63804.27, stdev=12275.13, samples=433868
   iops        : min=    2, max= 6594, avg=1633.07, stdev=1917.08, samples=529
  lat (usec)   : 20=0.01%, 250=0.01%, 500=41.75%, 750=56.66%, 1000=0.78%
  lat (msec)   : 2=0.19%, 4=0.02%, 10=0.04%, 20=0.04%, 50=0.07%
  lat (msec)   : 100=0.07%, 250=0.12%, 500=0.14%, 750=0.07%, 1000=0.02%
  lat (msec)   : 2000=0.01%, >=2000=0.01%
  cpu          : usr=2.11%, sys=25.05%, ctx=1120, majf=0, minf=3441
  IO depths    : 1=0.1%, 2=0.1%, 4=100.0%, 8=0.0%, 16=0.0%, 32=0.0%, >=64=0.0%
     submit    : 0=0.0%, 4=100.0%, 8=0.0%, 16=0.0%, 32=0.0%, 64=0.0%, >=64=0.0%
     complete  : 0=0.0%, 4=100.0%, 8=0.0%, 16=0.0%, 32=0.0%, 64=0.0%, >=64=0.0%
     issued rwts: total=0,433868,0,0 short=0,0,0,0 dropped=0,0,0,0
     latency   : target=0, window=0, percentile=100.00%, depth=4

Run status group 0 (all jobs):
  WRITE: bw=118MiB/s (124MB/s), 45.2MiB/s-72.9MiB/s (47.4MB/s-76.5MB/s), io=34.6GiB (37.2GB), run=300001-300001msec

random-writers: (groupid=0, jobs=1): err= 0: pid=147217: Tue Jul 20 22:28:37 2021
  write: IOPS=1743, BW=54.5MiB/s (57.1MB/s)(16.0GiB/300990msec); 0 zone resets
    slat (usec): min=92, max=2635.4k, avg=549.90, stdev=15857.37
    clat (usec): min=18, max=2917.7k, avg=1725.12, stdev=28246.63
     lat (usec): min=153, max=2917.9k, avg=2276.13, stdev=32769.06
    clat percentiles (usec):
     |  1.00th=[    408],  5.00th=[    412], 10.00th=[    416],
     | 20.00th=[    420], 30.00th=[    424], 40.00th=[    429],
     | 50.00th=[    449], 60.00th=[    469], 70.00th=[    482],
     | 80.00th=[    510], 90.00th=[    537], 95.00th=[    570],
     | 99.00th=[    676], 99.50th=[    881], 99.90th=[ 459277],
     | 99.95th=[ 650118], 99.99th=[1061159]
   bw (  KiB/s): min=   11, max=1769330, per=64.66%, avg=71197.47, stdev=10999.86, samples=524731
   iops        : min=    2, max= 7224, avg=2025.97, stdev=2645.65, samples=518
  lat (usec)   : 20=0.01%, 50=0.01%, 250=0.01%, 500=77.58%, 750=21.71%
  lat (usec)   : 1000=0.27%
  lat (msec)   : 2=0.03%, 4=0.01%, 10=0.02%, 20=0.02%, 50=0.04%
  lat (msec)   : 100=0.05%, 250=0.07%, 500=0.11%, 750=0.05%, 1000=0.02%
  lat (msec)   : 2000=0.01%, >=2000=0.01%
  cpu          : usr=2.51%, sys=26.19%, ctx=1086, majf=0, minf=4149
  IO depths    : 1=0.1%, 2=0.1%, 4=100.0%, 8=0.0%, 16=0.0%, 32=0.0%, >=64=0.0%
     submit    : 0=0.0%, 4=100.0%, 8=0.0%, 16=0.0%, 32=0.0%, 64=0.0%, >=64=0.0%
     complete  : 0=0.0%, 4=100.0%, 8=0.0%, 16=0.0%, 32=0.0%, 64=0.0%, >=64=0.0%
     issued rwts: total=0,524731,0,0 short=0,0,0,0 dropped=0,0,0,0
     latency   : target=0, window=0, percentile=100.00%, depth=4
random-writers: (groupid=0, jobs=1): err= 0: pid=147218: Tue Jul 20 22:28:37 2021
  write: IOPS=1702, BW=53.2MiB/s (55.8MB/s)(15.6GiB/300119msec); 0 zone resets
    slat (usec): min=94, max=3778.6k, avg=559.18, stdev=14422.15
    clat (usec): min=18, max=3779.2k, avg=1766.59, stdev=25535.67
     lat (usec): min=152, max=3779.4k, avg=2326.94, stdev=29435.62
    clat percentiles (usec):
     |  1.00th=[   416],  5.00th=[   424], 10.00th=[   429], 20.00th=[   449],
     | 30.00th=[   474], 40.00th=[   482], 50.00th=[   498], 60.00th=[   519],
     | 70.00th=[   529], 80.00th=[   545], 90.00th=[   578], 95.00th=[   611],
     | 99.00th=[   832], 99.50th=[ 20055], 99.90th=[421528], 99.95th=[549454],
     | 99.99th=[868221]
   bw (  KiB/s): min=    8, max=1769234, per=59.45%, avg=65463.13, stdev=11293.96, samples=510947
   iops        : min=    2, max= 6842, avg=1858.23, stdev=2123.23, samples=548
  lat (usec)   : 20=0.01%, 50=0.01%, 250=0.01%, 500=50.89%, 750=47.78%
  lat (usec)   : 1000=0.61%
  lat (msec)   : 2=0.10%, 4=0.02%, 10=0.04%, 20=0.05%, 50=0.09%
  lat (msec)   : 100=0.09%, 250=0.12%, 500=0.13%, 750=0.05%, 1000=0.01%
  lat (msec)   : 2000=0.01%, >=2000=0.01%
  cpu          : usr=2.54%, sys=28.48%, ctx=1336, majf=0, minf=4044
  IO depths    : 1=0.1%, 2=0.1%, 4=100.0%, 8=0.0%, 16=0.0%, 32=0.0%, >=64=0.0%
     submit    : 0=0.0%, 4=100.0%, 8=0.0%, 16=0.0%, 32=0.0%, 64=0.0%, >=64=0.0%
     complete  : 0=0.0%, 4=100.0%, 8=0.0%, 16=0.0%, 32=0.0%, 64=0.0%, >=64=0.0%
     issued rwts: total=0,510947,0,0 short=0,0,0,0 dropped=0,0,0,0
     latency   : target=0, window=0, percentile=100.00%, depth=4

Run status group 0 (all jobs):
  WRITE: bw=108MiB/s (113MB/s), 53.2MiB/s-54.5MiB/s (55.8MB/s-57.1MB/s), io=31.6GiB (33.9GB), run=300119-300990msec

random-writers: (groupid=0, jobs=1): err= 0: pid=133769: Tue Jul 20 22:28:37 2021
  write: IOPS=2007, BW=62.7MiB/s (65.8MB/s)(18.4GiB/300001msec); 0 zone resets
    slat (usec): min=93, max=2175.0k, avg=470.03, stdev=11365.69
    clat (usec): min=12, max=2175.3k, avg=1498.88, stdev=20555.14
     lat (usec): min=154, max=2175.4k, avg=1970.11, stdev=23629.10
    clat percentiles (usec):
     |  1.00th=[   416],  5.00th=[   424], 10.00th=[   429], 20.00th=[   449],
     | 30.00th=[   469], 40.00th=[   482], 50.00th=[   494], 60.00th=[   510],
     | 70.00th=[   529], 80.00th=[   545], 90.00th=[   578], 95.00th=[   603],
     | 99.00th=[   799], 99.50th=[  6521], 99.90th=[341836], 99.95th=[438305],
     | 99.99th=[725615]
   bw (  KiB/s): min=   15, max=2701401, per=53.32%, avg=65943.08, stdev=11091.11, samples=602241
   iops        : min=    2, max= 6744, avg=2099.21, stdev=2202.17, samples=572
  lat (usec)   : 20=0.01%, 50=0.01%, 100=0.01%, 250=0.01%, 500=53.51%
  lat (usec)   : 750=45.28%, 1000=0.57%
  lat (msec)   : 2=0.10%, 4=0.02%, 10=0.04%, 20=0.05%, 50=0.07%
  lat (msec)   : 100=0.07%, 250=0.14%, 500=0.12%, 750=0.02%, 1000=0.01%
  lat (msec)   : 2000=0.01%, >=2000=0.01%
  cpu          : usr=2.91%, sys=33.44%, ctx=1389, majf=0, minf=4755
  IO depths    : 1=0.1%, 2=0.1%, 4=100.0%, 8=0.0%, 16=0.0%, 32=0.0%, >=64=0.0%
     submit    : 0=0.0%, 4=100.0%, 8=0.0%, 16=0.0%, 32=0.0%, 64=0.0%, >=64=0.0%
     complete  : 0=0.0%, 4=100.0%, 8=0.0%, 16=0.0%, 32=0.0%, 64=0.0%, >=64=0.0%
     issued rwts: total=0,602241,0,0 short=0,0,0,0 dropped=0,0,0,0
     latency   : target=0, window=0, percentile=100.00%, depth=4
random-writers: (groupid=0, jobs=1): err= 0: pid=133770: Tue Jul 20 22:28:37 2021
  write: IOPS=1857, BW=58.1MiB/s (60.9MB/s)(17.0GiB/300067msec); 0 zone resets
    slat (usec): min=92, max=2144.7k, avg=515.94, stdev=15269.50
    clat (usec): min=18, max=2583.6k, avg=1619.23, stdev=26939.03
     lat (usec): min=154, max=2583.8k, avg=2136.34, stdev=31202.57
    clat percentiles (usec):
     |  1.00th=[   404],  5.00th=[   412], 10.00th=[   412], 20.00th=[   420],
     | 30.00th=[   424], 40.00th=[   441], 50.00th=[   445], 60.00th=[   453],
     | 70.00th=[   469], 80.00th=[   490], 90.00th=[   529], 95.00th=[   545],
     | 99.00th=[   635], 99.50th=[   848], 99.90th=[459277], 99.95th=[624952],
     | 99.99th=[994051]
   bw (  KiB/s): min=   12, max=1790601, per=58.34%, avg=72145.23, stdev=10486.90, samples=557414
   iops        : min=    2, max= 7228, avg=2152.16, stdev=2945.81, samples=518
  lat (usec)   : 20=0.01%, 50=0.01%, 250=0.01%, 500=83.71%, 750=15.65%
  lat (usec)   : 1000=0.26%
  lat (msec)   : 2=0.04%, 4=0.02%, 10=0.01%, 20=0.01%, 50=0.03%
  lat (msec)   : 100=0.03%, 250=0.05%, 500=0.10%, 750=0.06%, 1000=0.02%
  lat (msec)   : 2000=0.01%, >=2000=0.01%
  cpu          : usr=2.51%, sys=27.45%, ctx=850, majf=0, minf=4407
  IO depths    : 1=0.1%, 2=0.1%, 4=100.0%, 8=0.0%, 16=0.0%, 32=0.0%, >=64=0.0%
     submit    : 0=0.0%, 4=100.0%, 8=0.0%, 16=0.0%, 32=0.0%, 64=0.0%, >=64=0.0%
     complete  : 0=0.0%, 4=100.0%, 8=0.0%, 16=0.0%, 32=0.0%, 64=0.0%, >=64=0.0%
     issued rwts: total=0,557414,0,0 short=0,0,0,0 dropped=0,0,0,0
     latency   : target=0, window=0, percentile=100.00%, depth=4

Run status group 0 (all jobs):
  WRITE: bw=121MiB/s (127MB/s), 58.1MiB/s-62.7MiB/s (60.9MB/s-65.8MB/s), io=35.4GiB (38.0GB), run=300001-300067msec

random-writers: (groupid=0, jobs=1): err= 0: pid=138736: Tue Jul 20 22:28:37 2021
  write: IOPS=1957, BW=61.2MiB/s (64.1MB/s)(17.9GiB/300082msec); 0 zone resets
    slat (usec): min=95, max=1102.8k, avg=476.32, stdev=9661.61
    clat (usec): min=18, max=1569.0k, avg=1537.43, stdev=18373.55
     lat (usec): min=157, max=1569.2k, avg=2014.92, stdev=20846.69
    clat percentiles (usec):
     |  1.00th=[   429],  5.00th=[   465], 10.00th=[   482], 20.00th=[   502],
     | 30.00th=[   523], 40.00th=[   537], 50.00th=[   545], 60.00th=[   562],
     | 70.00th=[   578], 80.00th=[   594], 90.00th=[   627], 95.00th=[   660],
     | 99.00th=[   988], 99.50th=[ 25560], 99.90th=[295699], 99.95th=[404751],
     | 99.99th=[700449]
   bw (  KiB/s): min=   20, max=1730003, per=45.04%, avg=59692.17, stdev=10451.48, samples=587323
   iops        : min=    2, max= 6192, avg=2016.29, stdev=1632.80, samples=581
  lat (usec)   : 20=0.01%, 50=0.01%, 250=0.01%, 500=18.32%, 750=79.68%
  lat (usec)   : 1000=1.01%
  lat (msec)   : 2=0.29%, 4=0.03%, 10=0.06%, 20=0.07%, 50=0.11%
  lat (msec)   : 100=0.11%, 250=0.17%, 500=0.11%, 750=0.02%, 1000=0.01%
  lat (msec)   : 2000=0.01%
  cpu          : usr=2.93%, sys=37.04%, ctx=1626, majf=0, minf=4638
  IO depths    : 1=0.1%, 2=0.1%, 4=100.0%, 8=0.0%, 16=0.0%, 32=0.0%, >=64=0.0%
     submit    : 0=0.0%, 4=100.0%, 8=0.0%, 16=0.0%, 32=0.0%, 64=0.0%, >=64=0.0%
     complete  : 0=0.0%, 4=100.0%, 8=0.0%, 16=0.0%, 32=0.0%, 64=0.0%, >=64=0.0%
     issued rwts: total=0,587323,0,0 short=0,0,0,0 dropped=0,0,0,0
     latency   : target=0, window=0, percentile=100.00%, depth=4
random-writers: (groupid=0, jobs=1): err= 0: pid=138737: Tue Jul 20 22:28:37 2021
  write: IOPS=2185, BW=68.3MiB/s (71.6MB/s)(20.0GiB/300001msec); 0 zone resets
    slat (usec): min=93, max=1701.6k, avg=430.44, stdev=10819.61
    clat (usec): min=18, max=1904.5k, avg=1377.34, stdev=19644.50
     lat (usec): min=151, max=1904.7k, avg=1808.93, stdev=22613.85
    clat percentiles (usec):
     |  1.00th=[   412],  5.00th=[   420], 10.00th=[   424], 20.00th=[   433],
     | 30.00th=[   453], 40.00th=[   469], 50.00th=[   482], 60.00th=[   498],
     | 70.00th=[   519], 80.00th=[   537], 90.00th=[   562], 95.00th=[   586],
     | 99.00th=[   685], 99.50th=[  1037], 99.90th=[320865], 99.95th=[438305],
     | 99.99th=[675283]
   bw (  KiB/s): min=   17, max=1807391, per=50.97%, avg=67557.82, stdev=10771.75, samples=655510
   iops        : min=    2, max= 7016, avg=2304.03, stdev=2315.96, samples=569
  lat (usec)   : 20=0.01%, 50=0.01%, 250=0.01%, 500=60.99%, 750=38.25%
  lat (usec)   : 1000=0.25%
  lat (msec)   : 2=0.05%, 4=0.02%, 10=0.03%, 20=0.03%, 50=0.07%
  lat (msec)   : 100=0.06%, 250=0.11%, 500=0.10%, 750=0.03%, 1000=0.01%
  lat (msec)   : 2000=0.01%
  cpu          : usr=3.09%, sys=35.40%, ctx=1335, majf=0, minf=5173
  IO depths    : 1=0.1%, 2=0.1%, 4=100.0%, 8=0.0%, 16=0.0%, 32=0.0%, >=64=0.0%
     submit    : 0=0.0%, 4=100.0%, 8=0.0%, 16=0.0%, 32=0.0%, 64=0.0%, >=64=0.0%
     complete  : 0=0.0%, 4=100.0%, 8=0.0%, 16=0.0%, 32=0.0%, 64=0.0%, >=64=0.0%
     issued rwts: total=0,655510,0,0 short=0,0,0,0 dropped=0,0,0,0
     latency   : target=0, window=0, percentile=100.00%, depth=4

Run status group 0 (all jobs):
  WRITE: bw=129MiB/s (136MB/s), 61.2MiB/s-68.3MiB/s (64.1MB/s-71.6MB/s), io=37.9GiB (40.7GB), run=300001-300082msec

random-writers: (groupid=0, jobs=1): err= 0: pid=92489: Tue Jul 20 22:28:37 2021
  write: IOPS=1749, BW=54.7MiB/s (57.3MB/s)(16.0GiB/300082msec); 0 zone resets
    slat (usec): min=92, max=3461.8k, avg=547.60, stdev=16422.46
    clat (usec): min=18, max=3462.2k, avg=1719.23, stdev=29299.80
     lat (usec): min=151, max=3462.3k, avg=2267.96, stdev=33883.82
    clat percentiles (usec):
     |  1.00th=[    408],  5.00th=[    412], 10.00th=[    416],
     | 20.00th=[    420], 30.00th=[    429], 40.00th=[    445],
     | 50.00th=[    457], 60.00th=[    474], 70.00th=[    490],
     | 80.00th=[    519], 90.00th=[    545], 95.00th=[    570],
     | 99.00th=[    668], 99.50th=[    914], 99.90th=[ 476054],
     | 99.95th=[ 608175], 99.99th=[1082131]
   bw (  KiB/s): min=    9, max=1750427, per=52.63%, avg=70365.79, stdev=10996.01, samples=524955
   iops        : min=    2, max= 7286, avg=2019.04, stdev=2633.50, samples=520
  lat (usec)   : 20=0.01%, 50=0.01%, 250=0.01%, 500=73.88%, 750=25.42%
  lat (usec)   : 1000=0.23%
  lat (msec)   : 2=0.05%, 4=0.02%, 10=0.02%, 20=0.02%, 50=0.06%
  lat (msec)   : 100=0.05%, 250=0.07%, 500=0.10%, 750=0.06%, 1000=0.02%
  lat (msec)   : 2000=0.01%, >=2000=0.01%
  cpu          : usr=2.44%, sys=26.74%, ctx=1092, majf=0, minf=4151
  IO depths    : 1=0.1%, 2=0.1%, 4=100.0%, 8=0.0%, 16=0.0%, 32=0.0%, >=64=0.0%
     submit    : 0=0.0%, 4=100.0%, 8=0.0%, 16=0.0%, 32=0.0%, 64=0.0%, >=64=0.0%
     complete  : 0=0.0%, 4=100.0%, 8=0.0%, 16=0.0%, 32=0.0%, 64=0.0%, >=64=0.0%
     issued rwts: total=0,524955,0,0 short=0,0,0,0 dropped=0,0,0,0
     latency   : target=0, window=0, percentile=100.00%, depth=4
random-writers: (groupid=0, jobs=1): err= 0: pid=92490: Tue Jul 20 22:28:37 2021
  write: IOPS=2429, BW=75.9MiB/s (79.6MB/s)(22.2GiB/300001msec); 0 zone resets
    slat (usec): min=92, max=1587.7k, avg=389.42, stdev=10012.20
    clat (usec): min=11, max=1588.0k, avg=1239.32, stdev=17771.26
     lat (usec): min=149, max=1588.2k, avg=1629.89, stdev=20557.81
    clat percentiles (usec):
     |  1.00th=[   404],  5.00th=[   412], 10.00th=[   412], 20.00th=[   416],
     | 30.00th=[   420], 40.00th=[   424], 50.00th=[   437], 60.00th=[   449],
     | 70.00th=[   461], 80.00th=[   478], 90.00th=[   515], 95.00th=[   537],
     | 99.00th=[   611], 99.50th=[   783], 99.90th=[312476], 99.95th=[413139],
     | 99.99th=[624952]
   bw (  KiB/s): min=   20, max=2795904, per=54.72%, avg=73155.88, stdev=10137.47, samples=728713
   iops        : min=    4, max= 7256, avg=2515.01, stdev=3063.77, samples=578
  lat (usec)   : 20=0.01%, 50=0.01%, 250=0.01%, 500=87.52%, 750=11.93%
  lat (usec)   : 1000=0.18%
  lat (msec)   : 2=0.02%, 4=0.01%, 10=0.01%, 20=0.01%, 50=0.04%
  lat (msec)   : 100=0.04%, 250=0.09%, 500=0.12%, 750=0.02%, 1000=0.01%
  lat (msec)   : 2000=0.01%
  cpu          : usr=3.34%, sys=35.27%, ctx=1242, majf=0, minf=5745
  IO depths    : 1=0.1%, 2=0.1%, 4=100.0%, 8=0.0%, 16=0.0%, 32=0.0%, >=64=0.0%
     submit    : 0=0.0%, 4=100.0%, 8=0.0%, 16=0.0%, 32=0.0%, 64=0.0%, >=64=0.0%
     complete  : 0=0.0%, 4=100.0%, 8=0.0%, 16=0.0%, 32=0.0%, 64=0.0%, >=64=0.0%
     issued rwts: total=0,728713,0,0 short=0,0,0,0 dropped=0,0,0,0
     latency   : target=0, window=0, percentile=100.00%, depth=4

Run status group 0 (all jobs):
  WRITE: bw=131MiB/s (137MB/s), 54.7MiB/s-75.9MiB/s (57.3MB/s-79.6MB/s), io=38.3GiB (41.1GB), run=300001-300082msec

random-writers: (groupid=0, jobs=1): err= 0: pid=69086: Tue Jul 20 22:28:37 2021
  write: IOPS=1857, BW=58.1MiB/s (60.9MB/s)(17.0GiB/300062msec); 0 zone resets
    slat (usec): min=92, max=2099.7k, avg=515.49, stdev=14924.69
    clat (usec): min=18, max=2749.1k, avg=1619.14, stdev=26780.19
     lat (usec): min=148, max=2749.3k, avg=2135.73, stdev=31076.52
    clat percentiles (usec):
     |  1.00th=[   404],  5.00th=[   412], 10.00th=[   416], 20.00th=[   420],
     | 30.00th=[   420], 40.00th=[   424], 50.00th=[   433], 60.00th=[   453],
     | 70.00th=[   469], 80.00th=[   486], 90.00th=[   529], 95.00th=[   545],
     | 99.00th=[   644], 99.50th=[   807], 99.90th=[463471], 99.95th=[624952],
     | 99.99th=[977273]
   bw (  KiB/s): min=   11, max=1757845, per=52.99%, avg=72707.73, stdev=10483.41, samples=557458
   iops        : min=    2, max= 7222, avg=2099.61, stdev=2959.40, samples=531
  lat (usec)   : 20=0.01%, 50=0.01%, 250=0.01%, 500=84.70%, 750=14.70%
  lat (usec)   : 1000=0.21%
  lat (msec)   : 2=0.04%, 4=0.01%, 10=0.01%, 20=0.01%, 50=0.03%
  lat (msec)   : 100=0.03%, 250=0.07%, 500=0.10%, 750=0.06%, 1000=0.02%
  lat (msec)   : 2000=0.01%, >=2000=0.01%
  cpu          : usr=2.57%, sys=27.23%, ctx=1135, majf=0, minf=4405
  IO depths    : 1=0.1%, 2=0.1%, 4=100.0%, 8=0.0%, 16=0.0%, 32=0.0%, >=64=0.0%
     submit    : 0=0.0%, 4=100.0%, 8=0.0%, 16=0.0%, 32=0.0%, 64=0.0%, >=64=0.0%
     complete  : 0=0.0%, 4=100.0%, 8=0.0%, 16=0.0%, 32=0.0%, 64=0.0%, >=64=0.0%
     issued rwts: total=0,557458,0,0 short=0,0,0,0 dropped=0,0,0,0
     latency   : target=0, window=0, percentile=100.00%, depth=4
random-writers: (groupid=0, jobs=1): err= 0: pid=69087: Tue Jul 20 22:28:37 2021
  write: IOPS=2430, BW=76.0MiB/s (79.7MB/s)(22.3GiB/300001msec); 0 zone resets
    slat (usec): min=92, max=1365.4k, avg=388.60, stdev=9761.55
    clat (usec): min=11, max=1707.3k, avg=1238.43, stdev=17504.55
     lat (usec): min=140, max=1707.5k, avg=1628.15, stdev=20271.63
    clat percentiles (usec):
     |  1.00th=[   404],  5.00th=[   412], 10.00th=[   416], 20.00th=[   420],
     | 30.00th=[   420], 40.00th=[   424], 50.00th=[   441], 60.00th=[   453],
     | 70.00th=[   469], 80.00th=[   486], 90.00th=[   529], 95.00th=[   545],
     | 99.00th=[   619], 99.50th=[   766], 99.90th=[312476], 99.95th=[425722],
     | 99.99th=[599786]
   bw (  KiB/s): min=   19, max=2938570, per=52.95%, avg=72658.78, stdev=10445.55, samples=729250
   iops        : min=    2, max= 7244, avg=2486.17, stdev=3047.40, samples=585
  lat (usec)   : 20=0.01%, 250=0.01%, 500=84.64%, 750=14.84%, 1000=0.14%
  lat (msec)   : 2=0.02%, 4=0.01%, 10=0.01%, 20=0.02%, 50=0.05%
  lat (msec)   : 100=0.04%, 250=0.09%, 500=0.12%, 750=0.02%, 1000=0.01%
  lat (msec)   : 2000=0.01%
  cpu          : usr=3.33%, sys=35.73%, ctx=1311, majf=0, minf=5749
  IO depths    : 1=0.1%, 2=0.1%, 4=100.0%, 8=0.0%, 16=0.0%, 32=0.0%, >=64=0.0%
     submit    : 0=0.0%, 4=100.0%, 8=0.0%, 16=0.0%, 32=0.0%, 64=0.0%, >=64=0.0%
     complete  : 0=0.0%, 4=100.0%, 8=0.0%, 16=0.0%, 32=0.0%, 64=0.0%, >=64=0.0%
     issued rwts: total=0,729250,0,0 short=0,0,0,0 dropped=0,0,0,0
     latency   : target=0, window=0, percentile=100.00%, depth=4

Run status group 0 (all jobs):
  WRITE: bw=134MiB/s (141MB/s), 58.1MiB/s-76.0MiB/s (60.9MB/s-79.7MB/s), io=39.3GiB (42.2GB), run=300001-300062msec

random-writers: (groupid=0, jobs=1): err= 0: pid=66891: Tue Jul 20 22:28:37 2021
  write: IOPS=1747, BW=54.6MiB/s (57.2MB/s)(16.0GiB/300260msec); 0 zone resets
    slat (usec): min=92, max=1894.5k, avg=549.28, stdev=15689.58
    clat (usec): min=18, max=2750.6k, avg=1721.47, stdev=28040.84
     lat (usec): min=152, max=2750.8k, avg=2271.85, stdev=32708.38
    clat percentiles (usec):
     |  1.00th=[    408],  5.00th=[    416], 10.00th=[    420],
     | 20.00th=[    424], 30.00th=[    429], 40.00th=[    433],
     | 50.00th=[    449], 60.00th=[    461], 70.00th=[    474],
     | 80.00th=[    494], 90.00th=[    529], 95.00th=[    553],
     | 99.00th=[    652], 99.50th=[    857], 99.90th=[ 513803],
     | 99.95th=[ 666895], 99.99th=[1027605]
   bw (  KiB/s): min=   11, max=1771243, per=52.54%, avg=71546.19, stdev=10498.33, samples=524580
   iops        : min=    2, max= 7176, avg=2013.73, stdev=2888.06, samples=521
  lat (usec)   : 20=0.01%, 50=0.01%, 250=0.01%, 500=82.11%, 750=17.25%
  lat (usec)   : 1000=0.24%
  lat (msec)   : 2=0.05%, 4=0.01%, 10=0.01%, 20=0.01%, 50=0.03%
  lat (msec)   : 100=0.03%, 250=0.06%, 500=0.09%, 750=0.07%, 1000=0.03%
  lat (msec)   : 2000=0.01%, >=2000=0.01%
  cpu          : usr=2.31%, sys=26.20%, ctx=990, majf=0, minf=4148
  IO depths    : 1=0.1%, 2=0.1%, 4=100.0%, 8=0.0%, 16=0.0%, 32=0.0%, >=64=0.0%
     submit    : 0=0.0%, 4=100.0%, 8=0.0%, 16=0.0%, 32=0.0%, 64=0.0%, >=64=0.0%
     complete  : 0=0.0%, 4=100.0%, 8=0.0%, 16=0.0%, 32=0.0%, 64=0.0%, >=64=0.0%
     issued rwts: total=0,524580,0,0 short=0,0,0,0 dropped=0,0,0,0
     latency   : target=0, window=0, percentile=100.00%, depth=4
random-writers: (groupid=0, jobs=1): err= 0: pid=66892: Tue Jul 20 22:28:37 2021
  write: IOPS=2509, BW=78.4MiB/s (82.2MB/s)(23.0GiB/300577msec); 0 zone resets
    slat (usec): min=92, max=1669.8k, avg=375.61, stdev=9875.26
    clat (usec): min=18, max=1670.4k, avg=1199.57, stdev=17676.04
     lat (usec): min=155, max=1670.6k, avg=1576.31, stdev=20411.62
    clat percentiles (usec):
     |  1.00th=[   408],  5.00th=[   412], 10.00th=[   416], 20.00th=[   420],
     | 30.00th=[   424], 40.00th=[   429], 50.00th=[   445], 60.00th=[   453],
     | 70.00th=[   469], 80.00th=[   490], 90.00th=[   529], 95.00th=[   545],
     | 99.00th=[   644], 99.50th=[   824], 99.90th=[304088], 99.95th=[413139],
     | 99.99th=[641729]
   bw (  KiB/s): min=   19, max=1808388, per=53.08%, avg=72270.02, stdev=9850.40, samples=754412
   iops        : min=    2, max= 7238, avg=2624.03, stdev=3058.14, samples=575
  lat (usec)   : 20=0.01%, 50=0.01%, 250=0.01%, 500=84.07%, 750=15.30%
  lat (usec)   : 1000=0.25%
  lat (msec)   : 2=0.04%, 4=0.01%, 10=0.02%, 20=0.02%, 50=0.03%
  lat (msec)   : 100=0.04%, 250=0.09%, 500=0.10%, 750=0.02%, 1000=0.01%
  lat (msec)   : 2000=0.01%
  cpu          : usr=3.49%, sys=37.05%, ctx=1197, majf=0, minf=5945
  IO depths    : 1=0.1%, 2=0.1%, 4=100.0%, 8=0.0%, 16=0.0%, 32=0.0%, >=64=0.0%
     submit    : 0=0.0%, 4=100.0%, 8=0.0%, 16=0.0%, 32=0.0%, 64=0.0%, >=64=0.0%
     complete  : 0=0.0%, 4=100.0%, 8=0.0%, 16=0.0%, 32=0.0%, 64=0.0%, >=64=0.0%
     issued rwts: total=0,754412,0,0 short=0,0,0,0 dropped=0,0,0,0
     latency   : target=0, window=0, percentile=100.00%, depth=4

Run status group 0 (all jobs):
  WRITE: bw=133MiB/s (139MB/s), 54.6MiB/s-78.4MiB/s (57.2MB/s-82.2MB/s), io=39.0GiB (41.9GB), run=300260-300577msec

random-writers: (groupid=0, jobs=1): err= 0: pid=126822: Tue Jul 20 22:28:37 2021
  write: IOPS=2387, BW=74.6MiB/s (78.2MB/s)(21.9GiB/300001msec); 0 zone resets
    slat (usec): min=93, max=2215.3k, avg=396.27, stdev=10921.94
    clat (usec): min=12, max=2215.7k, avg=1260.77, stdev=19410.35
     lat (usec): min=148, max=2215.8k, avg=1658.19, stdev=22482.92
    clat percentiles (usec):
     |  1.00th=[   408],  5.00th=[   416], 10.00th=[   420], 20.00th=[   424],
     | 30.00th=[   429], 40.00th=[   433], 50.00th=[   449], 60.00th=[   457],
     | 70.00th=[   474], 80.00th=[   490], 90.00th=[   529], 95.00th=[   545],
     | 99.00th=[   652], 99.50th=[   840], 99.90th=[320865], 99.95th=[442500],
     | 99.99th=[725615]
   bw (  KiB/s): min=   14, max=2627746, per=47.92%, avg=71784.70, stdev=10040.37, samples=716299
   iops        : min=    2, max= 7192, avg=2538.58, stdev=3052.27, samples=563
  lat (usec)   : 20=0.01%, 50=0.01%, 250=0.01%, 500=84.07%, 750=15.28%
  lat (usec)   : 1000=0.26%
  lat (msec)   : 2=0.06%, 4=0.01%, 10=0.02%, 20=0.01%, 50=0.04%
  lat (msec)   : 100=0.04%, 250=0.08%, 500=0.10%, 750=0.03%, 1000=0.01%
  lat (msec)   : 2000=0.01%, >=2000=0.01%
  cpu          : usr=3.43%, sys=35.28%, ctx=1191, majf=0, minf=5646
  IO depths    : 1=0.1%, 2=0.1%, 4=100.0%, 8=0.0%, 16=0.0%, 32=0.0%, >=64=0.0%
     submit    : 0=0.0%, 4=100.0%, 8=0.0%, 16=0.0%, 32=0.0%, 64=0.0%, >=64=0.0%
     complete  : 0=0.0%, 4=100.0%, 8=0.0%, 16=0.0%, 32=0.0%, 64=0.0%, >=64=0.0%
     issued rwts: total=0,716299,0,0 short=0,0,0,0 dropped=0,0,0,0
     latency   : target=0, window=0, percentile=100.00%, depth=4
random-writers: (groupid=0, jobs=1): err= 0: pid=126823: Tue Jul 20 22:28:37 2021
  write: IOPS=2293, BW=71.7MiB/s (75.2MB/s)(21.0GiB/300068msec); 0 zone resets
    slat (usec): min=92, max=2295.4k, avg=412.46, stdev=11224.47
    clat (usec): min=18, max=2295.8k, avg=1312.24, stdev=19921.15
     lat (usec): min=153, max=2296.0k, avg=1725.87, stdev=23024.90
    clat percentiles (usec):
     |  1.00th=[   408],  5.00th=[   416], 10.00th=[   420], 20.00th=[   424],
     | 30.00th=[   429], 40.00th=[   441], 50.00th=[   453], 60.00th=[   465],
     | 70.00th=[   478], 80.00th=[   498], 90.00th=[   537], 95.00th=[   553],
     | 99.00th=[   635], 99.50th=[   824], 99.90th=[341836], 99.95th=[450888],
     | 99.99th=[708838]
   bw (  KiB/s): min=   14, max=1798364, per=47.45%, avg=71082.22, stdev=10074.32, samples=688285
   iops        : min=    2, max= 7212, avg=2436.12, stdev=2992.58, samples=565
  lat (usec)   : 20=0.01%, 50=0.01%, 250=0.01%, 500=80.21%, 750=19.17%
  lat (usec)   : 1000=0.25%
  lat (msec)   : 2=0.03%, 4=0.01%, 10=0.02%, 20=0.01%, 50=0.03%
  lat (msec)   : 100=0.03%, 250=0.08%, 500=0.12%, 750=0.03%, 1000=0.01%
  lat (msec)   : 2000=0.01%, >=2000=0.01%
  cpu          : usr=3.25%, sys=34.49%, ctx=1065, majf=0, minf=5430
  IO depths    : 1=0.1%, 2=0.1%, 4=100.0%, 8=0.0%, 16=0.0%, 32=0.0%, >=64=0.0%
     submit    : 0=0.0%, 4=100.0%, 8=0.0%, 16=0.0%, 32=0.0%, 64=0.0%, >=64=0.0%
     complete  : 0=0.0%, 4=100.0%, 8=0.0%, 16=0.0%, 32=0.0%, 64=0.0%, >=64=0.0%
     issued rwts: total=0,688285,0,0 short=0,0,0,0 dropped=0,0,0,0
     latency   : target=0, window=0, percentile=100.00%, depth=4

Run status group 0 (all jobs):
  WRITE: bw=146MiB/s (153MB/s), 71.7MiB/s-74.6MiB/s (75.2MB/s-78.2MB/s), io=42.9GiB (46.0GB), run=300001-300068msec

random-writers: (groupid=0, jobs=1): err= 0: pid=133930: Tue Jul 20 22:28:37 2021
  write: IOPS=2123, BW=66.4MiB/s (69.6MB/s)(19.4GiB/300001msec); 0 zone resets
    slat (usec): min=94, max=1374.2k, avg=442.18, stdev=10508.32
    clat (usec): min=10, max=1663.0k, avg=1417.22, stdev=19129.34
     lat (usec): min=151, max=1663.2k, avg=1860.54, stdev=21937.15
    clat percentiles (usec):
     |  1.00th=[   412],  5.00th=[   420], 10.00th=[   429], 20.00th=[   449],
     | 30.00th=[   474], 40.00th=[   486], 50.00th=[   502], 60.00th=[   519],
     | 70.00th=[   537], 80.00th=[   553], 90.00th=[   578], 95.00th=[   603],
     | 99.00th=[   742], 99.50th=[  1139], 99.90th=[337642], 99.95th=[429917],
     | 99.99th=[658506]
   bw (  KiB/s): min=   19, max=3039703, per=37.89%, avg=65423.64, stdev=11127.32, samples=637034
   iops        : min=    2, max= 7246, avg=2209.50, stdev=2258.65, samples=575
  lat (usec)   : 20=0.01%, 50=0.01%, 250=0.01%, 500=49.35%, 750=49.67%
  lat (usec)   : 1000=0.42%
  lat (msec)   : 2=0.09%, 4=0.02%, 10=0.02%, 20=0.04%, 50=0.07%
  lat (msec)   : 100=0.06%, 250=0.11%, 500=0.12%, 750=0.03%, 1000=0.01%
  lat (msec)   : 2000=0.01%
  cpu          : usr=3.03%, sys=35.83%, ctx=1333, majf=0, minf=5026
  IO depths    : 1=0.1%, 2=0.1%, 4=100.0%, 8=0.0%, 16=0.0%, 32=0.0%, >=64=0.0%
     submit    : 0=0.0%, 4=100.0%, 8=0.0%, 16=0.0%, 32=0.0%, 64=0.0%, >=64=0.0%
     complete  : 0=0.0%, 4=100.0%, 8=0.0%, 16=0.0%, 32=0.0%, 64=0.0%, >=64=0.0%
     issued rwts: total=0,637034,0,0 short=0,0,0,0 dropped=0,0,0,0
     latency   : target=0, window=0, percentile=100.00%, depth=4
random-writers: (groupid=0, jobs=1): err= 0: pid=133931: Tue Jul 20 22:28:37 2021
  write: IOPS=3274, BW=102MiB/s (107MB/s)(30.0GiB/300235msec); 0 zone resets
    slat (usec): min=93, max=1100.0k, avg=281.04, stdev=5755.45
    clat (usec): min=18, max=1100.6k, avg=920.61, stdev=10718.57
     lat (usec): min=156, max=1100.8k, avg=1202.81, stdev=12235.59
    clat percentiles (usec):
     |  1.00th=[   412],  5.00th=[   420], 10.00th=[   420], 20.00th=[   424],
     | 30.00th=[   429], 40.00th=[   441], 50.00th=[   453], 60.00th=[   465],
     | 70.00th=[   482], 80.00th=[   502], 90.00th=[   537], 95.00th=[   562],
     | 99.00th=[   660], 99.50th=[   848], 99.90th=[189793], 99.95th=[246416],
     | 99.99th=[379585]
   bw (  KiB/s): min=   29, max=1773160, per=41.00%, avg=70797.50, stdev=9307.62, samples=983041
   iops        : min=   18, max= 7086, avg=3309.89, stdev=2545.17, samples=594
  lat (usec)   : 20=0.01%, 50=0.01%, 250=0.01%, 500=79.75%, 750=19.58%
  lat (usec)   : 1000=0.26%
  lat (msec)   : 2=0.05%, 4=0.01%, 10=0.02%, 20=0.03%, 50=0.06%
  lat (msec)   : 100=0.06%, 250=0.12%, 500=0.04%, 750=0.01%, 1000=0.01%
  lat (msec)   : 2000=0.01%
  cpu          : usr=4.85%, sys=49.35%, ctx=1466, majf=0, minf=7732
  IO depths    : 1=0.1%, 2=0.1%, 4=100.0%, 8=0.0%, 16=0.0%, 32=0.0%, >=64=0.0%
     submit    : 0=0.0%, 4=100.0%, 8=0.0%, 16=0.0%, 32=0.0%, 64=0.0%, >=64=0.0%
     complete  : 0=0.0%, 4=100.0%, 8=0.0%, 16=0.0%, 32=0.0%, 64=0.0%, >=64=0.0%
     issued rwts: total=0,983041,0,0 short=0,0,0,0 dropped=0,0,0,0
     latency   : target=0, window=0, percentile=100.00%, depth=4

Run status group 0 (all jobs):
  WRITE: bw=169MiB/s (177MB/s), 66.4MiB/s-102MiB/s (69.6MB/s-107MB/s), io=49.4GiB (53.1GB), run=300001-300235msec

random-writers: (groupid=0, jobs=1): err= 0: pid=142911: Tue Jul 20 22:28:37 2021
  write: IOPS=3384, BW=106MiB/s (111MB/s)(31.0GiB/300180msec); 0 zone resets
    slat (usec): min=92, max=1462.2k, avg=273.03, stdev=6009.78
    clat (usec): min=18, max=1464.7k, avg=890.77, stdev=11046.37
     lat (usec): min=154, max=1464.9k, avg=1164.90, stdev=12696.65
    clat percentiles (usec):
     |  1.00th=[   408],  5.00th=[   412], 10.00th=[   416], 20.00th=[   420],
     | 30.00th=[   424], 40.00th=[   429], 50.00th=[   441], 60.00th=[   449],
     | 70.00th=[   457], 80.00th=[   474], 90.00th=[   502], 95.00th=[   537],
     | 99.00th=[   603], 99.50th=[   725], 99.90th=[191890], 99.95th=[263193],
     | 99.99th=[417334]
   bw (  KiB/s): min=   22, max=1739278, per=41.06%, avg=73192.86, stdev=8424.43, samples=1015905
   iops        : min=    4, max= 7256, avg=3420.41, stdev=3133.48, samples=594
  lat (usec)   : 20=0.01%, 50=0.01%, 100=0.01%, 250=0.01%, 500=89.22%
  lat (usec)   : 750=10.31%, 1000=0.15%
  lat (msec)   : 2=0.01%, 4=0.02%, 10=0.01%, 20=0.03%, 50=0.04%
  lat (msec)   : 100=0.04%, 250=0.11%, 500=0.05%, 750=0.01%, 1000=0.01%
  lat (msec)   : 2000=0.01%
  cpu          : usr=4.63%, sys=49.16%, ctx=1327, majf=0, minf=7986
  IO depths    : 1=0.1%, 2=0.1%, 4=100.0%, 8=0.0%, 16=0.0%, 32=0.0%, >=64=0.0%
     submit    : 0=0.0%, 4=100.0%, 8=0.0%, 16=0.0%, 32=0.0%, 64=0.0%, >=64=0.0%
     complete  : 0=0.0%, 4=100.0%, 8=0.0%, 16=0.0%, 32=0.0%, 64=0.0%, >=64=0.0%
     issued rwts: total=0,1015905,0,0 short=0,0,0,0 dropped=0,0,0,0
     latency   : target=0, window=0, percentile=100.00%, depth=4
random-writers: (groupid=0, jobs=1): err= 0: pid=142912: Tue Jul 20 22:28:37 2021
  write: IOPS=2187, BW=68.4MiB/s (71.7MB/s)(20.0GiB/300001msec); 0 zone resets
    slat (usec): min=92, max=1492.9k, avg=433.91, stdev=11689.52
    clat (usec): min=11, max=1493.3k, avg=1375.69, stdev=20896.85
     lat (usec): min=152, max=1493.4k, avg=1810.73, stdev=24152.16
    clat percentiles (usec):
     |  1.00th=[   408],  5.00th=[   412], 10.00th=[   416], 20.00th=[   420],
     | 30.00th=[   424], 40.00th=[   441], 50.00th=[   449], 60.00th=[   457],
     | 70.00th=[   474], 80.00th=[   494], 90.00th=[   529], 95.00th=[   553],
     | 99.00th=[   635], 99.50th=[   807], 99.90th=[367002], 99.95th=[488637],
     | 99.99th=[767558]
   bw (  KiB/s): min=   21, max=2917898, per=40.28%, avg=71809.81, stdev=10638.79, samples=656266
   iops        : min=    2, max= 7232, avg=2355.95, stdev=2868.90, samples=557
  lat (usec)   : 20=0.01%, 250=0.01%, 500=82.19%, 750=17.22%, 1000=0.20%
  lat (msec)   : 2=0.04%, 4=0.01%, 10=0.02%, 20=0.02%, 50=0.03%
  lat (msec)   : 100=0.03%, 250=0.07%, 500=0.12%, 750=0.03%, 1000=0.01%
  lat (msec)   : 2000=0.01%
  cpu          : usr=3.12%, sys=32.50%, ctx=1059, majf=0, minf=5179
  IO depths    : 1=0.1%, 2=0.1%, 4=100.0%, 8=0.0%, 16=0.0%, 32=0.0%, >=64=0.0%
     submit    : 0=0.0%, 4=100.0%, 8=0.0%, 16=0.0%, 32=0.0%, 64=0.0%, >=64=0.0%
     complete  : 0=0.0%, 4=100.0%, 8=0.0%, 16=0.0%, 32=0.0%, 64=0.0%, >=64=0.0%
     issued rwts: total=0,656266,0,0 short=0,0,0,0 dropped=0,0,0,0
     latency   : target=0, window=0, percentile=100.00%, depth=4

Run status group 0 (all jobs):
  WRITE: bw=174MiB/s (183MB/s), 68.4MiB/s-106MiB/s (71.7MB/s-111MB/s), io=51.0GiB (54.8GB), run=300001-300180msec

random-writers: (groupid=0, jobs=1): err= 0: pid=142041: Tue Jul 20 22:28:38 2021
  write: IOPS=2512, BW=78.5MiB/s (82.3MB/s)(23.0GiB/300072msec); 0 zone resets
    slat (usec): min=93, max=1485.8k, avg=373.62, stdev=9434.99
    clat (usec): min=18, max=1486.2k, avg=1198.23, stdev=17005.88
     lat (usec): min=153, max=1486.4k, avg=1572.97, stdev=19633.41
    clat percentiles (usec):
     |  1.00th=[   412],  5.00th=[   420], 10.00th=[   424], 20.00th=[   429],
     | 30.00th=[   433], 40.00th=[   441], 50.00th=[   457], 60.00th=[   474],
     | 70.00th=[   490], 80.00th=[   510], 90.00th=[   545], 95.00th=[   570],
     | 99.00th=[   701], 99.50th=[   881], 99.90th=[312476], 99.95th=[421528],
     | 99.99th=[599786]
   bw (  KiB/s): min=   22, max=1785722, per=34.07%, avg=70090.13, stdev=9905.13, samples=754069
   iops        : min=    2, max= 7152, avg=2573.47, stdev=2982.88, samples=586
  lat (usec)   : 20=0.01%, 50=0.01%, 250=0.01%, 500=76.13%, 750=23.09%
  lat (usec)   : 1000=0.40%
  lat (msec)   : 2=0.08%, 4=0.01%, 10=0.01%, 20=0.01%, 50=0.03%
  lat (msec)   : 100=0.03%, 250=0.07%, 500=0.11%, 750=0.02%, 1000=0.01%
  lat (msec)   : 2000=0.01%
  cpu          : usr=3.65%, sys=38.46%, ctx=1160, majf=0, minf=5941
  IO depths    : 1=0.1%, 2=0.1%, 4=100.0%, 8=0.0%, 16=0.0%, 32=0.0%, >=64=0.0%
     submit    : 0=0.0%, 4=100.0%, 8=0.0%, 16=0.0%, 32=0.0%, 64=0.0%, >=64=0.0%
     complete  : 0=0.0%, 4=100.0%, 8=0.0%, 16=0.0%, 32=0.0%, 64=0.0%, >=64=0.0%
     issued rwts: total=0,754069,0,0 short=0,0,0,0 dropped=0,0,0,0
     latency   : target=0, window=0, percentile=100.00%, depth=4
random-writers: (groupid=0, jobs=1): err= 0: pid=142042: Tue Jul 20 22:28:38 2021
  write: IOPS=3917, BW=122MiB/s (128MB/s)(35.9GiB/300019msec); 0 zone resets
    slat (usec): min=95, max=343035, avg=226.87, stdev=3452.29
    clat (usec): min=15, max=856382, avg=770.27, stdev=7874.53
     lat (usec): min=154, max=856520, avg=998.32, stdev=8622.93
    clat percentiles (usec):
     |  1.00th=[   416],  5.00th=[   424], 10.00th=[   429], 20.00th=[   433],
     | 30.00th=[   449], 40.00th=[   469], 50.00th=[   486], 60.00th=[   498],
     | 70.00th=[   523], 80.00th=[   537], 90.00th=[   570], 95.00th=[   594],
     | 99.00th=[   701], 99.50th=[   848], 99.90th=[132645], 99.95th=[181404],
     | 99.99th=[295699]
   bw (  KiB/s): min=   38, max=2054420, per=32.72%, avg=67325.52, stdev=9703.85, samples=1175227
   iops        : min=   16, max= 7084, avg=3947.07, stdev=2064.35, samples=595
  lat (usec)   : 20=0.01%, 50=0.01%, 250=0.01%, 500=60.90%, 750=38.35%
  lat (usec)   : 1000=0.42%
  lat (msec)   : 2=0.10%, 4=0.01%, 10=0.01%, 20=0.02%, 50=0.03%
  lat (msec)   : 100=0.03%, 250=0.12%, 500=0.01%, 750=0.01%, 1000=0.01%
  cpu          : usr=5.81%, sys=64.09%, ctx=1254, majf=0, minf=9234
  IO depths    : 1=0.1%, 2=0.1%, 4=100.0%, 8=0.0%, 16=0.0%, 32=0.0%, >=64=0.0%
     submit    : 0=0.0%, 4=100.0%, 8=0.0%, 16=0.0%, 32=0.0%, 64=0.0%, >=64=0.0%
     complete  : 0=0.0%, 4=100.0%, 8=0.0%, 16=0.0%, 32=0.0%, 64=0.0%, >=64=0.0%
     issued rwts: total=0,1175227,0,0 short=0,0,0,0 dropped=0,0,0,0
     latency   : target=0, window=0, percentile=100.00%, depth=4

Run status group 0 (all jobs):
  WRITE: bw=201MiB/s (211MB/s), 78.5MiB/s-122MiB/s (82.3MB/s-128MB/s), io=58.9GiB (63.2GB), run=300019-300072msec


Batch Job Summary Report (version 21.01.1) for Job "fioRandWrite" (1471091) on tave

Job information (1/2)
-----------------------------------------------------------------------------------------------------
             Submit            Eligible               Start                 End    Elapsed Time limit
------------------- ------------------- ------------------- ------------------- ---------- ----------
2021-07-20T22:23:31 2021-07-20T22:23:31 2021-07-20T22:23:31 2021-07-20T22:28:45   00:05:14   00:15:00
-----------------------------------------------------------------------------------------------------

Job information (2/2)
-------------------------------------------------------------
    Username      Account    Partition   NNodes        Energy
------------ ------------ ------------ -------- -------------
    afilipci         g138       normal       16    640.265 kJ

