random-writers: (g=0): rw=randrw, bs=(R) 32.0KiB-32.0KiB, (W) 32.0KiB-32.0KiB, (T) 32.0KiB-32.0KiB, ioengine=libaio, iodepth=4
...
fio-3.27-32-g77c7-dirty
Starting 2 processes
random-writers: (g=0): rw=randrw, bs=(R) 32.0KiB-32.0KiB, (W) 32.0KiB-32.0KiB, (T) 32.0KiB-32.0KiB, ioengine=libaio, iodepth=4
...
fio-3.27-32-g77c7-dirty
Starting 2 processes
random-writers: Laying out IO file (1 file / 1024MiB)

random-writers: (groupid=0, jobs=1): err= 0: pid=173154: Tue Jul 13 12:10:13 2021
  read: IOPS=509, BW=15.9MiB/s (16.7MB/s)(4774MiB/300001msec)
    slat (usec): min=15, max=453131, avg=1683.98, stdev=4966.31
    clat (usec): min=11, max=958754, avg=2957.96, stdev=11199.84
     lat (usec): min=95, max=959792, avg=4643.88, stdev=12767.32
    clat percentiles (usec):
     |  1.00th=[   347],  5.00th=[   482], 10.00th=[   570], 20.00th=[  1020],
     | 30.00th=[  1287], 40.00th=[  1418], 50.00th=[  1631], 60.00th=[  1958],
     | 70.00th=[  2245], 80.00th=[  2769], 90.00th=[  6652], 95.00th=[  9765],
     | 99.00th=[ 17171], 99.50th=[ 26608], 99.90th=[ 87557], 99.95th=[128451],
     | 99.99th=[396362]
   bw (  KiB/s): min=  384, max=31936, per=50.93%, avg=16530.41, stdev=7465.57, samples=591
   iops        : min=   12, max=  998, avg=516.58, stdev=233.30, samples=591
  write: IOPS=509, BW=15.9MiB/s (16.7MB/s)(4779MiB/300001msec); 0 zone resets
    slat (usec): min=119, max=14469, avg=195.12, stdev=55.13
    clat (usec): min=83, max=939418, avg=2940.74, stdev=10411.45
     lat (usec): min=216, max=939591, avg=3137.08, stdev=10412.96
    clat percentiles (usec):
     |  1.00th=[   302],  5.00th=[   424], 10.00th=[   537], 20.00th=[  1020],
     | 30.00th=[  1270], 40.00th=[  1401], 50.00th=[  1598], 60.00th=[  1958],
     | 70.00th=[  2245], 80.00th=[  2802], 90.00th=[  6783], 95.00th=[  9765],
     | 99.00th=[ 17433], 99.50th=[ 26346], 99.90th=[ 80217], 99.95th=[113771],
     | 99.99th=[425722]
   bw (  KiB/s): min=  256, max=32896, per=50.89%, avg=16549.47, stdev=7519.73, samples=591
   iops        : min=    8, max= 1028, avg=517.17, stdev=234.99, samples=591
  lat (usec)   : 20=0.01%, 100=0.05%, 250=0.27%, 500=6.34%, 750=12.59%
  lat (usec)   : 1000=0.60%
  lat (msec)   : 2=41.66%, 4=24.43%, 10=9.40%, 20=3.93%, 50=0.48%
  lat (msec)   : 100=0.17%, 250=0.05%, 500=0.02%, 1000=0.01%
  cpu          : usr=1.77%, sys=22.21%, ctx=129632, majf=0, minf=44
  IO depths    : 1=0.1%, 2=0.1%, 4=100.0%, 8=0.0%, 16=0.0%, 32=0.0%, >=64=0.0%
     submit    : 0=0.0%, 4=100.0%, 8=0.0%, 16=0.0%, 32=0.0%, 64=0.0%, >=64=0.0%
     complete  : 0=0.0%, 4=100.0%, 8=0.0%, 16=0.0%, 32=0.0%, 64=0.0%, >=64=0.0%
     issued rwts: total=152776,152929,0,0 short=0,0,0,0 dropped=0,0,0,0
     latency   : target=0, window=0, percentile=100.00%, depth=4
random-writers: (groupid=0, jobs=1): err= 0: pid=173155: Tue Jul 13 12:10:13 2021
  read: IOPS=504, BW=15.8MiB/s (16.5MB/s)(4734MiB/300001msec)
    slat (usec): min=15, max=390620, avg=1697.27, stdev=5053.83
    clat (usec): min=11, max=949891, avg=2991.54, stdev=11085.13
     lat (usec): min=93, max=951346, avg=4690.89, stdev=12737.20
    clat percentiles (usec):
     |  1.00th=[   326],  5.00th=[   469], 10.00th=[   562], 20.00th=[   906],
     | 30.00th=[  1287], 40.00th=[  1434], 50.00th=[  1647], 60.00th=[  1958],
     | 70.00th=[  2311], 80.00th=[  2802], 90.00th=[  6652], 95.00th=[  9896],
     | 99.00th=[ 17957], 99.50th=[ 28181], 99.90th=[ 93848], 99.95th=[135267],
     | 99.99th=[467665]
   bw (  KiB/s): min=   64, max=32960, per=50.42%, avg=16364.97, stdev=7094.90, samples=592
   iops        : min=    2, max= 1030, avg=511.41, stdev=221.72, samples=592
  write: IOPS=506, BW=15.8MiB/s (16.6MB/s)(4749MiB/300001msec); 0 zone resets
    slat (usec): min=118, max=169304, avg=197.92, stdev=515.50
    clat (usec): min=81, max=949942, avg=2951.15, stdev=10677.68
     lat (usec): min=208, max=950158, avg=3150.27, stdev=10691.76
    clat percentiles (usec):
     |  1.00th=[   269],  5.00th=[   412], 10.00th=[   523], 20.00th=[   742],
     | 30.00th=[  1270], 40.00th=[  1401], 50.00th=[  1598], 60.00th=[  1958],
     | 70.00th=[  2278], 80.00th=[  2802], 90.00th=[  6587], 95.00th=[  9765],
     | 99.00th=[ 17695], 99.50th=[ 27657], 99.90th=[ 92799], 99.95th=[139461],
     | 99.99th=[387974]
   bw (  KiB/s): min=  128, max=32832, per=50.47%, avg=16414.70, stdev=7271.52, samples=592
   iops        : min=    4, max= 1026, avg=512.96, stdev=227.23, samples=592
  lat (usec)   : 20=0.01%, 100=0.08%, 250=0.40%, 500=6.75%, 750=12.51%
  lat (usec)   : 1000=0.62%
  lat (msec)   : 2=40.95%, 4=24.77%, 10=9.13%, 20=4.01%, 50=0.51%
  lat (msec)   : 100=0.17%, 250=0.06%, 500=0.02%, 1000=0.01%
  cpu          : usr=1.80%, sys=22.26%, ctx=127411, majf=0, minf=44
  IO depths    : 1=0.1%, 2=0.1%, 4=100.0%, 8=0.0%, 16=0.0%, 32=0.0%, >=64=0.0%
     submit    : 0=0.0%, 4=100.0%, 8=0.0%, 16=0.0%, 32=0.0%, 64=0.0%, >=64=0.0%
     complete  : 0=0.0%, 4=100.0%, 8=0.0%, 16=0.0%, 32=0.0%, 64=0.0%, >=64=0.0%
     issued rwts: total=151489,151965,0,0 short=0,0,0,0 dropped=0,0,0,0
     latency   : target=0, window=0, percentile=100.00%, depth=4

Run status group 0 (all jobs):
   READ: bw=31.7MiB/s (33.2MB/s), 15.8MiB/s-15.9MiB/s (16.5MB/s-16.7MB/s), io=9508MiB (9970MB), run=300001-300001msec
  WRITE: bw=31.8MiB/s (33.3MB/s), 15.8MiB/s-15.9MiB/s (16.6MB/s-16.7MB/s), io=9528MiB (9991MB), run=300001-300001msec

random-writers: (groupid=0, jobs=1): err= 0: pid=147401: Tue Jul 13 12:10:20 2021
  read: IOPS=438, BW=13.7MiB/s (14.4MB/s)(4114MiB/300002msec)
    slat (usec): min=15, max=344744, avg=1989.64, stdev=5720.07
    clat (usec): min=23, max=953542, avg=3470.61, stdev=12762.75
     lat (usec): min=103, max=955031, avg=5462.47, stdev=14647.78
    clat percentiles (usec):
     |  1.00th=[   433],  5.00th=[   570], 10.00th=[   635], 20.00th=[  1254],
     | 30.00th=[  1401], 40.00th=[  1598], 50.00th=[  1909], 60.00th=[  2180],
     | 70.00th=[  2540], 80.00th=[  3261], 90.00th=[  7898], 95.00th=[ 10552],
     | 99.00th=[ 20317], 99.50th=[ 34341], 99.90th=[120062], 99.95th=[202376],
     | 99.99th=[876610]
   bw (  KiB/s): min=  256, max=29056, per=51.04%, avg=14223.83, stdev=6943.47, samples=592
   iops        : min=    8, max=  908, avg=444.45, stdev=216.98, samples=592
  write: IOPS=439, BW=13.7MiB/s (14.4MB/s)(4117MiB/300002msec); 0 zone resets
    slat (usec): min=120, max=2387, avg=200.43, stdev=42.91
    clat (usec): min=83, max=954763, avg=3374.32, stdev=10604.72
     lat (usec): min=254, max=954887, avg=3575.98, stdev=10606.79
    clat percentiles (usec):
     |  1.00th=[   400],  5.00th=[   537], 10.00th=[   570], 20.00th=[  1237],
     | 30.00th=[  1385], 40.00th=[  1549], 50.00th=[  1893], 60.00th=[  2180],
     | 70.00th=[  2540], 80.00th=[  3261], 90.00th=[  7898], 95.00th=[ 10552],
     | 99.00th=[ 19530], 99.50th=[ 34341], 99.90th=[ 95945], 99.95th=[154141],
     | 99.99th=[316670]
   bw (  KiB/s): min=  256, max=29952, per=51.01%, avg=14258.97, stdev=7020.15, samples=591
   iops        : min=    8, max=  936, avg=445.55, stdev=219.37, samples=591
  lat (usec)   : 50=0.01%, 100=0.01%, 250=0.07%, 500=2.50%, 750=12.34%
  lat (usec)   : 1000=0.41%
  lat (msec)   : 2=38.37%, 4=29.29%, 10=10.98%, 20=5.03%, 50=0.70%
  lat (msec)   : 100=0.19%, 250=0.07%, 500=0.02%, 1000=0.01%
  cpu          : usr=1.62%, sys=20.49%, ctx=123296, majf=0, minf=44
  IO depths    : 1=0.1%, 2=0.1%, 4=100.0%, 8=0.0%, 16=0.0%, 32=0.0%, >=64=0.0%
     submit    : 0=0.0%, 4=100.0%, 8=0.0%, 16=0.0%, 32=0.0%, 64=0.0%, >=64=0.0%
     complete  : 0=0.0%, 4=100.0%, 8=0.0%, 16=0.0%, 32=0.0%, 64=0.0%, >=64=0.0%
     issued rwts: total=131652,131759,0,0 short=0,0,0,0 dropped=0,0,0,0
     latency   : target=0, window=0, percentile=100.00%, depth=4
random-writers: (groupid=0, jobs=1): err= 0: pid=147402: Tue Jul 13 12:10:20 2021
  read: IOPS=431, BW=13.5MiB/s (14.2MB/s)(4050MiB/300001msec)
    slat (usec): min=15, max=286567, avg=2025.99, stdev=5522.79
    clat (usec): min=19, max=1009.5k, avg=3484.53, stdev=11522.62
     lat (usec): min=97, max=1010.5k, avg=5512.96, stdev=13423.90
    clat percentiles (usec):
     |  1.00th=[   429],  5.00th=[   570], 10.00th=[   644], 20.00th=[  1237],
     | 30.00th=[  1401], 40.00th=[  1582], 50.00th=[  1876], 60.00th=[  2180],
     | 70.00th=[  2540], 80.00th=[  3392], 90.00th=[  8094], 95.00th=[ 10683],
     | 99.00th=[ 20317], 99.50th=[ 34866], 99.90th=[113771], 99.95th=[191890],
     | 99.99th=[320865]
   bw (  KiB/s): min=  320, max=29376, per=50.21%, avg=13990.41, stdev=6726.70, samples=592
   iops        : min=   10, max=  918, avg=437.15, stdev=210.21, samples=592
  write: IOPS=434, BW=13.6MiB/s (14.2MB/s)(4072MiB/300001msec); 0 zone resets
    slat (usec): min=116, max=7051, avg=203.32, stdev=51.98
    clat (usec): min=82, max=1009.6k, avg=3453.40, stdev=11071.06
     lat (usec): min=211, max=1009.8k, avg=3658.02, stdev=11073.00
    clat percentiles (usec):
     |  1.00th=[   392],  5.00th=[   529], 10.00th=[   570], 20.00th=[  1221],
     | 30.00th=[  1369], 40.00th=[  1549], 50.00th=[  1876], 60.00th=[  2180],
     | 70.00th=[  2540], 80.00th=[  3425], 90.00th=[  8225], 95.00th=[ 10683],
     | 99.00th=[ 20317], 99.50th=[ 34341], 99.90th=[ 96994], 99.95th=[175113],
     | 99.99th=[283116]
   bw (  KiB/s): min=  256, max=30336, per=50.32%, avg=14067.71, stdev=6785.48, samples=592
   iops        : min=    8, max=  948, avg=439.57, stdev=212.04, samples=592
  lat (usec)   : 20=0.01%, 100=0.01%, 250=0.10%, 500=2.62%, 750=12.32%
  lat (usec)   : 1000=0.67%
  lat (msec)   : 2=38.50%, 4=27.77%, 10=11.62%, 20=5.34%, 50=0.73%
  lat (msec)   : 100=0.20%, 250=0.08%, 500=0.02%, 1000=0.01%, 2000=0.01%
  cpu          : usr=1.68%, sys=20.26%, ctx=120467, majf=0, minf=44
  IO depths    : 1=0.1%, 2=0.1%, 4=100.0%, 8=0.0%, 16=0.0%, 32=0.0%, >=64=0.0%
     submit    : 0=0.0%, 4=100.0%, 8=0.0%, 16=0.0%, 32=0.0%, 64=0.0%, >=64=0.0%
     complete  : 0=0.0%, 4=100.0%, 8=0.0%, 16=0.0%, 32=0.0%, 64=0.0%, >=64=0.0%
     issued rwts: total=129586,130299,0,0 short=0,0,0,0 dropped=0,0,0,0
     latency   : target=0, window=0, percentile=100.00%, depth=4

Run status group 0 (all jobs):
   READ: bw=27.2MiB/s (28.5MB/s), 13.5MiB/s-13.7MiB/s (14.2MB/s-14.4MB/s), io=8164MiB (8560MB), run=300001-300002msec
  WRITE: bw=27.3MiB/s (28.6MB/s), 13.6MiB/s-13.7MiB/s (14.2MB/s-14.4MB/s), io=8189MiB (8587MB), run=300001-300002msec


Batch Job Summary Report (version 21.01.1) for Job "fioRandrw" (1470609) on tave

Job information (1/2)
-----------------------------------------------------------------------------------------------------
             Submit            Eligible               Start                 End    Elapsed Time limit
------------------- ------------------- ------------------- ------------------- ---------- ----------
2021-07-13T12:05:09 2021-07-13T12:05:09 2021-07-13T12:05:09 2021-07-13T12:10:22   00:05:13   00:15:00
-----------------------------------------------------------------------------------------------------

Job information (2/2)
-------------------------------------------------------------
    Username      Account    Partition   NNodes        Energy
------------ ------------ ------------ -------- -------------
    afilipci         g138       normal        2     80.677 kJ

