random-writers: (g=0): rw=randwrite, bs=(R) 32.0KiB-32.0KiB, (W) 32.0KiB-32.0KiB, (T) 32.0KiB-32.0KiB, ioengine=libaio, iodepth=4
...
fio-3.27-32-g77c7-dirty
Starting 8 processes
random-writers: (g=0): rw=randwrite, bs=(R) 32.0KiB-32.0KiB, (W) 32.0KiB-32.0KiB, (T) 32.0KiB-32.0KiB, ioengine=libaio, iodepth=4
...
fio-3.27-32-g77c7-dirty
Starting 8 processes

random-writers: (groupid=0, jobs=1): err= 0: pid=212284: Tue Jul 20 12:48:46 2021
  write: IOPS=1483, BW=46.4MiB/s (48.6MB/s)(13.6GiB/300058msec); 0 zone resets
    slat (usec): min=99, max=679345, avg=631.85, stdev=8161.93
    clat (usec): min=18, max=1057.2k, avg=2027.45, stdev=16436.98
     lat (usec): min=183, max=1057.5k, avg=2660.89, stdev=18341.20
    clat percentiles (usec):
     |  1.00th=[   482],  5.00th=[   523], 10.00th=[   545], 20.00th=[   570],
     | 30.00th=[   586], 40.00th=[   611], 50.00th=[   627], 60.00th=[   652],
     | 70.00th=[   676], 80.00th=[   717], 90.00th=[   783], 95.00th=[   889],
     | 99.00th=[ 38011], 99.50th=[101188], 99.90th=[221250], 99.95th=[274727],
     | 99.99th=[658506]
   bw (  KiB/s): min=   30, max=1765517, per=7.82%, avg=50944.41, stdev=11977.52, samples=445151
   iops        : min=    8, max= 5390, avg=1510.79, stdev=1058.42, samples=589
  lat (usec)   : 20=0.01%, 50=0.01%, 250=0.01%, 500=2.01%, 750=84.49%
  lat (usec)   : 1000=10.34%
  lat (msec)   : 2=1.34%, 4=0.07%, 10=0.21%, 20=0.25%, 50=0.42%
  lat (msec)   : 100=0.36%, 250=0.43%, 500=0.06%, 750=0.01%, 1000=0.01%
  lat (msec)   : 2000=0.01%
  cpu          : usr=2.85%, sys=32.85%, ctx=3183, majf=0, minf=3527
  IO depths    : 1=0.1%, 2=0.1%, 4=100.0%, 8=0.0%, 16=0.0%, 32=0.0%, >=64=0.0%
     submit    : 0=0.0%, 4=100.0%, 8=0.0%, 16=0.0%, 32=0.0%, 64=0.0%, >=64=0.0%
     complete  : 0=0.0%, 4=100.0%, 8=0.0%, 16=0.0%, 32=0.0%, 64=0.0%, >=64=0.0%
     issued rwts: total=0,445151,0,0 short=0,0,0,0 dropped=0,0,0,0
     latency   : target=0, window=0, percentile=100.00%, depth=4
random-writers: (groupid=0, jobs=1): err= 0: pid=212285: Tue Jul 20 12:48:46 2021
  write: IOPS=1428, BW=44.6MiB/s (46.8MB/s)(13.1GiB/300058msec); 0 zone resets
    slat (usec): min=98, max=773991, avg=658.94, stdev=8627.55
    clat (usec): min=18, max=965228, avg=2104.67, stdev=16987.87
     lat (usec): min=159, max=965409, avg=2765.15, stdev=19086.36
    clat percentiles (usec):
     |  1.00th=[   469],  5.00th=[   506], 10.00th=[   529], 20.00th=[   553],
     | 30.00th=[   578], 40.00th=[   594], 50.00th=[   611], 60.00th=[   635],
     | 70.00th=[   660], 80.00th=[   693], 90.00th=[   750], 95.00th=[   848],
     | 99.00th=[ 42730], 99.50th=[108528], 99.90th=[233833], 99.95th=[291505],
     | 99.99th=[658506]
   bw (  KiB/s): min=   33, max=1759828, per=8.06%, avg=52450.21, stdev=12427.92, samples=428658
   iops        : min=    8, max= 5450, avg=1452.40, stdev=1035.37, samples=590
  lat (usec)   : 20=0.01%, 50=0.01%, 250=0.01%, 500=3.98%, 750=85.93%
  lat (usec)   : 1000=7.16%
  lat (msec)   : 2=1.05%, 4=0.08%, 10=0.21%, 20=0.25%, 50=0.43%
  lat (msec)   : 100=0.36%, 250=0.47%, 500=0.07%, 750=0.01%, 1000=0.01%
  cpu          : usr=2.65%, sys=30.68%, ctx=3093, majf=0, minf=3400
  IO depths    : 1=0.1%, 2=0.1%, 4=100.0%, 8=0.0%, 16=0.0%, 32=0.0%, >=64=0.0%
     submit    : 0=0.0%, 4=100.0%, 8=0.0%, 16=0.0%, 32=0.0%, 64=0.0%, >=64=0.0%
     complete  : 0=0.0%, 4=100.0%, 8=0.0%, 16=0.0%, 32=0.0%, 64=0.0%, >=64=0.0%
     issued rwts: total=0,428658,0,0 short=0,0,0,0 dropped=0,0,0,0
     latency   : target=0, window=0, percentile=100.00%, depth=4
random-writers: (groupid=0, jobs=1): err= 0: pid=212286: Tue Jul 20 12:48:46 2021
  write: IOPS=3290, BW=103MiB/s (108MB/s)(30.1GiB/300001msec); 0 zone resets
    slat (usec): min=93, max=1153.3k, avg=280.06, stdev=5987.47
    clat (usec): min=11, max=1154.1k, avg=916.33, stdev=11015.33
     lat (usec): min=150, max=1154.4k, avg=1197.63, stdev=12659.19
    clat percentiles (usec):
     |  1.00th=[   412],  5.00th=[   420], 10.00th=[   424], 20.00th=[   429],
     | 30.00th=[   437], 40.00th=[   449], 50.00th=[   457], 60.00th=[   469],
     | 70.00th=[   482], 80.00th=[   506], 90.00th=[   537], 95.00th=[   586],
     | 99.00th=[   824], 99.50th=[   955], 99.90th=[214959], 99.95th=[274727],
     | 99.99th=[379585]
   bw (  KiB/s): min=   28, max=2739799, per=10.74%, avg=69943.17, stdev=9975.81, samples=987014
   iops        : min=    2, max= 7258, avg=3305.19, stdev=2985.00, samples=596
  lat (usec)   : 20=0.01%, 50=0.01%, 250=0.01%, 500=78.52%, 750=19.97%
  lat (usec)   : 1000=1.08%
  lat (msec)   : 2=0.14%, 4=0.01%, 10=0.02%, 20=0.02%, 50=0.03%
  lat (msec)   : 100=0.03%, 250=0.09%, 500=0.07%, 750=0.01%, 1000=0.01%
  lat (msec)   : 2000=0.01%
  cpu          : usr=4.98%, sys=50.09%, ctx=1282, majf=0, minf=7763
  IO depths    : 1=0.1%, 2=0.1%, 4=100.0%, 8=0.0%, 16=0.0%, 32=0.0%, >=64=0.0%
     submit    : 0=0.0%, 4=100.0%, 8=0.0%, 16=0.0%, 32=0.0%, 64=0.0%, >=64=0.0%
     complete  : 0=0.0%, 4=100.0%, 8=0.0%, 16=0.0%, 32=0.0%, 64=0.0%, >=64=0.0%
     issued rwts: total=0,987014,0,0 short=0,0,0,0 dropped=0,0,0,0
     latency   : target=0, window=0, percentile=100.00%, depth=4
random-writers: (groupid=0, jobs=1): err= 0: pid=212287: Tue Jul 20 12:48:46 2021
  write: IOPS=3384, BW=106MiB/s (111MB/s)(31.0GiB/300106msec); 0 zone resets
    slat (usec): min=92, max=1283.3k, avg=271.27, stdev=5968.70
    clat (usec): min=18, max=1283.8k, avg=890.74, stdev=11051.32
     lat (usec): min=156, max=1284.0k, avg=1163.20, stdev=12664.72
    clat percentiles (usec):
     |  1.00th=[   412],  5.00th=[   416], 10.00th=[   420], 20.00th=[   424],
     | 30.00th=[   429], 40.00th=[   441], 50.00th=[   453], 60.00th=[   461],
     | 70.00th=[   474], 80.00th=[   490], 90.00th=[   529], 95.00th=[   553],
     | 99.00th=[   766], 99.50th=[   906], 99.90th=[208667], 99.95th=[274727],
     | 99.99th=[400557]
   bw (  KiB/s): min=   25, max=1769330, per=10.94%, avg=71239.35, stdev=9184.92, samples=1015809
   iops        : min=    8, max= 7130, avg=3436.09, stdev=3083.25, samples=591
  lat (usec)   : 20=0.01%, 50=0.01%, 250=0.01%, 500=83.68%, 750=15.24%
  lat (usec)   : 1000=0.70%
  lat (msec)   : 2=0.12%, 4=0.01%, 10=0.01%, 20=0.02%, 50=0.03%
  lat (msec)   : 100=0.03%, 250=0.09%, 500=0.06%, 750=0.01%, 1000=0.01%
  lat (msec)   : 2000=0.01%
  cpu          : usr=4.94%, sys=50.85%, ctx=1244, majf=0, minf=7989
  IO depths    : 1=0.1%, 2=0.1%, 4=100.0%, 8=0.0%, 16=0.0%, 32=0.0%, >=64=0.0%
     submit    : 0=0.0%, 4=100.0%, 8=0.0%, 16=0.0%, 32=0.0%, 64=0.0%, >=64=0.0%
     complete  : 0=0.0%, 4=100.0%, 8=0.0%, 16=0.0%, 32=0.0%, 64=0.0%, >=64=0.0%
     issued rwts: total=0,1015809,0,0 short=0,0,0,0 dropped=0,0,0,0
     latency   : target=0, window=0, percentile=100.00%, depth=4
random-writers: (groupid=0, jobs=1): err= 0: pid=212288: Tue Jul 20 12:48:46 2021
  write: IOPS=3386, BW=106MiB/s (111MB/s)(31.0GiB/300028msec); 0 zone resets
    slat (usec): min=93, max=1008.1k, avg=270.93, stdev=5669.39
    clat (usec): min=18, max=1008.5k, avg=890.53, stdev=10526.79
     lat (usec): min=158, max=1008.7k, avg=1162.65, stdev=12038.85
    clat percentiles (usec):
     |  1.00th=[   416],  5.00th=[   420], 10.00th=[   424], 20.00th=[   429],
     | 30.00th=[   433], 40.00th=[   445], 50.00th=[   457], 60.00th=[   469],
     | 70.00th=[   482], 80.00th=[   502], 90.00th=[   537], 95.00th=[   586],
     | 99.00th=[   840], 99.50th=[   963], 99.90th=[200279], 99.95th=[270533],
     | 99.99th=[400557]
   bw (  KiB/s): min=   32, max=1742978, per=10.76%, avg=70093.15, stdev=9708.16, samples=1015903
   iops        : min=    8, max= 7078, avg=3397.34, stdev=3023.61, samples=598
  lat (usec)   : 20=0.01%, 50=0.01%, 250=0.01%, 500=79.75%, 750=18.60%
  lat (usec)   : 1000=1.22%
  lat (msec)   : 2=0.17%, 4=0.01%, 10=0.01%, 20=0.02%, 50=0.03%
  lat (msec)   : 100=0.03%, 250=0.09%, 500=0.06%, 750=0.01%, 2000=0.01%
  cpu          : usr=5.08%, sys=51.69%, ctx=1265, majf=0, minf=7989
  IO depths    : 1=0.1%, 2=0.1%, 4=100.0%, 8=0.0%, 16=0.0%, 32=0.0%, >=64=0.0%
     submit    : 0=0.0%, 4=100.0%, 8=0.0%, 16=0.0%, 32=0.0%, 64=0.0%, >=64=0.0%
     complete  : 0=0.0%, 4=100.0%, 8=0.0%, 16=0.0%, 32=0.0%, 64=0.0%, >=64=0.0%
     issued rwts: total=0,1015903,0,0 short=0,0,0,0 dropped=0,0,0,0
     latency   : target=0, window=0, percentile=100.00%, depth=4
random-writers: (groupid=0, jobs=1): err= 0: pid=212289: Tue Jul 20 12:48:46 2021
  write: IOPS=1967, BW=61.5MiB/s (64.5MB/s)(18.0GiB/300184msec); 0 zone resets
    slat (usec): min=94, max=812498, avg=476.35, stdev=7934.35
    clat (usec): min=18, max=812948, avg=1529.80, stdev=14764.29
     lat (usec): min=162, max=813108, avg=2007.51, stdev=16784.17
    clat percentiles (usec):
     |  1.00th=[   433],  5.00th=[   449], 10.00th=[   461], 20.00th=[   490],
     | 30.00th=[   510], 40.00th=[   529], 50.00th=[   545], 60.00th=[   570],
     | 70.00th=[   586], 80.00th=[   619], 90.00th=[   676], 95.00th=[   758],
     | 99.00th=[  4817], 99.50th=[ 56886], 99.90th=[240124], 99.95th=[316670],
     | 99.99th=[574620]
   bw (  KiB/s): min=   40, max=1791580, per=9.08%, avg=59098.36, stdev=12280.09, samples=590571
   iops        : min=    2, max= 6484, avg=1998.36, stdev=1765.20, samples=591
  lat (usec)   : 20=0.01%, 50=0.01%, 250=0.01%, 500=24.79%, 750=69.85%
  lat (usec)   : 1000=3.59%
  lat (msec)   : 2=0.70%, 4=0.06%, 10=0.10%, 20=0.14%, 50=0.23%
  lat (msec)   : 100=0.21%, 250=0.24%, 500=0.08%, 750=0.01%, 1000=0.01%
  cpu          : usr=3.36%, sys=36.74%, ctx=2469, majf=0, minf=4665
  IO depths    : 1=0.1%, 2=0.1%, 4=100.0%, 8=0.0%, 16=0.0%, 32=0.0%, >=64=0.0%
     submit    : 0=0.0%, 4=100.0%, 8=0.0%, 16=0.0%, 32=0.0%, 64=0.0%, >=64=0.0%
     complete  : 0=0.0%, 4=100.0%, 8=0.0%, 16=0.0%, 32=0.0%, 64=0.0%, >=64=0.0%
     issued rwts: total=0,590571,0,0 short=0,0,0,0 dropped=0,0,0,0
     latency   : target=0, window=0, percentile=100.00%, depth=4
random-writers: (groupid=0, jobs=1): err= 0: pid=212290: Tue Jul 20 12:48:46 2021
  write: IOPS=3384, BW=106MiB/s (111MB/s)(31.0GiB/300137msec); 0 zone resets
    slat (usec): min=93, max=1087.8k, avg=270.09, stdev=5412.81
    clat (usec): min=18, max=1088.2k, avg=890.88, stdev=10265.24
     lat (usec): min=149, max=1088.4k, avg=1162.15, stdev=11700.77
    clat percentiles (usec):
     |  1.00th=[   412],  5.00th=[   420], 10.00th=[   424], 20.00th=[   433],
     | 30.00th=[   437], 40.00th=[   449], 50.00th=[   465], 60.00th=[   478],
     | 70.00th=[   490], 80.00th=[   510], 90.00th=[   545], 95.00th=[   586],
     | 99.00th=[   832], 99.50th=[   996], 99.90th=[173016], 99.95th=[246416],
     | 99.99th=[396362]
   bw (  KiB/s): min=   30, max=1820444, per=10.66%, avg=69442.79, stdev=9667.00, samples=1015841
   iops        : min=    4, max= 7224, avg=3420.22, stdev=2880.12, samples=594
  lat (usec)   : 20=0.01%, 50=0.01%, 250=0.01%, 500=75.20%, 750=23.37%
  lat (usec)   : 1000=0.93%
  lat (msec)   : 2=0.21%, 4=0.01%, 10=0.02%, 20=0.02%, 50=0.04%
  lat (msec)   : 100=0.03%, 250=0.12%, 500=0.04%, 750=0.01%, 1000=0.01%
  lat (msec)   : 2000=0.01%
  cpu          : usr=5.08%, sys=52.46%, ctx=1488, majf=0, minf=7988
  IO depths    : 1=0.1%, 2=0.1%, 4=100.0%, 8=0.0%, 16=0.0%, 32=0.0%, >=64=0.0%
     submit    : 0=0.0%, 4=100.0%, 8=0.0%, 16=0.0%, 32=0.0%, 64=0.0%, >=64=0.0%
     complete  : 0=0.0%, 4=100.0%, 8=0.0%, 16=0.0%, 32=0.0%, 64=0.0%, >=64=0.0%
     issued rwts: total=0,1015841,0,0 short=0,0,0,0 dropped=0,0,0,0
     latency   : target=0, window=0, percentile=100.00%, depth=4
random-writers: (groupid=0, jobs=1): err= 0: pid=212291: Tue Jul 20 12:48:46 2021
  write: IOPS=2030, BW=63.5MiB/s (66.5MB/s)(18.6GiB/300001msec); 0 zone resets
    slat (usec): min=95, max=1005.5k, avg=459.23, stdev=7830.70
    clat (usec): min=13, max=1006.0k, avg=1482.23, stdev=14804.26
     lat (usec): min=184, max=1006.2k, avg=1942.90, stdev=16811.77
    clat percentiles (usec):
     |  1.00th=[   433],  5.00th=[   457], 10.00th=[   478], 20.00th=[   502],
     | 30.00th=[   529], 40.00th=[   545], 50.00th=[   562], 60.00th=[   586],
     | 70.00th=[   611], 80.00th=[   635], 90.00th=[   701], 95.00th=[   791],
     | 99.00th=[  1500], 99.50th=[ 47449], 99.90th=[229639], 99.95th=[316670],
     | 99.99th=[591397]
   bw (  KiB/s): min=   32, max=2400586, per=8.83%, avg=57468.31, stdev=12354.21, samples=609250
   iops        : min=    2, max= 6124, avg=2066.52, stdev=1866.90, samples=588
  lat (usec)   : 20=0.01%, 50=0.01%, 250=0.01%, 500=18.45%, 750=75.02%
  lat (usec)   : 1000=4.58%
  lat (msec)   : 2=0.97%, 4=0.05%, 10=0.10%, 20=0.13%, 50=0.21%
  lat (msec)   : 100=0.18%, 250=0.22%, 500=0.08%, 750=0.01%, 1000=0.01%
  lat (msec)   : 2000=0.01%
  cpu          : usr=3.66%, sys=39.07%, ctx=2332, majf=0, minf=4813
  IO depths    : 1=0.1%, 2=0.1%, 4=100.0%, 8=0.0%, 16=0.0%, 32=0.0%, >=64=0.0%
     submit    : 0=0.0%, 4=100.0%, 8=0.0%, 16=0.0%, 32=0.0%, 64=0.0%, >=64=0.0%
     complete  : 0=0.0%, 4=100.0%, 8=0.0%, 16=0.0%, 32=0.0%, 64=0.0%, >=64=0.0%
     issued rwts: total=0,609250,0,0 short=0,0,0,0 dropped=0,0,0,0
     latency   : target=0, window=0, percentile=100.00%, depth=4

Run status group 0 (all jobs):
  WRITE: bw=636MiB/s (667MB/s), 44.6MiB/s-106MiB/s (46.8MB/s-111MB/s), io=186GiB (200GB), run=300001-300184msec

random-writers: (groupid=0, jobs=1): err= 0: pid=136978: Tue Jul 20 12:48:46 2021
  write: IOPS=2185, BW=68.3MiB/s (71.6MB/s)(20.0GiB/300034msec); 0 zone resets
    slat (usec): min=95, max=1185.0k, avg=422.60, stdev=7834.42
    clat (usec): min=18, max=1185.7k, avg=1377.71, stdev=15091.40
     lat (usec): min=156, max=1186.0k, avg=1801.71, stdev=17088.22
    clat percentiles (usec):
     |  1.00th=[   429],  5.00th=[   449], 10.00th=[   469], 20.00th=[   498],
     | 30.00th=[   519], 40.00th=[   537], 50.00th=[   553], 60.00th=[   578],
     | 70.00th=[   594], 80.00th=[   627], 90.00th=[   685], 95.00th=[   758],
     | 99.00th=[  1139], 99.50th=[ 18744], 99.90th=[238027], 99.95th=[312476],
     | 99.99th=[608175]
   bw (  KiB/s): min=   27, max=1807391, per=6.93%, avg=58538.39, stdev=11587.75, samples=655705
   iops        : min=    2, max= 6452, avg=2233.84, stdev=1858.99, samples=587
  lat (usec)   : 20=0.01%, 50=0.01%, 250=0.01%, 500=21.54%, 750=73.26%
  lat (usec)   : 1000=3.57%
  lat (msec)   : 2=1.01%, 4=0.02%, 10=0.04%, 20=0.05%, 50=0.11%
  lat (msec)   : 100=0.10%, 250=0.20%, 500=0.07%, 750=0.01%, 1000=0.01%
  lat (msec)   : 2000=0.01%
  cpu          : usr=3.79%, sys=41.89%, ctx=1788, majf=0, minf=5174
  IO depths    : 1=0.1%, 2=0.1%, 4=100.0%, 8=0.0%, 16=0.0%, 32=0.0%, >=64=0.0%
     submit    : 0=0.0%, 4=100.0%, 8=0.0%, 16=0.0%, 32=0.0%, 64=0.0%, >=64=0.0%
     complete  : 0=0.0%, 4=100.0%, 8=0.0%, 16=0.0%, 32=0.0%, 64=0.0%, >=64=0.0%
     issued rwts: total=0,655705,0,0 short=0,0,0,0 dropped=0,0,0,0
     latency   : target=0, window=0, percentile=100.00%, depth=4
random-writers: (groupid=0, jobs=1): err= 0: pid=136979: Tue Jul 20 12:48:46 2021
  write: IOPS=3286, BW=103MiB/s (108MB/s)(30.1GiB/300001msec); 0 zone resets
    slat (usec): min=93, max=1361.7k, avg=279.86, stdev=6032.04
    clat (usec): min=11, max=1362.1k, avg=917.42, stdev=11263.30
     lat (usec): min=143, max=1362.3k, avg=1198.51, stdev=12907.73
    clat percentiles (usec):
     |  1.00th=[   412],  5.00th=[   420], 10.00th=[   424], 20.00th=[   429],
     | 30.00th=[   437], 40.00th=[   453], 50.00th=[   465], 60.00th=[   474],
     | 70.00th=[   490], 80.00th=[   515], 90.00th=[   553], 95.00th=[   603],
     | 99.00th=[   857], 99.50th=[   996], 99.90th=[198181], 99.95th=[278922],
     | 99.99th=[408945]
   bw (  KiB/s): min=   24, max=2846915, per=8.19%, avg=69193.76, stdev=10435.47, samples=985865
   iops        : min=    8, max= 7182, avg=3324.30, stdev=2963.28, samples=592
  lat (usec)   : 20=0.01%, 250=0.01%, 500=75.06%, 750=23.16%, 1000=1.28%
  lat (msec)   : 2=0.23%, 4=0.01%, 10=0.01%, 20=0.02%, 50=0.03%
  lat (msec)   : 100=0.03%, 250=0.09%, 500=0.06%, 750=0.01%, 1000=0.01%
  lat (msec)   : 2000=0.01%
  cpu          : usr=4.93%, sys=50.96%, ctx=1299, majf=0, minf=7755
  IO depths    : 1=0.1%, 2=0.1%, 4=100.0%, 8=0.0%, 16=0.0%, 32=0.0%, >=64=0.0%
     submit    : 0=0.0%, 4=100.0%, 8=0.0%, 16=0.0%, 32=0.0%, 64=0.0%, >=64=0.0%
     complete  : 0=0.0%, 4=100.0%, 8=0.0%, 16=0.0%, 32=0.0%, 64=0.0%, >=64=0.0%
     issued rwts: total=0,985865,0,0 short=0,0,0,0 dropped=0,0,0,0
     latency   : target=0, window=0, percentile=100.00%, depth=4
random-writers: (groupid=0, jobs=1): err= 0: pid=136980: Tue Jul 20 12:48:46 2021
  write: IOPS=3382, BW=106MiB/s (111MB/s)(31.0GiB/300292msec); 0 zone resets
    slat (usec): min=93, max=1236.2k, avg=271.09, stdev=5807.49
    clat (usec): min=18, max=1236.8k, avg=891.30, stdev=10846.07
     lat (usec): min=158, max=1237.0k, avg=1163.59, stdev=12407.75
    clat percentiles (usec):
     |  1.00th=[   412],  5.00th=[   416], 10.00th=[   416], 20.00th=[   420],
     | 30.00th=[   429], 40.00th=[   441], 50.00th=[   457], 60.00th=[   465],
     | 70.00th=[   478], 80.00th=[   498], 90.00th=[   537], 95.00th=[   578],
     | 99.00th=[   848], 99.50th=[   979], 99.90th=[200279], 99.95th=[274727],
     | 99.99th=[421528]
   bw (  KiB/s): min=   26, max=1775081, per=8.39%, avg=70915.32, stdev=9636.74, samples=1015809
   iops        : min=    2, max= 7174, avg=3397.38, stdev=3046.90, samples=598
  lat (usec)   : 20=0.01%, 50=0.01%, 100=0.01%, 250=0.01%, 500=81.44%
  lat (usec)   : 750=17.06%, 1000=1.06%
  lat (msec)   : 2=0.18%, 4=0.01%, 10=0.01%, 20=0.01%, 50=0.03%
  lat (msec)   : 100=0.03%, 250=0.09%, 500=0.06%, 750=0.01%, 1000=0.01%
  lat (msec)   : 2000=0.01%
  cpu          : usr=4.95%, sys=51.34%, ctx=1362, majf=0, minf=7988
  IO depths    : 1=0.1%, 2=0.1%, 4=100.0%, 8=0.0%, 16=0.0%, 32=0.0%, >=64=0.0%
     submit    : 0=0.0%, 4=100.0%, 8=0.0%, 16=0.0%, 32=0.0%, 64=0.0%, >=64=0.0%
     complete  : 0=0.0%, 4=100.0%, 8=0.0%, 16=0.0%, 32=0.0%, 64=0.0%, >=64=0.0%
     issued rwts: total=0,1015809,0,0 short=0,0,0,0 dropped=0,0,0,0
     latency   : target=0, window=0, percentile=100.00%, depth=4
random-writers: (groupid=0, jobs=1): err= 0: pid=136981: Tue Jul 20 12:48:46 2021
  write: IOPS=3382, BW=106MiB/s (111MB/s)(31.0GiB/300346msec); 0 zone resets
    slat (usec): min=93, max=1200.4k, avg=270.90, stdev=5789.55
    clat (usec): min=18, max=1200.8k, avg=891.51, stdev=10828.84
     lat (usec): min=157, max=1298.3k, avg=1163.60, stdev=12418.42
    clat percentiles (usec):
     |  1.00th=[   412],  5.00th=[   416], 10.00th=[   420], 20.00th=[   424],
     | 30.00th=[   429], 40.00th=[   441], 50.00th=[   457], 60.00th=[   469],
     | 70.00th=[   482], 80.00th=[   502], 90.00th=[   537], 95.00th=[   586],
     | 99.00th=[   832], 99.50th=[   963], 99.90th=[196084], 99.95th=[274727],
     | 99.99th=[421528]
   bw (  KiB/s): min=   27, max=1772201, per=8.32%, avg=70284.16, stdev=9706.89, samples=1015809
   iops        : min=    6, max= 7132, avg=3408.78, stdev=3033.85, samples=596
  lat (usec)   : 20=0.01%, 50=0.01%, 250=0.01%, 500=78.98%, 750=19.46%
  lat (usec)   : 1000=1.13%
  lat (msec)   : 2=0.17%, 4=0.02%, 10=0.01%, 20=0.01%, 50=0.03%
  lat (msec)   : 100=0.03%, 250=0.09%, 500=0.06%, 750=0.01%, 1000=0.01%
  lat (msec)   : 2000=0.01%
  cpu          : usr=4.89%, sys=51.93%, ctx=1265, majf=0, minf=7989
  IO depths    : 1=0.1%, 2=0.1%, 4=100.0%, 8=0.0%, 16=0.0%, 32=0.0%, >=64=0.0%
     submit    : 0=0.0%, 4=100.0%, 8=0.0%, 16=0.0%, 32=0.0%, 64=0.0%, >=64=0.0%
     complete  : 0=0.0%, 4=100.0%, 8=0.0%, 16=0.0%, 32=0.0%, 64=0.0%, >=64=0.0%
     issued rwts: total=0,1015809,0,0 short=0,0,0,0 dropped=0,0,0,0
     latency   : target=0, window=0, percentile=100.00%, depth=4
random-writers: (groupid=0, jobs=1): err= 0: pid=136982: Tue Jul 20 12:48:46 2021
  write: IOPS=3058, BW=95.6MiB/s (100MB/s)(28.0GiB/300040msec); 0 zone resets
    slat (usec): min=93, max=939141, avg=300.79, stdev=6489.40
    clat (usec): min=18, max=939625, avg=985.56, stdev=12023.83
     lat (usec): min=151, max=965061, avg=1287.55, stdev=13743.71
    clat percentiles (usec):
     |  1.00th=[   412],  5.00th=[   420], 10.00th=[   424], 20.00th=[   433],
     | 30.00th=[   441], 40.00th=[   453], 50.00th=[   469], 60.00th=[   486],
     | 70.00th=[   502], 80.00th=[   529], 90.00th=[   570], 95.00th=[   611],
     | 99.00th=[   848], 99.50th=[   988], 99.90th=[229639], 99.95th=[304088],
     | 99.99th=[442500]
   bw (  KiB/s): min=   34, max=1797476, per=8.09%, avg=68333.08, stdev=10380.24, samples=917542
   iops        : min=    2, max= 7138, avg=3089.27, stdev=2861.69, samples=594
  lat (usec)   : 20=0.01%, 50=0.01%, 250=0.01%, 500=68.80%, 750=29.53%
  lat (usec)   : 1000=1.19%
  lat (msec)   : 2=0.19%, 4=0.01%, 10=0.01%, 20=0.02%, 50=0.03%
  lat (msec)   : 100=0.03%, 250=0.10%, 500=0.08%, 750=0.01%, 1000=0.01%
  cpu          : usr=4.56%, sys=48.61%, ctx=1459, majf=0, minf=7221
  IO depths    : 1=0.1%, 2=0.1%, 4=100.0%, 8=0.0%, 16=0.0%, 32=0.0%, >=64=0.0%
     submit    : 0=0.0%, 4=100.0%, 8=0.0%, 16=0.0%, 32=0.0%, 64=0.0%, >=64=0.0%
     complete  : 0=0.0%, 4=100.0%, 8=0.0%, 16=0.0%, 32=0.0%, 64=0.0%, >=64=0.0%
     issued rwts: total=0,917542,0,0 short=0,0,0,0 dropped=0,0,0,0
     latency   : target=0, window=0, percentile=100.00%, depth=4
random-writers: (groupid=0, jobs=1): err= 0: pid=136983: Tue Jul 20 12:48:46 2021
  write: IOPS=3712, BW=116MiB/s (122MB/s)(34.0GiB/300085msec); 0 zone resets
    slat (usec): min=92, max=856416, avg=244.11, stdev=4703.17
    clat (usec): min=18, max=856949, avg=812.49, stdev=9123.90
     lat (usec): min=160, max=857130, avg=1057.76, stdev=10375.97
    clat percentiles (usec):
     |  1.00th=[   412],  5.00th=[   420], 10.00th=[   420], 20.00th=[   429],
     | 30.00th=[   433], 40.00th=[   437], 50.00th=[   453], 60.00th=[   469],
     | 70.00th=[   486], 80.00th=[   506], 90.00th=[   545], 95.00th=[   603],
     | 99.00th=[   865], 99.50th=[  1029], 99.90th=[145753], 99.95th=[229639],
     | 99.99th=[362808]
   bw (  KiB/s): min=   38, max=1789623, per=8.31%, avg=70187.63, stdev=10027.22, samples=1114180
   iops        : min=    2, max= 7162, avg=3738.66, stdev=2970.40, samples=596
  lat (usec)   : 20=0.01%, 50=0.01%, 250=0.01%, 500=77.90%, 750=20.37%
  lat (usec)   : 1000=1.18%
  lat (msec)   : 2=0.31%, 4=0.01%, 10=0.01%, 20=0.02%, 50=0.03%
  lat (msec)   : 100=0.03%, 250=0.10%, 500=0.04%, 750=0.01%, 1000=0.01%
  cpu          : usr=5.38%, sys=57.35%, ctx=1515, majf=0, minf=8757
  IO depths    : 1=0.1%, 2=0.1%, 4=100.0%, 8=0.0%, 16=0.0%, 32=0.0%, >=64=0.0%
     submit    : 0=0.0%, 4=100.0%, 8=0.0%, 16=0.0%, 32=0.0%, 64=0.0%, >=64=0.0%
     complete  : 0=0.0%, 4=100.0%, 8=0.0%, 16=0.0%, 32=0.0%, 64=0.0%, >=64=0.0%
     issued rwts: total=0,1114180,0,0 short=0,0,0,0 dropped=0,0,0,0
     latency   : target=0, window=0, percentile=100.00%, depth=4
random-writers: (groupid=0, jobs=1): err= 0: pid=136984: Tue Jul 20 12:48:46 2021
  write: IOPS=3409, BW=107MiB/s (112MB/s)(31.2GiB/300001msec); 0 zone resets
    slat (usec): min=99, max=360026, avg=255.75, stdev=3808.82
    clat (usec): min=12, max=915606, avg=884.84, stdev=9757.95
     lat (usec): min=157, max=915734, avg=1141.93, stdev=10480.74
    clat percentiles (usec):
     |  1.00th=[   433],  5.00th=[   453], 10.00th=[   478], 20.00th=[   506],
     | 30.00th=[   529], 40.00th=[   545], 50.00th=[   562], 60.00th=[   578],
     | 70.00th=[   603], 80.00th=[   627], 90.00th=[   668], 95.00th=[   709],
     | 99.00th=[   906], 99.50th=[  1045], 99.90th=[162530], 99.95th=[193987],
     | 99.99th=[304088]
   bw (  KiB/s): min=   35, max=2730666, per=6.92%, avg=58480.62, stdev=9702.42, samples=1022884
   iops        : min=   24, max= 6126, avg=3528.11, stdev=1308.97, samples=579
  lat (usec)   : 20=0.01%, 50=0.01%, 250=0.01%, 500=17.50%, 750=79.76%
  lat (usec)   : 1000=2.12%
  lat (msec)   : 2=0.42%, 4=0.01%, 10=0.01%, 20=0.01%, 50=0.01%
  lat (msec)   : 100=0.02%, 250=0.12%, 500=0.01%, 750=0.01%, 1000=0.01%
  cpu          : usr=5.60%, sys=66.36%, ctx=1305, majf=0, minf=8044
  IO depths    : 1=0.1%, 2=0.1%, 4=100.0%, 8=0.0%, 16=0.0%, 32=0.0%, >=64=0.0%
     submit    : 0=0.0%, 4=100.0%, 8=0.0%, 16=0.0%, 32=0.0%, 64=0.0%, >=64=0.0%
     complete  : 0=0.0%, 4=100.0%, 8=0.0%, 16=0.0%, 32=0.0%, 64=0.0%, >=64=0.0%
     issued rwts: total=0,1022884,0,0 short=0,0,0,0 dropped=0,0,0,0
     latency   : target=0, window=0, percentile=100.00%, depth=4
random-writers: (groupid=0, jobs=1): err= 0: pid=136985: Tue Jul 20 12:48:46 2021
  write: IOPS=4003, BW=125MiB/s (131MB/s)(36.7GiB/300001msec); 0 zone resets
    slat (usec): min=94, max=454041, avg=222.52, stdev=3286.23
    clat (usec): min=12, max=763639, avg=754.01, stdev=7247.38
     lat (usec): min=146, max=763846, avg=977.74, stdev=7995.33
    clat percentiles (usec):
     |  1.00th=[   416],  5.00th=[   424], 10.00th=[   429], 20.00th=[   437],
     | 30.00th=[   445], 40.00th=[   457], 50.00th=[   474], 60.00th=[   494],
     | 70.00th=[   515], 80.00th=[   537], 90.00th=[   586], 95.00th=[   627],
     | 99.00th=[   840], 99.50th=[   979], 99.90th=[128451], 99.95th=[164627],
     | 99.99th=[308282]
   bw (  KiB/s): min=   42, max=2668403, per=7.99%, avg=67469.60, stdev=10441.53, samples=1200984
   iops        : min=    4, max= 7156, avg=4007.46, stdev=2336.30, samples=599
  lat (usec)   : 20=0.01%, 250=0.01%, 500=63.68%, 750=34.65%, 1000=1.21%
  lat (msec)   : 2=0.23%, 4=0.01%, 10=0.01%, 20=0.01%, 50=0.02%
  lat (msec)   : 100=0.04%, 250=0.11%, 500=0.01%, 750=0.01%, 1000=0.01%
  cpu          : usr=6.10%, sys=64.81%, ctx=1499, majf=0, minf=9437
  IO depths    : 1=0.1%, 2=0.1%, 4=100.0%, 8=0.0%, 16=0.0%, 32=0.0%, >=64=0.0%
     submit    : 0=0.0%, 4=100.0%, 8=0.0%, 16=0.0%, 32=0.0%, 64=0.0%, >=64=0.0%
     complete  : 0=0.0%, 4=100.0%, 8=0.0%, 16=0.0%, 32=0.0%, 64=0.0%, >=64=0.0%
     issued rwts: total=0,1200984,0,0 short=0,0,0,0 dropped=0,0,0,0
     latency   : target=0, window=0, percentile=100.00%, depth=4

Run status group 0 (all jobs):
  WRITE: bw=825MiB/s (865MB/s), 68.3MiB/s-125MiB/s (71.6MB/s-131MB/s), io=242GiB (260GB), run=300001-300346msec


Batch Job Summary Report (version 21.01.1) for Job "fioRandWrite" (1471025) on tave

Job information (1/2)
-----------------------------------------------------------------------------------------------------
             Submit            Eligible               Start                 End    Elapsed Time limit
------------------- ------------------- ------------------- ------------------- ---------- ----------
2021-07-20T12:43:40 2021-07-20T12:43:40 2021-07-20T12:43:41 2021-07-20T12:48:52   00:05:11   00:15:00
-----------------------------------------------------------------------------------------------------

Job information (2/2)
-------------------------------------------------------------
    Username      Account    Partition   NNodes        Energy
------------ ------------ ------------ -------- -------------
    afilipci         g138       normal        2     86.031 kJ

