random-writers: (g=0): rw=randwrite, bs=(R) 32.0KiB-32.0KiB, (W) 32.0KiB-32.0KiB, (T) 32.0KiB-32.0KiB, ioengine=libaio, iodepth=4
...
fio-3.27-32-g77c7-dirty
Starting 2 processes
random-writers: (g=0): rw=randwrite, bs=(R) 32.0KiB-32.0KiB, (W) 32.0KiB-32.0KiB, (T) 32.0KiB-32.0KiB, ioengine=libaio, iodepth=4
...
fio-3.27-32-g77c7-dirty
Starting 2 processes

random-writers: (groupid=0, jobs=1): err= 0: pid=215406: Tue Jul 20 13:00:06 2021
  write: IOPS=3016, BW=94.3MiB/s (98.8MB/s)(27.6GiB/300001msec); 0 zone resets
    slat (usec): min=94, max=1119.0k, avg=300.84, stdev=5577.59
    clat (usec): min=12, max=1119.6k, avg=999.20, stdev=11318.15
     lat (usec): min=149, max=1119.8k, avg=1301.21, stdev=12668.20
    clat percentiles (usec):
     |  1.00th=[   420],  5.00th=[   429], 10.00th=[   437], 20.00th=[   465],
     | 30.00th=[   482], 40.00th=[   494], 50.00th=[   510], 60.00th=[   529],
     | 70.00th=[   545], 80.00th=[   562], 90.00th=[   594], 95.00th=[   627],
     | 99.00th=[   840], 99.50th=[  1057], 99.90th=[187696], 99.95th=[254804],
     | 99.99th=[488637]
   bw (  KiB/s): min=   29, max=2642580, per=28.41%, avg=64074.18, stdev=10172.02, samples=904815
   iops        : min=    2, max= 6454, avg=3049.75, stdev=2045.42, samples=593
  lat (usec)   : 20=0.01%, 50=0.01%, 250=0.01%, 500=43.88%, 750=54.62%
  lat (usec)   : 1000=0.91%
  lat (msec)   : 2=0.21%, 4=0.02%, 10=0.02%, 20=0.03%, 50=0.06%
  lat (msec)   : 100=0.06%, 250=0.13%, 500=0.04%, 750=0.01%, 1000=0.01%
  lat (msec)   : 2000=0.01%
  cpu          : usr=4.52%, sys=52.46%, ctx=1592, majf=0, minf=7118
  IO depths    : 1=0.1%, 2=0.1%, 4=100.0%, 8=0.0%, 16=0.0%, 32=0.0%, >=64=0.0%
     submit    : 0=0.0%, 4=100.0%, 8=0.0%, 16=0.0%, 32=0.0%, 64=0.0%, >=64=0.0%
     complete  : 0=0.0%, 4=100.0%, 8=0.0%, 16=0.0%, 32=0.0%, 64=0.0%, >=64=0.0%
     issued rwts: total=0,904815,0,0 short=0,0,0,0 dropped=0,0,0,0
     latency   : target=0, window=0, percentile=100.00%, depth=4
random-writers: (groupid=0, jobs=1): err= 0: pid=215407: Tue Jul 20 13:00:06 2021
  write: IOPS=4030, BW=126MiB/s (132MB/s)(36.9GiB/300001msec); 0 zone resets
    slat (usec): min=92, max=483562, avg=224.89, stdev=3756.59
    clat (usec): min=11, max=486281, avg=748.59, stdev=7393.15
     lat (usec): min=142, max=521540, avg=974.63, stdev=8352.12
    clat percentiles (usec):
     |  1.00th=[   412],  5.00th=[   416], 10.00th=[   420], 20.00th=[   424],
     | 30.00th=[   429], 40.00th=[   433], 50.00th=[   437], 60.00th=[   449],
     | 70.00th=[   469], 80.00th=[   486], 90.00th=[   519], 95.00th=[   545],
     | 99.00th=[   652], 99.50th=[   840], 99.90th=[141558], 99.95th=[177210],
     | 99.99th=[316670]
   bw (  KiB/s): min=   67, max=2965429, per=32.10%, avg=72382.52, stdev=9180.88, samples=1209275
   iops        : min=   28, max= 7194, avg=4031.07, stdev=2879.00, samples=599
  lat (usec)   : 20=0.01%, 50=0.01%, 250=0.01%, 500=86.20%, 750=13.13%
  lat (usec)   : 1000=0.34%
  lat (msec)   : 2=0.08%, 4=0.01%, 10=0.01%, 20=0.02%, 50=0.03%
  lat (msec)   : 100=0.03%, 250=0.13%, 500=0.02%
  cpu          : usr=5.46%, sys=59.69%, ctx=1647, majf=0, minf=9500
  IO depths    : 1=0.1%, 2=0.1%, 4=100.0%, 8=0.0%, 16=0.0%, 32=0.0%, >=64=0.0%
     submit    : 0=0.0%, 4=100.0%, 8=0.0%, 16=0.0%, 32=0.0%, 64=0.0%, >=64=0.0%
     complete  : 0=0.0%, 4=100.0%, 8=0.0%, 16=0.0%, 32=0.0%, 64=0.0%, >=64=0.0%
     issued rwts: total=0,1209275,0,0 short=0,0,0,0 dropped=0,0,0,0
     latency   : target=0, window=0, percentile=100.00%, depth=4

Run status group 0 (all jobs):
  WRITE: bw=220MiB/s (231MB/s), 94.3MiB/s-126MiB/s (98.8MB/s-132MB/s), io=64.5GiB (69.3GB), run=300001-300001msec

random-writers: (groupid=0, jobs=1): err= 0: pid=140010: Tue Jul 20 13:00:06 2021
  write: IOPS=3035, BW=94.9MiB/s (99.5MB/s)(27.8GiB/300118msec); 0 zone resets
    slat (usec): min=94, max=849732, avg=300.22, stdev=5473.94
    clat (usec): min=13, max=850174, avg=992.77, stdev=10895.79
     lat (usec): min=153, max=850290, avg=1294.15, stdev=12246.65
    clat percentiles (usec):
     |  1.00th=[   420],  5.00th=[   429], 10.00th=[   433], 20.00th=[   453],
     | 30.00th=[   474], 40.00th=[   486], 50.00th=[   498], 60.00th=[   515],
     | 70.00th=[   529], 80.00th=[   545], 90.00th=[   578], 95.00th=[   603],
     | 99.00th=[   717], 99.50th=[  1004], 99.90th=[183501], 99.95th=[246416],
     | 99.99th=[459277]
   bw (  KiB/s): min=   38, max=2369342, per=28.54%, avg=65608.37, stdev=9852.60, samples=910974
   iops        : min=    4, max= 6846, avg=3050.71, stdev=2031.55, samples=597
  lat (usec)   : 20=0.01%, 50=0.01%, 250=0.01%, 500=51.58%, 750=47.55%
  lat (usec)   : 1000=0.37%
  lat (msec)   : 2=0.08%, 4=0.02%, 10=0.03%, 20=0.04%, 50=0.08%
  lat (msec)   : 100=0.08%, 250=0.13%, 500=0.04%, 750=0.01%, 1000=0.01%
  cpu          : usr=4.49%, sys=51.06%, ctx=1718, majf=0, minf=7166
  IO depths    : 1=0.1%, 2=0.1%, 4=100.0%, 8=0.0%, 16=0.0%, 32=0.0%, >=64=0.0%
     submit    : 0=0.0%, 4=100.0%, 8=0.0%, 16=0.0%, 32=0.0%, 64=0.0%, >=64=0.0%
     complete  : 0=0.0%, 4=100.0%, 8=0.0%, 16=0.0%, 32=0.0%, 64=0.0%, >=64=0.0%
     issued rwts: total=0,910974,0,0 short=0,0,0,0 dropped=0,0,0,0
     latency   : target=0, window=0, percentile=100.00%, depth=4
random-writers: (groupid=0, jobs=1): err= 0: pid=140011: Tue Jul 20 13:00:06 2021
  write: IOPS=4149, BW=130MiB/s (136MB/s)(38.0GiB/300001msec); 0 zone resets
    slat (usec): min=94, max=454398, avg=215.88, stdev=3297.14
    clat (usec): min=11, max=717986, avg=727.39, stdev=7042.13
     lat (usec): min=138, max=718165, avg=944.48, stdev=7817.59
    clat percentiles (usec):
     |  1.00th=[   412],  5.00th=[   416], 10.00th=[   420], 20.00th=[   424],
     | 30.00th=[   429], 40.00th=[   433], 50.00th=[   449], 60.00th=[   465],
     | 70.00th=[   482], 80.00th=[   506], 90.00th=[   545], 95.00th=[   578],
     | 99.00th=[   725], 99.50th=[   898], 99.90th=[129500], 99.95th=[162530],
     | 99.99th=[304088]
   bw (  KiB/s): min=   45, max=2910124, per=30.79%, avg=70774.68, stdev=9919.48, samples=1244749
   iops        : min=   10, max= 7228, avg=4177.78, stdev=2514.80, samples=595
  lat (usec)   : 20=0.01%, 250=0.01%, 500=77.87%, 750=21.23%, 1000=0.53%
  lat (msec)   : 2=0.13%, 4=0.01%, 10=0.01%, 20=0.01%, 50=0.03%
  lat (msec)   : 100=0.03%, 250=0.12%, 500=0.01%, 750=0.01%
  cpu          : usr=5.92%, sys=63.58%, ctx=1418, majf=0, minf=9777
  IO depths    : 1=0.1%, 2=0.1%, 4=100.0%, 8=0.0%, 16=0.0%, 32=0.0%, >=64=0.0%
     submit    : 0=0.0%, 4=100.0%, 8=0.0%, 16=0.0%, 32=0.0%, 64=0.0%, >=64=0.0%
     complete  : 0=0.0%, 4=100.0%, 8=0.0%, 16=0.0%, 32=0.0%, 64=0.0%, >=64=0.0%
     issued rwts: total=0,1244749,0,0 short=0,0,0,0 dropped=0,0,0,0
     latency   : target=0, window=0, percentile=100.00%, depth=4

Run status group 0 (all jobs):
  WRITE: bw=224MiB/s (235MB/s), 94.9MiB/s-130MiB/s (99.5MB/s-136MB/s), io=65.8GiB (70.6GB), run=300001-300118msec


Batch Job Summary Report (version 21.01.1) for Job "fioRandWrite" (1471027) on tave

Job information (1/2)
-----------------------------------------------------------------------------------------------------
             Submit            Eligible               Start                 End    Elapsed Time limit
------------------- ------------------- ------------------- ------------------- ---------- ----------
2021-07-20T12:55:00 2021-07-20T12:55:00 2021-07-20T12:55:01 2021-07-20T13:00:11   00:05:10   00:15:00
-----------------------------------------------------------------------------------------------------

Job information (2/2)
-------------------------------------------------------------
    Username      Account    Partition   NNodes        Energy
------------ ------------ ------------ -------- -------------
    afilipci         g138       normal        2     80.367 kJ

