random-writers: (g=0): rw=randrw, bs=(R) 32.0KiB-32.0KiB, (W) 32.0KiB-32.0KiB, (T) 32.0KiB-32.0KiB, ioengine=libaio, iodepth=4
...
fio-3.27-32-g77c7-dirty
Starting 2 processes
random-writers: Laying out IO file (1 file / 1024MiB)

random-writers: (groupid=0, jobs=1): err= 0: pid=159559: Tue Jul 13 11:20:25 2021
  read: IOPS=777, BW=24.3MiB/s (25.5MB/s)(7290MiB/300009msec)
    slat (usec): min=14, max=314439, avg=1010.85, stdev=2836.36
    clat (usec): min=13, max=969560, avg=1950.88, stdev=8655.46
     lat (usec): min=92, max=969597, avg=2963.41, stdev=9266.47
    clat percentiles (usec):
     |  1.00th=[   208],  5.00th=[   314], 10.00th=[   404], 20.00th=[   529],
     | 30.00th=[   685], 40.00th=[  1237], 50.00th=[  1369], 60.00th=[  1549],
     | 70.00th=[  1876], 80.00th=[  2212], 90.00th=[  2835], 95.00th=[  4752],
     | 99.00th=[ 11207], 99.50th=[ 15139], 99.90th=[ 52691], 99.95th=[ 91751],
     | 99.99th=[329253]
   bw (  KiB/s): min=  256, max=46208, per=51.86%, avg=25271.15, stdev=9886.00, samples=590
   iops        : min=    8, max= 1444, avg=789.62, stdev=308.92, samples=590
  write: IOPS=777, BW=24.3MiB/s (25.5MB/s)(7291MiB/300009msec); 0 zone resets
    slat (usec): min=96, max=195711, avg=199.27, stdev=1264.07
    clat (usec): min=80, max=935393, avg=1917.36, stdev=8400.14
     lat (usec): min=208, max=935601, avg=2117.91, stdev=8505.11
    clat percentiles (usec):
     |  1.00th=[   200],  5.00th=[   277], 10.00th=[   371], 20.00th=[   486],
     | 30.00th=[   619], 40.00th=[  1221], 50.00th=[  1352], 60.00th=[  1532],
     | 70.00th=[  1860], 80.00th=[  2212], 90.00th=[  2868], 95.00th=[  4752],
     | 99.00th=[ 11076], 99.50th=[ 14615], 99.90th=[ 52167], 99.95th=[ 90702],
     | 99.99th=[295699]
   bw (  KiB/s): min=  128, max=47040, per=51.75%, avg=25270.60, stdev=9943.34, samples=590
   iops        : min=    4, max= 1470, avg=789.60, stdev=310.71, samples=590
  lat (usec)   : 20=0.01%, 100=0.77%, 250=2.17%, 500=16.45%, 750=11.84%
  lat (usec)   : 1000=0.90%
  lat (msec)   : 2=41.91%, 4=20.30%, 10=4.03%, 20=1.33%, 50=0.20%
  lat (msec)   : 100=0.06%, 250=0.03%, 500=0.01%, 750=0.01%, 1000=0.01%
  cpu          : usr=2.52%, sys=29.96%, ctx=155295, majf=0, minf=44
  IO depths    : 1=0.1%, 2=0.1%, 4=100.0%, 8=0.0%, 16=0.0%, 32=0.0%, >=64=0.0%
     submit    : 0=0.0%, 4=100.0%, 8=0.0%, 16=0.0%, 32=0.0%, 64=0.0%, >=64=0.0%
     complete  : 0=0.0%, 4=100.0%, 8=0.0%, 16=0.0%, 32=0.0%, 64=0.0%, >=64=0.0%
     issued rwts: total=233295,233307,0,0 short=0,0,0,0 dropped=0,0,0,0
     latency   : target=0, window=0, percentile=100.00%, depth=4
random-writers: (groupid=0, jobs=1): err= 0: pid=159560: Tue Jul 13 11:20:25 2021
  read: IOPS=745, BW=23.3MiB/s (24.4MB/s)(6986MiB/300001msec)
    slat (usec): min=15, max=353571, avg=1067.20, stdev=3201.81
    clat (usec): min=15, max=955212, avg=2018.00, stdev=8873.62
     lat (usec): min=93, max=963608, avg=3086.93, stdev=9653.95
    clat percentiles (usec):
     |  1.00th=[   219],  5.00th=[   326], 10.00th=[   420], 20.00th=[   553],
     | 30.00th=[   775], 40.00th=[  1254], 50.00th=[  1385], 60.00th=[  1565],
     | 70.00th=[  1909], 80.00th=[  2245], 90.00th=[  2900], 95.00th=[  5276],
     | 99.00th=[ 11731], 99.50th=[ 16581], 99.90th=[ 56361], 99.95th=[ 91751],
     | 99.99th=[316670]
   bw (  KiB/s): min=  128, max=45952, per=49.67%, avg=24205.98, stdev=10405.99, samples=590
   iops        : min=    4, max= 1436, avg=756.34, stdev=325.17, samples=590
  write: IOPS=748, BW=23.4MiB/s (24.5MB/s)(7014MiB/300001msec); 0 zone resets
    slat (usec): min=97, max=133735, avg=197.10, stdev=672.92
    clat (usec): min=82, max=955010, avg=2010.66, stdev=8566.09
     lat (usec): min=211, max=955267, avg=2209.15, stdev=8599.13
    clat percentiles (usec):
     |  1.00th=[   206],  5.00th=[   293], 10.00th=[   388], 20.00th=[   515],
     | 30.00th=[   701], 40.00th=[  1254], 50.00th=[  1385], 60.00th=[  1549],
     | 70.00th=[  1926], 80.00th=[  2245], 90.00th=[  2933], 95.00th=[  5407],
     | 99.00th=[ 11863], 99.50th=[ 16712], 99.90th=[ 59507], 99.95th=[ 91751],
     | 99.99th=[304088]
   bw (  KiB/s): min=   64, max=46464, per=49.69%, avg=24262.52, stdev=10540.89, samples=591
   iops        : min=    2, max= 1452, avg=758.11, stdev=329.39, samples=591
  lat (usec)   : 20=0.01%, 100=0.68%, 250=1.77%, 500=15.20%, 750=12.39%
  lat (usec)   : 1000=1.03%
  lat (msec)   : 2=41.34%, 4=21.44%, 10=4.22%, 20=1.56%, 50=0.25%
  lat (msec)   : 100=0.07%, 250=0.03%, 500=0.01%, 750=0.01%, 1000=0.01%
  cpu          : usr=2.58%, sys=29.36%, ctx=153060, majf=0, minf=44
  IO depths    : 1=0.1%, 2=0.1%, 4=100.0%, 8=0.0%, 16=0.0%, 32=0.0%, >=64=0.0%
     submit    : 0=0.0%, 4=100.0%, 8=0.0%, 16=0.0%, 32=0.0%, 64=0.0%, >=64=0.0%
     complete  : 0=0.0%, 4=100.0%, 8=0.0%, 16=0.0%, 32=0.0%, 64=0.0%, >=64=0.0%
     issued rwts: total=223542,224456,0,0 short=0,0,0,0 dropped=0,0,0,0
     latency   : target=0, window=0, percentile=100.00%, depth=4

Run status group 0 (all jobs):
   READ: bw=47.6MiB/s (49.9MB/s), 23.3MiB/s-24.3MiB/s (24.4MB/s-25.5MB/s), io=13.9GiB (15.0GB), run=300001-300009msec
  WRITE: bw=47.7MiB/s (50.0MB/s), 23.4MiB/s-24.3MiB/s (24.5MB/s-25.5MB/s), io=14.0GiB (15.0GB), run=300001-300009msec


Batch Job Summary Report (version 21.01.1) for Job "fioRandrw" (1470603) on tave

Job information (1/2)
-----------------------------------------------------------------------------------------------------
             Submit            Eligible               Start                 End    Elapsed Time limit
------------------- ------------------- ------------------- ------------------- ---------- ----------
2021-07-13T11:15:14 2021-07-13T11:15:14 2021-07-13T11:15:14 2021-07-13T11:20:28   00:05:14   00:15:00
-----------------------------------------------------------------------------------------------------

Job information (2/2)
-------------------------------------------------------------
    Username      Account    Partition   NNodes        Energy
------------ ------------ ------------ -------- -------------
    afilipci         g138       normal        1     40.836 kJ

