random-writers: (g=0): rw=randrw, bs=(R) 32.0KiB-32.0KiB, (W) 32.0KiB-32.0KiB, (T) 32.0KiB-32.0KiB, ioengine=libaio, iodepth=4
...
fio-3.27-32-g77c7-dirty
Starting 16 processes
random-writers: Laying out IO file (1 file / 1024MiB)
random-writers: Laying out IO file (1 file / 1024MiB)
random-writers: Laying out IO file (1 file / 1024MiB)
random-writers: Laying out IO file (1 file / 1024MiB)
random-writers: Laying out IO file (1 file / 1024MiB)
random-writers: Laying out IO file (1 file / 1024MiB)
random-writers: Laying out IO file (1 file / 1024MiB)
random-writers: Laying out IO file (1 file / 1024MiB)

random-writers: (groupid=0, jobs=1): err= 0: pid=166381: Tue Jul 13 11:45:51 2021
  read: IOPS=552, BW=17.3MiB/s (18.1MB/s)(5180MiB/300001msec)
    slat (usec): min=15, max=344593, avg=1495.14, stdev=4366.10
    clat (usec): min=13, max=1029.7k, avg=2728.70, stdev=10819.03
     lat (usec): min=96, max=1030.9k, avg=4225.86, stdev=11952.20
    clat percentiles (usec):
     |  1.00th=[   245],  5.00th=[   375], 10.00th=[   474], 20.00th=[   619],
     | 30.00th=[   857], 40.00th=[  1352], 50.00th=[  1516], 60.00th=[  1713],
     | 70.00th=[  2245], 80.00th=[  2802], 90.00th=[  6194], 95.00th=[  9372],
     | 99.00th=[ 16319], 99.50th=[ 23462], 99.90th=[ 83362], 99.95th=[128451],
     | 99.99th=[346031]
   bw (  KiB/s): min=  128, max=35648, per=6.70%, avg=17950.74, stdev=8115.31, samples=590
   iops        : min=    4, max= 1114, avg=560.91, stdev=253.60, samples=590
  write: IOPS=552, BW=17.3MiB/s (18.1MB/s)(5177MiB/300001msec); 0 zone resets
    slat (usec): min=98, max=175262, avg=225.19, stdev=1061.73
    clat (usec): min=83, max=1021.3k, avg=2714.54, stdev=10241.16
     lat (usec): min=217, max=1021.6k, avg=2941.49, stdev=10309.47
    clat percentiles (usec):
     |  1.00th=[   231],  5.00th=[   351], 10.00th=[   441], 20.00th=[   578],
     | 30.00th=[   816], 40.00th=[  1336], 50.00th=[  1500], 60.00th=[  1696],
     | 70.00th=[  2245], 80.00th=[  2769], 90.00th=[  6259], 95.00th=[  9372],
     | 99.00th=[ 16581], 99.50th=[ 23725], 99.90th=[ 83362], 99.95th=[132645],
     | 99.99th=[299893]
   bw (  KiB/s): min=  192, max=37248, per=6.69%, avg=17939.48, stdev=8199.77, samples=590
   iops        : min=    6, max= 1164, avg=560.55, stdev=256.24, samples=590
  lat (usec)   : 20=0.01%, 100=0.32%, 250=0.99%, 500=11.95%, 750=14.96%
  lat (usec)   : 1000=2.92%
  lat (msec)   : 2=34.91%, 4=20.22%, 10=9.77%, 20=3.32%, 50=0.42%
  lat (msec)   : 100=0.14%, 250=0.06%, 500=0.01%, 1000=0.01%, 2000=0.01%
  cpu          : usr=2.14%, sys=24.24%, ctx=109066, majf=0, minf=44
  IO depths    : 1=0.1%, 2=0.1%, 4=100.0%, 8=0.0%, 16=0.0%, 32=0.0%, >=64=0.0%
     submit    : 0=0.0%, 4=100.0%, 8=0.0%, 16=0.0%, 32=0.0%, 64=0.0%, >=64=0.0%
     complete  : 0=0.0%, 4=100.0%, 8=0.0%, 16=0.0%, 32=0.0%, 64=0.0%, >=64=0.0%
     issued rwts: total=165752,165669,0,0 short=0,0,0,0 dropped=0,0,0,0
     latency   : target=0, window=0, percentile=100.00%, depth=4
random-writers: (groupid=0, jobs=1): err= 0: pid=166382: Tue Jul 13 11:45:51 2021
  read: IOPS=487, BW=15.2MiB/s (16.0MB/s)(4572MiB/300001msec)
    slat (usec): min=15, max=356973, avg=1726.50, stdev=4604.67
    clat (usec): min=22, max=1138.8k, avg=3076.50, stdev=11223.49
     lat (usec): min=106, max=1138.8k, avg=4805.29, stdev=12530.63
    clat percentiles (usec):
     |  1.00th=[   322],  5.00th=[   506], 10.00th=[   619], 20.00th=[   848],
     | 30.00th=[  1401], 40.00th=[  1549], 50.00th=[  1745], 60.00th=[  2147],
     | 70.00th=[  2507], 80.00th=[  3064], 90.00th=[  6587], 95.00th=[  9765],
     | 99.00th=[ 17957], 99.50th=[ 27395], 99.90th=[ 88605], 99.95th=[124257],
     | 99.99th=[358613]
   bw (  KiB/s): min=  128, max=28608, per=5.91%, avg=15834.83, stdev=7589.33, samples=591
   iops        : min=    4, max=  894, avg=494.79, stdev=237.15, samples=591
  write: IOPS=489, BW=15.3MiB/s (16.0MB/s)(4587MiB/300001msec); 0 zone resets
    slat (usec): min=126, max=139109, avg=230.96, stdev=437.62
    clat (usec): min=89, max=1139.6k, avg=3077.02, stdev=10923.96
     lat (usec): min=232, max=1139.8k, avg=3309.82, stdev=10935.87
    clat percentiles (usec):
     |  1.00th=[   293],  5.00th=[   469], 10.00th=[   586], 20.00th=[   807],
     | 30.00th=[  1385], 40.00th=[  1532], 50.00th=[  1713], 60.00th=[  2147],
     | 70.00th=[  2507], 80.00th=[  3064], 90.00th=[  6652], 95.00th=[  9896],
     | 99.00th=[ 18220], 99.50th=[ 27919], 99.90th=[ 91751], 99.95th=[130548],
     | 99.99th=[267387]
   bw (  KiB/s): min=   64, max=30272, per=5.92%, avg=15887.53, stdev=7648.40, samples=591
   iops        : min=    2, max=  946, avg=496.43, stdev=238.99, samples=591
  lat (usec)   : 50=0.01%, 100=0.06%, 250=0.23%, 500=5.25%, 750=12.24%
  lat (usec)   : 1000=3.89%
  lat (msec)   : 2=35.18%, 4=28.78%, 10=9.61%, 20=3.96%, 50=0.55%
  lat (msec)   : 100=0.17%, 250=0.07%, 500=0.01%, 1000=0.01%, 2000=0.01%
  cpu          : usr=2.04%, sys=23.74%, ctx=118034, majf=0, minf=45
  IO depths    : 1=0.1%, 2=0.1%, 4=100.0%, 8=0.0%, 16=0.0%, 32=0.0%, >=64=0.0%
     submit    : 0=0.0%, 4=100.0%, 8=0.0%, 16=0.0%, 32=0.0%, 64=0.0%, >=64=0.0%
     complete  : 0=0.0%, 4=100.0%, 8=0.0%, 16=0.0%, 32=0.0%, 64=0.0%, >=64=0.0%
     issued rwts: total=146313,146785,0,0 short=0,0,0,0 dropped=0,0,0,0
     latency   : target=0, window=0, percentile=100.00%, depth=4
random-writers: (groupid=0, jobs=1): err= 0: pid=166383: Tue Jul 13 11:45:51 2021
  read: IOPS=483, BW=15.1MiB/s (15.9MB/s)(4535MiB/300002msec)
    slat (usec): min=15, max=342599, avg=1747.78, stdev=4774.87
    clat (usec): min=15, max=1144.4k, avg=3142.25, stdev=11542.02
     lat (usec): min=101, max=1145.5k, avg=4892.30, stdev=12928.76
    clat percentiles (usec):
     |  1.00th=[   297],  5.00th=[   474], 10.00th=[   586], 20.00th=[   775],
     | 30.00th=[  1369], 40.00th=[  1532], 50.00th=[  1713], 60.00th=[  2147],
     | 70.00th=[  2507], 80.00th=[  3163], 90.00th=[  7111], 95.00th=[ 10028],
     | 99.00th=[ 18482], 99.50th=[ 27919], 99.90th=[ 92799], 99.95th=[145753],
     | 99.99th=[371196]
   bw (  KiB/s): min=   64, max=32640, per=5.86%, avg=15691.04, stdev=7393.18, samples=591
   iops        : min=    2, max= 1020, avg=490.29, stdev=231.02, samples=591
  write: IOPS=482, BW=15.1MiB/s (15.8MB/s)(4525MiB/300002msec); 0 zone resets
    slat (usec): min=122, max=80332, avg=229.01, stdev=396.50
    clat (usec): min=88, max=1082.4k, avg=3078.39, stdev=10619.35
     lat (usec): min=224, max=1082.6k, avg=3309.18, stdev=10628.78
    clat percentiles (usec):
     |  1.00th=[   277],  5.00th=[   441], 10.00th=[   545], 20.00th=[   717],
     | 30.00th=[  1336], 40.00th=[  1500], 50.00th=[  1680], 60.00th=[  2114],
     | 70.00th=[  2507], 80.00th=[  3130], 90.00th=[  6980], 95.00th=[  9896],
     | 99.00th=[ 17957], 99.50th=[ 27919], 99.90th=[ 93848], 99.95th=[143655],
     | 99.99th=[270533]
   bw (  KiB/s): min=   64, max=33667, per=5.83%, avg=15628.42, stdev=7480.58, samples=592
   iops        : min=    2, max= 1052, avg=488.34, stdev=233.75, samples=592
  lat (usec)   : 20=0.01%, 100=0.10%, 250=0.40%, 500=6.60%, 750=12.88%
  lat (usec)   : 1000=3.64%
  lat (msec)   : 2=34.30%, 4=26.68%, 10=10.41%, 20=4.20%, 50=0.55%
  lat (msec)   : 100=0.16%, 250=0.08%, 500=0.01%, 1000=0.01%, 2000=0.01%
  cpu          : usr=1.98%, sys=23.14%, ctx=112599, majf=0, minf=44
  IO depths    : 1=0.1%, 2=0.1%, 4=100.0%, 8=0.0%, 16=0.0%, 32=0.0%, >=64=0.0%
     submit    : 0=0.0%, 4=100.0%, 8=0.0%, 16=0.0%, 32=0.0%, 64=0.0%, >=64=0.0%
     complete  : 0=0.0%, 4=100.0%, 8=0.0%, 16=0.0%, 32=0.0%, 64=0.0%, >=64=0.0%
     issued rwts: total=145132,144814,0,0 short=0,0,0,0 dropped=0,0,0,0
     latency   : target=0, window=0, percentile=100.00%, depth=4
random-writers: (groupid=0, jobs=1): err= 0: pid=166384: Tue Jul 13 11:45:51 2021
  read: IOPS=495, BW=15.5MiB/s (16.3MB/s)(4650MiB/300001msec)
    slat (usec): min=15, max=287975, avg=1692.00, stdev=4494.35
    clat (usec): min=83, max=1107.6k, avg=3030.05, stdev=12086.48
     lat (usec): min=103, max=1108.7k, avg=4724.19, stdev=13253.09
    clat percentiles (usec):
     |  1.00th=[   306],  5.00th=[   482], 10.00th=[   594], 20.00th=[   791],
     | 30.00th=[  1369], 40.00th=[  1532], 50.00th=[  1696], 60.00th=[  2114],
     | 70.00th=[  2474], 80.00th=[  3032], 90.00th=[  6521], 95.00th=[  9765],
     | 99.00th=[ 17433], 99.50th=[ 25297], 99.90th=[ 86508], 99.95th=[127402],
     | 99.99th=[968885]
   bw (  KiB/s): min=  512, max=30653, per=6.03%, avg=16144.52, stdev=7753.64, samples=589
   iops        : min=   16, max=  957, avg=504.46, stdev=242.28, samples=589
  write: IOPS=498, BW=15.6MiB/s (16.3MB/s)(4675MiB/300001msec); 0 zone resets
    slat (usec): min=119, max=106668, avg=225.38, stdev=326.77
    clat (usec): min=12, max=1117.2k, avg=3014.13, stdev=10685.20
     lat (usec): min=217, max=1117.3k, avg=3241.27, stdev=10691.88
    clat percentiles (usec):
     |  1.00th=[   285],  5.00th=[   453], 10.00th=[   570], 20.00th=[   750],
     | 30.00th=[  1369], 40.00th=[  1516], 50.00th=[  1680], 60.00th=[  2114],
     | 70.00th=[  2474], 80.00th=[  3032], 90.00th=[  6587], 95.00th=[  9765],
     | 99.00th=[ 17433], 99.50th=[ 26346], 99.90th=[ 91751], 99.95th=[132645],
     | 99.99th=[244319]
   bw (  KiB/s): min=  448, max=34432, per=6.05%, avg=16231.24, stdev=7827.74, samples=589
   iops        : min=   14, max= 1076, avg=507.17, stdev=244.59, samples=589
  lat (usec)   : 20=0.01%, 100=0.09%, 250=0.30%, 500=5.98%, 750=12.95%
  lat (usec)   : 1000=3.41%
  lat (msec)   : 2=35.36%, 4=27.65%, 10=9.69%, 20=3.87%, 50=0.46%
  lat (msec)   : 100=0.17%, 250=0.07%, 500=0.01%, 1000=0.01%, 2000=0.01%
  cpu          : usr=2.03%, sys=23.86%, ctx=117705, majf=0, minf=43
  IO depths    : 1=0.1%, 2=0.1%, 4=100.0%, 8=0.0%, 16=0.0%, 32=0.0%, >=64=0.0%
     submit    : 0=0.0%, 4=100.0%, 8=0.0%, 16=0.0%, 32=0.0%, 64=0.0%, >=64=0.0%
     complete  : 0=0.0%, 4=100.0%, 8=0.0%, 16=0.0%, 32=0.0%, 64=0.0%, >=64=0.0%
     issued rwts: total=148797,149615,0,0 short=0,0,0,0 dropped=0,0,0,0
     latency   : target=0, window=0, percentile=100.00%, depth=4
random-writers: (groupid=0, jobs=1): err= 0: pid=166385: Tue Jul 13 11:45:51 2021
  read: IOPS=499, BW=15.6MiB/s (16.4MB/s)(4684MiB/300005msec)
    slat (usec): min=15, max=329719, avg=1677.07, stdev=4519.24
    clat (usec): min=13, max=1202.3k, avg=2998.46, stdev=10533.38
     lat (usec): min=102, max=1203.6k, avg=4677.77, stdev=11861.53
    clat percentiles (usec):
     |  1.00th=[   285],  5.00th=[   457], 10.00th=[   570], 20.00th=[   758],
     | 30.00th=[  1336], 40.00th=[  1500], 50.00th=[  1663], 60.00th=[  2057],
     | 70.00th=[  2442], 80.00th=[  3032], 90.00th=[  6783], 95.00th=[  9765],
     | 99.00th=[ 17695], 99.50th=[ 26346], 99.90th=[ 87557], 99.95th=[127402],
     | 99.99th=[329253]
   bw (  KiB/s): min=  896, max=31552, per=6.06%, avg=16235.20, stdev=7775.74, samples=590
   iops        : min=   28, max=  986, avg=507.30, stdev=242.96, samples=590
  write: IOPS=500, BW=15.7MiB/s (16.4MB/s)(4697MiB/300005msec); 0 zone resets
    slat (usec): min=110, max=217368, avg=228.32, stdev=709.29
    clat (usec): min=86, max=1221.2k, avg=3010.16, stdev=11860.89
     lat (usec): min=225, max=1221.4k, avg=3240.31, stdev=11885.50
    clat percentiles (usec):
     |  1.00th=[   269],  5.00th=[   429], 10.00th=[   529], 20.00th=[   701],
     | 30.00th=[  1303], 40.00th=[  1467], 50.00th=[  1647], 60.00th=[  2040],
     | 70.00th=[  2409], 80.00th=[  2999], 90.00th=[  6718], 95.00th=[  9765],
     | 99.00th=[ 17695], 99.50th=[ 26608], 99.90th=[ 91751], 99.95th=[132645],
     | 99.99th=[333448]
   bw (  KiB/s): min=  832, max=33664, per=6.07%, avg=16281.23, stdev=7870.36, samples=590
   iops        : min=   26, max= 1052, avg=508.74, stdev=245.92, samples=590
  lat (usec)   : 20=0.01%, 100=0.14%, 250=0.51%, 500=7.11%, 750=12.99%
  lat (usec)   : 1000=3.40%
  lat (msec)   : 2=35.02%, 4=26.36%, 10=9.79%, 20=3.94%, 50=0.50%
  lat (msec)   : 100=0.16%, 250=0.07%, 500=0.01%, 1000=0.01%, 2000=0.01%
  cpu          : usr=2.05%, sys=23.91%, ctx=115715, majf=0, minf=44
  IO depths    : 1=0.1%, 2=0.1%, 4=100.0%, 8=0.0%, 16=0.0%, 32=0.0%, >=64=0.0%
     submit    : 0=0.0%, 4=100.0%, 8=0.0%, 16=0.0%, 32=0.0%, 64=0.0%, >=64=0.0%
     complete  : 0=0.0%, 4=100.0%, 8=0.0%, 16=0.0%, 32=0.0%, 64=0.0%, >=64=0.0%
     issued rwts: total=149877,150299,0,0 short=0,0,0,0 dropped=0,0,0,0
     latency   : target=0, window=0, percentile=100.00%, depth=4
random-writers: (groupid=0, jobs=1): err= 0: pid=166386: Tue Jul 13 11:45:51 2021
  read: IOPS=541, BW=16.9MiB/s (17.7MB/s)(5073MiB/300001msec)
    slat (usec): min=15, max=379110, avg=1524.37, stdev=4553.02
    clat (usec): min=23, max=1161.8k, avg=2779.27, stdev=11176.24
     lat (usec): min=97, max=1161.9k, avg=4305.83, stdev=12441.81
    clat percentiles (usec):
     |  1.00th=[   277],  5.00th=[   437], 10.00th=[   545], 20.00th=[   717],
     | 30.00th=[  1270], 40.00th=[  1467], 50.00th=[  1631], 60.00th=[  1893],
     | 70.00th=[  2376], 80.00th=[  2802], 90.00th=[  5211], 95.00th=[  9110],
     | 99.00th=[ 16909], 99.50th=[ 24773], 99.90th=[ 84411], 99.95th=[119014],
     | 99.99th=[304088]
   bw (  KiB/s): min=  128, max=38912, per=6.57%, avg=17585.71, stdev=8652.63, samples=590
   iops        : min=    4, max= 1216, avg=549.51, stdev=270.39, samples=590
  write: IOPS=540, BW=16.9MiB/s (17.7MB/s)(5067MiB/300001msec); 0 zone resets
    slat (usec): min=99, max=139230, avg=232.80, stdev=610.52
    clat (usec): min=84, max=1161.5k, avg=2780.60, stdev=10569.62
     lat (usec): min=219, max=1161.7k, avg=3015.29, stdev=10589.27
    clat percentiles (usec):
     |  1.00th=[   260],  5.00th=[   412], 10.00th=[   506], 20.00th=[   676],
     | 30.00th=[  1254], 40.00th=[  1450], 50.00th=[  1614], 60.00th=[  1860],
     | 70.00th=[  2343], 80.00th=[  2802], 90.00th=[  5211], 95.00th=[  9110],
     | 99.00th=[ 17171], 99.50th=[ 26084], 99.90th=[ 92799], 99.95th=[131597],
     | 99.99th=[329253]
   bw (  KiB/s): min=   64, max=39040, per=6.55%, avg=17562.06, stdev=8750.94, samples=590
   iops        : min=    2, max= 1220, avg=548.77, stdev=273.46, samples=590
  lat (usec)   : 50=0.01%, 100=0.17%, 250=0.58%, 500=8.03%, 750=13.33%
  lat (usec)   : 1000=4.08%
  lat (msec)   : 2=36.10%, 4=25.78%, 10=8.14%, 20=3.08%, 50=0.48%
  lat (msec)   : 100=0.15%, 250=0.06%, 500=0.01%, 1000=0.01%, 2000=0.01%
  cpu          : usr=2.20%, sys=25.45%, ctx=117983, majf=0, minf=43
  IO depths    : 1=0.1%, 2=0.1%, 4=100.0%, 8=0.0%, 16=0.0%, 32=0.0%, >=64=0.0%
     submit    : 0=0.0%, 4=100.0%, 8=0.0%, 16=0.0%, 32=0.0%, 64=0.0%, >=64=0.0%
     complete  : 0=0.0%, 4=100.0%, 8=0.0%, 16=0.0%, 32=0.0%, 64=0.0%, >=64=0.0%
     issued rwts: total=162342,162142,0,0 short=0,0,0,0 dropped=0,0,0,0
     latency   : target=0, window=0, percentile=100.00%, depth=4
random-writers: (groupid=0, jobs=1): err= 0: pid=166387: Tue Jul 13 11:45:51 2021
  read: IOPS=524, BW=16.4MiB/s (17.2MB/s)(4914MiB/300001msec)
    slat (usec): min=15, max=308638, avg=1601.05, stdev=4566.96
    clat (usec): min=15, max=993824, avg=2872.81, stdev=10736.24
     lat (usec): min=95, max=994859, avg=4475.98, stdev=12085.45
    clat percentiles (usec):
     |  1.00th=[   265],  5.00th=[   408], 10.00th=[   494], 20.00th=[   644],
     | 30.00th=[  1123], 40.00th=[  1385], 50.00th=[  1549], 60.00th=[  1778],
     | 70.00th=[  2311], 80.00th=[  2900], 90.00th=[  6652], 95.00th=[  9634],
     | 99.00th=[ 17171], 99.50th=[ 25035], 99.90th=[ 96994], 99.95th=[135267],
     | 99.99th=[792724]
   bw (  KiB/s): min=  192, max=33280, per=6.33%, avg=16946.79, stdev=8485.60, samples=593
   iops        : min=    6, max= 1040, avg=529.54, stdev=265.17, samples=593
  write: IOPS=523, BW=16.4MiB/s (17.2MB/s)(4909MiB/300001msec); 0 zone resets
    slat (usec): min=105, max=174976, avg=221.90, stdev=737.56
    clat (usec): min=87, max=949009, avg=2865.09, stdev=9672.89
     lat (usec): min=222, max=949195, avg=3088.75, stdev=9709.01
    clat percentiles (usec):
     |  1.00th=[   243],  5.00th=[   379], 10.00th=[   457], 20.00th=[   603],
     | 30.00th=[  1106], 40.00th=[  1369], 50.00th=[  1532], 60.00th=[  1745],
     | 70.00th=[  2311], 80.00th=[  2900], 90.00th=[  6849], 95.00th=[  9765],
     | 99.00th=[ 17433], 99.50th=[ 25822], 99.90th=[ 95945], 99.95th=[137364],
     | 99.99th=[270533]
   bw (  KiB/s): min=  128, max=34176, per=6.31%, avg=16934.79, stdev=8603.53, samples=593
   iops        : min=    4, max= 1068, avg=529.17, stdev=268.86, samples=593
  lat (usec)   : 20=0.01%, 100=0.20%, 250=0.76%, 500=10.62%, 750=14.62%
  lat (usec)   : 1000=2.84%
  lat (msec)   : 2=35.00%, 4=21.35%, 10=10.08%, 20=3.82%, 50=0.46%
  lat (msec)   : 100=0.15%, 250=0.08%, 500=0.01%, 1000=0.01%
  cpu          : usr=2.13%, sys=23.02%, ctx=107827, majf=0, minf=44
  IO depths    : 1=0.1%, 2=0.1%, 4=100.0%, 8=0.0%, 16=0.0%, 32=0.0%, >=64=0.0%
     submit    : 0=0.0%, 4=100.0%, 8=0.0%, 16=0.0%, 32=0.0%, 64=0.0%, >=64=0.0%
     complete  : 0=0.0%, 4=100.0%, 8=0.0%, 16=0.0%, 32=0.0%, 64=0.0%, >=64=0.0%
     issued rwts: total=157258,157102,0,0 short=0,0,0,0 dropped=0,0,0,0
     latency   : target=0, window=0, percentile=100.00%, depth=4
random-writers: (groupid=0, jobs=1): err= 0: pid=166388: Tue Jul 13 11:45:51 2021
  read: IOPS=525, BW=16.4MiB/s (17.2MB/s)(4926MiB/300001msec)
    slat (usec): min=15, max=330203, avg=1563.25, stdev=4285.18
    clat (usec): min=21, max=1068.3k, avg=2873.71, stdev=10582.22
     lat (usec): min=97, max=1077.0k, avg=4439.29, stdev=11764.97
    clat percentiles (usec):
     |  1.00th=[   273],  5.00th=[   420], 10.00th=[   529], 20.00th=[   701],
     | 30.00th=[  1090], 40.00th=[  1434], 50.00th=[  1614], 60.00th=[  1844],
     | 70.00th=[  2343], 80.00th=[  2933], 90.00th=[  6456], 95.00th=[  9765],
     | 99.00th=[ 17433], 99.50th=[ 25560], 99.90th=[ 87557], 99.95th=[122160],
     | 99.99th=[252707]
   bw (  KiB/s): min=   64, max=36992, per=6.37%, avg=17069.27, stdev=8290.83, samples=590
   iops        : min=    2, max= 1156, avg=533.37, stdev=259.07, samples=590
  write: IOPS=525, BW=16.4MiB/s (17.2MB/s)(4927MiB/300001msec); 0 zone resets
    slat (usec): min=112, max=140770, avg=244.94, stdev=633.45
    clat (usec): min=87, max=1200.0k, avg=2848.45, stdev=11210.79
     lat (usec): min=224, max=1200.3k, avg=3095.44, stdev=11235.31
    clat percentiles (usec):
     |  1.00th=[   251],  5.00th=[   396], 10.00th=[   494], 20.00th=[   660],
     | 30.00th=[  1074], 40.00th=[  1418], 50.00th=[  1582], 60.00th=[  1827],
     | 70.00th=[  2343], 80.00th=[  2900], 90.00th=[  6456], 95.00th=[  9634],
     | 99.00th=[ 17171], 99.50th=[ 24249], 99.90th=[ 86508], 99.95th=[137364],
     | 99.99th=[337642]
   bw (  KiB/s): min=   64, max=37952, per=6.37%, avg=17077.30, stdev=8386.50, samples=590
   iops        : min=    2, max= 1186, avg=533.62, stdev=262.07, samples=590
  lat (usec)   : 50=0.01%, 100=0.16%, 250=0.71%, 500=8.64%, 750=13.97%
  lat (usec)   : 1000=5.63%
  lat (msec)   : 2=34.38%, 4=22.39%, 10=9.62%, 20=3.79%, 50=0.49%
  lat (msec)   : 100=0.13%, 250=0.07%, 500=0.01%, 1000=0.01%, 2000=0.01%
  cpu          : usr=2.35%, sys=25.43%, ctx=106628, majf=0, minf=44
  IO depths    : 1=0.1%, 2=0.1%, 4=100.0%, 8=0.0%, 16=0.0%, 32=0.0%, >=64=0.0%
     submit    : 0=0.0%, 4=100.0%, 8=0.0%, 16=0.0%, 32=0.0%, 64=0.0%, >=64=0.0%
     complete  : 0=0.0%, 4=100.0%, 8=0.0%, 16=0.0%, 32=0.0%, 64=0.0%, >=64=0.0%
     issued rwts: total=157618,157673,0,0 short=0,0,0,0 dropped=0,0,0,0
     latency   : target=0, window=0, percentile=100.00%, depth=4
random-writers: (groupid=0, jobs=1): err= 0: pid=166389: Tue Jul 13 11:45:51 2021
  read: IOPS=513, BW=16.0MiB/s (16.8MB/s)(4815MiB/300001msec)
    slat (usec): min=15, max=302097, avg=1631.06, stdev=4386.42
    clat (usec): min=11, max=1105.0k, avg=2925.35, stdev=11085.14
     lat (usec): min=98, max=1106.1k, avg=4558.67, stdev=12410.40
    clat percentiles (usec):
     |  1.00th=[   383],  5.00th=[   545], 10.00th=[   644], 20.00th=[  1123],
     | 30.00th=[  1418], 40.00th=[  1582], 50.00th=[  1762], 60.00th=[  2180],
     | 70.00th=[  2474], 80.00th=[  2933], 90.00th=[  5342], 95.00th=[  9110],
     | 99.00th=[ 16057], 99.50th=[ 23462], 99.90th=[ 88605], 99.95th=[133694],
     | 99.99th=[304088]
   bw (  KiB/s): min=  128, max=29056, per=6.23%, avg=16680.02, stdev=7317.11, samples=590
   iops        : min=    4, max=  908, avg=521.21, stdev=228.64, samples=590
  write: IOPS=516, BW=16.1MiB/s (16.9MB/s)(4838MiB/300001msec); 0 zone resets
    slat (usec): min=124, max=28006, avg=220.75, stdev=92.22
    clat (usec): min=88, max=1035.6k, avg=2914.27, stdev=11080.89
     lat (usec): min=228, max=1035.8k, avg=3136.64, stdev=11082.76
    clat percentiles (usec):
     |  1.00th=[   338],  5.00th=[   494], 10.00th=[   594], 20.00th=[  1106],
     | 30.00th=[  1401], 40.00th=[  1532], 50.00th=[  1729], 60.00th=[  2147],
     | 70.00th=[  2474], 80.00th=[  2900], 90.00th=[  5407], 95.00th=[  9110],
     | 99.00th=[ 16450], 99.50th=[ 24511], 99.90th=[ 91751], 99.95th=[132645],
     | 99.99th=[287310]
   bw (  KiB/s): min=  256, max=31232, per=6.25%, avg=16765.84, stdev=7477.76, samples=590
   iops        : min=    8, max=  976, avg=523.89, stdev=233.66, samples=590
  lat (usec)   : 20=0.01%, 100=0.04%, 250=0.12%, 500=4.28%, 750=12.30%
  lat (usec)   : 1000=2.75%
  lat (msec)   : 2=36.64%, 4=31.66%, 10=8.36%, 20=3.21%, 50=0.40%
  lat (msec)   : 100=0.14%, 250=0.07%, 500=0.01%, 1000=0.01%, 2000=0.01%
  cpu          : usr=2.15%, sys=24.96%, ctx=130751, majf=0, minf=44
  IO depths    : 1=0.1%, 2=0.1%, 4=100.0%, 8=0.0%, 16=0.0%, 32=0.0%, >=64=0.0%
     submit    : 0=0.0%, 4=100.0%, 8=0.0%, 16=0.0%, 32=0.0%, 64=0.0%, >=64=0.0%
     complete  : 0=0.0%, 4=100.0%, 8=0.0%, 16=0.0%, 32=0.0%, 64=0.0%, >=64=0.0%
     issued rwts: total=154072,154811,0,0 short=0,0,0,0 dropped=0,0,0,0
     latency   : target=0, window=0, percentile=100.00%, depth=4
random-writers: (groupid=0, jobs=1): err= 0: pid=166390: Tue Jul 13 11:45:51 2021
  read: IOPS=540, BW=16.9MiB/s (17.7MB/s)(5068MiB/300001msec)
    slat (usec): min=15, max=385495, avg=1534.20, stdev=4689.76
    clat (usec): min=12, max=1024.9k, avg=2794.39, stdev=9791.41
     lat (usec): min=97, max=1026.5k, avg=4330.74, stdev=11194.12
    clat percentiles (usec):
     |  1.00th=[   241],  5.00th=[   363], 10.00th=[   469], 20.00th=[   619],
     | 30.00th=[   832], 40.00th=[  1369], 50.00th=[  1532], 60.00th=[  1745],
     | 70.00th=[  2278], 80.00th=[  2868], 90.00th=[  6521], 95.00th=[  9503],
     | 99.00th=[ 17433], 99.50th=[ 25297], 99.90th=[ 89654], 99.95th=[135267],
     | 99.99th=[346031]
   bw (  KiB/s): min=  256, max=36160, per=6.53%, avg=17499.10, stdev=8333.10, samples=592
   iops        : min=    8, max= 1130, avg=546.80, stdev=260.39, samples=592
  write: IOPS=538, BW=16.8MiB/s (17.7MB/s)(5050MiB/300001msec); 0 zone resets
    slat (usec): min=104, max=195827, avg=233.13, stdev=914.22
    clat (usec): min=84, max=1026.2k, avg=2777.68, stdev=10217.81
     lat (usec): min=193, max=1026.4k, avg=3012.75, stdev=10264.00
    clat percentiles (usec):
     |  1.00th=[   229],  5.00th=[   343], 10.00th=[   441], 20.00th=[   578],
     | 30.00th=[   791], 40.00th=[  1336], 50.00th=[  1516], 60.00th=[  1713],
     | 70.00th=[  2245], 80.00th=[  2835], 90.00th=[  6456], 95.00th=[  9503],
     | 99.00th=[ 17171], 99.50th=[ 26084], 99.90th=[ 89654], 99.95th=[129500],
     | 99.99th=[387974]
   bw (  KiB/s): min=  577, max=36544, per=6.50%, avg=17433.41, stdev=8389.80, samples=592
   iops        : min=   18, max= 1142, avg=544.75, stdev=262.17, samples=592
  lat (usec)   : 20=0.01%, 100=0.32%, 250=1.10%, 500=11.91%, 750=14.91%
  lat (usec)   : 1000=3.68%
  lat (msec)   : 2=33.88%, 4=19.90%, 10=10.06%, 20=3.51%, 50=0.48%
  lat (msec)   : 100=0.15%, 250=0.07%, 500=0.01%, 750=0.01%, 1000=0.01%
  lat (msec)   : 2000=0.01%
  cpu          : usr=2.24%, sys=23.79%, ctx=104131, majf=0, minf=44
  IO depths    : 1=0.1%, 2=0.1%, 4=100.0%, 8=0.0%, 16=0.0%, 32=0.0%, >=64=0.0%
     submit    : 0=0.0%, 4=100.0%, 8=0.0%, 16=0.0%, 32=0.0%, 64=0.0%, >=64=0.0%
     complete  : 0=0.0%, 4=100.0%, 8=0.0%, 16=0.0%, 32=0.0%, 64=0.0%, >=64=0.0%
     issued rwts: total=162161,161594,0,0 short=0,0,0,0 dropped=0,0,0,0
     latency   : target=0, window=0, percentile=100.00%, depth=4
random-writers: (groupid=0, jobs=1): err= 0: pid=166391: Tue Jul 13 11:45:51 2021
  read: IOPS=558, BW=17.4MiB/s (18.3MB/s)(5232MiB/300001msec)
    slat (usec): min=15, max=313379, avg=1473.66, stdev=4290.18
    clat (usec): min=19, max=1217.8k, avg=2666.68, stdev=9216.67
     lat (usec): min=95, max=1223.1k, avg=4142.48, stdev=10595.91
    clat percentiles (usec):
     |  1.00th=[   269],  5.00th=[   433], 10.00th=[   537], 20.00th=[   709],
     | 30.00th=[  1270], 40.00th=[  1450], 50.00th=[  1614], 60.00th=[  1876],
     | 70.00th=[  2311], 80.00th=[  2737], 90.00th=[  4752], 95.00th=[  8717],
     | 99.00th=[ 15139], 99.50th=[ 22938], 99.90th=[ 92799], 99.95th=[125305],
     | 99.99th=[242222]
   bw (  KiB/s): min=  128, max=34560, per=6.79%, avg=18193.42, stdev=8237.76, samples=588
   iops        : min=    4, max= 1080, avg=568.51, stdev=257.43, samples=588
  write: IOPS=559, BW=17.5MiB/s (18.3MB/s)(5245MiB/300001msec); 0 zone resets
    slat (usec): min=106, max=119260, avg=223.95, stdev=574.68
    clat (usec): min=82, max=1222.9k, avg=2714.50, stdev=12615.50
     lat (usec): min=214, max=1223.1k, avg=2940.19, stdev=12630.57
    clat percentiles (usec):
     |  1.00th=[   247],  5.00th=[   408], 10.00th=[   498], 20.00th=[   660],
     | 30.00th=[  1254], 40.00th=[  1434], 50.00th=[  1582], 60.00th=[  1860],
     | 70.00th=[  2311], 80.00th=[  2704], 90.00th=[  4752], 95.00th=[  8717],
     | 99.00th=[ 15139], 99.50th=[ 21365], 99.90th=[ 95945], 99.95th=[131597],
     | 99.99th=[901776]
   bw (  KiB/s): min=  128, max=38016, per=6.80%, avg=18242.77, stdev=8437.81, samples=588
   iops        : min=    4, max= 1188, avg=570.04, stdev=263.68, samples=588
  lat (usec)   : 20=0.01%, 100=0.23%, 250=0.68%, 500=8.19%, 750=13.55%
  lat (usec)   : 1000=3.11%
  lat (msec)   : 2=36.47%, 4=26.48%, 10=7.87%, 20=2.87%, 50=0.35%
  lat (msec)   : 100=0.13%, 250=0.07%, 500=0.01%, 750=0.01%, 1000=0.01%
  lat (msec)   : 2000=0.01%
  cpu          : usr=2.26%, sys=25.96%, ctx=125177, majf=0, minf=43
  IO depths    : 1=0.1%, 2=0.1%, 4=100.0%, 8=0.0%, 16=0.0%, 32=0.0%, >=64=0.0%
     submit    : 0=0.0%, 4=100.0%, 8=0.0%, 16=0.0%, 32=0.0%, 64=0.0%, >=64=0.0%
     complete  : 0=0.0%, 4=100.0%, 8=0.0%, 16=0.0%, 32=0.0%, 64=0.0%, >=64=0.0%
     issued rwts: total=167408,167842,0,0 short=0,0,0,0 dropped=0,0,0,0
     latency   : target=0, window=0, percentile=100.00%, depth=4
random-writers: (groupid=0, jobs=1): err= 0: pid=166392: Tue Jul 13 11:45:51 2021
  read: IOPS=531, BW=16.6MiB/s (17.4MB/s)(4981MiB/300001msec)
    slat (usec): min=15, max=344990, avg=1565.80, stdev=4200.20
    clat (usec): min=74, max=1302.2k, avg=2826.95, stdev=10933.83
     lat (usec): min=91, max=1308.1k, avg=4394.99, stdev=12048.64
    clat percentiles (usec):
     |  1.00th=[   269],  5.00th=[   429], 10.00th=[   537], 20.00th=[   701],
     | 30.00th=[  1287], 40.00th=[  1467], 50.00th=[  1631], 60.00th=[  1926],
     | 70.00th=[  2409], 80.00th=[  2868], 90.00th=[  5866], 95.00th=[  9372],
     | 99.00th=[ 16712], 99.50th=[ 24773], 99.90th=[ 81265], 99.95th=[116917],
     | 99.99th=[759170]
   bw (  KiB/s): min=  128, max=38528, per=6.46%, avg=17300.59, stdev=8480.33, samples=589
   iops        : min=    4, max= 1204, avg=540.59, stdev=265.01, samples=589
  write: IOPS=533, BW=16.7MiB/s (17.5MB/s)(5005MiB/300001msec); 0 zone resets
    slat (usec): min=107, max=126719, avg=224.17, stdev=530.41
    clat (usec): min=14, max=1307.7k, avg=2818.67, stdev=10400.88
     lat (usec): min=215, max=1308.0k, avg=3044.50, stdev=10422.97
    clat percentiles (usec):
     |  1.00th=[   247],  5.00th=[   400], 10.00th=[   486], 20.00th=[   652],
     | 30.00th=[  1270], 40.00th=[  1450], 50.00th=[  1614], 60.00th=[  1909],
     | 70.00th=[  2376], 80.00th=[  2868], 90.00th=[  5800], 95.00th=[  9372],
     | 99.00th=[ 17171], 99.50th=[ 25822], 99.90th=[ 93848], 99.95th=[122160],
     | 99.99th=[250610]
   bw (  KiB/s): min=  192, max=40960, per=6.48%, avg=17383.40, stdev=8609.74, samples=589
   iops        : min=    6, max= 1280, avg=543.18, stdev=269.06, samples=589
  lat (usec)   : 20=0.01%, 100=0.23%, 250=0.67%, 500=8.71%, 750=13.33%
  lat (usec)   : 1000=3.02%
  lat (msec)   : 2=35.44%, 4=25.65%, 10=8.90%, 20=3.37%, 50=0.45%
  lat (msec)   : 100=0.15%, 250=0.07%, 500=0.01%, 1000=0.01%, 2000=0.01%
  cpu          : usr=2.18%, sys=24.82%, ctx=118359, majf=0, minf=43
  IO depths    : 1=0.1%, 2=0.1%, 4=100.0%, 8=0.0%, 16=0.0%, 32=0.0%, >=64=0.0%
     submit    : 0=0.0%, 4=100.0%, 8=0.0%, 16=0.0%, 32=0.0%, 64=0.0%, >=64=0.0%
     complete  : 0=0.0%, 4=100.0%, 8=0.0%, 16=0.0%, 32=0.0%, 64=0.0%, >=64=0.0%
     issued rwts: total=159380,160150,0,0 short=0,0,0,0 dropped=0,0,0,0
     latency   : target=0, window=0, percentile=100.00%, depth=4
random-writers: (groupid=0, jobs=1): err= 0: pid=166393: Tue Jul 13 11:45:51 2021
  read: IOPS=476, BW=14.9MiB/s (15.6MB/s)(4471MiB/300002msec)
    slat (usec): min=15, max=283274, avg=1770.48, stdev=4658.59
    clat (usec): min=22, max=1104.4k, avg=3128.85, stdev=9515.80
     lat (usec): min=99, max=1105.3k, avg=4901.53, stdev=11109.92
    clat percentiles (usec):
     |  1.00th=[   289],  5.00th=[   457], 10.00th=[   570], 20.00th=[   758],
     | 30.00th=[  1319], 40.00th=[  1516], 50.00th=[  1696], 60.00th=[  2114],
     | 70.00th=[  2507], 80.00th=[  3261], 90.00th=[  7504], 95.00th=[ 10159],
     | 99.00th=[ 18220], 99.50th=[ 27919], 99.90th=[ 93848], 99.95th=[137364],
     | 99.99th=[227541]
   bw (  KiB/s): min=  192, max=31808, per=5.77%, avg=15441.76, stdev=7533.34, samples=592
   iops        : min=    6, max=  994, avg=482.51, stdev=235.39, samples=592
  write: IOPS=476, BW=14.9MiB/s (15.6MB/s)(4471MiB/300002msec); 0 zone resets
    slat (usec): min=118, max=227938, avg=235.33, stdev=950.85
    clat (usec): min=89, max=1144.3k, avg=3174.95, stdev=12396.27
     lat (usec): min=216, max=1144.5k, avg=3412.11, stdev=12435.68
    clat percentiles (usec):
     |  1.00th=[   269],  5.00th=[   433], 10.00th=[   537], 20.00th=[   709],
     | 30.00th=[  1303], 40.00th=[  1483], 50.00th=[  1663], 60.00th=[  2114],
     | 70.00th=[  2507], 80.00th=[  3261], 90.00th=[  7439], 95.00th=[ 10028],
     | 99.00th=[ 18482], 99.50th=[ 29230], 99.90th=[ 99091], 99.95th=[139461],
     | 99.99th=[876610]
   bw (  KiB/s): min=   64, max=31808, per=5.75%, avg=15416.36, stdev=7585.31, samples=593
   iops        : min=    2, max=  994, avg=481.71, stdev=237.01, samples=593
  lat (usec)   : 50=0.01%, 100=0.12%, 250=0.50%, 500=7.00%, 750=13.11%
  lat (usec)   : 1000=4.06%
  lat (msec)   : 2=33.53%, 4=25.28%, 10=11.21%, 20=4.38%, 50=0.56%
  lat (msec)   : 100=0.16%, 250=0.08%, 500=0.01%, 1000=0.01%, 2000=0.01%
  cpu          : usr=2.10%, sys=22.58%, ctx=108586, majf=0, minf=45
  IO depths    : 1=0.1%, 2=0.1%, 4=100.0%, 8=0.0%, 16=0.0%, 32=0.0%, >=64=0.0%
     submit    : 0=0.0%, 4=100.0%, 8=0.0%, 16=0.0%, 32=0.0%, 64=0.0%, >=64=0.0%
     complete  : 0=0.0%, 4=100.0%, 8=0.0%, 16=0.0%, 32=0.0%, 64=0.0%, >=64=0.0%
     issued rwts: total=143057,143058,0,0 short=0,0,0,0 dropped=0,0,0,0
     latency   : target=0, window=0, percentile=100.00%, depth=4
random-writers: (groupid=0, jobs=1): err= 0: pid=166394: Tue Jul 13 11:45:51 2021
  read: IOPS=538, BW=16.8MiB/s (17.7MB/s)(5051MiB/300009msec)
    slat (usec): min=15, max=282697, avg=1543.54, stdev=4379.39
    clat (usec): min=13, max=985726, avg=2789.98, stdev=9793.51
     lat (usec): min=93, max=986257, avg=4335.53, stdev=11028.04
    clat percentiles (usec):
     |  1.00th=[   245],  5.00th=[   379], 10.00th=[   478], 20.00th=[   627],
     | 30.00th=[   881], 40.00th=[  1385], 50.00th=[  1549], 60.00th=[  1762],
     | 70.00th=[  2311], 80.00th=[  2868], 90.00th=[  6587], 95.00th=[  9503],
     | 99.00th=[ 16712], 99.50th=[ 24249], 99.90th=[ 83362], 99.95th=[111674],
     | 99.99th=[278922]
   bw (  KiB/s): min=  192, max=34688, per=6.51%, avg=17430.56, stdev=7954.10, samples=593
   iops        : min=    6, max= 1084, avg=544.66, stdev=248.56, samples=593
  write: IOPS=543, BW=17.0MiB/s (17.8MB/s)(5098MiB/300009msec); 0 zone resets
    slat (usec): min=100, max=119169, avg=225.85, stdev=630.39
    clat (usec): min=84, max=992154, avg=2764.25, stdev=9900.67
     lat (usec): min=219, max=992461, avg=2991.87, stdev=9923.34
    clat percentiles (usec):
     |  1.00th=[   231],  5.00th=[   359], 10.00th=[   449], 20.00th=[   594],
     | 30.00th=[   840], 40.00th=[  1369], 50.00th=[  1516], 60.00th=[  1729],
     | 70.00th=[  2278], 80.00th=[  2835], 90.00th=[  6521], 95.00th=[  9503],
     | 99.00th=[ 16712], 99.50th=[ 24249], 99.90th=[ 83362], 99.95th=[113771],
     | 99.99th=[278922]
   bw (  KiB/s): min=  128, max=37824, per=6.55%, avg=17562.45, stdev=8084.55, samples=594
   iops        : min=    4, max= 1182, avg=548.78, stdev=252.63, samples=594
  lat (usec)   : 20=0.01%, 100=0.30%, 250=0.96%, 500=11.23%, 750=15.04%
  lat (usec)   : 1000=3.44%
  lat (msec)   : 2=34.29%, 4=20.40%, 10=10.14%, 20=3.54%, 50=0.42%
  lat (msec)   : 100=0.16%, 250=0.06%, 500=0.01%, 750=0.01%, 1000=0.01%
  cpu          : usr=2.26%, sys=23.75%, ctx=106705, majf=0, minf=43
  IO depths    : 1=0.1%, 2=0.1%, 4=100.0%, 8=0.0%, 16=0.0%, 32=0.0%, >=64=0.0%
     submit    : 0=0.0%, 4=100.0%, 8=0.0%, 16=0.0%, 32=0.0%, 64=0.0%, >=64=0.0%
     complete  : 0=0.0%, 4=100.0%, 8=0.0%, 16=0.0%, 32=0.0%, 64=0.0%, >=64=0.0%
     issued rwts: total=161644,163150,0,0 short=0,0,0,0 dropped=0,0,0,0
     latency   : target=0, window=0, percentile=100.00%, depth=4
random-writers: (groupid=0, jobs=1): err= 0: pid=166395: Tue Jul 13 11:45:51 2021
  read: IOPS=539, BW=16.9MiB/s (17.7MB/s)(5060MiB/300001msec)
    slat (usec): min=15, max=327815, avg=1559.92, stdev=4443.74
    clat (usec): min=13, max=1031.8k, avg=2802.08, stdev=10694.95
     lat (usec): min=93, max=1031.8k, avg=4363.88, stdev=11888.05
    clat percentiles (usec):
     |  1.00th=[   249],  5.00th=[   400], 10.00th=[   494], 20.00th=[   644],
     | 30.00th=[  1188], 40.00th=[  1385], 50.00th=[  1549], 60.00th=[  1827],
     | 70.00th=[  2278], 80.00th=[  2835], 90.00th=[  6325], 95.00th=[  9503],
     | 99.00th=[ 16712], 99.50th=[ 24511], 99.90th=[ 83362], 99.95th=[123208],
     | 99.99th=[708838]
   bw (  KiB/s): min=  192, max=39232, per=6.54%, avg=17510.58, stdev=8245.70, samples=591
   iops        : min=    6, max= 1226, avg=547.16, stdev=257.68, samples=591
  write: IOPS=539, BW=16.9MiB/s (17.7MB/s)(5060MiB/300001msec); 0 zone resets
    slat (usec): min=119, max=195048, avg=210.80, stdev=757.32
    clat (usec): min=81, max=1094.3k, avg=2767.70, stdev=9523.69
     lat (usec): min=213, max=1094.5k, avg=2980.01, stdev=9555.86
    clat percentiles (usec):
     |  1.00th=[   233],  5.00th=[   379], 10.00th=[   457], 20.00th=[   603],
     | 30.00th=[  1172], 40.00th=[  1369], 50.00th=[  1516], 60.00th=[  1795],
     | 70.00th=[  2278], 80.00th=[  2802], 90.00th=[  6259], 95.00th=[  9503],
     | 99.00th=[ 16712], 99.50th=[ 25560], 99.90th=[ 84411], 99.95th=[130548],
     | 99.99th=[263193]
   bw (  KiB/s): min=   64, max=39360, per=6.53%, avg=17512.81, stdev=8287.75, samples=591
   iops        : min=    2, max= 1230, avg=547.23, stdev=258.99, samples=591
  lat (usec)   : 20=0.01%, 100=0.32%, 250=0.87%, 500=10.24%, 750=13.83%
  lat (usec)   : 1000=1.81%
  lat (msec)   : 2=36.42%, 4=22.76%, 10=9.64%, 20=3.43%, 50=0.45%
  lat (msec)   : 100=0.14%, 250=0.06%, 500=0.01%, 750=0.01%, 1000=0.01%
  lat (msec)   : 2000=0.01%
  cpu          : usr=2.04%, sys=23.05%, ctx=117708, majf=0, minf=44
  IO depths    : 1=0.1%, 2=0.1%, 4=100.0%, 8=0.0%, 16=0.0%, 32=0.0%, >=64=0.0%
     submit    : 0=0.0%, 4=100.0%, 8=0.0%, 16=0.0%, 32=0.0%, 64=0.0%, >=64=0.0%
     complete  : 0=0.0%, 4=100.0%, 8=0.0%, 16=0.0%, 32=0.0%, 64=0.0%, >=64=0.0%
     issued rwts: total=161916,161904,0,0 short=0,0,0,0 dropped=0,0,0,0
     latency   : target=0, window=0, percentile=100.00%, depth=4
random-writers: (groupid=0, jobs=1): err= 0: pid=166396: Tue Jul 13 11:45:51 2021
  read: IOPS=559, BW=17.5MiB/s (18.3MB/s)(5249MiB/300003msec)
    slat (usec): min=15, max=353564, avg=1490.00, stdev=4420.30
    clat (usec): min=11, max=985934, avg=2678.13, stdev=10037.61
     lat (usec): min=93, max=987355, avg=4170.00, stdev=11244.31
    clat percentiles (usec):
     |  1.00th=[   251],  5.00th=[   396], 10.00th=[   486], 20.00th=[   627],
     | 30.00th=[  1156], 40.00th=[  1369], 50.00th=[  1532], 60.00th=[  1762],
     | 70.00th=[  2245], 80.00th=[  2704], 90.00th=[  5669], 95.00th=[  9110],
     | 99.00th=[ 16057], 99.50th=[ 22152], 99.90th=[ 87557], 99.95th=[129500],
     | 99.99th=[291505]
   bw (  KiB/s): min=  192, max=36864, per=6.79%, avg=18190.93, stdev=8190.39, samples=590
   iops        : min=    6, max= 1152, avg=568.42, stdev=255.94, samples=590
  write: IOPS=558, BW=17.4MiB/s (18.3MB/s)(5234MiB/300003msec); 0 zone resets
    slat (usec): min=106, max=164883, avg=211.26, stdev=867.78
    clat (usec): min=82, max=987314, avg=2698.99, stdev=10475.12
     lat (usec): min=210, max=987589, avg=2911.78, stdev=10519.90
    clat percentiles (usec):
     |  1.00th=[   233],  5.00th=[   371], 10.00th=[   449], 20.00th=[   586],
     | 30.00th=[  1156], 40.00th=[  1352], 50.00th=[  1500], 60.00th=[  1729],
     | 70.00th=[  2245], 80.00th=[  2704], 90.00th=[  5735], 95.00th=[  9241],
     | 99.00th=[ 16319], 99.50th=[ 23200], 99.90th=[ 93848], 99.95th=[139461],
     | 99.99th=[354419]
   bw (  KiB/s): min=  128, max=38400, per=6.77%, avg=18143.50, stdev=8246.09, samples=590
   iops        : min=    4, max= 1200, avg=566.94, stdev=257.68, samples=590
  lat (usec)   : 20=0.01%, 100=0.32%, 250=0.87%, 500=11.03%, 750=14.16%
  lat (usec)   : 1000=1.54%
  lat (msec)   : 2=36.80%, 4=22.72%, 10=8.74%, 20=3.20%, 50=0.41%
  lat (msec)   : 100=0.12%, 250=0.07%, 500=0.01%, 750=0.01%, 1000=0.01%
  cpu          : usr=2.15%, sys=23.66%, ctx=119294, majf=0, minf=44
  IO depths    : 1=0.1%, 2=0.1%, 4=100.0%, 8=0.0%, 16=0.0%, 32=0.0%, >=64=0.0%
     submit    : 0=0.0%, 4=100.0%, 8=0.0%, 16=0.0%, 32=0.0%, 64=0.0%, >=64=0.0%
     complete  : 0=0.0%, 4=100.0%, 8=0.0%, 16=0.0%, 32=0.0%, 64=0.0%, >=64=0.0%
     issued rwts: total=167952,167498,0,0 short=0,0,0,0 dropped=0,0,0,0
     latency   : target=0, window=0, percentile=100.00%, depth=4

Run status group 0 (all jobs):
   READ: bw=262MiB/s (274MB/s), 14.9MiB/s-17.5MiB/s (15.6MB/s-18.3MB/s), io=76.6GiB (82.3GB), run=300001-300009msec
  WRITE: bw=262MiB/s (275MB/s), 14.9MiB/s-17.5MiB/s (15.6MB/s-18.3MB/s), io=76.7GiB (82.4GB), run=300001-300009msec


Batch Job Summary Report (version 21.01.1) for Job "fioRandrw" (1470606) on tave

Job information (1/2)
-----------------------------------------------------------------------------------------------------
             Submit            Eligible               Start                 End    Elapsed Time limit
------------------- ------------------- ------------------- ------------------- ---------- ----------
2021-07-13T11:39:54 2021-07-13T11:39:54 2021-07-13T11:39:54 2021-07-13T11:45:58   00:06:04   00:15:00
-----------------------------------------------------------------------------------------------------

Job information (2/2)
-------------------------------------------------------------
    Username      Account    Partition   NNodes        Energy
------------ ------------ ------------ -------- -------------
    afilipci         g138       normal        1     50.571 kJ

