random-writers: (g=0): rw=randrw, bs=(R) 32.0KiB-32.0KiB, (W) 32.0KiB-32.0KiB, (T) 32.0KiB-32.0KiB, ioengine=libaio, iodepth=4
...
fio-3.27-32-g77c7-dirty
Starting 2 processes
random-writers: Laying out IO file (1 file / 1024MiB)
random-writers: (g=0): rw=randrw, bs=(R) 32.0KiB-32.0KiB, (W) 32.0KiB-32.0KiB, (T) 32.0KiB-32.0KiB, ioengine=libaio, iodepth=4
...
fio-3.27-32-g77c7-dirty
Starting 2 processes
random-writers: (g=0): rw=randrw, bs=(R) 32.0KiB-32.0KiB, (W) 32.0KiB-32.0KiB, (T) 32.0KiB-32.0KiB, ioengine=libaio, iodepth=4
...
fio-3.27-32-g77c7-dirty
Starting 2 processes
random-writers: (g=0): rw=randrw, bs=(R) 32.0KiB-32.0KiB, (W) 32.0KiB-32.0KiB, (T) 32.0KiB-32.0KiB, ioengine=libaio, iodepth=4
...
fio-3.27-32-g77c7-dirty
Starting 2 processes
random-writers: Laying out IO file (1 file / 1024MiB)

random-writers: (groupid=0, jobs=1): err= 0: pid=184703: Tue Jul 13 12:54:12 2021
  read: IOPS=326, BW=10.2MiB/s (10.7MB/s)(3057MiB/300014msec)
    slat (usec): min=15, max=526502, avg=2792.86, stdev=8451.82
    clat (usec): min=23, max=975553, avg=4652.17, stdev=14794.05
     lat (usec): min=100, max=975586, avg=7447.16, stdev=18141.05
    clat percentiles (usec):
     |  1.00th=[   420],  5.00th=[   553], 10.00th=[   611], 20.00th=[  1237],
     | 30.00th=[  1418], 40.00th=[  1680], 50.00th=[  2040], 60.00th=[  2507],
     | 70.00th=[  3687], 80.00th=[  7046], 90.00th=[ 10159], 95.00th=[ 12518],
     | 99.00th=[ 27132], 99.50th=[ 51643], 99.90th=[175113], 99.95th=[299893],
     | 99.99th=[566232]
   bw (  KiB/s): min=  256, max=22272, per=48.38%, avg=10536.93, stdev=4903.84, samples=594
   iops        : min=    8, max=  696, avg=329.28, stdev=153.25, samples=594
  write: IOPS=325, BW=10.2MiB/s (10.7MB/s)(3050MiB/300014msec); 0 zone resets
    slat (usec): min=120, max=3479, avg=195.76, stdev=41.12
    clat (usec): min=85, max=975208, avg=4569.65, stdev=13175.85
     lat (usec): min=231, max=975414, avg=4766.64, stdev=13178.09
    clat percentiles (usec):
     |  1.00th=[   392],  5.00th=[   529], 10.00th=[   553], 20.00th=[  1221],
     | 30.00th=[  1385], 40.00th=[  1631], 50.00th=[  2040], 60.00th=[  2507],
     | 70.00th=[  3785], 80.00th=[  7111], 90.00th=[ 10159], 95.00th=[ 12518],
     | 99.00th=[ 26608], 99.50th=[ 50070], 99.90th=[160433], 99.95th=[244319],
     | 99.99th=[467665]
   bw (  KiB/s): min=   64, max=23232, per=48.24%, avg=10514.84, stdev=4999.22, samples=594
   iops        : min=    2, max=  726, avg=328.59, stdev=156.23, samples=594
  lat (usec)   : 50=0.01%, 100=0.01%, 250=0.09%, 500=2.97%, 750=12.29%
  lat (usec)   : 1000=0.34%
  lat (msec)   : 2=33.30%, 4=21.87%, 10=18.57%, 20=9.00%, 50=1.06%
  lat (msec)   : 100=0.28%, 250=0.17%, 500=0.05%, 750=0.01%, 1000=0.01%
  cpu          : usr=1.21%, sys=14.48%, ctx=90811, majf=0, minf=44
  IO depths    : 1=0.1%, 2=0.1%, 4=100.0%, 8=0.0%, 16=0.0%, 32=0.0%, >=64=0.0%
     submit    : 0=0.0%, 4=100.0%, 8=0.0%, 16=0.0%, 32=0.0%, 64=0.0%, >=64=0.0%
     complete  : 0=0.0%, 4=100.0%, 8=0.0%, 16=0.0%, 32=0.0%, 64=0.0%, >=64=0.0%
     issued rwts: total=97812,97607,0,0 short=0,0,0,0 dropped=0,0,0,0
     latency   : target=0, window=0, percentile=100.00%, depth=4
random-writers: (groupid=0, jobs=1): err= 0: pid=184704: Tue Jul 13 12:54:12 2021
  read: IOPS=354, BW=11.1MiB/s (11.6MB/s)(3324MiB/300046msec)
    slat (usec): min=15, max=516202, avg=2537.02, stdev=8813.39
    clat (usec): min=24, max=977502, avg=4238.32, stdev=14877.33
     lat (usec): min=127, max=978592, avg=6777.46, stdev=18551.10
    clat percentiles (usec):
     |  1.00th=[   441],  5.00th=[   570], 10.00th=[   635], 20.00th=[  1237],
     | 30.00th=[  1401], 40.00th=[  1631], 50.00th=[  1958], 60.00th=[  2311],
     | 70.00th=[  2835], 80.00th=[  5538], 90.00th=[  9503], 95.00th=[ 11469],
     | 99.00th=[ 25822], 99.50th=[ 51119], 99.90th=[177210], 99.95th=[312476],
     | 99.99th=[666895]
   bw (  KiB/s): min=  128, max=22272, per=52.62%, avg=11459.98, stdev=5511.58, samples=594
   iops        : min=    4, max=  696, avg=358.12, stdev=172.24, samples=594
  write: IOPS=355, BW=11.1MiB/s (11.7MB/s)(3335MiB/300046msec); 0 zone resets
    slat (usec): min=120, max=3170, avg=197.81, stdev=41.15
    clat (usec): min=86, max=976919, avg=4220.77, stdev=14424.40
     lat (usec): min=217, max=977121, avg=4419.83, stdev=14426.90
    clat percentiles (usec):
     |  1.00th=[   400],  5.00th=[   537], 10.00th=[   570], 20.00th=[  1237],
     | 30.00th=[  1385], 40.00th=[  1582], 50.00th=[  1958], 60.00th=[  2311],
     | 70.00th=[  2835], 80.00th=[  5604], 90.00th=[  9503], 95.00th=[ 11600],
     | 99.00th=[ 25560], 99.50th=[ 50070], 99.90th=[181404], 99.95th=[299893],
     | 99.99th=[526386]
   bw (  KiB/s): min=   64, max=22848, per=52.86%, avg=11519.34, stdev=5581.08, samples=593
   iops        : min=    2, max=  714, avg=359.98, stdev=174.41, samples=593
  lat (usec)   : 50=0.01%, 100=0.01%, 250=0.05%, 500=2.16%, 750=12.38%
  lat (usec)   : 1000=0.37%
  lat (msec)   : 2=36.38%, 4=24.93%, 10=15.06%, 20=7.26%, 50=0.91%
  lat (msec)   : 100=0.29%, 250=0.15%, 500=0.06%, 750=0.01%, 1000=0.01%
  cpu          : usr=1.31%, sys=16.19%, ctx=100602, majf=0, minf=44
  IO depths    : 1=0.1%, 2=0.1%, 4=100.0%, 8=0.0%, 16=0.0%, 32=0.0%, >=64=0.0%
     submit    : 0=0.0%, 4=100.0%, 8=0.0%, 16=0.0%, 32=0.0%, 64=0.0%, >=64=0.0%
     complete  : 0=0.0%, 4=100.0%, 8=0.0%, 16=0.0%, 32=0.0%, 64=0.0%, >=64=0.0%
     issued rwts: total=106367,106734,0,0 short=0,0,0,0 dropped=0,0,0,0
     latency   : target=0, window=0, percentile=100.00%, depth=4

Run status group 0 (all jobs):
   READ: bw=21.3MiB/s (22.3MB/s), 10.2MiB/s-11.1MiB/s (10.7MB/s-11.6MB/s), io=6381MiB (6691MB), run=300014-300046msec
  WRITE: bw=21.3MiB/s (22.3MB/s), 10.2MiB/s-11.1MiB/s (10.7MB/s-11.7MB/s), io=6386MiB (6696MB), run=300014-300046msec

random-writers: (groupid=0, jobs=1): err= 0: pid=158626: Tue Jul 13 12:54:12 2021
  read: IOPS=336, BW=10.5MiB/s (11.0MB/s)(3151MiB/300001msec)
    slat (usec): min=15, max=670669, avg=2690.17, stdev=8545.87
    clat (usec): min=24, max=966924, avg=4530.08, stdev=15306.59
     lat (usec): min=100, max=967953, avg=7222.53, stdev=18378.14
    clat percentiles (usec):
     |  1.00th=[   420],  5.00th=[   562], 10.00th=[   619], 20.00th=[  1237],
     | 30.00th=[  1434], 40.00th=[  1696], 50.00th=[  2040], 60.00th=[  2474],
     | 70.00th=[  3359], 80.00th=[  6718], 90.00th=[ 10028], 95.00th=[ 12256],
     | 99.00th=[ 27132], 99.50th=[ 48497], 99.90th=[166724], 99.95th=[316670],
     | 99.99th=[851444]
   bw (  KiB/s): min=  320, max=22912, per=50.84%, avg=10857.27, stdev=4978.42, samples=594
   iops        : min=   10, max=  716, avg=339.29, stdev=155.58, samples=594
  write: IOPS=335, BW=10.5MiB/s (11.0MB/s)(3146MiB/300001msec); 0 zone resets
    slat (usec): min=120, max=2129, avg=197.86, stdev=42.23
    clat (usec): min=82, max=966750, avg=4414.71, stdev=13340.46
     lat (usec): min=216, max=966937, avg=4613.79, stdev=13341.84
    clat percentiles (usec):
     |  1.00th=[   388],  5.00th=[   529], 10.00th=[   553], 20.00th=[  1237],
     | 30.00th=[  1401], 40.00th=[  1647], 50.00th=[  2024], 60.00th=[  2474],
     | 70.00th=[  3359], 80.00th=[  6718], 90.00th=[  9896], 95.00th=[ 12125],
     | 99.00th=[ 25560], 99.50th=[ 47973], 99.90th=[164627], 99.95th=[254804],
     | 99.99th=[505414]
   bw (  KiB/s): min=  128, max=25472, per=50.73%, avg=10842.72, stdev=5175.11, samples=594
   iops        : min=    4, max=  796, avg=338.84, stdev=161.72, samples=594
  lat (usec)   : 50=0.01%, 100=0.01%, 250=0.09%, 500=2.81%, 750=12.32%
  lat (usec)   : 1000=0.37%
  lat (msec)   : 2=33.52%, 4=23.50%, 10=17.51%, 20=8.35%, 50=1.03%
  lat (msec)   : 100=0.28%, 250=0.14%, 500=0.05%, 750=0.01%, 1000=0.01%
  cpu          : usr=1.24%, sys=15.59%, ctx=93766, majf=0, minf=44
  IO depths    : 1=0.1%, 2=0.1%, 4=100.0%, 8=0.0%, 16=0.0%, 32=0.0%, >=64=0.0%
     submit    : 0=0.0%, 4=100.0%, 8=0.0%, 16=0.0%, 32=0.0%, 64=0.0%, >=64=0.0%
     complete  : 0=0.0%, 4=100.0%, 8=0.0%, 16=0.0%, 32=0.0%, 64=0.0%, >=64=0.0%
     issued rwts: total=100820,100666,0,0 short=0,0,0,0 dropped=0,0,0,0
     latency   : target=0, window=0, percentile=100.00%, depth=4
random-writers: (groupid=0, jobs=1): err= 0: pid=158628: Tue Jul 13 12:54:12 2021
  read: IOPS=331, BW=10.4MiB/s (10.9MB/s)(3106MiB/300024msec)
    slat (usec): min=15, max=575247, avg=2735.27, stdev=8669.65
    clat (usec): min=24, max=919985, avg=4552.79, stdev=14978.58
     lat (usec): min=97, max=938878, avg=7290.18, stdev=18514.90
    clat percentiles (usec):
     |  1.00th=[   412],  5.00th=[   545], 10.00th=[   603], 20.00th=[  1205],
     | 30.00th=[  1385], 40.00th=[  1614], 50.00th=[  1975], 60.00th=[  2376],
     | 70.00th=[  3261], 80.00th=[  6652], 90.00th=[ 10028], 95.00th=[ 12387],
     | 99.00th=[ 31065], 99.50th=[ 54789], 99.90th=[168821], 99.95th=[316670],
     | 99.99th=[893387]
   bw (  KiB/s): min=  128, max=22848, per=50.05%, avg=10688.22, stdev=5466.79, samples=595
   iops        : min=    4, max=  714, avg=334.01, stdev=170.84, samples=595
  write: IOPS=332, BW=10.4MiB/s (10.9MB/s)(3116MiB/300024msec); 0 zone resets
    slat (usec): min=119, max=2389, avg=195.60, stdev=40.54
    clat (usec): min=85, max=919432, avg=4499.14, stdev=14198.01
     lat (usec): min=228, max=919622, avg=4695.97, stdev=14200.35
    clat percentiles (usec):
     |  1.00th=[   383],  5.00th=[   515], 10.00th=[   553], 20.00th=[  1188],
     | 30.00th=[  1369], 40.00th=[  1582], 50.00th=[  1975], 60.00th=[  2376],
     | 70.00th=[  3261], 80.00th=[  6718], 90.00th=[ 10028], 95.00th=[ 12387],
     | 99.00th=[ 30540], 99.50th=[ 53216], 99.90th=[170918], 99.95th=[278922],
     | 99.99th=[616563]
   bw (  KiB/s): min=  192, max=25024, per=50.25%, avg=10740.90, stdev=5588.62, samples=594
   iops        : min=    6, max=  782, avg=335.65, stdev=174.64, samples=594
  lat (usec)   : 50=0.01%, 100=0.01%, 250=0.11%, 500=3.57%, 750=12.37%
  lat (usec)   : 1000=0.36%
  lat (msec)   : 2=34.35%, 4=21.93%, 10=17.28%, 20=8.24%, 50=1.20%
  lat (msec)   : 100=0.35%, 250=0.15%, 500=0.05%, 750=0.01%, 1000=0.01%
  cpu          : usr=1.28%, sys=14.92%, ctx=90767, majf=0, minf=45
  IO depths    : 1=0.1%, 2=0.1%, 4=100.0%, 8=0.0%, 16=0.0%, 32=0.0%, >=64=0.0%
     submit    : 0=0.0%, 4=100.0%, 8=0.0%, 16=0.0%, 32=0.0%, 64=0.0%, >=64=0.0%
     complete  : 0=0.0%, 4=100.0%, 8=0.0%, 16=0.0%, 32=0.0%, 64=0.0%, >=64=0.0%
     issued rwts: total=99393,99710,0,0 short=0,0,0,0 dropped=0,0,0,0
     latency   : target=0, window=0, percentile=100.00%, depth=4

Run status group 0 (all jobs):
   READ: bw=20.9MiB/s (21.9MB/s), 10.4MiB/s-10.5MiB/s (10.9MB/s-11.0MB/s), io=6257MiB (6561MB), run=300001-300024msec
  WRITE: bw=20.9MiB/s (21.9MB/s), 10.4MiB/s-10.5MiB/s (10.9MB/s-11.0MB/s), io=6262MiB (6566MB), run=300001-300024msec

random-writers: (groupid=0, jobs=1): err= 0: pid=155428: Tue Jul 13 12:54:19 2021
  read: IOPS=290, BW=9310KiB/s (9533kB/s)(2727MiB/300003msec)
    slat (usec): min=15, max=402474, avg=3144.44, stdev=7907.86
    clat (usec): min=23, max=979507, avg=5184.20, stdev=14284.18
     lat (usec): min=103, max=980490, avg=8331.24, stdev=17288.69
    clat percentiles (usec):
     |  1.00th=[   445],  5.00th=[   578], 10.00th=[   668], 20.00th=[  1303],
     | 30.00th=[  1532], 40.00th=[  1827], 50.00th=[  2311], 60.00th=[  2933],
     | 70.00th=[  5276], 80.00th=[  8160], 90.00th=[ 10814], 95.00th=[ 14353],
     | 99.00th=[ 34341], 99.50th=[ 57934], 99.90th=[137364], 99.95th=[265290],
     | 99.99th=[901776]
   bw (  KiB/s): min=  128, max=21290, per=30.11%, avg=9343.82, stdev=4459.36, samples=597
   iops        : min=    4, max=  665, avg=291.94, stdev=139.33, samples=597
  write: IOPS=290, BW=9283KiB/s (9506kB/s)(2720MiB/300003msec); 0 zone resets
    slat (usec): min=120, max=2580, avg=204.80, stdev=47.03
    clat (usec): min=87, max=948076, avg=5154.28, stdev=13378.10
     lat (usec): min=261, max=948330, avg=5360.30, stdev=13380.14
    clat percentiles (usec):
     |  1.00th=[   396],  5.00th=[   537], 10.00th=[   570], 20.00th=[  1270],
     | 30.00th=[  1483], 40.00th=[  1778], 50.00th=[  2278], 60.00th=[  2933],
     | 70.00th=[  5276], 80.00th=[  8160], 90.00th=[ 10814], 95.00th=[ 14615],
     | 99.00th=[ 34341], 99.50th=[ 57934], 99.90th=[149947], 99.95th=[256902],
     | 99.99th=[404751]
   bw (  KiB/s): min=   64, max=20928, per=29.96%, avg=9316.79, stdev=4549.07, samples=597
   iops        : min=    2, max=  654, avg=291.09, stdev=142.14, samples=597
  lat (usec)   : 50=0.01%, 100=0.01%, 250=0.05%, 500=2.27%, 750=12.35%
  lat (usec)   : 1000=0.50%
  lat (msec)   : 2=29.02%, 4=21.56%, 10=21.11%, 20=11.05%, 50=1.48%
  lat (msec)   : 100=0.39%, 250=0.17%, 500=0.04%, 1000=0.01%
  cpu          : usr=1.17%, sys=14.07%, ctx=81881, majf=0, minf=44
  IO depths    : 1=0.1%, 2=0.1%, 4=100.0%, 8=0.0%, 16=0.0%, 32=0.0%, >=64=0.0%
     submit    : 0=0.0%, 4=100.0%, 8=0.0%, 16=0.0%, 32=0.0%, 64=0.0%, >=64=0.0%
     complete  : 0=0.0%, 4=100.0%, 8=0.0%, 16=0.0%, 32=0.0%, 64=0.0%, >=64=0.0%
     issued rwts: total=87278,87033,0,0 short=0,0,0,0 dropped=0,0,0,0
     latency   : target=0, window=0, percentile=100.00%, depth=4
random-writers: (groupid=0, jobs=1): err= 0: pid=155429: Tue Jul 13 12:54:19 2021
  read: IOPS=678, BW=21.2MiB/s (22.2MB/s)(6363MiB/300001msec)
    slat (usec): min=14, max=297626, avg=1199.33, stdev=3776.17
    clat (usec): min=11, max=1027.6k, avg=2221.03, stdev=9821.37
     lat (usec): min=93, max=1027.6k, avg=3422.20, stdev=10778.58
    clat percentiles (usec):
     |  1.00th=[   243],  5.00th=[   396], 10.00th=[   490], 20.00th=[   635],
     | 30.00th=[  1221], 40.00th=[  1352], 50.00th=[  1516], 60.00th=[  1778],
     | 70.00th=[  2073], 80.00th=[  2409], 90.00th=[  3097], 95.00th=[  5997],
     | 99.00th=[ 11731], 99.50th=[ 15664], 99.90th=[ 60556], 99.95th=[111674],
     | 99.99th=[308282]
   bw (  KiB/s): min=  192, max=41152, per=70.96%, avg=22019.72, stdev=8863.73, samples=591
   iops        : min=    6, max= 1286, avg=688.05, stdev=276.97, samples=591
  write: IOPS=681, BW=21.3MiB/s (22.3MB/s)(6391MiB/300001msec); 0 zone resets
    slat (usec): min=97, max=191339, avg=192.69, stdev=629.81
    clat (usec): min=80, max=1024.8k, avg=2199.99, stdev=9247.72
     lat (usec): min=207, max=1024.9k, avg=2393.91, stdev=9274.79
    clat percentiles (usec):
     |  1.00th=[   215],  5.00th=[   363], 10.00th=[   441], 20.00th=[   578],
     | 30.00th=[  1205], 40.00th=[  1336], 50.00th=[  1500], 60.00th=[  1778],
     | 70.00th=[  2073], 80.00th=[  2442], 90.00th=[  3097], 95.00th=[  5866],
     | 99.00th=[ 11731], 99.50th=[ 15533], 99.90th=[ 64750], 99.95th=[110625],
     | 99.99th=[295699]
   bw (  KiB/s): min=  320, max=41728, per=71.13%, avg=22119.03, stdev=8991.10, samples=591
   iops        : min=   10, max= 1304, avg=691.15, stdev=280.95, samples=591
  lat (usec)   : 20=0.01%, 100=0.34%, 250=1.18%, 500=10.03%, 750=11.82%
  lat (usec)   : 1000=0.67%
  lat (msec)   : 2=43.34%, 4=25.99%, 10=4.59%, 20=1.72%, 50=0.19%
  lat (msec)   : 100=0.07%, 250=0.04%, 500=0.01%, 750=0.01%, 1000=0.01%
  lat (msec)   : 2000=0.01%
  cpu          : usr=2.27%, sys=28.07%, ctx=161263, majf=0, minf=44
  IO depths    : 1=0.1%, 2=0.1%, 4=100.0%, 8=0.0%, 16=0.0%, 32=0.0%, >=64=0.0%
     submit    : 0=0.0%, 4=100.0%, 8=0.0%, 16=0.0%, 32=0.0%, 64=0.0%, >=64=0.0%
     complete  : 0=0.0%, 4=100.0%, 8=0.0%, 16=0.0%, 32=0.0%, 64=0.0%, >=64=0.0%
     issued rwts: total=203618,204510,0,0 short=0,0,0,0 dropped=0,0,0,0
     latency   : target=0, window=0, percentile=100.00%, depth=4

Run status group 0 (all jobs):
   READ: bw=30.3MiB/s (31.8MB/s), 9310KiB/s-21.2MiB/s (9533kB/s-22.2MB/s), io=9091MiB (9532MB), run=300001-300003msec
  WRITE: bw=30.4MiB/s (31.8MB/s), 9283KiB/s-21.3MiB/s (9506kB/s-22.3MB/s), io=9111MiB (9553MB), run=300001-300003msec

random-writers: (groupid=0, jobs=1): err= 0: pid=159186: Tue Jul 13 12:54:19 2021
  read: IOPS=291, BW=9334KiB/s (9558kB/s)(2735MiB/300001msec)
    slat (usec): min=15, max=398397, avg=3147.42, stdev=7849.68
    clat (usec): min=15, max=941291, avg=5156.22, stdev=14130.28
     lat (usec): min=98, max=941322, avg=8305.73, stdev=17168.36
    clat percentiles (usec):
     |  1.00th=[   396],  5.00th=[   545], 10.00th=[   603], 20.00th=[  1221],
     | 30.00th=[  1401], 40.00th=[  1680], 50.00th=[  2147], 60.00th=[  2835],
     | 70.00th=[  5407], 80.00th=[  8160], 90.00th=[ 10814], 95.00th=[ 14484],
     | 99.00th=[ 35914], 99.50th=[ 60031], 99.90th=[147850], 99.95th=[231736],
     | 99.99th=[859833]
   bw (  KiB/s): min=  320, max=22400, per=31.05%, avg=9391.98, stdev=4518.88, samples=595
   iops        : min=   10, max=  700, avg=293.44, stdev=141.20, samples=595
  write: IOPS=290, BW=9308KiB/s (9532kB/s)(2727MiB/300001msec); 0 zone resets
    slat (usec): min=120, max=105570, avg=197.46, stdev=383.77
    clat (usec): min=83, max=940994, avg=5153.46, stdev=13206.57
     lat (usec): min=215, max=941190, avg=5352.18, stdev=13214.16
    clat percentiles (usec):
     |  1.00th=[   363],  5.00th=[   502], 10.00th=[   553], 20.00th=[  1205],
     | 30.00th=[  1369], 40.00th=[  1614], 50.00th=[  2147], 60.00th=[  2802],
     | 70.00th=[  5342], 80.00th=[  8160], 90.00th=[ 10814], 95.00th=[ 14615],
     | 99.00th=[ 40109], 99.50th=[ 64750], 99.90th=[154141], 99.95th=[231736],
     | 99.99th=[387974]
   bw (  KiB/s): min=  192, max=25088, per=30.90%, avg=9366.48, stdev=4696.53, samples=595
   iops        : min=    6, max=  784, avg=292.65, stdev=146.75, samples=595
  lat (usec)   : 20=0.01%, 100=0.03%, 250=0.18%, 500=3.90%, 750=12.24%
  lat (usec)   : 1000=0.42%
  lat (msec)   : 2=30.01%, 4=18.72%, 10=21.51%, 20=10.80%, 50=1.49%
  lat (msec)   : 100=0.47%, 250=0.19%, 500=0.04%, 1000=0.01%
  cpu          : usr=1.03%, sys=13.12%, ctx=79494, majf=0, minf=44
  IO depths    : 1=0.1%, 2=0.1%, 4=100.0%, 8=0.0%, 16=0.0%, 32=0.0%, >=64=0.0%
     submit    : 0=0.0%, 4=100.0%, 8=0.0%, 16=0.0%, 32=0.0%, 64=0.0%, >=64=0.0%
     complete  : 0=0.0%, 4=100.0%, 8=0.0%, 16=0.0%, 32=0.0%, 64=0.0%, >=64=0.0%
     issued rwts: total=87510,87266,0,0 short=0,0,0,0 dropped=0,0,0,0
     latency   : target=0, window=0, percentile=100.00%, depth=4
random-writers: (groupid=0, jobs=1): err= 0: pid=159187: Tue Jul 13 12:54:19 2021
  read: IOPS=653, BW=20.4MiB/s (21.4MB/s)(6127MiB/300001msec)
    slat (usec): min=15, max=343836, avg=1257.79, stdev=4108.17
    clat (usec): min=21, max=972678, avg=2314.47, stdev=9834.65
     lat (usec): min=93, max=973750, avg=3574.08, stdev=10991.05
    clat percentiles (usec):
     |  1.00th=[   285],  5.00th=[   449], 10.00th=[   553], 20.00th=[   996],
     | 30.00th=[  1254], 40.00th=[  1385], 50.00th=[  1565], 60.00th=[  1860],
     | 70.00th=[  2089], 80.00th=[  2409], 90.00th=[  3064], 95.00th=[  6325],
     | 99.00th=[ 11731], 99.50th=[ 15664], 99.90th=[ 76022], 99.95th=[132645],
     | 99.99th=[346031]
   bw (  KiB/s): min=  128, max=47552, per=70.10%, avg=21202.45, stdev=8331.31, samples=591
   iops        : min=    4, max= 1486, avg=662.52, stdev=260.33, samples=591
  write: IOPS=656, BW=20.5MiB/s (21.5MB/s)(6152MiB/300001msec); 0 zone resets
    slat (usec): min=97, max=50885, avg=192.11, stdev=130.99
    clat (usec): min=80, max=978654, avg=2277.31, stdev=9557.58
     lat (usec): min=206, max=978819, avg=2470.71, stdev=9559.97
    clat percentiles (usec):
     |  1.00th=[   253],  5.00th=[   408], 10.00th=[   529], 20.00th=[   971],
     | 30.00th=[  1237], 40.00th=[  1352], 50.00th=[  1532], 60.00th=[  1860],
     | 70.00th=[  2089], 80.00th=[  2442], 90.00th=[  3097], 95.00th=[  6390],
     | 99.00th=[ 11863], 99.50th=[ 16057], 99.90th=[ 67634], 99.95th=[109577],
     | 99.99th=[308282]
   bw (  KiB/s): min=  256, max=49536, per=70.23%, avg=21286.11, stdev=8473.20, samples=591
   iops        : min=    8, max= 1548, avg=665.14, stdev=264.78, samples=591
  lat (usec)   : 50=0.01%, 100=0.16%, 250=0.60%, 500=6.72%, 750=11.79%
  lat (usec)   : 1000=0.88%
  lat (msec)   : 2=45.98%, 4=27.01%, 10=4.76%, 20=1.78%, 50=0.18%
  lat (msec)   : 100=0.08%, 250=0.05%, 500=0.01%, 750=0.01%, 1000=0.01%
  cpu          : usr=2.31%, sys=27.58%, ctx=167878, majf=0, minf=44
  IO depths    : 1=0.1%, 2=0.1%, 4=100.0%, 8=0.0%, 16=0.0%, 32=0.0%, >=64=0.0%
     submit    : 0=0.0%, 4=100.0%, 8=0.0%, 16=0.0%, 32=0.0%, 64=0.0%, >=64=0.0%
     complete  : 0=0.0%, 4=100.0%, 8=0.0%, 16=0.0%, 32=0.0%, 64=0.0%, >=64=0.0%
     issued rwts: total=196056,196866,0,0 short=0,0,0,0 dropped=0,0,0,0
     latency   : target=0, window=0, percentile=100.00%, depth=4

Run status group 0 (all jobs):
   READ: bw=29.5MiB/s (31.0MB/s), 9334KiB/s-20.4MiB/s (9558kB/s-21.4MB/s), io=8861MiB (9292MB), run=300001-300001msec
  WRITE: bw=29.6MiB/s (31.0MB/s), 9308KiB/s-20.5MiB/s (9532kB/s-21.5MB/s), io=8879MiB (9310MB), run=300001-300001msec


Batch Job Summary Report (version 21.01.1) for Job "fioRandrw" (1470615) on tave

Job information (1/2)
-----------------------------------------------------------------------------------------------------
             Submit            Eligible               Start                 End    Elapsed Time limit
------------------- ------------------- ------------------- ------------------- ---------- ----------
2021-07-13T12:49:09 2021-07-13T12:49:09 2021-07-13T12:49:09 2021-07-13T12:54:22   00:05:13   00:15:00
-----------------------------------------------------------------------------------------------------

Job information (2/2)
-------------------------------------------------------------
    Username      Account    Partition   NNodes        Energy
------------ ------------ ------------ -------- -------------
    afilipci         g138       normal        4    161.615 kJ

