random-writers: (g=0): rw=randrw, bs=(R) 32.0KiB-32.0KiB, (W) 32.0KiB-32.0KiB, (T) 32.0KiB-32.0KiB, ioengine=libaio, iodepth=4
...
fio-3.27-32-g77c7-dirty
Starting 4 processes
random-writers: (g=0): rw=randrw, bs=(R) 32.0KiB-32.0KiB, (W) 32.0KiB-32.0KiB, (T) 32.0KiB-32.0KiB, ioengine=libaio, iodepth=4
...
fio-3.27-32-g77c7-dirty
Starting 4 processes
random-writers: (g=0): rw=randrw, bs=(R) 32.0KiB-32.0KiB, (W) 32.0KiB-32.0KiB, (T) 32.0KiB-32.0KiB, ioengine=libaio, iodepth=4
...
fio-3.27-32-g77c7-dirty
Starting 4 processes
random-writers: Laying out IO file (1 file / 1024MiB)
random-writers: (g=0): rw=randrw, bs=(R) 32.0KiB-32.0KiB, (W) 32.0KiB-32.0KiB, (T) 32.0KiB-32.0KiB, ioengine=libaio, iodepth=4
...
fio-3.27-32-g77c7-dirty
Starting 4 processes
random-writers: Laying out IO file (1 file / 1024MiB)
random-writers: Laying out IO file (1 file / 1024MiB)
random-writers: Laying out IO file (1 file / 1024MiB)

random-writers: (groupid=0, jobs=1): err= 0: pid=160593: Tue Jul 13 12:59:48 2021
  read: IOPS=360, BW=11.3MiB/s (11.8MB/s)(3380MiB/300001msec)
    slat (usec): min=15, max=551187, avg=2485.30, stdev=7953.64
    clat (usec): min=81, max=1023.5k, avg=4217.95, stdev=14576.16
     lat (usec): min=102, max=1024.3k, avg=6705.33, stdev=17650.70
    clat percentiles (usec):
     |  1.00th=[   404],  5.00th=[   553], 10.00th=[   627], 20.00th=[  1205],
     | 30.00th=[  1385], 40.00th=[  1549], 50.00th=[  1942], 60.00th=[  2278],
     | 70.00th=[  2933], 80.00th=[  6063], 90.00th=[  9634], 95.00th=[ 11600],
     | 99.00th=[ 25297], 99.50th=[ 47449], 99.90th=[141558], 99.95th=[265290],
     | 99.99th=[918553]
   bw (  KiB/s): min=  128, max=28416, per=24.63%, avg=11658.79, stdev=5628.87, samples=593
   iops        : min=    4, max=  888, avg=364.34, stdev=175.90, samples=593
  write: IOPS=359, BW=11.2MiB/s (11.8MB/s)(3371MiB/300001msec); 0 zone resets
    slat (usec): min=121, max=52927, avg=204.33, stdev=165.38
    clat (usec): min=13, max=956893, avg=4125.85, stdev=12871.38
     lat (usec): min=219, max=957140, avg=4331.54, stdev=12873.96
    clat percentiles (usec):
     |  1.00th=[   371],  5.00th=[   506], 10.00th=[   570], 20.00th=[  1188],
     | 30.00th=[  1352], 40.00th=[  1500], 50.00th=[  1942], 60.00th=[  2278],
     | 70.00th=[  2966], 80.00th=[  6063], 90.00th=[  9634], 95.00th=[ 11600],
     | 99.00th=[ 24773], 99.50th=[ 42730], 99.90th=[132645], 99.95th=[248513],
     | 99.99th=[513803]
   bw (  KiB/s): min=  192, max=29440, per=24.59%, avg=11646.16, stdev=5774.54, samples=592
   iops        : min=    6, max=  920, avg=363.94, stdev=180.45, samples=592
  lat (usec)   : 20=0.01%, 100=0.04%, 250=0.13%, 500=3.84%, 750=12.54%
  lat (usec)   : 1000=0.83%
  lat (msec)   : 2=34.31%, 4=22.78%, 10=16.73%, 20=7.42%, 50=0.93%
  lat (msec)   : 100=0.28%, 250=0.11%, 500=0.04%, 750=0.01%, 1000=0.01%
  lat (msec)   : 2000=0.01%
  cpu          : usr=1.38%, sys=16.41%, ctx=96722, majf=0, minf=43
  IO depths    : 1=0.1%, 2=0.1%, 4=100.0%, 8=0.0%, 16=0.0%, 32=0.0%, >=64=0.0%
     submit    : 0=0.0%, 4=100.0%, 8=0.0%, 16=0.0%, 32=0.0%, 64=0.0%, >=64=0.0%
     complete  : 0=0.0%, 4=100.0%, 8=0.0%, 16=0.0%, 32=0.0%, 64=0.0%, >=64=0.0%
     issued rwts: total=108154,107860,0,0 short=0,0,0,0 dropped=0,0,0,0
     latency   : target=0, window=0, percentile=100.00%, depth=4
random-writers: (groupid=0, jobs=1): err= 0: pid=160594: Tue Jul 13 12:59:48 2021
  read: IOPS=350, BW=10.9MiB/s (11.5MB/s)(3282MiB/300008msec)
    slat (usec): min=15, max=487711, avg=2562.59, stdev=7670.38
    clat (usec): min=23, max=997203, avg=4309.21, stdev=14015.28
     lat (usec): min=98, max=997234, avg=6874.21, stdev=16994.86
    clat percentiles (usec):
     |  1.00th=[   445],  5.00th=[   578], 10.00th=[   660], 20.00th=[  1270],
     | 30.00th=[  1434], 40.00th=[  1647], 50.00th=[  2024], 60.00th=[  2409],
     | 70.00th=[  3130], 80.00th=[  6259], 90.00th=[  9634], 95.00th=[ 11731],
     | 99.00th=[ 25822], 99.50th=[ 48497], 99.90th=[135267], 99.95th=[242222],
     | 99.99th=[517997]
   bw (  KiB/s): min=  192, max=22656, per=23.93%, avg=11325.95, stdev=5259.31, samples=593
   iops        : min=    6, max=  708, avg=353.94, stdev=164.35, samples=593
  write: IOPS=351, BW=11.0MiB/s (11.5MB/s)(3294MiB/300008msec); 0 zone resets
    slat (usec): min=120, max=2781, avg=204.08, stdev=43.71
    clat (usec): min=84, max=997936, avg=4256.42, stdev=13266.31
     lat (usec): min=238, max=998279, avg=4461.80, stdev=13268.31
    clat percentiles (usec):
     |  1.00th=[   404],  5.00th=[   537], 10.00th=[   578], 20.00th=[  1254],
     | 30.00th=[  1401], 40.00th=[  1582], 50.00th=[  2024], 60.00th=[  2376],
     | 70.00th=[  3130], 80.00th=[  6325], 90.00th=[  9634], 95.00th=[ 11863],
     | 99.00th=[ 25035], 99.50th=[ 46400], 99.90th=[135267], 99.95th=[208667],
     | 99.99th=[530580]
   bw (  KiB/s): min=   64, max=22784, per=24.04%, avg=11382.27, stdev=5359.27, samples=592
   iops        : min=    2, max=  712, avg=355.70, stdev=167.48, samples=592
  lat (usec)   : 50=0.01%, 100=0.01%, 250=0.04%, 500=2.18%, 750=12.43%
  lat (usec)   : 1000=0.54%
  lat (msec)   : 2=34.13%, 4=24.58%, 10=17.07%, 20=7.63%, 50=0.92%
  lat (msec)   : 100=0.30%, 250=0.12%, 500=0.04%, 750=0.01%, 1000=0.01%
  cpu          : usr=1.36%, sys=16.72%, ctx=98600, majf=0, minf=44
  IO depths    : 1=0.1%, 2=0.1%, 4=100.0%, 8=0.0%, 16=0.0%, 32=0.0%, >=64=0.0%
     submit    : 0=0.0%, 4=100.0%, 8=0.0%, 16=0.0%, 32=0.0%, 64=0.0%, >=64=0.0%
     complete  : 0=0.0%, 4=100.0%, 8=0.0%, 16=0.0%, 32=0.0%, 64=0.0%, >=64=0.0%
     issued rwts: total=105037,105396,0,0 short=0,0,0,0 dropped=0,0,0,0
     latency   : target=0, window=0, percentile=100.00%, depth=4
random-writers: (groupid=0, jobs=1): err= 0: pid=160595: Tue Jul 13 12:59:48 2021
  read: IOPS=388, BW=12.1MiB/s (12.7MB/s)(3642MiB/300006msec)
    slat (usec): min=15, max=517675, avg=2289.91, stdev=6635.65
    clat (usec): min=23, max=1099.9k, avg=3894.96, stdev=13020.28
     lat (usec): min=98, max=1100.6k, avg=6186.89, stdev=15467.51
    clat percentiles (usec):
     |  1.00th=[   306],  5.00th=[   469], 10.00th=[   570], 20.00th=[   914],
     | 30.00th=[  1270], 40.00th=[  1418], 50.00th=[  1729], 60.00th=[  2114],
     | 70.00th=[  2704], 80.00th=[  5669], 90.00th=[  9372], 95.00th=[ 11338],
     | 99.00th=[ 23725], 99.50th=[ 41681], 99.90th=[107480], 99.95th=[198181],
     | 99.99th=[834667]
   bw (  KiB/s): min=  192, max=27520, per=26.51%, avg=12546.80, stdev=6266.27, samples=594
   iops        : min=    6, max=  860, avg=392.09, stdev=195.82, samples=594
  write: IOPS=387, BW=12.1MiB/s (12.7MB/s)(3633MiB/300006msec); 0 zone resets
    slat (usec): min=119, max=169771, avg=198.59, stdev=499.05
    clat (usec): min=83, max=1100.0k, avg=3848.01, stdev=12406.90
     lat (usec): min=219, max=1100.2k, avg=4047.93, stdev=12419.11
    clat percentiles (usec):
     |  1.00th=[   265],  5.00th=[   416], 10.00th=[   529], 20.00th=[   701],
     | 30.00th=[  1254], 40.00th=[  1385], 50.00th=[  1663], 60.00th=[  2089],
     | 70.00th=[  2671], 80.00th=[  5669], 90.00th=[  9241], 95.00th=[ 11338],
     | 99.00th=[ 23200], 99.50th=[ 42730], 99.90th=[112722], 99.95th=[196084],
     | 99.99th=[484443]
   bw (  KiB/s): min=  192, max=30400, per=26.47%, avg=12537.63, stdev=6301.12, samples=593
   iops        : min=    6, max=  950, avg=391.80, stdev=196.91, samples=593
  lat (usec)   : 50=0.01%, 100=0.10%, 250=0.38%, 500=6.81%, 750=12.42%
  lat (usec)   : 1000=0.80%
  lat (msec)   : 2=36.62%, 4=18.63%, 10=16.14%, 20=6.81%, 50=0.90%
  lat (msec)   : 100=0.27%, 250=0.09%, 500=0.03%, 750=0.01%, 1000=0.01%
  lat (msec)   : 2000=0.01%
  cpu          : usr=1.42%, sys=17.07%, ctx=97668, majf=0, minf=43
  IO depths    : 1=0.1%, 2=0.1%, 4=100.0%, 8=0.0%, 16=0.0%, 32=0.0%, >=64=0.0%
     submit    : 0=0.0%, 4=100.0%, 8=0.0%, 16=0.0%, 32=0.0%, 64=0.0%, >=64=0.0%
     complete  : 0=0.0%, 4=100.0%, 8=0.0%, 16=0.0%, 32=0.0%, 64=0.0%, >=64=0.0%
     issued rwts: total=116548,116262,0,0 short=0,0,0,0 dropped=0,0,0,0
     latency   : target=0, window=0, percentile=100.00%, depth=4
random-writers: (groupid=0, jobs=1): err= 0: pid=160596: Tue Jul 13 12:59:48 2021
  read: IOPS=379, BW=11.9MiB/s (12.4MB/s)(3561MiB/300004msec)
    slat (usec): min=15, max=527196, avg=2352.86, stdev=6855.24
    clat (usec): min=24, max=968955, avg=3954.31, stdev=13009.62
     lat (usec): min=96, max=969754, avg=6309.12, stdev=15615.07
    clat percentiles (usec):
     |  1.00th=[   371],  5.00th=[   502], 10.00th=[   586], 20.00th=[  1106],
     | 30.00th=[  1303], 40.00th=[  1450], 50.00th=[  1811], 60.00th=[  2147],
     | 70.00th=[  2769], 80.00th=[  5800], 90.00th=[  9372], 95.00th=[ 11338],
     | 99.00th=[ 22938], 99.50th=[ 41681], 99.90th=[119014], 99.95th=[200279],
     | 99.99th=[859833]
   bw (  KiB/s): min=  128, max=27776, per=25.87%, avg=12242.50, stdev=5868.21, samples=595
   iops        : min=    4, max=  868, avg=382.58, stdev=183.38, samples=595
  write: IOPS=381, BW=11.9MiB/s (12.5MB/s)(3576MiB/300004msec); 0 zone resets
    slat (usec): min=120, max=70286, avg=198.64, stdev=224.81
    clat (usec): min=82, max=1006.4k, avg=3938.10, stdev=11725.84
     lat (usec): min=212, max=1006.5k, avg=4138.08, stdev=11730.12
    clat percentiles (usec):
     |  1.00th=[   338],  5.00th=[   457], 10.00th=[   553], 20.00th=[  1106],
     | 30.00th=[  1287], 40.00th=[  1434], 50.00th=[  1811], 60.00th=[  2147],
     | 70.00th=[  2802], 80.00th=[  5866], 90.00th=[  9372], 95.00th=[ 11338],
     | 99.00th=[ 22938], 99.50th=[ 44827], 99.90th=[125305], 99.95th=[204473],
     | 99.99th=[413139]
   bw (  KiB/s): min=   64, max=26880, per=25.95%, avg=12289.61, stdev=5935.82, samples=595
   iops        : min=    2, max=  840, avg=384.05, stdev=185.49, samples=595
  lat (usec)   : 50=0.01%, 100=0.05%, 250=0.21%, 500=5.35%, 750=12.60%
  lat (usec)   : 1000=0.69%
  lat (msec)   : 2=36.12%, 4=20.21%, 10=16.55%, 20=6.99%, 50=0.81%
  lat (msec)   : 100=0.28%, 250=0.10%, 500=0.03%, 750=0.01%, 1000=0.01%
  lat (msec)   : 2000=0.01%
  cpu          : usr=1.41%, sys=16.56%, ctx=98648, majf=0, minf=44
  IO depths    : 1=0.1%, 2=0.1%, 4=100.0%, 8=0.0%, 16=0.0%, 32=0.0%, >=64=0.0%
     submit    : 0=0.0%, 4=100.0%, 8=0.0%, 16=0.0%, 32=0.0%, 64=0.0%, >=64=0.0%
     complete  : 0=0.0%, 4=100.0%, 8=0.0%, 16=0.0%, 32=0.0%, 64=0.0%, >=64=0.0%
     issued rwts: total=113952,114440,0,0 short=0,0,0,0 dropped=0,0,0,0
     latency   : target=0, window=0, percentile=100.00%, depth=4

Run status group 0 (all jobs):
   READ: bw=46.2MiB/s (48.5MB/s), 10.9MiB/s-12.1MiB/s (11.5MB/s-12.7MB/s), io=13.5GiB (14.5GB), run=300001-300008msec
  WRITE: bw=46.2MiB/s (48.5MB/s), 11.0MiB/s-12.1MiB/s (11.5MB/s-12.7MB/s), io=13.5GiB (14.5GB), run=300001-300008msec

random-writers: (groupid=0, jobs=1): err= 0: pid=186799: Tue Jul 13 12:59:48 2021
  read: IOPS=340, BW=10.6MiB/s (11.2MB/s)(3193MiB/300001msec)
    slat (usec): min=15, max=615054, avg=2649.12, stdev=8680.05
    clat (usec): min=11, max=927803, avg=4379.90, stdev=14590.10
     lat (usec): min=101, max=931960, avg=7031.13, stdev=17794.91
    clat percentiles (usec):
     |  1.00th=[   379],  5.00th=[   523], 10.00th=[   603], 20.00th=[  1156],
     | 30.00th=[  1352], 40.00th=[  1532], 50.00th=[  1926], 60.00th=[  2343],
     | 70.00th=[  3523], 80.00th=[  6849], 90.00th=[  9896], 95.00th=[ 12125],
     | 99.00th=[ 24249], 99.50th=[ 43779], 99.90th=[141558], 99.95th=[278922],
     | 99.99th=[843056]
   bw (  KiB/s): min=  192, max=24576, per=25.20%, avg=10974.23, stdev=5512.38, samples=595
   iops        : min=    6, max=  768, avg=342.94, stdev=172.26, samples=595
  write: IOPS=340, BW=10.6MiB/s (11.1MB/s)(3188MiB/300001msec); 0 zone resets
    slat (usec): min=102, max=124055, avg=201.40, stdev=390.22
    clat (usec): min=86, max=927823, avg=4446.33, stdev=13888.94
     lat (usec): min=233, max=928122, avg=4649.09, stdev=13896.53
    clat percentiles (usec):
     |  1.00th=[   351],  5.00th=[   469], 10.00th=[   553], 20.00th=[  1139],
     | 30.00th=[  1336], 40.00th=[  1500], 50.00th=[  1926], 60.00th=[  2343],
     | 70.00th=[  3589], 80.00th=[  6915], 90.00th=[ 10028], 95.00th=[ 12256],
     | 99.00th=[ 27657], 99.50th=[ 49546], 99.90th=[145753], 99.95th=[291505],
     | 99.99th=[557843]
   bw (  KiB/s): min=  128, max=25088, per=25.18%, avg=10971.47, stdev=5505.82, samples=594
   iops        : min=    4, max=  784, avg=342.86, stdev=172.06, samples=594
  lat (usec)   : 20=0.01%, 100=0.04%, 250=0.19%, 500=4.89%, 750=12.56%
  lat (usec)   : 1000=0.69%
  lat (msec)   : 2=33.48%, 4=19.65%, 10=18.63%, 20=8.42%, 50=1.01%
  lat (msec)   : 100=0.27%, 250=0.12%, 500=0.04%, 750=0.01%, 1000=0.01%
  cpu          : usr=1.26%, sys=15.34%, ctx=89418, majf=0, minf=44
  IO depths    : 1=0.1%, 2=0.1%, 4=100.0%, 8=0.0%, 16=0.0%, 32=0.0%, >=64=0.0%
     submit    : 0=0.0%, 4=100.0%, 8=0.0%, 16=0.0%, 32=0.0%, 64=0.0%, >=64=0.0%
     complete  : 0=0.0%, 4=100.0%, 8=0.0%, 16=0.0%, 32=0.0%, 64=0.0%, >=64=0.0%
     issued rwts: total=102186,102011,0,0 short=0,0,0,0 dropped=0,0,0,0
     latency   : target=0, window=0, percentile=100.00%, depth=4
random-writers: (groupid=0, jobs=1): err= 0: pid=186800: Tue Jul 13 12:59:48 2021
  read: IOPS=323, BW=10.1MiB/s (10.6MB/s)(3029MiB/300002msec)
    slat (usec): min=15, max=570009, avg=2808.83, stdev=8418.70
    clat (usec): min=12, max=973420, avg=4649.47, stdev=14314.77
     lat (usec): min=104, max=973451, avg=7460.45, stdev=17637.64
    clat percentiles (usec):
     |  1.00th=[   437],  5.00th=[   570], 10.00th=[   635], 20.00th=[  1254],
     | 30.00th=[  1401], 40.00th=[  1631], 50.00th=[  2057], 60.00th=[  2507],
     | 70.00th=[  4015], 80.00th=[  7242], 90.00th=[ 10159], 95.00th=[ 12911],
     | 99.00th=[ 26346], 99.50th=[ 49021], 99.90th=[162530], 99.95th=[283116],
     | 99.99th=[574620]
   bw (  KiB/s): min=   64, max=22464, per=23.96%, avg=10433.94, stdev=5084.68, samples=594
   iops        : min=    2, max=  702, avg=326.06, stdev=158.90, samples=594
  write: IOPS=324, BW=10.1MiB/s (10.6MB/s)(3042MiB/300002msec); 0 zone resets
    slat (usec): min=121, max=2694, avg=203.12, stdev=40.48
    clat (usec): min=87, max=974253, avg=4626.95, stdev=13678.28
     lat (usec): min=248, max=974589, avg=4831.47, stdev=13680.48
    clat percentiles (usec):
     |  1.00th=[   400],  5.00th=[   537], 10.00th=[   578], 20.00th=[  1237],
     | 30.00th=[  1385], 40.00th=[  1582], 50.00th=[  2057], 60.00th=[  2474],
     | 70.00th=[  4080], 80.00th=[  7308], 90.00th=[ 10159], 95.00th=[ 12911],
     | 99.00th=[ 26870], 99.50th=[ 49546], 99.90th=[149947], 99.95th=[278922],
     | 99.99th=[574620]
   bw (  KiB/s): min=  128, max=24064, per=24.05%, avg=10478.65, stdev=5208.60, samples=594
   iops        : min=    4, max=  752, avg=327.46, stdev=162.77, samples=594
  lat (usec)   : 20=0.01%, 100=0.01%, 250=0.05%, 500=2.76%, 750=12.52%
  lat (usec)   : 1000=0.69%
  lat (msec)   : 2=32.29%, 4=21.53%, 10=19.43%, 20=9.10%, 50=1.13%
  lat (msec)   : 100=0.30%, 250=0.13%, 500=0.04%, 750=0.01%, 1000=0.01%
  cpu          : usr=1.22%, sys=14.75%, ctx=89278, majf=0, minf=44
  IO depths    : 1=0.1%, 2=0.1%, 4=100.0%, 8=0.0%, 16=0.0%, 32=0.0%, >=64=0.0%
     submit    : 0=0.0%, 4=100.0%, 8=0.0%, 16=0.0%, 32=0.0%, 64=0.0%, >=64=0.0%
     complete  : 0=0.0%, 4=100.0%, 8=0.0%, 16=0.0%, 32=0.0%, 64=0.0%, >=64=0.0%
     issued rwts: total=96937,97341,0,0 short=0,0,0,0 dropped=0,0,0,0
     latency   : target=0, window=0, percentile=100.00%, depth=4
random-writers: (groupid=0, jobs=1): err= 0: pid=186801: Tue Jul 13 12:59:48 2021
  read: IOPS=359, BW=11.2MiB/s (11.8MB/s)(3374MiB/300004msec)
    slat (usec): min=15, max=710340, avg=2475.56, stdev=7602.64
    clat (usec): min=13, max=1071.1k, avg=4219.41, stdev=13231.67
     lat (usec): min=94, max=1072.2k, avg=6697.31, stdev=16105.51
    clat percentiles (usec):
     |  1.00th=[   355],  5.00th=[   529], 10.00th=[   627], 20.00th=[  1139],
     | 30.00th=[  1369], 40.00th=[  1549], 50.00th=[  1926], 60.00th=[  2311],
     | 70.00th=[  3163], 80.00th=[  6521], 90.00th=[  9765], 95.00th=[ 11863],
     | 99.00th=[ 23725], 99.50th=[ 42206], 99.90th=[129500], 99.95th=[217056],
     | 99.99th=[717226]
   bw (  KiB/s): min=   64, max=25728, per=26.67%, avg=11613.52, stdev=5618.78, samples=594
   iops        : min=    2, max=  804, avg=362.92, stdev=175.59, samples=594
  write: IOPS=358, BW=11.2MiB/s (11.8MB/s)(3364MiB/300004msec); 0 zone resets
    slat (usec): min=120, max=2391, avg=216.12, stdev=49.92
    clat (usec): min=84, max=1071.2k, avg=4141.74, stdev=13386.82
     lat (usec): min=212, max=1071.4k, avg=4359.56, stdev=13389.49
    clat percentiles (usec):
     |  1.00th=[   302],  5.00th=[   474], 10.00th=[   562], 20.00th=[  1090],
     | 30.00th=[  1319], 40.00th=[  1500], 50.00th=[  1876], 60.00th=[  2278],
     | 70.00th=[  3064], 80.00th=[  6325], 90.00th=[  9634], 95.00th=[ 11863],
     | 99.00th=[ 23725], 99.50th=[ 42730], 99.90th=[122160], 99.95th=[196084],
     | 99.99th=[608175]
   bw (  KiB/s): min=   64, max=26112, per=26.70%, avg=11635.33, stdev=5699.05, samples=591
   iops        : min=    2, max=  816, avg=363.60, stdev=178.10, samples=591
  lat (usec)   : 20=0.01%, 100=0.07%, 250=0.27%, 500=4.59%, 750=11.50%
  lat (usec)   : 1000=2.55%
  lat (msec)   : 2=33.64%, 4=20.58%, 10=17.69%, 20=7.78%, 50=0.94%
  lat (msec)   : 100=0.26%, 250=0.10%, 500=0.03%, 750=0.01%, 1000=0.01%
  lat (msec)   : 2000=0.01%
  cpu          : usr=1.56%, sys=16.93%, ctx=93263, majf=0, minf=43
  IO depths    : 1=0.1%, 2=0.1%, 4=100.0%, 8=0.0%, 16=0.0%, 32=0.0%, >=64=0.0%
     submit    : 0=0.0%, 4=100.0%, 8=0.0%, 16=0.0%, 32=0.0%, 64=0.0%, >=64=0.0%
     complete  : 0=0.0%, 4=100.0%, 8=0.0%, 16=0.0%, 32=0.0%, 64=0.0%, >=64=0.0%
     issued rwts: total=107973,107642,0,0 short=0,0,0,0 dropped=0,0,0,0
     latency   : target=0, window=0, percentile=100.00%, depth=4
random-writers: (groupid=0, jobs=1): err= 0: pid=186802: Tue Jul 13 12:59:48 2021
  read: IOPS=337, BW=10.5MiB/s (11.1MB/s)(3162MiB/300002msec)
    slat (usec): min=15, max=561881, avg=2659.04, stdev=7203.92
    clat (usec): min=17, max=1023.0k, avg=4458.86, stdev=14063.23
     lat (usec): min=112, max=1023.0k, avg=7120.26, stdev=16579.95
    clat percentiles (usec):
     |  1.00th=[   416],  5.00th=[   562], 10.00th=[   644], 20.00th=[  1221],
     | 30.00th=[  1401], 40.00th=[  1647], 50.00th=[  2024], 60.00th=[  2474],
     | 70.00th=[  3687], 80.00th=[  7046], 90.00th=[ 10159], 95.00th=[ 12518],
     | 99.00th=[ 25297], 99.50th=[ 42730], 99.90th=[120062], 99.95th=[206570],
     | 99.99th=[893387]
   bw (  KiB/s): min=  128, max=26368, per=25.06%, avg=10912.05, stdev=5029.10, samples=593
   iops        : min=    4, max=  824, avg=341.00, stdev=157.16, samples=593
  write: IOPS=338, BW=10.6MiB/s (11.1MB/s)(3172MiB/300002msec); 0 zone resets
    slat (usec): min=120, max=17354, avg=214.35, stdev=90.59
    clat (usec): min=85, max=1023.1k, avg=4434.91, stdev=12285.99
     lat (usec): min=240, max=1023.4k, avg=4650.84, stdev=12288.50
    clat percentiles (usec):
     |  1.00th=[   379],  5.00th=[   523], 10.00th=[   578], 20.00th=[  1205],
     | 30.00th=[  1369], 40.00th=[  1598], 50.00th=[  2008], 60.00th=[  2442],
     | 70.00th=[  3720], 80.00th=[  7046], 90.00th=[ 10159], 95.00th=[ 12256],
     | 99.00th=[ 24773], 99.50th=[ 45876], 99.90th=[141558], 99.95th=[210764],
     | 99.99th=[413139]
   bw (  KiB/s): min=   64, max=26176, per=25.12%, avg=10945.51, stdev=5154.16, samples=593
   iops        : min=    2, max=  818, avg=342.05, stdev=161.07, samples=593
  lat (usec)   : 20=0.01%, 100=0.02%, 250=0.12%, 500=3.38%, 750=11.19%
  lat (usec)   : 1000=1.92%
  lat (msec)   : 2=32.89%, 4=21.35%, 10=18.74%, 20=8.92%, 50=1.05%
  lat (msec)   : 100=0.27%, 250=0.11%, 500=0.02%, 750=0.01%, 1000=0.01%
  lat (msec)   : 2000=0.01%
  cpu          : usr=1.45%, sys=16.19%, ctx=91408, majf=0, minf=44
  IO depths    : 1=0.1%, 2=0.1%, 4=100.0%, 8=0.0%, 16=0.0%, 32=0.0%, >=64=0.0%
     submit    : 0=0.0%, 4=100.0%, 8=0.0%, 16=0.0%, 32=0.0%, 64=0.0%, >=64=0.0%
     complete  : 0=0.0%, 4=100.0%, 8=0.0%, 16=0.0%, 32=0.0%, 64=0.0%, >=64=0.0%
     issued rwts: total=101173,101503,0,0 short=0,0,0,0 dropped=0,0,0,0
     latency   : target=0, window=0, percentile=100.00%, depth=4

Run status group 0 (all jobs):
   READ: bw=42.5MiB/s (44.6MB/s), 10.1MiB/s-11.2MiB/s (10.6MB/s-11.8MB/s), io=12.5GiB (13.4GB), run=300001-300004msec
  WRITE: bw=42.6MiB/s (44.6MB/s), 10.1MiB/s-11.2MiB/s (10.6MB/s-11.8MB/s), io=12.5GiB (13.4GB), run=300001-300004msec

random-writers: (groupid=0, jobs=1): err= 0: pid=161152: Tue Jul 13 13:00:02 2021
  read: IOPS=354, BW=11.1MiB/s (11.6MB/s)(3324MiB/300002msec)
    slat (usec): min=15, max=542771, avg=2529.34, stdev=7097.23
    clat (usec): min=12, max=1001.4k, avg=4245.80, stdev=13483.72
     lat (usec): min=100, max=1002.5k, avg=6777.35, stdev=16009.04
    clat percentiles (usec):
     |  1.00th=[   338],  5.00th=[   506], 10.00th=[   603], 20.00th=[  1074],
     | 30.00th=[  1319], 40.00th=[  1500], 50.00th=[  1876], 60.00th=[  2278],
     | 70.00th=[  3359], 80.00th=[  6718], 90.00th=[  9896], 95.00th=[ 12125],
     | 99.00th=[ 24249], 99.50th=[ 43254], 99.90th=[111674], 99.95th=[204473],
     | 99.99th=[834667]
   bw (  KiB/s): min=  128, max=28608, per=16.39%, avg=11430.68, stdev=5823.25, samples=594
   iops        : min=    4, max=  894, avg=357.21, stdev=181.98, samples=594
  write: IOPS=353, BW=11.1MiB/s (11.6MB/s)(3317MiB/300002msec); 0 zone resets
    slat (usec): min=105, max=42109, avg=205.10, stdev=135.37
    clat (usec): min=85, max=1001.4k, avg=4235.81, stdev=12123.37
     lat (usec): min=217, max=1001.5k, avg=4442.33, stdev=12126.27
    clat percentiles (usec):
     |  1.00th=[   297],  5.00th=[   453], 10.00th=[   553], 20.00th=[  1057],
     | 30.00th=[  1303], 40.00th=[  1467], 50.00th=[  1876], 60.00th=[  2245],
     | 70.00th=[  3359], 80.00th=[  6849], 90.00th=[  9896], 95.00th=[ 12256],
     | 99.00th=[ 25560], 99.50th=[ 46400], 99.90th=[104334], 99.95th=[164627],
     | 99.99th=[484443]
   bw (  KiB/s): min=  192, max=28736, per=16.34%, avg=11409.45, stdev=5893.96, samples=594
   iops        : min=    6, max=  898, avg=356.55, stdev=184.19, samples=594
  lat (usec)   : 20=0.01%, 100=0.07%, 250=0.23%, 500=5.40%, 750=12.58%
  lat (usec)   : 1000=1.19%
  lat (msec)   : 2=33.49%, 4=18.96%, 10=18.39%, 20=8.25%, 50=1.02%
  lat (msec)   : 100=0.31%, 250=0.07%, 500=0.03%, 750=0.01%, 1000=0.01%
  lat (msec)   : 2000=0.01%
  cpu          : usr=1.39%, sys=16.12%, ctx=91112, majf=0, minf=44
  IO depths    : 1=0.1%, 2=0.1%, 4=100.0%, 8=0.0%, 16=0.0%, 32=0.0%, >=64=0.0%
     submit    : 0=0.0%, 4=100.0%, 8=0.0%, 16=0.0%, 32=0.0%, 64=0.0%, >=64=0.0%
     complete  : 0=0.0%, 4=100.0%, 8=0.0%, 16=0.0%, 32=0.0%, 64=0.0%, >=64=0.0%
     issued rwts: total=106368,106146,0,0 short=0,0,0,0 dropped=0,0,0,0
     latency   : target=0, window=0, percentile=100.00%, depth=4
random-writers: (groupid=0, jobs=1): err= 0: pid=161153: Tue Jul 13 13:00:02 2021
  read: IOPS=739, BW=23.1MiB/s (24.2MB/s)(6937MiB/300001msec)
    slat (usec): min=14, max=270895, avg=1065.87, stdev=3377.06
    clat (usec): min=12, max=961964, avg=2039.95, stdev=8882.11
     lat (usec): min=91, max=961984, avg=3107.91, stdev=9736.95
    clat percentiles (usec):
     |  1.00th=[   235],  5.00th=[   379], 10.00th=[   469], 20.00th=[   619],
     | 30.00th=[  1123], 40.00th=[  1287], 50.00th=[  1401], 60.00th=[  1582],
     | 70.00th=[  1942], 80.00th=[  2245], 90.00th=[  2802], 95.00th=[  5080],
     | 99.00th=[ 11076], 99.50th=[ 15533], 99.90th=[ 59507], 99.95th=[100140],
     | 99.99th=[274727]
   bw (  KiB/s): min=  192, max=44416, per=34.48%, avg=24045.88, stdev=9538.53, samples=590
   iops        : min=    6, max= 1388, avg=751.43, stdev=298.08, samples=590
  write: IOPS=742, BW=23.2MiB/s (24.3MB/s)(6964MiB/300001msec); 0 zone resets
    slat (usec): min=100, max=161237, avg=203.08, stdev=794.83
    clat (usec): min=81, max=963510, avg=2018.17, stdev=9329.39
     lat (usec): min=208, max=963642, avg=2222.63, stdev=9375.51
    clat percentiles (usec):
     |  1.00th=[   215],  5.00th=[   338], 10.00th=[   420], 20.00th=[   562],
     | 30.00th=[  1106], 40.00th=[  1254], 50.00th=[  1369], 60.00th=[  1532],
     | 70.00th=[  1942], 80.00th=[  2212], 90.00th=[  2802], 95.00th=[  5080],
     | 99.00th=[ 11076], 99.50th=[ 15926], 99.90th=[ 58459], 99.95th=[104334],
     | 99.99th=[270533]
   bw (  KiB/s): min=  192, max=46592, per=34.56%, avg=24137.22, stdev=9634.20, samples=590
   iops        : min=    6, max= 1456, avg=754.29, stdev=301.07, samples=590
  lat (usec)   : 20=0.01%, 100=0.44%, 250=1.30%, 500=11.71%, 750=12.88%
  lat (usec)   : 1000=1.16%
  lat (msec)   : 2=44.79%, 4=21.86%, 10=4.21%, 20=1.32%, 50=0.21%
  lat (msec)   : 100=0.07%, 250=0.04%, 500=0.01%, 750=0.01%, 1000=0.01%
  cpu          : usr=2.82%, sys=31.23%, ctx=164264, majf=0, minf=44
  IO depths    : 1=0.1%, 2=0.1%, 4=100.0%, 8=0.0%, 16=0.0%, 32=0.0%, >=64=0.0%
     submit    : 0=0.0%, 4=100.0%, 8=0.0%, 16=0.0%, 32=0.0%, 64=0.0%, >=64=0.0%
     complete  : 0=0.0%, 4=100.0%, 8=0.0%, 16=0.0%, 32=0.0%, 64=0.0%, >=64=0.0%
     issued rwts: total=221968,222835,0,0 short=0,0,0,0 dropped=0,0,0,0
     latency   : target=0, window=0, percentile=100.00%, depth=4
random-writers: (groupid=0, jobs=1): err= 0: pid=161154: Tue Jul 13 13:00:02 2021
  read: IOPS=726, BW=22.7MiB/s (23.8MB/s)(6807MiB/300008msec)
    slat (usec): min=15, max=299031, avg=1094.29, stdev=3495.82
    clat (usec): min=13, max=977163, avg=2085.00, stdev=9324.91
     lat (usec): min=94, max=977944, avg=3181.21, stdev=10231.01
    clat percentiles (usec):
     |  1.00th=[   249],  5.00th=[   400], 10.00th=[   494], 20.00th=[   652],
     | 30.00th=[  1156], 40.00th=[  1287], 50.00th=[  1401], 60.00th=[  1631],
     | 70.00th=[  1958], 80.00th=[  2245], 90.00th=[  2802], 95.00th=[  5276],
     | 99.00th=[ 11207], 99.50th=[ 15664], 99.90th=[ 63701], 99.95th=[104334],
     | 99.99th=[304088]
   bw (  KiB/s): min=  256, max=45440, per=33.82%, avg=23589.32, stdev=9231.09, samples=590
   iops        : min=    8, max= 1420, avg=737.17, stdev=288.47, samples=590
  write: IOPS=725, BW=22.7MiB/s (23.8MB/s)(6801MiB/300008msec); 0 zone resets
    slat (usec): min=97, max=204584, avg=200.15, stdev=724.35
    clat (usec): min=82, max=977293, avg=2059.58, stdev=9560.96
     lat (usec): min=209, max=977468, avg=2261.12, stdev=9597.63
    clat percentiles (usec):
     |  1.00th=[   225],  5.00th=[   371], 10.00th=[   453], 20.00th=[   594],
     | 30.00th=[  1156], 40.00th=[  1270], 50.00th=[  1385], 60.00th=[  1565],
     | 70.00th=[  1958], 80.00th=[  2212], 90.00th=[  2802], 95.00th=[  5342],
     | 99.00th=[ 11207], 99.50th=[ 15401], 99.90th=[ 59507], 99.95th=[110625],
     | 99.99th=[295699]
   bw (  KiB/s): min=  320, max=46784, per=33.76%, avg=23575.65, stdev=9308.83, samples=590
   iops        : min=   10, max= 1462, avg=736.74, stdev=290.90, samples=590
  lat (usec)   : 20=0.01%, 100=0.34%, 250=0.96%, 500=10.02%, 750=12.61%
  lat (usec)   : 1000=1.26%
  lat (msec)   : 2=46.53%, 4=22.27%, 10=4.35%, 20=1.33%, 50=0.19%
  lat (msec)   : 100=0.07%, 250=0.04%, 500=0.01%, 750=0.01%, 1000=0.01%
  cpu          : usr=2.75%, sys=30.47%, ctx=168745, majf=0, minf=44
  IO depths    : 1=0.1%, 2=0.1%, 4=100.0%, 8=0.0%, 16=0.0%, 32=0.0%, >=64=0.0%
     submit    : 0=0.0%, 4=100.0%, 8=0.0%, 16=0.0%, 32=0.0%, 64=0.0%, >=64=0.0%
     complete  : 0=0.0%, 4=100.0%, 8=0.0%, 16=0.0%, 32=0.0%, 64=0.0%, >=64=0.0%
     issued rwts: total=217836,217645,0,0 short=0,0,0,0 dropped=0,0,0,0
     latency   : target=0, window=0, percentile=100.00%, depth=4
random-writers: (groupid=0, jobs=1): err= 0: pid=161155: Tue Jul 13 13:00:02 2021
  read: IOPS=358, BW=11.2MiB/s (11.8MB/s)(3364MiB/300001msec)
    slat (usec): min=15, max=511871, avg=2497.26, stdev=6634.66
    clat (usec): min=81, max=1005.7k, avg=4199.01, stdev=13044.52
     lat (usec): min=100, max=1005.8k, avg=6698.48, stdev=15505.84
    clat percentiles (usec):
     |  1.00th=[   343],  5.00th=[   498], 10.00th=[   586], 20.00th=[  1057],
     | 30.00th=[  1319], 40.00th=[  1483], 50.00th=[  1876], 60.00th=[  2278],
     | 70.00th=[  3228], 80.00th=[  6521], 90.00th=[  9765], 95.00th=[ 11994],
     | 99.00th=[ 24773], 99.50th=[ 44303], 99.90th=[120062], 99.95th=[191890],
     | 99.99th=[868221]
   bw (  KiB/s): min=  256, max=29568, per=16.62%, avg=11590.48, stdev=5606.97, samples=593
   iops        : min=    8, max=  924, avg=362.20, stdev=175.22, samples=593
  write: IOPS=360, BW=11.3MiB/s (11.8MB/s)(3379MiB/300001msec); 0 zone resets
    slat (usec): min=121, max=44624, avg=203.61, stdev=161.71
    clat (usec): min=11, max=1005.9k, avg=4154.30, stdev=11654.59
     lat (usec): min=157, max=1006.1k, avg=4359.28, stdev=11657.53
    clat percentiles (usec):
     |  1.00th=[   285],  5.00th=[   441], 10.00th=[   553], 20.00th=[  1057],
     | 30.00th=[  1303], 40.00th=[  1450], 50.00th=[  1876], 60.00th=[  2245],
     | 70.00th=[  3261], 80.00th=[  6652], 90.00th=[  9765], 95.00th=[ 11994],
     | 99.00th=[ 24249], 99.50th=[ 42206], 99.90th=[127402], 99.95th=[189793],
     | 99.99th=[404751]
   bw (  KiB/s): min=  128, max=31936, per=16.67%, avg=11642.17, stdev=5784.25, samples=593
   iops        : min=    4, max=  998, avg=363.81, stdev=180.76, samples=593
  lat (usec)   : 20=0.01%, 100=0.06%, 250=0.27%, 500=5.66%, 750=12.72%
  lat (usec)   : 1000=0.93%
  lat (msec)   : 2=33.56%, 4=19.32%, 10=18.24%, 20=7.85%, 50=0.99%
  lat (msec)   : 100=0.28%, 250=0.10%, 500=0.02%, 750=0.01%, 1000=0.01%
  lat (msec)   : 2000=0.01%
  cpu          : usr=1.44%, sys=16.22%, ctx=91885, majf=0, minf=43
  IO depths    : 1=0.1%, 2=0.1%, 4=100.0%, 8=0.0%, 16=0.0%, 32=0.0%, >=64=0.0%
     submit    : 0=0.0%, 4=100.0%, 8=0.0%, 16=0.0%, 32=0.0%, 64=0.0%, >=64=0.0%
     complete  : 0=0.0%, 4=100.0%, 8=0.0%, 16=0.0%, 32=0.0%, 64=0.0%, >=64=0.0%
     issued rwts: total=107651,108141,0,0 short=0,0,0,0 dropped=0,0,0,0
     latency   : target=0, window=0, percentile=100.00%, depth=4

Run status group 0 (all jobs):
   READ: bw=68.1MiB/s (71.4MB/s), 11.1MiB/s-23.1MiB/s (11.6MB/s-24.2MB/s), io=20.0GiB (21.4GB), run=300001-300008msec
  WRITE: bw=68.2MiB/s (71.5MB/s), 11.1MiB/s-23.2MiB/s (11.6MB/s-24.3MB/s), io=20.0GiB (21.5GB), run=300001-300008msec

random-writers: (groupid=0, jobs=1): err= 0: pid=157394: Tue Jul 13 13:00:02 2021
  read: IOPS=323, BW=10.1MiB/s (10.6MB/s)(3034MiB/300004msec)
    slat (usec): min=15, max=530396, avg=2784.99, stdev=7675.33
    clat (usec): min=15, max=1036.7k, avg=4623.69, stdev=13557.54
     lat (usec): min=103, max=1042.2k, avg=7411.66, stdev=16620.21
    clat percentiles (usec):
     |  1.00th=[   412],  5.00th=[   570], 10.00th=[   668], 20.00th=[  1254],
     | 30.00th=[  1483], 40.00th=[  1680], 50.00th=[  2147], 60.00th=[  2606],
     | 70.00th=[  4146], 80.00th=[  7308], 90.00th=[ 10290], 95.00th=[ 12911],
     | 99.00th=[ 26608], 99.50th=[ 46924], 99.90th=[137364], 99.95th=[221250],
     | 99.99th=[717226]
   bw (  KiB/s): min=  128, max=23936, per=15.68%, avg=10443.98, stdev=5111.78, samples=594
   iops        : min=    4, max=  748, avg=326.37, stdev=159.74, samples=594
  write: IOPS=322, BW=10.1MiB/s (10.6MB/s)(3028MiB/300004msec); 0 zone resets
    slat (usec): min=119, max=132383, avg=216.82, stdev=427.49
    clat (usec): min=85, max=1041.0k, avg=4669.00, stdev=13414.43
     lat (usec): min=218, max=1041.1k, avg=4887.19, stdev=13427.48
    clat percentiles (usec):
     |  1.00th=[   367],  5.00th=[   510], 10.00th=[   578], 20.00th=[  1221],
     | 30.00th=[  1418], 40.00th=[  1598], 50.00th=[  2114], 60.00th=[  2573],
     | 70.00th=[  4228], 80.00th=[  7308], 90.00th=[ 10290], 95.00th=[ 13042],
     | 99.00th=[ 28443], 99.50th=[ 50594], 99.90th=[141558], 99.95th=[250610],
     | 99.99th=[526386]
   bw (  KiB/s): min=   64, max=24000, per=15.63%, avg=10421.89, stdev=5138.85, samples=594
   iops        : min=    2, max=  750, avg=325.68, stdev=160.59, samples=594
  lat (usec)   : 20=0.01%, 100=0.03%, 250=0.12%, 500=3.51%, 750=12.54%
  lat (usec)   : 1000=1.09%
  lat (msec)   : 2=30.31%, 4=21.83%, 10=19.61%, 20=9.27%, 50=1.21%
  lat (msec)   : 100=0.31%, 250=0.12%, 500=0.03%, 750=0.01%, 1000=0.01%
  lat (msec)   : 2000=0.01%
  cpu          : usr=1.47%, sys=16.24%, ctx=87007, majf=0, minf=44
  IO depths    : 1=0.1%, 2=0.1%, 4=100.0%, 8=0.0%, 16=0.0%, 32=0.0%, >=64=0.0%
     submit    : 0=0.0%, 4=100.0%, 8=0.0%, 16=0.0%, 32=0.0%, 64=0.0%, >=64=0.0%
     complete  : 0=0.0%, 4=100.0%, 8=0.0%, 16=0.0%, 32=0.0%, 64=0.0%, >=64=0.0%
     issued rwts: total=97099,96880,0,0 short=0,0,0,0 dropped=0,0,0,0
     latency   : target=0, window=0, percentile=100.00%, depth=4
random-writers: (groupid=0, jobs=1): err= 0: pid=157395: Tue Jul 13 13:00:02 2021
  read: IOPS=742, BW=23.2MiB/s (24.3MB/s)(6962MiB/300001msec)
    slat (usec): min=15, max=334847, avg=1064.10, stdev=3424.39
    clat (usec): min=76, max=966099, avg=2030.02, stdev=9069.24
     lat (usec): min=94, max=966132, avg=3096.01, stdev=9925.59
    clat percentiles (usec):
     |  1.00th=[   237],  5.00th=[   379], 10.00th=[   465], 20.00th=[   611],
     | 30.00th=[  1106], 40.00th=[  1270], 50.00th=[  1385], 60.00th=[  1549],
     | 70.00th=[  1926], 80.00th=[  2212], 90.00th=[  2769], 95.00th=[  5407],
     | 99.00th=[ 11076], 99.50th=[ 14615], 99.90th=[ 57934], 99.95th=[105382],
     | 99.99th=[304088]
   bw (  KiB/s): min=  256, max=43392, per=36.25%, avg=24139.16, stdev=9433.58, samples=590
   iops        : min=    8, max= 1356, avg=754.35, stdev=294.80, samples=590
  write: IOPS=745, BW=23.3MiB/s (24.4MB/s)(6989MiB/300001msec); 0 zone resets
    slat (usec): min=102, max=181461, avg=199.98, stdev=748.35
    clat (usec): min=12, max=967266, avg=2013.17, stdev=9500.48
     lat (usec): min=201, max=967409, avg=2214.52, stdev=9535.11
    clat percentiles (usec):
     |  1.00th=[   215],  5.00th=[   351], 10.00th=[   420], 20.00th=[   570],
     | 30.00th=[  1090], 40.00th=[  1254], 50.00th=[  1352], 60.00th=[  1516],
     | 70.00th=[  1926], 80.00th=[  2180], 90.00th=[  2769], 95.00th=[  5473],
     | 99.00th=[ 11076], 99.50th=[ 14746], 99.90th=[ 58459], 99.95th=[100140],
     | 99.99th=[333448]
   bw (  KiB/s): min=   64, max=44480, per=36.34%, avg=24232.98, stdev=9534.77, samples=590
   iops        : min=    2, max= 1390, avg=757.28, stdev=297.96, samples=590
  lat (usec)   : 20=0.01%, 100=0.42%, 250=1.30%, 500=11.61%, 750=12.53%
  lat (usec)   : 1000=1.45%
  lat (msec)   : 2=45.65%, 4=21.00%, 10=4.41%, 20=1.36%, 50=0.17%
  lat (msec)   : 100=0.07%, 250=0.04%, 500=0.01%, 750=0.01%, 1000=0.01%
  cpu          : usr=2.82%, sys=30.69%, ctx=166025, majf=0, minf=45
  IO depths    : 1=0.1%, 2=0.1%, 4=100.0%, 8=0.0%, 16=0.0%, 32=0.0%, >=64=0.0%
     submit    : 0=0.0%, 4=100.0%, 8=0.0%, 16=0.0%, 32=0.0%, 64=0.0%, >=64=0.0%
     complete  : 0=0.0%, 4=100.0%, 8=0.0%, 16=0.0%, 32=0.0%, 64=0.0%, >=64=0.0%
     issued rwts: total=222776,223644,0,0 short=0,0,0,0 dropped=0,0,0,0
     latency   : target=0, window=0, percentile=100.00%, depth=4
random-writers: (groupid=0, jobs=1): err= 0: pid=157396: Tue Jul 13 13:00:02 2021
  read: IOPS=689, BW=21.6MiB/s (22.6MB/s)(6467MiB/300001msec)
    slat (usec): min=15, max=315099, avg=1163.42, stdev=4232.66
    clat (usec): min=12, max=982967, avg=2184.63, stdev=10157.97
     lat (usec): min=96, max=983918, avg=3350.05, stdev=11290.41
    clat percentiles (usec):
     |  1.00th=[   273],  5.00th=[   445], 10.00th=[   553], 20.00th=[   725],
     | 30.00th=[  1221], 40.00th=[  1336], 50.00th=[  1467], 60.00th=[  1762],
     | 70.00th=[  2040], 80.00th=[  2278], 90.00th=[  2868], 95.00th=[  5473],
     | 99.00th=[ 11076], 99.50th=[ 15008], 99.90th=[ 67634], 99.95th=[125305],
     | 99.99th=[308282]
   bw (  KiB/s): min=  512, max=45056, per=33.73%, avg=22460.93, stdev=8580.58, samples=589
   iops        : min=   16, max= 1408, avg=701.90, stdev=268.14, samples=589
  write: IOPS=690, BW=21.6MiB/s (22.6MB/s)(6471MiB/300001msec); 0 zone resets
    slat (usec): min=97, max=94443, avg=200.48, stdev=299.08
    clat (usec): min=83, max=983007, avg=2174.61, stdev=10147.57
     lat (usec): min=210, max=983226, avg=2376.53, stdev=10154.38
    clat percentiles (usec):
     |  1.00th=[   251],  5.00th=[   408], 10.00th=[   515], 20.00th=[   652],
     | 30.00th=[  1205], 40.00th=[  1319], 50.00th=[  1434], 60.00th=[  1713],
     | 70.00th=[  2024], 80.00th=[  2278], 90.00th=[  2868], 95.00th=[  5604],
     | 99.00th=[ 11076], 99.50th=[ 15270], 99.90th=[ 73925], 99.95th=[139461],
     | 99.99th=[308282]
   bw (  KiB/s): min=  384, max=46784, per=33.70%, avg=22473.42, stdev=8716.82, samples=589
   iops        : min=   12, max= 1462, avg=702.29, stdev=272.40, samples=589
  lat (usec)   : 20=0.01%, 100=0.20%, 250=0.62%, 500=7.55%, 750=12.66%
  lat (usec)   : 1000=1.23%
  lat (msec)   : 2=46.47%, 4=25.13%, 10=4.44%, 20=1.40%, 50=0.17%
  lat (msec)   : 100=0.07%, 250=0.05%, 500=0.01%, 750=0.01%, 1000=0.01%
  cpu          : usr=2.64%, sys=29.98%, ctx=169629, majf=0, minf=43
  IO depths    : 1=0.1%, 2=0.1%, 4=100.0%, 8=0.0%, 16=0.0%, 32=0.0%, >=64=0.0%
     submit    : 0=0.0%, 4=100.0%, 8=0.0%, 16=0.0%, 32=0.0%, 64=0.0%, >=64=0.0%
     complete  : 0=0.0%, 4=100.0%, 8=0.0%, 16=0.0%, 32=0.0%, 64=0.0%, >=64=0.0%
     issued rwts: total=206941,207059,0,0 short=0,0,0,0 dropped=0,0,0,0
     latency   : target=0, window=0, percentile=100.00%, depth=4
random-writers: (groupid=0, jobs=1): err= 0: pid=157397: Tue Jul 13 13:00:02 2021
  read: IOPS=324, BW=10.2MiB/s (10.6MB/s)(3046MiB/300006msec)
    slat (usec): min=15, max=493617, avg=2784.88, stdev=7778.28
    clat (usec): min=14, max=1007.0k, avg=4679.04, stdev=14658.33
     lat (usec): min=102, max=1007.9k, avg=7466.16, stdev=17737.61
    clat percentiles (usec):
     |  1.00th=[   400],  5.00th=[   570], 10.00th=[   644], 20.00th=[  1221],
     | 30.00th=[  1401], 40.00th=[  1582], 50.00th=[  2040], 60.00th=[  2442],
     | 70.00th=[  4178], 80.00th=[  7308], 90.00th=[ 10290], 95.00th=[ 13042],
     | 99.00th=[ 29492], 99.50th=[ 51643], 99.90th=[166724], 99.95th=[263193],
     | 99.99th=[876610]
   bw (  KiB/s): min=   64, max=27648, per=15.73%, avg=10471.75, stdev=5311.10, samples=594
   iops        : min=    2, max=  864, avg=327.24, stdev=165.97, samples=594
  write: IOPS=325, BW=10.2MiB/s (10.7MB/s)(3048MiB/300006msec); 0 zone resets
    slat (usec): min=120, max=13690, avg=208.36, stdev=63.13
    clat (usec): min=87, max=996984, avg=4563.57, stdev=12508.94
     lat (usec): min=214, max=997154, avg=4773.40, stdev=12513.07
    clat percentiles (usec):
     |  1.00th=[   367],  5.00th=[   523], 10.00th=[   586], 20.00th=[  1205],
     | 30.00th=[  1352], 40.00th=[  1532], 50.00th=[  2024], 60.00th=[  2409],
     | 70.00th=[  4146], 80.00th=[  7308], 90.00th=[ 10159], 95.00th=[ 12911],
     | 99.00th=[ 28443], 99.50th=[ 51119], 99.90th=[127402], 99.95th=[219153],
     | 99.99th=[463471]
   bw (  KiB/s): min=   64, max=31232, per=15.75%, avg=10505.17, stdev=5401.09, samples=593
   iops        : min=    2, max=  976, avg=328.28, stdev=168.78, samples=593
  lat (usec)   : 20=0.01%, 100=0.04%, 250=0.15%, 500=3.44%, 750=12.06%
  lat (usec)   : 1000=1.20%
  lat (msec)   : 2=32.21%, 4=20.37%, 10=19.68%, 20=9.22%, 50=1.12%
  lat (msec)   : 100=0.36%, 250=0.12%, 500=0.04%, 750=0.01%, 1000=0.01%
  lat (msec)   : 2000=0.01%
  cpu          : usr=1.26%, sys=15.13%, ctx=88544, majf=0, minf=44
  IO depths    : 1=0.1%, 2=0.1%, 4=100.0%, 8=0.0%, 16=0.0%, 32=0.0%, >=64=0.0%
     submit    : 0=0.0%, 4=100.0%, 8=0.0%, 16=0.0%, 32=0.0%, 64=0.0%, >=64=0.0%
     complete  : 0=0.0%, 4=100.0%, 8=0.0%, 16=0.0%, 32=0.0%, 64=0.0%, >=64=0.0%
     issued rwts: total=97461,97547,0,0 short=0,0,0,0 dropped=0,0,0,0
     latency   : target=0, window=0, percentile=100.00%, depth=4

Run status group 0 (all jobs):
   READ: bw=65.0MiB/s (68.2MB/s), 10.1MiB/s-23.2MiB/s (10.6MB/s-24.3MB/s), io=19.1GiB (20.5GB), run=300001-300006msec
  WRITE: bw=65.1MiB/s (68.3MB/s), 10.1MiB/s-23.3MiB/s (10.6MB/s-24.4MB/s), io=19.1GiB (20.5GB), run=300001-300006msec


Batch Job Summary Report (version 21.01.1) for Job "fioRandrw" (1470616) on tave

Job information (1/2)
-----------------------------------------------------------------------------------------------------
             Submit            Eligible               Start                 End    Elapsed Time limit
------------------- ------------------- ------------------- ------------------- ---------- ----------
2021-07-13T12:54:45 2021-07-13T12:54:45 2021-07-13T12:54:45 2021-07-13T13:00:05   00:05:20   00:15:00
-----------------------------------------------------------------------------------------------------

Job information (2/2)
-------------------------------------------------------------
    Username      Account    Partition   NNodes        Energy
------------ ------------ ------------ -------- -------------
    afilipci         g138       normal        4    167.564 kJ

